RUN	com.gatling.simulations.Capacidades	capacidades	1626387114890	 	3.5.1
USER	Admins	START	1626387117265
USER	Admins	START	1626387117333
USER	Admins	START	1626387117406
USER	Admins	START	1626387117477
USER	Admins	START	1626387117549
USER	Admins	START	1626387117621
USER	Admins	START	1626387117692
USER	Admins	START	1626387117765
USER	Admins	START	1626387117836
USER	Admins	START	1626387117908
USER	Admins	START	1626387117980
USER	Admins	START	1626387118049
USER	Admins	START	1626387118123
USER	Admins	START	1626387118194
USER	Admins	START	1626387118265
USER	Admins	START	1626387118335
USER	Admins	START	1626387118411
USER	Admins	START	1626387118489
USER	Admins	START	1626387118567
USER	Admins	START	1626387118643
USER	Admins	START	1626387118718
USER	Admins	START	1626387118798
USER	Admins	START	1626387118874
USER	Admins	START	1626387118953
USER	Admins	START	1626387119029
USER	Admins	START	1626387119105
USER	Admins	START	1626387119184
USER	Admins	START	1626387119260
USER	Admins	START	1626387119336
USER	Admins	START	1626387119412
USER	Admins	START	1626387119489
USER	Admins	START	1626387119566
USER	Admins	START	1626387119644
USER	Admins	START	1626387119721
USER	Admins	START	1626387119795
USER	Admins	START	1626387119875
USER	Admins	START	1626387119952
USER	Admins	START	1626387120028
USER	Admins	START	1626387120105
USER	Admins	START	1626387120183
USER	Admins	START	1626387120261
USER	Admins	START	1626387120330
USER	Admins	START	1626387120402
USER	Admins	START	1626387120472
USER	Admins	START	1626387120543
USER	Admins	START	1626387120617
USER	Admins	START	1626387120686
USER	Admins	START	1626387120759
USER	Admins	START	1626387120830
USER	Admins	START	1626387120901
USER	Admins	START	1626387120975
USER	Admins	START	1626387121044
USER	Admins	START	1626387121118
USER	Admins	START	1626387121188
USER	Admins	START	1626387121260
USER	Admins	START	1626387121334
USER	Admins	START	1626387121412
USER	Admins	START	1626387121490
USER	Admins	START	1626387121566
USER	Admins	START	1626387121643
USER	Admins	START	1626387121717
USER	Admins	START	1626387121794
USER	Admins	START	1626387121875
USER	Admins	START	1626387121950
USER	Admins	START	1626387122028
USER	Admins	START	1626387122103
USER	Admins	START	1626387122183
USER	Admins	START	1626387122261
USER	Admins	START	1626387122334
USER	Admins	START	1626387122412
USER	Admins	START	1626387122488
USER	Admins	START	1626387122567
USER	Admins	START	1626387122643
USER	Admins	START	1626387122718
USER	Admins	START	1626387122796
USER	Admins	START	1626387122875
USER	Admins	START	1626387122952
USER	Admins	START	1626387123027
USER	Admins	START	1626387123105
USER	Admins	START	1626387123182
USER	Admins	START	1626387123260
USER	Admins	START	1626387123329
USER	Admins	START	1626387123402
USER	Admins	START	1626387123474
USER	Admins	START	1626387123543
USER	Admins	START	1626387123615
USER	Admins	START	1626387123688
USER	Admins	START	1626387123758
USER	Admins	START	1626387123831
USER	Admins	START	1626387123901
USER	Admins	START	1626387123969
USER	Admins	START	1626387124045
USER	Admins	START	1626387124117
USER	Admins	START	1626387124188
USER	Admins	START	1626387124261
USER	Admins	START	1626387124332
USER	Admins	START	1626387124408
USER	Admins	START	1626387124487
USER	Admins	START	1626387124566
USER	Admins	START	1626387124644
USER	Admins	START	1626387124721
USER	Admins	START	1626387124798
USER	Admins	START	1626387124873
USER	Admins	START	1626387124951
USER	Admins	START	1626387125025
USER	Admins	START	1626387125105
USER	Admins	START	1626387125183
USER	Admins	START	1626387125259
USER	Admins	START	1626387125334
USER	Admins	START	1626387125410
USER	Admins	START	1626387125490
USER	Admins	START	1626387125566
USER	Admins	START	1626387125640
USER	Admins	START	1626387125719
USER	Admins	START	1626387125794
USER	Admins	START	1626387125875
USER	Admins	START	1626387125950
USER	Admins	START	1626387126029
USER	Admins	START	1626387126104
USER	Admins	START	1626387126184
USER	Admins	START	1626387126261
USER	Admins	START	1626387126330
USER	Admins	START	1626387126401
USER	Admins	START	1626387126473
USER	Admins	START	1626387126543
USER	Admins	START	1626387126614
USER	Admins	START	1626387126686
USER	Admins	START	1626387126759
USER	Admins	START	1626387126829
USER	Admins	START	1626387126900
USER	Admins	START	1626387126973
USER	Admins	START	1626387127042
USER	Admins	START	1626387127112
USER	Admins	START	1626387127188
USER	Admins	START	1626387127260
USER	Admins	START	1626387127335
USER	Admins	START	1626387127412
USER	Admins	START	1626387127489
USER	Admins	START	1626387127567
USER	Admins	START	1626387127642
USER	Admins	START	1626387127720
USER	Admins	START	1626387127797
USER	Admins	START	1626387127875
USER	Admins	START	1626387127953
USER	Admins	START	1626387128029
USER	Admins	START	1626387128107
USER	Admins	START	1626387128183
USER	Admins	START	1626387128261
USER	Admins	START	1626387128333
USER	Admins	START	1626387128412
USER	Admins	START	1626387128488
USER	Admins	START	1626387128562
USER	Admins	START	1626387128639
USER	Admins	START	1626387128720
USER	Admins	START	1626387128798
USER	Admins	START	1626387128872
USER	Admins	START	1626387128951
USER	Admins	START	1626387129026
USER	Admins	START	1626387129105
USER	Admins	START	1626387129182
USER	Admins	START	1626387129260
USER	Admins	START	1626387129329
USER	Admins	START	1626387129401
USER	Admins	START	1626387129472
USER	Admins	START	1626387129543
USER	Admins	START	1626387129615
USER	Admins	START	1626387129688
USER	Admins	START	1626387129759
USER	Admins	START	1626387129831
USER	Admins	START	1626387129901
USER	Admins	START	1626387129974
USER	Admins	START	1626387130045
USER	Admins	START	1626387130117
USER	Admins	START	1626387130188
USER	Admins	START	1626387130260
USER	Admins	START	1626387130331
USER	Admins	START	1626387130412
USER	Admins	START	1626387130489
USER	Admins	START	1626387130561
USER	Admins	START	1626387130643
USER	Admins	START	1626387130719
USER	Admins	START	1626387130797
USER	Admins	START	1626387130874
USER	Admins	START	1626387130951
USER	Admins	START	1626387131027
USER	Admins	START	1626387131105
USER	Admins	START	1626387131181
USER	Admins	START	1626387131260
USER	Admins	START	1626387131335
USER	Admins	START	1626387131411
USER	Admins	START	1626387131489
USER	Admins	START	1626387131564
USER	Admins	START	1626387131644
USER	Admins	START	1626387131721
USER	Admins	START	1626387131798
USER	Admins	START	1626387131874
USER	Admins	START	1626387131947
USER	Admins	START	1626387132028
USER	Admins	START	1626387132106
USER	Admins	START	1626387132183
USER	Admins	START	1626387132259
USER	Admins	START	1626387132330
USER	Admins	START	1626387132401
USER	Admins	START	1626387132470
USER	Admins	START	1626387132544
USER	Admins	START	1626387132616
USER	Admins	START	1626387132685
USER	Admins	START	1626387132759
USER	Admins	START	1626387132831
USER	Admins	START	1626387132902
USER	Admins	START	1626387132974
USER	Admins	START	1626387133051
USER	Admins	START	1626387133117
USER	Admins	START	1626387133189
USER	Admins	START	1626387133260
USER	Admins	START	1626387133334
USER	Admins	START	1626387133410
USER	Admins	START	1626387133485
USER	Admins	START	1626387133566
USER	Admins	START	1626387133644
USER	Admins	START	1626387133720
USER	Admins	START	1626387133798
USER	Admins	START	1626387133874
USER	Admins	START	1626387133951
USER	Admins	START	1626387134027
USER	Admins	START	1626387134101
USER	Admins	START	1626387134183
USER	Admins	START	1626387134261
USER	Admins	START	1626387134334
USER	Admins	START	1626387134412
USER	Admins	START	1626387134488
USER	Admins	START	1626387134567
USER	Admins	START	1626387134643
USER	Admins	START	1626387134718
USER	Admins	START	1626387134797
USER	Admins	START	1626387134872
USER	Admins	START	1626387134947
USER	Admins	START	1626387135028
USER	Admins	START	1626387135106
USER	Admins	START	1626387135183
USER	Admins	START	1626387135260
USER	Admins	START	1626387135329
USER	Admins	START	1626387135401
REQUEST		Get Ubigeo	1626387117334	1626387135404	OK	 
USER	Admins	END	1626387135414
USER	Admins	START	1626387135472
USER	Admins	START	1626387135543
USER	Admins	START	1626387135616
USER	Admins	START	1626387135687
USER	Admins	START	1626387135758
USER	Admins	START	1626387135826
USER	Admins	START	1626387135901
USER	Admins	START	1626387135970
USER	Admins	START	1626387136044
USER	Admins	START	1626387136116
USER	Admins	START	1626387136188
USER	Admins	START	1626387136260
USER	Admins	START	1626387136336
USER	Admins	START	1626387136413
USER	Admins	START	1626387136485
USER	Admins	START	1626387136567
USER	Admins	START	1626387136643
USER	Admins	START	1626387136721
USER	Admins	START	1626387136798
USER	Admins	START	1626387136874
USER	Admins	START	1626387136951
USER	Admins	START	1626387137025
USER	Admins	START	1626387137106
USER	Admins	START	1626387137182
USER	Admins	START	1626387137259
USER	Admins	START	1626387137335
USER	Admins	START	1626387137411
USER	Admins	START	1626387137486
USER	Admins	START	1626387137565
USER	Admins	START	1626387137642
USER	Admins	START	1626387137719
USER	Admins	START	1626387137797
USER	Admins	START	1626387137873
USER	Admins	START	1626387137951
USER	Admins	START	1626387138027
USER	Admins	START	1626387138104
USER	Admins	START	1626387138182
USER	Admins	START	1626387138258
USER	Admins	START	1626387138330
USER	Admins	START	1626387138400
USER	Admins	START	1626387138472
USER	Admins	START	1626387138543
USER	Admins	START	1626387138616
USER	Admins	START	1626387138686
USER	Admins	START	1626387138759
USER	Admins	START	1626387138830
USER	Admins	START	1626387138901
USER	Admins	START	1626387138974
USER	Admins	START	1626387139041
USER	Admins	START	1626387139116
USER	Admins	START	1626387139187
USER	Admins	START	1626387139259
USER	Admins	START	1626387139335
USER	Admins	START	1626387139412
USER	Admins	START	1626387139490
USER	Admins	START	1626387139564
USER	Admins	START	1626387139642
USER	Admins	START	1626387139720
USER	Admins	START	1626387139798
USER	Admins	START	1626387139873
USER	Admins	START	1626387139952
USER	Admins	START	1626387140028
USER	Admins	START	1626387140106
USER	Admins	START	1626387140182
USER	Admins	START	1626387140260
USER	Admins	START	1626387140333
USER	Admins	START	1626387140410
USER	Admins	START	1626387140485
USER	Admins	START	1626387140565
USER	Admins	START	1626387140641
USER	Admins	START	1626387140719
USER	Admins	START	1626387140793
USER	Admins	START	1626387140874
USER	Admins	START	1626387140951
USER	Admins	START	1626387141027
USER	Admins	START	1626387141101
USER	Admins	START	1626387141181
USER	Admins	START	1626387141259
USER	Admins	START	1626387141330
USER	Admins	START	1626387141401
USER	Admins	START	1626387141470
USER	Admins	START	1626387141544
USER	Admins	START	1626387141615
USER	Admins	START	1626387141686
USER	Admins	START	1626387141755
USER	Admins	START	1626387141825
USER	Admins	START	1626387141900
USER	Admins	START	1626387141972
USER	Admins	START	1626387142040
USER	Admins	START	1626387142115
USER	Admins	START	1626387142186
USER	Admins	START	1626387142259
USER	Admins	START	1626387142334
USER	Admins	START	1626387142410
USER	Admins	START	1626387142489
USER	Admins	START	1626387142565
USER	Admins	START	1626387142643
USER	Admins	START	1626387142719
USER	Admins	START	1626387142796
USER	Admins	START	1626387142874
USER	Admins	START	1626387142951
USER	Admins	START	1626387143028
USER	Admins	START	1626387143103
USER	Admins	START	1626387143180
USER	Admins	START	1626387143255
USER	Admins	START	1626387143335
USER	Admins	START	1626387143413
USER	Admins	START	1626387143489
USER	Admins	START	1626387143564
USER	Admins	START	1626387143644
USER	Admins	START	1626387143721
USER	Admins	START	1626387143797
USER	Admins	START	1626387143870
USER	Admins	START	1626387143949
USER	Admins	START	1626387144030
USER	Admins	START	1626387144105
USER	Admins	START	1626387144183
USER	Admins	START	1626387144260
USER	Admins	START	1626387144328
USER	Admins	START	1626387144401
USER	Admins	START	1626387144473
USER	Admins	START	1626387144541
USER	Admins	START	1626387144617
USER	Admins	START	1626387144683
USER	Admins	START	1626387144759
USER	Admins	START	1626387144831
USER	Admins	START	1626387144902
REQUEST		Get Ubigeo	1626387122412	1626387144936	OK	 
USER	Admins	END	1626387144936
REQUEST		Get Ubigeo	1626387119875	1626387144948	OK	 
USER	Admins	END	1626387144948
USER	Admins	START	1626387144971
USER	Admins	START	1626387145041
USER	Admins	START	1626387145116
USER	Admins	START	1626387145185
USER	Admins	START	1626387145259
USER	Admins	START	1626387145334
REQUEST		Get Ubigeo	1626387117285	1626387145369	OK	 
USER	Admins	END	1626387145370
USER	Admins	START	1626387145412
USER	Admins	START	1626387145489
USER	Admins	START	1626387145567
USER	Admins	START	1626387145644
USER	Admins	START	1626387145718
USER	Admins	START	1626387145798
USER	Admins	START	1626387145871
USER	Admins	START	1626387145951
USER	Admins	START	1626387146028
USER	Admins	START	1626387146105
USER	Admins	START	1626387146183
USER	Admins	START	1626387146259
REQUEST		Get Ubigeo	1626387118124	1626387146282	OK	 
USER	Admins	END	1626387146283
USER	Admins	START	1626387146335
USER	Admins	START	1626387146410
USER	Admins	START	1626387146486
USER	Admins	START	1626387146566
USER	Admins	START	1626387146643
USER	Admins	START	1626387146719
USER	Admins	START	1626387146797
USER	Admins	START	1626387146871
USER	Admins	START	1626387146952
REQUEST		Get Ubigeo	1626387117765	1626387146956	OK	 
USER	Admins	END	1626387146957
USER	Admins	START	1626387147027
USER	Admins	START	1626387147106
USER	Admins	START	1626387147182
REQUEST		Get Ubigeo	1626387123543	1626387147340	OK	 
USER	Admins	END	1626387147340
REQUEST		Get Ubigeo	1626387123105	1626387147563	OK	 
USER	Admins	END	1626387147564
REQUEST		Get Ubigeo	1626387121189	1626387148153	OK	 
USER	Admins	END	1626387148154
REQUEST		Get Ubigeo	1626387117908	1626387148588	OK	 
USER	Admins	END	1626387148588
REQUEST		Get Ubigeo	1626387117621	1626387149141	OK	 
USER	Admins	END	1626387149141
REQUEST		Get Ubigeo	1626387118644	1626387149453	OK	 
USER	Admins	END	1626387149454
REQUEST		Get Ubigeo	1626387117980	1626387150666	OK	 
USER	Admins	END	1626387150666
REQUEST		Get Ubigeo	1626387118265	1626387152221	OK	 
USER	Admins	END	1626387152221
REQUEST		Get Ubigeo	1626387120617	1626387152516	OK	 
USER	Admins	END	1626387152516
REQUEST		Get Ubigeo	1626387117693	1626387152535	OK	 
USER	Admins	END	1626387152535
REQUEST		Get Ubigeo	1626387120759	1626387152885	OK	 
USER	Admins	END	1626387152885
REQUEST		Get Ubigeo	1626387117406	1626387152893	OK	 
USER	Admins	END	1626387152894
REQUEST		Get Ubigeo	1626387118953	1626387152899	OK	 
USER	Admins	END	1626387152900
REQUEST		Get Ubigeo	1626387120975	1626387153544	OK	 
USER	Admins	END	1626387153544
REQUEST		Get Ubigeo	1626387121261	1626387153633	OK	 
USER	Admins	END	1626387153634
REQUEST		Get Ubigeo	1626387121490	1626387153877	OK	 
USER	Admins	END	1626387153877
REQUEST		Get Ubigeo	1626387122489	1626387154257	OK	 
USER	Admins	END	1626387154258
REQUEST		Get Ubigeo	1626387121643	1626387154277	OK	 
USER	Admins	END	1626387154277
REQUEST		Get Ubigeo	1626387121717	1626387154372	OK	 
USER	Admins	END	1626387154373
REQUEST		Get Ubigeo	1626387121950	1626387154553	OK	 
USER	Admins	END	1626387154553
REQUEST		Get Ubigeo	1626387121335	1626387155079	OK	 
USER	Admins	END	1626387155079
REQUEST		Get Ubigeo	1626387117837	1626387155152	OK	 
USER	Admins	END	1626387155153
REQUEST		Get Ubigeo	1626387119413	1626387155158	OK	 
USER	Admins	END	1626387155158
REQUEST		Get Ubigeo	1626387119566	1626387155162	OK	 
USER	Admins	END	1626387155162
REQUEST		Get Ubigeo	1626387121566	1626387155286	OK	 
USER	Admins	END	1626387155286
REQUEST		Get Ubigeo	1626387118049	1626387155384	OK	 
USER	Admins	END	1626387155384
REQUEST		Get Ubigeo	1626387119722	1626387155391	OK	 
USER	Admins	END	1626387155391
REQUEST		Get Ubigeo	1626387118412	1626387155402	OK	 
USER	Admins	END	1626387155403
REQUEST		Get Ubigeo	1626387119490	1626387155409	OK	 
USER	Admins	END	1626387155410
REQUEST		Get Ubigeo	1626387117477	1626387155416	OK	 
USER	Admins	END	1626387155416
REQUEST		Get Ubigeo	1626387119106	1626387155423	OK	 
USER	Admins	END	1626387155424
REQUEST		Get Ubigeo	1626387119261	1626387155431	OK	 
USER	Admins	END	1626387155431
REQUEST		Get Ubigeo	1626387123028	1626387155962	OK	 
USER	Admins	END	1626387155963
REQUEST		Get Ubigeo	1626387122103	1626387155968	OK	 
USER	Admins	END	1626387155968
REQUEST		Get Ubigeo	1626387122718	1626387156063	OK	 
USER	Admins	END	1626387156064
REQUEST		Get Ubigeo	1626387119645	1626387156079	OK	 
USER	Admins	END	1626387156079
REQUEST		Get Ubigeo	1626387118567	1626387156455	OK	 
USER	Admins	END	1626387156455
REQUEST		Get Ubigeo	1626387117549	1626387156464	OK	 
USER	Admins	END	1626387156464
REQUEST		Get Ubigeo	1626387122797	1626387157069	OK	 
USER	Admins	END	1626387157069
REQUEST		Get Ubigeo	1626387121876	1626387157108	OK	 
USER	Admins	END	1626387157109
REQUEST		Get Ubigeo	1626387118489	1626387157178	OK	 
USER	Admins	END	1626387157178
REQUEST		Get Ubigeo	1626387122567	1626387158206	OK	 
USER	Admins	END	1626387158206
REQUEST		Get Ubigeo	1626387124952	1626387158263	OK	 
USER	Admins	END	1626387158264
REQUEST		Get Ubigeo	1626387125410	1626387158282	OK	 
USER	Admins	END	1626387158282
REQUEST		Get Ubigeo	1626387126262	1626387158756	OK	 
USER	Admins	END	1626387158757
REQUEST		Get Ubigeo	1626387122184	1626387158778	OK	 
USER	Admins	END	1626387158778
REQUEST		Get Ubigeo	1626387120544	1626387159002	OK	 
USER	Admins	END	1626387159002
REQUEST		Get Ubigeo	1626387119184	1626387159018	OK	 
USER	Admins	END	1626387159018
REQUEST		Get Ubigeo	1626387118874	1626387159024	OK	 
USER	Admins	END	1626387159024
REQUEST		Get Ubigeo	1626387124188	1626387159186	OK	 
USER	Admins	END	1626387159186
REQUEST		Get Ubigeo	1626387125640	1626387159191	OK	 
USER	Admins	END	1626387159192
REQUEST		Get Ubigeo	1626387118194	1626387159305	OK	 
USER	Admins	END	1626387159305
REQUEST		Get Ubigeo	1626387118719	1626387159386	OK	 
USER	Admins	END	1626387159386
REQUEST		Get Ubigeo	1626387119029	1626387159391	OK	 
USER	Admins	END	1626387159392
REQUEST		Get Ubigeo	1626387118799	1626387159496	OK	 
USER	Admins	END	1626387159497
REQUEST		Get Ubigeo	1626387118336	1626387159503	OK	 
USER	Admins	END	1626387159503
REQUEST		Get Ubigeo	1626387119336	1626387159856	OK	 
USER	Admins	END	1626387159857
REQUEST		Get Ubigeo	1626387119953	1626387160254	OK	 
USER	Admins	END	1626387160254
REQUEST		Get Ubigeo	1626387120105	1626387160271	OK	 
USER	Admins	END	1626387160272
REQUEST		Get Ubigeo	1626387120830	1626387160277	OK	 
USER	Admins	END	1626387160278
REQUEST		Get Ubigeo	1626387123902	1626387160391	OK	 
USER	Admins	END	1626387160391
REQUEST		Get Ubigeo	1626387121412	1626387160466	OK	 
USER	Admins	END	1626387160466
REQUEST		Get Ubigeo	1626387120902	1626387160477	OK	 
USER	Admins	END	1626387160478
REQUEST		Get Ubigeo	1626387119796	1626387160506	OK	 
USER	Admins	END	1626387160506
REQUEST		Get Ubigeo	1626387120686	1626387160514	OK	 
USER	Admins	END	1626387160514
REQUEST		Get Ubigeo	1626387120330	1626387161135	OK	 
USER	Admins	END	1626387161136
REQUEST		Get Ubigeo	1626387120184	1626387161156	OK	 
USER	Admins	END	1626387161156
REQUEST		Get Ubigeo	1626387120028	1626387161252	OK	 
USER	Admins	END	1626387161253
REQUEST		Get Ubigeo	1626387120402	1626387161258	OK	 
USER	Admins	END	1626387161259
REQUEST		Get Ubigeo	1626387120473	1626387161266	OK	 
USER	Admins	END	1626387161266
REQUEST		Get Ubigeo	1626387120262	1626387161355	OK	 
USER	Admins	END	1626387161356
REQUEST		Get Ubigeo	1626387121118	1626387161533	OK	 
USER	Admins	END	1626387161534
REQUEST		Get Ubigeo	1626387121794	1626387162098	OK	 
USER	Admins	END	1626387162099
REQUEST		Get Ubigeo	1626387121044	1626387162577	OK	 
USER	Admins	END	1626387162577
REQUEST		Get Ubigeo	1626387122335	1626387162679	OK	 
USER	Admins	END	1626387162680
REQUEST		Get Ubigeo	1626387122028	1626387163163	OK	 
USER	Admins	END	1626387163163
REQUEST		Get Ubigeo	1626387122643	1626387163338	OK	 
USER	Admins	END	1626387163339
REQUEST		Get Ubigeo	1626387122952	1626387163591	OK	 
USER	Admins	END	1626387163591
REQUEST		Get Ubigeo	1626387122261	1626387163597	OK	 
USER	Admins	END	1626387163598
REQUEST		Get Ubigeo	1626387123261	1626387163748	OK	 
USER	Admins	END	1626387163748
REQUEST		Get Ubigeo	1626387123330	1626387163857	OK	 
USER	Admins	END	1626387163858
REQUEST		Get Ubigeo	1626387123402	1626387163887	OK	 
USER	Admins	END	1626387163887
REQUEST		Get Ubigeo	1626387123182	1626387163954	OK	 
USER	Admins	END	1626387163954
REQUEST		Get Ubigeo	1626387122875	1626387163974	OK	 
USER	Admins	END	1626387163974
REQUEST		Get Ubigeo	1626387123688	1626387164154	OK	 
USER	Admins	END	1626387164155
REQUEST		Get Ubigeo	1626387123474	1626387164174	OK	 
USER	Admins	END	1626387164174
REQUEST		Get Ubigeo	1626387123758	1626387164306	OK	 
USER	Admins	END	1626387164306
REQUEST		Get Ubigeo	1626387123970	1626387164352	OK	 
USER	Admins	END	1626387164353
REQUEST		Get Ubigeo	1626387124117	1626387164464	OK	 
USER	Admins	END	1626387164464
REQUEST		Get Ubigeo	1626387124045	1626387164515	OK	 
USER	Admins	END	1626387164516
REQUEST		Get Ubigeo	1626387123615	1626387164757	OK	 
USER	Admins	END	1626387164757
REQUEST		Get Ubigeo	1626387123832	1626387164780	OK	 
USER	Admins	END	1626387164780
REQUEST		Get Ubigeo	1626387124333	1626387164872	OK	 
USER	Admins	END	1626387164872
REQUEST		Get Ubigeo	1626387124261	1626387164887	OK	 
USER	Admins	END	1626387164887
REQUEST		Get Ubigeo	1626387124409	1626387164892	OK	 
USER	Admins	END	1626387164893
REQUEST		Get Ubigeo	1626387124567	1626387164964	OK	 
USER	Admins	END	1626387164964
REQUEST		Get Ubigeo	1626387124721	1626387164969	OK	 
USER	Admins	END	1626387164970
REQUEST		Get Ubigeo	1626387124487	1626387164974	OK	 
USER	Admins	END	1626387164975
REQUEST		Get Ubigeo	1626387124874	1626387165161	OK	 
USER	Admins	END	1626387165161
REQUEST		Get Ubigeo	1626387124798	1626387165261	OK	 
USER	Admins	END	1626387165261
REQUEST		Get Ubigeo	1626387125025	1626387165353	OK	 
USER	Admins	END	1626387165354
REQUEST		Get Ubigeo	1626387124644	1626387165462	OK	 
USER	Admins	END	1626387165462
REQUEST		Get Ubigeo	1626387125334	1626387165848	OK	 
USER	Admins	END	1626387165848
REQUEST		Get Ubigeo	1626387125106	1626387165879	OK	 
USER	Admins	END	1626387165879
REQUEST		Get Ubigeo	1626387125566	1626387165945	OK	 
USER	Admins	END	1626387165945
REQUEST		Get Ubigeo	1626387125260	1626387165953	OK	 
USER	Admins	END	1626387165954
REQUEST		Get Ubigeo	1626387125183	1626387166363	OK	 
USER	Admins	END	1626387166364
REQUEST		Get Ubigeo	1626387125794	1626387166445	OK	 
USER	Admins	END	1626387166445
REQUEST		Get Ubigeo	1626387125490	1626387166496	OK	 
USER	Admins	END	1626387166497
REQUEST		Get Ubigeo	1626387126330	1626387166681	OK	 
USER	Admins	END	1626387166681
REQUEST		Get Ubigeo	1626387126402	1626387166780	OK	 
USER	Admins	END	1626387166781
REQUEST		Get Ubigeo	1626387126473	1626387166790	OK	 
USER	Admins	END	1626387166790
REQUEST		Get Ubigeo	1626387126543	1626387166849	OK	 
USER	Admins	END	1626387166850
REQUEST		Get Ubigeo	1626387125875	1626387166974	OK	 
USER	Admins	END	1626387166975
REQUEST		Get Ubigeo	1626387126615	1626387166980	OK	 
USER	Admins	END	1626387166980
REQUEST		Get Ubigeo	1626387125719	1626387167057	OK	 
USER	Admins	END	1626387167057
REQUEST		Get Ubigeo	1626387126105	1626387167082	OK	 
USER	Admins	END	1626387167083
REQUEST		Get Ubigeo	1626387126973	1626387167281	OK	 
USER	Admins	END	1626387167282
REQUEST		Get Ubigeo	1626387127112	1626387167363	OK	 
USER	Admins	END	1626387167364
REQUEST		Get Ubigeo	1626387127043	1626387167376	OK	 
USER	Admins	END	1626387167376
REQUEST		Get Ubigeo	1626387127188	1626387167471	OK	 
USER	Admins	END	1626387167472
REQUEST		Get Ubigeo	1626387125950	1626387167554	OK	 
USER	Admins	END	1626387167554
REQUEST		Get Ubigeo	1626387126185	1626387167560	OK	 
USER	Admins	END	1626387167561
REQUEST		Get Ubigeo	1626387126029	1626387167576	OK	 
USER	Admins	END	1626387167576
REQUEST		Get Ubigeo	1626387126760	1626387167605	OK	 
USER	Admins	END	1626387167605
REQUEST		Get Ubigeo	1626387126687	1626387167896	OK	 
USER	Admins	END	1626387167896
REQUEST		Get Ubigeo	1626387126900	1626387167902	OK	 
USER	Admins	END	1626387167903
REQUEST		Get Ubigeo	1626387126830	1626387167911	OK	 
USER	Admins	END	1626387167912
REQUEST		Get Ubigeo	1626387127261	1626387167918	OK	 
USER	Admins	END	1626387167918
REQUEST		Get Ubigeo	1626387127567	1626387167923	OK	 
USER	Admins	END	1626387167923
REQUEST		Get Ubigeo	1626387127336	1626387167929	OK	 
USER	Admins	END	1626387167929
REQUEST		Get Ubigeo	1626387127489	1626387167950	OK	 
USER	Admins	END	1626387167951
REQUEST		Get Ubigeo	1626387128107	1626387168367	OK	 
USER	Admins	END	1626387168368
REQUEST		Get Ubigeo	1626387127875	1626387168384	OK	 
USER	Admins	END	1626387168386
REQUEST		Get Ubigeo	1626387127953	1626387168394	OK	 
USER	Admins	END	1626387168394
REQUEST		Get Ubigeo	1626387127643	1626387168403	OK	 
USER	Admins	END	1626387168404
REQUEST		Get Ubigeo	1626387127721	1626387168412	OK	 
USER	Admins	END	1626387168413
REQUEST		Get Ubigeo	1626387127413	1626387168422	OK	 
USER	Admins	END	1626387168423
REQUEST		Get Ubigeo	1626387128489	1626387168863	OK	 
USER	Admins	END	1626387168864
REQUEST		Get Ubigeo	1626387128412	1626387168880	OK	 
USER	Admins	END	1626387168881
REQUEST		Get Ubigeo	1626387128333	1626387168904	OK	 
USER	Admins	END	1626387168904
REQUEST		Get Ubigeo	1626387128183	1626387169083	OK	 
USER	Admins	END	1626387169083
REQUEST		Get Ubigeo	1626387128562	1626387169101	OK	 
USER	Admins	END	1626387169102
REQUEST		Get Ubigeo	1626387128262	1626387169137	OK	 
USER	Admins	END	1626387169138
REQUEST		Get Ubigeo	1626387127797	1626387169154	OK	 
USER	Admins	END	1626387169155
REQUEST		Get Ubigeo	1626387128639	1626387169168	OK	 
USER	Admins	END	1626387169168
REQUEST		Get Ubigeo	1626387128798	1626387169175	OK	 
USER	Admins	END	1626387169176
REQUEST		Get Ubigeo	1626387128029	1626387169190	OK	 
USER	Admins	END	1626387169191
REQUEST		Get Ubigeo	1626387128951	1626387169671	OK	 
USER	Admins	END	1626387169672
REQUEST		Get Ubigeo	1626387129260	1626387169681	OK	 
USER	Admins	END	1626387169682
REQUEST		Get Ubigeo	1626387128873	1626387169709	OK	 
USER	Admins	END	1626387169710
REQUEST		Get Ubigeo	1626387129688	1626387169954	OK	 
USER	Admins	END	1626387169955
REQUEST		Get Ubigeo	1626387129330	1626387169962	OK	 
USER	Admins	END	1626387169963
REQUEST		Get Ubigeo	1626387129615	1626387169996	OK	 
USER	Admins	END	1626387169998
REQUEST		Get Ubigeo	1626387129026	1626387170007	OK	 
USER	Admins	END	1626387170008
REQUEST		Get Ubigeo	1626387129106	1626387170077	OK	 
USER	Admins	END	1626387170077
REQUEST		Get Ubigeo	1626387129760	1626387170086	OK	 
USER	Admins	END	1626387170087
REQUEST		Get Ubigeo	1626387128720	1626387170096	OK	 
USER	Admins	END	1626387170097
REQUEST		Get Ubigeo	1626387129182	1626387170127	OK	 
USER	Admins	END	1626387170128
REQUEST		Get Ubigeo	1626387129902	1626387170372	OK	 
USER	Admins	END	1626387170373
REQUEST		Get Ubigeo	1626387129402	1626387170395	OK	 
USER	Admins	END	1626387170396
REQUEST		Get Ubigeo	1626387129543	1626387170409	OK	 
USER	Admins	END	1626387170409
REQUEST		Get Ubigeo	1626387129472	1626387170420	OK	 
USER	Admins	END	1626387170420
REQUEST		Get Ubigeo	1626387130046	1626387170571	OK	 
USER	Admins	END	1626387170571
REQUEST		Get Ubigeo	1626387130412	1626387170676	OK	 
USER	Admins	END	1626387170677
REQUEST		Get Ubigeo	1626387130562	1626387170849	OK	 
USER	Admins	END	1626387170849
REQUEST		Get Ubigeo	1626387130797	1626387171047	OK	 
USER	Admins	END	1626387171048
REQUEST		Get Ubigeo	1626387130117	1626387171096	OK	 
USER	Admins	END	1626387171096
REQUEST		Get Ubigeo	1626387130260	1626387171130	OK	 
USER	Admins	END	1626387171130
REQUEST		Get Ubigeo	1626387129831	1626387171141	OK	 
USER	Admins	END	1626387171142
REQUEST		Get Ubigeo	1626387130331	1626387171152	OK	 
USER	Admins	END	1626387171153
REQUEST		Get Ubigeo	1626387129974	1626387171159	OK	 
USER	Admins	END	1626387171160
REQUEST		Get Ubigeo	1626387130188	1626387171167	OK	 
USER	Admins	END	1626387171168
REQUEST		Get Ubigeo	1626387130719	1626387171173	OK	 
USER	Admins	END	1626387171173
REQUEST		Get Ubigeo	1626387130489	1626387171180	OK	 
USER	Admins	END	1626387171180
REQUEST		Get Ubigeo	1626387131261	1626387171685	OK	 
USER	Admins	END	1626387171686
REQUEST		Get Ubigeo	1626387130643	1626387171693	OK	 
USER	Admins	END	1626387171694
REQUEST		Get Ubigeo	1626387131489	1626387171885	OK	 
USER	Admins	END	1626387171886
REQUEST		Get Ubigeo	1626387131027	1626387171894	OK	 
USER	Admins	END	1626387171895
REQUEST		Get Ubigeo	1626387130874	1626387171929	OK	 
USER	Admins	END	1626387171929
REQUEST		Get Ubigeo	1626387130951	1626387172075	OK	 
USER	Admins	END	1626387172076
REQUEST		Get Ubigeo	1626387131181	1626387172087	OK	 
USER	Admins	END	1626387172087
REQUEST		Get Ubigeo	1626387131412	1626387172099	OK	 
USER	Admins	END	1626387172100
REQUEST		Get Ubigeo	1626387131105	1626387172118	OK	 
USER	Admins	END	1626387172119
REQUEST		Get Ubigeo	1626387131336	1626387172373	OK	 
USER	Admins	END	1626387172373
REQUEST		Get Ubigeo	1626387131799	1626387172381	OK	 
USER	Admins	END	1626387172382
REQUEST		Get Ubigeo	1626387131948	1626387172595	OK	 
USER	Admins	END	1626387172596
REQUEST		Get Ubigeo	1626387131565	1626387172605	OK	 
USER	Admins	END	1626387172606
REQUEST		Get Ubigeo	1626387131721	1626387172613	OK	 
USER	Admins	END	1626387172615
REQUEST		Get Ubigeo	1626387131644	1626387172625	OK	 
USER	Admins	END	1626387172626
REQUEST		Get Ubigeo	1626387132260	1626387172688	OK	 
USER	Admins	END	1626387172689
REQUEST		Get Ubigeo	1626387132028	1626387172784	OK	 
USER	Admins	END	1626387172785
REQUEST		Get Ubigeo	1626387131874	1626387172869	OK	 
USER	Admins	END	1626387172870
REQUEST		Get Ubigeo	1626387132402	1626387172879	OK	 
USER	Admins	END	1626387172879
REQUEST		Get Ubigeo	1626387132183	1626387172890	OK	 
USER	Admins	END	1626387172890
REQUEST		Get Ubigeo	1626387132470	1626387172902	OK	 
USER	Admins	END	1626387172903
REQUEST		Get Ubigeo	1626387132685	1626387172976	OK	 
USER	Admins	END	1626387172977
REQUEST		Get Ubigeo	1626387132760	1626387173160	OK	 
USER	Admins	END	1626387173162
REQUEST		Get Ubigeo	1626387132616	1626387173190	OK	 
USER	Admins	END	1626387173190
REQUEST		Get Ubigeo	1626387132106	1626387173283	OK	 
USER	Admins	END	1626387173285
REQUEST		Get Ubigeo	1626387132545	1626387173541	OK	 
USER	Admins	END	1626387173542
REQUEST		Get Ubigeo	1626387132331	1626387173588	OK	 
USER	Admins	END	1626387173589
REQUEST		Get Ubigeo	1626387132902	1626387173595	OK	 
USER	Admins	END	1626387173596
REQUEST		Get Ubigeo	1626387133052	1626387173760	OK	 
USER	Admins	END	1626387173760
REQUEST		Get Ubigeo	1626387132974	1626387173877	OK	 
USER	Admins	END	1626387173877
REQUEST		Get Ubigeo	1626387133261	1626387173883	OK	 
USER	Admins	END	1626387173883
REQUEST		Get Ubigeo	1626387133410	1626387173889	OK	 
USER	Admins	END	1626387173890
REQUEST		Get Ubigeo	1626387132832	1626387173901	OK	 
USER	Admins	END	1626387173902
REQUEST		Get Ubigeo	1626387133189	1626387173949	OK	 
USER	Admins	END	1626387173949
REQUEST		Get Ubigeo	1626387133335	1626387173960	OK	 
USER	Admins	END	1626387173960
REQUEST		Get Ubigeo	1626387133485	1626387173972	OK	 
USER	Admins	END	1626387173972
REQUEST		Get Ubigeo	1626387133566	1626387173978	OK	 
USER	Admins	END	1626387173978
REQUEST		Get Ubigeo	1626387133117	1626387173984	OK	 
USER	Admins	END	1626387173984
REQUEST		Get Ubigeo	1626387133721	1626387174136	OK	 
USER	Admins	END	1626387174136
REQUEST		Get Ubigeo	1626387134262	1626387174556	OK	 
USER	Admins	END	1626387174556
REQUEST		Get Ubigeo	1626387134102	1626387174689	OK	 
USER	Admins	END	1626387174690
REQUEST		Get Ubigeo	1626387133951	1626387174695	OK	 
USER	Admins	END	1626387174695
REQUEST		Get Ubigeo	1626387134334	1626387174701	OK	 
USER	Admins	END	1626387174701
REQUEST		Get Ubigeo	1626387133798	1626387174735	OK	 
USER	Admins	END	1626387174736
REQUEST		Get Ubigeo	1626387133644	1626387174795	OK	 
USER	Admins	END	1626387174795
REQUEST		Get Ubigeo	1626387134183	1626387175088	OK	 
USER	Admins	END	1626387175088
REQUEST		Get Ubigeo	1626387134643	1626387175094	OK	 
USER	Admins	END	1626387175094
REQUEST		Get Ubigeo	1626387134488	1626387175100	OK	 
USER	Admins	END	1626387175101
REQUEST		Get Ubigeo	1626387134947	1626387175518	OK	 
USER	Admins	END	1626387175518
REQUEST		Get Ubigeo	1626387134412	1626387175559	OK	 
USER	Admins	END	1626387175559
REQUEST		Get Ubigeo	1626387134027	1626387175570	OK	 
USER	Admins	END	1626387175571
REQUEST		Get Ubigeo	1626387135029	1626387175577	OK	 
USER	Admins	END	1626387175578
REQUEST		Get Ubigeo	1626387134718	1626387175585	OK	 
USER	Admins	END	1626387175585
REQUEST		Get Ubigeo	1626387133874	1626387175593	OK	 
USER	Admins	END	1626387175594
REQUEST		Get Ubigeo	1626387135106	1626387175601	OK	 
USER	Admins	END	1626387175601
REQUEST		Get Ubigeo	1626387134797	1626387175674	OK	 
USER	Admins	END	1626387175674
REQUEST		Get Ubigeo	1626387135329	1626387175680	OK	 
USER	Admins	END	1626387175681
REQUEST		Get Ubigeo	1626387134567	1626387175687	OK	 
USER	Admins	END	1626387175687
REQUEST		Get Ubigeo	1626387135260	1626387175693	OK	 
USER	Admins	END	1626387175694
REQUEST		Get Ubigeo	1626387135183	1626387175780	OK	 
USER	Admins	END	1626387175781
REQUEST		Get Ubigeo	1626387134872	1626387175787	OK	 
USER	Admins	END	1626387175787
REQUEST		Get Ubigeo	1626387135472	1626387176308	OK	 
USER	Admins	END	1626387176308
REQUEST		Get Ubigeo	1626387135687	1626387176337	OK	 
USER	Admins	END	1626387176338
REQUEST		Get Ubigeo	1626387135758	1626387176360	OK	 
USER	Admins	END	1626387176360
REQUEST		Get Ubigeo	1626387135543	1626387176396	OK	 
USER	Admins	END	1626387176397
REQUEST		Get Ubigeo	1626387135401	1626387176403	OK	 
USER	Admins	END	1626387176404
REQUEST		Get Ubigeo	1626387135616	1626387176464	OK	 
USER	Admins	END	1626387176464
REQUEST		Get Ubigeo	1626387136116	1626387176478	OK	 
USER	Admins	END	1626387176479
REQUEST		Get Ubigeo	1626387135827	1626387176542	OK	 
USER	Admins	END	1626387176542
REQUEST		Get Ubigeo	1626387136188	1626387176554	OK	 
USER	Admins	END	1626387176554
REQUEST		Get Ubigeo	1626387136336	1626387176654	OK	 
USER	Admins	END	1626387176654
REQUEST		Get Ubigeo	1626387135901	1626387176660	OK	 
USER	Admins	END	1626387176661
REQUEST		Get Ubigeo	1626387136413	1626387176682	OK	 
USER	Admins	END	1626387176682
REQUEST		Get Ubigeo	1626387136260	1626387176694	OK	 
USER	Admins	END	1626387176695
REQUEST		Get Ubigeo	1626387136567	1626387176852	OK	 
USER	Admins	END	1626387176852
REQUEST		Get Ubigeo	1626387136044	1626387176996	OK	 
USER	Admins	END	1626387176997
REQUEST		Get Ubigeo	1626387135971	1626387177013	OK	 
USER	Admins	END	1626387177014
REQUEST		Get Ubigeo	1626387136951	1626387177284	OK	 
USER	Admins	END	1626387177285
REQUEST		Get Ubigeo	1626387137182	1626387177451	OK	 
USER	Admins	END	1626387177451
REQUEST		Get Ubigeo	1626387136798	1626387177680	OK	 
USER	Admins	END	1626387177681
REQUEST		Get Ubigeo	1626387137335	1626387177686	OK	 
USER	Admins	END	1626387177687
REQUEST		Get Ubigeo	1626387137487	1626387177919	OK	 
USER	Admins	END	1626387177919
REQUEST		Get Ubigeo	1626387136485	1626387177931	OK	 
USER	Admins	END	1626387177931
REQUEST		Get Ubigeo	1626387136874	1626387177939	OK	 
USER	Admins	END	1626387177940
REQUEST		Get Ubigeo	1626387137259	1626387177949	OK	 
USER	Admins	END	1626387177951
REQUEST		Get Ubigeo	1626387137412	1626387177958	OK	 
USER	Admins	END	1626387177959
REQUEST		Get Ubigeo	1626387137566	1626387177965	OK	 
USER	Admins	END	1626387177966
REQUEST		Get Ubigeo	1626387137106	1626387177975	OK	 
USER	Admins	END	1626387177976
REQUEST		Get Ubigeo	1626387136644	1626387177983	OK	 
USER	Admins	END	1626387177983
REQUEST		Get Ubigeo	1626387136721	1626387177990	OK	 
USER	Admins	END	1626387177990
REQUEST		Get Ubigeo	1626387137642	1626387177997	OK	 
USER	Admins	END	1626387177998
REQUEST		Get Ubigeo	1626387137025	1626387178005	OK	 
USER	Admins	END	1626387178006
REQUEST		Get Ubigeo	1626387137797	1626387178381	OK	 
USER	Admins	END	1626387178382
REQUEST		Get Ubigeo	1626387137873	1626387178388	OK	 
USER	Admins	END	1626387178389
REQUEST		Get Ubigeo	1626387138027	1626387178401	OK	 
USER	Admins	END	1626387178402
REQUEST		Get Ubigeo	1626387138104	1626387178481	OK	 
USER	Admins	END	1626387178481
REQUEST		Get Ubigeo	1626387138182	1626387178487	OK	 
USER	Admins	END	1626387178487
REQUEST		Get Ubigeo	1626387138258	1626387178566	OK	 
USER	Admins	END	1626387178566
REQUEST		Get Ubigeo	1626387138330	1626387178780	OK	 
USER	Admins	END	1626387178781
REQUEST		Get Ubigeo	1626387137719	1626387178872	OK	 
USER	Admins	END	1626387178873
REQUEST		Get Ubigeo	1626387137951	1626387178878	OK	 
USER	Admins	END	1626387178878
REQUEST		Get Ubigeo	1626387138543	1626387178894	OK	 
USER	Admins	END	1626387178895
REQUEST		Get Ubigeo	1626387138400	1626387178918	OK	 
USER	Admins	END	1626387178919
REQUEST		Get Ubigeo	1626387138686	1626387179088	OK	 
USER	Admins	END	1626387179088
REQUEST		Get Ubigeo	1626387138759	1626387179112	OK	 
USER	Admins	END	1626387179113
REQUEST		Get Ubigeo	1626387138831	1626387179152	OK	 
USER	Admins	END	1626387179152
REQUEST		Get Ubigeo	1626387138901	1626387179157	OK	 
USER	Admins	END	1626387179158
REQUEST		Get Ubigeo	1626387138616	1626387179258	OK	 
USER	Admins	END	1626387179258
REQUEST		Get Ubigeo	1626387138974	1626387179268	OK	 
USER	Admins	END	1626387179268
REQUEST		Get Ubigeo	1626387139116	1626387179462	OK	 
USER	Admins	END	1626387179462
REQUEST		Get Ubigeo	1626387139188	1626387179496	OK	 
USER	Admins	END	1626387179497
REQUEST		Get Ubigeo	1626387138472	1626387179693	OK	 
USER	Admins	END	1626387179693
REQUEST		Get Ubigeo	1626387139335	1626387179701	OK	 
USER	Admins	END	1626387179701
REQUEST		Get Ubigeo	1626387139260	1626387180057	OK	 
USER	Admins	END	1626387180058
REQUEST		Get Ubigeo	1626387139642	1626387180067	OK	 
USER	Admins	END	1626387180067
REQUEST		Get Ubigeo	1626387139041	1626387180090	OK	 
USER	Admins	END	1626387180090
REQUEST		Get Ubigeo	1626387139720	1626387180102	OK	 
USER	Admins	END	1626387180102
REQUEST		Get Ubigeo	1626387139565	1626387180350	OK	 
USER	Admins	END	1626387180350
REQUEST		Get Ubigeo	1626387139953	1626387180363	OK	 
USER	Admins	END	1626387180363
REQUEST		Get Ubigeo	1626387140334	1626387180671	OK	 
USER	Admins	END	1626387180671
REQUEST		Get Ubigeo	1626387140260	1626387180687	OK	 
USER	Admins	END	1626387180688
REQUEST		Get Ubigeo	1626387140485	1626387180780	OK	 
USER	Admins	END	1626387180780
REQUEST		Get Ubigeo	1626387139874	1626387180805	OK	 
USER	Admins	END	1626387180806
REQUEST		Get Ubigeo	1626387139798	1626387180826	OK	 
USER	Admins	END	1626387180826
REQUEST		Get Ubigeo	1626387139490	1626387180947	OK	 
USER	Admins	END	1626387180947
REQUEST		Get Ubigeo	1626387140028	1626387180954	OK	 
USER	Admins	END	1626387180954
REQUEST		Get Ubigeo	1626387139412	1626387180959	OK	 
USER	Admins	END	1626387180959
REQUEST		Get Ubigeo	1626387140410	1626387180964	OK	 
USER	Admins	END	1626387180964
REQUEST		Get Ubigeo	1626387140183	1626387181152	OK	 
USER	Admins	END	1626387181152
REQUEST		Get Ubigeo	1626387140565	1626387181166	OK	 
USER	Admins	END	1626387181167
REQUEST		Get Ubigeo	1626387140107	1626387181283	OK	 
USER	Admins	END	1626387181284
REQUEST		Get Ubigeo	1626387140951	1626387181448	OK	 
USER	Admins	END	1626387181449
REQUEST		Get Ubigeo	1626387140642	1626387181466	OK	 
USER	Admins	END	1626387181466
REQUEST		Get Ubigeo	1626387140794	1626387181576	OK	 
USER	Admins	END	1626387181577
REQUEST		Get Ubigeo	1626387140875	1626387181595	OK	 
USER	Admins	END	1626387181596
REQUEST		Get Ubigeo	1626387140719	1626387181637	OK	 
USER	Admins	END	1626387181638
REQUEST		Get Ubigeo	1626387141101	1626387181801	OK	 
USER	Admins	END	1626387181801
REQUEST		Get Ubigeo	1626387141330	1626387181807	OK	 
USER	Admins	END	1626387181807
REQUEST		Get Ubigeo	1626387141470	1626387181812	OK	 
USER	Admins	END	1626387181812
REQUEST		Get Ubigeo	1626387141027	1626387181834	OK	 
USER	Admins	END	1626387181835
REQUEST		Get Ubigeo	1626387141755	1626387182081	OK	 
USER	Admins	END	1626387182082
REQUEST		Get Ubigeo	1626387141900	1626387182269	OK	 
USER	Admins	END	1626387182269
REQUEST		Get Ubigeo	1626387141972	1626387182283	OK	 
USER	Admins	END	1626387182283
REQUEST		Get Ubigeo	1626387142040	1626387182375	OK	 
USER	Admins	END	1626387182376
REQUEST		Get Ubigeo	1626387142115	1626387182453	OK	 
USER	Admins	END	1626387182453
REQUEST		Get Ubigeo	1626387141259	1626387182564	OK	 
USER	Admins	END	1626387182565
REQUEST		Get Ubigeo	1626387141615	1626387182572	OK	 
USER	Admins	END	1626387182572
REQUEST		Get Ubigeo	1626387142186	1626387182578	OK	 
USER	Admins	END	1626387182579
REQUEST		Get Ubigeo	1626387141401	1626387182595	OK	 
USER	Admins	END	1626387182595
REQUEST		Get Ubigeo	1626387143949	1626387182603	OK	 
USER	Admins	END	1626387182604
REQUEST		Get Ubigeo	1626387141182	1626387182611	OK	 
USER	Admins	END	1626387182611
REQUEST		Get Ubigeo	1626387141544	1626387182759	OK	 
USER	Admins	END	1626387182759
REQUEST		Get Ubigeo	1626387141687	1626387182764	OK	 
USER	Admins	END	1626387182765
REQUEST		Get Ubigeo	1626387144903	1626387182773	OK	 
USER	Admins	END	1626387182773
REQUEST		Get Ubigeo	1626387145259	1626387182841	OK	 
USER	Admins	END	1626387182841
REQUEST		Get Ubigeo	1626387142259	1626387182866	OK	 
USER	Admins	END	1626387182866
REQUEST		Get Ubigeo	1626387141826	1626387182885	OK	 
USER	Admins	END	1626387182886
REQUEST		Get Ubigeo	1626387142643	1626387183176	OK	 
USER	Admins	END	1626387183176
REQUEST		Get Ubigeo	1626387142334	1626387183207	OK	 
USER	Admins	END	1626387183208
REQUEST		Get Ubigeo	1626387142410	1626387183405	OK	 
USER	Admins	END	1626387183406
REQUEST		Get Ubigeo	1626387142489	1626387183411	OK	 
USER	Admins	END	1626387183411
REQUEST		Get Ubigeo	1626387142566	1626387183417	OK	 
USER	Admins	END	1626387183417
REQUEST		Get Ubigeo	1626387142951	1626387183429	OK	 
USER	Admins	END	1626387183429
REQUEST		Get Ubigeo	1626387143180	1626387183480	OK	 
USER	Admins	END	1626387183481
REQUEST		Get Ubigeo	1626387143104	1626387183499	OK	 
USER	Admins	END	1626387183500
REQUEST		Get Ubigeo	1626387142874	1626387183667	OK	 
USER	Admins	END	1626387183667
REQUEST		Get Ubigeo	1626387143255	1626387183673	OK	 
USER	Admins	END	1626387183673
REQUEST		Get Ubigeo	1626387142796	1626387183681	OK	 
USER	Admins	END	1626387183681
REQUEST		Get Ubigeo	1626387142719	1626387183686	OK	 
USER	Admins	END	1626387183687
REQUEST		Get Ubigeo	1626387143028	1626387183706	OK	 
USER	Admins	END	1626387183706
REQUEST		Get Ubigeo	1626387143413	1626387183752	OK	 
USER	Admins	END	1626387183752
REQUEST		Get Ubigeo	1626387144030	1626387184476	OK	 
USER	Admins	END	1626387184477
REQUEST		Get Ubigeo	1626387143564	1626387184483	OK	 
USER	Admins	END	1626387184483
REQUEST		Get Ubigeo	1626387143797	1626387184488	OK	 
USER	Admins	END	1626387184488
REQUEST		Get Ubigeo	1626387143335	1626387184494	OK	 
USER	Admins	END	1626387184494
REQUEST		Get Ubigeo	1626387143489	1626387184500	OK	 
USER	Admins	END	1626387184501
REQUEST		Get Ubigeo	1626387143871	1626387184597	OK	 
USER	Admins	END	1626387184598
REQUEST		Get Ubigeo	1626387143721	1626387184729	OK	 
USER	Admins	END	1626387184729
REQUEST		Get Ubigeo	1626387144473	1626387184797	OK	 
USER	Admins	END	1626387184797
REQUEST		Get Ubigeo	1626387143644	1626387185171	OK	 
USER	Admins	END	1626387185171
REQUEST		Get Ubigeo	1626387144684	1626387185183	OK	 
USER	Admins	END	1626387185184
REQUEST		Get Ubigeo	1626387144617	1626387185253	OK	 
USER	Admins	END	1626387185253
REQUEST		Get Ubigeo	1626387144106	1626387185265	OK	 
USER	Admins	END	1626387185266
REQUEST		Get Ubigeo	1626387144971	1626387185271	OK	 
USER	Admins	END	1626387185272
REQUEST		Get Ubigeo	1626387144183	1626387185277	OK	 
USER	Admins	END	1626387185277
REQUEST		Get Ubigeo	1626387144401	1626387185682	OK	 
USER	Admins	END	1626387185682
REQUEST		Get Ubigeo	1626387144328	1626387185715	OK	 
USER	Admins	END	1626387185716
REQUEST		Get Ubigeo	1626387144542	1626387185761	OK	 
USER	Admins	END	1626387185761
REQUEST		Get Ubigeo	1626387145489	1626387185767	OK	 
USER	Admins	END	1626387185767
REQUEST		Get Ubigeo	1626387144260	1626387185773	OK	 
USER	Admins	END	1626387185773
REQUEST		Get Ubigeo	1626387145185	1626387185779	OK	 
USER	Admins	END	1626387185779
REQUEST		Get Ubigeo	1626387145116	1626387185784	OK	 
USER	Admins	END	1626387185785
REQUEST		Get Ubigeo	1626387144759	1626387186323	OK	 
USER	Admins	END	1626387186323
REQUEST		Get Ubigeo	1626387145041	1626387186375	OK	 
USER	Admins	END	1626387186375
REQUEST		Get Ubigeo	1626387145719	1626387186385	OK	 
USER	Admins	END	1626387186386
REQUEST		Get Ubigeo	1626387145412	1626387186420	OK	 
USER	Admins	END	1626387186422
REQUEST		Get Ubigeo	1626387145644	1626387186495	OK	 
USER	Admins	END	1626387186495
REQUEST		Get Ubigeo	1626387145567	1626387186501	OK	 
USER	Admins	END	1626387186501
REQUEST		Get Ubigeo	1626387146260	1626387186583	OK	 
USER	Admins	END	1626387186584
REQUEST		Get Ubigeo	1626387146106	1626387186600	OK	 
USER	Admins	END	1626387186600
REQUEST		Get Ubigeo	1626387146184	1626387186605	OK	 
USER	Admins	END	1626387186606
REQUEST		Get Ubigeo	1626387145798	1626387186669	OK	 
USER	Admins	END	1626387186670
REQUEST		Get Ubigeo	1626387146335	1626387186676	OK	 
USER	Admins	END	1626387186676
REQUEST		Get Ubigeo	1626387145335	1626387186770	OK	 
USER	Admins	END	1626387186771
REQUEST		Get Ubigeo	1626387146028	1626387187016	OK	 
USER	Admins	END	1626387187017
REQUEST		Get Ubigeo	1626387146410	1626387187026	OK	 
USER	Admins	END	1626387187027
REQUEST		Get Ubigeo	1626387146643	1626387187060	OK	 
USER	Admins	END	1626387187060
REQUEST		Get Ubigeo	1626387146798	1626387187174	OK	 
USER	Admins	END	1626387187174
REQUEST		Get Ubigeo	1626387145871	1626387187194	OK	 
USER	Admins	END	1626387187194
REQUEST		Get Ubigeo	1626387146952	1626387187271	OK	 
USER	Admins	END	1626387187272
REQUEST		Get Ubigeo	1626387146567	1626387187278	OK	 
USER	Admins	END	1626387187278
REQUEST		Get Ubigeo	1626387146871	1626387187355	OK	 
USER	Admins	END	1626387187355
REQUEST		Get Ubigeo	1626387147027	1626387187369	OK	 
USER	Admins	END	1626387187370
REQUEST		Get Ubigeo	1626387144831	1626387187375	OK	 
USER	Admins	END	1626387187376
REQUEST		Get Ubigeo	1626387146719	1626387187381	OK	 
USER	Admins	END	1626387187381
REQUEST		Get Ubigeo	1626387147106	1626387187469	OK	 
USER	Admins	END	1626387187469
REQUEST		Get Ubigeo	1626387147182	1626387187476	OK	 
USER	Admins	END	1626387187476
REQUEST		Get Ubigeo	1626387146486	1626387187948	OK	 
USER	Admins	END	1626387187948
REQUEST		Get Ubigeo	1626387145952	1626387187985	OK	 
USER	Admins	END	1626387187986
