RUN	com.gatling.simulations.Capacidades	capacidades	1626452688104	 	3.5.1
USER	Admins	START	1626452690676
USER	Admins	START	1626452690731
USER	Admins	START	1626452690790
USER	Admins	START	1626452690851
USER	Admins	START	1626452690911
USER	Admins	START	1626452690969
USER	Admins	START	1626452691027
USER	Admins	START	1626452691086
USER	Admins	START	1626452691146
USER	Admins	START	1626452691205
USER	Admins	START	1626452691265
USER	Admins	START	1626452691323
USER	Admins	START	1626452691380
USER	Admins	START	1626452691440
USER	Admins	START	1626452691501
USER	Admins	START	1626452691559
USER	Admins	START	1626452691618
USER	Admins	START	1626452691677
USER	Admins	START	1626452691730
USER	Admins	START	1626452691785
USER	Admins	START	1626452691849
USER	Admins	START	1626452691908
USER	Admins	START	1626452691967
USER	Admins	START	1626452692022
USER	Admins	START	1626452692082
USER	Admins	START	1626452692144
USER	Admins	START	1626452692199
USER	Admins	START	1626452692261
USER	Admins	START	1626452692322
USER	Admins	START	1626452692379
USER	Admins	START	1626452692439
USER	Admins	START	1626452692495
USER	Admins	START	1626452692555
USER	Admins	START	1626452692615
USER	Admins	START	1626452692675
USER	Admins	START	1626452692734
USER	Admins	START	1626452692797
USER	Admins	START	1626452692858
USER	Admins	START	1626452692922
USER	Admins	START	1626452692985
USER	Admins	START	1626452693047
USER	Admins	START	1626452693108
USER	Admins	START	1626452693172
USER	Admins	START	1626452693233
USER	Admins	START	1626452693296
USER	Admins	START	1626452693360
USER	Admins	START	1626452693422
USER	Admins	START	1626452693485
USER	Admins	START	1626452693548
USER	Admins	START	1626452693609
USER	Admins	START	1626452693674
USER	Admins	START	1626452693730
USER	Admins	START	1626452693786
USER	Admins	START	1626452693844
USER	Admins	START	1626452693905
USER	Admins	START	1626452693966
USER	Admins	START	1626452694022
USER	Admins	START	1626452694083
USER	Admins	START	1626452694142
USER	Admins	START	1626452694201
USER	Admins	START	1626452694256
USER	Admins	START	1626452694319
USER	Admins	START	1626452694377
USER	Admins	START	1626452694434
USER	Admins	START	1626452694496
USER	Admins	START	1626452694554
USER	Admins	START	1626452694614
USER	Admins	START	1626452694673
USER	Admins	START	1626452694729
USER	Admins	START	1626452694789
USER	Admins	START	1626452694849
USER	Admins	START	1626452694906
USER	Admins	START	1626452694967
USER	Admins	START	1626452695023
USER	Admins	START	1626452695084
USER	Admins	START	1626452695142
USER	Admins	START	1626452695202
USER	Admins	START	1626452695259
USER	Admins	START	1626452695319
USER	Admins	START	1626452695376
USER	Admins	START	1626452695436
USER	Admins	START	1626452695494
USER	Admins	START	1626452695556
USER	Admins	START	1626452695615
USER	Admins	START	1626452695675
USER	Admins	START	1626452695734
USER	Admins	START	1626452695796
USER	Admins	START	1626452695859
USER	Admins	START	1626452695919
USER	Admins	START	1626452695984
USER	Admins	START	1626452696046
USER	Admins	START	1626452696105
USER	Admins	START	1626452696173
USER	Admins	START	1626452696233
USER	Admins	START	1626452696293
USER	Admins	START	1626452696358
USER	Admins	START	1626452696421
USER	Admins	START	1626452696485
USER	Admins	START	1626452696548
USER	Admins	START	1626452696610
USER	Admins	START	1626452696670
USER	Admins	START	1626452696729
USER	Admins	START	1626452696790
USER	Admins	START	1626452696846
USER	Admins	START	1626452696906
USER	Admins	START	1626452696966
USER	Admins	START	1626452697025
USER	Admins	START	1626452697084
USER	Admins	START	1626452697142
USER	Admins	START	1626452697200
USER	Admins	START	1626452697260
USER	Admins	START	1626452697317
USER	Admins	START	1626452697373
USER	Admins	START	1626452697435
USER	Admins	START	1626452697496
USER	Admins	START	1626452697555
USER	Admins	START	1626452697615
USER	Admins	START	1626452697673
USER	Admins	START	1626452697730
USER	Admins	START	1626452697790
USER	Admins	START	1626452697848
USER	Admins	START	1626452697908
USER	Admins	START	1626452697967
USER	Admins	START	1626452698024
USER	Admins	START	1626452698083
USER	Admins	START	1626452698143
USER	Admins	START	1626452698202
USER	Admins	START	1626452698258
USER	Admins	START	1626452698316
USER	Admins	START	1626452698378
USER	Admins	START	1626452698435
USER	Admins	START	1626452698492
USER	Admins	START	1626452698555
USER	Admins	START	1626452698612
USER	Admins	START	1626452698673
USER	Admins	START	1626452698730
USER	Admins	START	1626452698793
USER	Admins	START	1626452698857
USER	Admins	START	1626452698918
USER	Admins	START	1626452698984
USER	Admins	START	1626452699044
USER	Admins	START	1626452699109
USER	Admins	START	1626452699172
USER	Admins	START	1626452699234
USER	Admins	START	1626452699297
USER	Admins	START	1626452699355
USER	Admins	START	1626452699422
USER	Admins	START	1626452699484
USER	Admins	START	1626452699546
USER	Admins	START	1626452699609
USER	Admins	START	1626452699672
USER	Admins	START	1626452699726
USER	Admins	START	1626452699788
USER	Admins	START	1626452699845
USER	Admins	START	1626452699906
USER	Admins	START	1626452699966
USER	Admins	START	1626452700024
USER	Admins	START	1626452700083
USER	Admins	START	1626452700142
USER	Admins	START	1626452700201
USER	Admins	START	1626452700261
USER	Admins	START	1626452700321
USER	Admins	START	1626452700378
USER	Admins	START	1626452700436
USER	Admins	START	1626452700494
USER	Admins	START	1626452700554
USER	Admins	START	1626452700612
USER	Admins	START	1626452700673
USER	Admins	START	1626452700730
USER	Admins	START	1626452700790
USER	Admins	START	1626452700847
USER	Admins	START	1626452700907
USER	Admins	START	1626452700967
USER	Admins	START	1626452701024
USER	Admins	START	1626452701083
USER	Admins	START	1626452701143
USER	Admins	START	1626452701201
USER	Admins	START	1626452701258
USER	Admins	START	1626452701316
USER	Admins	START	1626452701377
USER	Admins	START	1626452701435
USER	Admins	START	1626452701492
USER	Admins	START	1626452701555
USER	Admins	START	1626452701610
USER	Admins	START	1626452701673
USER	Admins	START	1626452701734
USER	Admins	START	1626452701795
USER	Admins	START	1626452701858
USER	Admins	START	1626452701921
USER	Admins	START	1626452701982
USER	Admins	START	1626452702046
USER	Admins	START	1626452702109
USER	Admins	START	1626452702173
USER	Admins	START	1626452702233
USER	Admins	START	1626452702297
USER	Admins	START	1626452702357
USER	Admins	START	1626452702419
USER	Admins	START	1626452702484
USER	Admins	START	1626452702547
USER	Admins	START	1626452702610
USER	Admins	START	1626452702673
USER	Admins	START	1626452702729
USER	Admins	START	1626452702789
USER	Admins	START	1626452702843
USER	Admins	START	1626452702907
USER	Admins	START	1626452702966
USER	Admins	START	1626452703023
USER	Admins	START	1626452703082
USER	Admins	START	1626452703140
USER	Admins	START	1626452703202
USER	Admins	START	1626452703257
USER	Admins	START	1626452703320
USER	Admins	START	1626452703377
USER	Admins	START	1626452703433
USER	Admins	START	1626452703492
USER	Admins	START	1626452703553
USER	Admins	START	1626452703613
USER	Admins	START	1626452703673
USER	Admins	START	1626452703729
USER	Admins	START	1626452703789
USER	Admins	START	1626452703848
USER	Admins	START	1626452703905
USER	Admins	START	1626452703966
USER	Admins	START	1626452704020
USER	Admins	START	1626452704083
USER	Admins	START	1626452704143
USER	Admins	START	1626452704201
USER	Admins	START	1626452704260
USER	Admins	START	1626452704320
USER	Admins	START	1626452704377
USER	Admins	START	1626452704435
USER	Admins	START	1626452704496
USER	Admins	START	1626452704553
USER	Admins	START	1626452704612
USER	Admins	START	1626452704673
USER	Admins	START	1626452704729
USER	Admins	START	1626452704788
USER	Admins	START	1626452704848
USER	Admins	START	1626452704904
USER	Admins	START	1626452704965
USER	Admins	START	1626452705023
USER	Admins	START	1626452705082
USER	Admins	START	1626452705143
USER	Admins	START	1626452705201
USER	Admins	START	1626452705260
USER	Admins	START	1626452705319
USER	Admins	START	1626452705377
USER	Admins	START	1626452705433
USER	Admins	START	1626452705495
USER	Admins	START	1626452705551
USER	Admins	START	1626452705615
USER	Admins	START	1626452705673
USER	Admins	START	1626452705732
USER	Admins	START	1626452705796
USER	Admins	START	1626452705858
USER	Admins	START	1626452705923
USER	Admins	START	1626452705983
USER	Admins	START	1626452706046
USER	Admins	START	1626452706110
USER	Admins	START	1626452706171
USER	Admins	START	1626452706231
USER	Admins	START	1626452706297
USER	Admins	START	1626452706359
USER	Admins	START	1626452706420
USER	Admins	START	1626452706482
USER	Admins	START	1626452706548
USER	Admins	START	1626452706610
USER	Admins	START	1626452706673
USER	Admins	START	1626452706727
USER	Admins	START	1626452706784
USER	Admins	START	1626452706848
USER	Admins	START	1626452706902
USER	Admins	START	1626452706966
USER	Admins	START	1626452707022
USER	Admins	START	1626452707081
USER	Admins	START	1626452707140
USER	Admins	START	1626452707197
USER	Admins	START	1626452707259
USER	Admins	START	1626452707319
USER	Admins	START	1626452707376
USER	Admins	START	1626452707436
USER	Admins	START	1626452707493
USER	Admins	START	1626452707555
USER	Admins	START	1626452707613
USER	Admins	START	1626452707673
USER	Admins	START	1626452707732
USER	Admins	START	1626452707797
USER	Admins	START	1626452707859
USER	Admins	START	1626452707918
USER	Admins	START	1626452707982
USER	Admins	START	1626452708047
USER	Admins	START	1626452708109
USER	Admins	START	1626452708172
USER	Admins	START	1626452708233
USER	Admins	START	1626452708297
USER	Admins	START	1626452708359
USER	Admins	START	1626452708420
USER	Admins	START	1626452708484
USER	Admins	START	1626452708548
USER	Admins	START	1626452708610
USER	Admins	START	1626452708671
USER	Admins	START	1626452708731
USER	Admins	START	1626452708788
USER	Admins	START	1626452708848
USER	Admins	START	1626452708908
USER	Admins	START	1626452708966
USER	Admins	START	1626452709025
USER	Admins	START	1626452709080
USER	Admins	START	1626452709143
USER	Admins	START	1626452709198
USER	Admins	START	1626452709260
USER	Admins	START	1626452709319
USER	Admins	START	1626452709377
USER	Admins	START	1626452709435
USER	Admins	START	1626452709496
USER	Admins	START	1626452709552
USER	Admins	START	1626452709610
USER	Admins	START	1626452709673
USER	Admins	START	1626452709726
USER	Admins	START	1626452709787
USER	Admins	START	1626452709847
USER	Admins	START	1626452709906
USER	Admins	START	1626452709966
USER	Admins	START	1626452710024
USER	Admins	START	1626452710083
USER	Admins	START	1626452710140
USER	Admins	START	1626452710197
USER	Admins	START	1626452710260
USER	Admins	START	1626452710318
USER	Admins	START	1626452710378
USER	Admins	START	1626452710435
USER	Admins	START	1626452710495
USER	Admins	START	1626452710551
USER	Admins	START	1626452710609
USER	Admins	START	1626452710671
USER	Admins	START	1626452710734
USER	Admins	START	1626452710797
USER	Admins	START	1626452710859
USER	Admins	START	1626452710923
USER	Admins	START	1626452710980
USER	Admins	START	1626452711046
USER	Admins	START	1626452711110
USER	Admins	START	1626452711172
USER	Admins	START	1626452711234
USER	Admins	START	1626452711297
USER	Admins	START	1626452711360
USER	Admins	START	1626452711422
USER	Admins	START	1626452711484
USER	Admins	START	1626452711545
USER	Admins	START	1626452711609
USER	Admins	START	1626452711672
USER	Admins	START	1626452711728
USER	Admins	START	1626452711785
USER	Admins	START	1626452711848
USER	Admins	START	1626452711905
USER	Admins	START	1626452711967
USER	Admins	START	1626452712024
USER	Admins	START	1626452712084
USER	Admins	START	1626452712142
USER	Admins	START	1626452712202
USER	Admins	START	1626452712256
USER	Admins	START	1626452712317
USER	Admins	START	1626452712378
USER	Admins	START	1626452712434
USER	Admins	START	1626452712495
USER	Admins	START	1626452712554
USER	Admins	START	1626452712609
USER	Admins	START	1626452712668
USER	Admins	START	1626452712729
USER	Admins	START	1626452712789
USER	Admins	START	1626452712846
USER	Admins	START	1626452712905
USER	Admins	START	1626452712964
USER	Admins	START	1626452713025
USER	Admins	START	1626452713082
USER	Admins	START	1626452713142
USER	Admins	START	1626452713201
USER	Admins	START	1626452713260
USER	Admins	START	1626452713319
USER	Admins	START	1626452713377
USER	Admins	START	1626452713437
USER	Admins	START	1626452713496
USER	Admins	START	1626452713552
USER	Admins	START	1626452713612
USER	Admins	START	1626452713672
USER	Admins	START	1626452713731
USER	Admins	START	1626452713796
USER	Admins	START	1626452713859
USER	Admins	START	1626452713921
USER	Admins	START	1626452713984
USER	Admins	START	1626452714046
USER	Admins	START	1626452714109
USER	Admins	START	1626452714170
USER	Admins	START	1626452714233
USER	Admins	START	1626452714297
USER	Admins	START	1626452714358
USER	Admins	START	1626452714422
USER	Admins	START	1626452714480
USER	Admins	START	1626452714545
USER	Admins	START	1626452714608
USER	Admins	START	1626452714673
USER	Admins	START	1626452714729
USER	Admins	START	1626452714788
USER	Admins	START	1626452714844
USER	Admins	START	1626452714907
USER	Admins	START	1626452714966
USER	Admins	START	1626452715020
USER	Admins	START	1626452715079
USER	Admins	START	1626452715142
USER	Admins	START	1626452715201
USER	Admins	START	1626452715260
USER	Admins	START	1626452715319
USER	Admins	START	1626452715377
USER	Admins	START	1626452715436
USER	Admins	START	1626452715494
USER	Admins	START	1626452715553
USER	Admins	START	1626452715614
USER	Admins	START	1626452715673
USER	Admins	START	1626452715726
USER	Admins	START	1626452715789
USER	Admins	START	1626452715848
USER	Admins	START	1626452715907
USER	Admins	START	1626452715966
USER	Admins	START	1626452716023
USER	Admins	START	1626452716083
USER	Admins	START	1626452716141
USER	Admins	START	1626452716200
USER	Admins	START	1626452716259
USER	Admins	START	1626452716318
USER	Admins	START	1626452716377
USER	Admins	START	1626452716436
USER	Admins	START	1626452716494
USER	Admins	START	1626452716553
USER	Admins	START	1626452716613
USER	Admins	START	1626452716669
USER	Admins	START	1626452716725
USER	Admins	START	1626452716787
USER	Admins	START	1626452716847
USER	Admins	START	1626452716907
USER	Admins	START	1626452716965
USER	Admins	START	1626452717023
USER	Admins	START	1626452717079
USER	Admins	START	1626452717140
USER	Admins	START	1626452717200
USER	Admins	START	1626452717260
USER	Admins	START	1626452717316
USER	Admins	START	1626452717377
USER	Admins	START	1626452717434
USER	Admins	START	1626452717495
USER	Admins	START	1626452717550
USER	Admins	START	1626452717609
USER	Admins	START	1626452717668
USER	Admins	START	1626452717731
USER	Admins	START	1626452717795
USER	Admins	START	1626452717858
USER	Admins	START	1626452717921
USER	Admins	START	1626452717983
USER	Admins	START	1626452718047
USER	Admins	START	1626452718109
USER	Admins	START	1626452718170
USER	Admins	START	1626452718233
USER	Admins	START	1626452718296
USER	Admins	START	1626452718359
USER	Admins	START	1626452718420
USER	Admins	START	1626452718484
USER	Admins	START	1626452718548
USER	Admins	START	1626452718610
USER	Admins	START	1626452718672
USER	Admins	START	1626452718729
USER	Admins	START	1626452718788
USER	Admins	START	1626452718848
USER	Admins	START	1626452718907
USER	Admins	START	1626452718966
USER	Admins	START	1626452719024
USER	Admins	START	1626452719082
USER	Admins	START	1626452719140
USER	Admins	START	1626452719201
USER	Admins	START	1626452719260
USER	Admins	START	1626452719319
USER	Admins	START	1626452719377
USER	Admins	START	1626452719436
USER	Admins	START	1626452719493
USER	Admins	START	1626452719554
USER	Admins	START	1626452719611
USER	Admins	START	1626452719671
USER	Admins	START	1626452719732
USER	Admins	START	1626452719796
USER	Admins	START	1626452719859
USER	Admins	START	1626452719920
USER	Admins	START	1626452719982
USER	Admins	START	1626452720046
USER	Admins	START	1626452720104
USER	Admins	START	1626452720172
USER	Admins	START	1626452720233
USER	Admins	START	1626452720294
USER	Admins	START	1626452720359
USER	Admins	START	1626452720420
USER	Admins	START	1626452720484
USER	Admins	START	1626452720548
USER	Admins	START	1626452720609
REQUEST		Get Ubigeo	1626452690695	1626452725285	OK	 
USER	Admins	END	1626452725295
REQUEST		Get Ubigeo	1626452690731	1626452727203	OK	 
USER	Admins	END	1626452727203
REQUEST		Get Ubigeo	1626452690791	1626452727263	OK	 
USER	Admins	END	1626452727263
REQUEST		Get Ubigeo	1626452691087	1626452729077	OK	 
USER	Admins	END	1626452729078
REQUEST		Get Ubigeo	1626452691265	1626452729086	OK	 
USER	Admins	END	1626452729086
REQUEST		Get Ubigeo	1626452690911	1626452729096	OK	 
USER	Admins	END	1626452729097
REQUEST		Get Ubigeo	1626452691786	1626452730667	OK	 
USER	Admins	END	1626452730667
REQUEST		Get Ubigeo	1626452691968	1626452730696	OK	 
USER	Admins	END	1626452730696
REQUEST		Get Ubigeo	1626452691381	1626452730959	OK	 
USER	Admins	END	1626452730959
REQUEST		Get Ubigeo	1626452691618	1626452731242	OK	 
USER	Admins	END	1626452731243
REQUEST		Get Ubigeo	1626452690970	1626452731247	OK	 
USER	Admins	END	1626452731247
REQUEST		Get Ubigeo	1626452690852	1626452731252	OK	 
USER	Admins	END	1626452731252
REQUEST		Get Ubigeo	1626452691028	1626452731296	OK	 
USER	Admins	END	1626452731296
REQUEST		Get Ubigeo	1626452691146	1626452731432	OK	 
USER	Admins	END	1626452731433
REQUEST		Get Ubigeo	1626452691205	1626452731541	OK	 
USER	Admins	END	1626452731541
REQUEST		Get Ubigeo	1626452691324	1626452731606	OK	 
USER	Admins	END	1626452731606
REQUEST		Get Ubigeo	1626452691441	1626452732097	OK	 
USER	Admins	END	1626452732098
REQUEST		Get Ubigeo	1626452691501	1626452732102	OK	 
USER	Admins	END	1626452732102
REQUEST		Get Ubigeo	1626452691560	1626452732108	OK	 
USER	Admins	END	1626452732109
REQUEST		Get Ubigeo	1626452691731	1626452732113	OK	 
USER	Admins	END	1626452732113
REQUEST		Get Ubigeo	1626452691677	1626452732133	OK	 
USER	Admins	END	1626452732134
REQUEST		Get Ubigeo	1626452691850	1626452732140	OK	 
USER	Admins	END	1626452732140
REQUEST		Get Ubigeo	1626452691908	1626452732239	OK	 
USER	Admins	END	1626452732240
REQUEST		Get Ubigeo	1626452692022	1626452732377	OK	 
USER	Admins	END	1626452732377
REQUEST		Get Ubigeo	1626452692082	1626452732382	OK	 
USER	Admins	END	1626452732382
REQUEST		Get Ubigeo	1626452692145	1626452732448	OK	 
USER	Admins	END	1626452732449
REQUEST		Get Ubigeo	1626452692199	1626452732526	OK	 
USER	Admins	END	1626452732527
REQUEST		Get Ubigeo	1626452692262	1626452732589	OK	 
USER	Admins	END	1626452732589
REQUEST		Get Ubigeo	1626452692323	1626452732627	OK	 
USER	Admins	END	1626452732627
REQUEST		Get Ubigeo	1626452692380	1626452732632	OK	 
USER	Admins	END	1626452732632
REQUEST		Get Ubigeo	1626452692440	1626452732694	OK	 
USER	Admins	END	1626452732695
REQUEST		Get Ubigeo	1626452692495	1626452732746	OK	 
USER	Admins	END	1626452732746
REQUEST		Get Ubigeo	1626452692555	1626452732891	OK	 
USER	Admins	END	1626452732892
REQUEST		Get Ubigeo	1626452692615	1626452732924	OK	 
USER	Admins	END	1626452732924
REQUEST		Get Ubigeo	1626452692675	1626452732975	OK	 
USER	Admins	END	1626452732975
REQUEST		Get Ubigeo	1626452692797	1626452733049	OK	 
USER	Admins	END	1626452733049
REQUEST		Get Ubigeo	1626452692734	1626452733066	OK	 
USER	Admins	END	1626452733067
REQUEST		Get Ubigeo	1626452692858	1626452733155	OK	 
USER	Admins	END	1626452733155
REQUEST		Get Ubigeo	1626452692922	1626452733202	OK	 
USER	Admins	END	1626452733203
REQUEST		Get Ubigeo	1626452692985	1626452733252	OK	 
USER	Admins	END	1626452733253
REQUEST		Get Ubigeo	1626452693047	1626452733323	OK	 
USER	Admins	END	1626452733323
REQUEST		Get Ubigeo	1626452693109	1626452733416	OK	 
USER	Admins	END	1626452733416
REQUEST		Get Ubigeo	1626452693172	1626452733473	OK	 
USER	Admins	END	1626452733473
REQUEST		Get Ubigeo	1626452693233	1626452733503	OK	 
USER	Admins	END	1626452733503
REQUEST		Get Ubigeo	1626452693296	1626452733545	OK	 
USER	Admins	END	1626452733546
REQUEST		Get Ubigeo	1626452693422	1626452733693	OK	 
USER	Admins	END	1626452733693
REQUEST		Get Ubigeo	1626452693360	1626452733698	OK	 
USER	Admins	END	1626452733698
REQUEST		Get Ubigeo	1626452693485	1626452733740	OK	 
USER	Admins	END	1626452733740
REQUEST		Get Ubigeo	1626452693548	1626452733832	OK	 
USER	Admins	END	1626452733832
REQUEST		Get Ubigeo	1626452693610	1626452733951	OK	 
USER	Admins	END	1626452733951
REQUEST		Get Ubigeo	1626452693674	1626452733974	OK	 
USER	Admins	END	1626452733975
REQUEST		Get Ubigeo	1626452693730	1626452733984	OK	 
USER	Admins	END	1626452733985
REQUEST		Get Ubigeo	1626452693786	1626452734056	OK	 
USER	Admins	END	1626452734056
REQUEST		Get Ubigeo	1626452693844	1626452734089	OK	 
USER	Admins	END	1626452734089
REQUEST		Get Ubigeo	1626452693905	1626452734208	OK	 
USER	Admins	END	1626452734209
REQUEST		Get Ubigeo	1626452693966	1626452734220	OK	 
USER	Admins	END	1626452734220
REQUEST		Get Ubigeo	1626452694022	1626452734317	OK	 
USER	Admins	END	1626452734317
REQUEST		Get Ubigeo	1626452694084	1626452734332	OK	 
USER	Admins	END	1626452734332
REQUEST		Get Ubigeo	1626452694142	1626452734410	OK	 
USER	Admins	END	1626452734411
REQUEST		Get Ubigeo	1626452694202	1626452734466	OK	 
USER	Admins	END	1626452734467
REQUEST		Get Ubigeo	1626452694256	1626452734518	OK	 
USER	Admins	END	1626452734519
REQUEST		Get Ubigeo	1626452694319	1626452734575	OK	 
USER	Admins	END	1626452734576
REQUEST		Get Ubigeo	1626452694377	1626452734671	OK	 
USER	Admins	END	1626452734671
REQUEST		Get Ubigeo	1626452694435	1626452734768	OK	 
USER	Admins	END	1626452734768
REQUEST		Get Ubigeo	1626452694497	1626452734792	OK	 
USER	Admins	END	1626452734792
REQUEST		Get Ubigeo	1626452694554	1626452734834	OK	 
USER	Admins	END	1626452734834
REQUEST		Get Ubigeo	1626452694614	1626452734923	OK	 
USER	Admins	END	1626452734923
REQUEST		Get Ubigeo	1626452694673	1626452734965	OK	 
USER	Admins	END	1626452734965
REQUEST		Get Ubigeo	1626452694730	1626452734990	OK	 
USER	Admins	END	1626452734990
REQUEST		Get Ubigeo	1626452694790	1626452735030	OK	 
USER	Admins	END	1626452735030
REQUEST		Get Ubigeo	1626452694849	1626452735098	OK	 
USER	Admins	END	1626452735098
REQUEST		Get Ubigeo	1626452694906	1626452735169	OK	 
USER	Admins	END	1626452735169
REQUEST		Get Ubigeo	1626452694967	1626452735250	OK	 
USER	Admins	END	1626452735250
REQUEST		Get Ubigeo	1626452695023	1626452735496	OK	 
USER	Admins	END	1626452735496
REQUEST		Get Ubigeo	1626452695084	1626452735501	OK	 
USER	Admins	END	1626452735501
REQUEST		Get Ubigeo	1626452695202	1626452735505	OK	 
USER	Admins	END	1626452735505
REQUEST		Get Ubigeo	1626452695142	1626452735509	OK	 
USER	Admins	END	1626452735510
REQUEST		Get Ubigeo	1626452695259	1626452735546	OK	 
USER	Admins	END	1626452735546
REQUEST		Get Ubigeo	1626452695319	1626452735621	OK	 
USER	Admins	END	1626452735621
REQUEST		Get Ubigeo	1626452695376	1626452735633	OK	 
USER	Admins	END	1626452735633
REQUEST		Get Ubigeo	1626452695437	1626452735714	OK	 
USER	Admins	END	1626452735714
REQUEST		Get Ubigeo	1626452695494	1626452735788	OK	 
USER	Admins	END	1626452735788
REQUEST		Get Ubigeo	1626452695556	1626452735869	OK	 
USER	Admins	END	1626452735869
REQUEST		Get Ubigeo	1626452695615	1626452735915	OK	 
USER	Admins	END	1626452735915
REQUEST		Get Ubigeo	1626452695675	1626452735985	OK	 
USER	Admins	END	1626452735985
REQUEST		Get Ubigeo	1626452695796	1626452736045	OK	 
USER	Admins	END	1626452736045
REQUEST		Get Ubigeo	1626452695735	1626452736074	OK	 
USER	Admins	END	1626452736075
REQUEST		Get Ubigeo	1626452695919	1626452736185	OK	 
USER	Admins	END	1626452736185
REQUEST		Get Ubigeo	1626452695859	1626452736198	OK	 
USER	Admins	END	1626452736199
REQUEST		Get Ubigeo	1626452695984	1626452736301	OK	 
USER	Admins	END	1626452736302
REQUEST		Get Ubigeo	1626452696047	1626452736348	OK	 
USER	Admins	END	1626452736348
REQUEST		Get Ubigeo	1626452696105	1626452736394	OK	 
USER	Admins	END	1626452736394
REQUEST		Get Ubigeo	1626452696173	1626452736488	OK	 
USER	Admins	END	1626452736488
REQUEST		Get Ubigeo	1626452696234	1626452736517	OK	 
USER	Admins	END	1626452736517
REQUEST		Get Ubigeo	1626452696293	1626452736620	OK	 
USER	Admins	END	1626452736620
REQUEST		Get Ubigeo	1626452696358	1626452736678	OK	 
USER	Admins	END	1626452736678
REQUEST		Get Ubigeo	1626452696421	1626452736769	OK	 
USER	Admins	END	1626452736769
REQUEST		Get Ubigeo	1626452696485	1626452736787	OK	 
USER	Admins	END	1626452736787
REQUEST		Get Ubigeo	1626452696548	1626452736868	OK	 
USER	Admins	END	1626452736868
REQUEST		Get Ubigeo	1626452696610	1626452736874	OK	 
USER	Admins	END	1626452736875
REQUEST		Get Ubigeo	1626452696670	1626452736984	OK	 
USER	Admins	END	1626452736985
REQUEST		Get Ubigeo	1626452696729	1626452737060	OK	 
USER	Admins	END	1626452737060
REQUEST		Get Ubigeo	1626452696846	1626452737127	OK	 
USER	Admins	END	1626452737127
REQUEST		Get Ubigeo	1626452696790	1626452737140	OK	 
USER	Admins	END	1626452737141
REQUEST		Get Ubigeo	1626452696967	1626452737253	OK	 
USER	Admins	END	1626452737253
REQUEST		Get Ubigeo	1626452696907	1626452737258	OK	 
USER	Admins	END	1626452737258
REQUEST		Get Ubigeo	1626452697025	1626452737367	OK	 
USER	Admins	END	1626452737367
REQUEST		Get Ubigeo	1626452697084	1626452737394	OK	 
USER	Admins	END	1626452737395
REQUEST		Get Ubigeo	1626452697200	1626452737509	OK	 
USER	Admins	END	1626452737510
REQUEST		Get Ubigeo	1626452697142	1626452737524	OK	 
USER	Admins	END	1626452737525
REQUEST		Get Ubigeo	1626452697260	1626452737563	OK	 
USER	Admins	END	1626452737563
REQUEST		Get Ubigeo	1626452697318	1626452737659	OK	 
USER	Admins	END	1626452737659
REQUEST		Get Ubigeo	1626452697374	1626452737681	OK	 
USER	Admins	END	1626452737681
REQUEST		Get Ubigeo	1626452697496	1626452737749	OK	 
USER	Admins	END	1626452737749
REQUEST		Get Ubigeo	1626452697435	1626452737762	OK	 
USER	Admins	END	1626452737763
REQUEST		Get Ubigeo	1626452697556	1626452737808	OK	 
USER	Admins	END	1626452737809
REQUEST		Get Ubigeo	1626452697615	1626452737923	OK	 
USER	Admins	END	1626452737923
REQUEST		Get Ubigeo	1626452697673	1626452737937	OK	 
USER	Admins	END	1626452737937
REQUEST		Get Ubigeo	1626452697730	1626452738020	OK	 
USER	Admins	END	1626452738021
REQUEST		Get Ubigeo	1626452697790	1626452738048	OK	 
USER	Admins	END	1626452738049
REQUEST		Get Ubigeo	1626452697848	1626452738162	OK	 
USER	Admins	END	1626452738163
REQUEST		Get Ubigeo	1626452697908	1626452738268	OK	 
USER	Admins	END	1626452738269
REQUEST		Get Ubigeo	1626452698024	1626452738278	OK	 
USER	Admins	END	1626452738279
REQUEST		Get Ubigeo	1626452697967	1626452738315	OK	 
USER	Admins	END	1626452738315
REQUEST		Get Ubigeo	1626452698084	1626452738390	OK	 
USER	Admins	END	1626452738390
REQUEST		Get Ubigeo	1626452698143	1626452738465	OK	 
USER	Admins	END	1626452738465
REQUEST		Get Ubigeo	1626452698202	1626452738531	OK	 
USER	Admins	END	1626452738531
REQUEST		Get Ubigeo	1626452698259	1626452738565	OK	 
USER	Admins	END	1626452738566
REQUEST		Get Ubigeo	1626452698316	1626452738593	OK	 
USER	Admins	END	1626452738593
REQUEST		Get Ubigeo	1626452698378	1626452738681	OK	 
USER	Admins	END	1626452738681
REQUEST		Get Ubigeo	1626452698435	1626452738686	OK	 
USER	Admins	END	1626452738686
REQUEST		Get Ubigeo	1626452698492	1626452738775	OK	 
USER	Admins	END	1626452738775
REQUEST		Get Ubigeo	1626452698555	1626452738824	OK	 
USER	Admins	END	1626452738824
REQUEST		Get Ubigeo	1626452698673	1626452738929	OK	 
USER	Admins	END	1626452738929
REQUEST		Get Ubigeo	1626452698612	1626452738950	OK	 
USER	Admins	END	1626452738950
REQUEST		Get Ubigeo	1626452698730	1626452738985	OK	 
USER	Admins	END	1626452738985
REQUEST		Get Ubigeo	1626452698793	1626452739061	OK	 
USER	Admins	END	1626452739061
REQUEST		Get Ubigeo	1626452698857	1626452739154	OK	 
USER	Admins	END	1626452739154
REQUEST		Get Ubigeo	1626452698918	1626452739258	OK	 
USER	Admins	END	1626452739258
REQUEST		Get Ubigeo	1626452698984	1626452739329	OK	 
USER	Admins	END	1626452739329
REQUEST		Get Ubigeo	1626452699044	1626452739353	OK	 
USER	Admins	END	1626452739354
REQUEST		Get Ubigeo	1626452699109	1626452739358	OK	 
USER	Admins	END	1626452739358
REQUEST		Get Ubigeo	1626452699235	1626452739492	OK	 
USER	Admins	END	1626452739492
REQUEST		Get Ubigeo	1626452699172	1626452739498	OK	 
USER	Admins	END	1626452739498
REQUEST		Get Ubigeo	1626452699298	1626452739568	OK	 
USER	Admins	END	1626452739568
REQUEST		Get Ubigeo	1626452699356	1626452739631	OK	 
USER	Admins	END	1626452739632
REQUEST		Get Ubigeo	1626452699423	1626452739723	OK	 
USER	Admins	END	1626452739724
REQUEST		Get Ubigeo	1626452699484	1626452739767	OK	 
USER	Admins	END	1626452739768
REQUEST		Get Ubigeo	1626452699546	1626452739851	OK	 
USER	Admins	END	1626452739852
REQUEST		Get Ubigeo	1626452699609	1626452739860	OK	 
USER	Admins	END	1626452739861
REQUEST		Get Ubigeo	1626452699672	1626452739918	OK	 
USER	Admins	END	1626452739918
REQUEST		Get Ubigeo	1626452699788	1626452740064	OK	 
USER	Admins	END	1626452740064
REQUEST		Get Ubigeo	1626452699727	1626452740087	OK	 
USER	Admins	END	1626452740088
REQUEST		Get Ubigeo	1626452699846	1626452740171	OK	 
USER	Admins	END	1626452740171
REQUEST		Get Ubigeo	1626452699906	1626452740199	OK	 
USER	Admins	END	1626452740199
REQUEST		Get Ubigeo	1626452699966	1626452740234	OK	 
USER	Admins	END	1626452740235
REQUEST		Get Ubigeo	1626452700024	1626452740308	OK	 
USER	Admins	END	1626452740308
REQUEST		Get Ubigeo	1626452700084	1626452740387	OK	 
USER	Admins	END	1626452740387
REQUEST		Get Ubigeo	1626452700142	1626452740396	OK	 
USER	Admins	END	1626452740396
REQUEST		Get Ubigeo	1626452700201	1626452740459	OK	 
USER	Admins	END	1626452740459
REQUEST		Get Ubigeo	1626452700261	1626452740517	OK	 
USER	Admins	END	1626452740517
REQUEST		Get Ubigeo	1626452700321	1626452740586	OK	 
USER	Admins	END	1626452740587
REQUEST		Get Ubigeo	1626452700378	1626452740723	OK	 
USER	Admins	END	1626452740723
REQUEST		Get Ubigeo	1626452700494	1626452740772	OK	 
USER	Admins	END	1626452740772
REQUEST		Get Ubigeo	1626452700436	1626452740780	OK	 
USER	Admins	END	1626452740781
REQUEST		Get Ubigeo	1626452700554	1626452740850	OK	 
USER	Admins	END	1626452740851
REQUEST		Get Ubigeo	1626452700674	1626452740921	OK	 
USER	Admins	END	1626452740921
REQUEST		Get Ubigeo	1626452700612	1626452740939	OK	 
USER	Admins	END	1626452740940
REQUEST		Get Ubigeo	1626452700730	1626452741035	OK	 
USER	Admins	END	1626452741035
REQUEST		Get Ubigeo	1626452700790	1626452741059	OK	 
USER	Admins	END	1626452741059
REQUEST		Get Ubigeo	1626452700847	1626452741138	OK	 
USER	Admins	END	1626452741139
REQUEST		Get Ubigeo	1626452700907	1626452741190	OK	 
USER	Admins	END	1626452741190
REQUEST		Get Ubigeo	1626452700967	1626452741237	OK	 
USER	Admins	END	1626452741237
REQUEST		Get Ubigeo	1626452701024	1626452741335	OK	 
USER	Admins	END	1626452741335
REQUEST		Get Ubigeo	1626452701084	1626452741427	OK	 
USER	Admins	END	1626452741427
REQUEST		Get Ubigeo	1626452701201	1626452741461	OK	 
USER	Admins	END	1626452741462
REQUEST		Get Ubigeo	1626452701143	1626452741489	OK	 
USER	Admins	END	1626452741489
REQUEST		Get Ubigeo	1626452701258	1626452741598	OK	 
USER	Admins	END	1626452741599
REQUEST		Get Ubigeo	1626452701316	1626452741605	OK	 
USER	Admins	END	1626452741605
REQUEST		Get Ubigeo	1626452701673	1626452742123	OK	 
USER	Admins	END	1626452742123
REQUEST		Get Ubigeo	1626452701493	1626452742130	OK	 
USER	Admins	END	1626452742131
REQUEST		Get Ubigeo	1626452701378	1626452742142	OK	 
USER	Admins	END	1626452742142
REQUEST		Get Ubigeo	1626452701555	1626452742148	OK	 
USER	Admins	END	1626452742148
REQUEST		Get Ubigeo	1626452701734	1626452742153	OK	 
USER	Admins	END	1626452742154
REQUEST		Get Ubigeo	1626452701435	1626452742159	OK	 
USER	Admins	END	1626452742160
REQUEST		Get Ubigeo	1626452701610	1626452742166	OK	 
USER	Admins	END	1626452742166
REQUEST		Get Ubigeo	1626452701795	1626452742172	OK	 
USER	Admins	END	1626452742172
REQUEST		Get Ubigeo	1626452701859	1626452742202	OK	 
USER	Admins	END	1626452742203
REQUEST		Get Ubigeo	1626452701982	1626452742384	OK	 
USER	Admins	END	1626452742385
REQUEST		Get Ubigeo	1626452701922	1626452742388	OK	 
USER	Admins	END	1626452742388
REQUEST		Get Ubigeo	1626452702173	1626452742491	OK	 
USER	Admins	END	1626452742491
REQUEST		Get Ubigeo	1626452702233	1626452742590	OK	 
USER	Admins	END	1626452742590
REQUEST		Get Ubigeo	1626452702046	1626452742597	OK	 
USER	Admins	END	1626452742597
REQUEST		Get Ubigeo	1626452702109	1626452742636	OK	 
USER	Admins	END	1626452742637
REQUEST		Get Ubigeo	1626452702297	1626452742640	OK	 
USER	Admins	END	1626452742641
REQUEST		Get Ubigeo	1626452702419	1626452742671	OK	 
USER	Admins	END	1626452742671
REQUEST		Get Ubigeo	1626452702358	1626452742675	OK	 
USER	Admins	END	1626452742675
REQUEST		Get Ubigeo	1626452702484	1626452742790	OK	 
USER	Admins	END	1626452742791
REQUEST		Get Ubigeo	1626452702548	1626452742843	OK	 
USER	Admins	END	1626452742843
REQUEST		Get Ubigeo	1626452702610	1626452742895	OK	 
USER	Admins	END	1626452742895
REQUEST		Get Ubigeo	1626452702729	1626452742978	OK	 
USER	Admins	END	1626452742979
REQUEST		Get Ubigeo	1626452702673	1626452742998	OK	 
USER	Admins	END	1626452742998
REQUEST		Get Ubigeo	1626452702789	1626452743086	OK	 
USER	Admins	END	1626452743087
REQUEST		Get Ubigeo	1626452702844	1626452743111	OK	 
USER	Admins	END	1626452743112
REQUEST		Get Ubigeo	1626452702907	1626452743160	OK	 
USER	Admins	END	1626452743160
REQUEST		Get Ubigeo	1626452702966	1626452743279	OK	 
USER	Admins	END	1626452743279
REQUEST		Get Ubigeo	1626452703023	1626452743292	OK	 
USER	Admins	END	1626452743293
REQUEST		Get Ubigeo	1626452703082	1626452743387	OK	 
USER	Admins	END	1626452743387
REQUEST		Get Ubigeo	1626452703140	1626452743398	OK	 
USER	Admins	END	1626452743398
REQUEST		Get Ubigeo	1626452703202	1626452743455	OK	 
USER	Admins	END	1626452743455
REQUEST		Get Ubigeo	1626452703257	1626452743551	OK	 
USER	Admins	END	1626452743551
REQUEST		Get Ubigeo	1626452703321	1626452743586	OK	 
USER	Admins	END	1626452743586
REQUEST		Get Ubigeo	1626452703377	1626452743643	OK	 
USER	Admins	END	1626452743643
REQUEST		Get Ubigeo	1626452703433	1626452743747	OK	 
USER	Admins	END	1626452743748
REQUEST		Get Ubigeo	1626452703492	1626452743789	OK	 
USER	Admins	END	1626452743789
REQUEST		Get Ubigeo	1626452703554	1626452743874	OK	 
USER	Admins	END	1626452743874
REQUEST		Get Ubigeo	1626452703614	1626452743887	OK	 
USER	Admins	END	1626452743888
REQUEST		Get Ubigeo	1626452703673	1626452744022	OK	 
USER	Admins	END	1626452744022
REQUEST		Get Ubigeo	1626452703729	1626452744040	OK	 
USER	Admins	END	1626452744041
REQUEST		Get Ubigeo	1626452703789	1626452744053	OK	 
USER	Admins	END	1626452744053
REQUEST		Get Ubigeo	1626452703849	1626452744104	OK	 
USER	Admins	END	1626452744105
REQUEST		Get Ubigeo	1626452703966	1626452744218	OK	 
USER	Admins	END	1626452744218
REQUEST		Get Ubigeo	1626452703906	1626452744264	OK	 
USER	Admins	END	1626452744264
REQUEST		Get Ubigeo	1626452704020	1626452744322	OK	 
USER	Admins	END	1626452744323
REQUEST		Get Ubigeo	1626452704083	1626452744449	OK	 
USER	Admins	END	1626452744450
REQUEST		Get Ubigeo	1626452704143	1626452744456	OK	 
USER	Admins	END	1626452744457
REQUEST		Get Ubigeo	1626452704201	1626452744472	OK	 
USER	Admins	END	1626452744472
REQUEST		Get Ubigeo	1626452704320	1626452744561	OK	 
USER	Admins	END	1626452744561
REQUEST		Get Ubigeo	1626452704260	1626452744598	OK	 
USER	Admins	END	1626452744598
REQUEST		Get Ubigeo	1626452704377	1626452744624	OK	 
USER	Admins	END	1626452744624
REQUEST		Get Ubigeo	1626452704436	1626452744747	OK	 
USER	Admins	END	1626452744747
REQUEST		Get Ubigeo	1626452704496	1626452744762	OK	 
USER	Admins	END	1626452744762
REQUEST		Get Ubigeo	1626452704553	1626452744804	OK	 
USER	Admins	END	1626452744804
REQUEST		Get Ubigeo	1626452704613	1626452744955	OK	 
USER	Admins	END	1626452744956
REQUEST		Get Ubigeo	1626452704673	1626452744993	OK	 
USER	Admins	END	1626452744993
REQUEST		Get Ubigeo	1626452704729	1626452744998	OK	 
USER	Admins	END	1626452744998
REQUEST		Get Ubigeo	1626452704788	1626452745098	OK	 
USER	Admins	END	1626452745098
REQUEST		Get Ubigeo	1626452704904	1626452745193	OK	 
USER	Admins	END	1626452745193
REQUEST		Get Ubigeo	1626452704848	1626452745205	OK	 
USER	Admins	END	1626452745206
REQUEST		Get Ubigeo	1626452704965	1626452745241	OK	 
USER	Admins	END	1626452745241
REQUEST		Get Ubigeo	1626452705023	1626452745487	OK	 
USER	Admins	END	1626452745487
REQUEST		Get Ubigeo	1626452705082	1626452745492	OK	 
USER	Admins	END	1626452745492
REQUEST		Get Ubigeo	1626452705143	1626452745497	OK	 
USER	Admins	END	1626452745497
REQUEST		Get Ubigeo	1626452705201	1626452745511	OK	 
USER	Admins	END	1626452745512
REQUEST		Get Ubigeo	1626452705261	1626452745601	OK	 
USER	Admins	END	1626452745601
REQUEST		Get Ubigeo	1626452705319	1626452745782	OK	 
USER	Admins	END	1626452745783
REQUEST		Get Ubigeo	1626452705378	1626452745788	OK	 
USER	Admins	END	1626452745789
REQUEST		Get Ubigeo	1626452705433	1626452745793	OK	 
USER	Admins	END	1626452745794
REQUEST		Get Ubigeo	1626452705495	1626452745799	OK	 
USER	Admins	END	1626452745800
REQUEST		Get Ubigeo	1626452705551	1626452745868	OK	 
USER	Admins	END	1626452745869
REQUEST		Get Ubigeo	1626452705615	1626452745878	OK	 
USER	Admins	END	1626452745879
REQUEST		Get Ubigeo	1626452705673	1626452746058	OK	 
USER	Admins	END	1626452746059
REQUEST		Get Ubigeo	1626452705732	1626452746064	OK	 
USER	Admins	END	1626452746064
REQUEST		Get Ubigeo	1626452705796	1626452746068	OK	 
USER	Admins	END	1626452746068
REQUEST		Get Ubigeo	1626452705858	1626452746325	OK	 
USER	Admins	END	1626452746325
REQUEST		Get Ubigeo	1626452705923	1626452746330	OK	 
USER	Admins	END	1626452746330
REQUEST		Get Ubigeo	1626452706047	1626452746404	OK	 
USER	Admins	END	1626452746405
REQUEST		Get Ubigeo	1626452705983	1626452746408	OK	 
USER	Admins	END	1626452746409
REQUEST		Get Ubigeo	1626452706110	1626452746499	OK	 
USER	Admins	END	1626452746499
REQUEST		Get Ubigeo	1626452706231	1626452746542	OK	 
USER	Admins	END	1626452746542
REQUEST		Get Ubigeo	1626452706172	1626452746679	OK	 
USER	Admins	END	1626452746680
REQUEST		Get Ubigeo	1626452706297	1626452746685	OK	 
USER	Admins	END	1626452746685
REQUEST		Get Ubigeo	1626452706359	1626452746691	OK	 
USER	Admins	END	1626452746692
REQUEST		Get Ubigeo	1626452706420	1626452746697	OK	 
USER	Admins	END	1626452746697
REQUEST		Get Ubigeo	1626452706482	1626452746859	OK	 
USER	Admins	END	1626452746859
REQUEST		Get Ubigeo	1626452706548	1626452746864	OK	 
USER	Admins	END	1626452746864
REQUEST		Get Ubigeo	1626452706610	1626452747041	OK	 
USER	Admins	END	1626452747042
REQUEST		Get Ubigeo	1626452706673	1626452747046	OK	 
USER	Admins	END	1626452747046
REQUEST		Get Ubigeo	1626452706727	1626452747051	OK	 
USER	Admins	END	1626452747051
REQUEST		Get Ubigeo	1626452706784	1626452747223	OK	 
USER	Admins	END	1626452747223
REQUEST		Get Ubigeo	1626452706848	1626452747227	OK	 
USER	Admins	END	1626452747227
REQUEST		Get Ubigeo	1626452707023	1626452747372	OK	 
USER	Admins	END	1626452747373
REQUEST		Get Ubigeo	1626452706966	1626452747377	OK	 
USER	Admins	END	1626452747377
REQUEST		Get Ubigeo	1626452707141	1626452747393	OK	 
USER	Admins	END	1626452747393
REQUEST		Get Ubigeo	1626452707081	1626452747555	OK	 
USER	Admins	END	1626452747555
REQUEST		Get Ubigeo	1626452707197	1626452747561	OK	 
USER	Admins	END	1626452747561
REQUEST		Get Ubigeo	1626452707259	1626452747581	OK	 
USER	Admins	END	1626452747581
REQUEST		Get Ubigeo	1626452707319	1626452747735	OK	 
USER	Admins	END	1626452747736
REQUEST		Get Ubigeo	1626452707377	1626452747742	OK	 
USER	Admins	END	1626452747743
REQUEST		Get Ubigeo	1626452706903	1626452747751	OK	 
USER	Admins	END	1626452747752
REQUEST		Get Ubigeo	1626452707493	1626452747757	OK	 
USER	Admins	END	1626452747758
REQUEST		Get Ubigeo	1626452707613	1626452747913	OK	 
USER	Admins	END	1626452747915
REQUEST		Get Ubigeo	1626452707555	1626452747923	OK	 
USER	Admins	END	1626452747923
REQUEST		Get Ubigeo	1626452707436	1626452747932	OK	 
USER	Admins	END	1626452747932
REQUEST		Get Ubigeo	1626452707797	1626452748100	OK	 
USER	Admins	END	1626452748100
REQUEST		Get Ubigeo	1626452707733	1626452748114	OK	 
USER	Admins	END	1626452748116
REQUEST		Get Ubigeo	1626452707859	1626452748124	OK	 
USER	Admins	END	1626452748124
REQUEST		Get Ubigeo	1626452707919	1626452748295	OK	 
USER	Admins	END	1626452748296
REQUEST		Get Ubigeo	1626452707982	1626452748306	OK	 
USER	Admins	END	1626452748307
REQUEST		Get Ubigeo	1626452707673	1626452748427	OK	 
USER	Admins	END	1626452748428
REQUEST		Get Ubigeo	1626452708109	1626452748432	OK	 
USER	Admins	END	1626452748433
REQUEST		Get Ubigeo	1626452708047	1626452748437	OK	 
USER	Admins	END	1626452748437
REQUEST		Get Ubigeo	1626452708172	1626452748613	OK	 
USER	Admins	END	1626452748614
REQUEST		Get Ubigeo	1626452708234	1626452748620	OK	 
USER	Admins	END	1626452748620
REQUEST		Get Ubigeo	1626452708297	1626452748626	OK	 
USER	Admins	END	1626452748626
REQUEST		Get Ubigeo	1626452708359	1626452748631	OK	 
USER	Admins	END	1626452748631
REQUEST		Get Ubigeo	1626452708420	1626452748712	OK	 
USER	Admins	END	1626452748712
REQUEST		Get Ubigeo	1626452708484	1626452748739	OK	 
USER	Admins	END	1626452748739
REQUEST		Get Ubigeo	1626452708549	1626452748834	OK	 
USER	Admins	END	1626452748835
REQUEST		Get Ubigeo	1626452708610	1626452748889	OK	 
USER	Admins	END	1626452748890
REQUEST		Get Ubigeo	1626452708671	1626452748932	OK	 
USER	Admins	END	1626452748932
REQUEST		Get Ubigeo	1626452708731	1626452749013	OK	 
USER	Admins	END	1626452749013
REQUEST		Get Ubigeo	1626452708788	1626452749090	OK	 
USER	Admins	END	1626452749092
REQUEST		Get Ubigeo	1626452708848	1626452749160	OK	 
USER	Admins	END	1626452749160
REQUEST		Get Ubigeo	1626452708908	1626452749222	OK	 
USER	Admins	END	1626452749222
REQUEST		Get Ubigeo	1626452708967	1626452749268	OK	 
USER	Admins	END	1626452749268
REQUEST		Get Ubigeo	1626452709025	1626452749292	OK	 
USER	Admins	END	1626452749292
REQUEST		Get Ubigeo	1626452709080	1626452749395	OK	 
USER	Admins	END	1626452749397
REQUEST		Get Ubigeo	1626452709143	1626452749469	OK	 
USER	Admins	END	1626452749471
REQUEST		Get Ubigeo	1626452709198	1626452749541	OK	 
USER	Admins	END	1626452749541
REQUEST		Get Ubigeo	1626452709260	1626452749564	OK	 
USER	Admins	END	1626452749564
REQUEST		Get Ubigeo	1626452709378	1626452749649	OK	 
USER	Admins	END	1626452749651
REQUEST		Get Ubigeo	1626452709319	1626452749693	OK	 
USER	Admins	END	1626452749693
REQUEST		Get Ubigeo	1626452709436	1626452749706	OK	 
USER	Admins	END	1626452749707
REQUEST		Get Ubigeo	1626452709496	1626452749826	OK	 
USER	Admins	END	1626452749827
REQUEST		Get Ubigeo	1626452709552	1626452749847	OK	 
USER	Admins	END	1626452749847
REQUEST		Get Ubigeo	1626452709610	1626452749946	OK	 
USER	Admins	END	1626452749946
REQUEST		Get Ubigeo	1626452709673	1626452749988	OK	 
USER	Admins	END	1626452749989
REQUEST		Get Ubigeo	1626452709787	1626452750060	OK	 
USER	Admins	END	1626452750060
REQUEST		Get Ubigeo	1626452709726	1626452750074	OK	 
USER	Admins	END	1626452750074
REQUEST		Get Ubigeo	1626452709847	1626452750172	OK	 
USER	Admins	END	1626452750172
REQUEST		Get Ubigeo	1626452709906	1626452750214	OK	 
USER	Admins	END	1626452750215
REQUEST		Get Ubigeo	1626452709966	1626452750276	OK	 
USER	Admins	END	1626452750277
REQUEST		Get Ubigeo	1626452710024	1626452750359	OK	 
USER	Admins	END	1626452750360
REQUEST		Get Ubigeo	1626452710083	1626452750381	OK	 
USER	Admins	END	1626452750381
REQUEST		Get Ubigeo	1626452710197	1626452750449	OK	 
USER	Admins	END	1626452750450
REQUEST		Get Ubigeo	1626452710141	1626452750457	OK	 
USER	Admins	END	1626452750458
REQUEST		Get Ubigeo	1626452710318	1626452750692	OK	 
USER	Admins	END	1626452750692
REQUEST		Get Ubigeo	1626452710435	1626452750713	OK	 
USER	Admins	END	1626452750713
REQUEST		Get Ubigeo	1626452710260	1626452750730	OK	 
USER	Admins	END	1626452750731
REQUEST		Get Ubigeo	1626452710378	1626452750737	OK	 
USER	Admins	END	1626452750738
REQUEST		Get Ubigeo	1626452710495	1626452750803	OK	 
USER	Admins	END	1626452750804
REQUEST		Get Ubigeo	1626452710551	1626452750814	OK	 
USER	Admins	END	1626452750815
REQUEST		Get Ubigeo	1626452710609	1626452750909	OK	 
USER	Admins	END	1626452750909
REQUEST		Get Ubigeo	1626452710734	1626452751048	OK	 
USER	Admins	END	1626452751048
REQUEST		Get Ubigeo	1626452710672	1626452751080	OK	 
USER	Admins	END	1626452751080
REQUEST		Get Ubigeo	1626452710797	1626452751096	OK	 
USER	Admins	END	1626452751096
REQUEST		Get Ubigeo	1626452710859	1626452751218	OK	 
USER	Admins	END	1626452751219
REQUEST		Get Ubigeo	1626452710923	1626452751246	OK	 
USER	Admins	END	1626452751247
REQUEST		Get Ubigeo	1626452711046	1626452751323	OK	 
USER	Admins	END	1626452751324
REQUEST		Get Ubigeo	1626452710980	1626452751360	OK	 
USER	Admins	END	1626452751360
REQUEST		Get Ubigeo	1626452711110	1626452751426	OK	 
USER	Admins	END	1626452751427
REQUEST		Get Ubigeo	1626452711172	1626452751441	OK	 
USER	Admins	END	1626452751441
REQUEST		Get Ubigeo	1626452711234	1626452751527	OK	 
USER	Admins	END	1626452751527
REQUEST		Get Ubigeo	1626452711298	1626452751561	OK	 
USER	Admins	END	1626452751561
REQUEST		Get Ubigeo	1626452711360	1626452751635	OK	 
USER	Admins	END	1626452751635
REQUEST		Get Ubigeo	1626452711785	1626452752102	OK	 
USER	Admins	END	1626452752102
REQUEST		Get Ubigeo	1626452711484	1626452752107	OK	 
USER	Admins	END	1626452752107
REQUEST		Get Ubigeo	1626452711609	1626452752126	OK	 
USER	Admins	END	1626452752126
REQUEST		Get Ubigeo	1626452711728	1626452752131	OK	 
USER	Admins	END	1626452752132
REQUEST		Get Ubigeo	1626452711545	1626452752136	OK	 
USER	Admins	END	1626452752136
REQUEST		Get Ubigeo	1626452711672	1626452752141	OK	 
USER	Admins	END	1626452752141
REQUEST		Get Ubigeo	1626452711423	1626452752145	OK	 
USER	Admins	END	1626452752145
REQUEST		Get Ubigeo	1626452711906	1626452752190	OK	 
USER	Admins	END	1626452752190
REQUEST		Get Ubigeo	1626452711848	1626452752207	OK	 
USER	Admins	END	1626452752207
REQUEST		Get Ubigeo	1626452711967	1626452752312	OK	 
USER	Admins	END	1626452752312
REQUEST		Get Ubigeo	1626452712256	1626452752561	OK	 
USER	Admins	END	1626452752562
REQUEST		Get Ubigeo	1626452712202	1626452752591	OK	 
USER	Admins	END	1626452752592
REQUEST		Get Ubigeo	1626452712142	1626452752610	OK	 
USER	Admins	END	1626452752610
REQUEST		Get Ubigeo	1626452712084	1626452752620	OK	 
USER	Admins	END	1626452752621
REQUEST		Get Ubigeo	1626452712317	1626452752631	OK	 
USER	Admins	END	1626452752632
REQUEST		Get Ubigeo	1626452712024	1626452752639	OK	 
USER	Admins	END	1626452752639
REQUEST		Get Ubigeo	1626452712435	1626452752701	OK	 
USER	Admins	END	1626452752701
REQUEST		Get Ubigeo	1626452712378	1626452752705	OK	 
USER	Admins	END	1626452752706
REQUEST		Get Ubigeo	1626452712495	1626452752763	OK	 
USER	Admins	END	1626452752764
REQUEST		Get Ubigeo	1626452712554	1626452752846	OK	 
USER	Admins	END	1626452752846
REQUEST		Get Ubigeo	1626452712610	1626452752856	OK	 
USER	Admins	END	1626452752856
REQUEST		Get Ubigeo	1626452712669	1626452752935	OK	 
USER	Admins	END	1626452752936
REQUEST		Get Ubigeo	1626452712729	1626452752977	OK	 
USER	Admins	END	1626452752977
REQUEST		Get Ubigeo	1626452712789	1626452753080	OK	 
USER	Admins	END	1626452753081
REQUEST		Get Ubigeo	1626452712846	1626452753142	OK	 
USER	Admins	END	1626452753142
REQUEST		Get Ubigeo	1626452712905	1626452753234	OK	 
USER	Admins	END	1626452753235
REQUEST		Get Ubigeo	1626452713082	1626452753391	OK	 
USER	Admins	END	1626452753391
REQUEST		Get Ubigeo	1626452713143	1626452753409	OK	 
USER	Admins	END	1626452753410
REQUEST		Get Ubigeo	1626452713202	1626452753479	OK	 
USER	Admins	END	1626452753479
REQUEST		Get Ubigeo	1626452713260	1626452753535	OK	 
USER	Admins	END	1626452753536
REQUEST		Get Ubigeo	1626452713319	1626452753655	OK	 
USER	Admins	END	1626452753655
REQUEST		Get Ubigeo	1626452713025	1626452753682	OK	 
USER	Admins	END	1626452753682
REQUEST		Get Ubigeo	1626452712965	1626452753693	OK	 
USER	Admins	END	1626452753693
REQUEST		Get Ubigeo	1626452713378	1626452753718	OK	 
USER	Admins	END	1626452753718
REQUEST		Get Ubigeo	1626452713437	1626452753730	OK	 
USER	Admins	END	1626452753731
REQUEST		Get Ubigeo	1626452713553	1626452753830	OK	 
USER	Admins	END	1626452753831
REQUEST		Get Ubigeo	1626452713496	1626452753839	OK	 
USER	Admins	END	1626452753840
REQUEST		Get Ubigeo	1626452713613	1626452753999	OK	 
USER	Admins	END	1626452753999
REQUEST		Get Ubigeo	1626452713672	1626452754026	OK	 
USER	Admins	END	1626452754027
REQUEST		Get Ubigeo	1626452713731	1626452754041	OK	 
USER	Admins	END	1626452754042
REQUEST		Get Ubigeo	1626452713796	1626452754144	OK	 
USER	Admins	END	1626452754145
REQUEST		Get Ubigeo	1626452713922	1626452754198	OK	 
USER	Admins	END	1626452754198
REQUEST		Get Ubigeo	1626452713860	1626452754206	OK	 
USER	Admins	END	1626452754206
REQUEST		Get Ubigeo	1626452713984	1626452754286	OK	 
USER	Admins	END	1626452754287
REQUEST		Get Ubigeo	1626452714047	1626452754373	OK	 
USER	Admins	END	1626452754374
REQUEST		Get Ubigeo	1626452714109	1626452754416	OK	 
USER	Admins	END	1626452754417
REQUEST		Get Ubigeo	1626452714170	1626452754506	OK	 
USER	Admins	END	1626452754507
REQUEST		Get Ubigeo	1626452714233	1626452754517	OK	 
USER	Admins	END	1626452754518
REQUEST		Get Ubigeo	1626452714297	1626452754614	OK	 
USER	Admins	END	1626452754614
REQUEST		Get Ubigeo	1626452714423	1626452754695	OK	 
USER	Admins	END	1626452754696
REQUEST		Get Ubigeo	1626452714359	1626452754717	OK	 
USER	Admins	END	1626452754718
REQUEST		Get Ubigeo	1626452714480	1626452754841	OK	 
USER	Admins	END	1626452754842
REQUEST		Get Ubigeo	1626452714608	1626452754874	OK	 
USER	Admins	END	1626452754874
REQUEST		Get Ubigeo	1626452714545	1626452754880	OK	 
USER	Admins	END	1626452754881
REQUEST		Get Ubigeo	1626452714673	1626452754950	OK	 
USER	Admins	END	1626452754950
REQUEST		Get Ubigeo	1626452714730	1626452755071	OK	 
USER	Admins	END	1626452755071
REQUEST		Get Ubigeo	1626452714788	1626452755094	OK	 
USER	Admins	END	1626452755095
REQUEST		Get Ubigeo	1626452714844	1626452755207	OK	 
USER	Admins	END	1626452755208
REQUEST		Get Ubigeo	1626452714908	1626452755297	OK	 
USER	Admins	END	1626452755297
REQUEST		Get Ubigeo	1626452714966	1626452755379	OK	 
USER	Admins	END	1626452755379
REQUEST		Get Ubigeo	1626452715079	1626452755384	OK	 
USER	Admins	END	1626452755384
REQUEST		Get Ubigeo	1626452715020	1626452755389	OK	 
USER	Admins	END	1626452755389
REQUEST		Get Ubigeo	1626452715142	1626452755454	OK	 
USER	Admins	END	1626452755454
REQUEST		Get Ubigeo	1626452715201	1626452755485	OK	 
USER	Admins	END	1626452755485
REQUEST		Get Ubigeo	1626452715261	1626452755526	OK	 
USER	Admins	END	1626452755526
REQUEST		Get Ubigeo	1626452715319	1626452755590	OK	 
USER	Admins	END	1626452755590
REQUEST		Get Ubigeo	1626452715377	1626452755719	OK	 
USER	Admins	END	1626452755719
REQUEST		Get Ubigeo	1626452715436	1626452755791	OK	 
USER	Admins	END	1626452755792
REQUEST		Get Ubigeo	1626452715494	1626452755819	OK	 
USER	Admins	END	1626452755820
REQUEST		Get Ubigeo	1626452715554	1626452755862	OK	 
USER	Admins	END	1626452755862
REQUEST		Get Ubigeo	1626452715614	1626452755890	OK	 
USER	Admins	END	1626452755891
REQUEST		Get Ubigeo	1626452715726	1626452756048	OK	 
USER	Admins	END	1626452756049
REQUEST		Get Ubigeo	1626452715673	1626452756060	OK	 
USER	Admins	END	1626452756061
REQUEST		Get Ubigeo	1626452715789	1626452756068	OK	 
USER	Admins	END	1626452756069
REQUEST		Get Ubigeo	1626452715849	1626452756163	OK	 
USER	Admins	END	1626452756165
REQUEST		Get Ubigeo	1626452715908	1626452756193	OK	 
USER	Admins	END	1626452756195
REQUEST		Get Ubigeo	1626452715966	1626452756255	OK	 
USER	Admins	END	1626452756256
REQUEST		Get Ubigeo	1626452716023	1626452756330	OK	 
USER	Admins	END	1626452756330
REQUEST		Get Ubigeo	1626452716141	1626452756407	OK	 
USER	Admins	END	1626452756408
REQUEST		Get Ubigeo	1626452716083	1626452756423	OK	 
USER	Admins	END	1626452756423
REQUEST		Get Ubigeo	1626452716201	1626452756519	OK	 
USER	Admins	END	1626452756520
REQUEST		Get Ubigeo	1626452716318	1626452756567	OK	 
USER	Admins	END	1626452756567
REQUEST		Get Ubigeo	1626452716259	1626452756584	OK	 
USER	Admins	END	1626452756584
REQUEST		Get Ubigeo	1626452716377	1626452756650	OK	 
USER	Admins	END	1626452756651
REQUEST		Get Ubigeo	1626452716436	1626452756721	OK	 
USER	Admins	END	1626452756721
REQUEST		Get Ubigeo	1626452716494	1626452756769	OK	 
USER	Admins	END	1626452756770
REQUEST		Get Ubigeo	1626452716553	1626452756822	OK	 
USER	Admins	END	1626452756823
REQUEST		Get Ubigeo	1626452716614	1626452756956	OK	 
USER	Admins	END	1626452756956
REQUEST		Get Ubigeo	1626452716669	1626452756960	OK	 
USER	Admins	END	1626452756961
REQUEST		Get Ubigeo	1626452716725	1626452757091	OK	 
USER	Admins	END	1626452757092
REQUEST		Get Ubigeo	1626452716848	1626452757099	OK	 
USER	Admins	END	1626452757100
REQUEST		Get Ubigeo	1626452716787	1626452757138	OK	 
USER	Admins	END	1626452757138
REQUEST		Get Ubigeo	1626452716907	1626452757208	OK	 
USER	Admins	END	1626452757209
REQUEST		Get Ubigeo	1626452716965	1626452757289	OK	 
USER	Admins	END	1626452757290
REQUEST		Get Ubigeo	1626452717024	1626452757320	OK	 
USER	Admins	END	1626452757320
REQUEST		Get Ubigeo	1626452717079	1626452757418	OK	 
USER	Admins	END	1626452757419
REQUEST		Get Ubigeo	1626452717140	1626452757423	OK	 
USER	Admins	END	1626452757424
REQUEST		Get Ubigeo	1626452717200	1626452757480	OK	 
USER	Admins	END	1626452757480
REQUEST		Get Ubigeo	1626452717260	1626452757539	OK	 
USER	Admins	END	1626452757540
REQUEST		Get Ubigeo	1626452717377	1626452757645	OK	 
USER	Admins	END	1626452757645
REQUEST		Get Ubigeo	1626452717316	1626452757802	OK	 
USER	Admins	END	1626452757803
REQUEST		Get Ubigeo	1626452717496	1626452757810	OK	 
USER	Admins	END	1626452757812
REQUEST		Get Ubigeo	1626452717435	1626452757856	OK	 
USER	Admins	END	1626452757856
REQUEST		Get Ubigeo	1626452717550	1626452757890	OK	 
USER	Admins	END	1626452757891
REQUEST		Get Ubigeo	1626452717609	1626452758017	OK	 
USER	Admins	END	1626452758017
REQUEST		Get Ubigeo	1626452717668	1626452758050	OK	 
USER	Admins	END	1626452758051
REQUEST		Get Ubigeo	1626452717731	1626452758063	OK	 
USER	Admins	END	1626452758063
REQUEST		Get Ubigeo	1626452717796	1626452758118	OK	 
USER	Admins	END	1626452758118
REQUEST		Get Ubigeo	1626452717858	1626452758171	OK	 
USER	Admins	END	1626452758171
REQUEST		Get Ubigeo	1626452717921	1626452758293	OK	 
USER	Admins	END	1626452758294
REQUEST		Get Ubigeo	1626452718047	1626452758322	OK	 
USER	Admins	END	1626452758322
REQUEST		Get Ubigeo	1626452717984	1626452758326	OK	 
USER	Admins	END	1626452758326
REQUEST		Get Ubigeo	1626452718109	1626452758402	OK	 
USER	Admins	END	1626452758403
REQUEST		Get Ubigeo	1626452718170	1626452758457	OK	 
USER	Admins	END	1626452758457
REQUEST		Get Ubigeo	1626452718233	1626452758570	OK	 
USER	Admins	END	1626452758571
REQUEST		Get Ubigeo	1626452718297	1626452758622	OK	 
USER	Admins	END	1626452758622
REQUEST		Get Ubigeo	1626452718359	1626452758657	OK	 
USER	Admins	END	1626452758658
REQUEST		Get Ubigeo	1626452718421	1626452758752	OK	 
USER	Admins	END	1626452758752
REQUEST		Get Ubigeo	1626452718484	1626452758790	OK	 
USER	Admins	END	1626452758790
REQUEST		Get Ubigeo	1626452718548	1626452758802	OK	 
USER	Admins	END	1626452758802
REQUEST		Get Ubigeo	1626452718610	1626452758860	OK	 
USER	Admins	END	1626452758860
REQUEST		Get Ubigeo	1626452718672	1626452758966	OK	 
USER	Admins	END	1626452758967
REQUEST		Get Ubigeo	1626452718789	1626452759062	OK	 
USER	Admins	END	1626452759063
REQUEST		Get Ubigeo	1626452718730	1626452759081	OK	 
USER	Admins	END	1626452759081
REQUEST		Get Ubigeo	1626452718907	1626452759153	OK	 
USER	Admins	END	1626452759153
REQUEST		Get Ubigeo	1626452718848	1626452759169	OK	 
USER	Admins	END	1626452759169
REQUEST		Get Ubigeo	1626452718966	1626452759232	OK	 
USER	Admins	END	1626452759232
REQUEST		Get Ubigeo	1626452719024	1626452759304	OK	 
USER	Admins	END	1626452759305
REQUEST		Get Ubigeo	1626452719082	1626452759347	OK	 
USER	Admins	END	1626452759347
REQUEST		Get Ubigeo	1626452719140	1626452759441	OK	 
USER	Admins	END	1626452759441
REQUEST		Get Ubigeo	1626452719260	1626452759520	OK	 
USER	Admins	END	1626452759520
REQUEST		Get Ubigeo	1626452719201	1626452759552	OK	 
USER	Admins	END	1626452759552
REQUEST		Get Ubigeo	1626452719319	1626452759613	OK	 
USER	Admins	END	1626452759613
REQUEST		Get Ubigeo	1626452719436	1626452759693	OK	 
USER	Admins	END	1626452759693
REQUEST		Get Ubigeo	1626452719377	1626452759733	OK	 
USER	Admins	END	1626452759733
REQUEST		Get Ubigeo	1626452719493	1626452759809	OK	 
USER	Admins	END	1626452759809
REQUEST		Get Ubigeo	1626452719554	1626452759886	OK	 
USER	Admins	END	1626452759886
REQUEST		Get Ubigeo	1626452719671	1626452759925	OK	 
USER	Admins	END	1626452759925
REQUEST		Get Ubigeo	1626452719611	1626452759930	OK	 
USER	Admins	END	1626452759930
REQUEST		Get Ubigeo	1626452719733	1626452760017	OK	 
USER	Admins	END	1626452760017
REQUEST		Get Ubigeo	1626452719796	1626452760094	OK	 
USER	Admins	END	1626452760094
REQUEST		Get Ubigeo	1626452719859	1626452760171	OK	 
USER	Admins	END	1626452760171
REQUEST		Get Ubigeo	1626452719920	1626452760205	OK	 
USER	Admins	END	1626452760206
REQUEST		Get Ubigeo	1626452719982	1626452760284	OK	 
USER	Admins	END	1626452760284
REQUEST		Get Ubigeo	1626452720047	1626452760355	OK	 
USER	Admins	END	1626452760356
REQUEST		Get Ubigeo	1626452720105	1626452760386	OK	 
USER	Admins	END	1626452760386
REQUEST		Get Ubigeo	1626452720172	1626452760480	OK	 
USER	Admins	END	1626452760481
REQUEST		Get Ubigeo	1626452720294	1626452760702	OK	 
USER	Admins	END	1626452760703
REQUEST		Get Ubigeo	1626452720420	1626452760716	OK	 
USER	Admins	END	1626452760717
REQUEST		Get Ubigeo	1626452720233	1626452760729	OK	 
USER	Admins	END	1626452760729
REQUEST		Get Ubigeo	1626452720359	1626452760741	OK	 
USER	Admins	END	1626452760741
REQUEST		Get Ubigeo	1626452720484	1626452760814	OK	 
USER	Admins	END	1626452760814
REQUEST		Get Ubigeo	1626452720548	1626452760829	OK	 
USER	Admins	END	1626452760829
REQUEST		Get Ubigeo	1626452720610	1626452760932	OK	 
USER	Admins	END	1626452760932
