RUN	com.gatling.simulations.Products	products	1627401911871	 	3.5.1
USER	Admins	START	1627401914381
USER	Admins	START	1627401914435
USER	Admins	START	1627401914496
USER	Admins	START	1627401914552
USER	Admins	START	1627401914612
USER	Admins	START	1627401914675
USER	Admins	START	1627401914732
USER	Admins	START	1627401914791
USER	Admins	START	1627401914847
USER	Admins	START	1627401914907
USER	Admins	START	1627401914970
USER	Admins	START	1627401915029
USER	Admins	START	1627401915087
USER	Admins	START	1627401915145
USER	Admins	START	1627401915205
USER	Admins	START	1627401915264
USER	Admins	START	1627401915324
USER	Admins	START	1627401915382
USER	Admins	START	1627401915433
USER	Admins	START	1627401915493
USER	Admins	START	1627401915554
USER	Admins	START	1627401915613
REQUEST		Search-filters	1627401914398	1627401915644	OK	 
USER	Admins	START	1627401915672
REQUEST		Search-filters	1627401914436	1627401915683	OK	 
USER	Admins	START	1627401915730
USER	Admins	START	1627401915785
USER	Admins	START	1627401915844
USER	Admins	START	1627401915908
USER	Admins	START	1627401915967
USER	Admins	START	1627401916025
USER	Admins	START	1627401916082
USER	Admins	START	1627401916144
USER	Admins	START	1627401916203
USER	Admins	START	1627401916263
USER	Admins	START	1627401916320
USER	Admins	START	1627401916380
USER	Admins	START	1627401916439
USER	Admins	START	1627401916501
USER	Admins	START	1627401916559
USER	Admins	START	1627401916625
USER	Admins	START	1627401916688
USER	Admins	START	1627401916750
USER	Admins	START	1627401916815
REQUEST		Search-filters	1627401914496	1627401916856	OK	 
REQUEST		Search-filters	1627401914612	1627401916873	OK	 
USER	Admins	START	1627401916875
REQUEST		Search-filters	1627401914733	1627401916911	OK	 
USER	Admins	START	1627401916937
USER	Admins	START	1627401917002
USER	Admins	START	1627401917063
USER	Admins	START	1627401917126
USER	Admins	START	1627401917189
REQUEST		Search-filters	1627401914675	1627401917193	OK	 
REQUEST		Search-filters	1627401914552	1627401917194	OK	 
USER	Admins	START	1627401917252
REQUEST		Search-filters	1627401915030	1627401917267	OK	 
REQUEST		Search-filters	1627401914970	1627401917267	OK	 
USER	Admins	START	1627401917315
USER	Admins	START	1627401917376
REQUEST		Search-filters	1627401915145	1627401917382	OK	 
REQUEST		Search-filters	1627401914847	1627401917383	OK	 
REQUEST		Search-filters	1627401915087	1627401917384	OK	 
REQUEST		Search-filters	1627401914907	1627401917384	OK	 
REQUEST		Search-filters	1627401915206	1627401917384	OK	 
USER	Admins	START	1627401917434
USER	Admins	START	1627401917494
USER	Admins	START	1627401917549
REQUEST		Search-filters	1627401914791	1627401917597	OK	 
REQUEST		Filtered-products	1627401915683	1627401917609	OK	 
USER	Admins	END	1627401917612
USER	Admins	START	1627401917612
USER	Admins	START	1627401917668
REQUEST		Search-filters	1627401915324	1627401917681	OK	 
USER	Admins	START	1627401917730
USER	Admins	START	1627401917785
REQUEST		Filtered-products	1627401915651	1627401917817	OK	 
USER	Admins	END	1627401917818
USER	Admins	START	1627401917848
USER	Admins	START	1627401917904
USER	Admins	START	1627401917966
USER	Admins	START	1627401918022
USER	Admins	START	1627401918079
USER	Admins	START	1627401918143
USER	Admins	START	1627401918201
USER	Admins	START	1627401918260
REQUEST		Search-filters	1627401915264	1627401918296	OK	 
USER	Admins	START	1627401918316
REQUEST		Search-filters	1627401915383	1627401918363	OK	 
REQUEST		Filtered-products	1627401916857	1627401918365	OK	 
USER	Admins	END	1627401918365
REQUEST		Filtered-products	1627401916873	1627401918366	OK	 
REQUEST		Search-filters	1627401915493	1627401918366	OK	 
USER	Admins	END	1627401918366
REQUEST		Filtered-products	1627401916911	1627401918369	OK	 
USER	Admins	END	1627401918369
USER	Admins	START	1627401918379
REQUEST		Search-filters	1627401915434	1627401918430	OK	 
USER	Admins	START	1627401918435
REQUEST		Filtered-products	1627401917194	1627401918437	OK	 
REQUEST		Filtered-products	1627401917268	1627401918437	OK	 
REQUEST		Filtered-products	1627401917194	1627401918438	OK	 
USER	Admins	END	1627401918438
USER	Admins	END	1627401918438
USER	Admins	END	1627401918438
USER	Admins	START	1627401918490
USER	Admins	START	1627401918549
USER	Admins	START	1627401918608
USER	Admins	START	1627401918667
USER	Admins	START	1627401918729
USER	Admins	START	1627401918784
USER	Admins	START	1627401918848
USER	Admins	START	1627401918902
USER	Admins	START	1627401918962
REQUEST		Filtered-products	1627401917384	1627401919007	OK	 
USER	Admins	END	1627401919007
REQUEST		Search-filters	1627401915614	1627401919008	OK	 
REQUEST		Filtered-products	1627401917384	1627401919008	OK	 
USER	Admins	END	1627401919008
REQUEST		Filtered-products	1627401917384	1627401919014	OK	 
USER	Admins	END	1627401919015
REQUEST		Filtered-products	1627401917598	1627401919017	OK	 
USER	Admins	END	1627401919017
USER	Admins	START	1627401919020
USER	Admins	START	1627401919083
USER	Admins	START	1627401919142
USER	Admins	START	1627401919201
USER	Admins	START	1627401919258
USER	Admins	START	1627401919317
REQUEST		Filtered-products	1627401917384	1627401919354	OK	 
REQUEST		Filtered-products	1627401917383	1627401919354	OK	 
USER	Admins	END	1627401919355
USER	Admins	END	1627401919355
REQUEST		Filtered-products	1627401917682	1627401919375	OK	 
USER	Admins	START	1627401919375
USER	Admins	END	1627401919376
REQUEST		Search-filters	1627401915554	1627401919380	OK	 
REQUEST		Search-filters	1627401915672	1627401919428	OK	 
USER	Admins	START	1627401919435
REQUEST		Filtered-products	1627401918364	1627401919453	OK	 
USER	Admins	END	1627401919454
REQUEST		Filtered-products	1627401918430	1627401919455	OK	 
USER	Admins	END	1627401919455
REQUEST		Filtered-products	1627401918366	1627401919502	OK	 
USER	Admins	END	1627401919502
USER	Admins	START	1627401919502
USER	Admins	START	1627401919561
USER	Admins	START	1627401919626
USER	Admins	START	1627401919689
USER	Admins	START	1627401919749
USER	Admins	START	1627401919811
USER	Admins	START	1627401919878
USER	Admins	START	1627401919940
USER	Admins	START	1627401920003
USER	Admins	START	1627401920064
USER	Admins	START	1627401920128
USER	Admins	START	1627401920185
USER	Admins	START	1627401920252
USER	Admins	START	1627401920315
USER	Admins	START	1627401920376
USER	Admins	START	1627401920433
USER	Admins	START	1627401920493
USER	Admins	START	1627401920551
REQUEST		Search-filters	1627401915908	1627401920561	OK	 
REQUEST		Search-filters	1627401916025	1627401920561	OK	 
REQUEST		Search-filters	1627401915845	1627401920561	OK	 
REQUEST		Search-filters	1627401915967	1627401920561	OK	 
REQUEST		Search-filters	1627401916320	1627401920561	OK	 
REQUEST		Search-filters	1627401916083	1627401920575	OK	 
REQUEST		Filtered-products	1627401918296	1627401920577	OK	 
USER	Admins	END	1627401920577
REQUEST		Search-filters	1627401916144	1627401920577	OK	 
REQUEST		Search-filters	1627401915786	1627401920582	OK	 
REQUEST		Search-filters	1627401916203	1627401920583	OK	 
USER	Admins	START	1627401920611
USER	Admins	START	1627401920671
REQUEST		Search-filters	1627401916263	1627401920720	OK	 
USER	Admins	START	1627401920729
USER	Admins	START	1627401920788
REQUEST		Filtered-products	1627401917268	1627401920790	OK	 
USER	Admins	END	1627401920791
REQUEST		Filtered-products	1627401919008	1627401920796	OK	 
USER	Admins	END	1627401920797
REQUEST		Search-filters	1627401916938	1627401920799	OK	 
REQUEST		Search-filters	1627401916626	1627401920799	OK	 
REQUEST		Search-filters	1627401917190	1627401920799	OK	 
REQUEST		Search-filters	1627401916875	1627401920799	OK	 
REQUEST		Search-filters	1627401917003	1627401920799	OK	 
REQUEST		Search-filters	1627401917126	1627401920801	OK	 
REQUEST		Search-filters	1627401917252	1627401920801	OK	 
REQUEST		Search-filters	1627401916380	1627401920801	OK	 
REQUEST		Search-filters	1627401917315	1627401920801	OK	 
REQUEST		Search-filters	1627401916688	1627401920805	OK	 
REQUEST		Search-filters	1627401916815	1627401920806	OK	 
REQUEST		Search-filters	1627401916439	1627401920829	OK	 
USER	Admins	START	1627401920847
REQUEST		Search-filters	1627401917063	1627401920858	OK	 
REQUEST		Filtered-products	1627401919429	1627401920866	OK	 
USER	Admins	END	1627401920867
REQUEST		Search-filters	1627401916501	1627401920881	OK	 
REQUEST		Search-filters	1627401917668	1627401920902	OK	 
REQUEST		Search-filters	1627401917550	1627401920903	OK	 
REQUEST		Search-filters	1627401917613	1627401920903	OK	 
REQUEST		Search-filters	1627401916750	1627401920903	OK	 
REQUEST		Search-filters	1627401917785	1627401920903	OK	 
REQUEST		Search-filters	1627401917435	1627401920904	OK	 
REQUEST		Search-filters	1627401917904	1627401920904	OK	 
USER	Admins	START	1627401920904
REQUEST		Search-filters	1627401917730	1627401920905	OK	 
REQUEST		Search-filters	1627401917848	1627401920906	OK	 
USER	Admins	START	1627401920961
REQUEST		Filtered-products	1627401919381	1627401920962	OK	 
USER	Admins	END	1627401920962
USER	Admins	START	1627401921023
USER	Admins	START	1627401921083
USER	Admins	START	1627401921140
USER	Admins	START	1627401921200
USER	Admins	START	1627401921255
USER	Admins	START	1627401921316
USER	Admins	START	1627401921377
USER	Admins	START	1627401921435
REQUEST		Search-filters	1627401918079	1627401921475	OK	 
REQUEST		Search-filters	1627401918201	1627401921477	OK	 
REQUEST		Search-filters	1627401917376	1627401921477	OK	 
REQUEST		Search-filters	1627401918316	1627401921478	OK	 
REQUEST		Search-filters	1627401918260	1627401921479	OK	 
REQUEST		Search-filters	1627401915730	1627401921480	OK	 
REQUEST		Search-filters	1627401917966	1627401921481	OK	 
USER	Admins	START	1627401921490
REQUEST		Search-filters	1627401918379	1627401921501	OK	 
REQUEST		Search-filters	1627401918143	1627401921502	OK	 
REQUEST		Search-filters	1627401918490	1627401921502	OK	 
REQUEST		Search-filters	1627401918435	1627401921503	OK	 
REQUEST		Search-filters	1627401918022	1627401921503	OK	 
REQUEST		Search-filters	1627401918668	1627401921506	OK	 
USER	Admins	START	1627401921552
USER	Admins	START	1627401921610
USER	Admins	START	1627401921669
USER	Admins	START	1627401921729
REQUEST		Filtered-products	1627401920575	1627401921746	OK	 
USER	Admins	END	1627401921746
REQUEST		Search-filters	1627401916560	1627401921746	OK	 
REQUEST		Search-filters	1627401918729	1627401921746	OK	 
REQUEST		Search-filters	1627401919084	1627401921747	OK	 
REQUEST		Search-filters	1627401919142	1627401921747	OK	 
REQUEST		Search-filters	1627401918962	1627401921754	OK	 
REQUEST		Search-filters	1627401919020	1627401921754	OK	 
REQUEST		Search-filters	1627401917494	1627401921754	OK	 
REQUEST		Search-filters	1627401919259	1627401921754	OK	 
USER	Admins	START	1627401921787
REQUEST		Search-filters	1627401918848	1627401921789	OK	 
REQUEST		Search-filters	1627401918549	1627401921790	OK	 
USER	Admins	START	1627401921847
REQUEST		Search-filters	1627401920064	1627401921864	OK	 
REQUEST		Search-filters	1627401920494	1627401921867	OK	 
REQUEST		Search-filters	1627401920729	1627401921891	OK	 
REQUEST		Search-filters	1627401920612	1627401921891	OK	 
REQUEST		Search-filters	1627401918785	1627401921892	OK	 
REQUEST		Search-filters	1627401918903	1627401921902	OK	 
USER	Admins	START	1627401921902
REQUEST		Search-filters	1627401919811	1627401921923	OK	 
REQUEST		Search-filters	1627401919878	1627401921925	OK	 
REQUEST		Search-filters	1627401920185	1627401921931	OK	 
REQUEST		Search-filters	1627401919749	1627401921942	OK	 
USER	Admins	START	1627401921962
USER	Admins	START	1627401922025
USER	Admins	START	1627401922081
REQUEST		Search-filters	1627401920671	1627401922104	OK	 
REQUEST		Search-filters	1627401920434	1627401922107	OK	 
REQUEST		Search-filters	1627401919561	1627401922107	OK	 
REQUEST		Search-filters	1627401920316	1627401922117	OK	 
REQUEST		Search-filters	1627401919940	1627401922123	OK	 
REQUEST		Search-filters	1627401920376	1627401922127	OK	 
REQUEST		Filtered-products	1627401920562	1627401922131	OK	 
USER	Admins	END	1627401922131
REQUEST		Filtered-products	1627401920562	1627401922135	OK	 
USER	Admins	END	1627401922135
REQUEST		Filtered-products	1627401920583	1627401922136	OK	 
USER	Admins	END	1627401922137
USER	Admins	START	1627401922140
REQUEST		Search-filters	1627401920252	1627401922152	OK	 
REQUEST		Filtered-products	1627401920562	1627401922157	OK	 
USER	Admins	END	1627401922158
REQUEST		Search-filters	1627401920788	1627401922176	OK	 
REQUEST		Search-filters	1627401920128	1627401922177	OK	 
USER	Admins	START	1627401922196
USER	Admins	START	1627401922256
USER	Admins	START	1627401922318
USER	Admins	START	1627401922373
REQUEST		Filtered-products	1627401920582	1627401922404	OK	 
USER	Admins	END	1627401922404
REQUEST		Search-filters	1627401919375	1627401922405	OK	 
USER	Admins	START	1627401922439
REQUEST		Search-filters	1627401920904	1627401922488	OK	 
REQUEST		Search-filters	1627401921023	1627401922497	OK	 
USER	Admins	START	1627401922500
USER	Admins	START	1627401922559
REQUEST		Search-filters	1627401921083	1627401922583	OK	 
USER	Admins	START	1627401922623
REQUEST		Search-filters	1627401919689	1627401922629	OK	 
REQUEST		Filtered-products	1627401920562	1627401922656	OK	 
USER	Admins	END	1627401922657
REQUEST		Filtered-products	1627401920578	1627401922658	OK	 
USER	Admins	END	1627401922658
REQUEST		Filtered-products	1627401920907	1627401922659	OK	 
USER	Admins	END	1627401922659
USER	Admins	START	1627401922688
USER	Admins	START	1627401922752
USER	Admins	START	1627401922813
REQUEST		Search-filters	1627401920961	1627401922837	OK	 
REQUEST		Filtered-products	1627401920829	1627401922836	OK	 
REQUEST		Search-filters	1627401919502	1627401922837	OK	 
REQUEST		Filtered-products	1627401920562	1627401922837	OK	 
USER	Admins	END	1627401922837
REQUEST		Search-filters	1627401921378	1627401922837	OK	 
USER	Admins	END	1627401922837
REQUEST		Search-filters	1627401921435	1627401922838	OK	 
REQUEST		Search-filters	1627401921200	1627401922854	OK	 
REQUEST		Search-filters	1627401921316	1627401922861	OK	 
USER	Admins	START	1627401922874
REQUEST		Filtered-products	1627401920799	1627401922908	OK	 
USER	Admins	END	1627401922908
REQUEST		Search-filters	1627401920003	1627401922914	OK	 
USER	Admins	START	1627401922939
REQUEST		Search-filters	1627401921669	1627401922966	OK	 
REQUEST		Search-filters	1627401919318	1627401922970	OK	 
REQUEST		Search-filters	1627401921256	1627401922971	OK	 
REQUEST		Search-filters	1627401920551	1627401922987	OK	 
REQUEST		Search-filters	1627401921729	1627401922987	OK	 
REQUEST		Search-filters	1627401921553	1627401922987	OK	 
REQUEST		Search-filters	1627401921787	1627401922997	OK	 
REQUEST		Search-filters	1627401921140	1627401922997	OK	 
USER	Admins	START	1627401923002
REQUEST		Filtered-products	1627401920799	1627401923020	OK	 
USER	Admins	END	1627401923021
REQUEST		Search-filters	1627401921610	1627401923052	OK	 
USER	Admins	START	1627401923060
REQUEST		Filtered-products	1627401920903	1627401923079	OK	 
USER	Admins	END	1627401923080
REQUEST		Filtered-products	1627401920904	1627401923118	OK	 
USER	Admins	END	1627401923119
REQUEST		Search-filters	1627401921490	1627401923120	OK	 
USER	Admins	START	1627401923128
REQUEST		Filtered-products	1627401920799	1627401923155	OK	 
USER	Admins	END	1627401923155
REQUEST		Search-filters	1627401921902	1627401923157	OK	 
REQUEST		Search-filters	1627401921847	1627401923172	OK	 
USER	Admins	START	1627401923189
REQUEST		Filtered-products	1627401921480	1627401923220	OK	 
USER	Admins	END	1627401923220
USER	Admins	START	1627401923253
USER	Admins	START	1627401923312
USER	Admins	START	1627401923376
USER	Admins	START	1627401923431
REQUEST		Filtered-products	1627401920799	1627401923459	OK	 
USER	Admins	END	1627401923460
USER	Admins	START	1627401923493
USER	Admins	START	1627401923549
REQUEST		Search-filters	1627401922025	1627401923582	OK	 
REQUEST		Filtered-products	1627401921503	1627401923596	OK	 
USER	Admins	END	1627401923597
REQUEST		Search-filters	1627401921963	1627401923597	OK	 
USER	Admins	START	1627401923612
REQUEST		Filtered-products	1627401920904	1627401923640	OK	 
USER	Admins	END	1627401923641
REQUEST		Search-filters	1627401918608	1627401923643	OK	 
REQUEST		Filtered-products	1627401920721	1627401923646	OK	 
USER	Admins	END	1627401923646
REQUEST		Filtered-products	1627401921503	1627401923654	OK	 
REQUEST		Search-filters	1627401919436	1627401923654	OK	 
USER	Admins	END	1627401923654
USER	Admins	START	1627401923666
REQUEST		Filtered-products	1627401920904	1627401923672	OK	 
USER	Admins	END	1627401923672
REQUEST		Search-filters	1627401922141	1627401923677	OK	 
REQUEST		Filtered-products	1627401920807	1627401923696	OK	 
USER	Admins	END	1627401923697
REQUEST		Filtered-products	1627401921478	1627401923711	OK	 
USER	Admins	END	1627401923712
REQUEST		Filtered-products	1627401920801	1627401923730	OK	 
USER	Admins	START	1627401923729
USER	Admins	END	1627401923730
USER	Admins	START	1627401923786
USER	Admins	START	1627401923847
REQUEST		Filtered-products	1627401920858	1627401923851	OK	 
REQUEST		Filtered-products	1627401920801	1627401923851	OK	 
USER	Admins	END	1627401923851
USER	Admins	END	1627401923851
REQUEST		Search-filters	1627401919626	1627401923861	OK	 
REQUEST		Search-filters	1627401920848	1627401923861	OK	 
USER	Admins	START	1627401923902
USER	Admins	START	1627401923963
REQUEST		Search-filters	1627401922501	1627401923972	OK	 
REQUEST		Filtered-products	1627401920806	1627401923972	OK	 
USER	Admins	END	1627401923972
REQUEST		Search-filters	1627401922813	1627401924017	OK	 
REQUEST		Filtered-products	1627401920801	1627401924022	OK	 
USER	Admins	END	1627401924023
USER	Admins	START	1627401924025
REQUEST		Search-filters	1627401922623	1627401924083	OK	 
REQUEST		Filtered-products	1627401920799	1627401924083	OK	 
USER	Admins	END	1627401924083
USER	Admins	START	1627401924083
REQUEST		Search-filters	1627401922196	1627401924100	OK	 
REQUEST		Search-filters	1627401922752	1627401924100	OK	 
REQUEST		Search-filters	1627401922559	1627401924100	OK	 
REQUEST		Filtered-products	1627401920905	1627401924127	OK	 
USER	Admins	END	1627401924128
USER	Admins	START	1627401924142
REQUEST		Search-filters	1627401922256	1627401924188	OK	 
USER	Admins	START	1627401924196
REQUEST		Search-filters	1627401922439	1627401924228	OK	 
REQUEST		Search-filters	1627401922082	1627401924246	OK	 
USER	Admins	START	1627401924259
REQUEST		Search-filters	1627401922373	1627401924260	OK	 
USER	Admins	START	1627401924318
USER	Admins	START	1627401924376
USER	Admins	START	1627401924435
USER	Admins	START	1627401924493
USER	Admins	START	1627401924552
USER	Admins	START	1627401924607
REQUEST		Search-filters	1627401922318	1627401924654	OK	 
USER	Admins	START	1627401924670
USER	Admins	START	1627401924728
REQUEST		Search-filters	1627401923612	1627401924729	OK	 
REQUEST		Filtered-products	1627401922488	1627401924735	OK	 
USER	Admins	END	1627401924735
USER	Admins	START	1627401924787
USER	Admins	START	1627401924846
REQUEST		Search-filters	1627401923549	1627401924895	OK	 
REQUEST		Search-filters	1627401923253	1627401924895	OK	 
REQUEST		Search-filters	1627401923312	1627401924896	OK	 
REQUEST		Search-filters	1627401922874	1627401924896	OK	 
REQUEST		Search-filters	1627401923189	1627401924896	OK	 
REQUEST		Search-filters	1627401923376	1627401924897	OK	 
REQUEST		Search-filters	1627401923432	1627401924897	OK	 
REQUEST		Search-filters	1627401923493	1627401924897	OK	 
USER	Admins	START	1627401924903
USER	Admins	START	1627401924963
USER	Admins	START	1627401925020
USER	Admins	START	1627401925083
REQUEST		Search-filters	1627401923667	1627401925101	OK	 
USER	Admins	START	1627401925142
USER	Admins	START	1627401925200
REQUEST		Search-filters	1627401923848	1627401925257	OK	 
USER	Admins	START	1627401925258
REQUEST		Search-filters	1627401923963	1627401925270	OK	 
REQUEST		Search-filters	1627401923903	1627401925271	OK	 
USER	Admins	START	1627401925318
USER	Admins	START	1627401925376
USER	Admins	START	1627401925439
USER	Admins	START	1627401925500
REQUEST		Search-filters	1627401923787	1627401925548	OK	 
REQUEST		Search-filters	1627401924083	1627401925550	OK	 
REQUEST		Search-filters	1627401924025	1627401925550	OK	 
REQUEST		Search-filters	1627401924142	1627401925550	OK	 
USER	Admins	START	1627401925562
USER	Admins	START	1627401925623
REQUEST		Filtered-products	1627401921925	1627401925681	OK	 
USER	Admins	END	1627401925682
REQUEST		Filtered-products	1627401921503	1627401925687	OK	 
USER	Admins	END	1627401925688
REQUEST		Filtered-products	1627401923157	1627401925689	OK	 
USER	Admins	END	1627401925689
USER	Admins	START	1627401925690
REQUEST		Filtered-products	1627401921891	1627401925702	OK	 
USER	Admins	END	1627401925702
REQUEST		Search-filters	1627401922939	1627401925703	OK	 
REQUEST		Filtered-products	1627401922987	1627401925704	OK	 
REQUEST		Search-filters	1627401923002	1627401925704	OK	 
REQUEST		Filtered-products	1627401922838	1627401925705	OK	 
USER	Admins	END	1627401925705
USER	Admins	END	1627401925705
REQUEST		Filtered-products	1627401922405	1627401925710	OK	 
REQUEST		Search-filters	1627401923729	1627401925710	OK	 
USER	Admins	END	1627401925710
REQUEST		Search-filters	1627401924259	1627401925713	OK	 
REQUEST		Search-filters	1627401923060	1627401925714	OK	 
REQUEST		Search-filters	1627401923128	1627401925716	OK	 
REQUEST		Filtered-products	1627401921755	1627401925727	OK	 
USER	Admins	END	1627401925727
REQUEST		Filtered-products	1627401922152	1627401925747	OK	 
USER	Admins	END	1627401925748
USER	Admins	START	1627401925753
REQUEST		Filtered-products	1627401922127	1627401925758	OK	 
USER	Admins	END	1627401925759
REQUEST		Filtered-products	1627401922176	1627401925798	OK	 
USER	Admins	END	1627401925799
REQUEST		Search-filters	1627401919201	1627401925805	OK	 
USER	Admins	START	1627401925813
REQUEST		Filtered-products	1627401921479	1627401925844	OK	 
USER	Admins	END	1627401925844
REQUEST		Search-filters	1627401922688	1627401925845	OK	 
USER	Admins	START	1627401925877
USER	Admins	START	1627401925940
REQUEST		Filtered-products	1627401921867	1627401925949	OK	 
USER	Admins	END	1627401925950
REQUEST		Filtered-products	1627401921478	1627401925951	OK	 
REQUEST		Filtered-products	1627401921506	1627401925951	OK	 
USER	Admins	END	1627401925951
USER	Admins	END	1627401925951
REQUEST		Filtered-products	1627401921755	1627401925953	OK	 
USER	Admins	END	1627401925953
USER	Admins	START	1627401926003
USER	Admins	START	1627401926060
REQUEST		Search-filters	1627401924318	1627401926070	OK	 
REQUEST		Search-filters	1627401924196	1627401926070	OK	 
REQUEST		Filtered-products	1627401921924	1627401926075	OK	 
USER	Admins	END	1627401926075
USER	Admins	START	1627401926127
REQUEST		Filtered-products	1627401922584	1627401926173	OK	 
USER	Admins	END	1627401926174
REQUEST		Search-filters	1627401924787	1627401926178	OK	 
REQUEST		Filtered-products	1627401921501	1627401926183	OK	 
REQUEST		Search-filters	1627401924670	1627401926184	OK	 
REQUEST		Search-filters	1627401924435	1627401926184	OK	 
REQUEST		Search-filters	1627401924552	1627401926184	OK	 
USER	Admins	END	1627401926184
USER	Admins	START	1627401926189
REQUEST		Filtered-products	1627401923120	1627401926192	OK	 
USER	Admins	END	1627401926192
REQUEST		Search-filters	1627401924846	1627401926208	OK	 
REQUEST		Search-filters	1627401924608	1627401926208	OK	 
USER	Admins	START	1627401926250
REQUEST		Filtered-products	1627401921931	1627401926257	OK	 
REQUEST		Search-filters	1627401924903	1627401926257	OK	 
USER	Admins	END	1627401926257
REQUEST		Filtered-products	1627401922915	1627401926258	OK	 
USER	Admins	END	1627401926258
REQUEST		Filtered-products	1627401922970	1627401926259	OK	 
USER	Admins	END	1627401926259
REQUEST		Filtered-products	1627401922837	1627401926261	OK	 
USER	Admins	END	1627401926262
REQUEST		Search-filters	1627401924963	1627401926291	OK	 
USER	Admins	START	1627401926310
REQUEST		Filtered-products	1627401922629	1627401926313	OK	 
USER	Admins	END	1627401926313
REQUEST		Filtered-products	1627401921789	1627401926315	OK	 
USER	Admins	END	1627401926315
REQUEST		Filtered-products	1627401920801	1627401926319	OK	 
REQUEST		Search-filters	1627401925083	1627401926319	OK	 
USER	Admins	END	1627401926319
REQUEST		Filtered-products	1627401921902	1627401926326	OK	 
USER	Admins	END	1627401926327
USER	Admins	START	1627401926375
USER	Admins	START	1627401926435
USER	Admins	START	1627401926492
USER	Admins	START	1627401926553
REQUEST		Filtered-products	1627401921755	1627401926603	OK	 
USER	Admins	END	1627401926604
USER	Admins	START	1627401926610
REQUEST		Filtered-products	1627401921755	1627401926612	OK	 
USER	Admins	END	1627401926613
REQUEST		Search-filters	1627401924728	1627401926615	OK	 
REQUEST		Filtered-products	1627401920881	1627401926623	OK	 
REQUEST		Search-filters	1627401925142	1627401926624	OK	 
USER	Admins	END	1627401926624
REQUEST		Search-filters	1627401925201	1627401926665	OK	 
USER	Admins	START	1627401926669
REQUEST		Filtered-products	1627401921891	1627401926703	OK	 
USER	Admins	END	1627401926703
REQUEST		Filtered-products	1627401921747	1627401926713	OK	 
USER	Admins	END	1627401926713
REQUEST		Filtered-products	1627401922837	1627401926716	OK	 
USER	Admins	END	1627401926716
REQUEST		Search-filters	1627401925020	1627401926728	OK	 
USER	Admins	START	1627401926729
REQUEST		Search-filters	1627401925318	1627401926731	OK	 
REQUEST		Filtered-products	1627401922966	1627401926734	OK	 
REQUEST		Search-filters	1627401925259	1627401926733	OK	 
USER	Admins	END	1627401926734
REQUEST		Filtered-products	1627401923172	1627401926734	OK	 
USER	Admins	END	1627401926734
REQUEST		Filtered-products	1627401921478	1627401926750	OK	 
USER	Admins	END	1627401926750
USER	Admins	START	1627401926787
USER	Admins	START	1627401926843
USER	Admins	START	1627401926907
USER	Admins	START	1627401926963
REQUEST		Filtered-products	1627401921747	1627401926993	OK	 
USER	Admins	END	1627401926993
USER	Admins	START	1627401927021
USER	Admins	START	1627401927080
REQUEST		Filtered-products	1627401920904	1627401927109	OK	 
USER	Admins	END	1627401927109
REQUEST		Filtered-products	1627401921481	1627401927112	OK	 
USER	Admins	END	1627401927112
REQUEST		Filtered-products	1627401920904	1627401927136	OK	 
USER	Admins	END	1627401927136
REQUEST		Filtered-products	1627401922105	1627401927138	OK	 
USER	Admins	END	1627401927139
USER	Admins	START	1627401927141
REQUEST		Filtered-products	1627401921747	1627401927142	OK	 
USER	Admins	END	1627401927143
REQUEST		Filtered-products	1627401920904	1627401927166	OK	 
USER	Admins	END	1627401927166
REQUEST		Filtered-products	1627401921865	1627401927173	OK	 
USER	Admins	END	1627401927173
USER	Admins	START	1627401927201
REQUEST		Filtered-products	1627401922987	1627401927225	OK	 
USER	Admins	END	1627401927225
REQUEST		Filtered-products	1627401922997	1627401927225	OK	 
USER	Admins	END	1627401927226
USER	Admins	START	1627401927260
REQUEST		Filtered-products	1627401921503	1627401927317	OK	 
USER	Admins	END	1627401927317
USER	Admins	START	1627401927317
REQUEST		Search-filters	1627401925690	1627401927355	OK	 
USER	Admins	START	1627401927376
USER	Admins	START	1627401927435
USER	Admins	START	1627401927493
USER	Admins	START	1627401927549
USER	Admins	START	1627401927612
REQUEST		Filtered-products	1627401922107	1627401927659	OK	 
USER	Admins	END	1627401927660
REQUEST		Filtered-products	1627401923643	1627401927662	OK	 
REQUEST		Search-filters	1627401926060	1627401927662	OK	 
REQUEST		Search-filters	1627401926003	1627401927662	OK	 
USER	Admins	END	1627401927663
REQUEST		Search-filters	1627401926127	1627401927666	OK	 
USER	Admins	START	1627401927668
USER	Admins	START	1627401927729
REQUEST		Filtered-products	1627401921475	1627401927787	OK	 
REQUEST		Search-filters	1627401926189	1627401927787	OK	 
USER	Admins	END	1627401927788
USER	Admins	START	1627401927789
REQUEST		Filtered-products	1627401921791	1627401927808	OK	 
USER	Admins	END	1627401927808
USER	Admins	START	1627401927845
USER	Admins	START	1627401927907
USER	Admins	START	1627401927966
USER	Admins	START	1627401928022
REQUEST		Filtered-products	1627401922837	1627401928052	OK	 
USER	Admins	END	1627401928053
USER	Admins	START	1627401928078
USER	Admins	START	1627401928142
REQUEST		Search-filters	1627401925623	1627401928152	OK	 
REQUEST		Search-filters	1627401925439	1627401928152	OK	 
USER	Admins	START	1627401928201
REQUEST		Search-filters	1627401925754	1627401928206	OK	 
REQUEST		Search-filters	1627401925376	1627401928215	OK	 
REQUEST		Filtered-products	1627401922123	1627401928233	OK	 
USER	Admins	END	1627401928234
REQUEST		Search-filters	1627401925500	1627401928235	OK	 
REQUEST		Search-filters	1627401926493	1627401928236	OK	 
REQUEST		Filtered-products	1627401921747	1627401928238	OK	 
USER	Admins	END	1627401928238
REQUEST		Search-filters	1627401926610	1627401928238	OK	 
REQUEST		Search-filters	1627401924376	1627401928257	OK	 
REQUEST		Filtered-products	1627401923582	1627401928257	OK	 
USER	Admins	END	1627401928257
USER	Admins	START	1627401928260
REQUEST		Filtered-products	1627401923678	1627401928293	OK	 
USER	Admins	END	1627401928293
REQUEST		Search-filters	1627401925940	1627401928303	OK	 
USER	Admins	START	1627401928319
REQUEST		Search-filters	1627401927021	1627401928352	OK	 
REQUEST		Filtered-products	1627401924654	1627401928376	OK	 
USER	Admins	END	1627401928376
USER	Admins	START	1627401928378
REQUEST		Search-filters	1627401926310	1627401928396	OK	 
REQUEST		Filtered-products	1627401925550	1627401928397	OK	 
USER	Admins	END	1627401928397
REQUEST		Filtered-products	1627401921892	1627401928400	OK	 
USER	Admins	END	1627401928400
REQUEST		Filtered-products	1627401922178	1627401928409	OK	 
USER	Admins	END	1627401928409
REQUEST		Search-filters	1627401926843	1627401928419	OK	 
REQUEST		Search-filters	1627401926729	1627401928420	OK	 
REQUEST		Search-filters	1627401926963	1627401928423	OK	 
REQUEST		Search-filters	1627401925877	1627401928423	OK	 
REQUEST		Search-filters	1627401926375	1627401928423	OK	 
USER	Admins	START	1627401928433
USER	Admins	START	1627401928494
USER	Admins	START	1627401928549
USER	Admins	START	1627401928608
USER	Admins	START	1627401928666
REQUEST		Filtered-products	1627401924260	1627401928717	OK	 
USER	Admins	END	1627401928717
REQUEST		Filtered-products	1627401922117	1627401928719	OK	 
USER	Admins	END	1627401928719
REQUEST		Filtered-products	1627401924729	1627401928723	OK	 
USER	Admins	END	1627401928724
REQUEST		Search-filters	1627401925563	1627401928724	OK	 
USER	Admins	START	1627401928729
USER	Admins	START	1627401928785
REQUEST		Search-filters	1627401927141	1627401928802	OK	 
REQUEST		Filtered-products	1627401924896	1627401928829	OK	 
USER	Admins	END	1627401928829
REQUEST		Search-filters	1627401927201	1627401928835	OK	 
REQUEST		Filtered-products	1627401924247	1627401928837	OK	 
USER	Admins	END	1627401928837
REQUEST		Search-filters	1627401927376	1627401928838	OK	 
REQUEST		Search-filters	1627401927080	1627401928838	OK	 
USER	Admins	START	1627401928844
REQUEST		Filtered-products	1627401922861	1627401928863	OK	 
USER	Admins	END	1627401928864
USER	Admins	START	1627401928904
USER	Admins	START	1627401928965
USER	Admins	START	1627401929025
USER	Admins	START	1627401929083
REQUEST		Search-filters	1627401925813	1627401929088	OK	 
REQUEST		Filtered-products	1627401925703	1627401929088	OK	 
REQUEST		Search-filters	1627401924493	1627401929088	OK	 
USER	Admins	END	1627401929088
REQUEST		Filtered-products	1627401923972	1627401929090	OK	 
USER	Admins	END	1627401929090
USER	Admins	START	1627401929140
USER	Admins	START	1627401929200
REQUEST		Filtered-products	1627401923052	1627401929229	OK	 
USER	Admins	END	1627401929229
REQUEST		Filtered-products	1627401922854	1627401929239	OK	 
USER	Admins	END	1627401929240
REQUEST		Search-filters	1627401927435	1627401929245	OK	 
USER	Admins	START	1627401929256
USER	Admins	START	1627401929318
USER	Admins	START	1627401929374
USER	Admins	START	1627401929439
REQUEST		Filtered-products	1627401923861	1627401929450	OK	 
USER	Admins	END	1627401929450
REQUEST		Search-filters	1627401927493	1627401929456	OK	 
REQUEST		Filtered-products	1627401925271	1627401929459	OK	 
USER	Admins	END	1627401929459
REQUEST		Search-filters	1627401926907	1627401929459	OK	 
REQUEST		Filtered-products	1627401925102	1627401929478	OK	 
USER	Admins	END	1627401929479
REQUEST		Filtered-products	1627401924188	1627401929482	OK	 
USER	Admins	END	1627401929482
REQUEST		Filtered-products	1627401924100	1627401929484	OK	 
REQUEST		Search-filters	1627401927317	1627401929484	OK	 
USER	Admins	END	1627401929484
USER	Admins	START	1627401929501
USER	Admins	START	1627401929564
USER	Admins	START	1627401929628
USER	Admins	START	1627401929689
REQUEST		Filtered-products	1627401926070	1627401929746	OK	 
USER	Admins	END	1627401929746
USER	Admins	START	1627401929748
USER	Admins	START	1627401929813
REQUEST		Filtered-products	1627401925550	1627401929852	OK	 
USER	Admins	END	1627401929852
REQUEST		Filtered-products	1627401921942	1627401929853	OK	 
USER	Admins	END	1627401929854
USER	Admins	START	1627401929877
USER	Admins	START	1627401929936
USER	Admins	START	1627401930000
USER	Admins	START	1627401930064
USER	Admins	START	1627401930126
USER	Admins	START	1627401930189
REQUEST		Filtered-products	1627401923654	1627401930196	OK	 
REQUEST		Search-filters	1627401927845	1627401930196	OK	 
USER	Admins	END	1627401930196
REQUEST		Filtered-products	1627401924083	1627401930219	OK	 
USER	Admins	END	1627401930219
USER	Admins	START	1627401930253
USER	Admins	START	1627401930311
REQUEST		Search-filters	1627401927966	1627401930330	OK	 
REQUEST		Filtered-products	1627401925710	1627401930334	OK	 
USER	Admins	END	1627401930334
REQUEST		Search-filters	1627401927789	1627401930334	OK	 
REQUEST		Search-filters	1627401927729	1627401930334	OK	 
REQUEST		Search-filters	1627401928078	1627401930335	OK	 
REQUEST		Search-filters	1627401927668	1627401930341	OK	 
REQUEST		Search-filters	1627401927549	1627401930341	OK	 
REQUEST		Search-filters	1627401928378	1627401930341	OK	 
REQUEST		Search-filters	1627401927612	1627401930341	OK	 
REQUEST		Search-filters	1627401926553	1627401930341	OK	 
REQUEST		Search-filters	1627401928142	1627401930371	OK	 
REQUEST		Search-filters	1627401928260	1627401930371	OK	 
REQUEST		Search-filters	1627401928729	1627401930375	OK	 
REQUEST		Filtered-products	1627401925805	1627401930375	OK	 
USER	Admins	END	1627401930375
USER	Admins	START	1627401930375
REQUEST		Search-filters	1627401928608	1627401930376	OK	 
REQUEST		Search-filters	1627401929083	1627401930376	OK	 
REQUEST		Search-filters	1627401928667	1627401930377	OK	 
REQUEST		Search-filters	1627401928785	1627401930392	OK	 
REQUEST		Search-filters	1627401926788	1627401930411	OK	 
REQUEST		Search-filters	1627401928494	1627401930411	OK	 
REQUEST		Search-filters	1627401928549	1627401930411	OK	 
REQUEST		Search-filters	1627401928201	1627401930411	OK	 
REQUEST		Filtered-products	1627401925270	1627401930412	OK	 
REQUEST		Search-filters	1627401926435	1627401930412	OK	 
REQUEST		Search-filters	1627401927907	1627401930412	OK	 
USER	Admins	END	1627401930412
REQUEST		Search-filters	1627401926669	1627401930412	OK	 
REQUEST		Filtered-products	1627401922107	1627401930415	OK	 
USER	Admins	END	1627401930416
REQUEST		Filtered-products	1627401925715	1627401930416	OK	 
USER	Admins	END	1627401930416
REQUEST		Search-filters	1627401927260	1627401930424	OK	 
REQUEST		Filtered-products	1627401924018	1627401930426	OK	 
USER	Admins	END	1627401930426
REQUEST		Search-filters	1627401928022	1627401930429	OK	 
REQUEST		Filtered-products	1627401924897	1627401930434	OK	 
USER	Admins	END	1627401930434
USER	Admins	START	1627401930434
REQUEST		Filtered-products	1627401926071	1627401930446	OK	 
USER	Admins	END	1627401930446
REQUEST		Filtered-products	1627401925550	1627401930449	OK	 
USER	Admins	END	1627401930449
REQUEST		Search-filters	1627401928904	1627401930451	OK	 
REQUEST		Search-filters	1627401928844	1627401930466	OK	 
REQUEST		Filtered-products	1627401924100	1627401930474	OK	 
USER	Admins	END	1627401930474
REQUEST		Search-filters	1627401926250	1627401930480	OK	 
USER	Admins	START	1627401930493
REQUEST		Filtered-products	1627401922971	1627401930514	OK	 
USER	Admins	END	1627401930515
REQUEST		Filtered-products	1627401925258	1627401930535	OK	 
USER	Admins	END	1627401930535
USER	Admins	START	1627401930553
USER	Admins	START	1627401930609
USER	Admins	START	1627401930671
USER	Admins	START	1627401930729
USER	Admins	START	1627401930787
REQUEST		Filtered-products	1627401926208	1627401930817	OK	 
USER	Admins	END	1627401930817
REQUEST		Filtered-products	1627401925548	1627401930822	OK	 
USER	Admins	END	1627401930822
USER	Admins	START	1627401930848
USER	Admins	START	1627401930904
REQUEST		Filtered-products	1627401923861	1627401930936	OK	 
USER	Admins	END	1627401930936
USER	Admins	START	1627401930963
USER	Admins	START	1627401931024
USER	Admins	START	1627401931081
USER	Admins	START	1627401931139
USER	Admins	START	1627401931200
USER	Admins	START	1627401931256
USER	Admins	START	1627401931317
USER	Admins	START	1627401931373
USER	Admins	START	1627401931435
USER	Admins	START	1627401931502
USER	Admins	START	1627401931564
REQUEST		Search-filters	1627401929200	1627401931605	OK	 
USER	Admins	START	1627401931624
USER	Admins	START	1627401931688
USER	Admins	START	1627401931748
USER	Admins	START	1627401931814
USER	Admins	START	1627401931877
USER	Admins	START	1627401931939
REQUEST		Search-filters	1627401929140	1627401931952	OK	 
REQUEST		Search-filters	1627401928965	1627401931973	OK	 
REQUEST		Search-filters	1627401929318	1627401931974	OK	 
USER	Admins	START	1627401932002
USER	Admins	START	1627401932063
USER	Admins	START	1627401932123
USER	Admins	START	1627401932185
USER	Admins	START	1627401932251
USER	Admins	START	1627401932315
REQUEST		Filtered-products	1627401926291	1627401932358	OK	 
USER	Admins	END	1627401932359
USER	Admins	START	1627401932378
USER	Admins	START	1627401932436
USER	Admins	START	1627401932490
REQUEST		Filtered-products	1627401922987	1627401932539	OK	 
USER	Admins	END	1627401932539
REQUEST		Search-filters	1627401929025	1627401932542	OK	 
USER	Admins	START	1627401932552
USER	Admins	START	1627401932613
USER	Admins	START	1627401932667
USER	Admins	START	1627401932730
USER	Admins	START	1627401932784
USER	Admins	START	1627401932848
USER	Admins	START	1627401932907
USER	Admins	START	1627401932965
USER	Admins	START	1627401933024
REQUEST		Search-filters	1627401929257	1627401933079	OK	 
USER	Admins	START	1627401933081
REQUEST		Filtered-products	1627401926184	1627401933138	OK	 
USER	Admins	END	1627401933138
USER	Admins	START	1627401933142
REQUEST		Filtered-products	1627401924896	1627401933173	OK	 
USER	Admins	END	1627401933173
REQUEST		Search-filters	1627401929628	1627401933173	OK	 
REQUEST		Search-filters	1627401929689	1627401933178	OK	 
REQUEST		Filtered-products	1627401925716	1627401933192	OK	 
USER	Admins	END	1627401933192
REQUEST		Search-filters	1627401929749	1627401933192	OK	 
USER	Admins	START	1627401933201
USER	Admins	START	1627401933260
REQUEST		Search-filters	1627401928319	1627401933311	OK	 
USER	Admins	START	1627401933319
REQUEST		Filtered-products	1627401924228	1627401933348	OK	 
USER	Admins	END	1627401933348
USER	Admins	START	1627401933378
REQUEST		Filtered-products	1627401923597	1627401933382	OK	 
USER	Admins	END	1627401933383
USER	Admins	START	1627401933434
USER	Admins	START	1627401933493
REQUEST		Search-filters	1627401929564	1627401933508	OK	 
REQUEST		Search-filters	1627401929375	1627401933513	OK	 
REQUEST		Filtered-products	1627401926208	1627401933551	OK	 
USER	Admins	END	1627401933551
USER	Admins	START	1627401933553
REQUEST		Filtered-products	1627401924895	1627401933555	OK	 
USER	Admins	END	1627401933556
USER	Admins	START	1627401933611
USER	Admins	START	1627401933670
USER	Admins	START	1627401933731
USER	Admins	START	1627401933788
USER	Admins	START	1627401933845
USER	Admins	START	1627401933904
USER	Admins	START	1627401933965
USER	Admins	START	1627401934024
REQUEST		Search-filters	1627401928433	1627401934055	OK	 
REQUEST		Search-filters	1627401929440	1627401934076	OK	 
USER	Admins	START	1627401934082
REQUEST		Search-filters	1627401929877	1627401934091	OK	 
USER	Admins	START	1627401934138
REQUEST		Filtered-products	1627401926184	1627401934177	OK	 
USER	Admins	END	1627401934177
USER	Admins	START	1627401934200
REQUEST		Search-filters	1627401929501	1627401934232	OK	 
REQUEST		Filtered-products	1627401926732	1627401934235	OK	 
USER	Admins	END	1627401934235
REQUEST		Search-filters	1627401930000	1627401934238	OK	 
USER	Admins	START	1627401934259
USER	Admins	START	1627401934318
USER	Admins	START	1627401934378
REQUEST		Search-filters	1627401929813	1627401934381	OK	 
REQUEST		Search-filters	1627401930126	1627401934381	OK	 
REQUEST		Search-filters	1627401930064	1627401934401	OK	 
REQUEST		Filtered-products	1627401926179	1627401934415	OK	 
USER	Admins	END	1627401934415
REQUEST		Filtered-products	1627401924898	1627401934419	OK	 
USER	Admins	END	1627401934419
REQUEST		Search-filters	1627401929936	1627401934420	OK	 
USER	Admins	START	1627401934438
REQUEST		Search-filters	1627401930189	1627401934446	OK	 
USER	Admins	START	1627401934502
REQUEST		Filtered-products	1627401926624	1627401934507	OK	 
USER	Admins	END	1627401934508
REQUEST		Filtered-products	1627401924100	1627401934548	OK	 
USER	Admins	END	1627401934548
REQUEST		Filtered-products	1627401922997	1627401934550	OK	 
USER	Admins	END	1627401934550
REQUEST		Filtered-products	1627401926665	1627401934552	OK	 
USER	Admins	END	1627401934552
REQUEST		Filtered-products	1627401928152	1627401934554	OK	 
USER	Admins	END	1627401934554
REQUEST		Search-filters	1627401930375	1627401934559	OK	 
USER	Admins	START	1627401934560
REQUEST		Filtered-products	1627401927663	1627401934563	OK	 
USER	Admins	END	1627401934563
REQUEST		Filtered-products	1627401928257	1627401934586	OK	 
USER	Admins	END	1627401934586
REQUEST		Filtered-products	1627401926728	1627401934589	OK	 
USER	Admins	END	1627401934590
REQUEST		Filtered-products	1627401928236	1627401934590	OK	 
USER	Admins	END	1627401934590
USER	Admins	START	1627401934627
REQUEST		Filtered-products	1627401928420	1627401934645	OK	 
USER	Admins	END	1627401934646
REQUEST		Search-filters	1627401930311	1627401934686	OK	 
USER	Admins	START	1627401934690
REQUEST		Filtered-products	1627401927666	1627401934712	OK	 
USER	Admins	END	1627401934713
REQUEST		Filtered-products	1627401926257	1627401934716	OK	 
REQUEST		Filtered-products	1627401922498	1627401934716	OK	 
USER	Admins	END	1627401934716
USER	Admins	END	1627401934716
REQUEST		Filtered-products	1627401928236	1627401934720	OK	 
USER	Admins	END	1627401934720
REQUEST		Filtered-products	1627401928396	1627401934721	OK	 
USER	Admins	END	1627401934721
REQUEST		Search-filters	1627401930253	1627401934732	OK	 
USER	Admins	START	1627401934748
USER	Admins	START	1627401934814
USER	Admins	START	1627401934875
USER	Admins	START	1627401934938
REQUEST		Filtered-products	1627401926319	1627401934987	OK	 
USER	Admins	END	1627401934988
REQUEST		Filtered-products	1627401925714	1627401934995	OK	 
USER	Admins	END	1627401934995
USER	Admins	START	1627401935000
REQUEST		Filtered-products	1627401926734	1627401935008	OK	 
USER	Admins	END	1627401935008
REQUEST		Filtered-products	1627401926615	1627401935053	OK	 
USER	Admins	END	1627401935054
REQUEST		Filtered-products	1627401928239	1627401935054	OK	 
USER	Admins	END	1627401935055
REQUEST		Filtered-products	1627401925845	1627401935062	OK	 
USER	Admins	END	1627401935062
REQUEST		Filtered-products	1627401925705	1627401935064	OK	 
USER	Admins	END	1627401935064
USER	Admins	START	1627401935064
REQUEST		Filtered-products	1627401928303	1627401935072	OK	 
USER	Admins	END	1627401935072
REQUEST		Filtered-products	1627401928152	1627401935073	OK	 
USER	Admins	END	1627401935073
REQUEST		Filtered-products	1627401927355	1627401935079	OK	 
USER	Admins	END	1627401935080
REQUEST		Filtered-products	1627401928206	1627401935092	OK	 
USER	Admins	END	1627401935093
REQUEST		Filtered-products	1627401928423	1627401935095	OK	 
USER	Admins	END	1627401935096
REQUEST		Filtered-products	1627401928423	1627401935098	OK	 
USER	Admins	END	1627401935099
REQUEST		Filtered-products	1627401928419	1627401935100	OK	 
USER	Admins	END	1627401935100
REQUEST		Filtered-products	1627401926184	1627401935114	OK	 
USER	Admins	END	1627401935115
USER	Admins	START	1627401935123
REQUEST		Filtered-products	1627401928423	1627401935126	OK	 
USER	Admins	END	1627401935126
REQUEST		Filtered-products	1627401928215	1627401935128	OK	 
USER	Admins	END	1627401935128
REQUEST		Filtered-products	1627401930412	1627401935146	OK	 
USER	Admins	END	1627401935147
REQUEST		Filtered-products	1627401928838	1627401935148	OK	 
USER	Admins	END	1627401935149
REQUEST		Filtered-products	1627401928838	1627401935150	OK	 
USER	Admins	END	1627401935150
REQUEST		Filtered-products	1627401930371	1627401935168	OK	 
USER	Admins	END	1627401935168
REQUEST		Filtered-products	1627401930412	1627401935171	OK	 
USER	Admins	END	1627401935171
REQUEST		Filtered-products	1627401930451	1627401935178	OK	 
USER	Admins	END	1627401935178
REQUEST		Filtered-products	1627401930341	1627401935181	OK	 
USER	Admins	END	1627401935181
REQUEST		Filtered-products	1627401930377	1627401935182	OK	 
USER	Admins	END	1627401935182
USER	Admins	START	1627401935188
REQUEST		Filtered-products	1627401924896	1627401935191	OK	 
USER	Admins	END	1627401935191
REQUEST		Filtered-products	1627401924897	1627401935193	OK	 
USER	Admins	END	1627401935193
REQUEST		Filtered-products	1627401930375	1627401935197	OK	 
USER	Admins	END	1627401935197
REQUEST		Filtered-products	1627401930392	1627401935201	OK	 
USER	Admins	END	1627401935201
REQUEST		Filtered-products	1627401930335	1627401935205	OK	 
USER	Admins	END	1627401935205
REQUEST		Search-filters	1627401930434	1627401935230	OK	 
REQUEST		Filtered-products	1627401930376	1627401935232	OK	 
USER	Admins	END	1627401935233
REQUEST		Filtered-products	1627401928802	1627401935234	OK	 
USER	Admins	END	1627401935234
REQUEST		Filtered-products	1627401928835	1627401935237	OK	 
USER	Admins	END	1627401935237
REQUEST		Filtered-products	1627401930412	1627401935241	OK	 
USER	Admins	END	1627401935241
REQUEST		Filtered-products	1627401930412	1627401935251	OK	 
USER	Admins	END	1627401935251
REQUEST		Filtered-products	1627401930412	1627401935252	OK	 
USER	Admins	END	1627401935252
USER	Admins	START	1627401935253
REQUEST		Filtered-products	1627401930335	1627401935258	OK	 
USER	Admins	END	1627401935258
REQUEST		Filtered-products	1627401929459	1627401935261	OK	 
USER	Admins	END	1627401935261
USER	Admins	START	1627401935315
USER	Admins	START	1627401935376
REQUEST		Filtered-products	1627401928724	1627401935409	OK	 
USER	Admins	END	1627401935409
USER	Admins	START	1627401935434
REQUEST		Filtered-products	1627401930335	1627401935438	OK	 
USER	Admins	END	1627401935438
REQUEST		Filtered-products	1627401931974	1627401935441	OK	 
USER	Admins	END	1627401935441
REQUEST		Filtered-products	1627401929088	1627401935446	OK	 
USER	Admins	END	1627401935446
REQUEST		Filtered-products	1627401929245	1627401935447	OK	 
USER	Admins	END	1627401935448
REQUEST		Filtered-products	1627401928353	1627401935450	OK	 
USER	Admins	END	1627401935450
REQUEST		Filtered-products	1627401930371	1627401935453	OK	 
USER	Admins	END	1627401935453
REQUEST		Filtered-products	1627401933173	1627401935469	OK	 
USER	Admins	END	1627401935469
REQUEST		Filtered-products	1627401924895	1627401935486	OK	 
USER	Admins	END	1627401935487
REQUEST		Filtered-products	1627401932542	1627401935490	OK	 
USER	Admins	END	1627401935490
USER	Admins	START	1627401935492
REQUEST		Filtered-products	1627401931953	1627401935502	OK	 
USER	Admins	END	1627401935503
REQUEST		Filtered-products	1627401930412	1627401935504	OK	 
USER	Admins	END	1627401935505
REQUEST		Filtered-products	1627401933178	1627401935507	OK	 
USER	Admins	END	1627401935507
REQUEST		Filtered-products	1627401930341	1627401935511	OK	 
USER	Admins	END	1627401935511
REQUEST		Filtered-products	1627401927662	1627401935512	OK	 
USER	Admins	END	1627401935512
REQUEST		Filtered-products	1627401930341	1627401935513	OK	 
REQUEST		Filtered-products	1627401930376	1627401935513	OK	 
USER	Admins	END	1627401935513
USER	Admins	END	1627401935513
REQUEST		Filtered-products	1627401930412	1627401935514	OK	 
USER	Admins	END	1627401935514
REQUEST		Filtered-products	1627401930480	1627401935524	OK	 
USER	Admins	END	1627401935525
REQUEST		Filtered-products	1627401930466	1627401935525	OK	 
REQUEST		Filtered-products	1627401930330	1627401935525	OK	 
USER	Admins	END	1627401935525
USER	Admins	END	1627401935525
REQUEST		Filtered-products	1627401929088	1627401935526	OK	 
USER	Admins	END	1627401935527
REQUEST		Filtered-products	1627401930197	1627401935529	OK	 
USER	Admins	END	1627401935529
REQUEST		Filtered-products	1627401929456	1627401935529	OK	 
USER	Admins	END	1627401935529
REQUEST		Filtered-products	1627401930341	1627401935530	OK	 
USER	Admins	END	1627401935530
REQUEST		Filtered-products	1627401929484	1627401935534	OK	 
REQUEST		Search-filters	1627401930493	1627401935534	OK	 
USER	Admins	END	1627401935534
REQUEST		Filtered-products	1627401933192	1627401935544	OK	 
USER	Admins	END	1627401935545
USER	Admins	START	1627401935550
REQUEST		Search-filters	1627401930553	1627401935553	OK	 
REQUEST		Filtered-products	1627401933513	1627401935571	OK	 
USER	Admins	END	1627401935572
REQUEST		Filtered-products	1627401931606	1627401935597	OK	 
USER	Admins	END	1627401935598
REQUEST		Filtered-products	1627401934055	1627401935598	OK	 
USER	Admins	END	1627401935598
REQUEST		Filtered-products	1627401931974	1627401935599	OK	 
USER	Admins	END	1627401935600
REQUEST		Filtered-products	1627401933508	1627401935604	OK	 
USER	Admins	END	1627401935604
USER	Admins	START	1627401935613
USER	Admins	START	1627401935670
REQUEST		Filtered-products	1627401934091	1627401935671	OK	 
USER	Admins	END	1627401935672
REQUEST		Filtered-products	1627401933079	1627401935675	OK	 
USER	Admins	END	1627401935675
REQUEST		Filtered-products	1627401934382	1627401935677	OK	 
USER	Admins	END	1627401935677
REQUEST		Filtered-products	1627401934232	1627401935679	OK	 
USER	Admins	END	1627401935679
REQUEST		Filtered-products	1627401934076	1627401935680	OK	 
USER	Admins	END	1627401935680
REQUEST		Filtered-products	1627401934559	1627401935682	OK	 
USER	Admins	END	1627401935682
REQUEST		Filtered-products	1627401934381	1627401935693	OK	 
USER	Admins	END	1627401935693
REQUEST		Filtered-products	1627401934239	1627401935698	OK	 
USER	Admins	END	1627401935698
REQUEST		Filtered-products	1627401934446	1627401935710	OK	 
USER	Admins	END	1627401935711
USER	Admins	START	1627401935730
REQUEST		Filtered-products	1627401934420	1627401935744	OK	 
USER	Admins	END	1627401935745
REQUEST		Filtered-products	1627401934733	1627401935754	OK	 
USER	Admins	END	1627401935754
REQUEST		Filtered-products	1627401934401	1627401935756	OK	 
USER	Admins	END	1627401935757
USER	Admins	START	1627401935784
USER	Admins	START	1627401935845
USER	Admins	START	1627401935906
USER	Admins	START	1627401935965
USER	Admins	START	1627401936024
REQUEST		Filtered-products	1627401933311	1627401936041	OK	 
USER	Admins	END	1627401936041
REQUEST		Filtered-products	1627401927788	1627401936043	OK	 
USER	Admins	END	1627401936043
REQUEST		Filtered-products	1627401935231	1627401936049	OK	 
USER	Admins	END	1627401936049
REQUEST		Filtered-products	1627401930341	1627401936050	OK	 
USER	Admins	END	1627401936050
REQUEST		Filtered-products	1627401930429	1627401936053	OK	 
USER	Admins	END	1627401936053
USER	Admins	START	1627401936080
USER	Admins	START	1627401936138
REQUEST		Filtered-products	1627401934686	1627401936150	OK	 
USER	Admins	END	1627401936151
USER	Admins	START	1627401936200
REQUEST		Filtered-products	1627401935534	1627401936242	OK	 
USER	Admins	END	1627401936242
REQUEST		Search-filters	1627401932185	1627401936246	OK	 
USER	Admins	START	1627401936257
USER	Admins	START	1627401936318
USER	Admins	START	1627401936375
REQUEST		Filtered-products	1627401935553	1627401936431	OK	 
REQUEST		Search-filters	1627401930787	1627401936432	OK	 
USER	Admins	END	1627401936432
USER	Admins	START	1627401936433
REQUEST		Search-filters	1627401930848	1627401936436	OK	 
REQUEST		Search-filters	1627401934138	1627401936436	OK	 
REQUEST		Search-filters	1627401930904	1627401936455	OK	 
REQUEST		Search-filters	1627401934318	1627401936457	OK	 
REQUEST		Search-filters	1627401930671	1627401936457	OK	 
REQUEST		Search-filters	1627401933670	1627401936457	OK	 
REQUEST		Search-filters	1627401934024	1627401936459	OK	 
REQUEST		Search-filters	1627401930729	1627401936459	OK	 
REQUEST		Search-filters	1627401933434	1627401936460	OK	 
REQUEST		Search-filters	1627401934438	1627401936477	OK	 
REQUEST		Search-filters	1627401934201	1627401936478	OK	 
REQUEST		Search-filters	1627401933845	1627401936478	OK	 
REQUEST		Search-filters	1627401933553	1627401936480	OK	 
REQUEST		Search-filters	1627401931024	1627401936480	OK	 
USER	Admins	START	1627401936494
REQUEST		Search-filters	1627401931317	1627401936551	OK	 
REQUEST		Search-filters	1627401931140	1627401936551	OK	 
REQUEST		Search-filters	1627401933611	1627401936553	OK	 
USER	Admins	START	1627401936554
REQUEST		Search-filters	1627401933731	1627401936572	OK	 
REQUEST		Search-filters	1627401934748	1627401936572	OK	 
REQUEST		Search-filters	1627401930609	1627401936573	OK	 
REQUEST		Search-filters	1627401931939	1627401936573	OK	 
REQUEST		Search-filters	1627401932378	1627401936574	OK	 
REQUEST		Search-filters	1627401931749	1627401936575	OK	 
REQUEST		Search-filters	1627401932490	1627401936576	OK	 
REQUEST		Search-filters	1627401932966	1627401936577	OK	 
REQUEST		Search-filters	1627401935001	1627401936577	OK	 
REQUEST		Search-filters	1627401933081	1627401936577	OK	 
REQUEST		Search-filters	1627401933965	1627401936578	OK	 
REQUEST		Search-filters	1627401931435	1627401936579	OK	 
REQUEST		Search-filters	1627401933493	1627401936579	OK	 
REQUEST		Search-filters	1627401930963	1627401936587	OK	 
REQUEST		Search-filters	1627401933319	1627401936591	OK	 
REQUEST		Search-filters	1627401935253	1627401936591	OK	 
REQUEST		Search-filters	1627401934259	1627401936592	OK	 
REQUEST		Search-filters	1627401932123	1627401936597	OK	 
REQUEST		Search-filters	1627401931688	1627401936597	OK	 
REQUEST		Search-filters	1627401931564	1627401936598	OK	 
REQUEST		Search-filters	1627401931374	1627401936599	OK	 
REQUEST		Search-filters	1627401933904	1627401936603	OK	 
REQUEST		Search-filters	1627401934560	1627401936607	OK	 
REQUEST		Search-filters	1627401931625	1627401936608	OK	 
USER	Admins	START	1627401936609
REQUEST		Search-filters	1627401933260	1627401936610	OK	 
REQUEST		Search-filters	1627401934083	1627401936618	OK	 
REQUEST		Search-filters	1627401932002	1627401936625	OK	 
REQUEST		Search-filters	1627401934627	1627401936625	OK	 
REQUEST		Search-filters	1627401931200	1627401936631	OK	 
REQUEST		Filtered-products	1627401930424	1627401936632	OK	 
USER	Admins	END	1627401936632
REQUEST		Search-filters	1627401933378	1627401936655	OK	 
REQUEST		Search-filters	1627401934814	1627401936655	OK	 
REQUEST		Search-filters	1627401934502	1627401936662	OK	 
USER	Admins	START	1627401936672
REQUEST		Search-filters	1627401934378	1627401936713	OK	 
REQUEST		Search-filters	1627401935315	1627401936715	OK	 
REQUEST		Search-filters	1627401934875	1627401936715	OK	 
REQUEST		Search-filters	1627401935434	1627401936715	OK	 
REQUEST		Search-filters	1627401932907	1627401936721	OK	 
REQUEST		Search-filters	1627401935123	1627401936721	OK	 
REQUEST		Search-filters	1627401932784	1627401936723	OK	 
USER	Admins	START	1627401936725
REQUEST		Search-filters	1627401932436	1627401936774	OK	 
USER	Admins	START	1627401936789
REQUEST		Search-filters	1627401934690	1627401936821	OK	 
REQUEST		Search-filters	1627401932613	1627401936824	OK	 
REQUEST		Search-filters	1627401933788	1627401936826	OK	 
REQUEST		Search-filters	1627401933024	1627401936826	OK	 
REQUEST		Search-filters	1627401932315	1627401936826	OK	 
USER	Admins	START	1627401936846
USER	Admins	START	1627401936904
USER	Admins	START	1627401936966
USER	Admins	START	1627401937024
USER	Admins	START	1627401937083
REQUEST		Search-filters	1627401931082	1627401937092	OK	 
REQUEST		Search-filters	1627401932552	1627401937094	OK	 
USER	Admins	START	1627401937142
REQUEST		Search-filters	1627401935670	1627401937165	OK	 
REQUEST		Search-filters	1627401935550	1627401937165	OK	 
REQUEST		Search-filters	1627401935492	1627401937200	OK	 
USER	Admins	START	1627401937200
REQUEST		Search-filters	1627401935065	1627401937201	OK	 
REQUEST		Search-filters	1627401933142	1627401937201	OK	 
REQUEST		Search-filters	1627401935730	1627401937204	OK	 
REQUEST		Search-filters	1627401935188	1627401937210	OK	 
REQUEST		Search-filters	1627401935845	1627401937228	OK	 
REQUEST		Search-filters	1627401932730	1627401937239	OK	 
REQUEST		Search-filters	1627401931256	1627401937242	OK	 
USER	Admins	START	1627401937259
USER	Admins	START	1627401937316
USER	Admins	START	1627401937374
REQUEST		Search-filters	1627401935613	1627401937377	OK	 
REQUEST		Search-filters	1627401931814	1627401937384	OK	 
USER	Admins	START	1627401937434
REQUEST		Search-filters	1627401936024	1627401937475	OK	 
REQUEST		Search-filters	1627401935965	1627401937475	OK	 
REQUEST		Search-filters	1627401936138	1627401937476	OK	 
REQUEST		Search-filters	1627401935784	1627401937477	OK	 
USER	Admins	START	1627401937502
REQUEST		Search-filters	1627401933201	1627401937509	OK	 
USER	Admins	START	1627401937564
REQUEST		Search-filters	1627401935906	1627401937620	OK	 
USER	Admins	START	1627401937627
USER	Admins	START	1627401937689
USER	Admins	START	1627401937749
USER	Admins	START	1627401937814
USER	Admins	START	1627401937877
USER	Admins	START	1627401937940
USER	Admins	START	1627401938002
USER	Admins	START	1627401938064
USER	Admins	START	1627401938123
REQUEST		Search-filters	1627401936080	1627401938134	OK	 
USER	Admins	START	1627401938189
USER	Admins	START	1627401938250
USER	Admins	START	1627401938314
USER	Admins	START	1627401938373
USER	Admins	START	1627401938435
USER	Admins	START	1627401938492
USER	Admins	START	1627401938554
USER	Admins	START	1627401938612
USER	Admins	START	1627401938671
USER	Admins	START	1627401938729
USER	Admins	START	1627401938788
REQUEST		Search-filters	1627401936200	1627401938805	OK	 
USER	Admins	START	1627401938846
REQUEST		Search-filters	1627401936319	1627401938897	OK	 
USER	Admins	START	1627401938906
REQUEST		Search-filters	1627401936257	1627401938907	OK	 
USER	Admins	START	1627401938965
USER	Admins	START	1627401939024
USER	Admins	START	1627401939083
USER	Admins	START	1627401939142
REQUEST		Search-filters	1627401937024	1627401939199	OK	 
USER	Admins	START	1627401939200
REQUEST		Search-filters	1627401937142	1627401939218	OK	 
REQUEST		Search-filters	1627401936375	1627401939218	OK	 
REQUEST		Search-filters	1627401936904	1627401939231	OK	 
REQUEST		Search-filters	1627401936725	1627401939250	OK	 
REQUEST		Search-filters	1627401936966	1627401939259	OK	 
USER	Admins	START	1627401939258
REQUEST		Search-filters	1627401937083	1627401939269	OK	 
REQUEST		Search-filters	1627401937502	1627401939271	OK	 
REQUEST		Search-filters	1627401936672	1627401939274	OK	 
REQUEST		Filtered-products	1627401936246	1627401939290	OK	 
USER	Admins	END	1627401939290
REQUEST		Search-filters	1627401936554	1627401939290	OK	 
REQUEST		Search-filters	1627401932063	1627401939294	OK	 
REQUEST		Search-filters	1627401936846	1627401939296	OK	 
REQUEST		Search-filters	1627401934938	1627401939297	OK	 
REQUEST		Search-filters	1627401937200	1627401939308	OK	 
REQUEST		Search-filters	1627401931502	1627401939311	OK	 
REQUEST		Search-filters	1627401936789	1627401939312	OK	 
USER	Admins	START	1627401939320
REQUEST		Search-filters	1627401937316	1627401939341	OK	 
REQUEST		Search-filters	1627401936433	1627401939342	OK	 
REQUEST		Search-filters	1627401935376	1627401939342	OK	 
REQUEST		Search-filters	1627401936609	1627401939342	OK	 
REQUEST		Search-filters	1627401937814	1627401939342	OK	 
REQUEST		Search-filters	1627401937689	1627401939342	OK	 
REQUEST		Search-filters	1627401937877	1627401939342	OK	 
REQUEST		Search-filters	1627401937259	1627401939342	OK	 
REQUEST		Search-filters	1627401932667	1627401939362	OK	 
USER	Admins	START	1627401939374
REQUEST		Search-filters	1627401937564	1627401939396	OK	 
REQUEST		Search-filters	1627401938123	1627401939399	OK	 
USER	Admins	START	1627401939434
REQUEST		Search-filters	1627401937940	1627401939442	OK	 
USER	Admins	START	1627401939494
USER	Admins	START	1627401939548
USER	Admins	START	1627401939612
USER	Admins	START	1627401939666
REQUEST		Search-filters	1627401937374	1627401939683	OK	 
REQUEST		Search-filters	1627401937434	1627401939684	OK	 
REQUEST		Search-filters	1627401936494	1627401939684	OK	 
REQUEST		Search-filters	1627401938373	1627401939685	OK	 
REQUEST		Search-filters	1627401938435	1627401939685	OK	 
REQUEST		Search-filters	1627401938189	1627401939687	OK	 
REQUEST		Search-filters	1627401937749	1627401939699	OK	 
REQUEST		Search-filters	1627401938064	1627401939718	OK	 
USER	Admins	START	1627401939729
REQUEST		Search-filters	1627401938612	1627401939730	OK	 
USER	Admins	START	1627401939787
REQUEST		Search-filters	1627401938314	1627401939800	OK	 
REQUEST		Search-filters	1627401938002	1627401939832	OK	 
REQUEST		Search-filters	1627401938493	1627401939833	OK	 
USER	Admins	START	1627401939845
REQUEST		Filtered-products	1627401936575	1627401939851	OK	 
USER	Admins	END	1627401939852
USER	Admins	START	1627401939904
REQUEST		Search-filters	1627401938554	1627401939908	OK	 
REQUEST		Filtered-products	1627401936552	1627401939940	OK	 
USER	Admins	END	1627401939940
USER	Admins	START	1627401939964
USER	Admins	START	1627401940024
USER	Admins	START	1627401940082
USER	Admins	START	1627401940141
USER	Admins	START	1627401940201
REQUEST		Filtered-products	1627401936579	1627401940235	OK	 
USER	Admins	END	1627401940236
USER	Admins	START	1627401940259
REQUEST		Search-filters	1627401938250	1627401940294	OK	 
USER	Admins	START	1627401940315
REQUEST		Filtered-products	1627401936824	1627401940349	OK	 
USER	Admins	END	1627401940349
REQUEST		Filtered-products	1627401936551	1627401940351	OK	 
USER	Admins	END	1627401940351
REQUEST		Filtered-products	1627401936608	1627401940352	OK	 
USER	Admins	END	1627401940352
REQUEST		Filtered-products	1627401936573	1627401940354	OK	 
REQUEST		Filtered-products	1627401936553	1627401940354	OK	 
USER	Admins	END	1627401940355
USER	Admins	END	1627401940355
REQUEST		Filtered-products	1627401936577	1627401940356	OK	 
USER	Admins	END	1627401940357
REQUEST		Filtered-products	1627401936655	1627401940375	OK	 
USER	Admins	END	1627401940376
USER	Admins	START	1627401940377
REQUEST		Filtered-products	1627401936821	1627401940388	OK	 
USER	Admins	END	1627401940388
REQUEST		Filtered-products	1627401937092	1627401940393	OK	 
USER	Admins	END	1627401940393
USER	Admins	START	1627401940435
REQUEST		Filtered-products	1627401936578	1627401940470	OK	 
USER	Admins	END	1627401940470
USER	Admins	START	1627401940493
USER	Admins	START	1627401940549
USER	Admins	START	1627401940611
REQUEST		Search-filters	1627401938788	1627401940623	OK	 
USER	Admins	START	1627401940670
USER	Admins	START	1627401940729
REQUEST		Filtered-products	1627401937200	1627401940730	OK	 
USER	Admins	END	1627401940731
REQUEST		Filtered-products	1627401936597	1627401940734	OK	 
USER	Admins	END	1627401940734
REQUEST		Filtered-products	1627401936655	1627401940776	OK	 
USER	Admins	END	1627401940776
USER	Admins	START	1627401940788
REQUEST		Filtered-products	1627401936457	1627401940790	OK	 
USER	Admins	END	1627401940790
REQUEST		Filtered-products	1627401936591	1627401940810	OK	 
USER	Admins	END	1627401940810
USER	Admins	START	1627401940843
REQUEST		Filtered-products	1627401936715	1627401940850	OK	 
USER	Admins	END	1627401940850
REQUEST		Filtered-products	1627401936715	1627401940856	OK	 
USER	Admins	END	1627401940856
REQUEST		Filtered-products	1627401936662	1627401940874	OK	 
USER	Admins	END	1627401940874
REQUEST		Search-filters	1627401938671	1627401940879	OK	 
REQUEST		Search-filters	1627401939083	1627401940879	OK	 
REQUEST		Search-filters	1627401939320	1627401940879	OK	 
REQUEST		Filtered-products	1627401937242	1627401940894	OK	 
USER	Admins	END	1627401940894
REQUEST		Search-filters	1627401939374	1627401940895	OK	 
USER	Admins	START	1627401940905
REQUEST		Filtered-products	1627401936774	1627401940922	OK	 
USER	Admins	END	1627401940922
REQUEST		Filtered-products	1627401936436	1627401940938	OK	 
USER	Admins	END	1627401940938
REQUEST		Filtered-products	1627401936587	1627401940946	OK	 
USER	Admins	END	1627401940946
REQUEST		Filtered-products	1627401936599	1627401940948	OK	 
USER	Admins	END	1627401940949
REQUEST		Filtered-products	1627401936714	1627401940949	OK	 
USER	Admins	END	1627401940949
REQUEST		Search-filters	1627401939258	1627401940949	OK	 
REQUEST		Filtered-products	1627401936477	1627401940953	OK	 
USER	Admins	END	1627401940953
REQUEST		Filtered-products	1627401936826	1627401940955	OK	 
USER	Admins	END	1627401940955
USER	Admins	START	1627401940962
USER	Admins	START	1627401941024
USER	Admins	START	1627401941080
USER	Admins	START	1627401941140
USER	Admins	START	1627401941200
USER	Admins	START	1627401941258
USER	Admins	START	1627401941317
REQUEST		Search-filters	1627401938846	1627401941330	OK	 
REQUEST		Search-filters	1627401939548	1627401941331	OK	 
REQUEST		Search-filters	1627401939494	1627401941365	OK	 
REQUEST		Search-filters	1627401938729	1627401941365	OK	 
REQUEST		Search-filters	1627401939200	1627401941365	OK	 
USER	Admins	START	1627401941372
REQUEST		Filtered-products	1627401936576	1627401941389	OK	 
USER	Admins	END	1627401941389
REQUEST		Filtered-products	1627401936455	1627401941391	OK	 
USER	Admins	END	1627401941391
REQUEST		Filtered-products	1627401936597	1627401941395	OK	 
USER	Admins	END	1627401941395
REQUEST		Filtered-products	1627401937210	1627401941402	OK	 
USER	Admins	END	1627401941403
REQUEST		Filtered-products	1627401936579	1627401941403	OK	 
REQUEST		Search-filters	1627401938906	1627401941403	OK	 
USER	Admins	END	1627401941404
USER	Admins	START	1627401941439
REQUEST		Search-filters	1627401932251	1627401941458	OK	 
REQUEST		Search-filters	1627401939142	1627401941458	OK	 
USER	Admins	START	1627401941500
USER	Admins	START	1627401941564
USER	Admins	START	1627401941627
USER	Admins	START	1627401941685
USER	Admins	START	1627401941749
REQUEST		Filtered-products	1627401937204	1627401941773	OK	 
USER	Admins	END	1627401941773
REQUEST		Search-filters	1627401932848	1627401941784	OK	 
REQUEST		Filtered-products	1627401936572	1627401941785	OK	 
USER	Admins	END	1627401941785
REQUEST		Filtered-products	1627401936826	1627401941787	OK	 
USER	Admins	END	1627401941787
REQUEST		Filtered-products	1627401936459	1627401941787	OK	 
USER	Admins	END	1627401941787
REQUEST		Filtered-products	1627401936577	1627401941790	OK	 
USER	Admins	END	1627401941790
REQUEST		Search-filters	1627401931877	1627401941791	OK	 
REQUEST		Search-filters	1627401939612	1627401941791	OK	 
REQUEST		Filtered-products	1627401936457	1627401941793	OK	 
USER	Admins	END	1627401941793
REQUEST		Search-filters	1627401940435	1627401941795	OK	 
REQUEST		Search-filters	1627401940549	1627401941795	OK	 
REQUEST		Filtered-products	1627401936478	1627401941799	OK	 
USER	Admins	END	1627401941799
REQUEST		Search-filters	1627401939787	1627401941808	OK	 
USER	Admins	START	1627401941810
REQUEST		Filtered-products	1627401936480	1627401941811	OK	 
USER	Admins	END	1627401941812
REQUEST		Filtered-products	1627401936603	1627401941831	OK	 
REQUEST		Search-filters	1627401938965	1627401941831	OK	 
USER	Admins	END	1627401941831
REQUEST		Filtered-products	1627401936572	1627401941832	OK	 
USER	Admins	END	1627401941832
REQUEST		Filtered-products	1627401937229	1627401941833	OK	 
USER	Admins	END	1627401941833
REQUEST		Search-filters	1627401939729	1627401941834	OK	 
REQUEST		Filtered-products	1627401936573	1627401941841	OK	 
REQUEST		Search-filters	1627401939845	1627401941841	OK	 
USER	Admins	END	1627401941841
REQUEST		Search-filters	1627401939904	1627401941856	OK	 
REQUEST		Search-filters	1627401940259	1627401941859	OK	 
REQUEST		Search-filters	1627401939434	1627401941868	OK	 
USER	Admins	START	1627401941873
REQUEST		Filtered-products	1627401936631	1627401941897	OK	 
USER	Admins	END	1627401941897
REQUEST		Search-filters	1627401940315	1627401941903	OK	 
REQUEST		Search-filters	1627401939024	1627401941920	OK	 
REQUEST		Filtered-products	1627401936432	1627401941938	OK	 
REQUEST		Search-filters	1627401939666	1627401941938	OK	 
USER	Admins	START	1627401941938
USER	Admins	END	1627401941939
REQUEST		Search-filters	1627401940494	1627401941951	OK	 
REQUEST		Search-filters	1627401940611	1627401941951	OK	 
REQUEST		Filtered-products	1627401936577	1627401941954	OK	 
USER	Admins	END	1627401941954
REQUEST		Search-filters	1627401940377	1627401941962	OK	 
REQUEST		Filtered-products	1627401936607	1627401941962	OK	 
USER	Admins	END	1627401941962
USER	Admins	START	1627401942000
USER	Admins	START	1627401942064
REQUEST		Filtered-products	1627401936437	1627401942099	OK	 
USER	Admins	END	1627401942100
USER	Admins	START	1627401942128
USER	Admins	START	1627401942190
USER	Admins	START	1627401942248
USER	Admins	START	1627401942314
REQUEST		Search-filters	1627401940024	1627401942329	OK	 
REQUEST		Filtered-products	1627401936598	1627401942330	OK	 
USER	Admins	END	1627401942330
REQUEST		Filtered-products	1627401937094	1627401942330	OK	 
USER	Admins	END	1627401942331
REQUEST		Filtered-products	1627401936460	1627401942337	OK	 
USER	Admins	END	1627401942338
USER	Admins	START	1627401942373
REQUEST		Search-filters	1627401940141	1627401942423	OK	 
USER	Admins	START	1627401942434
REQUEST		Filtered-products	1627401936723	1627401942439	OK	 
REQUEST		Search-filters	1627401937627	1627401942439	OK	 
USER	Admins	END	1627401942439
REQUEST		Search-filters	1627401940201	1627401942445	OK	 
REQUEST		Filtered-products	1627401936610	1627401942445	OK	 
USER	Admins	END	1627401942445
REQUEST		Filtered-products	1627401936592	1627401942446	OK	 
USER	Admins	END	1627401942446
REQUEST		Search-filters	1627401940082	1627401942451	OK	 
REQUEST		Filtered-products	1627401936715	1627401942455	OK	 
REQUEST		Search-filters	1627401939964	1627401942455	OK	 
USER	Admins	END	1627401942455
REQUEST		Search-filters	1627401940843	1627401942456	OK	 
USER	Admins	START	1627401942493
REQUEST		Search-filters	1627401940670	1627401942514	OK	 
REQUEST		Filtered-products	1627401936619	1627401942518	OK	 
REQUEST		Search-filters	1627401940962	1627401942518	OK	 
USER	Admins	END	1627401942519
REQUEST		Filtered-products	1627401936826	1627401942533	OK	 
USER	Admins	END	1627401942533
REQUEST		Filtered-products	1627401936625	1627401942542	OK	 
USER	Admins	END	1627401942543
USER	Admins	START	1627401942552
REQUEST		Search-filters	1627401940788	1627401942562	OK	 
REQUEST		Search-filters	1627401940729	1627401942563	OK	 
REQUEST		Search-filters	1627401940905	1627401942564	OK	 
REQUEST		Search-filters	1627401941024	1627401942564	OK	 
REQUEST		Search-filters	1627401941200	1627401942577	OK	 
USER	Admins	START	1627401942610
USER	Admins	START	1627401942670
REQUEST		Search-filters	1627401941080	1627401942718	OK	 
REQUEST		Search-filters	1627401941318	1627401942723	OK	 
USER	Admins	START	1627401942725
REQUEST		Filtered-products	1627401936721	1627401942727	OK	 
REQUEST		Search-filters	1627401941258	1627401942727	OK	 
USER	Admins	END	1627401942727
REQUEST		Filtered-products	1627401936574	1627401942730	OK	 
USER	Admins	END	1627401942731
USER	Admins	START	1627401942787
REQUEST		Filtered-products	1627401937201	1627401942832	OK	 
USER	Admins	END	1627401942833
REQUEST		Filtered-products	1627401936591	1627401942835	OK	 
USER	Admins	END	1627401942835
USER	Admins	START	1627401942847
REQUEST		Filtered-products	1627401937476	1627401942854	OK	 
USER	Admins	END	1627401942854
REQUEST		Filtered-products	1627401937239	1627401942865	OK	 
USER	Admins	END	1627401942866
USER	Admins	START	1627401942906
USER	Admins	START	1627401942965
REQUEST		Filtered-products	1627401936478	1627401942974	OK	 
USER	Admins	END	1627401942974
USER	Admins	START	1627401943020
USER	Admins	START	1627401943081
REQUEST		Search-filters	1627401941500	1627401943134	OK	 
REQUEST		Search-filters	1627401941810	1627401943137	OK	 
USER	Admins	START	1627401943140
REQUEST		Filtered-products	1627401937165	1627401943143	OK	 
USER	Admins	END	1627401943143
USER	Admins	START	1627401943200
USER	Admins	START	1627401943258
USER	Admins	START	1627401943317
USER	Admins	START	1627401943377
REQUEST		Search-filters	1627401941439	1627401943437	OK	 
USER	Admins	START	1627401943438
REQUEST		Search-filters	1627401941373	1627401943439	OK	 
REQUEST		Search-filters	1627401941685	1627401943440	OK	 
REQUEST		Search-filters	1627401941627	1627401943440	OK	 
REQUEST		Filtered-products	1627401936457	1627401943441	OK	 
REQUEST		Search-filters	1627401941140	1627401943441	OK	 
USER	Admins	END	1627401943441
REQUEST		Filtered-products	1627401936480	1627401943444	OK	 
REQUEST		Filtered-products	1627401937165	1627401943444	OK	 
USER	Admins	END	1627401943444
USER	Admins	END	1627401943444
REQUEST		Filtered-products	1627401936459	1627401943445	OK	 
USER	Admins	END	1627401943445
REQUEST		Search-filters	1627401941564	1627401943451	OK	 
REQUEST		Filtered-products	1627401937475	1627401943452	OK	 
USER	Admins	END	1627401943452
REQUEST		Search-filters	1627401941874	1627401943457	OK	 
REQUEST		Search-filters	1627401941938	1627401943469	OK	 
USER	Admins	START	1627401943502
REQUEST		Filtered-products	1627401936721	1627401943509	OK	 
USER	Admins	END	1627401943509
REQUEST		Filtered-products	1627401938134	1627401943536	OK	 
USER	Admins	END	1627401943536
REQUEST		Filtered-products	1627401937377	1627401943546	OK	 
USER	Admins	END	1627401943546
REQUEST		Filtered-products	1627401938907	1627401943562	OK	 
REQUEST		Search-filters	1627401942065	1627401943562	OK	 
USER	Admins	END	1627401943562
REQUEST		Filtered-products	1627401939311	1627401943563	OK	 
USER	Admins	END	1627401943563
REQUEST		Search-filters	1627401942315	1627401943564	OK	 
USER	Admins	START	1627401943565
REQUEST		Filtered-products	1627401937509	1627401943590	OK	 
USER	Admins	END	1627401943590
REQUEST		Search-filters	1627401942248	1627401943610	OK	 
USER	Admins	START	1627401943626
REQUEST		Search-filters	1627401942000	1627401943640	OK	 
USER	Admins	START	1627401943688
USER	Admins	START	1627401943750
REQUEST		Filtered-products	1627401938805	1627401943776	OK	 
USER	Admins	END	1627401943776
USER	Admins	START	1627401943812
USER	Admins	START	1627401943879
REQUEST		Search-filters	1627401942725	1627401943881	OK	 
REQUEST		Search-filters	1627401942434	1627401943881	OK	 
REQUEST		Search-filters	1627401942670	1627401943905	OK	 
REQUEST		Filtered-products	1627401939362	1627401943918	OK	 
USER	Admins	END	1627401943918
USER	Admins	START	1627401943940
REQUEST		Filtered-products	1627401939342	1627401943982	OK	 
USER	Admins	END	1627401943983
REQUEST		Search-filters	1627401942610	1627401943984	OK	 
USER	Admins	START	1627401944003
REQUEST		Search-filters	1627401942128	1627401944040	OK	 
USER	Admins	START	1627401944065
USER	Admins	START	1627401944125
REQUEST		Search-filters	1627401942787	1627401944175	OK	 
USER	Admins	START	1627401944188
USER	Admins	START	1627401944252
USER	Admins	START	1627401944315
REQUEST		Filtered-products	1627401939312	1627401944430	OK	 
USER	Admins	END	1627401944431
REQUEST		Filtered-products	1627401937201	1627401944534	OK	 
USER	Admins	END	1627401944535
REQUEST		Filtered-products	1627401939291	1627401944538	OK	 
USER	Admins	END	1627401944538
REQUEST		Filtered-products	1627401939342	1627401944556	OK	 
USER	Admins	END	1627401944557
REQUEST		Search-filters	1627401943200	1627401944561	OK	 
REQUEST		Search-filters	1627401942373	1627401944583	OK	 
REQUEST		Search-filters	1627401942906	1627401944599	OK	 
REQUEST		Search-filters	1627401943317	1627401944599	OK	 
REQUEST		Search-filters	1627401943081	1627401944625	OK	 
REQUEST		Search-filters	1627401942552	1627401944632	OK	 
REQUEST		Filtered-products	1627401937477	1627401944633	OK	 
USER	Admins	END	1627401944633
REQUEST		Search-filters	1627401942847	1627401944636	OK	 
REQUEST		Search-filters	1627401943020	1627401944637	OK	 
REQUEST		Search-filters	1627401942965	1627401944641	OK	 
REQUEST		Search-filters	1627401943140	1627401944644	OK	 
REQUEST		Search-filters	1627401942493	1627401944679	OK	 
REQUEST		Search-filters	1627401943377	1627401945008	OK	 
REQUEST		Filtered-products	1627401938898	1627401945021	OK	 
USER	Admins	END	1627401945021
REQUEST		Filtered-products	1627401939687	1627401945125	OK	 
USER	Admins	END	1627401945126
REQUEST		Filtered-products	1627401937620	1627401945128	OK	 
USER	Admins	END	1627401945128
REQUEST		Filtered-products	1627401939199	1627401945473	OK	 
USER	Admins	END	1627401945473
REQUEST		Filtered-products	1627401939296	1627401945587	OK	 
USER	Admins	END	1627401945588
REQUEST		Filtered-products	1627401937475	1627401945589	OK	 
USER	Admins	END	1627401945589
REQUEST		Filtered-products	1627401939342	1627401945590	OK	 
USER	Admins	END	1627401945590
REQUEST		Filtered-products	1627401939219	1627401945595	OK	 
USER	Admins	END	1627401945595
REQUEST		Search-filters	1627401943258	1627401945627	OK	 
REQUEST		Search-filters	1627401942190	1627401945638	OK	 
REQUEST		Filtered-products	1627401939699	1627401945700	OK	 
USER	Admins	END	1627401945700
REQUEST		Filtered-products	1627401939341	1627401945701	OK	 
USER	Admins	END	1627401945701
REQUEST		Filtered-products	1627401939259	1627401945703	OK	 
USER	Admins	END	1627401945703
REQUEST		Filtered-products	1627401939342	1627401945704	OK	 
USER	Admins	END	1627401945704
REQUEST		Search-filters	1627401943688	1627401945725	OK	 
REQUEST		Filtered-products	1627401940949	1627401945748	OK	 
USER	Admins	END	1627401945748
REQUEST		Search-filters	1627401943750	1627401945748	OK	 
REQUEST		Search-filters	1627401944003	1627401945748	OK	 
REQUEST		Filtered-products	1627401939231	1627401945748	OK	 
USER	Admins	END	1627401945749
REQUEST		Search-filters	1627401944125	1627401945750	OK	 
REQUEST		Search-filters	1627401943879	1627401945752	OK	 
REQUEST		Search-filters	1627401943565	1627401945757	OK	 
REQUEST		Search-filters	1627401943438	1627401945869	OK	 
REQUEST		Filtered-products	1627401939342	1627401945870	OK	 
USER	Admins	END	1627401945870
REQUEST		Search-filters	1627401943813	1627401945964	OK	 
REQUEST		Search-filters	1627401943627	1627401945965	OK	 
REQUEST		Search-filters	1627401944188	1627401945965	OK	 
REQUEST		Search-filters	1627401944065	1627401945965	OK	 
REQUEST		Search-filters	1627401941749	1627401945973	OK	 
REQUEST		Filtered-products	1627401939308	1627401946047	OK	 
USER	Admins	END	1627401946047
REQUEST		Filtered-products	1627401939731	1627401946082	OK	 
USER	Admins	END	1627401946083
REQUEST		Filtered-products	1627401941365	1627401946103	OK	 
USER	Admins	END	1627401946103
REQUEST		Filtered-products	1627401939397	1627401946109	OK	 
USER	Admins	END	1627401946109
REQUEST		Filtered-products	1627401941868	1627401946170	OK	 
USER	Admins	END	1627401946170
REQUEST		Filtered-products	1627401939442	1627401946228	OK	 
USER	Admins	END	1627401946229
REQUEST		Filtered-products	1627401937384	1627401946274	OK	 
USER	Admins	END	1627401946275
REQUEST		Filtered-products	1627401939219	1627401946650	OK	 
USER	Admins	END	1627401946650
REQUEST		Search-filters	1627401943940	1627401946705	OK	 
REQUEST		Search-filters	1627401943502	1627401946787	OK	 
REQUEST		Search-filters	1627401944253	1627401947135	OK	 
REQUEST		Filtered-products	1627401939294	1627401947173	OK	 
USER	Admins	END	1627401947173
REQUEST		Filtered-products	1627401939342	1627401947175	OK	 
USER	Admins	END	1627401947175
REQUEST		Filtered-products	1627401939399	1627401947216	OK	 
USER	Admins	END	1627401947217
REQUEST		Filtered-products	1627401939683	1627401947220	OK	 
USER	Admins	END	1627401947221
REQUEST		Filtered-products	1627401940895	1627401947222	OK	 
USER	Admins	END	1627401947222
REQUEST		Filtered-products	1627401940294	1627401947223	OK	 
USER	Admins	END	1627401947224
REQUEST		Filtered-products	1627401939800	1627401947237	OK	 
USER	Admins	END	1627401947237
REQUEST		Filtered-products	1627401942562	1627401947242	OK	 
USER	Admins	END	1627401947242
REQUEST		Filtered-products	1627401939833	1627401947294	OK	 
USER	Admins	END	1627401947294
REQUEST		Filtered-products	1627401939274	1627401947320	OK	 
USER	Admins	END	1627401947320
REQUEST		Filtered-products	1627401941365	1627401947570	OK	 
USER	Admins	END	1627401947570
REQUEST		Filtered-products	1627401939685	1627401947571	OK	 
REQUEST		Filtered-products	1627401939833	1627401947571	OK	 
USER	Admins	END	1627401947571
USER	Admins	END	1627401947571
REQUEST		Filtered-products	1627401940879	1627401947573	OK	 
USER	Admins	END	1627401947574
REQUEST		Filtered-products	1627401942518	1627401947574	OK	 
USER	Admins	END	1627401947574
REQUEST		Filtered-products	1627401939297	1627401947684	OK	 
USER	Admins	END	1627401947685
REQUEST		Filtered-products	1627401941859	1627401947686	OK	 
USER	Admins	END	1627401947686
REQUEST		Search-filters	1627401944315	1627401947736	OK	 
REQUEST		Filtered-products	1627401939271	1627401947786	OK	 
USER	Admins	END	1627401947787
REQUEST		Filtered-products	1627401941938	1627401947820	OK	 
USER	Admins	END	1627401947820
REQUEST		Filtered-products	1627401936625	1627401947962	OK	 
REQUEST		Filtered-products	1627401940879	1627401947962	OK	 
USER	Admins	END	1627401947962
USER	Admins	END	1627401947962
REQUEST		Filtered-products	1627401941808	1627401947964	OK	 
REQUEST		Filtered-products	1627401941841	1627401947964	OK	 
USER	Admins	END	1627401947965
USER	Admins	END	1627401947965
REQUEST		Filtered-products	1627401939684	1627401947965	OK	 
USER	Admins	END	1627401947965
REQUEST		Filtered-products	1627401939685	1627401947971	OK	 
USER	Admins	END	1627401947971
REQUEST		Filtered-products	1627401939250	1627401948076	OK	 
USER	Admins	END	1627401948076
REQUEST		Filtered-products	1627401939342	1627401948077	OK	 
USER	Admins	END	1627401948077
REQUEST		Filtered-products	1627401943611	1627401948080	OK	 
USER	Admins	END	1627401948080
REQUEST		Filtered-products	1627401941458	1627401948106	OK	 
USER	Admins	END	1627401948106
REQUEST		Filtered-products	1627401941831	1627401948132	OK	 
USER	Admins	END	1627401948132
REQUEST		Filtered-products	1627401941330	1627401948133	OK	 
USER	Admins	END	1627401948133
REQUEST		Filtered-products	1627401941834	1627401948135	OK	 
USER	Admins	END	1627401948135
REQUEST		Filtered-products	1627401939684	1627401948137	OK	 
USER	Admins	END	1627401948137
REQUEST		Filtered-products	1627401941791	1627401948176	OK	 
USER	Admins	END	1627401948176
REQUEST		Filtered-products	1627401942514	1627401948177	OK	 
USER	Admins	END	1627401948177
REQUEST		Filtered-products	1627401943134	1627401948187	OK	 
USER	Admins	END	1627401948187
REQUEST		Filtered-products	1627401942564	1627401948189	OK	 
USER	Admins	END	1627401948189
REQUEST		Filtered-products	1627401941784	1627401948230	OK	 
USER	Admins	END	1627401948231
REQUEST		Filtered-products	1627401939269	1627401948243	OK	 
USER	Admins	END	1627401948243
REQUEST		Filtered-products	1627401942330	1627401948294	OK	 
REQUEST		Filtered-products	1627401940879	1627401948294	OK	 
USER	Admins	END	1627401948294
USER	Admins	END	1627401948294
REQUEST		Filtered-products	1627401941904	1627401948322	OK	 
USER	Admins	END	1627401948323
REQUEST		Filtered-products	1627401942451	1627401948337	OK	 
USER	Admins	END	1627401948337
REQUEST		Filtered-products	1627401943469	1627401948341	OK	 
USER	Admins	END	1627401948341
REQUEST		Filtered-products	1627401942563	1627401948359	OK	 
USER	Admins	END	1627401948360
REQUEST		Filtered-products	1627401942455	1627401948618	OK	 
USER	Admins	END	1627401948618
REQUEST		Filtered-products	1627401941404	1627401948619	OK	 
USER	Admins	END	1627401948619
REQUEST		Filtered-products	1627401941795	1627401948733	OK	 
USER	Admins	END	1627401948734
REQUEST		Filtered-products	1627401942445	1627401948741	OK	 
USER	Admins	END	1627401948741
REQUEST		Filtered-products	1627401943881	1627401948777	OK	 
USER	Admins	END	1627401948777
REQUEST		Filtered-products	1627401941791	1627401948785	OK	 
USER	Admins	END	1627401948786
REQUEST		Filtered-products	1627401942718	1627401948795	OK	 
USER	Admins	END	1627401948795
REQUEST		Filtered-products	1627401942424	1627401948835	OK	 
USER	Admins	END	1627401948836
REQUEST		Filtered-products	1627401941331	1627401948904	OK	 
USER	Admins	END	1627401948904
REQUEST		Filtered-products	1627401944638	1627401949010	OK	 
USER	Admins	END	1627401949010
REQUEST		Filtered-products	1627401943640	1627401949068	OK	 
USER	Admins	END	1627401949068
REQUEST		Filtered-products	1627401942727	1627401949072	OK	 
USER	Admins	END	1627401949072
REQUEST		Filtered-products	1627401943441	1627401949073	OK	 
USER	Admins	END	1627401949073
REQUEST		Filtered-products	1627401943439	1627401949139	OK	 
USER	Admins	END	1627401949140
REQUEST		Filtered-products	1627401942577	1627401949173	OK	 
USER	Admins	END	1627401949174
REQUEST		Filtered-products	1627401943457	1627401949183	OK	 
USER	Admins	END	1627401949183
REQUEST		Filtered-products	1627401941856	1627401949185	OK	 
USER	Admins	END	1627401949185
REQUEST		Filtered-products	1627401943440	1627401949186	OK	 
USER	Admins	END	1627401949186
REQUEST		Filtered-products	1627401945008	1627401949187	OK	 
USER	Admins	END	1627401949188
REQUEST		Filtered-products	1627401941365	1627401949188	OK	 
USER	Admins	END	1627401949188
REQUEST		Filtered-products	1627401939908	1627401949189	OK	 
USER	Admins	END	1627401949190
REQUEST		Filtered-products	1627401941920	1627401949228	OK	 
USER	Admins	END	1627401949228
REQUEST		Filtered-products	1627401941458	1627401949229	OK	 
USER	Admins	END	1627401949229
REQUEST		Filtered-products	1627401941951	1627401949263	OK	 
USER	Admins	END	1627401949264
REQUEST		Filtered-products	1627401945973	1627401949305	OK	 
USER	Admins	END	1627401949305
REQUEST		Filtered-products	1627401942723	1627401949361	OK	 
USER	Admins	END	1627401949362
REQUEST		Filtered-products	1627401941795	1627401949389	OK	 
USER	Admins	END	1627401949389
REQUEST		Filtered-products	1627401943564	1627401949411	OK	 
USER	Admins	END	1627401949411
REQUEST		Filtered-products	1627401943984	1627401949411	OK	 
USER	Admins	END	1627401949412
REQUEST		Filtered-products	1627401944644	1627401949674	OK	 
USER	Admins	END	1627401949675
REQUEST		Filtered-products	1627401940623	1627401949683	OK	 
USER	Admins	END	1627401949683
REQUEST		Filtered-products	1627401944625	1627401949685	OK	 
USER	Admins	END	1627401949685
REQUEST		Filtered-products	1627401943137	1627401949771	OK	 
USER	Admins	END	1627401949771
REQUEST		Filtered-products	1627401939718	1627401949773	OK	 
USER	Admins	END	1627401949773
REQUEST		Filtered-products	1627401944679	1627401949809	OK	 
USER	Admins	END	1627401949809
REQUEST		Filtered-products	1627401945638	1627401949842	OK	 
USER	Admins	END	1627401949843
REQUEST		Filtered-products	1627401945748	1627401949843	OK	 
REQUEST		Filtered-products	1627401945964	1627401949843	OK	 
USER	Admins	END	1627401949844
USER	Admins	END	1627401949844
REQUEST		Filtered-products	1627401944636	1627401949844	OK	 
USER	Admins	END	1627401949844
REQUEST		Filtered-products	1627401945725	1627401949845	OK	 
USER	Admins	END	1627401949845
REQUEST		Filtered-products	1627401941962	1627401949847	OK	 
USER	Admins	END	1627401949847
REQUEST		Filtered-products	1627401944175	1627401949848	OK	 
USER	Admins	END	1627401949848
REQUEST		Filtered-products	1627401944599	1627401949848	OK	 
USER	Admins	END	1627401949848
REQUEST		Filtered-products	1627401944641	1627401949849	OK	 
USER	Admins	END	1627401949849
REQUEST		Filtered-products	1627401942439	1627401949849	OK	 
USER	Admins	END	1627401949850
REQUEST		Filtered-products	1627401943562	1627401949856	OK	 
USER	Admins	END	1627401949856
REQUEST		Filtered-products	1627401942564	1627401949857	OK	 
USER	Admins	END	1627401949857
REQUEST		Filtered-products	1627401942456	1627401949860	OK	 
USER	Admins	END	1627401949860
REQUEST		Filtered-products	1627401943881	1627401949861	OK	 
USER	Admins	END	1627401949861
REQUEST		Filtered-products	1627401943437	1627401949862	OK	 
USER	Admins	END	1627401949862
REQUEST		Filtered-products	1627401943451	1627401949910	OK	 
USER	Admins	END	1627401949910
REQUEST		Filtered-products	1627401945748	1627401949922	OK	 
USER	Admins	END	1627401949923
REQUEST		Filtered-products	1627401945965	1627401949943	OK	 
USER	Admins	END	1627401949943
REQUEST		Filtered-products	1627401944632	1627401949944	OK	 
USER	Admins	END	1627401949944
REQUEST		Filtered-products	1627401945870	1627401949964	OK	 
USER	Admins	END	1627401949964
REQUEST		Filtered-products	1627401941951	1627401950063	OK	 
USER	Admins	END	1627401950063
REQUEST		Filtered-products	1627401944561	1627401950073	OK	 
REQUEST		Filtered-products	1627401945965	1627401950073	OK	 
USER	Admins	END	1627401950073
USER	Admins	END	1627401950073
REQUEST		Filtered-products	1627401944040	1627401950073	OK	 
USER	Admins	END	1627401950073
REQUEST		Filtered-products	1627401944583	1627401950112	OK	 
USER	Admins	END	1627401950112
REQUEST		Filtered-products	1627401945965	1627401950173	OK	 
USER	Admins	END	1627401950173
REQUEST		Filtered-products	1627401945750	1627401950174	OK	 
USER	Admins	END	1627401950175
REQUEST		Filtered-products	1627401943441	1627401950177	OK	 
USER	Admins	END	1627401950177
REQUEST		Filtered-products	1627401945627	1627401950209	OK	 
USER	Admins	END	1627401950210
REQUEST		Filtered-products	1627401945752	1627401950300	OK	 
REQUEST		Filtered-products	1627401946705	1627401950300	OK	 
USER	Admins	END	1627401950300
USER	Admins	END	1627401950300
REQUEST		Filtered-products	1627401947736	1627401950302	OK	 
USER	Admins	END	1627401950302
REQUEST		Filtered-products	1627401943906	1627401950302	OK	 
USER	Admins	END	1627401950303
REQUEST		Filtered-products	1627401946787	1627401950340	OK	 
USER	Admins	END	1627401950340
REQUEST		Filtered-products	1627401947135	1627401950473	OK	 
USER	Admins	END	1627401950473
REQUEST		Filtered-products	1627401945758	1627401950715	OK	 
USER	Admins	END	1627401950715
REQUEST		Filtered-products	1627401944599	1627401950718	OK	 
USER	Admins	END	1627401950718
