RUN	com.gatling.simulations.Mapi	mapi	1629779540124	 	3.5.1
USER	Admins	START	1629779542363
USER	Admins	START	1629779542476
USER	Admins	START	1629779542583
USER	Admins	START	1629779542696
USER	Admins	START	1629779542807
USER	Admins	START	1629779542917
REQUEST		PROG	1629779542381	1629779542989	OK	 
USER	Admins	START	1629779543030
USER	Admins	START	1629779543143
REQUEST		PROG	1629779542583	1629779543158	OK	 
REQUEST		PROG	1629779542476	1629779543204	OK	 
USER	Admins	START	1629779543251
REQUEST		PROG	1629779542808	1629779543336	OK	 
USER	Admins	START	1629779543362
REQUEST		PROG	1629779542697	1629779543389	OK	 
USER	Admins	START	1629779543486
REQUEST		PROG	1629779542917	1629779543534	OK	 
USER	Admins	START	1629779543612
USER	Admins	START	1629779543737
REQUEST		PROG	1629779543031	1629779543793	OK	 
USER	Admins	START	1629779543859
REQUEST		PROG	1629779543143	1629779543869	OK	 
REQUEST		PROG	1629779543251	1629779543874	OK	 
USER	Admins	START	1629779543988
REQUEST		PROG	1629779543362	1629779544008	OK	 
REQUEST		PROG	1629779543487	1629779544052	OK	 
USER	Admins	START	1629779544113
REQUEST		PROG	1629779543613	1629779544157	OK	 
REQUEST		AM / PM	1629779544000	1629779544198	OK	 
USER	Admins	START	1629779544237
USER	Admins	START	1629779544361
REQUEST		AM / PM	1629779544163	1629779544383	OK	 
REQUEST		PROG	1629779543860	1629779544428	OK	 
REQUEST		AM / PM	1629779544205	1629779544447	OK	 
REQUEST		PROG	1629779543738	1629779544479	OK	 
USER	Admins	START	1629779544488
REQUEST		AM / PM	1629779544339	1629779544517	OK	 
REQUEST		PROG	1629779543989	1629779544587	OK	 
REQUEST		AM / PM	1629779544394	1629779544592	OK	 
USER	Admins	START	1629779544611
REQUEST		PROG	1629779544114	1629779544700	OK	 
USER	Admins	START	1629779544738
REQUEST		AM / PM	1629779544536	1629779544770	OK	 
REQUEST		PROG	1629779544238	1629779544774	OK	 
USER	Admins	START	1629779544860
REQUEST		PROG	1629779544361	1629779544882	OK	 
USER	Admins	START	1629779544985
REQUEST		AM / PM	1629779544797	1629779544992	OK	 
REQUEST		PROG	1629779544488	1629779545014	OK	 
REQUEST		AM / PM	1629779544873	1629779545084	OK	 
REQUEST		AM / PM	1629779544878	1629779545093	OK	 
USER	Admins	START	1629779545110
REQUEST		PROG	1629779544611	1629779545137	OK	 
REQUEST		AM / PM	1629779545011	1629779545182	OK	 
USER	Admins	END	1629779545206
USER	Admins	START	1629779545235
REQUEST		AM / PM	1629779545054	1629779545258	OK	 
REQUEST		PROG	1629779544739	1629779545286	OK	 
REQUEST		AM / PM	1629779545160	1629779545343	OK	 
USER	Admins	START	1629779545362
USER	Admins	END	1629779545385
USER	Admins	END	1629779545450
USER	Admins	START	1629779545474
REQUEST		PROG	1629779544860	1629779545490	OK	 
REQUEST		PROG	1629779544986	1629779545515	OK	 
USER	Admins	END	1629779545522
USER	Admins	START	1629779545582
USER	Admins	END	1629779545593
REQUEST		AM / PM	1629779545432	1629779545614	OK	 
REQUEST		PROG	1629779545110	1629779545635	OK	 
USER	Admins	START	1629779545693
REQUEST		AM / PM	1629779545485	1629779545725	OK	 
REQUEST		AM / PM	1629779545589	1629779545764	OK	 
USER	Admins	END	1629779545773
USER	Admins	START	1629779545803
REQUEST		AM / PM	1629779545703	1629779545889	OK	 
REQUEST		PROG	1629779545363	1629779545892	OK	 
USER	Admins	START	1629779545914
REQUEST		PROG	1629779545235	1629779545929	OK	 
REQUEST		AM / PM	1629779545779	1629779545983	OK	 
USER	Admins	END	1629779545998
REQUEST		PROG	1629779545474	1629779546012	OK	 
USER	Admins	START	1629779546029
REQUEST		AM / PM	1629779545885	1629779546076	OK	 
USER	Admins	END	1629779546087
USER	Admins	END	1629779546095
REQUEST		PROG	1629779545582	1629779546116	OK	 
USER	Admins	START	1629779546140
REQUEST		AM / PM	1629779546015	1629779546183	OK	 
USER	Admins	END	1629779546185
REQUEST		PROG	1629779545694	1629779546226	OK	 
USER	Admins	START	1629779546250
USER	Admins	END	1629779546261
USER	Admins	END	1629779546344
REQUEST		PROG	1629779545803	1629779546350	OK	 
USER	Admins	START	1629779546360
REQUEST		AM / PM	1629779546142	1629779546378	OK	 
REQUEST		PROG	1629779545914	1629779546470	OK	 
USER	Admins	START	1629779546488
REQUEST		PROG	1629779546030	1629779546533	OK	 
REQUEST		AM / PM	1629779546293	1629779546535	OK	 
USER	Admins	START	1629779546610
USER	Admins	END	1629779546617
REQUEST		PROG	1629779546140	1629779546703	OK	 
REQUEST		AM / PM	1629779546494	1629779546719	OK	 
USER	Admins	END	1629779546728
USER	Admins	START	1629779546734
REQUEST		AM / PM	1629779546520	1629779546751	OK	 
USER	Admins	END	1629779546770
REQUEST		PROG	1629779546250	1629779546821	OK	 
REQUEST		AM / PM	1629779546636	1629779546838	OK	 
USER	Admins	START	1629779546861
USER	Admins	END	1629779546893
REQUEST		PROG	1629779546360	1629779546906	OK	 
USER	Admins	END	1629779546985
USER	Admins	START	1629779546984
REQUEST		PROG	1629779546488	1629779547026	OK	 
REQUEST		AM / PM	1629779546893	1629779547070	OK	 
USER	Admins	END	1629779547080
USER	Admins	START	1629779547111
REQUEST		AM / PM	1629779546931	1629779547165	OK	 
USER	Admins	END	1629779547189
REQUEST		AM / PM	1629779547015	1629779547202	OK	 
USER	Admins	START	1629779547235
REQUEST		PROG	1629779546610	1629779547293	OK	 
REQUEST		AM / PM	1629779547121	1629779547339	OK	 
REQUEST		PROG	1629779546734	1629779547339	OK	 
USER	Admins	START	1629779547362
USER	Admins	END	1629779547380
REQUEST		AM / PM	1629779547231	1629779547407	OK	 
REQUEST		PROG	1629779546862	1629779547441	OK	 
USER	Admins	START	1629779547485
REQUEST		PROG	1629779546985	1629779547532	OK	 
USER	Admins	END	1629779547538
REQUEST		AM / PM	1629779547356	1629779547550	OK	 
USER	Admins	START	1629779547612
REQUEST		AM / PM	1629779547471	1629779547641	OK	 
USER	Admins	END	1629779547725
REQUEST		AM / PM	1629779547538	1629779547734	OK	 
USER	Admins	START	1629779547736
USER	Admins	END	1629779547756
REQUEST		PROG	1629779547111	1629779547757	OK	 
REQUEST		PROG	1629779547235	1629779547783	OK	 
USER	Admins	END	1629779547844
USER	Admins	START	1629779547861
REQUEST		PROG	1629779547363	1629779547888	OK	 
REQUEST		AM / PM	1629779547709	1629779547889	OK	 
USER	Admins	START	1629779547986
USER	Admins	END	1629779548073
USER	Admins	START	1629779548113
REQUEST		AM / PM	1629779547910	1629779548167	OK	 
USER	Admins	END	1629779548168
USER	Admins	END	1629779548206
REQUEST		AM / PM	1629779548030	1629779548206	OK	 
USER	Admins	START	1629779548236
REQUEST		PROG	1629779547737	1629779548287	OK	 
USER	Admins	END	1629779548345
USER	Admins	START	1629779548361
USER	Admins	END	1629779548411
USER	Admins	START	1629779548472
REQUEST		AM / PM	1629779548297	1629779548532	OK	 
REQUEST		AM / PM	1629779547827	1629779548532	OK	 
REQUEST		AM / PM	1629779548344	1629779548532	OK	 
REQUEST		PROG	1629779547986	1629779548535	OK	 
USER	Admins	END	1629779548551
REQUEST		PROG	1629779547612	1629779548560	OK	 
USER	Admins	START	1629779548582
USER	Admins	END	1629779548647
REQUEST		PROG	1629779547486	1629779548674	OK	 
REQUEST		AM / PM	1629779548446	1629779548674	OK	 
REQUEST		PROG	1629779548113	1629779548674	OK	 
REQUEST		PROG	1629779547861	1629779548674	OK	 
USER	Admins	START	1629779548693
USER	Admins	END	1629779548739
REQUEST		AM / PM	1629779548535	1629779548762	OK	 
REQUEST		PROG	1629779548236	1629779548781	OK	 
USER	Admins	START	1629779548807
USER	Admins	END	1629779548894
USER	Admins	START	1629779548916
REQUEST		AM / PM	1629779548760	1629779548960	OK	 
REQUEST		PROG	1629779548472	1629779548990	OK	 
REQUEST		AM / PM	1629779548786	1629779548996	OK	 
USER	Admins	START	1629779549026
REQUEST		AM / PM	1629779548894	1629779549109	OK	 
REQUEST		PROG	1629779548361	1629779549110	OK	 
USER	Admins	START	1629779549139
USER	Admins	END	1629779549171
USER	Admins	END	1629779549209
USER	Admins	START	1629779549251
REQUEST		PROG	1629779548694	1629779549254	OK	 
REQUEST		PROG	1629779548582	1629779549263	OK	 
REQUEST		PROG	1629779548807	1629779549347	OK	 
USER	Admins	START	1629779549363
REQUEST		PROG	1629779548916	1629779549452	OK	 
USER	Admins	START	1629779549486
REQUEST		AM / PM	1629779549288	1629779549510	OK	 
USER	Admins	END	1629779549533
USER	Admins	END	1629779549536
USER	Admins	END	1629779549536
REQUEST		PROG	1629779549027	1629779549545	OK	 
USER	Admins	START	1629779549613
USER	Admins	END	1629779549676
REQUEST		PROG	1629779549139	1629779549704	OK	 
REQUEST		AM / PM	1629779549539	1629779549722	OK	 
USER	Admins	START	1629779549735
REQUEST		AM / PM	1629779549565	1629779549756	OK	 
USER	Admins	END	1629779549764
REQUEST		PROG	1629779549251	1629779549784	OK	 
USER	Admins	START	1629779549863
REQUEST		AM / PM	1629779549675	1629779549879	OK	 
REQUEST		PROG	1629779549364	1629779549931	OK	 
REQUEST		AM / PM	1629779549675	1629779549938	OK	 
REQUEST		AM / PM	1629779549676	1629779549943	OK	 
USER	Admins	END	1629779549965
REQUEST		AM / PM	1629779549783	1629779549982	OK	 
USER	Admins	START	1629779549984
USER	Admins	END	1629779550000
REQUEST		PROG	1629779549486	1629779550039	OK	 
USER	Admins	START	1629779550112
USER	Admins	END	1629779550115
REQUEST		AM / PM	1629779549991	1629779550187	OK	 
USER	Admins	START	1629779550236
REQUEST		PROG	1629779549613	1629779550288	OK	 
REQUEST		PROG	1629779549735	1629779550294	OK	 
REQUEST		AM / PM	1629779550115	1629779550349	OK	 
USER	Admins	START	1629779550362
REQUEST		PROG	1629779549863	1629779550393	OK	 
REQUEST		AM / PM	1629779550260	1629779550442	OK	 
USER	Admins	START	1629779550488
REQUEST		AM / PM	1629779550268	1629779550495	OK	 
USER	Admins	END	1629779550514
REQUEST		PROG	1629779549984	1629779550580	OK	 
REQUEST		AM / PM	1629779550349	1629779550599	OK	 
USER	Admins	START	1629779550612
REQUEST		AM / PM	1629779550455	1629779550639	OK	 
REQUEST		PROG	1629779550112	1629779550680	OK	 
USER	Admins	END	1629779550728
USER	Admins	START	1629779550737
REQUEST		AM / PM	1629779550550	1629779550747	OK	 
USER	Admins	END	1629779550762
REQUEST		PROG	1629779550237	1629779550804	OK	 
USER	Admins	START	1629779550862
USER	Admins	END	1629779550883
REQUEST		AM / PM	1629779550706	1629779550901	OK	 
REQUEST		PROG	1629779550363	1629779550920	OK	 
USER	Admins	END	1629779550943
USER	Admins	END	1629779550947
REQUEST		AM / PM	1629779550787	1629779550982	OK	 
USER	Admins	END	1629779550984
USER	Admins	START	1629779550988
REQUEST		PROG	1629779550488	1629779551014	OK	 
REQUEST		AM / PM	1629779550935	1629779551110	OK	 
USER	Admins	START	1629779551112
REQUEST		PROG	1629779550613	1629779551130	OK	 
USER	Admins	END	1629779551193
REQUEST		AM / PM	1629779551043	1629779551208	OK	 
USER	Admins	START	1629779551239
REQUEST		PROG	1629779550738	1629779551309	OK	 
USER	Admins	END	1629779551350
USER	Admins	START	1629779551362
REQUEST		PROG	1629779550862	1629779551405	OK	 
USER	Admins	END	1629779551444
USER	Admins	START	1629779551472
REQUEST		AM / PM	1629779551298	1629779551491	OK	 
USER	Admins	END	1629779551500
REQUEST		AM / PM	1629779551293	1629779551525	OK	 
USER	Admins	START	1629779551581
USER	Admins	END	1629779551602
REQUEST		PROG	1629779550988	1629779551638	OK	 
USER	Admins	END	1629779551641
REQUEST		AM / PM	1629779551399	1629779551657	OK	 
REQUEST		PROG	1629779551112	1629779551665	OK	 
USER	Admins	START	1629779551693
USER	Admins	END	1629779551753
REQUEST		PROG	1629779551239	1629779551761	OK	 
USER	Admins	START	1629779551803
REQUEST		AM / PM	1629779551581	1629779551805	OK	 
REQUEST		AM / PM	1629779551681	1629779551894	OK	 
REQUEST		PROG	1629779551362	1629779551902	OK	 
USER	Admins	END	1629779551907
USER	Admins	START	1629779551915
USER	Admins	END	1629779551987
USER	Admins	START	1629779552029
REQUEST		PROG	1629779551472	1629779552033	OK	 
REQUEST		AM / PM	1629779551805	1629779552055	OK	 
REQUEST		AM / PM	1629779551925	1629779552099	OK	 
USER	Admins	END	1629779552111
REQUEST		PROG	1629779551581	1629779552135	OK	 
USER	Admins	START	1629779552137
USER	Admins	END	1629779552211
REQUEST		AM / PM	1629779552019	1629779552221	OK	 
REQUEST		PROG	1629779551693	1629779552234	OK	 
USER	Admins	START	1629779552250
REQUEST		AM / PM	1629779552135	1629779552323	OK	 
REQUEST		PROG	1629779551803	1629779552360	OK	 
USER	Admins	START	1629779552360
REQUEST		PROG	1629779551915	1629779552472	OK	 
USER	Admins	START	1629779552488
USER	Admins	END	1629779552497
REQUEST		AM / PM	1629779552312	1629779552520	OK	 
USER	Admins	END	1629779552531
REQUEST		PROG	1629779552029	1629779552551	OK	 
REQUEST		AM / PM	1629779552410	1629779552594	OK	 
USER	Admins	START	1629779552610
USER	Admins	END	1629779552660
USER	Admins	START	1629779552737
USER	Admins	END	1629779552810
USER	Admins	START	1629779552861
REQUEST		AM / PM	1629779552643	1629779552866	OK	 
REQUEST		AM / PM	1629779552667	1629779552896	OK	 
REQUEST		PROG	1629779552250	1629779552897	OK	 
REQUEST		PROG	1629779552360	1629779552899	OK	 
USER	Admins	END	1629779552900
REQUEST		PROG	1629779552137	1629779552918	OK	 
USER	Admins	START	1629779552986
REQUEST		AM / PM	1629779552766	1629779553044	OK	 
USER	Admins	END	1629779553061
USER	Admins	END	1629779553102
USER	Admins	START	1629779553112
REQUEST		AM / PM	1629779552904	1629779553143	OK	 
REQUEST		PROG	1629779552488	1629779553165	OK	 
REQUEST		PROG	1629779552611	1629779553177	OK	 
USER	Admins	END	1629779553223
USER	Admins	START	1629779553235
REQUEST		AM / PM	1629779553037	1629779553310	OK	 
USER	Admins	END	1629779553327
REQUEST		AM / PM	1629779553137	1629779553352	OK	 
REQUEST		PROG	1629779552738	1629779553352	OK	 
USER	Admins	START	1629779553363
REQUEST		AM / PM	1629779553236	1629779553460	OK	 
USER	Admins	START	1629779553486
REQUEST		PROG	1629779552861	1629779553499	OK	 
USER	Admins	END	1629779553526
REQUEST		AM / PM	1629779553363	1629779553593	OK	 
USER	Admins	END	1629779553600
USER	Admins	START	1629779553610
REQUEST		AM / PM	1629779553476	1629779553682	OK	 
REQUEST		PROG	1629779553112	1629779553683	OK	 
REQUEST		AM / PM	1629779553555	1629779553724	OK	 
USER	Admins	START	1629779553736
REQUEST		PROG	1629779552987	1629779553789	OK	 
REQUEST		PROG	1629779553235	1629779553813	OK	 
USER	Admins	START	1629779553860
USER	Admins	END	1629779553870
USER	Admins	END	1629779553902
REQUEST		PROG	1629779553363	1629779553982	OK	 
USER	Admins	START	1629779553987
USER	Admins	END	1629779554050
REQUEST		AM / PM	1629779553903	1629779554106	OK	 
USER	Admins	START	1629779554112
REQUEST		AM / PM	1629779553902	1629779554113	OK	 
REQUEST		PROG	1629779553486	1629779554116	OK	 
USER	Admins	END	1629779554145
USER	Admins	START	1629779554236
REQUEST		AM / PM	1629779553922	1629779554244	OK	 
USER	Admins	END	1629779554312
REQUEST		AM / PM	1629779554167	1629779554341	OK	 
REQUEST		PROG	1629779553861	1629779554357	OK	 
USER	Admins	END	1629779554357
USER	Admins	START	1629779554360
REQUEST		PROG	1629779553610	1629779554429	OK	 
USER	Admins	END	1629779554465
USER	Admins	START	1629779554472
REQUEST		AM / PM	1629779554179	1629779554495	OK	 
REQUEST		PROG	1629779553737	1629779554560	OK	 
REQUEST		AM / PM	1629779554357	1629779554566	OK	 
REQUEST		PROG	1629779553987	1629779554568	OK	 
USER	Admins	START	1629779554582
USER	Admins	END	1629779554599
REQUEST		AM / PM	1629779554503	1629779554680	OK	 
USER	Admins	END	1629779554689
USER	Admins	START	1629779554692
USER	Admins	END	1629779554728
REQUEST		PROG	1629779554236	1629779554768	OK	 
USER	Admins	START	1629779554807
REQUEST		PROG	1629779554112	1629779554819	OK	 
REQUEST		AM / PM	1629779554689	1629779554881	OK	 
USER	Admins	START	1629779554917
REQUEST		PROG	1629779554360	1629779554923	OK	 
REQUEST		AM / PM	1629779554816	1629779555022	OK	 
USER	Admins	START	1629779555027
REQUEST		AM / PM	1629779554793	1629779555050	OK	 
USER	Admins	END	1629779555111
USER	Admins	END	1629779555117
USER	Admins	START	1629779555137
REQUEST		PROG	1629779554582	1629779555149	OK	 
REQUEST		PROG	1629779554472	1629779555203	OK	 
REQUEST		PROG	1629779554692	1629779555206	OK	 
USER	Admins	END	1629779555250
USER	Admins	START	1629779555251
REQUEST		AM / PM	1629779554984	1629779555305	OK	 
REQUEST		PROG	1629779554807	1629779555322	OK	 
REQUEST		AM / PM	1629779555121	1629779555322	OK	 
USER	Admins	END	1629779555346
USER	Admins	START	1629779555362
REQUEST		PROG	1629779554917	1629779555467	OK	 
USER	Admins	START	1629779555485
USER	Admins	END	1629779555500
REQUEST		AM / PM	1629779555362	1629779555566	OK	 
USER	Admins	END	1629779555571
USER	Admins	START	1629779555610
REQUEST		AM / PM	1629779555433	1629779555627	OK	 
REQUEST		PROG	1629779555137	1629779555653	OK	 
USER	Admins	END	1629779555682
REQUEST		PROG	1629779555027	1629779555721	OK	 
USER	Admins	START	1629779555736
REQUEST		PROG	1629779555251	1629779555791	OK	 
REQUEST		AM / PM	1629779555572	1629779555802	OK	 
REQUEST		AM / PM	1629779555561	1629779555849	OK	 
USER	Admins	START	1629779555864
USER	Admins	END	1629779555886
REQUEST		PROG	1629779555362	1629779555908	OK	 
REQUEST		AM / PM	1629779555773	1629779555972	OK	 
USER	Admins	START	1629779555987
USER	Admins	END	1629779556025
REQUEST		PROG	1629779555485	1629779556025	OK	 
REQUEST		AM / PM	1629779555824	1629779556035	OK	 
USER	Admins	END	1629779556054
USER	Admins	START	1629779556113
REQUEST		AM / PM	1629779555927	1629779556140	OK	 
USER	Admins	START	1629779556238
REQUEST		PROG	1629779555736	1629779556260	OK	 
USER	Admins	END	1629779556310
USER	Admins	END	1629779556327
REQUEST		AM / PM	1629779556153	1629779556344	OK	 
REQUEST		PROG	1629779555611	1629779556351	OK	 
USER	Admins	START	1629779556360
REQUEST		AM / PM	1629779556211	1629779556406	OK	 
USER	Admins	START	1629779556472
REQUEST		PROG	1629779555987	1629779556536	OK	 
USER	Admins	END	1629779556570
USER	Admins	START	1629779556581
USER	Admins	END	1629779556629
REQUEST		AM / PM	1629779556472	1629779556664	OK	 
USER	Admins	START	1629779556692
REQUEST		PROG	1629779555864	1629779556804	OK	 
USER	Admins	END	1629779556807
USER	Admins	START	1629779556808
USER	Admins	END	1629779556853
REQUEST		AM / PM	1629779556326	1629779556855	OK	 
REQUEST		AM / PM	1629779556655	1629779556867	OK	 
REQUEST		PROG	1629779556360	1629779556917	OK	 
USER	Admins	START	1629779556917
REQUEST		AM / PM	1629779556206	1629779556921	OK	 
USER	Admins	END	1629779556979
REQUEST		AM / PM	1629779556727	1629779556981	OK	 
REQUEST		AM / PM	1629779556793	1629779556984	OK	 
USER	Admins	START	1629779557028
USER	Admins	END	1629779557041
REQUEST		PROG	1629779556581	1629779557102	OK	 
USER	Admins	END	1629779557143
USER	Admins	START	1629779557142
USER	Admins	START	1629779557252
REQUEST		PROG	1629779556238	1629779557348	OK	 
USER	Admins	END	1629779557349
REQUEST		PROG	1629779556472	1629779557358	OK	 
USER	Admins	START	1629779557361
REQUEST		AM / PM	1629779556909	1629779557365	OK	 
REQUEST		PROG	1629779556692	1629779557396	OK	 
USER	Admins	END	1629779557409
REQUEST		AM / PM	1629779557029	1629779557415	OK	 
REQUEST		PROG	1629779556808	1629779557419	OK	 
REQUEST		AM / PM	1629779557265	1629779557465	OK	 
USER	Admins	START	1629779557486
REQUEST		PROG	1629779557028	1629779557549	OK	 
REQUEST		PROG	1629779556917	1629779557581	OK	 
USER	Admins	START	1629779557610
REQUEST		AM / PM	1629779557355	1629779557620	OK	 
USER	Admins	END	1629779557667
REQUEST		PROG	1629779557142	1629779557672	OK	 
USER	Admins	START	1629779557737
REQUEST		PROG	1629779557252	1629779557795	OK	 
REQUEST		AM / PM	1629779557539	1629779557825	OK	 
USER	Admins	END	1629779557857
USER	Admins	START	1629779557863
USER	Admins	END	1629779557870
REQUEST		PROG	1629779557361	1629779557907	OK	 
USER	Admins	END	1629779557927
USER	Admins	END	1629779557987
USER	Admins	END	1629779557987
USER	Admins	START	1629779557987
REQUEST		AM / PM	1629779557809	1629779558033	OK	 
REQUEST		AM / PM	1629779557919	1629779558108	OK	 
USER	Admins	START	1629779558109
REQUEST		PROG	1629779557610	1629779558136	OK	 
REQUEST		PROG	1629779557486	1629779558202	OK	 
USER	Admins	START	1629779558237
REQUEST		PROG	1629779557738	1629779558250	OK	 
REQUEST		AM / PM	1629779558108	1629779558336	OK	 
USER	Admins	START	1629779558364
USER	Admins	END	1629779558371
USER	Admins	END	1629779558419
REQUEST		PROG	1629779557863	1629779558449	OK	 
USER	Admins	END	1629779558471
USER	Admins	START	1629779558483
REQUEST		AM / PM	1629779558353	1629779558572	OK	 
REQUEST		AM / PM	1629779558364	1629779558573	OK	 
USER	Admins	START	1629779558610
USER	Admins	END	1629779558622
REQUEST		PROG	1629779558110	1629779558626	OK	 
REQUEST		AM / PM	1629779558424	1629779558641	OK	 
REQUEST		AM / PM	1629779558401	1629779558694	OK	 
REQUEST		PROG	1629779557987	1629779558708	OK	 
USER	Admins	START	1629779558734
REQUEST		AM / PM	1629779558584	1629779558801	OK	 
REQUEST		PROG	1629779558238	1629779558802	OK	 
USER	Admins	END	1629779558831
REQUEST		AM / PM	1629779558552	1629779558847	OK	 
USER	Admins	START	1629779558861
REQUEST		AM / PM	1629779558676	1629779558869	OK	 
REQUEST		PROG	1629779558364	1629779558878	OK	 
REQUEST		AM / PM	1629779558801	1629779558971	OK	 
USER	Admins	START	1629779558984
REQUEST		PROG	1629779558484	1629779559027	OK	 
USER	Admins	END	1629779559039
USER	Admins	END	1629779559112
REQUEST		AM / PM	1629779558910	1629779559112	OK	 
USER	Admins	START	1629779559112
USER	Admins	START	1629779559234
REQUEST		PROG	1629779558734	1629779559265	OK	 
REQUEST		PROG	1629779558611	1629779559327	OK	 
REQUEST		AM / PM	1629779559139	1629779559333	OK	 
USER	Admins	END	1629779559339
USER	Admins	START	1629779559361
REQUEST		AM / PM	1629779559209	1629779559443	OK	 
USER	Admins	START	1629779559484
REQUEST		AM / PM	1629779559256	1629779559522	OK	 
REQUEST		PROG	1629779558862	1629779559530	OK	 
REQUEST		PROG	1629779558984	1629779559565	OK	 
USER	Admins	END	1629779559576
USER	Admins	END	1629779559576
USER	Admins	START	1629779559612
USER	Admins	END	1629779559643
REQUEST		AM / PM	1629779559454	1629779559659	OK	 
REQUEST		PROG	1629779559112	1629779559684	OK	 
USER	Admins	END	1629779559697
USER	Admins	START	1629779559734
USER	Admins	END	1629779559803
REQUEST		AM / PM	1629779559630	1629779559824	OK	 
USER	Admins	END	1629779559853
USER	Admins	START	1629779559860
USER	Admins	END	1629779559875
REQUEST		PROG	1629779559235	1629779559907	OK	 
REQUEST		AM / PM	1629779559710	1629779559935	OK	 
USER	Admins	END	1629779559976
REQUEST		AM / PM	1629779559803	1629779559981	OK	 
USER	Admins	START	1629779559984
REQUEST		PROG	1629779559361	1629779560066	OK	 
REQUEST		AM / PM	1629779559880	1629779560072	OK	 
REQUEST		PROG	1629779559484	1629779560104	OK	 
USER	Admins	START	1629779560113
USER	Admins	END	1629779560115
REQUEST		PROG	1629779559612	1629779560136	OK	 
REQUEST		AM / PM	1629779560030	1629779560196	OK	 
USER	Admins	START	1629779560238
REQUEST		PROG	1629779559734	1629779560279	OK	 
USER	Admins	END	1629779560337
USER	Admins	START	1629779560360
REQUEST		PROG	1629779559860	1629779560404	OK	 
USER	Admins	END	1629779560446
REQUEST		AM / PM	1629779560267	1629779560458	OK	 
USER	Admins	START	1629779560470
REQUEST		PROG	1629779559984	1629779560499	OK	 
USER	Admins	END	1629779560523
REQUEST		AM / PM	1629779560333	1629779560542	OK	 
USER	Admins	START	1629779560584
REQUEST		PROG	1629779560113	1629779560644	OK	 
USER	Admins	END	1629779560662
USER	Admins	START	1629779560692
REQUEST		AM / PM	1629779560532	1629779560726	OK	 
REQUEST		AM / PM	1629779560569	1629779560765	OK	 
USER	Admins	START	1629779560804
REQUEST		PROG	1629779560238	1629779560808	OK	 
USER	Admins	END	1629779560829
USER	Admins	START	1629779560915
REQUEST		PROG	1629779560361	1629779560926	OK	 
REQUEST		AM / PM	1629779560689	1629779560930	OK	 
USER	Admins	END	1629779560941
REQUEST		PROG	1629779560471	1629779560975	OK	 
USER	Admins	END	1629779560982
USER	Admins	START	1629779561026
USER	Admins	END	1629779561075
REQUEST		PROG	1629779560584	1629779561117	OK	 
USER	Admins	START	1629779561136
REQUEST		AM / PM	1629779560909	1629779561140	OK	 
USER	Admins	END	1629779561198
REQUEST		PROG	1629779560692	1629779561228	OK	 
USER	Admins	START	1629779561251
REQUEST		AM / PM	1629779561069	1629779561298	OK	 
REQUEST		AM / PM	1629779561138	1629779561351	OK	 
USER	Admins	START	1629779561361
REQUEST		AM / PM	1629779561110	1629779561366	OK	 
REQUEST		PROG	1629779560804	1629779561366	OK	 
USER	Admins	END	1629779561459
USER	Admins	START	1629779561484
REQUEST		AM / PM	1629779561281	1629779561487	OK	 
USER	Admins	END	1629779561543
REQUEST		PROG	1629779561027	1629779561581	OK	 
REQUEST		PROG	1629779560915	1629779561607	OK	 
USER	Admins	START	1629779561609
REQUEST		AM / PM	1629779561409	1629779561620	OK	 
REQUEST		AM / PM	1629779561503	1629779561727	OK	 
USER	Admins	END	1629779561731
USER	Admins	START	1629779561738
USER	Admins	END	1629779561768
REQUEST		PROG	1629779561137	1629779561781	OK	 
REQUEST		PROG	1629779561251	1629779561784	OK	 
USER	Admins	START	1629779561862
REQUEST		AM / PM	1629779561645	1629779561866	OK	 
REQUEST		PROG	1629779561361	1629779561868	OK	 
USER	Admins	END	1629779561932
USER	Admins	START	1629779561984
REQUEST		AM / PM	1629779561811	1629779561996	OK	 
REQUEST		PROG	1629779561484	1629779562032	OK	 
REQUEST		AM / PM	1629779561928	1629779562103	OK	 
USER	Admins	START	1629779562109
USER	Admins	END	1629779562141
REQUEST		PROG	1629779561610	1629779562141	OK	 
REQUEST		AM / PM	1629779561980	1629779562163	OK	 
USER	Admins	START	1629779562239
REQUEST		PROG	1629779561739	1629779562286	OK	 
USER	Admins	END	1629779562301
REQUEST		AM / PM	1629779562120	1629779562354	OK	 
USER	Admins	END	1629779562357
USER	Admins	START	1629779562360
USER	Admins	END	1629779562371
REQUEST		PROG	1629779561862	1629779562406	OK	 
REQUEST		AM / PM	1629779562232	1629779562421	OK	 
USER	Admins	END	1629779562489
USER	Admins	START	1629779562488
REQUEST		PROG	1629779561984	1629779562494	OK	 
REQUEST		AM / PM	1629779562371	1629779562585	OK	 
USER	Admins	START	1629779562609
REQUEST		PROG	1629779562110	1629779562615	OK	 
USER	Admins	END	1629779562622
USER	Admins	END	1629779562732
USER	Admins	START	1629779562737
REQUEST		AM / PM	1629779562582	1629779562780	OK	 
REQUEST		AM / PM	1629779562609	1629779562808	OK	 
USER	Admins	START	1629779562859
USER	Admins	END	1629779562870
REQUEST		PROG	1629779562360	1629779562876	OK	 
REQUEST		PROG	1629779562239	1629779562919	OK	 
REQUEST		AM / PM	1629779562785	1629779562973	OK	 
USER	Admins	START	1629779562984
USER	Admins	END	1629779563000
REQUEST		AM / PM	1629779562784	1629779563009	OK	 
REQUEST		PROG	1629779562488	1629779563022	OK	 
REQUEST		AM / PM	1629779562869	1629779563066	OK	 
USER	Admins	END	1629779563107
USER	Admins	START	1629779563112
REQUEST		PROG	1629779562610	1629779563142	OK	 
USER	Admins	END	1629779563165
REQUEST		AM / PM	1629779563037	1629779563228	OK	 
USER	Admins	START	1629779563234
REQUEST		PROG	1629779562737	1629779563235	OK	 
REQUEST		AM / PM	1629779563143	1629779563351	OK	 
USER	Admins	END	1629779563357
USER	Admins	START	1629779563363
REQUEST		PROG	1629779562859	1629779563392	OK	 
USER	Admins	END	1629779563422
REQUEST		AM / PM	1629779563288	1629779563471	OK	 
USER	Admins	START	1629779563474
REQUEST		PROG	1629779562984	1629779563529	OK	 
USER	Admins	START	1629779563581
USER	Admins	END	1629779563587
REQUEST		PROG	1629779563112	1629779563648	OK	 
USER	Admins	START	1629779563695
REQUEST		AM / PM	1629779563499	1629779563702	OK	 
REQUEST		AM / PM	1629779563407	1629779563723	OK	 
REQUEST		PROG	1629779563235	1629779563763	OK	 
USER	Admins	END	1629779563783
USER	Admins	START	1629779563806
USER	Admins	END	1629779563810
REQUEST		AM / PM	1629779563615	1629779563855	OK	 
USER	Admins	START	1629779563917
USER	Admins	END	1629779563976
USER	Admins	END	1629779564009
USER	Admins	START	1629779564029
USER	Admins	END	1629779564067
REQUEST		AM / PM	1629779563877	1629779564075	OK	 
USER	Admins	START	1629779564136
REQUEST		AM / PM	1629779563922	1629779564155	OK	 
REQUEST		PROG	1629779563363	1629779564231	OK	 
USER	Admins	END	1629779564232
REQUEST		AM / PM	1629779564028	1629779564236	OK	 
USER	Admins	START	1629779564252
REQUEST		PROG	1629779563695	1629779564265	OK	 
REQUEST		PROG	1629779563581	1629779564275	OK	 
REQUEST		PROG	1629779563474	1629779564331	OK	 
USER	Admins	END	1629779564356
USER	Admins	START	1629779564360
REQUEST		AM / PM	1629779564146	1629779564391	OK	 
REQUEST		AM / PM	1629779564241	1629779564458	OK	 
REQUEST		PROG	1629779563918	1629779564465	OK	 
USER	Admins	END	1629779564475
USER	Admins	START	1629779564487
REQUEST		PROG	1629779563806	1629779564533	OK	 
REQUEST		PROG	1629779564029	1629779564539	OK	 
REQUEST		AM / PM	1629779564393	1629779564566	OK	 
USER	Admins	START	1629779564610
REQUEST		PROG	1629779564136	1629779564655	OK	 
USER	Admins	END	1629779564704
USER	Admins	END	1629779564725
USER	Admins	START	1629779564734
REQUEST		AM / PM	1629779564531	1629779564736	OK	 
REQUEST		PROG	1629779564252	1629779564767	OK	 
REQUEST		AM / PM	1629779564654	1629779564841	OK	 
USER	Admins	END	1629779564860
USER	Admins	START	1629779564861
REQUEST		PROG	1629779564360	1629779564923	OK	 
REQUEST		AM / PM	1629779564766	1629779564969	OK	 
USER	Admins	START	1629779564988
REQUEST		PROG	1629779564487	1629779565038	OK	 
USER	Admins	END	1629779565080
USER	Admins	START	1629779565112
USER	Admins	END	1629779565160
REQUEST		PROG	1629779564610	1629779565172	OK	 
USER	Admins	START	1629779565236
USER	Admins	END	1629779565240
REQUEST		PROG	1629779564734	1629779565299	OK	 
USER	Admins	START	1629779565363
USER	Admins	END	1629779565395
REQUEST		PROG	1629779564861	1629779565443	OK	 
USER	Admins	END	1629779565464
REQUEST		AM / PM	1629779565270	1629779565479	OK	 
USER	Admins	START	1629779565484
REQUEST		AM / PM	1629779565236	1629779565495	OK	 
REQUEST		AM / PM	1629779565276	1629779565504	OK	 
REQUEST		PROG	1629779564989	1629779565556	OK	 
USER	Admins	END	1629779565571
USER	Admins	START	1629779565611
REQUEST		PROG	1629779565112	1629779565682	OK	 
REQUEST		AM / PM	1629779565333	1629779565696	OK	 
USER	Admins	START	1629779565734
USER	Admins	END	1629779565742
REQUEST		AM / PM	1629779565544	1629779565750	OK	 
REQUEST		PROG	1629779565237	1629779565762	OK	 
REQUEST		AM / PM	1629779565468	1629779565770	OK	 
REQUEST		AM / PM	1629779565539	1629779565780	OK	 
REQUEST		AM / PM	1629779565658	1629779565842	OK	 
USER	Admins	END	1629779565843
USER	Admins	START	1629779565860
REQUEST		AM / PM	1629779565768	1629779565949	OK	 
REQUEST		PROG	1629779565363	1629779565967	OK	 
USER	Admins	END	1629779565969
USER	Admins	START	1629779565983
REQUEST		PROG	1629779565484	1629779566088	OK	 
USER	Admins	START	1629779566109
REQUEST		AM / PM	1629779565925	1629779566118	OK	 
REQUEST		PROG	1629779565611	1629779566166	OK	 
REQUEST		AM / PM	1629779566044	1629779566237	OK	 
USER	Admins	START	1629779566238
REQUEST		PROG	1629779565734	1629779566239	OK	 
USER	Admins	START	1629779566364
REQUEST		AM / PM	1629779566176	1629779566368	OK	 
REQUEST		PROG	1629779565861	1629779566380	OK	 
USER	Admins	START	1629779566471
USER	Admins	END	1629779566482
REQUEST		PROG	1629779565984	1629779566495	OK	 
USER	Admins	END	1629779566500
REQUEST		AM / PM	1629779566301	1629779566500	OK	 
USER	Admins	END	1629779566509
USER	Admins	START	1629779566583
REQUEST		PROG	1629779566109	1629779566647	OK	 
USER	Admins	START	1629779566694
REQUEST		AM / PM	1629779566446	1629779566696	OK	 
USER	Admins	END	1629779566701
REQUEST		AM / PM	1629779566559	1629779566739	OK	 
USER	Admins	END	1629779566755
USER	Admins	END	1629779566770
REQUEST		PROG	1629779556113	1629779566776	OK	 
USER	Admins	END	1629779566783
USER	Admins	START	1629779566806
USER	Admins	END	1629779566846
REQUEST		AM / PM	1629779566688	1629779566878	OK	 
REQUEST		PROG	1629779566238	1629779566895	OK	 
USER	Admins	START	1629779566914
REQUEST		PROG	1629779566364	1629779566926	OK	 
USER	Admins	END	1629779566950
REQUEST		AM / PM	1629779566762	1629779566991	OK	 
REQUEST		PROG	1629779566472	1629779567018	OK	 
USER	Admins	START	1629779567027
USER	Admins	END	1629779567121
USER	Admins	START	1629779567136
REQUEST		AM / PM	1629779566969	1629779567171	OK	 
USER	Admins	END	1629779567238
USER	Admins	START	1629779567247
REQUEST		AM / PM	1629779567092	1629779567274	OK	 
REQUEST		PROG	1629779566583	1629779567328	OK	 
REQUEST		AM / PM	1629779567171	1629779567347	OK	 
USER	Admins	START	1629779567363
USER	Admins	END	1629779567373
REQUEST		PROG	1629779566806	1629779567406	OK	 
REQUEST		PROG	1629779566694	1629779567413	OK	 
REQUEST		AM / PM	1629779567239	1629779567430	OK	 
USER	Admins	START	1629779567485
USER	Admins	END	1629779567502
REQUEST		AM / PM	1629779567381	1629779567548	OK	 
REQUEST		PROG	1629779567027	1629779567581	OK	 
REQUEST		PROG	1629779566914	1629779567609	OK	 
USER	Admins	START	1629779567609
USER	Admins	END	1629779567701
USER	Admins	START	1629779567736
USER	Admins	END	1629779567744
REQUEST		PROG	1629779567136	1629779567760	OK	 
REQUEST		PROG	1629779567247	1629779567776	OK	 
REQUEST		AM / PM	1629779567649	1629779567854	OK	 
USER	Admins	START	1629779567859
USER	Admins	END	1629779567881
REQUEST		AM / PM	1629779567495	1629779567918	OK	 
REQUEST		AM / PM	1629779567781	1629779567972	OK	 
USER	Admins	START	1629779567983
USER	Admins	END	1629779567994
REQUEST		PROG	1629779567485	1629779568043	OK	 
REQUEST		PROG	1629779567363	1629779568061	OK	 
REQUEST		AM / PM	1629779567896	1629779568089	OK	 
USER	Admins	START	1629779568108
REQUEST		AM / PM	1629779567932	1629779568121	OK	 
USER	Admins	END	1629779568177
REQUEST		AM / PM	1629779568020	1629779568225	OK	 
USER	Admins	START	1629779568233
USER	Admins	END	1629779568279
USER	Admins	END	1629779568352
USER	Admins	START	1629779568362
REQUEST		PROG	1629779567736	1629779568385	OK	 
USER	Admins	END	1629779568433
USER	Admins	START	1629779568471
REQUEST		PROG	1629779567859	1629779568487	OK	 
USER	Admins	END	1629779568549
USER	Admins	START	1629779568584
REQUEST		AM / PM	1629779568333	1629779568600	OK	 
REQUEST		PROG	1629779567609	1629779568601	OK	 
REQUEST		PROG	1629779567983	1629779568607	OK	 
REQUEST		AM / PM	1629779568412	1629779568629	OK	 
REQUEST		AM / PM	1629779568414	1629779568668	OK	 
USER	Admins	START	1629779568696
REQUEST		PROG	1629779568108	1629779568767	OK	 
REQUEST		PROG	1629779568233	1629779568802	OK	 
USER	Admins	START	1629779568803
REQUEST		AM / PM	1629779568584	1629779568840	OK	 
USER	Admins	END	1629779568856
USER	Admins	START	1629779568915
REQUEST		AM / PM	1629779568614	1629779568921	OK	 
USER	Admins	END	1629779568922
REQUEST		AM / PM	1629779568761	1629779568960	OK	 
REQUEST		PROG	1629779568362	1629779568960	OK	 
REQUEST		AM / PM	1629779568780	1629779568976	OK	 
USER	Admins	END	1629779568977
REQUEST		PROG	1629779568471	1629779569017	OK	 
USER	Admins	START	1629779569028
USER	Admins	END	1629779569095
USER	Admins	END	1629779569127
USER	Admins	START	1629779569139
USER	Admins	END	1629779569229
REQUEST		AM / PM	1629779569044	1629779569240	OK	 
REQUEST		PROG	1629779568584	1629779569240	OK	 
USER	Admins	START	1629779569252
REQUEST		PROG	1629779568696	1629779569284	OK	 
REQUEST		AM / PM	1629779569064	1629779569299	OK	 
REQUEST		PROG	1629779568803	1629779569330	OK	 
USER	Admins	START	1629779569363
USER	Admins	START	1629779569486
REQUEST		PROG	1629779568915	1629779569508	OK	 
REQUEST		PROG	1629779569028	1629779569540	OK	 
USER	Admins	END	1629779569602
REQUEST		AM / PM	1629779569389	1629779569610	OK	 
USER	Admins	START	1629779569612
USER	Admins	END	1629779569632
REQUEST		PROG	1629779569139	1629779569653	OK	 
REQUEST		AM / PM	1629779569492	1629779569671	OK	 
USER	Admins	END	1629779569672
USER	Admins	START	1629779569736
REQUEST		AM / PM	1629779569612	1629779569801	OK	 
REQUEST		AM / PM	1629779569606	1629779569840	OK	 
USER	Admins	END	1629779569845
USER	Admins	START	1629779569862
USER	Admins	END	1629779569922
REQUEST		PROG	1629779569252	1629779569923	OK	 
REQUEST		PROG	1629779569363	1629779569957	OK	 
USER	Admins	END	1629779569961
USER	Admins	END	1629779569982
USER	Admins	START	1629779569983
REQUEST		AM / PM	1629779569768	1629779570018	OK	 
REQUEST		AM / PM	1629779569805	1629779570028	OK	 
REQUEST		PROG	1629779569486	1629779570099	OK	 
USER	Admins	START	1629779570110
REQUEST		PROG	1629779569612	1629779570115	OK	 
REQUEST		AM / PM	1629779569961	1629779570176	OK	 
REQUEST		AM / PM	1629779570021	1629779570216	OK	 
USER	Admins	START	1629779570237
USER	Admins	END	1629779570240
REQUEST		PROG	1629779569736	1629779570250	OK	 
USER	Admins	END	1629779570301
USER	Admins	START	1629779570364
REQUEST		PROG	1629779569863	1629779570422	OK	 
REQUEST		AM / PM	1629779570241	1629779570436	OK	 
REQUEST		AM / PM	1629779570285	1629779570481	OK	 
USER	Admins	START	1629779570485
REQUEST		AM / PM	1629779570332	1629779570539	OK	 
USER	Admins	START	1629779570611
USER	Admins	END	1629779570613
REQUEST		PROG	1629779569983	1629779570651	OK	 
USER	Admins	END	1629779570677
USER	Admins	START	1629779570734
REQUEST		AM / PM	1629779570513	1629779570747	OK	 
REQUEST		AM / PM	1629779570545	1629779570747	OK	 
REQUEST		PROG	1629779570110	1629779570747	OK	 
USER	Admins	END	1629779570803
USER	Admins	END	1629779570846
USER	Admins	START	1629779570859
REQUEST		AM / PM	1629779570655	1629779570869	OK	 
REQUEST		PROG	1629779570364	1629779570882	OK	 
REQUEST		PROG	1629779570237	1629779570936	OK	 
USER	Admins	START	1629779570983
USER	Admins	END	1629779571022
USER	Admins	END	1629779571032
REQUEST		PROG	1629779570485	1629779571044	OK	 
USER	Admins	START	1629779571112
REQUEST		AM / PM	1629779570929	1629779571153	OK	 
REQUEST		AM / PM	1629779570962	1629779571163	OK	 
USER	Admins	END	1629779571181
USER	Admins	END	1629779571220
USER	Admins	START	1629779571238
REQUEST		PROG	1629779570611	1629779571274	OK	 
REQUEST		AM / PM	1629779571102	1629779571288	OK	 
REQUEST		PROG	1629779570734	1629779571295	OK	 
REQUEST		AM / PM	1629779571117	1629779571305	OK	 
USER	Admins	START	1629779571363
USER	Admins	END	1629779571440
REQUEST		PROG	1629779570860	1629779571456	OK	 
USER	Admins	START	1629779571470
USER	Admins	END	1629779571486
REQUEST		AM / PM	1629779571251	1629779571523	OK	 
REQUEST		PROG	1629779570984	1629779571530	OK	 
USER	Admins	END	1629779571544
USER	Admins	START	1629779571582
REQUEST		AM / PM	1629779571425	1629779571622	OK	 
REQUEST		PROG	1629779571112	1629779571658	OK	 
USER	Admins	START	1629779571694
USER	Admins	END	1629779571750
USER	Admins	END	1629779571751
REQUEST		PROG	1629779571238	1629779571772	OK	 
USER	Admins	START	1629779571806
USER	Admins	END	1629779571872
REQUEST		AM / PM	1629779571654	1629779571882	OK	 
REQUEST		PROG	1629779571363	1629779571907	OK	 
USER	Admins	START	1629779571914
REQUEST		AM / PM	1629779571750	1629779571923	OK	 
REQUEST		PROG	1629779571470	1629779571999	OK	 
USER	Admins	START	1629779572028
REQUEST		AM / PM	1629779571885	1629779572049	OK	 
REQUEST		PROG	1629779571582	1629779572093	OK	 
USER	Admins	START	1629779572139
USER	Admins	END	1629779572158
REQUEST		AM / PM	1629779571939	1629779572167	OK	 
USER	Admins	END	1629779572168
REQUEST		AM / PM	1629779572049	1629779572220	OK	 
USER	Admins	START	1629779572252
USER	Admins	END	1629779572293
USER	Admins	END	1629779572310
REQUEST		PROG	1629779571806	1629779572320	OK	 
USER	Admins	START	1629779572364
REQUEST		PROG	1629779571695	1629779572382	OK	 
REQUEST		AM / PM	1629779572301	1629779572474	OK	 
REQUEST		AM / PM	1629779572277	1629779572475	OK	 
USER	Admins	START	1629779572488
USER	Admins	END	1629779572527
USER	Admins	START	1629779572611
USER	Admins	END	1629779572626
REQUEST		AM / PM	1629779572460	1629779572626	OK	 
REQUEST		PROG	1629779572028	1629779572633	OK	 
REQUEST		PROG	1629779571914	1629779572666	OK	 
USER	Admins	START	1629779572738
REQUEST		AM / PM	1629779572531	1629779572752	OK	 
REQUEST		PROG	1629779572139	1629779572777	OK	 
REQUEST		PROG	1629779572252	1629779572777	OK	 
USER	Admins	START	1629779572864
REQUEST		AM / PM	1629779572658	1629779572868	OK	 
USER	Admins	END	1629779572888
REQUEST		PROG	1629779572364	1629779572908	OK	 
USER	Admins	END	1629779572929
REQUEST		AM / PM	1629779572776	1629779572976	OK	 
USER	Admins	START	1629779572988
USER	Admins	END	1629779573054
REQUEST		PROG	1629779572488	1629779573061	OK	 
REQUEST		AM / PM	1629779572909	1629779573105	OK	 
USER	Admins	START	1629779573112
USER	Admins	END	1629779573168
REQUEST		PROG	1629779572611	1629779573179	OK	 
REQUEST		AM / PM	1629779573003	1629779573218	OK	 
USER	Admins	END	1629779573224
USER	Admins	START	1629779573235
REQUEST		AM / PM	1629779573097	1629779573282	OK	 
USER	Admins	START	1629779573362
REQUEST		PROG	1629779572864	1629779573439	OK	 
REQUEST		PROG	1629779572738	1629779573457	OK	 
USER	Admins	END	1629779573480
USER	Admins	END	1629779573480
USER	Admins	START	1629779573485
REQUEST		AM / PM	1629779573321	1629779573501	OK	 
USER	Admins	START	1629779573609
REQUEST		PROG	1629779573112	1629779573621	OK	 
REQUEST		AM / PM	1629779573383	1629779573625	OK	 
USER	Admins	END	1629779573630
REQUEST		PROG	1629779572988	1629779573692	OK	 
USER	Admins	START	1629779573736
REQUEST		PROG	1629779573235	1629779573743	OK	 
USER	Admins	END	1629779573758
REQUEST		AM / PM	1629779573638	1629779573860	OK	 
USER	Admins	START	1629779573862
USER	Admins	END	1629779573873
REQUEST		AM / PM	1629779573670	1629779573902	OK	 
REQUEST		AM / PM	1629779573779	1629779573979	OK	 
REQUEST		AM / PM	1629779573779	1629779573979	OK	 
USER	Admins	END	1629779573981
USER	Admins	START	1629779573987
REQUEST		PROG	1629779573486	1629779574060	OK	 
REQUEST		AM / PM	1629779573912	1629779574092	OK	 
REQUEST		PROG	1629779573362	1629779574097	OK	 
USER	Admins	END	1629779574109
USER	Admins	START	1629779574112
USER	Admins	END	1629779574222
USER	Admins	START	1629779574239
REQUEST		AM / PM	1629779574067	1629779574264	OK	 
USER	Admins	END	1629779574286
REQUEST		PROG	1629779573737	1629779574286	OK	 
REQUEST		PROG	1629779573609	1629779574289	OK	 
USER	Admins	START	1629779574363
REQUEST		AM / PM	1629779574184	1629779574381	OK	 
REQUEST		PROG	1629779573862	1629779574408	OK	 
USER	Admins	START	1629779574484
USER	Admins	END	1629779574503
REQUEST		PROG	1629779573987	1629779574519	OK	 
USER	Admins	START	1629779574611
REQUEST		AM / PM	1629779574442	1629779574619	OK	 
USER	Admins	END	1629779574627
REQUEST		PROG	1629779574113	1629779574647	OK	 
REQUEST		AM / PM	1629779574461	1629779574683	OK	 
USER	Admins	START	1629779574738
REQUEST		PROG	1629779574239	1629779574784	OK	 
REQUEST		AM / PM	1629779574626	1629779574823	OK	 
USER	Admins	START	1629779574861
USER	Admins	END	1629779574862
REQUEST		AM / PM	1629779574696	1629779574890	OK	 
USER	Admins	END	1629779574907
REQUEST		AM / PM	1629779574744	1629779574929	OK	 
USER	Admins	END	1629779574984
USER	Admins	END	1629779574984
USER	Admins	START	1629779574985
REQUEST		PROG	1629779574484	1629779575034	OK	 
USER	Admins	END	1629779575094
REQUEST		PROG	1629779574364	1629779575109	OK	 
USER	Admins	START	1629779575112
REQUEST		PROG	1629779574611	1629779575134	OK	 
USER	Admins	START	1629779575235
REQUEST		AM / PM	1629779575064	1629779575243	OK	 
USER	Admins	END	1629779575271
REQUEST		AM / PM	1629779575101	1629779575316	OK	 
USER	Admins	START	1629779575363
USER	Admins	END	1629779575385
REQUEST		PROG	1629779574861	1629779575406	OK	 
REQUEST		PROG	1629779574738	1629779575437	OK	 
USER	Admins	START	1629779575469
REQUEST		AM / PM	1629779575288	1629779575495	OK	 
REQUEST		AM / PM	1629779575293	1629779575540	OK	 
USER	Admins	START	1629779575581
USER	Admins	END	1629779575622
REQUEST		AM / PM	1629779575411	1629779575653	OK	 
USER	Admins	END	1629779575685
REQUEST		AM / PM	1629779575521	1629779575693	OK	 
REQUEST		PROG	1629779574985	1629779575693	OK	 
USER	Admins	START	1629779575694
REQUEST		PROG	1629779575112	1629779575722	OK	 
REQUEST		PROG	1629779575235	1629779575793	OK	 
USER	Admins	START	1629779575805
REQUEST		AM / PM	1629779575649	1629779575827	OK	 
USER	Admins	END	1629779575828
USER	Admins	END	1629779575893
USER	Admins	START	1629779575917
USER	Admins	END	1629779575935
REQUEST		PROG	1629779575363	1629779575958	OK	 
USER	Admins	START	1629779576028
REQUEST		AM / PM	1629779575785	1629779576067	OK	 
REQUEST		PROG	1629779575469	1629779576078	OK	 
USER	Admins	START	1629779576136
REQUEST		PROG	1629779575581	1629779576183	OK	 
USER	Admins	END	1629779576245
USER	Admins	START	1629779576251
REQUEST		PROG	1629779575694	1629779576277	OK	 
REQUEST		AM / PM	1629779576040	1629779576290	OK	 
USER	Admins	END	1629779576319
USER	Admins	START	1629779576359
REQUEST		AM / PM	1629779576110	1629779576375	OK	 
REQUEST		AM / PM	1629779576136	1629779576446	OK	 
REQUEST		PROG	1629779575805	1629779576446	OK	 
REQUEST		PROG	1629779575917	1629779576477	OK	 
USER	Admins	START	1629779576487
USER	Admins	END	1629779576499
USER	Admins	END	1629779576544
REQUEST		PROG	1629779576028	1629779576567	OK	 
USER	Admins	START	1629779576610
REQUEST		AM / PM	1629779576410	1629779576651	OK	 
USER	Admins	END	1629779576655
REQUEST		PROG	1629779576137	1629779576678	OK	 
USER	Admins	END	1629779576696
REQUEST		AM / PM	1629779576443	1629779576696	OK	 
USER	Admins	START	1629779576738
USER	Admins	END	1629779576831
USER	Admins	START	1629779576861
REQUEST		AM / PM	1629779576696	1629779576921	OK	 
REQUEST		PROG	1629779576252	1629779576948	OK	 
REQUEST		AM / PM	1629779576728	1629779576984	OK	 
USER	Admins	START	1629779576985
REQUEST		PROG	1629779576359	1629779577013	OK	 
REQUEST		PROG	1629779576488	1629779577017	OK	 
REQUEST		AM / PM	1629779576797	1629779577034	OK	 
USER	Admins	END	1629779577072
USER	Admins	START	1629779577112
REQUEST		AM / PM	1629779576959	1629779577139	OK	 
REQUEST		PROG	1629779576610	1629779577161	OK	 
USER	Admins	START	1629779577235
USER	Admins	END	1629779577294
REQUEST		AM / PM	1629779577083	1629779577310	OK	 
USER	Admins	START	1629779577362
USER	Admins	END	1629779577377
REQUEST		AM / PM	1629779577187	1629779577413	OK	 
REQUEST		PROG	1629779576739	1629779577442	OK	 
USER	Admins	END	1629779577448
USER	Admins	START	1629779577485
REQUEST		AM / PM	1629779577283	1629779577491	OK	 
REQUEST		PROG	1629779576861	1629779577591	OK	 
USER	Admins	START	1629779577613
REQUEST		AM / PM	1629779577448	1629779577635	OK	 
USER	Admins	END	1629779577653
REQUEST		PROG	1629779577112	1629779577655	OK	 
REQUEST		AM / PM	1629779577481	1629779577660	OK	 
REQUEST		PROG	1629779576985	1629779577686	OK	 
USER	Admins	END	1629779577697
USER	Admins	START	1629779577735
REQUEST		AM / PM	1629779577568	1629779577741	OK	 
REQUEST		PROG	1629779577235	1629779577763	OK	 
USER	Admins	START	1629779577863
REQUEST		AM / PM	1629779577679	1629779577866	OK	 
REQUEST		PROG	1629779577363	1629779577892	OK	 
USER	Admins	END	1629779577926
USER	Admins	END	1629779577987
USER	Admins	START	1629779577987
USER	Admins	END	1629779578035
USER	Admins	START	1629779578113
REQUEST		PROG	1629779577485	1629779578140	OK	 
USER	Admins	END	1629779578142
REQUEST		AM / PM	1629779577949	1629779578156	OK	 
REQUEST		AM / PM	1629779578020	1629779578185	OK	 
REQUEST		AM / PM	1629779578018	1629779578202	OK	 
USER	Admins	START	1629779578237
REQUEST		PROG	1629779577736	1629779578288	OK	 
USER	Admins	END	1629779578312
REQUEST		PROG	1629779577613	1629779578325	OK	 
USER	Admins	START	1629779578359
REQUEST		AM / PM	1629779578167	1629779578403	OK	 
USER	Admins	END	1629779578414
REQUEST		PROG	1629779577863	1629779578424	OK	 
USER	Admins	START	1629779578470
USER	Admins	END	1629779578494
USER	Admins	START	1629779578580
USER	Admins	END	1629779578636
REQUEST		PROG	1629779578113	1629779578651	OK	 
USER	Admins	END	1629779578664
REQUEST		PROG	1629779577987	1629779578668	OK	 
USER	Admins	START	1629779578696
USER	Admins	END	1629779578745
REQUEST		AM / PM	1629779578447	1629779578762	OK	 
REQUEST		AM / PM	1629779578593	1629779578801	OK	 
USER	Admins	START	1629779578806
USER	Admins	END	1629779578870
REQUEST		AM / PM	1629779578659	1629779578892	OK	 
REQUEST		PROG	1629779578237	1629779578892	OK	 
REQUEST		AM / PM	1629779578691	1629779578914	OK	 
USER	Admins	START	1629779578918
REQUEST		AM / PM	1629779578767	1629779578948	OK	 
REQUEST		PROG	1629779578470	1629779579009	OK	 
USER	Admins	START	1629779579026
REQUEST		AM / PM	1629779578897	1629779579080	OK	 
REQUEST		PROG	1629779578580	1629779579102	OK	 
REQUEST		PROG	1629779578360	1629779579106	OK	 
USER	Admins	START	1629779579135
USER	Admins	END	1629779579159
USER	Admins	END	1629779579186
USER	Admins	END	1629779579204
REQUEST		PROG	1629779578696	1629779579218	OK	 
USER	Admins	START	1629779579251
REQUEST		PROG	1629779578806	1629779579352	OK	 
USER	Admins	START	1629779579362
USER	Admins	END	1629779579405
REQUEST		AM / PM	1629779579141	1629779579415	OK	 
REQUEST		PROG	1629779578918	1629779579470	OK	 
USER	Admins	START	1629779579486
REQUEST		AM / PM	1629779579293	1629779579491	OK	 
REQUEST		AM / PM	1629779579327	1629779579545	OK	 
REQUEST		PROG	1629779579026	1629779579551	OK	 
REQUEST		AM / PM	1629779579425	1629779579612	OK	 
USER	Admins	START	1629779579613
REQUEST		PROG	1629779579136	1629779579677	OK	 
USER	Admins	START	1629779579734
USER	Admins	END	1629779579763
REQUEST		PROG	1629779579251	1629779579784	OK	 
USER	Admins	END	1629779579801
REQUEST		AM / PM	1629779579656	1629779579858	OK	 
USER	Admins	START	1629779579860
REQUEST		AM / PM	1629779579672	1629779579888	OK	 
USER	Admins	END	1629779579896
USER	Admins	END	1629779579916
USER	Admins	END	1629779579949
USER	Admins	START	1629779579984
REQUEST		PROG	1629779579486	1629779579996	OK	 
REQUEST		PROG	1629779579363	1629779580048	OK	 
USER	Admins	END	1629779580081
REQUEST		AM / PM	1629779579898	1629779580094	OK	 
USER	Admins	START	1629779580110
REQUEST		PROG	1629779579613	1629779580148	OK	 
USER	Admins	START	1629779580236
REQUEST		AM / PM	1629779580107	1629779580287	OK	 
REQUEST		AM / PM	1629779580013	1629779580359	OK	 
USER	Admins	START	1629779580360
USER	Admins	END	1629779580419
REQUEST		AM / PM	1629779580221	1629779580433	OK	 
USER	Admins	START	1629779580489
USER	Admins	END	1629779580497
REQUEST		AM / PM	1629779580110	1629779580528	OK	 
REQUEST		PROG	1629779579734	1629779580532	OK	 
REQUEST		AM / PM	1629779580354	1629779580539	OK	 
USER	Admins	END	1629779580546
REQUEST		PROG	1629779580110	1629779580606	OK	 
USER	Admins	START	1629779580611
USER	Admins	END	1629779580616
REQUEST		AM / PM	1629779580472	1629779580663	OK	 
REQUEST		PROG	1629779579861	1629779580681	OK	 
REQUEST		AM / PM	1629779580551	1629779580730	OK	 
REQUEST		PROG	1629779579984	1629779580730	OK	 
USER	Admins	START	1629779580737
REQUEST		PROG	1629779580236	1629779580846	OK	 
USER	Admins	END	1629779580859
USER	Admins	START	1629779580861
REQUEST		AM / PM	1629779580679	1629779580871	OK	 
REQUEST		PROG	1629779580360	1629779580890	OK	 
USER	Admins	END	1629779580893
REQUEST		AM / PM	1629779580789	1629779580986	OK	 
USER	Admins	START	1629779580989
USER	Admins	END	1629779581099
REQUEST		PROG	1629779580489	1629779581107	OK	 
USER	Admins	START	1629779581113
REQUEST		AM / PM	1629779581000	1629779581204	OK	 
USER	Admins	START	1629779581239
REQUEST		PROG	1629779580611	1629779581281	OK	 
USER	Admins	END	1629779581294
REQUEST		PROG	1629779580738	1629779581331	OK	 
REQUEST		AM / PM	1629779581150	1629779581348	OK	 
USER	Admins	END	1629779581361
USER	Admins	START	1629779581361
REQUEST		AM / PM	1629779581049	1629779581377	OK	 
USER	Admins	END	1629779581439
USER	Admins	START	1629779581469
USER	Admins	END	1629779581534
USER	Admins	END	1629779581544
REQUEST		PROG	1629779580989	1629779581546	OK	 
REQUEST		PROG	1629779580861	1629779581581	OK	 
USER	Admins	START	1629779581580
REQUEST		PROG	1629779581114	1629779581643	OK	 
USER	Admins	END	1629779581667
USER	Admins	START	1629779581695
USER	Admins	END	1629779581734
USER	Admins	START	1629779581807
REQUEST		AM / PM	1629779581534	1629779581807	OK	 
REQUEST		PROG	1629779581239	1629779581826	OK	 
REQUEST		AM / PM	1629779581611	1629779581852	OK	 
USER	Admins	END	1629779581877
REQUEST		PROG	1629779581361	1629779581900	OK	 
REQUEST		AM / PM	1629779581683	1629779581911	OK	 
USER	Admins	START	1629779581915
REQUEST		AM / PM	1629779581734	1629779581959	OK	 
USER	Admins	END	1629779581991
USER	Admins	START	1629779582026
REQUEST		AM / PM	1629779581852	1629779582060	OK	 
REQUEST		PROG	1629779581469	1629779582060	OK	 
REQUEST		PROG	1629779581581	1629779582098	OK	 
REQUEST		AM / PM	1629779581896	1629779582102	OK	 
USER	Admins	START	1629779582136
USER	Admins	END	1629779582209
REQUEST		PROG	1629779581695	1629779582214	OK	 
USER	Admins	START	1629779582250
REQUEST		AM / PM	1629779582112	1629779582320	OK	 
REQUEST		PROG	1629779581807	1629779582320	OK	 
USER	Admins	END	1629779582353
USER	Admins	START	1629779582363
USER	Admins	END	1629779582381
USER	Admins	START	1629779582487
REQUEST		PROG	1629779581915	1629779582500	OK	 
REQUEST		AM / PM	1629779582285	1629779582514	OK	 
REQUEST		PROG	1629779582026	1629779582557	OK	 
USER	Admins	START	1629779582611
REQUEST		AM / PM	1629779582333	1629779582645	OK	 
USER	Admins	START	1629779582737
REQUEST		AM / PM	1629779582550	1629779582784	OK	 
REQUEST		PROG	1629779582250	1629779582790	OK	 
USER	Admins	END	1629779582811
REQUEST		AM / PM	1629779582583	1629779582827	OK	 
REQUEST		AM / PM	1629779582647	1629779582846	OK	 
USER	Admins	END	1629779582856
USER	Admins	START	1629779582860
REQUEST		PROG	1629779582136	1629779582893	OK	 
REQUEST		PROG	1629779582363	1629779582895	OK	 
USER	Admins	END	1629779582913
USER	Admins	END	1629779582963
USER	Admins	START	1629779582988
REQUEST		AM / PM	1629779582829	1629779583014	OK	 
REQUEST		PROG	1629779582488	1629779583033	OK	 
USER	Admins	END	1629779583061
USER	Admins	END	1629779583106
USER	Admins	START	1629779583112
REQUEST		PROG	1629779582611	1629779583133	OK	 
USER	Admins	START	1629779583238
REQUEST		AM / PM	1629779583061	1629779583284	OK	 
REQUEST		AM / PM	1629779583101	1629779583295	OK	 
REQUEST		AM / PM	1629779582905	1629779583300	OK	 
REQUEST		PROG	1629779582737	1629779583315	OK	 
USER	Admins	END	1629779583323
USER	Admins	START	1629779583360
REQUEST		AM / PM	1629779583219	1629779583423	OK	 
REQUEST		PROG	1629779582860	1629779583426	OK	 
USER	Admins	START	1629779583486
USER	Admins	END	1629779583518
REQUEST		AM / PM	1629779583325	1629779583545	OK	 
REQUEST		PROG	1629779582988	1629779583546	OK	 
USER	Admins	START	1629779583613
USER	Admins	END	1629779583651
REQUEST		PROG	1629779583112	1629779583661	OK	 
USER	Admins	START	1629779583736
REQUEST		PROG	1629779583238	1629779583782	OK	 
USER	Admins	END	1629779583787
REQUEST		AM / PM	1629779583560	1629779583808	OK	 
USER	Admins	END	1629779583832
USER	Admins	END	1629779583849
USER	Admins	START	1629779583860
USER	Admins	START	1629779583987
USER	Admins	END	1629779584019
REQUEST		PROG	1629779583486	1629779584019	OK	 
REQUEST		AM / PM	1629779583894	1629779584098	OK	 
USER	Admins	START	1629779584110
REQUEST		AM / PM	1629779583900	1629779584116	OK	 
REQUEST		PROG	1629779583360	1629779584227	OK	 
USER	Admins	START	1629779584238
REQUEST		AM / PM	1629779583795	1629779584254	OK	 
REQUEST		AM / PM	1629779584038	1629779584254	OK	 
REQUEST		AM / PM	1629779583505	1629779584259	OK	 
REQUEST		PROG	1629779583737	1629779584259	OK	 
USER	Admins	END	1629779584287
USER	Admins	END	1629779584300
USER	Admins	END	1629779584305
REQUEST		AM / PM	1629779584134	1629779584349	OK	 
USER	Admins	START	1629779584360
REQUEST		PROG	1629779583860	1629779584362	OK	 
USER	Admins	END	1629779584426
USER	Admins	START	1629779584472
REQUEST		PROG	1629779583613	1629779584504	OK	 
REQUEST		AM / PM	1629779584317	1629779584507	OK	 
USER	Admins	END	1629779584550
REQUEST		PROG	1629779583987	1629779584554	OK	 
USER	Admins	START	1629779584583
REQUEST		PROG	1629779584110	1629779584658	OK	 
REQUEST		AM / PM	1629779584429	1629779584661	OK	 
USER	Admins	START	1629779584696
REQUEST		AM / PM	1629779584550	1629779584775	OK	 
REQUEST		PROG	1629779584238	1629779584775	OK	 
USER	Admins	START	1629779584808
USER	Admins	END	1629779584813
REQUEST		AM / PM	1629779584666	1629779584865	OK	 
USER	Admins	START	1629779584915
REQUEST		PROG	1629779584360	1629779584970	OK	 
REQUEST		AM / PM	1629779584787	1629779584979	OK	 
USER	Admins	START	1629779585027
USER	Admins	END	1629779585104
REQUEST		PROG	1629779584472	1629779585113	OK	 
USER	Admins	END	1629779585118
USER	Admins	START	1629779585140
REQUEST		AM / PM	1629779585021	1629779585205	OK	 
REQUEST		PROG	1629779584584	1629779585205	OK	 
USER	Admins	START	1629779585252
USER	Admins	END	1629779585257
USER	Admins	END	1629779585259
USER	Admins	END	1629779585262
REQUEST		PROG	1629779584696	1629779585327	OK	 
USER	Admins	END	1629779585352
USER	Admins	START	1629779585363
REQUEST		PROG	1629779584808	1629779585427	OK	 
REQUEST		AM / PM	1629779585265	1629779585463	OK	 
REQUEST		AM / PM	1629779585232	1629779585478	OK	 
USER	Admins	START	1629779585485
USER	Admins	END	1629779585512
REQUEST		PROG	1629779584915	1629779585518	OK	 
REQUEST		AM / PM	1629779585363	1629779585569	OK	 
REQUEST		PROG	1629779585027	1629779585579	OK	 
USER	Admins	START	1629779585613
USER	Admins	END	1629779585663
REQUEST		PROG	1629779585140	1629779585682	OK	 
USER	Admins	START	1629779585736
REQUEST		AM / PM	1629779585509	1629779585748	OK	 
REQUEST		AM / PM	1629779585559	1629779585778	OK	 
USER	Admins	END	1629779585780
REQUEST		AM / PM	1629779585663	1629779585847	OK	 
USER	Admins	START	1629779585862
USER	Admins	END	1629779585869
REQUEST		AM / PM	1629779585780	1629779585960	OK	 
REQUEST		PROG	1629779585252	1629779585980	OK	 
USER	Admins	END	1629779585982
USER	Admins	START	1629779585987
REQUEST		PROG	1629779585485	1629779586028	OK	 
REQUEST		PROG	1629779585363	1629779586057	OK	 
USER	Admins	START	1629779586113
REQUEST		PROG	1629779585613	1629779586123	OK	 
REQUEST		AM / PM	1629779585971	1629779586147	OK	 
USER	Admins	END	1629779586206
USER	Admins	START	1629779586237
REQUEST		AM / PM	1629779586114	1629779586303	OK	 
REQUEST		PROG	1629779585736	1629779586314	OK	 
USER	Admins	START	1629779586363
REQUEST		AM / PM	1629779586210	1629779586384	OK	 
REQUEST		PROG	1629779585862	1629779586424	OK	 
USER	Admins	END	1629779586467
USER	Admins	END	1629779586481
USER	Admins	START	1629779586486
REQUEST		AM / PM	1629779586328	1629779586520	OK	 
REQUEST		PROG	1629779585987	1629779586529	OK	 
USER	Admins	END	1629779586574
REQUEST		AM / PM	1629779586429	1629779586601	OK	 
USER	Admins	START	1629779586610
REQUEST		PROG	1629779586113	1629779586663	OK	 
USER	Admins	START	1629779586737
REQUEST		AM / PM	1629779586519	1629779586746	OK	 
REQUEST		PROG	1629779586237	1629779586746	OK	 
USER	Admins	END	1629779586752
REQUEST		AM / PM	1629779586584	1629779586771	OK	 
USER	Admins	END	1629779586782
USER	Admins	END	1629779586852
USER	Admins	START	1629779586861
REQUEST		AM / PM	1629779586685	1629779586883	OK	 
REQUEST		PROG	1629779586364	1629779586918	OK	 
USER	Admins	END	1629779586961
USER	Admins	START	1629779586987
USER	Admins	START	1629779587112
USER	Admins	END	1629779587153
REQUEST		PROG	1629779586610	1629779587161	OK	 
REQUEST		AM / PM	1629779587029	1629779587216	OK	 
REQUEST		PROG	1629779586486	1629779587218	OK	 
REQUEST		AM / PM	1629779586981	1629779587224	OK	 
USER	Admins	START	1629779587238
REQUEST		AM / PM	1629779587060	1629779587303	OK	 
USER	Admins	END	1629779587305
REQUEST		AM / PM	1629779587126	1629779587308	OK	 
USER	Admins	START	1629779587360
REQUEST		PROG	1629779586737	1629779587373	OK	 
USER	Admins	END	1629779587390
USER	Admins	START	1629779587470
REQUEST		PROG	1629779586861	1629779587480	OK	 
REQUEST		AM / PM	1629779587314	1629779587494	OK	 
REQUEST		PROG	1629779586987	1629779587519	OK	 
USER	Admins	END	1629779587522
USER	Admins	START	1629779587581
USER	Admins	END	1629779587606
REQUEST		PROG	1629779587112	1629779587618	OK	 
REQUEST		AM / PM	1629779587430	1629779587656	OK	 
USER	Admins	START	1629779587692
REQUEST		AM / PM	1629779587530	1629779587713	OK	 
REQUEST		PROG	1629779587238	1629779587736	OK	 
USER	Admins	END	1629779587749
USER	Admins	END	1629779587776
USER	Admins	START	1629779587806
REQUEST		AM / PM	1629779587666	1629779587859	OK	 
USER	Admins	END	1629779587889
USER	Admins	START	1629779587915
REQUEST		AM / PM	1629779587749	1629779587960	OK	 
REQUEST		PROG	1629779587470	1629779588005	OK	 
USER	Admins	START	1629779588026
REQUEST		PROG	1629779587360	1629779588084	OK	 
REQUEST		AM / PM	1629779587922	1629779588135	OK	 
USER	Admins	START	1629779588141
REQUEST		PROG	1629779587581	1629779588165	OK	 
USER	Admins	END	1629779588221
USER	Admins	END	1629779588227
USER	Admins	START	1629779588251
USER	Admins	END	1629779588307
USER	Admins	END	1629779588312
REQUEST		AM / PM	1629779588166	1629779588352	OK	 
USER	Admins	START	1629779588359
REQUEST		PROG	1629779587806	1629779588367	OK	 
REQUEST		PROG	1629779587692	1629779588443	OK	 
REQUEST		PROG	1629779587915	1629779588456	OK	 
REQUEST		AM / PM	1629779588221	1629779588473	OK	 
USER	Admins	START	1629779588486
USER	Admins	END	1629779588499
REQUEST		AM / PM	1629779588377	1629779588562	OK	 
REQUEST		PROG	1629779588026	1629779588593	OK	 
USER	Admins	START	1629779588611
REQUEST		PROG	1629779588141	1629779588642	OK	 
USER	Admins	END	1629779588659
REQUEST		AM / PM	1629779588482	1629779588681	OK	 
REQUEST		AM / PM	1629779588519	1629779588690	OK	 
USER	Admins	END	1629779588718
USER	Admins	START	1629779588733
REQUEST		PROG	1629779588251	1629779588760	OK	 
REQUEST		AM / PM	1629779588622	1629779588811	OK	 
USER	Admins	START	1629779588859
USER	Admins	END	1629779588860
REQUEST		PROG	1629779588359	1629779588879	OK	 
REQUEST		AM / PM	1629779588738	1629779588920	OK	 
USER	Admins	END	1629779588962
USER	Admins	START	1629779588984
USER	Admins	START	1629779589109
REQUEST		PROG	1629779588486	1629779589130	OK	 
USER	Admins	END	1629779589139
REQUEST		PROG	1629779588611	1629779589155	OK	 
REQUEST		AM / PM	1629779589009	1629779589231	OK	 
USER	Admins	START	1629779589235
REQUEST		PROG	1629779588733	1629779589282	OK	 
REQUEST		AM / PM	1629779589088	1629779589348	OK	 
REQUEST		AM / PM	1629779589171	1629779589351	OK	 
USER	Admins	END	1629779589357
USER	Admins	START	1629779589363
USER	Admins	END	1629779589475
USER	Admins	START	1629779589484
USER	Admins	END	1629779589567
REQUEST		AM / PM	1629779589371	1629779589593	OK	 
REQUEST		PROG	1629779588859	1629779589604	OK	 
USER	Admins	START	1629779589610
REQUEST		AM / PM	1629779589460	1629779589635	OK	 
REQUEST		PROG	1629779588984	1629779589679	OK	 
REQUEST		AM / PM	1629779589449	1629779589681	OK	 
USER	Admins	END	1629779589683
USER	Admins	END	1629779589692
USER	Admins	START	1629779589736
REQUEST		AM / PM	1629779589597	1629779589790	OK	 
REQUEST		PROG	1629779589109	1629779589807	OK	 
USER	Admins	END	1629779589816
REQUEST		AM / PM	1629779589646	1629779589845	OK	 
USER	Admins	START	1629779589859
USER	Admins	END	1629779589923
REQUEST		AM / PM	1629779589766	1629779589957	OK	 
REQUEST		PROG	1629779589235	1629779589957	OK	 
REQUEST		PROG	1629779589363	1629779589957	OK	 
USER	Admins	START	1629779589987
REQUEST		PROG	1629779589484	1629779590033	OK	 
REQUEST		AM / PM	1629779589882	1629779590067	OK	 
USER	Admins	START	1629779590109
REQUEST		PROG	1629779589610	1629779590149	OK	 
USER	Admins	END	1629779590236
USER	Admins	START	1629779590235
REQUEST		AM / PM	1629779590131	1629779590344	OK	 
USER	Admins	END	1629779590354
REQUEST		AM / PM	1629779590161	1629779590355	OK	 
USER	Admins	END	1629779590356
USER	Admins	START	1629779590363
REQUEST		PROG	1629779589859	1629779590435	OK	 
REQUEST		PROG	1629779589736	1629779590450	OK	 
USER	Admins	START	1629779590472
REQUEST		PROG	1629779589987	1629779590505	OK	 
REQUEST		AM / PM	1629779590283	1629779590542	OK	 
USER	Admins	START	1629779590584
USER	Admins	END	1629779590598
USER	Admins	END	1629779590636
REQUEST		PROG	1629779590109	1629779590637	OK	 
USER	Admins	END	1629779590686
USER	Admins	START	1629779590694
REQUEST		PROG	1629779590236	1629779590752	OK	 
USER	Admins	END	1629779590794
USER	Admins	START	1629779590804
REQUEST		AM / PM	1629779590609	1629779590832	OK	 
USER	Admins	END	1629779590850
REQUEST		PROG	1629779590363	1629779590896	OK	 
REQUEST		AM / PM	1629779590683	1629779590914	OK	 
USER	Admins	START	1629779590913
USER	Admins	END	1629779590960
REQUEST		PROG	1629779590472	1629779591029	OK	 
USER	Admins	START	1629779591029
REQUEST		AM / PM	1629779590811	1629779591048	OK	 
USER	Admins	END	1629779591072
REQUEST		PROG	1629779590584	1629779591122	OK	 
USER	Admins	START	1629779591135
REQUEST		AM / PM	1629779590959	1629779591178	OK	 
REQUEST		PROG	1629779590694	1629779591200	OK	 
REQUEST		AM / PM	1629779591035	1629779591217	OK	 
USER	Admins	START	1629779591251
REQUEST		AM / PM	1629779590959	1629779591324	OK	 
REQUEST		PROG	1629779590804	1629779591324	OK	 
REQUEST		AM / PM	1629779591155	1629779591328	OK	 
USER	Admins	END	1629779591349
USER	Admins	END	1629779591360
USER	Admins	START	1629779591360
REQUEST		PROG	1629779590914	1629779591443	OK	 
USER	Admins	START	1629779591484
USER	Admins	END	1629779591547
REQUEST		PROG	1629779591029	1629779591563	OK	 
USER	Admins	START	1629779591611
REQUEST		AM / PM	1629779591440	1629779591626	OK	 
REQUEST		AM / PM	1629779591455	1629779591701	OK	 
REQUEST		AM / PM	1629779591509	1629779591725	OK	 
USER	Admins	START	1629779591736
USER	Admins	END	1629779591837
REQUEST		AM / PM	1629779591638	1629779591840	OK	 
USER	Admins	START	1629779591860
REQUEST		PROG	1629779591135	1629779591877	OK	 
REQUEST		PROG	1629779591360	1629779591892	OK	 
USER	Admins	END	1629779591917
REQUEST		PROG	1629779591251	1629779591933	OK	 
REQUEST		AM / PM	1629779591757	1629779591950	OK	 
USER	Admins	START	1629779591987
USER	Admins	END	1629779592049
REQUEST		AM / PM	1629779591899	1629779592081	OK	 
USER	Admins	START	1629779592113
REQUEST		PROG	1629779591484	1629779592150	OK	 
USER	Admins	END	1629779592181
REQUEST		PROG	1629779591611	1629779592208	OK	 
REQUEST		AM / PM	1629779592030	1629779592213	OK	 
USER	Admins	END	1629779592220
USER	Admins	START	1629779592238
REQUEST		PROG	1629779591736	1629779592281	OK	 
REQUEST		AM / PM	1629779592125	1629779592308	OK	 
USER	Admins	END	1629779592327
USER	Admins	END	1629779592334
USER	Admins	START	1629779592362
REQUEST		AM / PM	1629779592205	1629779592453	OK	 
USER	Admins	START	1629779592469
REQUEST		PROG	1629779591860	1629779592507	OK	 
REQUEST		AM / PM	1629779592327	1629779592512	OK	 
USER	Admins	START	1629779592583
USER	Admins	END	1629779592627
REQUEST		PROG	1629779592113	1629779592644	OK	 
REQUEST		AM / PM	1629779592449	1629779592656	OK	 
USER	Admins	START	1629779592696
REQUEST		PROG	1629779591987	1629779592698	OK	 
USER	Admins	END	1629779592705
USER	Admins	END	1629779592727
REQUEST		AM / PM	1629779592566	1629779592741	OK	 
REQUEST		PROG	1629779592238	1629779592759	OK	 
USER	Admins	START	1629779592805
USER	Admins	END	1629779592842
REQUEST		PROG	1629779592362	1629779592892	OK	 
USER	Admins	START	1629779592914
USER	Admins	END	1629779592956
USER	Admins	START	1629779593024
REQUEST		PROG	1629779592469	1629779593046	OK	 
REQUEST		AM / PM	1629779592893	1629779593080	OK	 
USER	Admins	END	1629779593082
REQUEST		PROG	1629779592584	1629779593123	OK	 
USER	Admins	START	1629779593139
REQUEST		AM / PM	1629779592877	1629779593140	OK	 
USER	Admins	END	1629779593213
USER	Admins	START	1629779593249
USER	Admins	END	1629779593310
REQUEST		AM / PM	1629779593155	1629779593357	OK	 
REQUEST		AM / PM	1629779592934	1629779593357	OK	 
USER	Admins	START	1629779593363
REQUEST		PROG	1629779592806	1629779593375	OK	 
REQUEST		PROG	1629779592696	1629779593379	OK	 
REQUEST		AM / PM	1629779593213	1629779593380	OK	 
USER	Admins	END	1629779593457
USER	Admins	START	1629779593484
REQUEST		AM / PM	1629779593283	1629779593508	OK	 
REQUEST		PROG	1629779592914	1629779593509	OK	 
USER	Admins	END	1629779593518
REQUEST		PROG	1629779593024	1629779593609	OK	 
USER	Admins	START	1629779593613
USER	Admins	END	1629779593661
REQUEST		PROG	1629779593139	1629779593728	OK	 
USER	Admins	START	1629779593734
REQUEST		AM / PM	1629779593508	1629779593737	OK	 
USER	Admins	END	1629779593743
REQUEST		PROG	1629779593250	1629779593833	OK	 
REQUEST		AM / PM	1629779593649	1629779593840	OK	 
USER	Admins	START	1629779593862
REQUEST		AM / PM	1629779593702	1629779593939	OK	 
REQUEST		PROG	1629779593363	1629779593940	OK	 
REQUEST		AM / PM	1629779593763	1629779593958	OK	 
USER	Admins	START	1629779593989
USER	Admins	END	1629779594086
REQUEST		PROG	1629779593484	1629779594092	OK	 
USER	Admins	START	1629779594110
REQUEST		AM / PM	1629779593897	1629779594140	OK	 
USER	Admins	END	1629779594141
REQUEST		PROG	1629779593613	1629779594185	OK	 
USER	Admins	START	1629779594235
REQUEST		AM / PM	1629779594050	1629779594242	OK	 
REQUEST		PROG	1629779593734	1629779594249	OK	 
REQUEST		AM / PM	1629779594124	1629779594335	OK	 
USER	Admins	END	1629779594360
USER	Admins	END	1629779594360
USER	Admins	START	1629779594359
USER	Admins	END	1629779594385
REQUEST		PROG	1629779593862	1629779594401	OK	 
USER	Admins	START	1629779594486
USER	Admins	END	1629779594510
REQUEST		PROG	1629779593989	1629779594517	OK	 
REQUEST		AM / PM	1629779594376	1629779594575	OK	 
USER	Admins	START	1629779594612
REQUEST		AM / PM	1629779594383	1629779594679	OK	 
REQUEST		AM / PM	1629779594510	1629779594707	OK	 
USER	Admins	START	1629779594734
USER	Admins	END	1629779594743
REQUEST		PROG	1629779594111	1629779594775	OK	 
REQUEST		AM / PM	1629779594613	1629779594783	OK	 
REQUEST		PROG	1629779594236	1629779594790	OK	 
USER	Admins	END	1629779594840
USER	Admins	START	1629779594863
REQUEST		PROG	1629779594360	1629779594898	OK	 
REQUEST		AM / PM	1629779594732	1629779594909	OK	 
USER	Admins	END	1629779594943
USER	Admins	END	1629779594963
USER	Admins	START	1629779594989
REQUEST		PROG	1629779594486	1629779595011	OK	 
REQUEST		AM / PM	1629779594834	1629779595051	OK	 
USER	Admins	START	1629779595113
REQUEST		AM / PM	1629779594943	1629779595120	OK	 
USER	Admins	END	1629779595145
USER	Admins	START	1629779595237
USER	Admins	END	1629779595243
REQUEST		PROG	1629779594734	1629779595262	OK	 
REQUEST		PROG	1629779594612	1629779595276	OK	 
REQUEST		AM / PM	1629779595096	1629779595299	OK	 
USER	Admins	END	1629779595336
USER	Admins	START	1629779595363
REQUEST		AM / PM	1629779595189	1629779595394	OK	 
REQUEST		PROG	1629779594863	1629779595414	OK	 
REQUEST		AM / PM	1629779595251	1629779595459	OK	 
USER	Admins	START	1629779595469
REQUEST		PROG	1629779594989	1629779595522	OK	 
USER	Admins	END	1629779595576
USER	Admins	START	1629779595582
REQUEST		AM / PM	1629779595406	1629779595636	OK	 
REQUEST		PROG	1629779595113	1629779595636	OK	 
USER	Admins	END	1629779595685
USER	Admins	START	1629779595693
REQUEST		AM / PM	1629779595518	1629779595695	OK	 
USER	Admins	END	1629779595710
REQUEST		PROG	1629779595237	1629779595740	OK	 
USER	Admins	END	1629779595784
USER	Admins	START	1629779595807
USER	Admins	END	1629779595912
USER	Admins	START	1629779595917
REQUEST		AM / PM	1629779595791	1629779595973	OK	 
REQUEST		PROG	1629779595469	1629779596020	OK	 
USER	Admins	START	1629779596024
REQUEST		PROG	1629779595363	1629779596051	OK	 
USER	Admins	END	1629779596057
REQUEST		AM / PM	1629779595779	1629779596060	OK	 
REQUEST		AM / PM	1629779595901	1629779596079	OK	 
USER	Admins	END	1629779596125
USER	Admins	START	1629779596139
REQUEST		AM / PM	1629779596016	1629779596227	OK	 
REQUEST		PROG	1629779595582	1629779596233	OK	 
USER	Admins	START	1629779596249
REQUEST		PROG	1629779595694	1629779596266	OK	 
USER	Admins	END	1629779596302
REQUEST		PROG	1629779595807	1629779596357	OK	 
USER	Admins	START	1629779596360
USER	Admins	END	1629779596399
REQUEST		AM / PM	1629779596263	1629779596462	OK	 
USER	Admins	END	1629779596465
USER	Admins	START	1629779596488
REQUEST		AM / PM	1629779596281	1629779596521	OK	 
REQUEST		PROG	1629779596024	1629779596541	OK	 
REQUEST		PROG	1629779595917	1629779596589	OK	 
USER	Admins	START	1629779596610
REQUEST		AM / PM	1629779596416	1629779596632	OK	 
USER	Admins	END	1629779596637
USER	Admins	END	1629779596699
REQUEST		AM / PM	1629779596526	1629779596702	OK	 
REQUEST		PROG	1629779596139	1629779596730	OK	 
USER	Admins	START	1629779596734
REQUEST		PROG	1629779596249	1629779596758	OK	 
REQUEST		AM / PM	1629779596639	1629779596828	OK	 
USER	Admins	START	1629779596861
REQUEST		PROG	1629779596360	1629779596881	OK	 
REQUEST		AM / PM	1629779596744	1629779596929	OK	 
USER	Admins	END	1629779596979
USER	Admins	START	1629779596984
REQUEST		PROG	1629779596488	1629779597005	OK	 
USER	Admins	END	1629779597064
USER	Admins	END	1629779597083
USER	Admins	START	1629779597111
REQUEST		AM / PM	1629779597021	1629779597206	OK	 
USER	Admins	END	1629779597233
USER	Admins	START	1629779597234
REQUEST		AM / PM	1629779597053	1629779597260	OK	 
REQUEST		PROG	1629779596610	1629779597293	OK	 
USER	Admins	START	1629779597362
REQUEST		PROG	1629779596861	1629779597390	OK	 
REQUEST		PROG	1629779596734	1629779597440	OK	 
REQUEST		AM / PM	1629779597268	1629779597454	OK	 
USER	Admins	END	1629779597468
REQUEST		AM / PM	1629779597234	1629779597479	OK	 
USER	Admins	START	1629779597485
REQUEST		PROG	1629779596984	1629779597507	OK	 
USER	Admins	END	1629779597526
REQUEST		AM / PM	1629779597360	1629779597559	OK	 
USER	Admins	START	1629779597609
USER	Admins	END	1629779597637
USER	Admins	END	1629779597708
REQUEST		AM / PM	1629779597545	1629779597719	OK	 
USER	Admins	START	1629779597736
REQUEST		PROG	1629779597234	1629779597789	OK	 
REQUEST		AM / PM	1629779597591	1629779597820	OK	 
REQUEST		PROG	1629779597111	1629779597821	OK	 
USER	Admins	END	1629779597832
USER	Admins	START	1629779597859
REQUEST		PROG	1629779597362	1629779597885	OK	 
REQUEST		AM / PM	1629779597731	1629779597907	OK	 
USER	Admins	END	1629779597934
REQUEST		AM / PM	1629779597759	1629779597949	OK	 
USER	Admins	START	1629779597986
REQUEST		PROG	1629779597485	1629779598035	OK	 
REQUEST		AM / PM	1629779597885	1629779598078	OK	 
USER	Admins	START	1629779598112
REQUEST		AM / PM	1629779598008	1629779598192	OK	 
USER	Admins	END	1629779598210
USER	Admins	START	1629779598237
USER	Admins	END	1629779598264
REQUEST		PROG	1629779597736	1629779598272	OK	 
USER	Admins	START	1629779598365
REQUEST		PROG	1629779597859	1629779598378	OK	 
USER	Admins	END	1629779598460
USER	Admins	START	1629779598472
USER	Admins	END	1629779598482
REQUEST		AM / PM	1629779598293	1629779598514	OK	 
REQUEST		PROG	1629779597986	1629779598514	OK	 
USER	Admins	END	1629779598565
USER	Admins	START	1629779598584
REQUEST		AM / PM	1629779598392	1629779598604	OK	 
REQUEST		PROG	1629779598112	1629779598628	OK	 
REQUEST		AM / PM	1629779598440	1629779598676	OK	 
USER	Admins	START	1629779598694
USER	Admins	END	1629779598722
REQUEST		AM / PM	1629779598508	1629779598723	OK	 
REQUEST		PROG	1629779598238	1629779598774	OK	 
USER	Admins	START	1629779598803
USER	Admins	END	1629779598825
REQUEST		PROG	1629779598365	1629779598909	OK	 
USER	Admins	END	1629779598911
USER	Admins	START	1629779598918
USER	Admins	END	1629779598950
REQUEST		AM / PM	1629779598792	1629779598986	OK	 
USER	Admins	START	1629779599026
USER	Admins	END	1629779599080
REQUEST		AM / PM	1629779598887	1629779599086	OK	 
REQUEST		PROG	1629779598472	1629779599087	OK	 
REQUEST		AM / PM	1629779598826	1629779599087	OK	 
USER	Admins	START	1629779599137
REQUEST		PROG	1629779598584	1629779599144	OK	 
USER	Admins	END	1629779599195
REQUEST		AM / PM	1629779599039	1629779599216	OK	 
USER	Admins	START	1629779599249
REQUEST		PROG	1629779598694	1629779599284	OK	 
REQUEST		PROG	1629779598803	1629779599326	OK	 
USER	Admins	START	1629779599362
REQUEST		PROG	1629779598918	1629779599453	OK	 
USER	Admins	START	1629779599486
USER	Admins	END	1629779599517
REQUEST		AM / PM	1629779599277	1629779599541	OK	 
REQUEST		PROG	1629779599026	1629779599559	OK	 
REQUEST		AM / PM	1629779599379	1629779599593	OK	 
USER	Admins	END	1629779599609
USER	Admins	START	1629779599613
REQUEST		PROG	1629779599137	1629779599629	OK	 
USER	Admins	END	1629779599677
REQUEST		AM / PM	1629779599517	1629779599724	OK	 
USER	Admins	END	1629779599729
USER	Admins	START	1629779599736
USER	Admins	START	1629779599859
REQUEST		PROG	1629779599249	1629779599873	OK	 
REQUEST		AM / PM	1629779599632	1629779599918	OK	 
REQUEST		AM / PM	1629779599775	1629779599962	OK	 
USER	Admins	END	1629779599987
USER	Admins	START	1629779599987
REQUEST		PROG	1629779599363	1629779600041	OK	 
USER	Admins	END	1629779600088
REQUEST		PROG	1629779599486	1629779600089	OK	 
USER	Admins	END	1629779600093
USER	Admins	START	1629779600109
REQUEST		AM / PM	1629779599912	1629779600115	OK	 
REQUEST		PROG	1629779599613	1629779600142	OK	 
USER	Admins	END	1629779600221
USER	Admins	START	1629779600238
REQUEST		AM / PM	1629779600091	1629779600311	OK	 
USER	Admins	START	1629779600360
REQUEST		PROG	1629779599859	1629779600380	OK	 
REQUEST		AM / PM	1629779600149	1629779600393	OK	 
REQUEST		PROG	1629779599736	1629779600413	OK	 
REQUEST		AM / PM	1629779600285	1629779600476	OK	 
USER	Admins	START	1629779600488
REQUEST		AM / PM	1629779600327	1629779600515	OK	 
USER	Admins	END	1629779600547
USER	Admins	END	1629779600594
USER	Admins	START	1629779600611
REQUEST		PROG	1629779600109	1629779600632	OK	 
REQUEST		AM / PM	1629779600455	1629779600669	OK	 
REQUEST		PROG	1629779599987	1629779600669	OK	 
USER	Admins	END	1629779600726
USER	Admins	START	1629779600737
REQUEST		AM / PM	1629779600560	1629779600742	OK	 
REQUEST		PROG	1629779600238	1629779600749	OK	 
USER	Admins	START	1629779600859
USER	Admins	END	1629779600923
REQUEST		AM / PM	1629779600633	1629779600932	OK	 
REQUEST		PROG	1629779600360	1629779600952	OK	 
USER	Admins	END	1629779600968
USER	Admins	START	1629779600984
REQUEST		AM / PM	1629779600877	1629779601067	OK	 
USER	Admins	START	1629779601113
USER	Admins	END	1629779601119
REQUEST		PROG	1629779600488	1629779601151	OK	 
REQUEST		PROG	1629779600611	1629779601151	OK	 
USER	Admins	START	1629779601235
REQUEST		AM / PM	1629779601043	1629779601261	OK	 
REQUEST		PROG	1629779600737	1629779601265	OK	 
REQUEST		AM / PM	1629779601094	1629779601288	OK	 
USER	Admins	END	1629779601312
REQUEST		AM / PM	1629779601147	1629779601353	OK	 
USER	Admins	START	1629779601359
REQUEST		PROG	1629779600859	1629779601392	OK	 
USER	Admins	END	1629779601395
USER	Admins	END	1629779601478
USER	Admins	START	1629779601485
USER	Admins	END	1629779601521
REQUEST		PROG	1629779600984	1629779601539	OK	 
REQUEST		AM / PM	1629779601382	1629779601572	OK	 
USER	Admins	START	1629779601613
REQUEST		AM / PM	1629779601416	1629779601620	OK	 
REQUEST		PROG	1629779601113	1629779601632	OK	 
USER	Admins	END	1629779601672
USER	Admins	START	1629779601736
USER	Admins	END	1629779601743
REQUEST		PROG	1629779601235	1629779601766	OK	 
USER	Admins	START	1629779601859
REQUEST		AM / PM	1629779601633	1629779601885	OK	 
REQUEST		PROG	1629779601359	1629779601909	OK	 
REQUEST		AM / PM	1629779601672	1629779601912	OK	 
USER	Admins	END	1629779601934
REQUEST		AM / PM	1629779601752	1629779601952	OK	 
USER	Admins	START	1629779601984
USER	Admins	END	1629779602071
USER	Admins	START	1629779602112
REQUEST		PROG	1629779601613	1629779602137	OK	 
REQUEST		AM / PM	1629779601952	1629779602170	OK	 
REQUEST		PROG	1629779601486	1629779602211	OK	 
USER	Admins	START	1629779602239
REQUEST		PROG	1629779601736	1629779602246	OK	 
USER	Admins	END	1629779602264
USER	Admins	END	1629779602294
USER	Admins	END	1629779602359
REQUEST		AM / PM	1629779602157	1629779602381	OK	 
REQUEST		PROG	1629779601859	1629779602386	OK	 
REQUEST		AM / PM	1629779602157	1629779602392	OK	 
REQUEST		AM / PM	1629779602266	1629779602467	OK	 
REQUEST		PROG	1629779601984	1629779602521	OK	 
REQUEST		AM / PM	1629779602392	1629779602568	OK	 
USER	Admins	END	1629779602577
USER	Admins	END	1629779602621
REQUEST		AM / PM	1629779602539	1629779602729	OK	 
REQUEST		PROG	1629779602239	1629779602798	OK	 
REQUEST		AM / PM	1629779602636	1629779602818	OK	 
USER	Admins	END	1629779602887
REQUEST		PROG	1629779602112	1629779602906	OK	 
USER	Admins	END	1629779602915
USER	Admins	END	1629779602955
REQUEST		AM / PM	1629779602771	1629779602975	OK	 
REQUEST		AM / PM	1629779602912	1629779603089	OK	 
USER	Admins	END	1629779603171
REQUEST		AM / PM	1629779603141	1629779603371	OK	 
USER	Admins	END	1629779603384
USER	Admins	END	1629779603393
REQUEST		AM / PM	1629779603213	1629779603429	OK	 
REQUEST		AM / PM	1629779603249	1629779603449	OK	 
USER	Admins	END	1629779603468
USER	Admins	END	1629779603571
REQUEST		AM / PM	1629779603386	1629779603701	OK	 
USER	Admins	END	1629779603734
REQUEST		AM / PM	1629779603527	1629779603741	OK	 
USER	Admins	END	1629779603821
USER	Admins	END	1629779603976
REQUEST		AM / PM	1629779603800	1629779603990	OK	 
USER	Admins	END	1629779604095
REQUEST		AM / PM	1629779603912	1629779604131	OK	 
USER	Admins	END	1629779604376
USER	Admins	END	1629779604433
USER	Admins	END	1629779604451
USER	Admins	END	1629779604705
USER	Admins	END	1629779604744
USER	Admins	END	1629779604992
USER	Admins	END	1629779605132
REQUEST		PROG	1629779597609	1629779608169	OK	 
REQUEST		AM / PM	1629779609171	1629779609380	OK	 
USER	Admins	END	1629779610385
