RUN	com.gatling.simulations.Mapi	mapi	1629486629408	 	3.5.1
USER	Admins	START	1629486631723
REQUEST		Test	1629486631740	1629486632036	KO	status.find.in(200,201,202,203,204,205,206,207,208,209,304), found 403
USER	Admins	START	1629486637716
REQUEST		Test	1629486637717	1629486638994	KO	status.find.in(200,201,202,203,204,205,206,207,208,209,304), found 403
USER	Admins	END	1629486640131
USER	Admins	START	1629486643716
REQUEST		Test	1629486643716	1629486644845	KO	status.find.in(200,201,202,203,204,205,206,207,208,209,304), found 403
USER	Admins	END	1629486648967
USER	Admins	START	1629486649718
REQUEST		Test	1629486649719	1629486650572	KO	status.find.in(200,201,202,203,204,205,206,207,208,209,304), found 403
USER	Admins	END	1629486653276
USER	Admins	START	1629486655719
REQUEST		Test	1629486655719	1629486656408	KO	status.find.in(200,201,202,203,204,205,206,207,208,209,304), found 403
USER	Admins	END	1629486657863
USER	Admins	START	1629486661718
REQUEST		Test	1629486661719	1629486662098	KO	status.find.in(200,201,202,203,204,205,206,207,208,209,304), found 403
USER	Admins	END	1629486662548
USER	Admins	START	1629486667718
REQUEST		Test	1629486667719	1629486667899	KO	status.find.in(200,201,202,203,204,205,206,207,208,209,304), found 403
USER	Admins	END	1629486671243
USER	Admins	END	1629486673045
USER	Admins	START	1629486673718
REQUEST		Test	1629486673718	1629486674063	KO	status.find.in(200,201,202,203,204,205,206,207,208,209,304), found 403
USER	Admins	END	1629486679279
USER	Admins	START	1629486679718
REQUEST		Test	1629486679719	1629486680809	KO	status.find.in(200,201,202,203,204,205,206,207,208,209,304), found 403
USER	Admins	START	1629486685717
USER	Admins	END	1629486686195
REQUEST		Test	1629486685718	1629486687520	KO	status.find.in(200,201,202,203,204,205,206,207,208,209,304), found 403
USER	Admins	END	1629486694380
