RUN	com.gatling.simulations.Products	products	1633367789212	 	3.5.1
USER	Admins	START	1633367792821
USER	Admins	START	1633367792879
USER	Admins	START	1633367792938
USER	Admins	START	1633367792999
USER	Admins	START	1633367793058
USER	Admins	START	1633367793118
USER	Admins	START	1633367793176
USER	Admins	START	1633367793236
USER	Admins	START	1633367793295
USER	Admins	START	1633367793354
USER	Admins	START	1633367793414
USER	Admins	START	1633367793472
USER	Admins	START	1633367793530
USER	Admins	START	1633367793590
USER	Admins	START	1633367793650
USER	Admins	START	1633367793708
USER	Admins	START	1633367793768
USER	Admins	START	1633367793827
USER	Admins	START	1633367793874
USER	Admins	START	1633367793932
USER	Admins	START	1633367793992
USER	Admins	START	1633367794049
USER	Admins	START	1633367794110
USER	Admins	START	1633367794167
USER	Admins	START	1633367794227
USER	Admins	START	1633367794287
USER	Admins	START	1633367794345
USER	Admins	START	1633367794405
USER	Admins	START	1633367794463
USER	Admins	START	1633367794521
USER	Admins	START	1633367794580
USER	Admins	START	1633367794639
USER	Admins	START	1633367794700
USER	Admins	START	1633367794758
USER	Admins	START	1633367794818
USER	Admins	START	1633367794878
USER	Admins	START	1633367794941
USER	Admins	START	1633367795003
USER	Admins	START	1633367795066
USER	Admins	START	1633367795128
USER	Admins	START	1633367795191
USER	Admins	START	1633367795253
USER	Admins	START	1633367795317
USER	Admins	START	1633367795379
USER	Admins	START	1633367795442
USER	Admins	START	1633367795503
USER	Admins	START	1633367795566
USER	Admins	START	1633367795629
USER	Admins	START	1633367795692
USER	Admins	START	1633367795755
REQUEST		Search-filters	1633367792999	1633367795765	OK	 
REQUEST		Search-filters	1633367792879	1633367795763	OK	 
REQUEST		Search-filters	1633367792843	1633367795770	OK	 
REQUEST		Search-filters	1633367793058	1633367795763	OK	 
REQUEST		Search-filters	1633367792939	1633367795763	OK	 
USER	Admins	START	1633367795818
USER	Admins	START	1633367795873
USER	Admins	START	1633367795933
USER	Admins	START	1633367795991
USER	Admins	START	1633367796050
REQUEST		Search-filters	1633367793176	1633367796109	OK	 
USER	Admins	START	1633367796110
REQUEST		Search-filters	1633367793236	1633367796114	OK	 
REQUEST		Search-filters	1633367793118	1633367796115	OK	 
REQUEST		Search-filters	1633367793414	1633367796134	OK	 
REQUEST		Search-filters	1633367793295	1633367796156	OK	 
USER	Admins	START	1633367796164
REQUEST		Search-filters	1633367793473	1633367796170	OK	 
USER	Admins	START	1633367796227
USER	Admins	START	1633367796286
REQUEST		Search-filters	1633367793354	1633367796296	OK	 
REQUEST		Search-filters	1633367793591	1633367796328	OK	 
USER	Admins	START	1633367796345
REQUEST		Search-filters	1633367793531	1633367796346	OK	 
USER	Admins	START	1633367796403
USER	Admins	START	1633367796464
USER	Admins	START	1633367796523
REQUEST		Search-filters	1633367793650	1633367796559	OK	 
REQUEST		Search-filters	1633367793709	1633367796560	OK	 
REQUEST		Search-filters	1633367793827	1633367796568	OK	 
REQUEST		Search-filters	1633367793768	1633367796568	OK	 
REQUEST		Search-filters	1633367793874	1633367796568	OK	 
USER	Admins	START	1633367796579
USER	Admins	START	1633367796639
REQUEST		Search-filters	1633367793933	1633367796674	OK	 
REQUEST		Search-filters	1633367793992	1633367796676	OK	 
USER	Admins	START	1633367796698
REQUEST		Search-filters	1633367794050	1633367796719	OK	 
REQUEST		Search-filters	1633367794111	1633367796725	OK	 
USER	Admins	START	1633367796758
USER	Admins	START	1633367796813
USER	Admins	START	1633367796873
USER	Admins	START	1633367796932
USER	Admins	START	1633367796993
USER	Admins	START	1633367797052
USER	Admins	START	1633367797110
USER	Admins	START	1633367797168
USER	Admins	START	1633367797224
USER	Admins	START	1633367797282
REQUEST		Search-filters	1633367794168	1633367797297	OK	 
REQUEST		Search-filters	1633367794288	1633367797313	OK	 
USER	Admins	START	1633367797343
REQUEST		Search-filters	1633367794346	1633367797384	OK	 
REQUEST		Search-filters	1633367794405	1633367797399	OK	 
USER	Admins	START	1633367797401
REQUEST		Search-filters	1633367794227	1633367797409	OK	 
REQUEST		Search-filters	1633367794581	1633367797429	OK	 
USER	Admins	START	1633367797464
USER	Admins	START	1633367797523
USER	Admins	START	1633367797577
REQUEST		Search-filters	1633367794464	1633367797587	OK	 
REQUEST		Search-filters	1633367794522	1633367797623	OK	 
REQUEST		Search-filters	1633367794700	1633367797625	OK	 
USER	Admins	START	1633367797638
USER	Admins	START	1633367797695
REQUEST		Search-filters	1633367794639	1633367797708	OK	 
USER	Admins	START	1633367797755
USER	Admins	START	1633367797818
REQUEST		Search-filters	1633367794941	1633367797829	OK	 
USER	Admins	START	1633367797878
REQUEST		Search-filters	1633367794818	1633367797903	OK	 
REQUEST		Search-filters	1633367794759	1633367797904	OK	 
USER	Admins	START	1633367797937
REQUEST		Search-filters	1633367795067	1633367797950	OK	 
USER	Admins	START	1633367798004
USER	Admins	START	1633367798062
REQUEST		Search-filters	1633367794878	1633367798067	OK	 
REQUEST		Search-filters	1633367795129	1633367798107	OK	 
REQUEST		Search-filters	1633367795253	1633367798116	OK	 
USER	Admins	START	1633367798126
REQUEST		Search-filters	1633367795003	1633367798180	OK	 
USER	Admins	START	1633367798191
USER	Admins	START	1633367798255
REQUEST		Search-filters	1633367795192	1633367798273	OK	 
USER	Admins	START	1633367798313
USER	Admins	START	1633367798379
REQUEST		Search-filters	1633367795442	1633367798437	OK	 
USER	Admins	START	1633367798438
REQUEST		Search-filters	1633367795317	1633367798465	OK	 
REQUEST		Search-filters	1633367795380	1633367798468	OK	 
USER	Admins	START	1633367798504
USER	Admins	START	1633367798563
REQUEST		Search-filters	1633367795630	1633367798606	OK	 
REQUEST		Search-filters	1633367795503	1633367798607	OK	 
USER	Admins	START	1633367798627
USER	Admins	START	1633367798692
REQUEST		Search-filters	1633367795692	1633367798737	OK	 
REQUEST		Search-filters	1633367795818	1633367798745	OK	 
USER	Admins	START	1633367798750
REQUEST		Search-filters	1633367795755	1633367798757	OK	 
REQUEST		Search-filters	1633367795567	1633367798759	OK	 
REQUEST		Filtered-products	1633367796790	1633367798773	OK	 
USER	Admins	END	1633367798789
USER	Admins	START	1633367798817
USER	Admins	START	1633367798873
USER	Admins	START	1633367798929
REQUEST		Search-filters	1633367795934	1633367798946	OK	 
REQUEST		Search-filters	1633367795874	1633367798949	OK	 
USER	Admins	START	1633367798994
REQUEST		Search-filters	1633367796051	1633367799036	OK	 
REQUEST		Search-filters	1633367795991	1633367799037	OK	 
REQUEST		Search-filters	1633367796111	1633367799039	OK	 
USER	Admins	START	1633367799046
USER	Admins	START	1633367799110
USER	Admins	START	1633367799166
REQUEST		Search-filters	1633367796166	1633367799170	OK	 
USER	Admins	START	1633367799229
REQUEST		Search-filters	1633367796345	1633367799240	OK	 
USER	Admins	START	1633367799287
USER	Admins	START	1633367799346
REQUEST		Search-filters	1633367796403	1633367799357	OK	 
REQUEST		Search-filters	1633367796227	1633367799372	OK	 
USER	Admins	START	1633367799405
REQUEST		Search-filters	1633367796286	1633367799428	OK	 
USER	Admins	START	1633367799465
REQUEST		Search-filters	1633367796525	1633367799494	OK	 
USER	Admins	START	1633367799522
USER	Admins	START	1633367799584
REQUEST		Search-filters	1633367796579	1633367799602	OK	 
REQUEST		Search-filters	1633367796640	1633367799613	OK	 
USER	Admins	START	1633367799642
REQUEST		Search-filters	1633367796466	1633367799672	OK	 
USER	Admins	START	1633367799701
USER	Admins	START	1633367799758
REQUEST		Search-filters	1633367796700	1633367799794	OK	 
USER	Admins	START	1633367799819
REQUEST		Search-filters	1633367796760	1633367799845	OK	 
USER	Admins	START	1633367799875
REQUEST		Filtered-products	1633367797143	1633367799915	OK	 
USER	Admins	END	1633367799917
USER	Admins	START	1633367799936
REQUEST		Search-filters	1633367796814	1633367799943	OK	 
REQUEST		Search-filters	1633367796873	1633367799945	OK	 
REQUEST		Search-filters	1633367796994	1633367799955	OK	 
USER	Admins	START	1633367799995
USER	Admins	START	1633367800054
REQUEST		Search-filters	1633367797054	1633367800077	OK	 
USER	Admins	START	1633367800112
REQUEST		Search-filters	1633367796933	1633367800165	OK	 
USER	Admins	START	1633367800170
USER	Admins	START	1633367800229
REQUEST		Search-filters	1633367797111	1633367800274	OK	 
USER	Admins	START	1633367800283
USER	Admins	START	1633367800347
USER	Admins	START	1633367800406
REQUEST		Search-filters	1633367797225	1633367800419	OK	 
REQUEST		Search-filters	1633367797169	1633367800440	OK	 
REQUEST		Filtered-products	1633367796790	1633367800442	OK	 
USER	Admins	END	1633367800445
USER	Admins	START	1633367800465
USER	Admins	START	1633367800524
USER	Admins	START	1633367800577
REQUEST		Search-filters	1633367797525	1633367800585	OK	 
REQUEST		Search-filters	1633367797403	1633367800593	OK	 
REQUEST		Search-filters	1633367797282	1633367800594	OK	 
REQUEST		Search-filters	1633367797577	1633367800603	OK	 
USER	Admins	START	1633367800641
USER	Admins	START	1633367800700
REQUEST		Search-filters	1633367797756	1633367800730	OK	 
REQUEST		Filtered-products	1633367796791	1633367800736	OK	 
USER	Admins	END	1633367800739
REQUEST		Search-filters	1633367797465	1633367800741	OK	 
REQUEST		Search-filters	1633367797344	1633367800744	OK	 
REQUEST		Search-filters	1633367797638	1633367800746	OK	 
REQUEST		Filtered-products	1633367797563	1633367800750	OK	 
USER	Admins	END	1633367800751
USER	Admins	START	1633367800759
USER	Admins	START	1633367800819
REQUEST		Search-filters	1633367797938	1633367800831	OK	 
REQUEST		Search-filters	1633367797880	1633367800838	OK	 
REQUEST		Search-filters	1633367797696	1633367800845	OK	 
USER	Admins	START	1633367800878
USER	Admins	START	1633367800942
REQUEST		Search-filters	1633367798005	1633367800993	OK	 
USER	Admins	START	1633367801005
USER	Admins	START	1633367801065
REQUEST		Filtered-products	1633367797164	1633367801107	OK	 
USER	Admins	END	1633367801108
REQUEST		Search-filters	1633367798062	1633367801114	OK	 
USER	Admins	START	1633367801130
REQUEST		Search-filters	1633367798126	1633367801142	OK	 
REQUEST		Search-filters	1633367797821	1633367801145	OK	 
USER	Admins	START	1633367801193
USER	Admins	START	1633367801255
REQUEST		Search-filters	1633367798257	1633367801265	OK	 
REQUEST		Search-filters	1633367798314	1633367801300	OK	 
USER	Admins	START	1633367801318
USER	Admins	START	1633367801380
REQUEST		Search-filters	1633367798381	1633367801427	OK	 
REQUEST		Filtered-products	1633367797563	1633367801431	OK	 
REQUEST		Filtered-products	1633367796791	1633367801431	OK	 
USER	Admins	END	1633367801433
USER	Admins	END	1633367801433
USER	Admins	START	1633367801438
USER	Admins	START	1633367801503
USER	Admins	START	1633367801568
REQUEST		Search-filters	1633367798504	1633367801614	OK	 
REQUEST		Search-filters	1633367798564	1633367801615	OK	 
REQUEST		Search-filters	1633367798628	1633367801617	OK	 
USER	Admins	START	1633367801629
USER	Admins	START	1633367801693
REQUEST		Search-filters	1633367798439	1633367801722	OK	 
REQUEST		Search-filters	1633367798752	1633367801728	OK	 
REQUEST		Search-filters	1633367798696	1633367801731	OK	 
REQUEST		Filtered-products	1633367797116	1633367801741	OK	 
USER	Admins	END	1633367801742
USER	Admins	START	1633367801755
REQUEST		Search-filters	1633367798192	1633367801797	OK	 
USER	Admins	START	1633367801818
REQUEST		Search-filters	1633367798819	1633367801855	OK	 
USER	Admins	START	1633367801874
REQUEST		Filtered-products	1633367797575	1633367801925	OK	 
USER	Admins	END	1633367801925
USER	Admins	START	1633367801932
REQUEST		Search-filters	1633367798995	1633367801966	OK	 
REQUEST		Search-filters	1633367798873	1633367801968	OK	 
USER	Admins	START	1633367801991
USER	Admins	START	1633367802051
REQUEST		Search-filters	1633367798929	1633367802065	OK	 
USER	Admins	START	1633367802110
USER	Admins	START	1633367802167
REQUEST		Filtered-products	1633367797336	1633367802188	OK	 
USER	Admins	END	1633367802188
USER	Admins	START	1633367802226
REQUEST		Search-filters	1633367799047	1633367802251	OK	 
REQUEST		Search-filters	1633367799110	1633367802253	OK	 
USER	Admins	START	1633367802285
USER	Admins	START	1633367802347
REQUEST		Search-filters	1633367799230	1633367802353	OK	 
REQUEST		Search-filters	1633367799168	1633367802362	OK	 
REQUEST		Search-filters	1633367799289	1633367802364	OK	 
REQUEST		Search-filters	1633367799347	1633367802375	OK	 
USER	Admins	START	1633367802404
REQUEST		Search-filters	1633367799406	1633367802452	OK	 
REQUEST		Search-filters	1633367799465	1633367802455	OK	 
USER	Admins	START	1633367802463
USER	Admins	START	1633367802521
USER	Admins	START	1633367802580
USER	Admins	START	1633367802640
REQUEST		Search-filters	1633367799523	1633367802672	OK	 
USER	Admins	START	1633367802700
USER	Admins	START	1633367802757
REQUEST		Filtered-products	1633367797727	1633367802797	OK	 
USER	Admins	END	1633367802798
REQUEST		Filtered-products	1633367798420	1633367802800	OK	 
USER	Admins	END	1633367802801
USER	Admins	START	1633367802817
USER	Admins	START	1633367802872
REQUEST		Filtered-products	1633367797575	1633367802928	OK	 
USER	Admins	END	1633367802928
USER	Admins	START	1633367802931
USER	Admins	START	1633367802991
USER	Admins	START	1633367803050
USER	Admins	START	1633367803108
USER	Admins	START	1633367803167
USER	Admins	START	1633367803224
USER	Admins	START	1633367803285
USER	Admins	START	1633367803343
USER	Admins	START	1633367803404
USER	Admins	START	1633367803462
USER	Admins	START	1633367803522
USER	Admins	START	1633367803580
USER	Admins	START	1633367803639
REQUEST		Filtered-products	1633367797306	1633367803653	OK	 
USER	Admins	END	1633367803656
USER	Admins	START	1633367803698
USER	Admins	START	1633367803757
USER	Admins	START	1633367803816
USER	Admins	START	1633367803878
USER	Admins	START	1633367803940
USER	Admins	START	1633367804003
USER	Admins	START	1633367804067
USER	Admins	START	1633367804127
USER	Admins	START	1633367804190
USER	Admins	START	1633367804253
USER	Admins	START	1633367804316
USER	Admins	START	1633367804379
USER	Admins	START	1633367804441
USER	Admins	START	1633367804504
USER	Admins	START	1633367804566
REQUEST		Filtered-products	1633367799447	1633367804586	OK	 
USER	Admins	END	1633367804586
USER	Admins	START	1633367804627
USER	Admins	START	1633367804691
REQUEST		Filtered-products	1633367797122	1633367804728	OK	 
USER	Admins	END	1633367804729
USER	Admins	START	1633367804753
USER	Admins	START	1633367804816
REQUEST		Filtered-products	1633367799110	1633367804835	OK	 
USER	Admins	END	1633367804837
REQUEST		Filtered-products	1633367797124	1633367804838	OK	 
USER	Admins	END	1633367804839
USER	Admins	START	1633367804869
USER	Admins	START	1633367804932
USER	Admins	START	1633367804993
USER	Admins	START	1633367805050
USER	Admins	START	1633367805109
USER	Admins	START	1633367805166
USER	Admins	START	1633367805225
USER	Admins	START	1633367805286
USER	Admins	START	1633367805343
USER	Admins	START	1633367805404
USER	Admins	START	1633367805462
USER	Admins	START	1633367805521
USER	Admins	START	1633367805581
USER	Admins	START	1633367805639
REQUEST		Filtered-products	1633367798300	1633367805679	OK	 
USER	Admins	END	1633367805680
REQUEST		Filtered-products	1633367799471	1633367805681	OK	 
USER	Admins	END	1633367805682
USER	Admins	START	1633367805696
USER	Admins	START	1633367805756
USER	Admins	START	1633367805816
USER	Admins	START	1633367805875
USER	Admins	START	1633367805932
USER	Admins	START	1633367805997
USER	Admins	START	1633367806051
USER	Admins	START	1633367806110
USER	Admins	START	1633367806168
USER	Admins	START	1633367806228
USER	Admins	START	1633367806287
USER	Admins	START	1633367806345
USER	Admins	START	1633367806404
REQUEST		Filtered-products	1633367799952	1633367806439	OK	 
USER	Admins	END	1633367806441
USER	Admins	START	1633367806464
USER	Admins	START	1633367806523
USER	Admins	START	1633367806582
USER	Admins	START	1633367806641
USER	Admins	START	1633367806694
USER	Admins	START	1633367806756
REQUEST		Filtered-products	1633367799955	1633367806775	OK	 
USER	Admins	END	1633367806776
USER	Admins	START	1633367806815
USER	Admins	START	1633367806873
REQUEST		Filtered-products	1633367797683	1633367806916	OK	 
USER	Admins	END	1633367806916
USER	Admins	START	1633367806932
USER	Admins	START	1633367806992
REQUEST		Filtered-products	1633367798717	1633367807019	OK	 
USER	Admins	END	1633367807022
USER	Admins	START	1633367807051
USER	Admins	START	1633367807110
REQUEST		Filtered-products	1633367798395	1633367807121	OK	 
USER	Admins	END	1633367807126
USER	Admins	START	1633367807169
USER	Admins	START	1633367807223
USER	Admins	START	1633367807287
USER	Admins	START	1633367807342
USER	Admins	START	1633367807403
USER	Admins	START	1633367807460
REQUEST		Filtered-products	1633367798408	1633367807494	OK	 
USER	Admins	END	1633367807497
USER	Admins	START	1633367807521
USER	Admins	START	1633367807580
USER	Admins	START	1633367807639
REQUEST		Filtered-products	1633367800680	1633367807694	OK	 
USER	Admins	END	1633367807695
USER	Admins	START	1633367807700
REQUEST		Filtered-products	1633367798907	1633367807704	OK	 
USER	Admins	END	1633367807705
REQUEST		Filtered-products	1633367798954	1633367807710	OK	 
USER	Admins	END	1633367807712
USER	Admins	START	1633367807759
USER	Admins	START	1633367807813
USER	Admins	START	1633367807879
USER	Admins	START	1633367807942
USER	Admins	START	1633367808007
USER	Admins	START	1633367808070
REQUEST		Filtered-products	1633367800178	1633367808112	OK	 
USER	Admins	END	1633367808113
USER	Admins	START	1633367808128
REQUEST		Filtered-products	1633367801282	1633367808181	OK	 
USER	Admins	END	1633367808184
USER	Admins	START	1633367808186
USER	Admins	START	1633367808251
REQUEST		Filtered-products	1633367797178	1633367808294	OK	 
USER	Admins	END	1633367808295
USER	Admins	START	1633367808315
REQUEST		Filtered-products	1633367797575	1633367808372	OK	 
USER	Admins	END	1633367808372
USER	Admins	START	1633367808376
USER	Admins	START	1633367808442
USER	Admins	START	1633367808503
REQUEST		Filtered-products	1633367798318	1633367808527	OK	 
USER	Admins	END	1633367808528
USER	Admins	START	1633367808562
REQUEST		Filtered-products	1633367796790	1633367808572	OK	 
USER	Admins	END	1633367808573
USER	Admins	START	1633367808629
USER	Admins	START	1633367808691
USER	Admins	START	1633367808751
USER	Admins	START	1633367808815
REQUEST		Filtered-products	1633367800951	1633367808833	OK	 
USER	Admins	END	1633367808835
REQUEST		Filtered-products	1633367801592	1633367808846	OK	 
USER	Admins	END	1633367808849
REQUEST		Filtered-products	1633367797733	1633367808851	OK	 
USER	Admins	END	1633367808854
REQUEST		Filtered-products	1633367797680	1633367808857	OK	 
REQUEST		Filtered-products	1633367797351	1633367808858	OK	 
USER	Admins	END	1633367808858
USER	Admins	END	1633367808859
USER	Admins	START	1633367808870
USER	Admins	START	1633367808932
USER	Admins	START	1633367808995
REQUEST		Filtered-products	1633367799187	1633367809012	OK	 
USER	Admins	END	1633367809014
USER	Admins	START	1633367809051
REQUEST		Filtered-products	1633367802619	1633367809081	OK	 
USER	Admins	END	1633367809083
REQUEST		Filtered-products	1633367799612	1633367809090	OK	 
USER	Admins	END	1633367809091
USER	Admins	START	1633367809107
REQUEST		Filtered-products	1633367798631	1633367809166	OK	 
USER	Admins	END	1633367809167
USER	Admins	START	1633367809169
REQUEST		Search-filters	1633367801818	1633367809229	OK	 
REQUEST		Search-filters	1633367803941	1633367809229	OK	 
REQUEST		Search-filters	1633367802872	1633367809229	OK	 
USER	Admins	START	1633367809229
REQUEST		Search-filters	1633367800700	1633367809244	OK	 
REQUEST		Search-filters	1633367801755	1633367809244	OK	 
REQUEST		Filtered-products	1633367799118	1633367809247	OK	 
USER	Admins	END	1633367809248
USER	Admins	START	1633367809287
REQUEST		Search-filters	1633367806168	1633367809335	OK	 
REQUEST		Search-filters	1633367804003	1633367809338	OK	 
REQUEST		Search-filters	1633367804994	1633367809338	OK	 
REQUEST		Search-filters	1633367800759	1633367809340	OK	 
USER	Admins	START	1633367809345
REQUEST		Search-filters	1633367801874	1633367809402	OK	 
USER	Admins	START	1633367809405
REQUEST		Search-filters	1633367800819	1633367809417	OK	 
REQUEST		Search-filters	1633367805167	1633367809465	OK	 
USER	Admins	START	1633367809464
REQUEST		Search-filters	1633367802991	1633367809466	OK	 
REQUEST		Search-filters	1633367806111	1633367809470	OK	 
REQUEST		Search-filters	1633367800879	1633367809470	OK	 
REQUEST		Filtered-products	1633367802116	1633367809471	OK	 
USER	Admins	END	1633367809473
REQUEST		Filtered-products	1633367799747	1633367809481	OK	 
USER	Admins	END	1633367809483
REQUEST		Search-filters	1633367804068	1633367809484	OK	 
REQUEST		Search-filters	1633367804128	1633367809486	OK	 
REQUEST		Search-filters	1633367805051	1633367809489	OK	 
REQUEST		Search-filters	1633367806345	1633367809491	OK	 
REQUEST		Search-filters	1633367805286	1633367809493	OK	 
REQUEST		Filtered-products	1633367801746	1633367809497	OK	 
USER	Admins	END	1633367809498
REQUEST		Filtered-products	1633367800044	1633367809498	OK	 
USER	Admins	END	1633367809498
REQUEST		Filtered-products	1633367802434	1633367809502	OK	 
USER	Admins	END	1633367809503
REQUEST		Search-filters	1633367802932	1633367809517	OK	 
REQUEST		Search-filters	1633367806288	1633367809519	OK	 
REQUEST		Search-filters	1633367801933	1633367809519	OK	 
REQUEST		Search-filters	1633367806404	1633367809520	OK	 
REQUEST		Search-filters	1633367802112	1633367809522	OK	 
USER	Admins	START	1633367809521
REQUEST		Search-filters	1633367805226	1633367809556	OK	 
REQUEST		Search-filters	1633367805109	1633367809561	OK	 
USER	Admins	START	1633367809582
USER	Admins	START	1633367809639
REQUEST		Search-filters	1633367804253	1633367809696	OK	 
USER	Admins	START	1633367809698
USER	Admins	START	1633367809758
REQUEST		Search-filters	1633367801066	1633367809769	OK	 
REQUEST		Search-filters	1633367806464	1633367809781	OK	 
REQUEST		Search-filters	1633367802052	1633367809783	OK	 
REQUEST		Filtered-products	1633367798594	1633367809784	OK	 
USER	Admins	END	1633367809786
REQUEST		Filtered-products	1633367800803	1633367809789	OK	 
USER	Admins	END	1633367809794
REQUEST		Search-filters	1633367801991	1633367809808	OK	 
REQUEST		Search-filters	1633367801006	1633367809811	OK	 
USER	Admins	START	1633367809813
REQUEST		Search-filters	1633367803225	1633367809818	OK	 
REQUEST		Search-filters	1633367803050	1633367809821	OK	 
REQUEST		Filtered-products	1633367800364	1633367809823	OK	 
USER	Admins	END	1633367809824
REQUEST		Filtered-products	1633367802974	1633367809828	OK	 
USER	Admins	END	1633367809829
REQUEST		Search-filters	1633367806229	1633367809837	OK	 
REQUEST		Search-filters	1633367800943	1633367809858	OK	 
USER	Admins	START	1633367809875
REQUEST		Search-filters	1633367803108	1633367809881	OK	 
REQUEST		Search-filters	1633367804190	1633367809900	OK	 
USER	Admins	START	1633367809942
REQUEST		Search-filters	1633367802227	1633367809964	OK	 
REQUEST		Search-filters	1633367804317	1633367809965	OK	 
REQUEST		Filtered-products	1633367799764	1633367810025	OK	 
USER	Admins	END	1633367810027
USER	Admins	START	1633367810028
REQUEST		Filtered-products	1633367801838	1633367810071	OK	 
USER	Admins	END	1633367810073
REQUEST		Filtered-products	1633367799613	1633367810100	OK	 
REQUEST		Search-filters	1633367805344	1633367810099	OK	 
REQUEST		Search-filters	1633367803167	1633367810114	OK	 
USER	Admins	START	1633367810110
USER	Admins	END	1633367810108
REQUEST		Search-filters	1633367804380	1633367810118	OK	 
REQUEST		Search-filters	1633367803343	1633367810119	OK	 
REQUEST		Search-filters	1633367806582	1633367810119	OK	 
REQUEST		Search-filters	1633367805521	1633367810122	OK	 
REQUEST		Filtered-products	1633367798907	1633367810123	OK	 
USER	Admins	START	1633367810126
USER	Admins	END	1633367810135
REQUEST		Search-filters	1633367802286	1633367810195	OK	 
USER	Admins	START	1633367810198
REQUEST		Filtered-products	1633367798834	1633367810239	OK	 
USER	Admins	END	1633367810244
USER	Admins	START	1633367810253
USER	Admins	START	1633367810316
REQUEST		Filtered-products	1633367800434	1633367810338	OK	 
USER	Admins	END	1633367810341
REQUEST		Search-filters	1633367804442	1633367810341	OK	 
REQUEST		Search-filters	1633367804566	1633367810345	OK	 
USER	Admins	START	1633367810378
REQUEST		Search-filters	1633367799703	1633367810353	KO	i.n.h.s.SslHandshakeTimeoutException: handshake timed out after 10000ms
REQUEST		Search-filters	1633367801439	1633367810402	OK	 
REQUEST		Filtered-products	1633367800045	1633367810429	OK	 
USER	Admins	END	1633367810432
USER	Admins	START	1633367810437
REQUEST		Search-filters	1633367799759	1633367810448	KO	i.n.h.s.SslHandshakeTimeoutException: handshake timed out after 10000ms
REQUEST		Search-filters	1633367805639	1633367810449	OK	 
REQUEST		Search-filters	1633367805583	1633367810449	OK	 
REQUEST		Search-filters	1633367806816	1633367810450	OK	 
REQUEST		Search-filters	1633367806993	1633367810451	OK	 
REQUEST		Search-filters	1633367799821	1633367810477	KO	i.n.h.s.SslHandshakeTimeoutException: handshake timed out after 10000ms
REQUEST		Search-filters	1633367805876	1633367810491	OK	 
USER	Admins	START	1633367810503
REQUEST		Search-filters	1633367801381	1633367810521	OK	 
REQUEST		Search-filters	1633367801569	1633367810523	OK	 
REQUEST		Search-filters	1633367802404	1633367810525	OK	 
REQUEST		Filtered-products	1633367799765	1633367810532	OK	 
USER	Admins	END	1633367810533
REQUEST		Search-filters	1633367804816	1633367810534	OK	 
REQUEST		Filtered-products	1633367798431	1633367810538	OK	 
USER	Admins	END	1633367810539
REQUEST		Filtered-products	1633367801169	1633367810540	OK	 
USER	Admins	END	1633367810541
USER	Admins	START	1633367810571
REQUEST		Search-filters	1633367799937	1633367810575	KO	i.n.h.s.SslHandshakeTimeoutException: handshake timed out after 10000ms
REQUEST		Search-filters	1633367802521	1633367810615	OK	 
REQUEST		Search-filters	1633367806642	1633367810621	OK	 
REQUEST		Search-filters	1633367803285	1633367810626	OK	 
USER	Admins	START	1633367810626
REQUEST		Search-filters	1633367802463	1633367810632	OK	 
REQUEST		Search-filters	1633367803758	1633367810633	OK	 
REQUEST		Search-filters	1633367806757	1633367810634	OK	 
REQUEST		Search-filters	1633367806694	1633367810635	OK	 
REQUEST		Search-filters	1633367805817	1633367810636	OK	 
REQUEST		Search-filters	1633367803405	1633367810640	OK	 
REQUEST		Search-filters	1633367803580	1633367810640	OK	 
REQUEST		Filtered-products	1633367799074	1633367810640	OK	 
USER	Admins	END	1633367810641
REQUEST		Search-filters	1633367805462	1633367810645	OK	 
REQUEST		Search-filters	1633367801319	1633367810647	OK	 
REQUEST		Search-filters	1633367801131	1633367810648	OK	 
REQUEST		Filtered-products	1633367800045	1633367810661	OK	 
USER	Admins	END	1633367810662
REQUEST		Search-filters	1633367805696	1633367810670	OK	 
USER	Admins	START	1633367810690
REQUEST		Filtered-products	1633367798631	1633367810740	OK	 
USER	Admins	END	1633367810741
USER	Admins	START	1633367810749
REQUEST		Filtered-products	1633367800246	1633367810768	OK	 
USER	Admins	END	1633367810772
USER	Admins	START	1633367810815
REQUEST		Filtered-products	1633367799280	1633367810842	OK	 
USER	Admins	END	1633367810843
REQUEST		Search-filters	1633367805932	1633367810856	OK	 
REQUEST		Search-filters	1633367803524	1633367810856	OK	 
REQUEST		Search-filters	1633367806524	1633367810856	OK	 
REQUEST		Search-filters	1633367805405	1633367810856	OK	 
REQUEST		Search-filters	1633367804504	1633367810857	OK	 
REQUEST		Search-filters	1633367804627	1633367810857	OK	 
REQUEST		Search-filters	1633367801256	1633367810857	OK	 
REQUEST		Search-filters	1633367803640	1633367810858	OK	 
REQUEST		Search-filters	1633367803463	1633367810859	OK	 
REQUEST		Search-filters	1633367801194	1633367810860	OK	 
REQUEST		Search-filters	1633367802640	1633367810861	OK	 
REQUEST		Search-filters	1633367802582	1633367810861	OK	 
REQUEST		Filtered-products	1633367800501	1633367810861	OK	 
USER	Admins	END	1633367810862
REQUEST		Search-filters	1633367802167	1633367810863	OK	 
REQUEST		Search-filters	1633367804691	1633367810863	OK	 
REQUEST		Search-filters	1633367803698	1633367810864	OK	 
REQUEST		Search-filters	1633367805757	1633367810864	OK	 
REQUEST		Search-filters	1633367806874	1633367810865	OK	 
REQUEST		Search-filters	1633367806933	1633367810867	OK	 
USER	Admins	START	1633367810869
REQUEST		Search-filters	1633367802349	1633367810871	OK	 
REQUEST		Search-filters	1633367807111	1633367810906	OK	 
REQUEST		Search-filters	1633367807052	1633367810910	OK	 
REQUEST		Search-filters	1633367802701	1633367810912	OK	 
USER	Admins	START	1633367810931
USER	Admins	START	1633367810991
REQUEST		Filtered-products	1633367801084	1633367810998	OK	 
USER	Admins	END	1633367811002
REQUEST		Search-filters	1633367801503	1633367811042	OK	 
USER	Admins	START	1633367811051
USER	Admins	START	1633367811107
REQUEST		Search-filters	1633367803878	1633367811133	OK	 
REQUEST		Filtered-products	1633367800608	1633367811152	OK	 
USER	Admins	END	1633367811154
REQUEST		Search-filters	1633367804932	1633367811154	OK	 
REQUEST		Search-filters	1633367802817	1633367811155	OK	 
REQUEST		Search-filters	1633367801694	1633367811156	OK	 
REQUEST		Search-filters	1633367807224	1633367811160	OK	 
REQUEST		Search-filters	1633367807814	1633367811168	OK	 
USER	Admins	START	1633367811167
REQUEST		Search-filters	1633367807880	1633367811177	OK	 
REQUEST		Search-filters	1633367805997	1633367811194	OK	 
REQUEST		Search-filters	1633367804753	1633367811196	OK	 
REQUEST		Search-filters	1633367807701	1633367811202	OK	 
REQUEST		Search-filters	1633367800230	1633367811203	OK	 
REQUEST		Search-filters	1633367807342	1633367811204	OK	 
REQUEST		Search-filters	1633367801629	1633367811206	OK	 
REQUEST		Search-filters	1633367807580	1633367811206	OK	 
REQUEST		Search-filters	1633367807522	1633367811215	OK	 
REQUEST		Search-filters	1633367803817	1633367811216	OK	 
REQUEST		Search-filters	1633367807461	1633367811216	OK	 
USER	Admins	START	1633367811224
REQUEST		Search-filters	1633367806051	1633367811243	OK	 
REQUEST		Search-filters	1633367807639	1633367811267	OK	 
USER	Admins	START	1633367811287
REQUEST		Filtered-products	1633367802152	1633367811301	OK	 
USER	Admins	END	1633367811306
REQUEST		Search-filters	1633367807169	1633367811316	OK	 
REQUEST		Search-filters	1633367802758	1633367811316	OK	 
REQUEST		Search-filters	1633367804869	1633367811318	OK	 
REQUEST		Search-filters	1633367800348	1633367811320	OK	 
REQUEST		Search-filters	1633367800113	1633367811322	OK	 
REQUEST		Filtered-products	1633367801599	1633367811323	OK	 
REQUEST		Search-filters	1633367807760	1633367811324	OK	 
USER	Admins	END	1633367811324
REQUEST		Search-filters	1633367800171	1633367811326	OK	 
REQUEST		Search-filters	1633367808008	1633367811334	OK	 
REQUEST		Search-filters	1633367807287	1633367811338	OK	 
REQUEST		Filtered-products	1633367801609	1633367811341	OK	 
REQUEST		Search-filters	1633367807942	1633367811342	OK	 
USER	Admins	END	1633367811343
USER	Admins	START	1633367811341
REQUEST		Search-filters	1633367807404	1633367811343	OK	 
REQUEST		Search-filters	1633367800284	1633367811349	OK	 
REQUEST		Search-filters	1633367808129	1633367811359	OK	 
USER	Admins	START	1633367811404
REQUEST		Search-filters	1633367800465	1633367811413	OK	 
REQUEST		Search-filters	1633367808070	1633367811421	OK	 
USER	Admins	START	1633367811460
REQUEST		Filtered-products	1633367800963	1633367811500	OK	 
USER	Admins	END	1633367811501
REQUEST		Search-filters	1633367800525	1633367811518	OK	 
REQUEST		Search-filters	1633367808187	1633367811520	OK	 
USER	Admins	START	1633367811521
USER	Admins	START	1633367811579
REQUEST		Filtered-products	1633367801750	1633367811638	OK	 
USER	Admins	END	1633367811638
USER	Admins	START	1633367811639
REQUEST		Search-filters	1633367800407	1633367811663	OK	 
USER	Admins	START	1633367811698
USER	Admins	START	1633367811757
USER	Admins	START	1633367811816
REQUEST		Search-filters	1633367800577	1633367811826	OK	 
REQUEST		Search-filters	1633367808315	1633367811827	OK	 
USER	Admins	START	1633367811875
USER	Admins	START	1633367811930
REQUEST		Search-filters	1633367808442	1633367811943	OK	 
REQUEST		Search-filters	1633367808563	1633367811947	OK	 
REQUEST		Search-filters	1633367799586	1633367811948	OK	 
REQUEST		Search-filters	1633367808376	1633367811950	OK	 
REQUEST		Search-filters	1633367800642	1633367811950	OK	 
REQUEST		Search-filters	1633367808504	1633367811951	OK	 
USER	Admins	START	1633367811992
REQUEST		Filtered-products	1633367802272	1633367812014	OK	 
USER	Admins	END	1633367812017
REQUEST		Filtered-products	1633367799475	1633367812032	OK	 
USER	Admins	END	1633367812035
REQUEST		Search-filters	1633367808630	1633367812037	OK	 
REQUEST		Search-filters	1633367808692	1633367812039	OK	 
REQUEST		Search-filters	1633367808252	1633367812040	OK	 
REQUEST		Search-filters	1633367808753	1633367812040	OK	 
USER	Admins	START	1633367812052
USER	Admins	START	1633367812110
REQUEST		Search-filters	1633367808870	1633367812157	OK	 
REQUEST		Search-filters	1633367799643	1633367812160	OK	 
REQUEST		Search-filters	1633367808932	1633367812164	OK	 
USER	Admins	START	1633367812168
REQUEST		Search-filters	1633367808816	1633367812197	OK	 
USER	Admins	START	1633367812227
REQUEST		Search-filters	1633367799995	1633367812277	OK	 
REQUEST		Filtered-products	1633367800954	1633367812278	OK	 
USER	Admins	END	1633367812279
REQUEST		Search-filters	1633367800055	1633367812280	OK	 
USER	Admins	START	1633367812286
REQUEST		Search-filters	1633367808996	1633367812331	OK	 
USER	Admins	START	1633367812345
USER	Admins	START	1633367812404
REQUEST		Search-filters	1633367809052	1633367812423	OK	 
USER	Admins	START	1633367812462
REQUEST		Filtered-products	1633367800381	1633367812465	OK	 
USER	Admins	END	1633367812466
USER	Admins	START	1633367812521
REQUEST		Filtered-products	1633367802733	1633367812579	OK	 
USER	Admins	END	1633367812580
USER	Admins	START	1633367812579
REQUEST		Filtered-products	1633367802621	1633367812619	OK	 
USER	Admins	END	1633367812620
REQUEST		Filtered-products	1633367802307	1633367812620	OK	 
USER	Admins	END	1633367812621
USER	Admins	START	1633367812639
USER	Admins	START	1633367812698
REQUEST		Search-filters	1633367809107	1633367812756	OK	 
USER	Admins	START	1633367812760
REQUEST		Search-filters	1633367809169	1633367812801	OK	 
USER	Admins	START	1633367812816
REQUEST		Search-filters	1633367809288	1633367812841	OK	 
REQUEST		Search-filters	1633367809465	1633367812869	OK	 
REQUEST		Filtered-products	1633367801999	1633367812869	OK	 
USER	Admins	END	1633367812870
REQUEST		Search-filters	1633367809522	1633367812870	OK	 
USER	Admins	START	1633367812877
REQUEST		Search-filters	1633367809583	1633367812922	OK	 
REQUEST		Search-filters	1633367809229	1633367812927	OK	 
USER	Admins	START	1633367812936
USER	Admins	START	1633367813003
USER	Admins	START	1633367813060
REQUEST		Filtered-products	1633367799752	1633367813061	OK	 
USER	Admins	END	1633367813063
REQUEST		Search-filters	1633367809405	1633367813088	OK	 
REQUEST		Search-filters	1633367809346	1633367813090	OK	 
REQUEST		Search-filters	1633367809640	1633367813090	OK	 
REQUEST		Search-filters	1633367809698	1633367813092	OK	 
USER	Admins	START	1633367813127
USER	Admins	START	1633367813191
USER	Admins	START	1633367813252
USER	Admins	START	1633367813316
REQUEST		Search-filters	1633367809875	1633367813331	OK	 
REQUEST		Search-filters	1633367809814	1633367813342	OK	 
USER	Admins	START	1633367813378
REQUEST		Search-filters	1633367799876	1633367813435	OK	 
REQUEST		Search-filters	1633367809758	1633367813435	OK	 
REQUEST		Search-filters	1633367809942	1633367813441	OK	 
USER	Admins	START	1633367813440
REQUEST		Search-filters	1633367810113	1633367813457	OK	 
REQUEST		Search-filters	1633367810198	1633367813498	OK	 
USER	Admins	START	1633367813510
REQUEST		Filtered-products	1633367802623	1633367813554	OK	 
REQUEST		Search-filters	1633367810254	1633367813556	OK	 
REQUEST		Search-filters	1633367810028	1633367813555	OK	 
USER	Admins	END	1633367813558
USER	Admins	START	1633367813565
REQUEST		Filtered-products	1633367803259	1633367813578	OK	 
USER	Admins	END	1633367813580
REQUEST		Search-filters	1633367810317	1633367813583	OK	 
REQUEST		Search-filters	1633367810126	1633367813589	OK	 
REQUEST		Search-filters	1633367810378	1633367813589	OK	 
USER	Admins	START	1633367813628
USER	Admins	START	1633367813692
REQUEST		Filtered-products	1633367801751	1633367813722	OK	 
REQUEST		Search-filters	1633367810443	1633367813724	OK	 
USER	Admins	END	1633367813726
USER	Admins	START	1633367813753
REQUEST		Search-filters	1633367810503	1633367813757	OK	 
USER	Admins	START	1633367813816
REQUEST		Search-filters	1633367810691	1633367813845	OK	 
REQUEST		Search-filters	1633367810626	1633367813845	OK	 
REQUEST		Search-filters	1633367810572	1633367813846	OK	 
USER	Admins	START	1633367813873
USER	Admins	START	1633367813933
USER	Admins	START	1633367813988
USER	Admins	START	1633367814046
USER	Admins	START	1633367814106
REQUEST		Search-filters	1633367810749	1633367814145	OK	 
REQUEST		Filtered-products	1633367803679	1633367814161	OK	 
USER	Admins	END	1633367814162
USER	Admins	START	1633367814164
REQUEST		Search-filters	1633367810815	1633367814170	OK	 
USER	Admins	START	1633367814224
USER	Admins	START	1633367814283
REQUEST		Search-filters	1633367811107	1633367814295	OK	 
REQUEST		Search-filters	1633367810870	1633367814296	OK	 
REQUEST		Search-filters	1633367811051	1633367814298	OK	 
REQUEST		Search-filters	1633367810931	1633367814299	OK	 
REQUEST		Search-filters	1633367810991	1633367814304	OK	 
REQUEST		Search-filters	1633367811168	1633367814313	OK	 
USER	Admins	START	1633367814342
USER	Admins	START	1633367814401
REQUEST		Filtered-products	1633367801852	1633367814433	OK	 
USER	Admins	END	1633367814433
REQUEST		Search-filters	1633367811225	1633367814444	OK	 
USER	Admins	START	1633367814463
REQUEST		Search-filters	1633367811287	1633367814520	OK	 
USER	Admins	START	1633367814521
REQUEST		Search-filters	1633367811342	1633367814524	OK	 
REQUEST		Filtered-products	1633367800852	1633367814527	OK	 
USER	Admins	END	1633367814527
USER	Admins	START	1633367814577
USER	Admins	START	1633367814635
REQUEST		Search-filters	1633367811461	1633367814688	OK	 
REQUEST		Search-filters	1633367811521	1633367814695	OK	 
USER	Admins	START	1633367814695
REQUEST		Search-filters	1633367811404	1633367814696	OK	 
REQUEST		Search-filters	1633367811639	1633367814730	OK	 
REQUEST		Search-filters	1633367811579	1633367814732	OK	 
REQUEST		Filtered-products	1633367802862	1633367814738	OK	 
USER	Admins	END	1633367814739
USER	Admins	START	1633367814755
USER	Admins	START	1633367814813
REQUEST		Filtered-products	1633367803360	1633367814864	OK	 
USER	Admins	END	1633367814865
USER	Admins	START	1633367814871
REQUEST		Search-filters	1633367811757	1633367814922	OK	 
USER	Admins	START	1633367814929
REQUEST		Search-filters	1633367811698	1633367814963	OK	 
REQUEST		Search-filters	1633367811816	1633367814965	OK	 
USER	Admins	START	1633367814989
REQUEST		Search-filters	1633367811876	1633367815020	OK	 
REQUEST		Search-filters	1633367811992	1633367815021	OK	 
USER	Admins	START	1633367815047
USER	Admins	START	1633367815106
USER	Admins	START	1633367815168
USER	Admins	START	1633367815224
USER	Admins	START	1633367815284
REQUEST		Filtered-products	1633367801736	1633367815313	OK	 
USER	Admins	END	1633367815313
USER	Admins	START	1633367815341
REQUEST		Search-filters	1633367811931	1633367815370	OK	 
REQUEST		Search-filters	1633367812168	1633367815372	OK	 
REQUEST		Search-filters	1633367812052	1633367815372	OK	 
REQUEST		Search-filters	1633367812110	1633367815373	OK	 
USER	Admins	START	1633367815404
REQUEST		Filtered-products	1633367801428	1633367815405	OK	 
USER	Admins	END	1633367815405
REQUEST		Filtered-products	1633367801442	1633367815446	OK	 
USER	Admins	END	1633367815448
USER	Admins	START	1633367815459
REQUEST		Search-filters	1633367812287	1633367815478	OK	 
REQUEST		Search-filters	1633367812227	1633367815520	OK	 
USER	Admins	START	1633367815520
USER	Admins	START	1633367815577
USER	Admins	START	1633367815637
REQUEST		Search-filters	1633367812346	1633367815649	OK	 
REQUEST		Search-filters	1633367812579	1633367815672	OK	 
REQUEST		Search-filters	1633367812521	1633367815674	OK	 
USER	Admins	START	1633367815695
REQUEST		Search-filters	1633367812463	1633367815720	OK	 
REQUEST		Filtered-products	1633367800620	1633367815722	OK	 
USER	Admins	END	1633367815723
USER	Admins	START	1633367815758
REQUEST		Search-filters	1633367812404	1633367815802	OK	 
USER	Admins	START	1633367815816
REQUEST		Search-filters	1633367812640	1633367815842	OK	 
USER	Admins	START	1633367815877
REQUEST		Search-filters	1633367812817	1633367815919	OK	 
REQUEST		Search-filters	1633367812936	1633367815923	OK	 
REQUEST		Search-filters	1633367812878	1633367815924	OK	 
USER	Admins	START	1633367815940
REQUEST		Search-filters	1633367812761	1633367815954	OK	 
REQUEST		Search-filters	1633367812698	1633367815961	OK	 
REQUEST		Search-filters	1633367813003	1633367815963	OK	 
USER	Admins	START	1633367816002
USER	Admins	START	1633367816065
REQUEST		Filtered-products	1633367802737	1633367816088	OK	 
USER	Admins	END	1633367816090
USER	Admins	START	1633367816127
REQUEST		Search-filters	1633367813061	1633367816177	OK	 
USER	Admins	START	1633367816187
REQUEST		Search-filters	1633367813253	1633367816192	OK	 
REQUEST		Search-filters	1633367813191	1633367816195	OK	 
REQUEST		Search-filters	1633367813128	1633367816198	OK	 
USER	Admins	START	1633367816253
USER	Admins	START	1633367816315
USER	Admins	START	1633367816374
USER	Admins	START	1633367816442
USER	Admins	START	1633367816503
USER	Admins	START	1633367816565
USER	Admins	START	1633367816628
REQUEST		Search-filters	1633367813510	1633367816666	OK	 
REQUEST		Search-filters	1633367813441	1633367816668	OK	 
REQUEST		Search-filters	1633367813566	1633367816685	OK	 
REQUEST		Search-filters	1633367813379	1633367816687	OK	 
USER	Admins	START	1633367816691
USER	Admins	START	1633367816753
REQUEST		Search-filters	1633367813317	1633367816755	OK	 
REQUEST		Search-filters	1633367813628	1633367816804	OK	 
USER	Admins	START	1633367816816
REQUEST		Search-filters	1633367813693	1633367816817	OK	 
REQUEST		Search-filters	1633367813816	1633367816818	OK	 
USER	Admins	START	1633367816875
REQUEST		Search-filters	1633367813753	1633367816900	OK	 
REQUEST		Filtered-products	1633367803381	1633367816910	OK	 
USER	Admins	END	1633367816912
REQUEST		Search-filters	1633367813933	1633367816914	OK	 
REQUEST		Search-filters	1633367813873	1633367816915	OK	 
USER	Admins	START	1633367816932
USER	Admins	START	1633367816992
REQUEST		Filtered-products	1633367803259	1633367817009	OK	 
USER	Admins	END	1633367817010
REQUEST		Filtered-products	1633367802971	1633367817012	OK	 
USER	Admins	END	1633367817012
USER	Admins	START	1633367817050
USER	Admins	START	1633367817109
USER	Admins	START	1633367817164
USER	Admins	START	1633367817225
REQUEST		Search-filters	1633367814106	1633367817229	OK	 
REQUEST		Search-filters	1633367814225	1633367817240	OK	 
REQUEST		Search-filters	1633367813989	1633367817242	OK	 
REQUEST		Search-filters	1633367814047	1633367817249	OK	 
REQUEST		Search-filters	1633367814342	1633367817262	OK	 
REQUEST		Search-filters	1633367814401	1633367817264	OK	 
REQUEST		Search-filters	1633367814283	1633367817265	OK	 
USER	Admins	START	1633367817286
USER	Admins	START	1633367817345
USER	Admins	START	1633367817402
REQUEST		Search-filters	1633367814463	1633367817447	OK	 
USER	Admins	START	1633367817459
REQUEST		Search-filters	1633367814521	1633367817461	OK	 
USER	Admins	START	1633367817521
REQUEST		Search-filters	1633367814164	1633367817574	OK	 
USER	Admins	START	1633367817580
USER	Admins	START	1633367817639
REQUEST		Filtered-products	1633367803459	1633367817681	OK	 
USER	Admins	END	1633367817683
USER	Admins	START	1633367817698
USER	Admins	START	1633367817758
REQUEST		Filtered-products	1633367801599	1633367817770	OK	 
USER	Admins	END	1633367817771
USER	Admins	START	1633367817815
USER	Admins	START	1633367817877
REQUEST		Search-filters	1633367814635	1633367817902	OK	 
USER	Admins	START	1633367817930
REQUEST		Search-filters	1633367814695	1633367817945	OK	 
REQUEST		Search-filters	1633367814813	1633367817949	OK	 
REQUEST		Search-filters	1633367814577	1633367817951	OK	 
REQUEST		Search-filters	1633367814871	1633367817952	OK	 
USER	Admins	START	1633367817992
REQUEST		Search-filters	1633367814756	1633367818006	OK	 
REQUEST		Filtered-products	1633367802149	1633367818018	OK	 
USER	Admins	END	1633367818019
REQUEST		Search-filters	1633367814989	1633367818021	OK	 
REQUEST		Search-filters	1633367814929	1633367818022	OK	 
REQUEST		Filtered-products	1633367810343	1633367818028	OK	 
REQUEST		Filtered-products	1633367810490	1633367818030	OK	 
USER	Admins	END	1633367818030
USER	Admins	END	1633367818031
USER	Admins	START	1633367818049
USER	Admins	START	1633367818114
REQUEST		Search-filters	1633367815048	1633367818126	OK	 
USER	Admins	START	1633367818172
REQUEST		Search-filters	1633367815106	1633367818197	OK	 
REQUEST		Filtered-products	1633367810561	1633367818207	OK	 
USER	Admins	END	1633367818208
USER	Admins	START	1633367818226
REQUEST		Search-filters	1633367815284	1633367818282	OK	 
USER	Admins	START	1633367818285
REQUEST		Filtered-products	1633367810775	1633367818288	OK	 
REQUEST		Search-filters	1633367815224	1633367818288	OK	 
USER	Admins	END	1633367818291
USER	Admins	START	1633367818347
REQUEST		Search-filters	1633367815341	1633367818385	OK	 
USER	Admins	START	1633367818403
REQUEST		Search-filters	1633367815459	1633367818430	OK	 
REQUEST		Search-filters	1633367815168	1633367818432	OK	 
REQUEST		Search-filters	1633367815404	1633367818443	OK	 
USER	Admins	START	1633367818464
USER	Admins	START	1633367818522
USER	Admins	START	1633367818580
REQUEST		Search-filters	1633367815577	1633367818624	OK	 
REQUEST		Search-filters	1633367815520	1633367818631	OK	 
USER	Admins	START	1633367818640
REQUEST		Search-filters	1633367815696	1633367818644	OK	 
USER	Admins	START	1633367818699
REQUEST		Search-filters	1633367815637	1633367818709	OK	 
REQUEST		Filtered-products	1633367811455	1633367818710	OK	 
USER	Admins	END	1633367818711
USER	Admins	START	1633367818758
USER	Admins	START	1633367818818
USER	Admins	START	1633367818873
REQUEST		Filtered-products	1633367803370	1633367818893	OK	 
USER	Admins	END	1633367818894
USER	Admins	START	1633367818932
REQUEST		Filtered-products	1633367803071	1633367818958	OK	 
USER	Admins	END	1633367818959
REQUEST		Search-filters	1633367815816	1633367818966	OK	 
REQUEST		Search-filters	1633367815877	1633367818971	OK	 
USER	Admins	START	1633367818991
USER	Admins	START	1633367819049
USER	Admins	START	1633367819108
REQUEST		Filtered-products	1633367810826	1633367819122	OK	 
USER	Admins	END	1633367819123
REQUEST		Search-filters	1633367816065	1633367819127	OK	 
REQUEST		Search-filters	1633367815758	1633367819136	OK	 
REQUEST		Filtered-products	1633367802802	1633367819156	OK	 
USER	Admins	END	1633367819156
REQUEST		Search-filters	1633367816002	1633367819159	OK	 
USER	Admins	START	1633367819167
USER	Admins	START	1633367819226
REQUEST		Filtered-products	1633367811864	1633367819248	OK	 
USER	Admins	END	1633367819248
REQUEST		Search-filters	1633367816187	1633367819262	OK	 
REQUEST		Search-filters	1633367816128	1633367819263	OK	 
REQUEST		Search-filters	1633367815940	1633367819267	OK	 
REQUEST		Search-filters	1633367816253	1633367819271	OK	 
USER	Admins	START	1633367819285
REQUEST		Filtered-products	1633367801845	1633367819321	OK	 
USER	Admins	END	1633367819321
USER	Admins	START	1633367819344
REQUEST		Search-filters	1633367816315	1633367819400	OK	 
REQUEST		Filtered-products	1633367802728	1633367819402	OK	 
USER	Admins	END	1633367819402
USER	Admins	START	1633367819404
USER	Admins	START	1633367819463
USER	Admins	START	1633367819519
REQUEST		Filtered-products	1633367811640	1633367819576	OK	 
USER	Admins	END	1633367819577
USER	Admins	START	1633367819579
USER	Admins	START	1633367819638
REQUEST		Search-filters	1633367816628	1633367819665	OK	 
USER	Admins	START	1633367819698
REQUEST		Search-filters	1633367816443	1633367819757	OK	 
USER	Admins	START	1633367819756
REQUEST		Search-filters	1633367816691	1633367819801	OK	 
USER	Admins	START	1633367819811
REQUEST		Search-filters	1633367816374	1633367819830	OK	 
REQUEST		Search-filters	1633367816503	1633367819847	OK	 
REQUEST		Search-filters	1633367816565	1633367819848	OK	 
REQUEST		Search-filters	1633367816754	1633367819851	OK	 
REQUEST		Search-filters	1633367816875	1633367819856	OK	 
USER	Admins	START	1633367819877
USER	Admins	START	1633367819939
USER	Admins	START	1633367819998
USER	Admins	START	1633367820065
REQUEST		Search-filters	1633367816816	1633367820086	OK	 
REQUEST		Filtered-products	1633367810701	1633367820101	OK	 
USER	Admins	END	1633367820101
USER	Admins	START	1633367820127
USER	Admins	START	1633367820191
REQUEST		Filtered-products	1633367803460	1633367820232	OK	 
USER	Admins	END	1633367820232
USER	Admins	START	1633367820252
REQUEST		Search-filters	1633367817164	1633367820269	OK	 
REQUEST		Search-filters	1633367816932	1633367820296	OK	 
USER	Admins	START	1633367820314
REQUEST		Search-filters	1633367817109	1633367820352	OK	 
REQUEST		Filtered-products	1633367811919	1633367820357	OK	 
USER	Admins	END	1633367820357
USER	Admins	START	1633367820375
USER	Admins	START	1633367820440
REQUEST		Search-filters	1633367817346	1633367820444	OK	 
REQUEST		Search-filters	1633367817225	1633367820469	OK	 
REQUEST		Search-filters	1633367817287	1633367820495	OK	 
REQUEST		Search-filters	1633367816993	1633367820501	OK	 
USER	Admins	START	1633367820504
REQUEST		Search-filters	1633367817402	1633367820543	OK	 
USER	Admins	START	1633367820566
REQUEST		Search-filters	1633367817050	1633367820624	OK	 
REQUEST		Search-filters	1633367817521	1633367820627	OK	 
USER	Admins	START	1633367820628
REQUEST		Filtered-products	1633367810826	1633367820688	OK	 
USER	Admins	END	1633367820689
USER	Admins	START	1633367820691
USER	Admins	START	1633367820754
REQUEST		Search-filters	1633367817460	1633367820792	OK	 
USER	Admins	START	1633367820817
USER	Admins	START	1633367820874
REQUEST		Filtered-products	1633367812160	1633367820917	OK	 
USER	Admins	END	1633367820918
REQUEST		Filtered-products	1633367811628	1633367820920	OK	 
USER	Admins	END	1633367820921
USER	Admins	START	1633367820932
USER	Admins	START	1633367820992
USER	Admins	START	1633367821051
REQUEST		Search-filters	1633367817698	1633367821086	OK	 
REQUEST		Search-filters	1633367817815	1633367821088	OK	 
REQUEST		Search-filters	1633367817639	1633367821090	OK	 
REQUEST		Filtered-products	1633367810246	1633367821091	OK	 
USER	Admins	END	1633367821092
REQUEST		Search-filters	1633367817580	1633367821102	OK	 
REQUEST		Filtered-products	1633367811653	1633367821110	OK	 
USER	Admins	START	1633367821110
USER	Admins	END	1633367821111
REQUEST		Search-filters	1633367817758	1633367821112	OK	 
REQUEST		Search-filters	1633367817877	1633367821112	OK	 
REQUEST		Search-filters	1633367817992	1633367821114	OK	 
USER	Admins	START	1633367821167
USER	Admins	START	1633367821226
REQUEST		Filtered-products	1633367814091	1633367821248	OK	 
USER	Admins	END	1633367821248
REQUEST		Filtered-products	1633367812209	1633367821253	OK	 
USER	Admins	END	1633367821254
REQUEST		Filtered-products	1633367811202	1633367821284	OK	 
USER	Admins	END	1633367821285
USER	Admins	START	1633367821285
REQUEST		Search-filters	1633367818049	1633367821287	OK	 
REQUEST		Search-filters	1633367818114	1633367821289	OK	 
REQUEST		Search-filters	1633367817931	1633367821289	OK	 
REQUEST		Filtered-products	1633367812046	1633367821317	OK	 
USER	Admins	END	1633367821318
REQUEST		Search-filters	1633367818174	1633367821326	OK	 
USER	Admins	START	1633367821345
REQUEST		Filtered-products	1633367811867	1633367821396	OK	 
USER	Admins	END	1633367821398
USER	Admins	START	1633367821403
REQUEST		Filtered-products	1633367811526	1633367821419	OK	 
USER	Admins	END	1633367821420
REQUEST		Search-filters	1633367818226	1633367821423	OK	 
USER	Admins	START	1633367821462
USER	Admins	START	1633367821522
REQUEST		Filtered-products	1633367812419	1633367821535	OK	 
USER	Admins	END	1633367821535
REQUEST		Search-filters	1633367818347	1633367821543	OK	 
REQUEST		Search-filters	1633367818404	1633367821544	OK	 
REQUEST		Search-filters	1633367818464	1633367821554	OK	 
REQUEST		Search-filters	1633367818285	1633367821555	OK	 
USER	Admins	START	1633367821581
REQUEST		Filtered-products	1633367812204	1633367821637	OK	 
USER	Admins	END	1633367821638
USER	Admins	START	1633367821638
USER	Admins	START	1633367821698
REQUEST		Search-filters	1633367818522	1633367821728	OK	 
REQUEST		Search-filters	1633367818580	1633367821728	OK	 
USER	Admins	START	1633367821758
REQUEST		Search-filters	1633367818640	1633367821816	OK	 
REQUEST		Search-filters	1633367818700	1633367821816	OK	 
USER	Admins	START	1633367821817
USER	Admins	START	1633367821877
REQUEST		Search-filters	1633367818818	1633367821878	OK	 
REQUEST		Filtered-products	1633367810470	1633367821927	OK	 
USER	Admins	END	1633367821927
USER	Admins	START	1633367821940
USER	Admins	START	1633367822002
REQUEST		Search-filters	1633367818873	1633367822044	OK	 
REQUEST		Search-filters	1633367818758	1633367822044	OK	 
USER	Admins	START	1633367822065
USER	Admins	START	1633367822127
USER	Admins	START	1633367822190
USER	Admins	START	1633367822252
USER	Admins	START	1633367822315
REQUEST		Search-filters	1633367818991	1633367822323	OK	 
REQUEST		Search-filters	1633367819049	1633367822324	OK	 
USER	Admins	START	1633367822378
REQUEST		Search-filters	1633367818932	1633367822381	OK	 
USER	Admins	START	1633367822440
USER	Admins	START	1633367822502
REQUEST		Search-filters	1633367819344	1633367822533	OK	 
REQUEST		Search-filters	1633367819226	1633367822535	OK	 
REQUEST		Search-filters	1633367819168	1633367822537	OK	 
REQUEST		Filtered-products	1633367810842	1633367822539	OK	 
USER	Admins	END	1633367822539
REQUEST		Search-filters	1633367819404	1633367822541	OK	 
REQUEST		Search-filters	1633367819285	1633367822545	OK	 
REQUEST		Filtered-products	1633367810236	1633367822547	OK	 
USER	Admins	END	1633367822547
USER	Admins	START	1633367822566
USER	Admins	START	1633367822628
REQUEST		Filtered-products	1633367810476	1633367822642	OK	 
USER	Admins	END	1633367822643
REQUEST		Filtered-products	1633367811457	1633367822660	OK	 
USER	Admins	END	1633367822660
USER	Admins	START	1633367822691
USER	Admins	START	1633367822758
REQUEST		Filtered-products	1633367810492	1633367823111	OK	 
USER	Admins	END	1633367823111
REQUEST		Filtered-products	1633367811125	1633367823113	OK	 
USER	Admins	END	1633367823113
REQUEST		Filtered-products	1633367810524	1633367823116	OK	 
USER	Admins	END	1633367823116
REQUEST		Filtered-products	1633367810787	1633367823118	OK	 
USER	Admins	END	1633367823118
REQUEST		Search-filters	1633367819108	1633367823226	OK	 
REQUEST		Search-filters	1633367819519	1633367823229	OK	 
REQUEST		Search-filters	1633367819463	1633367823229	OK	 
REQUEST		Search-filters	1633367819698	1633367823238	OK	 
REQUEST		Search-filters	1633367819811	1633367823238	OK	 
REQUEST		Search-filters	1633367819579	1633367823238	OK	 
REQUEST		Search-filters	1633367819638	1633367823239	OK	 
REQUEST		Filtered-products	1633367810344	1633367823249	OK	 
USER	Admins	END	1633367823249
REQUEST		Filtered-products	1633367810407	1633367823253	OK	 
USER	Admins	END	1633367823254
REQUEST		Search-filters	1633367819756	1633367823276	OK	 
REQUEST		Filtered-products	1633367811120	1633367823370	OK	 
USER	Admins	END	1633367823371
REQUEST		Filtered-products	1633367810236	1633367823377	OK	 
USER	Admins	END	1633367823378
REQUEST		Search-filters	1633367819939	1633367823404	OK	 
REQUEST		Search-filters	1633367820065	1633367823404	OK	 
REQUEST		Search-filters	1633367819998	1633367823405	OK	 
REQUEST		Search-filters	1633367819877	1633367823587	OK	 
REQUEST		Search-filters	1633367820127	1633367823589	OK	 
REQUEST		Filtered-products	1633367811646	1633367823729	OK	 
USER	Admins	END	1633367823729
REQUEST		Filtered-products	1633367810970	1633367823746	OK	 
USER	Admins	END	1633367823747
REQUEST		Filtered-products	1633367810339	1633367823748	OK	 
USER	Admins	END	1633367823748
REQUEST		Filtered-products	1633367810234	1633367823752	OK	 
USER	Admins	END	1633367823752
REQUEST		Search-filters	1633367820191	1633367823843	OK	 
REQUEST		Filtered-products	1633367810498	1633367823969	OK	 
USER	Admins	END	1633367823970
REQUEST		Filtered-products	1633367810815	1633367824250	OK	 
USER	Admins	END	1633367824251
REQUEST		Filtered-products	1633367812204	1633367824295	OK	 
USER	Admins	END	1633367824295
REQUEST		Filtered-products	1633367816678	1633367824375	OK	 
USER	Admins	END	1633367824376
REQUEST		Filtered-products	1633367810498	1633367824380	OK	 
USER	Admins	END	1633367824381
REQUEST		Filtered-products	1633367810424	1633367824383	OK	 
USER	Admins	END	1633367824383
REQUEST		Search-filters	1633367820817	1633367824429	OK	 
REQUEST		Search-filters	1633367820441	1633367824435	OK	 
REQUEST		Search-filters	1633367820874	1633367824442	OK	 
REQUEST		Search-filters	1633367820691	1633367824444	OK	 
REQUEST		Search-filters	1633367820932	1633367824447	OK	 
REQUEST		Search-filters	1633367820628	1633367824454	OK	 
REQUEST		Search-filters	1633367821110	1633367824456	OK	 
REQUEST		Search-filters	1633367820566	1633367824458	OK	 
REQUEST		Search-filters	1633367820252	1633367824464	OK	 
REQUEST		Filtered-products	1633367811642	1633367824470	OK	 
USER	Admins	END	1633367824470
REQUEST		Search-filters	1633367820754	1633367824471	OK	 
REQUEST		Search-filters	1633367820314	1633367824476	OK	 
REQUEST		Search-filters	1633367820504	1633367824489	OK	 
REQUEST		Search-filters	1633367820375	1633367824490	OK	 
REQUEST		Search-filters	1633367821051	1633367824508	OK	 
REQUEST		Search-filters	1633367820992	1633367824508	OK	 
REQUEST		Filtered-products	1633367811651	1633367824520	OK	 
USER	Admins	END	1633367824522
REQUEST		Filtered-products	1633367811622	1633367824989	OK	 
USER	Admins	END	1633367824989
REQUEST		Filtered-products	1633367812183	1633367825036	OK	 
USER	Admins	END	1633367825036
REQUEST		Filtered-products	1633367811527	1633367825040	OK	 
USER	Admins	END	1633367825041
REQUEST		Filtered-products	1633367810476	1633367825046	OK	 
USER	Admins	END	1633367825047
REQUEST		Search-filters	1633367821167	1633367825120	OK	 
REQUEST		Search-filters	1633367821817	1633367825121	OK	 
REQUEST		Filtered-products	1633367811646	1633367825128	OK	 
USER	Admins	END	1633367825128
REQUEST		Search-filters	1633367821345	1633367825129	OK	 
REQUEST		Search-filters	1633367821463	1633367825164	OK	 
REQUEST		Search-filters	1633367821638	1633367825182	OK	 
REQUEST		Search-filters	1633367821522	1633367825182	OK	 
REQUEST		Search-filters	1633367821403	1633367825182	OK	 
REQUEST		Search-filters	1633367821581	1633367825183	OK	 
REQUEST		Search-filters	1633367821226	1633367825191	OK	 
REQUEST		Filtered-products	1633367811873	1633367825193	OK	 
USER	Admins	END	1633367825193
REQUEST		Filtered-products	1633367812249	1633367825195	OK	 
USER	Admins	END	1633367825196
REQUEST		Filtered-products	1633367812321	1633367825217	OK	 
USER	Admins	END	1633367825217
REQUEST		Search-filters	1633367821940	1633367825272	OK	 
REQUEST		Search-filters	1633367821877	1633367825272	OK	 
REQUEST		Search-filters	1633367821698	1633367825272	OK	 
REQUEST		Search-filters	1633367821758	1633367825272	OK	 
REQUEST		Search-filters	1633367821286	1633367825273	OK	 
REQUEST		Filtered-products	1633367812219	1633367825616	OK	 
USER	Admins	END	1633367825617
REQUEST		Filtered-products	1633367810527	1633367825699	OK	 
USER	Admins	END	1633367825699
REQUEST		Filtered-products	1633367810524	1633367825702	OK	 
USER	Admins	END	1633367825702
REQUEST		Search-filters	1633367822002	1633367825743	OK	 
REQUEST		Search-filters	1633367822065	1633367825745	OK	 
REQUEST		Filtered-products	1633367812220	1633367825886	OK	 
USER	Admins	END	1633367825887
REQUEST		Filtered-products	1633367813041	1633367825908	OK	 
USER	Admins	END	1633367825908
REQUEST		Search-filters	1633367822190	1633367825943	OK	 
REQUEST		Search-filters	1633367822628	1633367825943	OK	 
REQUEST		Search-filters	1633367822378	1633367825943	OK	 
REQUEST		Search-filters	1633367822127	1633367825944	OK	 
REQUEST		Search-filters	1633367822252	1633367825944	OK	 
REQUEST		Search-filters	1633367822566	1633367825944	OK	 
REQUEST		Search-filters	1633367822502	1633367825944	OK	 
REQUEST		Search-filters	1633367822315	1633367825944	OK	 
REQUEST		Search-filters	1633367822440	1633367825944	OK	 
REQUEST		Search-filters	1633367822691	1633367825945	OK	 
REQUEST		Search-filters	1633367822758	1633367826039	OK	 
REQUEST		Filtered-products	1633367810467	1633367826146	OK	 
USER	Admins	END	1633367826147
REQUEST		Filtered-products	1633367810887	1633367826151	OK	 
USER	Admins	END	1633367826151
REQUEST		Filtered-products	1633367815150	1633367826310	OK	 
USER	Admins	END	1633367826311
REQUEST		Filtered-products	1633367810972	1633367826452	OK	 
USER	Admins	END	1633367826453
REQUEST		Filtered-products	1633367811868	1633367826455	OK	 
USER	Admins	END	1633367826456
REQUEST		Filtered-products	1633367812209	1633367826599	OK	 
USER	Admins	END	1633367826599
REQUEST		Filtered-products	1633367803369	1633367826654	OK	 
USER	Admins	END	1633367826655
REQUEST		Filtered-products	1633367812322	1633367826662	OK	 
USER	Admins	END	1633367826663
REQUEST		Filtered-products	1633367810347	1633367826666	OK	 
USER	Admins	END	1633367826666
REQUEST		Filtered-products	1633367812347	1633367826722	OK	 
USER	Admins	END	1633367826722
REQUEST		Filtered-products	1633367810525	1633367827112	OK	 
USER	Admins	END	1633367827113
REQUEST		Filtered-products	1633367811455	1633367827184	OK	 
USER	Admins	END	1633367827184
REQUEST		Filtered-products	1633367812198	1633367827198	OK	 
USER	Admins	END	1633367827198
REQUEST		Filtered-products	1633367810495	1633367827226	OK	 
USER	Admins	END	1633367827227
REQUEST		Filtered-products	1633367811455	1633367827249	OK	 
USER	Admins	END	1633367827249
REQUEST		Filtered-products	1633367811637	1633367827270	OK	 
USER	Admins	END	1633367827271
REQUEST		Filtered-products	1633367811868	1633367827377	OK	 
USER	Admins	END	1633367827378
REQUEST		Filtered-products	1633367811867	1633367827428	OK	 
USER	Admins	END	1633367827428
REQUEST		Filtered-products	1633367814562	1633367827431	OK	 
USER	Admins	END	1633367827431
REQUEST		Filtered-products	1633367811864	1633367827433	OK	 
USER	Admins	END	1633367827433
REQUEST		Filtered-products	1633367812337	1633367827437	OK	 
USER	Admins	END	1633367827438
REQUEST		Filtered-products	1633367812329	1633367827460	OK	 
USER	Admins	END	1633367827460
REQUEST		Filtered-products	1633367812157	1633367827461	OK	 
USER	Admins	END	1633367827461
REQUEST		Filtered-products	1633367811125	1633367827463	OK	 
USER	Admins	END	1633367827463
REQUEST		Filtered-products	1633367811640	1633367827661	OK	 
USER	Admins	END	1633367827662
REQUEST		Filtered-products	1633367810863	1633367827682	OK	 
USER	Admins	END	1633367827682
REQUEST		Filtered-products	1633367811874	1633367827684	OK	 
USER	Admins	END	1633367827684
REQUEST		Filtered-products	1633367815927	1633367827686	OK	 
USER	Admins	END	1633367827686
REQUEST		Filtered-products	1633367811868	1633367827689	OK	 
USER	Admins	END	1633367827689
REQUEST		Filtered-products	1633367812328	1633367827784	OK	 
USER	Admins	END	1633367827784
REQUEST		Filtered-products	1633367812222	1633367827786	OK	 
USER	Admins	END	1633367827786
REQUEST		Filtered-products	1633367810523	1633367827799	OK	 
USER	Admins	END	1633367827799
REQUEST		Filtered-products	1633367811864	1633367827961	OK	 
USER	Admins	END	1633367827961
REQUEST		Filtered-products	1633367813807	1633367827965	OK	 
USER	Admins	END	1633367827965
REQUEST		Filtered-products	1633367810568	1633367828029	OK	 
USER	Admins	END	1633367828031
REQUEST		Filtered-products	1633367816726	1633367828105	OK	 
USER	Admins	END	1633367828106
REQUEST		Filtered-products	1633367812160	1633367828713	OK	 
USER	Admins	END	1633367828714
REQUEST		Filtered-products	1633367811125	1633367828739	OK	 
USER	Admins	END	1633367828740
REQUEST		Filtered-products	1633367818241	1633367828879	OK	 
USER	Admins	END	1633367828879
REQUEST		Filtered-products	1633367810246	1633367828881	OK	 
USER	Admins	END	1633367828881
REQUEST		Filtered-products	1633367812832	1633367829138	OK	 
USER	Admins	END	1633367829139
REQUEST		Filtered-products	1633367811672	1633367829242	OK	 
USER	Admins	END	1633367829243
REQUEST		Filtered-products	1633367811106	1633367829291	OK	 
USER	Admins	END	1633367829292
REQUEST		Filtered-products	1633367814097	1633367829397	OK	 
USER	Admins	END	1633367829397
REQUEST		Filtered-products	1633367811865	1633367829401	OK	 
USER	Admins	END	1633367829401
REQUEST		Filtered-products	1633367812953	1633367829408	OK	 
USER	Admins	END	1633367829409
REQUEST		Filtered-products	1633367812204	1633367829510	OK	 
USER	Admins	END	1633367829510
REQUEST		Filtered-products	1633367811864	1633367829706	OK	 
USER	Admins	END	1633367829706
REQUEST		Filtered-products	1633367816484	1633367829756	OK	 
USER	Admins	END	1633367829757
REQUEST		Filtered-products	1633367810817	1633367829760	OK	 
USER	Admins	END	1633367829760
REQUEST		Filtered-products	1633367814462	1633367829779	OK	 
USER	Admins	END	1633367829780
REQUEST		Filtered-products	1633367812947	1633367829781	OK	 
USER	Admins	END	1633367829781
REQUEST		Filtered-products	1633367817692	1633367829783	OK	 
USER	Admins	END	1633367829783
REQUEST		Filtered-products	1633367812348	1633367829906	OK	 
USER	Admins	END	1633367829906
REQUEST		Filtered-products	1633367812352	1633367829912	OK	 
USER	Admins	END	1633367829913
REQUEST		Filtered-products	1633367811867	1633367829916	OK	 
USER	Admins	END	1633367829916
REQUEST		Filtered-products	1633367811639	1633367829949	OK	 
USER	Admins	END	1633367829950
REQUEST		Filtered-products	1633367810906	1633367830087	OK	 
USER	Admins	END	1633367830087
REQUEST		Filtered-products	1633367811865	1633367830094	OK	 
USER	Admins	END	1633367830095
REQUEST		Filtered-products	1633367811916	1633367830108	OK	 
USER	Admins	END	1633367830108
REQUEST		Filtered-products	1633367815305	1633367830306	OK	 
USER	Admins	END	1633367830306
REQUEST		Filtered-products	1633367814347	1633367830334	OK	 
USER	Admins	END	1633367830334
REQUEST		Filtered-products	1633367813202	1633367830336	OK	 
USER	Admins	END	1633367830337
REQUEST		Filtered-products	1633367817762	1633367830617	OK	 
USER	Admins	END	1633367830618
REQUEST		Filtered-products	1633367811865	1633367830629	OK	 
USER	Admins	END	1633367830629
REQUEST		Filtered-products	1633367811384	1633367830814	OK	 
USER	Admins	END	1633367830815
REQUEST		Filtered-products	1633367815175	1633367830867	OK	 
USER	Admins	END	1633367830868
REQUEST		Filtered-products	1633367811632	1633367831543	OK	 
USER	Admins	END	1633367831543
REQUEST		Filtered-products	1633367815309	1633367831550	OK	 
USER	Admins	END	1633367831550
REQUEST		Filtered-products	1633367811349	1633367831633	OK	 
USER	Admins	END	1633367831633
REQUEST		Filtered-products	1633367815303	1633367831674	OK	 
USER	Admins	END	1633367831674
REQUEST		Filtered-products	1633367812332	1633367831732	OK	 
USER	Admins	END	1633367831733
REQUEST		Filtered-products	1633367814763	1633367831989	OK	 
USER	Admins	END	1633367831989
REQUEST		Filtered-products	1633367816961	1633367832145	OK	 
USER	Admins	END	1633367832146
REQUEST		Filtered-products	1633367812273	1633367832322	OK	 
USER	Admins	END	1633367832323
REQUEST		Filtered-products	1633367817824	1633367832325	OK	 
USER	Admins	END	1633367832326
REQUEST		Filtered-products	1633367812340	1633367832532	OK	 
USER	Admins	END	1633367832533
REQUEST		Filtered-products	1633367818453	1633367832886	OK	 
USER	Admins	END	1633367832886
REQUEST		Filtered-products	1633367815299	1633367832888	OK	 
USER	Admins	END	1633367832888
REQUEST		Filtered-products	1633367814441	1633367832911	OK	 
USER	Admins	END	1633367832911
REQUEST		Filtered-products	1633367822294	1633367833233	OK	 
USER	Admins	END	1633367833233
REQUEST		Filtered-products	1633367814850	1633367833336	OK	 
USER	Admins	END	1633367833336
REQUEST		Filtered-products	1633367812324	1633367833349	OK	 
USER	Admins	END	1633367833349
REQUEST		Filtered-products	1633367813045	1633367833505	OK	 
USER	Admins	END	1633367833506
REQUEST		Filtered-products	1633367811530	1633367833511	OK	 
USER	Admins	END	1633367833511
REQUEST		Filtered-products	1633367814095	1633367833664	OK	 
USER	Admins	END	1633367833664
REQUEST		Filtered-products	1633367813045	1633367833688	OK	 
USER	Admins	END	1633367833688
REQUEST		Filtered-products	1633367812524	1633367833705	OK	 
USER	Admins	END	1633367833706
REQUEST		Filtered-products	1633367814441	1633367834008	OK	 
USER	Admins	END	1633367834009
REQUEST		Filtered-products	1633367817672	1633367834018	OK	 
USER	Admins	END	1633367834019
REQUEST		Filtered-products	1633367814503	1633367834133	OK	 
USER	Admins	END	1633367834134
REQUEST		Filtered-products	1633367823329	1633367834526	OK	 
USER	Admins	END	1633367834527
REQUEST		Filtered-products	1633367813927	1633367834643	OK	 
USER	Admins	END	1633367834644
REQUEST		Filtered-products	1633367814850	1633367834752	OK	 
USER	Admins	END	1633367834753
REQUEST		Filtered-products	1633367821474	1633367835037	OK	 
USER	Admins	END	1633367835037
REQUEST		Filtered-products	1633367822730	1633367835057	OK	 
USER	Admins	END	1633367835057
REQUEST		Filtered-products	1633367815735	1633367835085	OK	 
USER	Admins	END	1633367835085
REQUEST		Filtered-products	1633367815968	1633367835286	OK	 
USER	Admins	END	1633367835286
REQUEST		Filtered-products	1633367811497	1633367835378	OK	 
USER	Admins	END	1633367835378
REQUEST		Filtered-products	1633367812138	1633367835390	OK	 
USER	Admins	END	1633367835391
REQUEST		Filtered-products	1633367819628	1633367835726	OK	 
USER	Admins	END	1633367835727
REQUEST		Filtered-products	1633367817203	1633367835865	OK	 
USER	Admins	END	1633367835865
REQUEST		Filtered-products	1633367814589	1633367836051	OK	 
USER	Admins	END	1633367836052
REQUEST		Filtered-products	1633367813169	1633367836055	OK	 
USER	Admins	END	1633367836056
REQUEST		Filtered-products	1633367820862	1633367836061	OK	 
USER	Admins	END	1633367836061
REQUEST		Filtered-products	1633367812166	1633367836062	OK	 
USER	Admins	END	1633367836062
REQUEST		Filtered-products	1633367812955	1633367836722	OK	 
USER	Admins	END	1633367836722
REQUEST		Filtered-products	1633367822290	1633367837200	OK	 
USER	Admins	END	1633367837201
REQUEST		Filtered-products	1633367816378	1633367837204	OK	 
USER	Admins	END	1633367837204
REQUEST		Filtered-products	1633367812364	1633367837416	OK	 
USER	Admins	END	1633367837417
REQUEST		Filtered-products	1633367820852	1633367837858	OK	 
USER	Admins	END	1633367837858
REQUEST		Filtered-products	1633367816378	1633367837884	OK	 
USER	Admins	END	1633367837885
REQUEST		Filtered-products	1633367820165	1633367838013	OK	 
USER	Admins	END	1633367838013
REQUEST		Filtered-products	1633367818270	1633367838027	OK	 
USER	Admins	END	1633367838028
REQUEST		Filtered-products	1633367814596	1633367838098	OK	 
USER	Admins	END	1633367838099
REQUEST		Filtered-products	1633367821629	1633367838382	OK	 
USER	Admins	END	1633367838382
REQUEST		Filtered-products	1633367826187	1633367838384	OK	 
USER	Admins	END	1633367838385
REQUEST		Filtered-products	1633367814562	1633367838429	OK	 
USER	Admins	END	1633367838430
REQUEST		Filtered-products	1633367815971	1633367838434	OK	 
USER	Admins	END	1633367838435
REQUEST		Filtered-products	1633367817902	1633367838485	OK	 
USER	Admins	END	1633367838485
REQUEST		Filtered-products	1633367823545	1633367838490	OK	 
USER	Admins	END	1633367838493
REQUEST		Filtered-products	1633367815318	1633367838675	OK	 
USER	Admins	END	1633367838675
REQUEST		Filtered-products	1633367812955	1633367838780	OK	 
USER	Admins	END	1633367838780
REQUEST		Filtered-products	1633367816374	1633367838969	OK	 
USER	Admins	END	1633367838969
REQUEST		Filtered-products	1633367820273	1633367839374	OK	 
USER	Admins	END	1633367839374
REQUEST		Filtered-products	1633367811540	1633367839545	OK	 
USER	Admins	END	1633367839547
REQUEST		Filtered-products	1633367812953	1633367839597	OK	 
USER	Admins	END	1633367839597
REQUEST		Filtered-products	1633367812524	1633367839740	OK	 
USER	Admins	END	1633367839741
REQUEST		Filtered-products	1633367822821	1633367839742	OK	 
USER	Admins	END	1633367839743
REQUEST		Filtered-products	1633367814850	1633367839744	OK	 
USER	Admins	END	1633367839744
REQUEST		Filtered-products	1633367815450	1633367839840	OK	 
USER	Admins	END	1633367839840
REQUEST		Filtered-products	1633367812428	1633367839860	OK	 
USER	Admins	END	1633367839861
REQUEST		Filtered-products	1633367824243	1633367840004	OK	 
USER	Admins	END	1633367840004
REQUEST		Filtered-products	1633367812172	1633367840011	OK	 
USER	Admins	END	1633367840011
REQUEST		Filtered-products	1633367810788	1633367840203	KO	status.find.in(200,201,202,203,204,205,206,207,208,209,304), found 504
USER	Admins	END	1633367840204
REQUEST		Filtered-products	1633367811865	1633367840289	OK	 
USER	Admins	END	1633367840291
REQUEST		Filtered-products	1633367814337	1633367840383	OK	 
USER	Admins	END	1633367840384
REQUEST		Filtered-products	1633367820802	1633367840469	OK	 
USER	Admins	END	1633367840469
REQUEST		Filtered-products	1633367811867	1633367840474	OK	 
USER	Admins	END	1633367840474
REQUEST		Filtered-products	1633367822559	1633367840474	OK	 
USER	Admins	END	1633367840475
REQUEST		Filtered-products	1633367811128	1633367840483	KO	status.find.in(200,201,202,203,204,205,206,207,208,209,304), found 504
USER	Admins	END	1633367840483
REQUEST		Filtered-products	1633367818956	1633367840618	OK	 
USER	Admins	END	1633367840618
REQUEST		Filtered-products	1633367811349	1633367840638	KO	status.find.in(200,201,202,203,204,205,206,207,208,209,304), found 504
USER	Admins	END	1633367840638
REQUEST		Filtered-products	1633367822544	1633367840644	OK	 
USER	Admins	END	1633367840644
REQUEST		Filtered-products	1633367812326	1633367840660	OK	 
USER	Admins	END	1633367840660
REQUEST		Filtered-products	1633367811407	1633367840693	KO	status.find.in(200,201,202,203,204,205,206,207,208,209,304), found 504
USER	Admins	END	1633367840694
REQUEST		Filtered-products	1633367824408	1633367840727	OK	 
USER	Admins	END	1633367840727
REQUEST		Filtered-products	1633367815525	1633367840748	OK	 
USER	Admins	END	1633367840748
REQUEST		Filtered-products	1633367817674	1633367840776	OK	 
USER	Admins	END	1633367840776
REQUEST		Filtered-products	1633367823542	1633367840838	OK	 
USER	Admins	END	1633367840839
REQUEST		Filtered-products	1633367811651	1633367840886	KO	status.find.in(200,201,202,203,204,205,206,207,208,209,304), found 504
USER	Admins	END	1633367840886
REQUEST		Filtered-products	1633367819028	1633367840890	OK	 
USER	Admins	END	1633367840890
REQUEST		Filtered-products	1633367822117	1633367841023	OK	 
USER	Admins	END	1633367841023
REQUEST		Filtered-products	1633367814729	1633367841070	OK	 
USER	Admins	END	1633367841071
REQUEST		Filtered-products	1633367814094	1633367841076	OK	 
USER	Admins	END	1633367841077
REQUEST		Filtered-products	1633367811863	1633367841122	KO	status.find.in(200,201,202,203,204,205,206,207,208,209,304), found 504
USER	Admins	END	1633367841122
REQUEST		Filtered-products	1633367811912	1633367841139	KO	status.find.in(200,201,202,203,204,205,206,207,208,209,304), found 504
USER	Admins	END	1633367841139
REQUEST		Filtered-products	1633367819294	1633367841140	OK	 
USER	Admins	END	1633367841140
REQUEST		Filtered-products	1633367811879	1633367841141	KO	status.find.in(200,201,202,203,204,205,206,207,208,209,304), found 504
USER	Admins	END	1633367841142
REQUEST		Filtered-products	1633367826127	1633367841362	OK	 
USER	Admins	END	1633367841363
REQUEST		Filtered-products	1633367815530	1633367841364	OK	 
USER	Admins	END	1633367841365
REQUEST		Filtered-products	1633367812207	1633367841409	KO	status.find.in(200,201,202,203,204,205,206,207,208,209,304), found 504
USER	Admins	END	1633367841409
REQUEST		Filtered-products	1633367813429	1633367841543	OK	 
USER	Admins	END	1633367841543
REQUEST		Filtered-products	1633367825462	1633367841586	OK	 
USER	Admins	END	1633367841587
REQUEST		Filtered-products	1633367812832	1633367841634	OK	 
USER	Admins	END	1633367841635
REQUEST		Filtered-products	1633367812670	1633367841878	KO	status.find.in(200,201,202,203,204,205,206,207,208,209,304), found 504
USER	Admins	END	1633367841878
REQUEST		Filtered-products	1633367822293	1633367842040	OK	 
USER	Admins	END	1633367842040
REQUEST		Filtered-products	1633367819977	1633367842278	OK	 
USER	Admins	END	1633367842278
REQUEST		Filtered-products	1633367813043	1633367842296	KO	status.find.in(200,201,202,203,204,205,206,207,208,209,304), found 504
USER	Admins	END	1633367842296
REQUEST		Filtered-products	1633367817200	1633367842323	OK	 
USER	Admins	END	1633367842324
REQUEST		Filtered-products	1633367812956	1633367842358	KO	status.find.in(200,201,202,203,204,205,206,207,208,209,304), found 504
USER	Admins	END	1633367842359
REQUEST		Filtered-products	1633367813163	1633367842389	KO	status.find.in(200,201,202,203,204,205,206,207,208,209,304), found 504
USER	Admins	END	1633367842389
REQUEST		Filtered-products	1633367813165	1633367842392	KO	status.find.in(200,201,202,203,204,205,206,207,208,209,304), found 504
USER	Admins	END	1633367842392
REQUEST		Filtered-products	1633367821275	1633367842405	OK	 
USER	Admins	END	1633367842406
REQUEST		Filtered-products	1633367824410	1633367842413	OK	 
USER	Admins	END	1633367842414
REQUEST		Filtered-products	1633367813284	1633367842552	KO	status.find.in(200,201,202,203,204,205,206,207,208,209,304), found 504
USER	Admins	END	1633367842552
REQUEST		Filtered-products	1633367813337	1633367842618	KO	status.find.in(200,201,202,203,204,205,206,207,208,209,304), found 504
USER	Admins	END	1633367842618
REQUEST		Filtered-products	1633367813285	1633367842692	KO	status.find.in(200,201,202,203,204,205,206,207,208,209,304), found 504
USER	Admins	END	1633367842693
REQUEST		Filtered-products	1633367818254	1633367842721	OK	 
USER	Admins	END	1633367842722
REQUEST		Filtered-products	1633367811455	1633367842740	KO	status.find.in(200,201,202,203,204,205,206,207,208,209,304), found 504
REQUEST		Filtered-products	1633367811482	1633367842740	KO	status.find.in(200,201,202,203,204,205,206,207,208,209,304), found 504
USER	Admins	END	1633367842740
USER	Admins	END	1633367842741
REQUEST		Filtered-products	1633367811581	1633367842844	KO	status.find.in(200,201,202,203,204,205,206,207,208,209,304), found 504
USER	Admins	END	1633367842845
REQUEST		Filtered-products	1633367813759	1633367843057	KO	status.find.in(200,201,202,203,204,205,206,207,208,209,304), found 504
USER	Admins	END	1633367843057
REQUEST		Filtered-products	1633367813849	1633367843060	KO	status.find.in(200,201,202,203,204,205,206,207,208,209,304), found 504
USER	Admins	END	1633367843060
REQUEST		Filtered-products	1633367813874	1633367843062	KO	status.find.in(200,201,202,203,204,205,206,207,208,209,304), found 504
USER	Admins	END	1633367843062
REQUEST		Filtered-products	1633367813876	1633367843109	KO	status.find.in(200,201,202,203,204,205,206,207,208,209,304), found 504
USER	Admins	END	1633367843109
REQUEST		Filtered-products	1633367813933	1633367843161	KO	status.find.in(200,201,202,203,204,205,206,207,208,209,304), found 504
USER	Admins	END	1633367843162
REQUEST		Filtered-products	1633367827045	1633367843334	OK	 
USER	Admins	END	1633367843334
REQUEST		Filtered-products	1633367825463	1633367843552	OK	 
USER	Admins	END	1633367843552
REQUEST		Filtered-products	1633367820669	1633367843554	OK	 
USER	Admins	END	1633367843554
REQUEST		Filtered-products	1633367814444	1633367843727	KO	status.find.in(200,201,202,203,204,205,206,207,208,209,304), found 504
USER	Admins	END	1633367843728
REQUEST		Filtered-products	1633367819649	1633367843813	OK	 
USER	Admins	END	1633367843813
REQUEST		Filtered-products	1633367814596	1633367843910	KO	status.find.in(200,201,202,203,204,205,206,207,208,209,304), found 504
USER	Admins	END	1633367843910
REQUEST		Filtered-products	1633367817691	1633367843932	OK	 
USER	Admins	END	1633367843933
REQUEST		Filtered-products	1633367816655	1633367844028	OK	 
USER	Admins	END	1633367844028
REQUEST		Filtered-products	1633367826187	1633367844043	OK	 
USER	Admins	END	1633367844044
REQUEST		Filtered-products	1633367817183	1633367844092	OK	 
USER	Admins	END	1633367844093
REQUEST		Filtered-products	1633367822117	1633367844273	OK	 
USER	Admins	END	1633367844273
REQUEST		Filtered-products	1633367816966	1633367844376	OK	 
USER	Admins	END	1633367844377
REQUEST		Filtered-products	1633367823049	1633367844511	OK	 
USER	Admins	END	1633367844511
REQUEST		Filtered-products	1633367815303	1633367844513	KO	status.find.in(200,201,202,203,204,205,206,207,208,209,304), found 504
USER	Admins	END	1633367844513
REQUEST		Filtered-products	1633367824244	1633367844661	OK	 
USER	Admins	END	1633367844662
REQUEST		Filtered-products	1633367815694	1633367845096	KO	status.find.in(200,201,202,203,204,205,206,207,208,209,304), found 504
REQUEST		Filtered-products	1633367815700	1633367845096	KO	status.find.in(200,201,202,203,204,205,206,207,208,209,304), found 504
USER	Admins	END	1633367845098
USER	Admins	END	1633367845098
REQUEST		Filtered-products	1633367815702	1633367845099	KO	status.find.in(200,201,202,203,204,205,206,207,208,209,304), found 504
USER	Admins	END	1633367845102
REQUEST		Filtered-products	1633367815737	1633367845104	KO	status.find.in(200,201,202,203,204,205,206,207,208,209,304), found 504
USER	Admins	END	1633367845104
REQUEST		Filtered-products	1633367816025	1633367845417	KO	status.find.in(200,201,202,203,204,205,206,207,208,209,304), found 504
REQUEST		Filtered-products	1633367816025	1633367845417	KO	status.find.in(200,201,202,203,204,205,206,207,208,209,304), found 504
USER	Admins	END	1633367845417
USER	Admins	END	1633367845417
REQUEST		Filtered-products	1633367822822	1633367845569	OK	 
USER	Admins	END	1633367845570
REQUEST		Filtered-products	1633367822091	1633367845721	OK	 
USER	Admins	END	1633367845721
REQUEST		Filtered-products	1633367820854	1633367845723	OK	 
USER	Admins	END	1633367845723
REQUEST		Filtered-products	1633367816378	1633367845790	KO	status.find.in(200,201,202,203,204,205,206,207,208,209,304), found 504
USER	Admins	END	1633367845790
REQUEST		Filtered-products	1633367820763	1633367845829	OK	 
USER	Admins	END	1633367845829
REQUEST		Filtered-products	1633367819027	1633367845939	OK	 
USER	Admins	END	1633367845939
REQUEST		Filtered-products	1633367816526	1633367845974	KO	status.find.in(200,201,202,203,204,205,206,207,208,209,304), found 504
USER	Admins	END	1633367845974
REQUEST		Filtered-products	1633367816930	1633367846043	OK	 
USER	Admins	END	1633367846043
REQUEST		Filtered-products	1633367816679	1633367846081	KO	status.find.in(200,201,202,203,204,205,206,207,208,209,304), found 504
USER	Admins	END	1633367846082
REQUEST		Filtered-products	1633367816848	1633367846130	KO	status.find.in(200,201,202,203,204,205,206,207,208,209,304), found 504
USER	Admins	END	1633367846130
REQUEST		Filtered-products	1633367816809	1633367846140	KO	status.find.in(200,201,202,203,204,205,206,207,208,209,304), found 504
USER	Admins	END	1633367846140
REQUEST		Filtered-products	1633367816929	1633367846145	KO	status.find.in(200,201,202,203,204,205,206,207,208,209,304), found 504
REQUEST		Filtered-products	1633367816923	1633367846145	KO	status.find.in(200,201,202,203,204,205,206,207,208,209,304), found 504
USER	Admins	END	1633367846146
USER	Admins	END	1633367846146
REQUEST		Filtered-products	1633367816968	1633367846253	KO	status.find.in(200,201,202,203,204,205,206,207,208,209,304), found 504
USER	Admins	END	1633367846253
REQUEST		Filtered-products	1633367818233	1633367846295	OK	 
USER	Admins	END	1633367846295
REQUEST		Filtered-products	1633367817194	1633367846374	KO	status.find.in(200,201,202,203,204,205,206,207,208,209,304), found 504
USER	Admins	END	1633367846374
REQUEST		Filtered-products	1633367819635	1633367846572	OK	 
USER	Admins	END	1633367846572
REQUEST		Filtered-products	1633367825469	1633367846625	OK	 
USER	Admins	END	1633367846626
REQUEST		Filtered-products	1633367818462	1633367846858	OK	 
USER	Admins	END	1633367846858
REQUEST		Filtered-products	1633367817821	1633367846999	KO	status.find.in(200,201,202,203,204,205,206,207,208,209,304), found 504
REQUEST		Filtered-products	1633367817811	1633367846999	KO	status.find.in(200,201,202,203,204,205,206,207,208,209,304), found 504
USER	Admins	END	1633367847000
USER	Admins	END	1633367847000
REQUEST		Filtered-products	1633367817915	1633367847158	OK	 
USER	Admins	END	1633367847159
REQUEST		Filtered-products	1633367817919	1633367847161	OK	 
USER	Admins	END	1633367847162
REQUEST		Filtered-products	1633367818246	1633367847487	KO	status.find.in(200,201,202,203,204,205,206,207,208,209,304), found 504
USER	Admins	END	1633367847487
REQUEST		Filtered-products	1633367818268	1633367847489	KO	status.find.in(200,201,202,203,204,205,206,207,208,209,304), found 504
REQUEST		Filtered-products	1633367818269	1633367847489	KO	status.find.in(200,201,202,203,204,205,206,207,208,209,304), found 504
USER	Admins	END	1633367847489
USER	Admins	END	1633367847489
REQUEST		Filtered-products	1633367820132	1633367847770	OK	 
USER	Admins	END	1633367847770
REQUEST		Filtered-products	1633367818580	1633367847854	KO	status.find.in(200,201,202,203,204,205,206,207,208,209,304), found 504
USER	Admins	END	1633367847854
REQUEST		Filtered-products	1633367819967	1633367848094	OK	 
USER	Admins	END	1633367848094
REQUEST		Filtered-products	1633367820836	1633367848183	OK	 
USER	Admins	END	1633367848183
REQUEST		Filtered-products	1633367825459	1633367848196	OK	 
REQUEST		Filtered-products	1633367818904	1633367848196	KO	status.find.in(200,201,202,203,204,205,206,207,208,209,304), found 504
USER	Admins	END	1633367848196
USER	Admins	END	1633367848196
REQUEST		Filtered-products	1633367818951	1633367848201	KO	status.find.in(200,201,202,203,204,205,206,207,208,209,304), found 504
USER	Admins	END	1633367848202
REQUEST		Filtered-products	1633367818955	1633367848245	KO	status.find.in(200,201,202,203,204,205,206,207,208,209,304), found 504
USER	Admins	END	1633367848245
REQUEST		Filtered-products	1633367818957	1633367848282	KO	status.find.in(200,201,202,203,204,205,206,207,208,209,304), found 504
USER	Admins	END	1633367848282
REQUEST		Filtered-products	1633367819012	1633367848286	KO	status.find.in(200,201,202,203,204,205,206,207,208,209,304), found 504
USER	Admins	END	1633367848286
REQUEST		Filtered-products	1633367819132	1633367848394	KO	status.find.in(200,201,202,203,204,205,206,207,208,209,304), found 504
USER	Admins	END	1633367848394
REQUEST		Filtered-products	1633367819202	1633367848499	KO	status.find.in(200,201,202,203,204,205,206,207,208,209,304), found 504
USER	Admins	END	1633367848500
REQUEST		Filtered-products	1633367819287	1633367848863	KO	status.find.in(200,201,202,203,204,205,206,207,208,209,304), found 504
REQUEST		Filtered-products	1633367822331	1633367848863	OK	 
USER	Admins	END	1633367848864
USER	Admins	END	1633367848864
REQUEST		Filtered-products	1633367819390	1633367848880	KO	status.find.in(200,201,202,203,204,205,206,207,208,209,304), found 504
USER	Admins	END	1633367848881
REQUEST		Filtered-products	1633367819435	1633367848895	KO	status.find.in(200,201,202,203,204,205,206,207,208,209,304), found 504
USER	Admins	END	1633367848895
REQUEST		Filtered-products	1633367819437	1633367848895	KO	status.find.in(200,201,202,203,204,205,206,207,208,209,304), found 504
USER	Admins	END	1633367848896
REQUEST		Filtered-products	1633367819448	1633367848900	KO	status.find.in(200,201,202,203,204,205,206,207,208,209,304), found 504
USER	Admins	END	1633367848900
REQUEST		Filtered-products	1633367819715	1633367849116	KO	status.find.in(200,201,202,203,204,205,206,207,208,209,304), found 504
USER	Admins	END	1633367849116
REQUEST		Filtered-products	1633367822095	1633367849338	OK	 
USER	Admins	END	1633367849338
REQUEST		Filtered-products	1633367820141	1633367849577	KO	status.find.in(200,201,202,203,204,205,206,207,208,209,304), found 504
USER	Admins	END	1633367849577
REQUEST		Filtered-products	1633367820265	1633367849677	KO	status.find.in(200,201,202,203,204,205,206,207,208,209,304), found 504
USER	Admins	END	1633367849678
REQUEST		Filtered-products	1633367820266	1633367849679	KO	status.find.in(200,201,202,203,204,205,206,207,208,209,304), found 504
USER	Admins	END	1633367849679
REQUEST		Filtered-products	1633367820405	1633367849756	KO	status.find.in(200,201,202,203,204,205,206,207,208,209,304), found 504
USER	Admins	END	1633367849756
REQUEST		Filtered-products	1633367820852	1633367850221	KO	status.find.in(200,201,202,203,204,205,206,207,208,209,304), found 504
USER	Admins	END	1633367850221
REQUEST		Filtered-products	1633367820276	1633367850296	KO	status.find.in(200,201,202,203,204,205,206,207,208,209,304), found 504
USER	Admins	END	1633367850296
REQUEST		Filtered-products	1633367821091	1633367850296	OK	 
USER	Admins	END	1633367850297
REQUEST		Filtered-products	1633367825446	1633367850440	OK	 
USER	Admins	END	1633367850440
REQUEST		Filtered-products	1633367822108	1633367850517	OK	 
USER	Admins	END	1633367850517
REQUEST		Filtered-products	1633367821301	1633367850669	KO	status.find.in(200,201,202,203,204,205,206,207,208,209,304), found 504
USER	Admins	END	1633367850669
REQUEST		Filtered-products	1633367821358	1633367850716	KO	status.find.in(200,201,202,203,204,205,206,207,208,209,304), found 504
USER	Admins	END	1633367850717
REQUEST		Filtered-products	1633367821449	1633367850800	KO	status.find.in(200,201,202,203,204,205,206,207,208,209,304), found 504
USER	Admins	END	1633367850800
REQUEST		Filtered-products	1633367821500	1633367850801	KO	status.find.in(200,201,202,203,204,205,206,207,208,209,304), found 504
USER	Admins	END	1633367850801
REQUEST		Filtered-products	1633367821507	1633367850804	KO	status.find.in(200,201,202,203,204,205,206,207,208,209,304), found 504
USER	Admins	END	1633367850804
REQUEST		Filtered-products	1633367826187	1633367850807	OK	 
REQUEST		Filtered-products	1633367821549	1633367850807	KO	status.find.in(200,201,202,203,204,205,206,207,208,209,304), found 504
USER	Admins	END	1633367850807
USER	Admins	END	1633367850807
REQUEST		Filtered-products	1633367822561	1633367850881	OK	 
USER	Admins	END	1633367850881
REQUEST		Filtered-products	1633367821633	1633367850887	KO	status.find.in(200,201,202,203,204,205,206,207,208,209,304), found 504
USER	Admins	END	1633367850887
REQUEST		Filtered-products	1633367821797	1633367851174	KO	status.find.in(200,201,202,203,204,205,206,207,208,209,304), found 504
USER	Admins	END	1633367851175
REQUEST		Filtered-products	1633367826948	1633367851283	OK	 
USER	Admins	END	1633367851284
REQUEST		Filtered-products	1633367826278	1633367851459	OK	 
USER	Admins	END	1633367851459
REQUEST		Filtered-products	1633367822093	1633367851554	KO	status.find.in(200,201,202,203,204,205,206,207,208,209,304), found 504
USER	Admins	END	1633367851555
REQUEST		Filtered-products	1633367822119	1633367851573	KO	status.find.in(200,201,202,203,204,205,206,207,208,209,304), found 504
USER	Admins	END	1633367851574
REQUEST		Filtered-products	1633367823049	1633367851756	OK	 
USER	Admins	END	1633367851757
REQUEST		Filtered-products	1633367822425	1633367851867	KO	status.find.in(200,201,202,203,204,205,206,207,208,209,304), found 504
USER	Admins	END	1633367851868
REQUEST		Filtered-products	1633367822548	1633367851916	KO	status.find.in(200,201,202,203,204,205,206,207,208,209,304), found 504
USER	Admins	END	1633367851916
REQUEST		Filtered-products	1633367825435	1633367851935	OK	 
USER	Admins	END	1633367851936
REQUEST		Filtered-products	1633367822733	1633367852081	KO	status.find.in(200,201,202,203,204,205,206,207,208,209,304), found 504
USER	Admins	END	1633367852081
REQUEST		Filtered-products	1633367822884	1633367852193	KO	status.find.in(200,201,202,203,204,205,206,207,208,209,304), found 504
USER	Admins	END	1633367852194
REQUEST		Filtered-products	1633367823387	1633367852531	OK	 
USER	Admins	END	1633367852532
REQUEST		Filtered-products	1633367823329	1633367852662	KO	status.find.in(200,201,202,203,204,205,206,207,208,209,304), found 504
USER	Admins	END	1633367852662
REQUEST		Filtered-products	1633367823540	1633367852824	KO	status.find.in(200,201,202,203,204,205,206,207,208,209,304), found 504
REQUEST		Filtered-products	1633367823538	1633367852824	KO	status.find.in(200,201,202,203,204,205,206,207,208,209,304), found 504
USER	Admins	END	1633367852824
USER	Admins	END	1633367852824
REQUEST		Filtered-products	1633367823550	1633367852826	KO	status.find.in(200,201,202,203,204,205,206,207,208,209,304), found 504
USER	Admins	END	1633367852826
REQUEST		Filtered-products	1633367824233	1633367853736	KO	status.find.in(200,201,202,203,204,205,206,207,208,209,304), found 504
USER	Admins	END	1633367853736
REQUEST		Filtered-products	1633367824234	1633367853737	KO	status.find.in(200,201,202,203,204,205,206,207,208,209,304), found 504
REQUEST		Filtered-products	1633367824243	1633367853737	KO	status.find.in(200,201,202,203,204,205,206,207,208,209,304), found 504
USER	Admins	END	1633367853737
USER	Admins	END	1633367853737
REQUEST		Filtered-products	1633367824244	1633367853737	KO	status.find.in(200,201,202,203,204,205,206,207,208,209,304), found 504
USER	Admins	END	1633367853737
REQUEST		Filtered-products	1633367824232	1633367853738	KO	status.find.in(200,201,202,203,204,205,206,207,208,209,304), found 504
USER	Admins	END	1633367853738
REQUEST		Filtered-products	1633367824282	1633367853916	KO	status.find.in(200,201,202,203,204,205,206,207,208,209,304), found 504
USER	Admins	END	1633367853916
REQUEST		Filtered-products	1633367824409	1633367853951	KO	status.find.in(200,201,202,203,204,205,206,207,208,209,304), found 504
USER	Admins	END	1633367853951
REQUEST		Filtered-products	1633367824594	1633367854079	KO	status.find.in(200,201,202,203,204,205,206,207,208,209,304), found 504
REQUEST		Filtered-products	1633367824593	1633367854079	KO	status.find.in(200,201,202,203,204,205,206,207,208,209,304), found 504
USER	Admins	END	1633367854079
USER	Admins	END	1633367854079
REQUEST		Filtered-products	1633367824847	1633367854317	KO	status.find.in(200,201,202,203,204,205,206,207,208,209,304), found 504
USER	Admins	END	1633367854317
REQUEST		Filtered-products	1633367825439	1633367854890	KO	status.find.in(200,201,202,203,204,205,206,207,208,209,304), found 504
USER	Admins	END	1633367854890
REQUEST		Filtered-products	1633367825453	1633367854897	KO	status.find.in(200,201,202,203,204,205,206,207,208,209,304), found 504
USER	Admins	END	1633367854897
REQUEST		Filtered-products	1633367825449	1633367854906	KO	status.find.in(200,201,202,203,204,205,206,207,208,209,304), found 504
USER	Admins	END	1633367854906
REQUEST		Filtered-products	1633367825477	1633367854998	KO	status.find.in(200,201,202,203,204,205,206,207,208,209,304), found 504
USER	Admins	END	1633367854998
REQUEST		Filtered-products	1633367825514	1633367854999	KO	status.find.in(200,201,202,203,204,205,206,207,208,209,304), found 504
USER	Admins	END	1633367854999
REQUEST		Filtered-products	1633367825494	1633367855000	KO	status.find.in(200,201,202,203,204,205,206,207,208,209,304), found 504
REQUEST		Filtered-products	1633367825481	1633367855000	KO	status.find.in(200,201,202,203,204,205,206,207,208,209,304), found 504
USER	Admins	END	1633367855000
USER	Admins	END	1633367855000
REQUEST		Filtered-products	1633367825495	1633367855001	KO	status.find.in(200,201,202,203,204,205,206,207,208,209,304), found 504
USER	Admins	END	1633367855002
REQUEST		Filtered-products	1633367825514	1633367855003	KO	status.find.in(200,201,202,203,204,205,206,207,208,209,304), found 504
USER	Admins	END	1633367855003
REQUEST		Filtered-products	1633367826125	1633367855684	KO	status.find.in(200,201,202,203,204,205,206,207,208,209,304), found 504
USER	Admins	END	1633367855684
REQUEST		Filtered-products	1633367826134	1633367855694	KO	status.find.in(200,201,202,203,204,205,206,207,208,209,304), found 504
REQUEST		Filtered-products	1633367826168	1633367855694	KO	status.find.in(200,201,202,203,204,205,206,207,208,209,304), found 504
USER	Admins	END	1633367855695
USER	Admins	END	1633367855695
REQUEST		Filtered-products	1633367826187	1633367855696	KO	status.find.in(200,201,202,203,204,205,206,207,208,209,304), found 504
USER	Admins	END	1633367855697
REQUEST		Filtered-products	1633367826277	1633367855706	KO	status.find.in(200,201,202,203,204,205,206,207,208,209,304), found 504
REQUEST		Filtered-products	1633367826275	1633367855706	KO	status.find.in(200,201,202,203,204,205,206,207,208,209,304), found 504
REQUEST		Filtered-products	1633367826274	1633367855706	KO	status.find.in(200,201,202,203,204,205,206,207,208,209,304), found 504
REQUEST		Filtered-products	1633367826278	1633367855706	KO	status.find.in(200,201,202,203,204,205,206,207,208,209,304), found 504
USER	Admins	END	1633367855706
USER	Admins	END	1633367855706
USER	Admins	END	1633367855706
USER	Admins	END	1633367855706
REQUEST		Filtered-products	1633367826748	1633367856170	KO	status.find.in(200,201,202,203,204,205,206,207,208,209,304), found 504
REQUEST		Filtered-products	1633367826750	1633367856170	KO	status.find.in(200,201,202,203,204,205,206,207,208,209,304), found 504
USER	Admins	END	1633367856170
USER	Admins	END	1633367856170
REQUEST		Filtered-products	1633367826948	1633367856351	OK	 
USER	Admins	END	1633367856351
REQUEST		Filtered-products	1633367826948	1633367856452	KO	status.find.in(200,201,202,203,204,205,206,207,208,209,304), found 504
REQUEST		Filtered-products	1633367826947	1633367856452	KO	status.find.in(200,201,202,203,204,205,206,207,208,209,304), found 504
REQUEST		Filtered-products	1633367826950	1633367856452	KO	status.find.in(200,201,202,203,204,205,206,207,208,209,304), found 504
REQUEST		Filtered-products	1633367826948	1633367856452	KO	status.find.in(200,201,202,203,204,205,206,207,208,209,304), found 504
USER	Admins	END	1633367856453
USER	Admins	END	1633367856453
USER	Admins	END	1633367856453
USER	Admins	END	1633367856453
REQUEST		Filtered-products	1633367826950	1633367856460	KO	status.find.in(200,201,202,203,204,205,206,207,208,209,304), found 504
USER	Admins	END	1633367856460
REQUEST		Filtered-products	1633367826950	1633367856465	KO	status.find.in(200,201,202,203,204,205,206,207,208,209,304), found 504
USER	Admins	END	1633367856465
REQUEST		Filtered-products	1633367826197	1633367856465	KO	status.find.in(200,201,202,203,204,205,206,207,208,209,304), found 504
USER	Admins	END	1633367856466
REQUEST		Filtered-products	1633367826950	1633367856466	KO	status.find.in(200,201,202,203,204,205,206,207,208,209,304), found 504
REQUEST		Filtered-products	1633367826950	1633367856466	KO	status.find.in(200,201,202,203,204,205,206,207,208,209,304), found 504
USER	Admins	END	1633367856466
USER	Admins	END	1633367856466
