RUN	com.gatling.simulations.Mapi	mapi	1626215373097	 	3.5.1
USER	Users	START	1626215375069
USER	Users	START	1626215375069
USER	Users	START	1626215375069
USER	Users	START	1626215375069
USER	Users	START	1626215375069
USER	Users	START	1626215375069
USER	Users	START	1626215375069
USER	Users	START	1626215375069
USER	Users	START	1626215375069
USER	Users	START	1626215375069
REQUEST		Test	1626215375120	1626215375668	KO	status.find.in(200,201,202,203,204,205,206,207,208,209,304), found 403
REQUEST		Test	1626215375120	1626215375668	KO	status.find.in(200,201,202,203,204,205,206,207,208,209,304), found 403
REQUEST		Test	1626215375120	1626215375694	KO	status.find.in(200,201,202,203,204,205,206,207,208,209,304), found 403
REQUEST		Test	1626215375120	1626215375668	KO	status.find.in(200,201,202,203,204,205,206,207,208,209,304), found 403
REQUEST		Test	1626215375120	1626215375668	KO	status.find.in(200,201,202,203,204,205,206,207,208,209,304), found 403
REQUEST		Test	1626215375120	1626215375729	KO	status.find.in(200,201,202,203,204,205,206,207,208,209,304), found 403
REQUEST		Test	1626215375120	1626215375729	KO	status.find.in(200,201,202,203,204,205,206,207,208,209,304), found 403
REQUEST		Test	1626215375120	1626215375735	KO	status.find.in(200,201,202,203,204,205,206,207,208,209,304), found 403
REQUEST		Test	1626215375120	1626215375793	KO	status.find.in(200,201,202,203,204,205,206,207,208,209,304), found 403
REQUEST		Test	1626215375120	1626215375794	KO	status.find.in(200,201,202,203,204,205,206,207,208,209,304), found 403
USER	Users	END	1626215376802
USER	Users	END	1626215376986
USER	Users	END	1626215377094
USER	Users	END	1626215377137
USER	Users	END	1626215377143
USER	Users	END	1626215377245
USER	Users	END	1626215377251
USER	Users	END	1626215377290
USER	Users	END	1626215377350
USER	Users	END	1626215377404
