RUN	com.gatling.simulations.Mapi	mapi	1633142316014	 	3.5.1
ERROR	PROG: Failed to build request: No baseUrl defined but provided url is relative :  	1633142318773
USER	Admins	START	1633142318768
ERROR	PROG: Failed to build request: No baseUrl defined but provided url is relative :  	1633142318968
USER	Admins	START	1633142318968
ERROR	PROG: Failed to build request: No baseUrl defined but provided url is relative :  	1633142319167
USER	Admins	START	1633142319167
ERROR	PROG: Failed to build request: No baseUrl defined but provided url is relative :  	1633142319369
USER	Admins	START	1633142319368
ERROR	PROG: Failed to build request: No baseUrl defined but provided url is relative :  	1633142319570
USER	Admins	START	1633142319570
ERROR	PROG: Failed to build request: No baseUrl defined but provided url is relative :  	1633142319771
USER	Admins	START	1633142319771
USER	Admins	END	1633142319785
ERROR	PROG: Failed to build request: No baseUrl defined but provided url is relative :  	1633142319964
USER	Admins	START	1633142319964
USER	Admins	END	1633142319974
ERROR	PROG: Failed to build request: No baseUrl defined but provided url is relative :  	1633142320165
USER	Admins	START	1633142320165
USER	Admins	END	1633142320173
ERROR	PROG: Failed to build request: No baseUrl defined but provided url is relative :  	1633142320366
USER	Admins	START	1633142320366
USER	Admins	END	1633142320374
ERROR	PROG: Failed to build request: No baseUrl defined but provided url is relative :  	1633142320566
USER	Admins	START	1633142320566
USER	Admins	END	1633142320575
ERROR	PROG: Failed to build request: No baseUrl defined but provided url is relative :  	1633142320766
USER	Admins	START	1633142320766
USER	Admins	END	1633142320774
ERROR	PROG: Failed to build request: No baseUrl defined but provided url is relative :  	1633142320965
USER	Admins	START	1633142320965
USER	Admins	END	1633142320970
ERROR	PROG: Failed to build request: No baseUrl defined but provided url is relative :  	1633142321165
USER	Admins	START	1633142321165
USER	Admins	END	1633142321170
ERROR	PROG: Failed to build request: No baseUrl defined but provided url is relative :  	1633142321364
USER	Admins	START	1633142321364
USER	Admins	END	1633142321371
ERROR	PROG: Failed to build request: No baseUrl defined but provided url is relative :  	1633142321566
USER	Admins	START	1633142321566
USER	Admins	END	1633142321571
ERROR	PROG: Failed to build request: No baseUrl defined but provided url is relative :  	1633142321765
USER	Admins	START	1633142321765
USER	Admins	END	1633142321772
ERROR	PROG: Failed to build request: No baseUrl defined but provided url is relative :  	1633142321965
USER	Admins	START	1633142321965
USER	Admins	END	1633142321970
ERROR	PROG: Failed to build request: No baseUrl defined but provided url is relative :  	1633142322165
USER	Admins	START	1633142322165
USER	Admins	END	1633142322170
ERROR	PROG: Failed to build request: No baseUrl defined but provided url is relative :  	1633142322365
USER	Admins	START	1633142322365
USER	Admins	END	1633142322369
ERROR	PROG: Failed to build request: No baseUrl defined but provided url is relative :  	1633142322565
USER	Admins	START	1633142322565
USER	Admins	END	1633142322571
ERROR	PROG: Failed to build request: No baseUrl defined but provided url is relative :  	1633142322766
USER	Admins	START	1633142322766
USER	Admins	END	1633142322771
ERROR	PROG: Failed to build request: No baseUrl defined but provided url is relative :  	1633142322966
USER	Admins	START	1633142322966
USER	Admins	END	1633142322970
ERROR	PROG: Failed to build request: No baseUrl defined but provided url is relative :  	1633142323166
USER	Admins	START	1633142323166
USER	Admins	END	1633142323170
ERROR	PROG: Failed to build request: No baseUrl defined but provided url is relative :  	1633142323366
USER	Admins	START	1633142323366
USER	Admins	END	1633142323370
ERROR	PROG: Failed to build request: No baseUrl defined but provided url is relative :  	1633142323567
USER	Admins	START	1633142323567
USER	Admins	END	1633142323569
ERROR	PROG: Failed to build request: No baseUrl defined but provided url is relative :  	1633142323767
USER	Admins	START	1633142323767
USER	Admins	END	1633142323770
ERROR	PROG: Failed to build request: No baseUrl defined but provided url is relative :  	1633142323965
USER	Admins	START	1633142323965
USER	Admins	END	1633142323971
ERROR	PROG: Failed to build request: No baseUrl defined but provided url is relative :  	1633142324166
USER	Admins	START	1633142324166
USER	Admins	END	1633142324171
ERROR	PROG: Failed to build request: No baseUrl defined but provided url is relative :  	1633142324365
USER	Admins	START	1633142324365
USER	Admins	END	1633142324372
ERROR	PROG: Failed to build request: No baseUrl defined but provided url is relative :  	1633142324565
USER	Admins	START	1633142324565
USER	Admins	END	1633142324572
ERROR	PROG: Failed to build request: No baseUrl defined but provided url is relative :  	1633142324766
USER	Admins	START	1633142324766
USER	Admins	END	1633142324771
ERROR	PROG: Failed to build request: No baseUrl defined but provided url is relative :  	1633142324965
USER	Admins	START	1633142324965
USER	Admins	END	1633142324970
ERROR	PROG: Failed to build request: No baseUrl defined but provided url is relative :  	1633142325166
USER	Admins	START	1633142325166
USER	Admins	END	1633142325171
ERROR	PROG: Failed to build request: No baseUrl defined but provided url is relative :  	1633142325366
USER	Admins	START	1633142325366
USER	Admins	END	1633142325368
ERROR	PROG: Failed to build request: No baseUrl defined but provided url is relative :  	1633142325567
USER	Admins	START	1633142325567
USER	Admins	END	1633142325571
ERROR	PROG: Failed to build request: No baseUrl defined but provided url is relative :  	1633142325766
USER	Admins	START	1633142325766
USER	Admins	END	1633142325772
ERROR	PROG: Failed to build request: No baseUrl defined but provided url is relative :  	1633142325965
USER	Admins	START	1633142325965
USER	Admins	END	1633142325971
ERROR	PROG: Failed to build request: No baseUrl defined but provided url is relative :  	1633142326166
USER	Admins	START	1633142326166
USER	Admins	END	1633142326171
ERROR	PROG: Failed to build request: No baseUrl defined but provided url is relative :  	1633142326366
USER	Admins	START	1633142326366
USER	Admins	END	1633142326371
ERROR	PROG: Failed to build request: No baseUrl defined but provided url is relative :  	1633142326565
USER	Admins	START	1633142326565
USER	Admins	END	1633142326574
ERROR	PROG: Failed to build request: No baseUrl defined but provided url is relative :  	1633142326766
USER	Admins	START	1633142326766
USER	Admins	END	1633142326771
ERROR	PROG: Failed to build request: No baseUrl defined but provided url is relative :  	1633142326965
USER	Admins	START	1633142326965
USER	Admins	END	1633142326970
ERROR	PROG: Failed to build request: No baseUrl defined but provided url is relative :  	1633142327165
USER	Admins	START	1633142327165
USER	Admins	END	1633142327173
ERROR	PROG: Failed to build request: No baseUrl defined but provided url is relative :  	1633142327365
USER	Admins	START	1633142327365
USER	Admins	END	1633142327372
ERROR	PROG: Failed to build request: No baseUrl defined but provided url is relative :  	1633142327568
USER	Admins	START	1633142327567
USER	Admins	END	1633142327573
ERROR	PROG: Failed to build request: No baseUrl defined but provided url is relative :  	1633142327767
USER	Admins	START	1633142327767
USER	Admins	END	1633142327773
ERROR	PROG: Failed to build request: No baseUrl defined but provided url is relative :  	1633142327966
USER	Admins	START	1633142327965
USER	Admins	END	1633142327971
ERROR	PROG: Failed to build request: No baseUrl defined but provided url is relative :  	1633142328165
USER	Admins	START	1633142328165
USER	Admins	END	1633142328171
ERROR	PROG: Failed to build request: No baseUrl defined but provided url is relative :  	1633142328367
USER	Admins	START	1633142328367
USER	Admins	END	1633142328371
ERROR	