RUN	com.gatling.simulations.Products	products	1626497391598	 	3.5.1
USER	Users	START	1626497394027
USER	Users	START	1626497394192
USER	Users	START	1626497394360
USER	Users	START	1626497394525
USER	Users	START	1626497394694
USER	Users	START	1626497394857
USER	Users	START	1626497395025
USER	Users	START	1626497395186
USER	Users	START	1626497395354
REQUEST		Products 1	1626497394192	1626497395509	OK	 
USER	Users	START	1626497395521
REQUEST		Products 1	1626497394044	1626497395529	OK	 
REQUEST		Products 1	1626497394525	1626497395592	OK	 
USER	Users	START	1626497395686
USER	Users	START	1626497395856
USER	Users	START	1626497396025
REQUEST		Products 1	1626497394857	1626497396035	OK	 
REQUEST		Products 1	1626497394694	1626497396061	OK	 
REQUEST		Products 1	1626497394360	1626497396101	OK	 
USER	Users	START	1626497396187
REQUEST		Products 1	1626497395355	1626497396216	OK	 
REQUEST		Products 1	1626497395026	1626497396333	OK	 
USER	Users	START	1626497396352
REQUEST		Products 1	1626497395521	1626497396428	OK	 
REQUEST		Products 1	1626497395186	1626497396479	OK	 
USER	Users	START	1626497396521
USER	Users	START	1626497396688
REQUEST		Products 1	1626497395687	1626497396692	OK	 
REQUEST		Products 1	1626497395857	1626497396766	OK	 
REQUEST		Products 1	1626497396025	1626497396776	OK	 
USER	Users	START	1626497396856
REQUEST		Products 2	1626497396524	1626497396986	OK	 
REQUEST		Products 2	1626497396533	1626497397005	OK	 
USER	Users	START	1626497397024
REQUEST		Products 1	1626497396353	1626497397132	OK	 
USER	Users	START	1626497397187
REQUEST		Products 2	1626497396595	1626497397281	OK	 
USER	Users	START	1626497397354
REQUEST		Products 1	1626497396689	1626497397458	OK	 
REQUEST		Products 2	1626497397041	1626497397501	OK	 
USER	Users	START	1626497397521
REQUEST		Products 2	1626497397105	1626497397547	OK	 
REQUEST		Products 1	1626497396188	1626497397547	OK	 
REQUEST		Products 2	1626497397066	1626497397548	OK	 
REQUEST		Products 1	1626497396522	1626497397574	OK	 
USER	Users	START	1626497397685
REQUEST		Products 1	1626497396856	1626497397772	OK	 
REQUEST		Products 2	1626497397430	1626497397797	OK	 
USER	Users	START	1626497397853
REQUEST		Products 2	1626497397339	1626497397885	OK	 
REQUEST		Products 2	1626497397484	1626497397907	OK	 
REQUEST		Products 1	1626497397025	1626497397961	OK	 
USER	Users	START	1626497398019
REQUEST		Products 1	1626497397188	1626497398027	OK	 
REQUEST		Products 2	1626497397692	1626497398107	OK	 
USER	Users	START	1626497398186
USER	Users	START	1626497398355
REQUEST		Products 2	1626497397768	1626497398399	OK	 
REQUEST		Products 1	1626497397685	1626497398459	OK	 
REQUEST		Products 1	1626497397355	1626497398467	OK	 
USER	Users	START	1626497398523
REQUEST		Products 2	1626497398135	1626497398569	OK	 
REQUEST		Products 3	1626497398006	1626497398589	OK	 
REQUEST		Products 3	1626497398283	1626497398613	OK	 
USER	Users	START	1626497398688
REQUEST		Products 2	1626497397218	1626497398697	OK	 
REQUEST		Products 1	1626497397854	1626497398714	OK	 
REQUEST		Products 1	1626497398020	1626497398768	OK	 
REQUEST		Products 2	1626497397778	1626497398779	OK	 
USER	Users	START	1626497398854
REQUEST		Products 1	1626497397521	1626497398860	OK	 
REQUEST		Products 3	1626497398548	1626497398862	OK	 
REQUEST		Products 2	1626497398464	1626497398873	OK	 
REQUEST		Products 3	1626497397990	1626497398920	OK	 
REQUEST		Products 3	1626497398549	1626497398921	OK	 
REQUEST		Products 2	1626497398577	1626497399110	OK	 
REQUEST		Products 1	1626497398355	1626497399127	OK	 
REQUEST		Products 2	1626497398775	1626497399246	OK	 
REQUEST		Products 3	1626497398891	1626497399246	OK	 
REQUEST		Products 3	1626497398912	1626497399316	OK	 
REQUEST		Products 3	1626497398801	1626497399343	OK	 
REQUEST		Products 2	1626497399029	1626497399387	OK	 
REQUEST		Products 2	1626497398962	1626497399474	OK	 
REQUEST		Products 1	1626497398523	1626497399476	OK	 
REQUEST		Products 2	1626497398548	1626497399495	OK	 
REQUEST		Products 1	1626497398187	1626497399710	OK	 
REQUEST		Products 3	1626497398504	1626497399813	OK	 
REQUEST		Products 3	1626497399404	1626497399821	OK	 
REQUEST		Products 2	1626497399461	1626497399888	OK	 
REQUEST		Products 3	1626497399111	1626497399923	OK	 
REQUEST		Products 3	1626497399571	1626497400007	OK	 
REQUEST		Products 2	1626497399718	1626497400116	OK	 
REQUEST		Products 2	1626497399472	1626497400131	OK	 
REQUEST		Products 1	1626497398689	1626497400136	OK	 
REQUEST		Products 2	1626497399772	1626497400193	OK	 
REQUEST		Products 1	1626497398854	1626497400269	OK	 
REQUEST		Products 4	1626497399616	1626497400296	OK	 
REQUEST		Products 3	1626497399878	1626497400351	OK	 
REQUEST		Products 4	1626497399595	1626497400395	OK	 
REQUEST		Products 4	1626497399925	1626497400396	OK	 
REQUEST		Products 4	1626497399864	1626497400422	OK	 
REQUEST		Products 2	1626497399864	1626497400453	OK	 
REQUEST		Products 3	1626497400251	1626497400606	OK	 
REQUEST		Products 4	1626497399925	1626497400658	OK	 
REQUEST		Products 3	1626497399782	1626497400658	OK	 
REQUEST		Products 2	1626497400132	1626497400711	OK	 
REQUEST		Products 3	1626497399698	1626497400789	OK	 
REQUEST		Products 4	1626497400323	1626497400798	OK	 
REQUEST		Products 3	1626497400498	1626497400823	OK	 
REQUEST		Products 3	1626497400111	1626497401027	OK	 
REQUEST		Products 2	1626497400477	1626497401150	OK	 
REQUEST		Products 2	1626497400715	1626497401162	OK	 
REQUEST		Products 3	1626497400894	1626497401233	OK	 
REQUEST		Products 4	1626497400817	1626497401233	OK	 
REQUEST		Products 4	1626497400827	1626497401318	OK	 
REQUEST		Products 4	1626497401010	1626497401353	OK	 
REQUEST		Products 4	1626497400925	1626497401388	OK	 
REQUEST		Products 3	1626497400475	1626497401433	OK	 
REQUEST		Products 3	1626497401120	1626497401452	OK	 
REQUEST		Products 3	1626497400392	1626497401532	OK	 
REQUEST		Products 3	1626497401133	1626497401538	OK	 
REQUEST		Products 4	1626497400346	1626497401552	OK	 
REQUEST		Products 4	1626497400251	1626497401596	OK	 
REQUEST		Products 2	1626497401274	1626497401749	OK	 
REQUEST		MF Products 5	1626497401301	1626497401830	OK	 
REQUEST		MF Products 5	1626497401397	1626497401842	OK	 
REQUEST		Products 3	1626497401195	1626497401842	OK	 
REQUEST		Products 3	1626497401457	1626497401898	OK	 
REQUEST		Products 4	1626497401610	1626497402026	OK	 
REQUEST		MF Products 5	1626497401401	1626497402055	OK	 
REQUEST		Products 4	1626497401355	1626497402106	OK	 
REQUEST		Products 2	1626497401141	1626497402116	OK	 
REQUEST		MF Products 5	1626497401427	1626497402164	OK	 
REQUEST		MF Products 5	1626497401802	1626497402265	OK	 
REQUEST		Products 4	1626497401659	1626497402286	OK	 
REQUEST		Products 4	1626497401824	1626497402311	OK	 
REQUEST		Products 4	1626497401791	1626497402393	OK	 
REQUEST		MF Products 5	1626497401659	1626497402447	OK	 
REQUEST		Products 4	1626497402032	1626497402553	OK	 
REQUEST		Products 3	1626497402151	1626497402823	OK	 
REQUEST		MF Products 5	1626497402389	1626497402928	OK	 
REQUEST		MF Products 5	1626497402322	1626497402951	OK	 
REQUEST		Products 4	1626497402456	1626497402953	OK	 
REQUEST		Products 4	1626497402533	1626497403093	OK	 
REQUEST		Products 3	1626497401712	1626497403132	OK	 
REQUEST		MF Products 5	1626497402598	1626497403170	OK	 
REQUEST		MF Products 5	1626497402555	1626497403182	OK	 
REQUEST		Products 4	1626497402538	1626497403202	OK	 
REQUEST		Products 4	1626497402435	1626497403290	OK	 
REQUEST		Products 3	1626497402750	1626497403305	OK	 
REQUEST		MF Products 6	1626497402836	1626497403584	OK	 
REQUEST		Products 3	1626497403117	1626497403690	OK	 
REQUEST		MF Products 5	1626497402354	1626497403697	OK	 
REQUEST		MF Products 5	1626497403291	1626497403698	OK	 
REQUEST		MF Products 5	1626497403395	1626497403722	OK	 
REQUEST		MF Products 6	1626497403270	1626497403910	OK	 
REQUEST		Products 4	1626497402233	1626497403911	OK	 
REQUEST		MF Products 5	1626497403557	1626497403942	OK	 
REQUEST		MF Products 5	1626497402235	1626497403972	OK	 
REQUEST		Products 3	1626497402165	1626497404088	OK	 
REQUEST		MF Products 6	1626497403451	1626497404158	OK	 
REQUEST		MF Products 5	1626497403312	1626497404185	OK	 
REQUEST		MF Products 5	1626497403027	1626497404201	OK	 
REQUEST		Products 4	1626497403824	1626497404238	OK	 
REQUEST		MF Products 6	1626497403165	1626497404263	OK	 
REQUEST		Products 4	1626497402843	1626497404263	OK	 
REQUEST		MF Products 5	1626497403958	1626497404353	OK	 
REQUEST		MF Products 6	1626497403058	1626497404359	OK	 
REQUEST		MF Products 6	1626497404174	1626497404524	OK	 
REQUEST		Products 4	1626497402900	1626497404530	OK	 
REQUEST		MF Products 6	1626497402843	1626497404585	OK	 
REQUEST		MF Products 5	1626497404206	1626497404633	OK	 
REQUEST		Products 4	1626497404309	1626497404700	OK	 
REQUEST		MF Products 5	1626497404098	1626497404729	OK	 
REQUEST		MF Products 6	1626497403931	1626497404753	OK	 
REQUEST		MF Products 6	1626497403953	1626497404788	OK	 
REQUEST		Products 4	1626497404135	1626497404796	OK	 
REQUEST		MF Products 5	1626497403110	1626497404925	OK	 
REQUEST		MF Products 5	1626497404294	1626497404938	OK	 
REQUEST		MF Products 6	1626497404186	1626497404968	OK	 
REQUEST		MF Products 7	1626497404585	1626497405052	OK	 
REQUEST		Products 4	1626497404693	1626497405067	OK	 
REQUEST		MF Products 6	1626497404724	1626497405149	OK	 
REQUEST		MF Products 6	1626497404698	1626497405173	OK	 
REQUEST		MF Products 6	1626497404701	1626497405191	OK	 
REQUEST		MF Products 6	1626497404944	1626497405341	OK	 
REQUEST		MF Products 6	1626497404977	1626497405372	OK	 
REQUEST		Products 4	1626497405094	1626497405438	OK	 
REQUEST		MF Products 7	1626497404915	1626497405452	OK	 
REQUEST		MF Products 7	1626497405160	1626497405543	OK	 
REQUEST		MF Products 5	1626497404915	1626497405566	OK	 
REQUEST		MF Products 7	1626497405265	1626497405618	OK	 
REQUEST		MF Products 7	1626497405361	1626497405643	OK	 
REQUEST		MF Products 6	1626497405189	1626497405678	OK	 
REQUEST		MF Products 5	1626497405265	1626497405712	OK	 
REQUEST		MF Products 6	1626497405205	1626497405712	OK	 
REQUEST		MF Products 6	1626497405358	1626497405741	OK	 
REQUEST		MF Products 5	1626497405243	1626497405762	OK	 
REQUEST		MF Products 7	1626497405529	1626497405808	OK	 
REQUEST		MF Products 7	1626497405586	1626497405848	OK	 
REQUEST		MF Products 5	1626497405535	1626497405962	OK	 
REQUEST		MF Products 5	1626497405704	1626497406133	OK	 
REQUEST		MF Products 6	1626497405634	1626497406141	OK	 
REQUEST		MF Products 7	1626497405791	1626497406157	OK	 
REQUEST		MF Products 6	1626497405731	1626497406173	OK	 
REQUEST		MF Products 7	1626497405755	1626497406200	OK	 
REQUEST		MF Products 7	1626497405973	1626497406273	OK	 
REQUEST		MF Products 5	1626497405797	1626497406277	OK	 
REQUEST		MF Products 6	1626497405926	1626497406305	OK	 
REQUEST		MF Products 6	1626497405941	1626497406306	OK	 
REQUEST		MF Products 7	1626497406196	1626497406480	OK	 
REQUEST		MF Products 7	1626497406155	1626497406610	OK	 
REQUEST		MF Products 7	1626497406174	1626497406631	OK	 
REQUEST		MF Products 7	1626497406374	1626497406640	OK	 
REQUEST		MF Products 8	1626497406054	1626497406797	OK	 
REQUEST		MF Products 7	1626497406347	1626497406961	OK	 
REQUEST		MF Products 7	1626497406742	1626497407053	OK	 
REQUEST		MF Products 7	1626497406713	1626497407125	OK	 
REQUEST		MF Products 6	1626497406567	1626497407140	OK	 
REQUEST		MF Products 6	1626497406713	1626497407191	OK	 
REQUEST		MF Products 5	1626497406443	1626497407257	OK	 
REQUEST		MF Products 8	1626497406545	1626497407264	OK	 
REQUEST		MF Products 6	1626497406768	1626497407328	OK	 
REQUEST		MF Products 6	1626497406965	1626497407376	OK	 
REQUEST		MF Products 8	1626497406854	1626497407402	OK	 
REQUEST		MF Products 8	1626497406812	1626497407427	OK	 
REQUEST		MF Products 8	1626497406621	1626497407463	OK	 
REQUEST		MF Products 6	1626497407135	1626497407568	OK	 
REQUEST		MF Products 7	1626497407307	1626497407610	OK	 
REQUEST		MF Products 5	1626497406072	1626497407752	OK	 
REQUEST		MF Products 8	1626497406454	1626497407791	OK	 
USER	Users	END	1626497407804
REQUEST		MF Products 8	1626497407481	1626497407854	OK	 
REQUEST		MF Products 8	1626497407202	1626497407915	OK	 
REQUEST		MF Products 7	1626497407307	1626497407915	OK	 
REQUEST		MF Products 7	1626497406683	1626497408001	OK	 
REQUEST		MF Products 6	1626497407281	1626497408080	OK	 
REQUEST		MF Products 8	1626497407632	1626497408115	OK	 
REQUEST		MF Products 8	1626497407644	1626497408129	OK	 
REQUEST		MF Products 8	1626497406648	1626497408158	OK	 
REQUEST		MF Products 7	1626497407177	1626497408211	OK	 
USER	Users	END	1626497408269
REQUEST		MF Products 8	1626497407275	1626497408300	OK	 
USER	Users	END	1626497408406
USER	Users	END	1626497408430
REQUEST		MF Products 7	1626497408145	1626497408433	OK	 
REQUEST		MF Products 8	1626497407163	1626497408447	OK	 
REQUEST		MF Products 7	1626497408192	1626497408455	OK	 
USER	Users	END	1626497408465
REQUEST		MF Products 8	1626497407963	1626497408467	OK	 
REQUEST		MF Products 8	1626497407612	1626497408520	OK	 
REQUEST		MF Products 8	1626497408127	1626497408573	OK	 
USER	Users	END	1626497408795
REQUEST		MF Products 7	1626497408382	1626497408814	OK	 
REQUEST		MF Products 7	1626497407143	1626497408822	OK	 
REQUEST		MF Products 7	1626497408332	1626497408853	OK	 
USER	Users	END	1626497408860
REQUEST		MF Products 7	1626497408574	1626497408869	OK	 
USER	Users	END	1626497408918
REQUEST		MF Products 8	1626497408053	1626497408967	OK	 
REQUEST		MF Products 6	1626497408258	1626497408971	OK	 
USER	Users	END	1626497409120
USER	Users	END	1626497409131
REQUEST		MF Products 8	1626497408612	1626497409156	OK	 
USER	Users	END	1626497409163
USER	Users	END	1626497409306
REQUEST		MF Products 8	1626497408917	1626497409308	OK	 
REQUEST		MF Products 6	1626497408757	1626497409317	OK	 
USER	Users	END	1626497409450
USER	Users	END	1626497409471
USER	Users	END	1626497409525
USER	Users	END	1626497409574
REQUEST		MF Products 7	1626497409082	1626497409578	OK	 
REQUEST		MF Products 8	1626497409213	1626497409616	OK	 
REQUEST		MF Products 8	1626497409003	1626497409781	OK	 
REQUEST		MF Products 8	1626497409435	1626497409781	OK	 
REQUEST		MF Products 8	1626497409457	1626497409897	OK	 
USER	Users	END	1626497409969
USER	Users	END	1626497410163
REQUEST		MF Products 8	1626497409824	1626497410265	OK	 
REQUEST		MF Products 8	1626497409856	1626497410290	OK	 
REQUEST		MF Products 8	1626497409874	1626497410290	OK	 
USER	Users	END	1626497410313
REQUEST		MF Products 7	1626497409974	1626497410404	OK	 
REQUEST		MF Products 7	1626497410323	1626497410527	OK	 
REQUEST		MF Products 8	1626497409816	1626497410578	OK	 
USER	Users	END	1626497410620
USER	Users	END	1626497410783
USER	Users	END	1626497410783
USER	Users	END	1626497410904
USER	Users	END	1626497411270
REQUEST		MF Products 8	1626497410581	1626497411276	OK	 
USER	Users	END	1626497411291
USER	Users	END	1626497411291
USER	Users	END	1626497411579
REQUEST		MF Products 8	1626497411407	1626497411847	OK	 
REQUEST		MF Products 8	1626497411531	1626497411948	OK	 
USER	Users	END	1626497412281
USER	Users	END	1626497412852
USER	Users	END	1626497412950
