RUN	com.gatling.simulations.Mapi	mapi	1626215424882	 	3.5.1
USER	Admins	START	1626215427297
USER	Admins	START	1626215427499
USER	Admins	START	1626215427697
USER	Admins	START	1626215427901
USER	Admins	START	1626215428102
USER	Admins	START	1626215428306
USER	Admins	START	1626215428484
USER	Admins	START	1626215428684
USER	Admins	START	1626215428884
USER	Admins	START	1626215429081
REQUEST		AddToCart	1626215427499	1626215429119	KO	status.find.in(200,201,202,203,204,205,206,207,208,209,304), found 500
USER	Admins	START	1626215429284
USER	Admins	START	1626215429481
USER	Admins	START	1626215429684
REQUEST		AddToCart	1626215427698	1626215429798	KO	status.find.in(200,201,202,203,204,205,206,207,208,209,304), found 500
REQUEST		AddToCart	1626215427333	1626215429812	OK	 
USER	Admins	START	1626215429883
USER	Admins	START	1626215430081
USER	Admins	END	1626215430137
USER	Admins	START	1626215430284
USER	Admins	START	1626215430480
USER	Admins	START	1626215430684
USER	Admins	END	1626215430804
USER	Admins	END	1626215430818
USER	Admins	START	1626215430883
REQUEST		AddToCart	1626215428308	1626215431047	KO	status.find.in(200,201,202,203,204,205,206,207,208,209,304), found 500
USER	Admins	START	1626215431080
REQUEST		AddToCart	1626215428103	1626215431105	KO	status.find.in(200,201,202,203,204,205,206,207,208,209,304), found 500
REQUEST		AddToCart	1626215428484	1626215431213	KO	status.find.in(200,201,202,203,204,205,206,207,208,209,304), found 500
USER	Admins	START	1626215431284
REQUEST		AddToCart	1626215428684	1626215431424	KO	status.find.in(200,201,202,203,204,205,206,207,208,209,304), found 500
REQUEST		AddToCart	1626215427901	1626215431427	KO	status.find.in(200,201,202,203,204,205,206,207,208,209,304), found 500
USER	Admins	START	1626215431479
USER	Admins	START	1626215431683
USER	Admins	START	1626215431881
USER	Admins	END	1626215432052
USER	Admins	START	1626215432084
USER	Admins	END	1626215432111
USER	Admins	END	1626215432219
USER	Admins	START	1626215432284
REQUEST		AddToCart	1626215429082	1626215432327	KO	status.find.in(200,201,202,203,204,205,206,207,208,209,304), found 500
USER	Admins	END	1626215432428
USER	Admins	END	1626215432431
USER	Admins	START	1626215432479
REQUEST		AddToCart	1626215429284	1626215432605	KO	status.find.in(200,201,202,203,204,205,206,207,208,209,304), found 500
REQUEST		AddToCart	1626215428884	1626215432645	OK	 
USER	Admins	START	1626215432681
USER	Admins	START	1626215432879
USER	Admins	START	1626215433083
USER	Admins	START	1626215433284
USER	Admins	END	1626215433333
USER	Admins	START	1626215433480
USER	Admins	END	1626215433609
USER	Admins	END	1626215433648
USER	Admins	START	1626215433684
REQUEST		AddToCart	1626215430082	1626215433815	KO	status.find.in(200,201,202,203,204,205,206,207,208,209,304), found 500
USER	Admins	START	1626215433885
REQUEST		AddToCart	1626215429884	1626215433892	KO	status.find.in(200,201,202,203,204,205,206,207,208,209,304), found 500
REQUEST		AddToCart	1626215429684	1626215433951	KO	status.find.in(200,201,202,203,204,205,206,207,208,209,304), found 500
USER	Admins	START	1626215434083
REQUEST		AddToCart	1626215429482	1626215434197	KO	status.find.in(200,201,202,203,204,205,206,207,208,209,304), found 500
REQUEST		AddToCart	1626215430284	1626215434226	KO	status.find.in(200,201,202,203,204,205,206,207,208,209,304), found 500
USER	Admins	START	1626215434285
REQUEST		AddToCart	1626215430481	1626215434297	KO	status.find.in(200,201,202,203,204,205,206,207,208,209,304), found 500
USER	Admins	START	1626215434478
USER	Admins	START	1626215434679
USER	Admins	END	1626215434818
USER	Admins	START	1626215434881
USER	Admins	END	1626215434896
USER	Admins	END	1626215434953
USER	Admins	START	1626215435084
REQUEST		AddToCart	1626215431284	1626215435102	OK	 
REQUEST		AddToCart	1626215430884	1626215435137	KO	status.find.in(200,201,202,203,204,205,206,207,208,209,304), found 500
REQUEST		AddToCart	1626215430685	1626215435200	KO	status.find.in(200,201,202,203,204,205,206,207,208,209,304), found 500
USER	Admins	END	1626215435201
USER	Admins	END	1626215435228
USER	Admins	START	1626215435282
USER	Admins	END	1626215435302
USER	Admins	START	1626215435482
USER	Admins	START	1626215435683
USER	Admins	START	1626215435882
USER	Admins	START	1626215436084
USER	Admins	END	1626215436105
USER	Admins	END	1626215436143
USER	Admins	END	1626215436203
USER	Admins	START	1626215436282
USER	Admins	START	1626215436479
REQUEST		AddToCart	1626215431684	1626215436597	KO	status.find.in(200,201,202,203,204,205,206,207,208,209,304), found 500
USER	Admins	START	1626215436679
REQUEST		AddToCart	1626215431881	1626215436813	KO	status.find.in(200,201,202,203,204,205,206,207,208,209,304), found 500
USER	Admins	START	1626215436879
REQUEST		AddToCart	1626215432085	1626215436906	KO	status.find.in(200,201,202,203,204,205,206,207,208,209,304), found 500
USER	Admins	START	1626215437080
REQUEST		AddToCart	1626215432285	1626215437099	KO	status.find.in(200,201,202,203,204,205,206,207,208,209,304), found 500
REQUEST		AddToCart	1626215431479	1626215437114	KO	status.find.in(200,201,202,203,204,205,206,207,208,209,304), found 500
REQUEST		AddToCart	1626215431080	1626215437192	KO	status.find.in(200,201,202,203,204,205,206,207,208,209,304), found 500
USER	Admins	START	1626215437284
REQUEST		AddToCart	1626215432682	1626215437338	KO	status.find.in(200,201,202,203,204,205,206,207,208,209,304), found 500
USER	Admins	START	1626215437481
USER	Admins	END	1626215437604
USER	Admins	START	1626215437684
USER	Admins	END	1626215437815
USER	Admins	START	1626215437881
USER	Admins	END	1626215437908
USER	Admins	START	1626215438083
USER	Admins	END	1626215438105
USER	Admins	END	1626215438117
REQUEST		AddToCart	1626215433684	1626215438120	KO	status.find.in(200,201,202,203,204,205,206,207,208,209,304), found 500
USER	Admins	END	1626215438194
REQUEST		AddToCart	1626215433481	1626215438205	KO	status.find.in(200,201,202,203,204,205,206,207,208,209,304), found 500
USER	Admins	START	1626215438283
USER	Admins	END	1626215438341
USER	Admins	START	1626215438479
REQUEST		AddToCart	1626215432479	1626215438512	KO	status.find.in(200,201,202,203,204,205,206,207,208,209,304), found 500
USER	Admins	START	1626215438683
REQUEST		AddToCart	1626215433886	1626215438746	OK	 
USER	Admins	START	1626215438883
REQUEST		AddToCart	1626215432879	1626215438904	KO	status.find.in(200,201,202,203,204,205,206,207,208,209,304), found 500
REQUEST		AddToCart	1626215433285	1626215439019	KO	status.find.in(200,201,202,203,204,205,206,207,208,209,304), found 500
USER	Admins	START	1626215439081
USER	Admins	END	1626215439123
USER	Admins	END	1626215439210
USER	Admins	START	1626215439284
USER	Admins	START	1626215439479
USER	Admins	END	1626215439514
USER	Admins	START	1626215439684
USER	Admins	END	1626215439748
REQUEST		AddToCart	1626215434084	1626215439802	KO	status.find.in(200,201,202,203,204,205,206,207,208,209,304), found 500
USER	Admins	START	1626215439881
USER	Admins	END	1626215439905
REQUEST		AddToCart	1626215434285	1626215439927	KO	status.find.in(200,201,202,203,204,205,206,207,208,209,304), found 500
USER	Admins	END	1626215440025
REQUEST		AddToCart	1626215433084	1626215440046	KO	status.find.in(200,201,202,203,204,205,206,207,208,209,304), found 500
USER	Admins	START	1626215440084
REQUEST		AddToCart	1626215435084	1626215440241	KO	status.find.in(200,201,202,203,204,205,206,207,208,209,304), found 500
USER	Admins	START	1626215440284
USER	Admins	START	1626215440479
USER	Admins	START	1626215440682
USER	Admins	END	1626215440806
USER	Admins	START	1626215440881
USER	Admins	END	1626215440930
USER	Admins	END	1626215441052
USER	Admins	START	1626215441087
REQUEST		AddToCart	1626215434479	1626215441210	KO	status.find.in(200,201,202,203,204,205,206,207,208,209,304), found 500
USER	Admins	END	1626215441246
REQUEST		AddToCart	1626215435483	1626215441268	KO	status.find.in(200,201,202,203,204,205,206,207,208,209,304), found 500
USER	Admins	START	1626215441283
REQUEST		AddToCart	1626215437284	1626215441411	KO	