RUN	com.gatling.simulations.Capacidades	capacidades	1626452788864	 	3.5.1
USER	Admins	START	1626452791214
USER	Admins	START	1626452791270
USER	Admins	START	1626452791330
USER	Admins	START	1626452791389
USER	Admins	START	1626452791449
USER	Admins	START	1626452791508
USER	Admins	START	1626452791567
USER	Admins	START	1626452791627
USER	Admins	START	1626452791683
USER	Admins	START	1626452791744
USER	Admins	START	1626452791803
USER	Admins	START	1626452791859
USER	Admins	START	1626452791921
USER	Admins	START	1626452791981
USER	Admins	START	1626452792036
USER	Admins	START	1626452792099
USER	Admins	START	1626452792159
USER	Admins	START	1626452792217
USER	Admins	START	1626452792268
USER	Admins	START	1626452792328
USER	Admins	START	1626452792387
USER	Admins	START	1626452792445
USER	Admins	START	1626452792504
USER	Admins	START	1626452792562
USER	Admins	START	1626452792622
USER	Admins	START	1626452792682
USER	Admins	START	1626452792736
USER	Admins	START	1626452792799
USER	Admins	START	1626452792859
USER	Admins	START	1626452792916
USER	Admins	START	1626452792976
USER	Admins	START	1626452793034
USER	Admins	START	1626452793094
USER	Admins	START	1626452793153
USER	Admins	START	1626452793213
USER	Admins	START	1626452793271
USER	Admins	START	1626452793335
USER	Admins	START	1626452793397
USER	Admins	START	1626452793460
USER	Admins	START	1626452793522
USER	Admins	START	1626452793585
USER	Admins	START	1626452793647
USER	Admins	START	1626452793709
USER	Admins	START	1626452793771
USER	Admins	START	1626452793836
USER	Admins	START	1626452793898
USER	Admins	START	1626452793959
USER	Admins	START	1626452794022
USER	Admins	START	1626452794085
USER	Admins	START	1626452794146
USER	Admins	START	1626452794212
USER	Admins	START	1626452794269
USER	Admins	START	1626452794325
USER	Admins	START	1626452794386
USER	Admins	START	1626452794444
USER	Admins	START	1626452794504
USER	Admins	START	1626452794562
USER	Admins	START	1626452794622
USER	Admins	START	1626452794680
USER	Admins	START	1626452794740
USER	Admins	START	1626452794797
USER	Admins	START	1626452794858
USER	Admins	START	1626452794916
USER	Admins	START	1626452794975
USER	Admins	START	1626452795035
USER	Admins	START	1626452795093
USER	Admins	START	1626452795152
USER	Admins	START	1626452795212
USER	Admins	START	1626452795268
USER	Admins	START	1626452795327
USER	Admins	START	1626452795387
USER	Admins	START	1626452795445
USER	Admins	START	1626452795504
USER	Admins	START	1626452795562
USER	Admins	START	1626452795621
USER	Admins	START	1626452795680
USER	Admins	START	1626452795740
USER	Admins	START	1626452795799
USER	Admins	START	1626452795856
USER	Admins	START	1626452795914
USER	Admins	START	1626452795973
USER	Admins	START	1626452796035
USER	Admins	START	1626452796093
USER	Admins	START	1626452796152
USER	Admins	START	1626452796212
USER	Admins	START	1626452796271
USER	Admins	START	1626452796334
USER	Admins	START	1626452796397
USER	Admins	START	1626452796460
USER	Admins	START	1626452796521
USER	Admins	START	1626452796586
USER	Admins	START	1626452796646
USER	Admins	START	1626452796710
USER	Admins	START	1626452796771
USER	Admins	START	1626452796834
USER	Admins	START	1626452796896
USER	Admins	START	1626452796959
USER	Admins	START	1626452797023
USER	Admins	START	1626452797086
USER	Admins	START	1626452797147
USER	Admins	START	1626452797211
USER	Admins	START	1626452797268
USER	Admins	START	1626452797325
USER	Admins	START	1626452797387
USER	Admins	START	1626452797446
USER	Admins	START	1626452797503
USER	Admins	START	1626452797562
USER	Admins	START	1626452797621
USER	Admins	START	1626452797677
USER	Admins	START	1626452797740
USER	Admins	START	1626452797794
USER	Admins	START	1626452797856
USER	Admins	START	1626452797915
USER	Admins	START	1626452797974
USER	Admins	START	1626452798033
USER	Admins	START	1626452798089
USER	Admins	START	1626452798151
USER	Admins	START	1626452798211
USER	Admins	START	1626452798268
USER	Admins	START	1626452798327
USER	Admins	START	1626452798386
USER	Admins	START	1626452798446
USER	Admins	START	1626452798505
USER	Admins	START	1626452798562
USER	Admins	START	1626452798621
USER	Admins	START	1626452798679
USER	Admins	START	1626452798740
USER	Admins	START	1626452798799
USER	Admins	START	1626452798857
USER	Admins	START	1626452798914
USER	Admins	START	1626452798976
USER	Admins	START	1626452799034
USER	Admins	START	1626452799092
USER	Admins	START	1626452799153
USER	Admins	START	1626452799211
USER	Admins	START	1626452799272
USER	Admins	START	1626452799334
USER	Admins	START	1626452799397
USER	Admins	START	1626452799460
USER	Admins	START	1626452799521
USER	Admins	START	1626452799583
USER	Admins	START	1626452799647
USER	Admins	START	1626452799711
USER	Admins	START	1626452799772
USER	Admins	START	1626452799834
USER	Admins	START	1626452799898
USER	Admins	START	1626452799959
USER	Admins	START	1626452800023
USER	Admins	START	1626452800086
USER	Admins	START	1626452800148
USER	Admins	START	1626452800211
USER	Admins	START	1626452800267
USER	Admins	START	1626452800326
USER	Admins	START	1626452800386
USER	Admins	START	1626452800443
USER	Admins	START	1626452800503
USER	Admins	START	1626452800557
USER	Admins	START	1626452800620
USER	Admins	START	1626452800676
USER	Admins	START	1626452800738
USER	Admins	START	1626452800798
USER	Admins	START	1626452800858
USER	Admins	START	1626452800916
USER	Admins	START	1626452800973
USER	Admins	START	1626452801033
USER	Admins	START	1626452801092
USER	Admins	START	1626452801151
USER	Admins	START	1626452801209
USER	Admins	START	1626452801268
USER	Admins	START	1626452801327
USER	Admins	START	1626452801385
USER	Admins	START	1626452801445
USER	Admins	START	1626452801503
USER	Admins	START	1626452801562
USER	Admins	START	1626452801620
USER	Admins	START	1626452801681
USER	Admins	START	1626452801739
USER	Admins	START	1626452801798
USER	Admins	START	1626452801857
USER	Admins	START	1626452801915
USER	Admins	START	1626452801976
USER	Admins	START	1626452802034
USER	Admins	START	1626452802093
USER	Admins	START	1626452802152
USER	Admins	START	1626452802210
USER	Admins	START	1626452802271
USER	Admins	START	1626452802335
USER	Admins	START	1626452802397
USER	Admins	START	1626452802458
USER	Admins	START	1626452802520
USER	Admins	START	1626452802584
USER	Admins	START	1626452802645
USER	Admins	START	1626452802710
USER	Admins	START	1626452802772
USER	Admins	START	1626452802834
USER	Admins	START	1626452802896
USER	Admins	START	1626452802959
USER	Admins	START	1626452803021
USER	Admins	START	1626452803086
USER	Admins	START	1626452803146
USER	Admins	START	1626452803211
USER	Admins	START	1626452803268
USER	Admins	START	1626452803327
USER	Admins	START	1626452803386
USER	Admins	START	1626452803445
USER	Admins	START	1626452803505
USER	Admins	START	1626452803562
USER	Admins	START	1626452803619
USER	Admins	START	1626452803679
USER	Admins	START	1626452803740
USER	Admins	START	1626452803799
USER	Admins	START	1626452803855
USER	Admins	START	1626452803914
USER	Admins	START	1626452803974
USER	Admins	START	1626452804033
USER	Admins	START	1626452804091
USER	Admins	START	1626452804152
USER	Admins	START	1626452804210
USER	Admins	START	1626452804267
USER	Admins	START	1626452804327
USER	Admins	START	1626452804386
USER	Admins	START	1626452804445
USER	Admins	START	1626452804504
USER	Admins	START	1626452804562
USER	Admins	START	1626452804621
USER	Admins	START	1626452804681
USER	Admins	START	1626452804740
USER	Admins	START	1626452804799
USER	Admins	START	1626452804856
USER	Admins	START	1626452804916
USER	Admins	START	1626452804973
USER	Admins	START	1626452805034
USER	Admins	START	1626452805092
USER	Admins	START	1626452805152
USER	Admins	START	1626452805209
USER	Admins	START	1626452805268
USER	Admins	START	1626452805326
USER	Admins	START	1626452805386
USER	Admins	START	1626452805444
USER	Admins	START	1626452805504
USER	Admins	START	1626452805562
USER	Admins	START	1626452805622
USER	Admins	START	1626452805681
USER	Admins	START	1626452805738
USER	Admins	START	1626452805795
USER	Admins	START	1626452805854
USER	Admins	START	1626452805916
USER	Admins	START	1626452805972
USER	Admins	START	1626452806032
USER	Admins	START	1626452806093
USER	Admins	START	1626452806149
USER	Admins	START	1626452806211
USER	Admins	START	1626452806271
USER	Admins	START	1626452806334
USER	Admins	START	1626452806397
USER	Admins	START	1626452806456
USER	Admins	START	1626452806518
USER	Admins	START	1626452806585
USER	Admins	START	1626452806647
USER	Admins	START	1626452806709
USER	Admins	START	1626452806772
USER	Admins	START	1626452806834
USER	Admins	START	1626452806895
USER	Admins	START	1626452806961
USER	Admins	START	1626452807022
USER	Admins	START	1626452807085
USER	Admins	START	1626452807147
USER	Admins	START	1626452807209
USER	Admins	START	1626452807267
USER	Admins	START	1626452807324
USER	Admins	START	1626452807383
USER	Admins	START	1626452807441
USER	Admins	START	1626452807503
USER	Admins	START	1626452807563
USER	Admins	START	1626452807621
USER	Admins	START	1626452807681
USER	Admins	START	1626452807736
USER	Admins	START	1626452807796
USER	Admins	START	1626452807857
USER	Admins	START	1626452807915
USER	Admins	START	1626452807975
USER	Admins	START	1626452808033
USER	Admins	START	1626452808093
USER	Admins	START	1626452808151
USER	Admins	START	1626452808211
USER	Admins	START	1626452808270
USER	Admins	START	1626452808331
USER	Admins	START	1626452808397
USER	Admins	START	1626452808460
USER	Admins	START	1626452808521
USER	Admins	START	1626452808585
USER	Admins	START	1626452808647
USER	Admins	START	1626452808710
USER	Admins	START	1626452808772
USER	Admins	START	1626452808835
USER	Admins	START	1626452808897
USER	Admins	START	1626452808959
USER	Admins	START	1626452809021
USER	Admins	START	1626452809082
USER	Admins	START	1626452809148
USER	Admins	START	1626452809210
USER	Admins	START	1626452809268
USER	Admins	START	1626452809324
USER	Admins	START	1626452809386
USER	Admins	START	1626452809442
USER	Admins	START	1626452809504
USER	Admins	START	1626452809563
USER	Admins	START	1626452809620
USER	Admins	START	1626452809680
USER	Admins	START	1626452809740
USER	Admins	START	1626452809798
USER	Admins	START	1626452809857
USER	Admins	START	1626452809915
USER	Admins	START	1626452809973
USER	Admins	START	1626452810033
USER	Admins	START	1626452810091
USER	Admins	START	1626452810150
USER	Admins	START	1626452810210
USER	Admins	START	1626452810268
USER	Admins	START	1626452810326
USER	Admins	START	1626452810386
USER	Admins	START	1626452810446
USER	Admins	START	1626452810502
USER	Admins	START	1626452810562
USER	Admins	START	1626452810622
USER	Admins	START	1626452810677
USER	Admins	START	1626452810740
USER	Admins	START	1626452810798
USER	Admins	START	1626452810857
USER	Admins	START	1626452810914
USER	Admins	START	1626452810974
USER	Admins	START	1626452811034
USER	Admins	START	1626452811092
USER	Admins	START	1626452811148
USER	Admins	START	1626452811209
USER	Admins	START	1626452811271
USER	Admins	START	1626452811335
USER	Admins	START	1626452811395
USER	Admins	START	1626452811460
USER	Admins	START	1626452811522
USER	Admins	START	1626452811589
USER	Admins	START	1626452811647
USER	Admins	START	1626452811711
USER	Admins	START	1626452811773
USER	Admins	START	1626452811831
USER	Admins	START	1626452811897
USER	Admins	START	1626452811960
USER	Admins	START	1626452812023
USER	Admins	START	1626452812085
USER	Admins	START	1626452812149
USER	Admins	START	1626452812210
USER	Admins	START	1626452812266
USER	Admins	START	1626452812326
USER	Admins	START	1626452812385
USER	Admins	START	1626452812444
USER	Admins	START	1626452812503
USER	Admins	START	1626452812561
USER	Admins	START	1626452812621
USER	Admins	START	1626452812678
USER	Admins	START	1626452812739
USER	Admins	START	1626452812799
USER	Admins	START	1626452812857
USER	Admins	START	1626452812915
USER	Admins	START	1626452812971
USER	Admins	START	1626452813033
USER	Admins	START	1626452813091
USER	Admins	START	1626452813147
USER	Admins	START	1626452813208
USER	Admins	START	1626452813268
USER	Admins	START	1626452813323
USER	Admins	START	1626452813385
USER	Admins	START	1626452813443
USER	Admins	START	1626452813501
USER	Admins	START	1626452813560
USER	Admins	START	1626452813620
USER	Admins	START	1626452813676
USER	Admins	START	1626452813737
USER	Admins	START	1626452813798
USER	Admins	START	1626452813857
USER	Admins	START	1626452813915
USER	Admins	START	1626452813973
USER	Admins	START	1626452814032
USER	Admins	START	1626452814089
USER	Admins	START	1626452814150
USER	Admins	START	1626452814211
USER	Admins	START	1626452814272
USER	Admins	START	1626452814334
USER	Admins	START	1626452814394
USER	Admins	START	1626452814459
USER	Admins	START	1626452814518
USER	Admins	START	1626452814581
USER	Admins	START	1626452814647
USER	Admins	START	1626452814710
USER	Admins	START	1626452814772
USER	Admins	START	1626452814836
USER	Admins	START	1626452814895
USER	Admins	START	1626452814960
USER	Admins	START	1626452815021
USER	Admins	START	1626452815085
USER	Admins	START	1626452815147
USER	Admins	START	1626452815210
USER	Admins	START	1626452815268
USER	Admins	START	1626452815327
USER	Admins	START	1626452815386
USER	Admins	START	1626452815444
USER	Admins	START	1626452815503
USER	Admins	START	1626452815562
USER	Admins	START	1626452815618
USER	Admins	START	1626452815680
USER	Admins	START	1626452815739
USER	Admins	START	1626452815798
USER	Admins	START	1626452815858
USER	Admins	START	1626452815915
USER	Admins	START	1626452815975
USER	Admins	START	1626452816033
USER	Admins	START	1626452816093
USER	Admins	START	1626452816149
USER	Admins	START	1626452816210
USER	Admins	START	1626452816265
USER	Admins	START	1626452816324
USER	Admins	START	1626452816386
USER	Admins	START	1626452816445
USER	Admins	START	1626452816504
USER	Admins	START	1626452816560
USER	Admins	START	1626452816620
USER	Admins	START	1626452816680
USER	Admins	START	1626452816738
USER	Admins	START	1626452816793
USER	Admins	START	1626452816857
USER	Admins	START	1626452816915
USER	Admins	START	1626452816973
USER	Admins	START	1626452817033
USER	Admins	START	1626452817093
USER	Admins	START	1626452817149
USER	Admins	START	1626452817206
USER	Admins	START	1626452817268
USER	Admins	START	1626452817325
USER	Admins	START	1626452817384
USER	Admins	START	1626452817444
USER	Admins	START	1626452817504
USER	Admins	START	1626452817560
USER	Admins	START	1626452817621
USER	Admins	START	1626452817680
USER	Admins	START	1626452817739
USER	Admins	START	1626452817798
USER	Admins	START	1626452817856
USER	Admins	START	1626452817914
USER	Admins	START	1626452817974
USER	Admins	START	1626452818029
USER	Admins	START	1626452818092
USER	Admins	START	1626452818150
USER	Admins	START	1626452818210
USER	Admins	START	1626452818271
USER	Admins	START	1626452818335
USER	Admins	START	1626452818397
USER	Admins	START	1626452818456
USER	Admins	START	1626452818517
USER	Admins	START	1626452818584
USER	Admins	START	1626452818647
USER	Admins	START	1626452818705
USER	Admins	START	1626452818772
USER	Admins	START	1626452818834
USER	Admins	START	1626452818893
USER	Admins	START	1626452818957
USER	Admins	START	1626452819021
USER	Admins	START	1626452819085
USER	Admins	START	1626452819145
USER	Admins	START	1626452819210
USER	Admins	START	1626452819266
USER	Admins	START	1626452819326
USER	Admins	START	1626452819383
USER	Admins	START	1626452819445
USER	Admins	START	1626452819504
USER	Admins	START	1626452819561
USER	Admins	START	1626452819617
USER	Admins	START	1626452819676
USER	Admins	START	1626452819738
USER	Admins	START	1626452819798
USER	Admins	START	1626452819856
USER	Admins	START	1626452819914
USER	Admins	START	1626452819974
USER	Admins	START	1626452820030
USER	Admins	START	1626452820091
USER	Admins	START	1626452820152
USER	Admins	START	1626452820210
USER	Admins	START	1626452820272
USER	Admins	START	1626452820334
USER	Admins	START	1626452820396
USER	Admins	START	1626452820458
USER	Admins	START	1626452820521
USER	Admins	START	1626452820585
USER	Admins	START	1626452820645
USER	Admins	START	1626452820710
USER	Admins	START	1626452820770
USER	Admins	START	1626452820834
USER	Admins	START	1626452820895
USER	Admins	START	1626452820960
USER	Admins	START	1626452821022
USER	Admins	START	1626452821085
USER	Admins	START	1626452821145
REQUEST		Get Ubigeo	1626452791271	1626452824380	OK	 
USER	Admins	END	1626452824390
REQUEST		Get Ubigeo	1626452791232	1626452824584	OK	 
USER	Admins	END	1626452824585
REQUEST		Get Ubigeo	1626452791684	1626452825276	OK	 
USER	Admins	END	1626452825276
REQUEST		Get Ubigeo	1626452791330	1626452826988	OK	 
USER	Admins	END	1626452826988
REQUEST		Get Ubigeo	1626452791567	1626452827497	OK	 
USER	Admins	END	1626452827498
REQUEST		Get Ubigeo	1626452792099	1626452827504	OK	 
USER	Admins	END	1626452827505
REQUEST		Get Ubigeo	1626452791389	1626452827531	OK	 
USER	Admins	END	1626452827532
REQUEST		Get Ubigeo	1626452791804	1626452827653	OK	 
USER	Admins	END	1626452827653
REQUEST		Get Ubigeo	1626452792736	1626452828056	OK	 
USER	Admins	END	1626452828056
REQUEST		Get Ubigeo	1626452791509	1626452828566	OK	 
USER	Admins	END	1626452828566
REQUEST		Get Ubigeo	1626452791449	1626452828676	OK	 
USER	Admins	END	1626452828676
REQUEST		Get Ubigeo	1626452791627	1626452828769	OK	 
USER	Admins	END	1626452828770
REQUEST		Get Ubigeo	1626452791744	1626452832034	OK	 
USER	Admins	END	1626452832034
REQUEST		Get Ubigeo	1626452791859	1626452832104	OK	 
USER	Admins	END	1626452832104
REQUEST		Get Ubigeo	1626452792328	1626452832167	OK	 
USER	Admins	END	1626452832168
REQUEST		Get Ubigeo	1626452793523	1626452832177	OK	 
USER	Admins	END	1626452832178
REQUEST		Get Ubigeo	1626452791921	1626452832182	OK	 
USER	Admins	END	1626452832183
REQUEST		Get Ubigeo	1626452793272	1626452832189	OK	 
USER	Admins	END	1626452832190
REQUEST		Get Ubigeo	1626452792799	1626452832209	OK	 
USER	Admins	END	1626452832209
REQUEST		Get Ubigeo	1626452791982	1626452832246	OK	 
USER	Admins	END	1626452832247
REQUEST		Get Ubigeo	1626452792036	1626452832387	OK	 
USER	Admins	END	1626452832387
REQUEST		Get Ubigeo	1626452792159	1626452832441	OK	 
USER	Admins	END	1626452832441
REQUEST		Get Ubigeo	1626452792387	1626452832497	OK	 
USER	Admins	END	1626452832497
REQUEST		Get Ubigeo	1626452792218	1626452832502	OK	 
USER	Admins	END	1626452832503
REQUEST		Get Ubigeo	1626452792268	1626452832551	OK	 
USER	Admins	END	1626452832552
REQUEST		Get Ubigeo	1626452792445	1626452832908	OK	 
USER	Admins	END	1626452832908
REQUEST		Get Ubigeo	1626452792505	1626452832922	OK	 
USER	Admins	END	1626452832922
REQUEST		Get Ubigeo	1626452792562	1626452833027	OK	 
USER	Admins	END	1626452833028
REQUEST		Get Ubigeo	1626452792682	1626452833032	OK	 
USER	Admins	END	1626452833032
REQUEST		Get Ubigeo	1626452792623	1626452833050	OK	 
USER	Admins	END	1626452833050
REQUEST		Get Ubigeo	1626452792859	1626452833143	OK	 
USER	Admins	END	1626452833144
REQUEST		Get Ubigeo	1626452792917	1626452833173	OK	 
USER	Admins	END	1626452833174
REQUEST		Get Ubigeo	1626452792977	1626452833224	OK	 
USER	Admins	END	1626452833225
REQUEST		Get Ubigeo	1626452793034	1626452833290	OK	 
USER	Admins	END	1626452833291
REQUEST		Get Ubigeo	1626452793960	1626452833299	OK	 
USER	Admins	END	1626452833299
REQUEST		Get Ubigeo	1626452793154	1626452833418	OK	 
USER	Admins	END	1626452833418
REQUEST		Get Ubigeo	1626452793094	1626452833423	OK	 
USER	Admins	END	1626452833423
REQUEST		Get Ubigeo	1626452793213	1626452833481	OK	 
USER	Admins	END	1626452833482
REQUEST		Get Ubigeo	1626452793336	1626452833631	OK	 
USER	Admins	END	1626452833631
REQUEST		Get Ubigeo	1626452793397	1626452833645	OK	 
USER	Admins	END	1626452833645
REQUEST		Get Ubigeo	1626452793461	1626452833758	OK	 
USER	Admins	END	1626452833758
REQUEST		Get Ubigeo	1626452793585	1626452833863	OK	 
USER	Admins	END	1626452833864
REQUEST		Get Ubigeo	1626452793647	1626452833939	OK	 
USER	Admins	END	1626452833940
REQUEST		Get Ubigeo	1626452793771	1626452834015	OK	 
USER	Admins	END	1626452834016
REQUEST		Get Ubigeo	1626452793709	1626452834037	OK	 
USER	Admins	END	1626452834037
REQUEST		Get Ubigeo	1626452793836	1626452834185	OK	 
USER	Admins	END	1626452834186
REQUEST		Get Ubigeo	1626452793898	1626452834213	OK	 
USER	Admins	END	1626452834214
REQUEST		Get Ubigeo	1626452794023	1626452834275	OK	 
USER	Admins	END	1626452834276
REQUEST		Get Ubigeo	1626452794085	1626452834437	OK	 
USER	Admins	END	1626452834438
REQUEST		Get Ubigeo	1626452794212	1626452834469	OK	 
USER	Admins	END	1626452834470
REQUEST		Get Ubigeo	1626452794146	1626452834476	OK	 
USER	Admins	END	1626452834476
REQUEST		Get Ubigeo	1626452794269	1626452834511	OK	 
USER	Admins	END	1626452834512
REQUEST		Get Ubigeo	1626452794326	1626452834618	OK	 
USER	Admins	END	1626452834618
REQUEST		Get Ubigeo	1626452794386	1626452834684	OK	 
USER	Admins	END	1626452834684
REQUEST		Get Ubigeo	1626452794444	1626452834693	OK	 
USER	Admins	END	1626452834694
REQUEST		Get Ubigeo	1626452794563	1626452835009	OK	 
USER	Admins	END	1626452835010
REQUEST		Get Ubigeo	1626452794680	1626452835014	OK	 
USER	Admins	END	1626452835014
REQUEST		Get Ubigeo	1626452794622	1626452835021	OK	 
USER	Admins	END	1626452835021
REQUEST		Get Ubigeo	1626452794505	1626452835033	OK	 
USER	Admins	END	1626452835033
REQUEST		Get Ubigeo	1626452794740	1626452835044	OK	 
USER	Admins	END	1626452835045
REQUEST		Get Ubigeo	1626452794797	1626452835088	OK	 
USER	Admins	END	1626452835088
REQUEST		Get Ubigeo	1626452794858	1626452835194	OK	 
USER	Admins	END	1626452835194
REQUEST		Get Ubigeo	1626452794916	1626452835221	OK	 
USER	Admins	END	1626452835221
REQUEST		Get Ubigeo	1626452794975	1626452835233	OK	 
USER	Admins	END	1626452835234
REQUEST		Get Ubigeo	1626452795035	1626452835296	OK	 
USER	Admins	END	1626452835297
REQUEST		Get Ubigeo	1626452795094	1626452835342	OK	 
USER	Admins	END	1626452835343
REQUEST		Get Ubigeo	1626452795212	1626452835466	OK	 
USER	Admins	END	1626452835467
REQUEST		Get Ubigeo	1626452795152	1626452835471	OK	 
USER	Admins	END	1626452835471
REQUEST		Get Ubigeo	1626452795327	1626452835597	OK	 
USER	Admins	END	1626452835597
REQUEST		Get Ubigeo	1626452795268	1626452835602	OK	 
USER	Admins	END	1626452835602
REQUEST		Get Ubigeo	1626452795387	1626452835635	OK	 
USER	Admins	END	1626452835635
REQUEST		Get Ubigeo	1626452795445	1626452835725	OK	 
USER	Admins	END	1626452835725
REQUEST		Get Ubigeo	1626452795504	1626452835791	OK	 
USER	Admins	END	1626452835792
REQUEST		Get Ubigeo	1626452795562	1626452835884	OK	 
USER	Admins	END	1626452835884
REQUEST		Get Ubigeo	1626452795680	1626452835932	OK	 
USER	Admins	END	1626452835932
REQUEST		Get Ubigeo	1626452795621	1626452835936	OK	 
USER	Admins	END	1626452835937
REQUEST		Get Ubigeo	1626452795740	1626452835983	OK	 
USER	Admins	END	1626452835983
REQUEST		Get Ubigeo	1626452795799	1626452836120	OK	 
USER	Admins	END	1626452836120
REQUEST		Get Ubigeo	1626452795856	1626452836153	OK	 
USER	Admins	END	1626452836153
REQUEST		Get Ubigeo	1626452795974	1626452836228	OK	 
USER	Admins	END	1626452836228
REQUEST		Get Ubigeo	1626452795915	1626452836239	OK	 
USER	Admins	END	1626452836239
REQUEST		Get Ubigeo	1626452796035	1626452836332	OK	 
USER	Admins	END	1626452836333
REQUEST		Get Ubigeo	1626452796093	1626452836345	OK	 
USER	Admins	END	1626452836345
REQUEST		Get Ubigeo	1626452796212	1626452836456	OK	 
USER	Admins	END	1626452836457
REQUEST		Get Ubigeo	1626452796152	1626452836479	OK	 
USER	Admins	END	1626452836480
REQUEST		Get Ubigeo	1626452796271	1626452836550	OK	 
USER	Admins	END	1626452836550
REQUEST		Get Ubigeo	1626452796334	1626452836632	OK	 
USER	Admins	END	1626452836633
REQUEST		Get Ubigeo	1626452796398	1626452836678	OK	 
USER	Admins	END	1626452836678
REQUEST		Get Ubigeo	1626452796522	1626452836765	OK	 
USER	Admins	END	1626452836765
REQUEST		Get Ubigeo	1626452796461	1626452836770	OK	 
USER	Admins	END	1626452836770
REQUEST		Get Ubigeo	1626452796586	1626452836904	OK	 
USER	Admins	END	1626452836904
REQUEST		Get Ubigeo	1626452796647	1626452836974	OK	 
USER	Admins	END	1626452836975
REQUEST		Get Ubigeo	1626452796710	1626452837440	OK	 
USER	Admins	END	1626452837440
REQUEST		Get Ubigeo	1626452796772	1626452837454	OK	 
USER	Admins	END	1626452837454
REQUEST		Get Ubigeo	1626452796896	1626452837458	OK	 
USER	Admins	END	1626452837458
REQUEST		Get Ubigeo	1626452796959	1626452837518	OK	 
USER	Admins	END	1626452837518
REQUEST		Get Ubigeo	1626452797023	1626452837523	OK	 
USER	Admins	END	1626452837523
REQUEST		Get Ubigeo	1626452796835	1626452837537	OK	 
USER	Admins	END	1626452837537
REQUEST		Get Ubigeo	1626452797087	1626452837547	OK	 
USER	Admins	END	1626452837547
REQUEST		Get Ubigeo	1626452797147	1626452837562	OK	 
USER	Admins	END	1626452837563
REQUEST		Get Ubigeo	1626452797212	1626452837579	OK	 
USER	Admins	END	1626452837579
REQUEST		Get Ubigeo	1626452797268	1626452837590	OK	 
USER	Admins	END	1626452837591
REQUEST		Get Ubigeo	1626452797325	1626452837632	OK	 
USER	Admins	END	1626452837633
REQUEST		Get Ubigeo	1626452797387	1626452837637	OK	 
USER	Admins	END	1626452837637
REQUEST		Get Ubigeo	1626452797446	1626452837783	OK	 
USER	Admins	END	1626452837783
REQUEST		Get Ubigeo	1626452797503	1626452837805	OK	 
USER	Admins	END	1626452837806
REQUEST		Get Ubigeo	1626452797562	1626452837861	OK	 
USER	Admins	END	1626452837862
REQUEST		Get Ubigeo	1626452797621	1626452837870	OK	 
USER	Admins	END	1626452837870
REQUEST		Get Ubigeo	1626452797677	1626452837958	OK	 
USER	Admins	END	1626452837958
REQUEST		Get Ubigeo	1626452797740	1626452838006	OK	 
USER	Admins	END	1626452838006
REQUEST		Get Ubigeo	1626452797795	1626452838048	OK	 
USER	Admins	END	1626452838048
REQUEST		Get Ubigeo	1626452797857	1626452838111	OK	 
USER	Admins	END	1626452838111
REQUEST		Get Ubigeo	1626452797915	1626452838175	OK	 
USER	Admins	END	1626452838175
REQUEST		Get Ubigeo	1626452797974	1626452838230	OK	 
USER	Admins	END	1626452838230
REQUEST		Get Ubigeo	1626452798033	1626452838294	OK	 
USER	Admins	END	1626452838295
REQUEST		Get Ubigeo	1626452798090	1626452838394	OK	 
USER	Admins	END	1626452838395
REQUEST		Get Ubigeo	1626452798151	1626452838454	OK	 
USER	Admins	END	1626452838454
REQUEST		Get Ubigeo	1626452798212	1626452838533	OK	 
USER	Admins	END	1626452838533
REQUEST		Get Ubigeo	1626452798268	1626452838537	OK	 
USER	Admins	END	1626452838537
REQUEST		Get Ubigeo	1626452798327	1626452838579	OK	 
USER	Admins	END	1626452838580
REQUEST		Get Ubigeo	1626452798386	1626452838699	OK	 
USER	Admins	END	1626452838699
REQUEST		Get Ubigeo	1626452798446	1626452838715	OK	 
USER	Admins	END	1626452838715
REQUEST		Get Ubigeo	1626452798505	1626452838814	OK	 
USER	Admins	END	1626452838814
REQUEST		Get Ubigeo	1626452798562	1626452838846	OK	 
USER	Admins	END	1626452838846
REQUEST		Get Ubigeo	1626452798621	1626452838898	OK	 
USER	Admins	END	1626452838899
REQUEST		Get Ubigeo	1626452798680	1626452838967	OK	 
USER	Admins	END	1626452838968
REQUEST		Get Ubigeo	1626452798740	1626452839061	OK	 
USER	Admins	END	1626452839062
REQUEST		Get Ubigeo	1626452798799	1626452839066	OK	 
USER	Admins	END	1626452839067
REQUEST		Get Ubigeo	1626452798858	1626452839103	OK	 
USER	Admins	END	1626452839103
REQUEST		Get Ubigeo	1626452798914	1626452839161	OK	 
USER	Admins	END	1626452839161
REQUEST		Get Ubigeo	1626452798976	1626452839323	OK	 
USER	Admins	END	1626452839323
REQUEST		Get Ubigeo	1626452799034	1626452839341	OK	 
USER	Admins	END	1626452839341
REQUEST		Get Ubigeo	1626452799093	1626452839385	OK	 
USER	Admins	END	1626452839385
REQUEST		Get Ubigeo	1626452799153	1626452839511	OK	 
USER	Admins	END	1626452839511
REQUEST		Get Ubigeo	1626452799212	1626452839518	OK	 
USER	Admins	END	1626452839519
REQUEST		Get Ubigeo	1626452799272	1626452839563	OK	 
USER	Admins	END	1626452839565
REQUEST		Get Ubigeo	1626452799334	1626452839595	OK	 
USER	Admins	END	1626452839595
REQUEST		Get Ubigeo	1626452799397	1626452839730	OK	 
USER	Admins	END	1626452839730
REQUEST		Get Ubigeo	1626452799461	1626452839768	OK	 
USER	Admins	END	1626452839768
REQUEST		Get Ubigeo	1626452799521	1626452839805	OK	 
USER	Admins	END	1626452839806
REQUEST		Get Ubigeo	1626452799584	1626452839903	OK	 
USER	Admins	END	1626452839903
REQUEST		Get Ubigeo	1626452799647	1626452839935	OK	 
USER	Admins	END	1626452839935
REQUEST		Get Ubigeo	1626452799772	1626452840021	OK	 
USER	Admins	END	1626452840022
REQUEST		Get Ubigeo	1626452799711	1626452840035	OK	 
USER	Admins	END	1626452840036
REQUEST		Get Ubigeo	1626452799834	1626452840125	OK	 
USER	Admins	END	1626452840125
REQUEST		Get Ubigeo	1626452799898	1626452840225	OK	 
USER	Admins	END	1626452840226
REQUEST		Get Ubigeo	1626452799959	1626452840262	OK	 
USER	Admins	END	1626452840262
REQUEST		Get Ubigeo	1626452800023	1626452840282	OK	 
USER	Admins	END	1626452840282
REQUEST		Get Ubigeo	1626452800086	1626452840346	OK	 
USER	Admins	END	1626452840346
REQUEST		Get Ubigeo	1626452800148	1626452840441	OK	 
USER	Admins	END	1626452840442
REQUEST		Get Ubigeo	1626452800211	1626452840475	OK	 
USER	Admins	END	1626452840475
REQUEST		Get Ubigeo	1626452800267	1626452840579	OK	 
USER	Admins	END	1626452840579
REQUEST		Get Ubigeo	1626452800327	1626452840604	OK	 
USER	Admins	END	1626452840604
REQUEST		Get Ubigeo	1626452800386	1626452840672	OK	 
USER	Admins	END	1626452840672
REQUEST		Get Ubigeo	1626452800443	1626452840701	OK	 
USER	Admins	END	1626452840701
REQUEST		Get Ubigeo	1626452800558	1626452840801	OK	 
USER	Admins	END	1626452840802
REQUEST		Get Ubigeo	1626452800503	1626452840830	OK	 
USER	Admins	END	1626452840831
REQUEST		Get Ubigeo	1626452800677	1626452840954	OK	 
USER	Admins	END	1626452840954
REQUEST		Get Ubigeo	1626452800621	1626452840959	OK	 
USER	Admins	END	1626452840959
REQUEST		Get Ubigeo	1626452800738	1626452840999	OK	 
USER	Admins	END	1626452840999
REQUEST		Get Ubigeo	1626452800799	1626452841042	OK	 
USER	Admins	END	1626452841043
REQUEST		Get Ubigeo	1626452800858	1626452841149	OK	 
USER	Admins	END	1626452841149
REQUEST		Get Ubigeo	1626452800916	1626452841173	OK	 
USER	Admins	END	1626452841173
REQUEST		Get Ubigeo	1626452800973	1626452841255	OK	 
USER	Admins	END	1626452841255
REQUEST		Get Ubigeo	1626452801034	1626452841286	OK	 
USER	Admins	END	1626452841287
REQUEST		Get Ubigeo	1626452801092	1626452841409	OK	 
USER	Admins	END	1626452841410
REQUEST		Get Ubigeo	1626452801151	1626452841444	OK	 
USER	Admins	END	1626452841444
REQUEST		Get Ubigeo	1626452801209	1626452841536	OK	 
USER	Admins	END	1626452841536
REQUEST		Get Ubigeo	1626452801268	1626452841578	OK	 
USER	Admins	END	1626452841578
REQUEST		Get Ubigeo	1626452801328	1626452841634	OK	 
USER	Admins	END	1626452841634
REQUEST		Get Ubigeo	1626452801386	1626452841647	OK	 
USER	Admins	END	1626452841647
REQUEST		Get Ubigeo	1626452801445	1626452841700	OK	 
USER	Admins	END	1626452841701
REQUEST		Get Ubigeo	1626452801562	1626452841794	OK	 
USER	Admins	END	1626452841794
REQUEST		Get Ubigeo	1626452801503	1626452841801	OK	 
USER	Admins	END	1626452841802
REQUEST		Get Ubigeo	1626452801620	1626452841878	OK	 
USER	Admins	END	1626452841879
REQUEST		Get Ubigeo	1626452801681	1626452841995	OK	 
USER	Admins	END	1626452841995
REQUEST		Get Ubigeo	1626452801739	1626452842033	OK	 
USER	Admins	END	1626452842033
REQUEST		Get Ubigeo	1626452801798	1626452842041	OK	 
USER	Admins	END	1626452842041
REQUEST		Get Ubigeo	1626452801857	1626452842119	OK	 
USER	Admins	END	1626452842119
REQUEST		Get Ubigeo	1626452801916	1626452842165	OK	 
USER	Admins	END	1626452842166
REQUEST		Get Ubigeo	1626452801976	1626452842327	OK	 
USER	Admins	END	1626452842327
REQUEST		Get Ubigeo	1626452802034	1626452842413	OK	 
USER	Admins	END	1626452842413
REQUEST		Get Ubigeo	1626452802093	1626452842417	OK	 
USER	Admins	END	1626452842417
REQUEST		Get Ubigeo	1626452802152	1626452842479	OK	 
USER	Admins	END	1626452842480
REQUEST		Get Ubigeo	1626452802271	1626452842534	OK	 
USER	Admins	END	1626452842534
REQUEST		Get Ubigeo	1626452802210	1626452842556	OK	 
USER	Admins	END	1626452842556
REQUEST		Get Ubigeo	1626452802335	1626452842653	OK	 
USER	Admins	END	1626452842653
REQUEST		Get Ubigeo	1626452802397	1626452842772	OK	 
USER	Admins	END	1626452842772
REQUEST		Get Ubigeo	1626452802710	1626452843048	OK	 
USER	Admins	END	1626452843048
REQUEST		Get Ubigeo	1626452802646	1626452843053	OK	 
USER	Admins	END	1626452843053
REQUEST		Get Ubigeo	1626452802772	1626452843058	OK	 
USER	Admins	END	1626452843058
REQUEST		Get Ubigeo	1626452802585	1626452843063	OK	 
USER	Admins	END	1626452843063
REQUEST		Get Ubigeo	1626452802520	1626452843068	OK	 
USER	Admins	END	1626452843068
REQUEST		Get Ubigeo	1626452802459	1626452843072	OK	 
USER	Admins	END	1626452843073
REQUEST		Get Ubigeo	1626452802834	1626452843107	OK	 
USER	Admins	END	1626452843107
REQUEST		Get Ubigeo	1626452802896	1626452843209	OK	 
USER	Admins	END	1626452843209
REQUEST		Get Ubigeo	1626452802959	1626452843280	OK	 
USER	Admins	END	1626452843281
REQUEST		Get Ubigeo	1626452803021	1626452843296	OK	 
USER	Admins	END	1626452843297
REQUEST		Get Ubigeo	1626452803146	1626452843402	OK	 
USER	Admins	END	1626452843402
REQUEST		Get Ubigeo	1626452803086	1626452843433	OK	 
USER	Admins	END	1626452843433
REQUEST		Get Ubigeo	1626452803211	1626452843503	OK	 
USER	Admins	END	1626452843503
REQUEST		Get Ubigeo	1626452803268	1626452843507	OK	 
USER	Admins	END	1626452843508
REQUEST		Get Ubigeo	1626452803327	1626452843575	OK	 
USER	Admins	END	1626452843575
REQUEST		Get Ubigeo	1626452803386	1626452843686	OK	 
USER	Admins	END	1626452843686
REQUEST		Get Ubigeo	1626452803446	1626452843712	OK	 
USER	Admins	END	1626452843712
REQUEST		Get Ubigeo	1626452803505	1626452843829	OK	 
USER	Admins	END	1626452843829
REQUEST		Get Ubigeo	1626452803563	1626452843887	OK	 
USER	Admins	END	1626452843887
REQUEST		Get Ubigeo	1626452803619	1626452843936	OK	 
USER	Admins	END	1626452843936
REQUEST		Get Ubigeo	1626452803679	1626452843985	OK	 
USER	Admins	END	1626452843985
REQUEST		Get Ubigeo	1626452803740	1626452844032	OK	 
USER	Admins	END	1626452844033
REQUEST		Get Ubigeo	1626452803799	1626452844058	OK	 
USER	Admins	END	1626452844059
REQUEST		Get Ubigeo	1626452803855	1626452844137	OK	 
USER	Admins	END	1626452844138
REQUEST		Get Ubigeo	1626452803914	1626452844170	OK	 
USER	Admins	END	1626452844171
REQUEST		Get Ubigeo	1626452804034	1626452844291	OK	 
USER	Admins	END	1626452844291
REQUEST		Get Ubigeo	1626452803974	1626452844301	OK	 
USER	Admins	END	1626452844302
REQUEST		Get Ubigeo	1626452804091	1626452844341	OK	 
USER	Admins	END	1626452844342
REQUEST		Get Ubigeo	1626452804152	1626452844400	OK	 
USER	Admins	END	1626452844400
REQUEST		Get Ubigeo	1626452804210	1626452844507	OK	 
USER	Admins	END	1626452844508
REQUEST		Get Ubigeo	1626452804267	1626452844512	OK	 
USER	Admins	END	1626452844512
REQUEST		Get Ubigeo	1626452804327	1626452844617	OK	 
USER	Admins	END	1626452844618
REQUEST		Get Ubigeo	1626452804386	1626452844680	OK	 
USER	Admins	END	1626452844680
REQUEST		Get Ubigeo	1626452804446	1626452844700	OK	 
USER	Admins	END	1626452844700
REQUEST		Get Ubigeo	1626452804505	1626452844745	OK	 
USER	Admins	END	1626452844746
REQUEST		Get Ubigeo	1626452804562	1626452844881	OK	 
USER	Admins	END	1626452844882
REQUEST		Get Ubigeo	1626452804622	1626452844925	OK	 
USER	Admins	END	1626452844925
REQUEST		Get Ubigeo	1626452804682	1626452844990	OK	 
USER	Admins	END	1626452844991
REQUEST		Get Ubigeo	1626452804740	1626452845038	OK	 
USER	Admins	END	1626452845038
REQUEST		Get Ubigeo	1626452804799	1626452845080	OK	 
USER	Admins	END	1626452845080
REQUEST		Get Ubigeo	1626452804856	1626452845111	OK	 
USER	Admins	END	1626452845112
REQUEST		Get Ubigeo	1626452804916	1626452845225	OK	 
USER	Admins	END	1626452845225
REQUEST		Get Ubigeo	1626452804974	1626452845233	OK	 
USER	Admins	END	1626452845233
REQUEST		Get Ubigeo	1626452805034	1626452845339	OK	 
USER	Admins	END	1626452845340
REQUEST		Get Ubigeo	1626452805092	1626452845424	OK	 
USER	Admins	END	1626452845425
REQUEST		Get Ubigeo	1626452805152	1626452845448	OK	 
USER	Admins	END	1626452845448
REQUEST		Get Ubigeo	1626452805209	1626452845537	OK	 
USER	Admins	END	1626452845537
REQUEST		Get Ubigeo	1626452805268	1626452845542	OK	 
USER	Admins	END	1626452845542
REQUEST		Get Ubigeo	1626452805326	1626452845592	OK	 
USER	Admins	END	1626452845593
REQUEST		Get Ubigeo	1626452805387	1626452845641	OK	 
USER	Admins	END	1626452845641
REQUEST		Get Ubigeo	1626452805444	1626452845680	OK	 
USER	Admins	END	1626452845680
REQUEST		Get Ubigeo	1626452805562	1626452845968	OK	 
USER	Admins	END	1626452845968
REQUEST		Get Ubigeo	1626452805505	1626452846002	OK	 
USER	Admins	END	1626452846003
REQUEST		Get Ubigeo	1626452805622	1626452846008	OK	 
USER	Admins	END	1626452846009
REQUEST		Get Ubigeo	1626452805739	1626452846065	OK	 
USER	Admins	END	1626452846065
REQUEST		Get Ubigeo	1626452805681	1626452846069	OK	 
USER	Admins	END	1626452846070
REQUEST		Get Ubigeo	1626452805795	1626452846105	OK	 
USER	Admins	END	1626452846106
REQUEST		Get Ubigeo	1626452805855	1626452846292	OK	 
USER	Admins	END	1626452846293
REQUEST		Get Ubigeo	1626452805916	1626452846297	OK	 
USER	Admins	END	1626452846298
REQUEST		Get Ubigeo	1626452805973	1626452846363	OK	 
USER	Admins	END	1626452846364
REQUEST		Get Ubigeo	1626452806032	1626452846368	OK	 
USER	Admins	END	1626452846368
REQUEST		Get Ubigeo	1626452806093	1626452846372	OK	 
USER	Admins	END	1626452846372
REQUEST		Get Ubigeo	1626452806211	1626452846533	OK	 
USER	Admins	END	1626452846534
REQUEST		Get Ubigeo	1626452806149	1626452846572	OK	 
USER	Admins	END	1626452846572
REQUEST		Get Ubigeo	1626452806456	1626452846791	OK	 
USER	Admins	END	1626452846791
REQUEST		Get Ubigeo	1626452806397	1626452846796	OK	 
USER	Admins	END	1626452846797
REQUEST		Get Ubigeo	1626452806271	1626452846802	OK	 
USER	Admins	END	1626452846802
REQUEST		Get Ubigeo	1626452806335	1626452846830	OK	 
USER	Admins	END	1626452846830
REQUEST		Get Ubigeo	1626452806518	1626452847449	OK	 
USER	Admins	END	1626452847450
REQUEST		Get Ubigeo	1626452806895	1626452847488	OK	 
USER	Admins	END	1626452847489
REQUEST		Get Ubigeo	1626452806709	1626452847504	OK	 
USER	Admins	END	1626452847504
REQUEST		Get Ubigeo	1626452807022	1626452847509	OK	 
USER	Admins	END	1626452847509
REQUEST		Get Ubigeo	1626452806772	1626452847556	OK	 
USER	Admins	END	1626452847556
REQUEST		Get Ubigeo	1626452806961	1626452847567	OK	 
USER	Admins	END	1626452847568
REQUEST		Get Ubigeo	1626452806834	1626452847572	OK	 
USER	Admins	END	1626452847572
REQUEST		Get Ubigeo	1626452806585	1626452847577	OK	 
USER	Admins	END	1626452847577
REQUEST		Get Ubigeo	1626452807209	1626452847584	OK	 
USER	Admins	END	1626452847585
REQUEST		Get Ubigeo	1626452807086	1626452847591	OK	 
USER	Admins	END	1626452847591
REQUEST		Get Ubigeo	1626452807147	1626452847596	OK	 
USER	Admins	END	1626452847596
REQUEST		Get Ubigeo	1626452806647	1626452847600	OK	 
USER	Admins	END	1626452847601
REQUEST		Get Ubigeo	1626452807384	1626452847726	OK	 
USER	Admins	END	1626452847726
REQUEST		Get Ubigeo	1626452807324	1626452847738	OK	 
USER	Admins	END	1626452847738
REQUEST		Get Ubigeo	1626452807267	1626452847743	OK	 
USER	Admins	END	1626452847743
REQUEST		Get Ubigeo	1626452807563	1626452847857	OK	 
USER	Admins	END	1626452847857
REQUEST		Get Ubigeo	1626452807504	1626452847887	OK	 
USER	Admins	END	1626452847887
REQUEST		Get Ubigeo	1626452807441	1626452847908	OK	 
USER	Admins	END	1626452847908
REQUEST		Get Ubigeo	1626452807681	1626452848036	OK	 
USER	Admins	END	1626452848036
REQUEST		Get Ubigeo	1626452807736	1626452848043	OK	 
USER	Admins	END	1626452848044
REQUEST		Get Ubigeo	1626452807621	1626452848064	OK	 
USER	Admins	END	1626452848064
REQUEST		Get Ubigeo	1626452807796	1626452848276	OK	 
USER	Admins	END	1626452848277
REQUEST		Get Ubigeo	1626452807915	1626452848318	OK	 
USER	Admins	END	1626452848319
REQUEST		Get Ubigeo	1626452807857	1626452848343	OK	 
USER	Admins	END	1626452848344
REQUEST		Get Ubigeo	1626452807975	1626452848413	OK	 
USER	Admins	END	1626452848414
REQUEST		Get Ubigeo	1626452808033	1626452848420	OK	 
USER	Admins	END	1626452848420
REQUEST		Get Ubigeo	1626452808093	1626452848450	OK	 
USER	Admins	END	1626452848451
REQUEST		Get Ubigeo	1626452808151	1626452848566	OK	 
USER	Admins	END	1626452848567
REQUEST		Get Ubigeo	1626452808270	1626452848578	OK	 
USER	Admins	END	1626452848578
REQUEST		Get Ubigeo	1626452808211	1626452848618	OK	 
USER	Admins	END	1626452848619
REQUEST		Get Ubigeo	1626452808331	1626452848775	OK	 
USER	Admins	END	1626452848776
REQUEST		Get Ubigeo	1626452808397	1626452848789	OK	 
USER	Admins	END	1626452848789
REQUEST		Get Ubigeo	1626452808460	1626452848811	OK	 
USER	Admins	END	1626452848812
REQUEST		Get Ubigeo	1626452808585	1626452848903	OK	 
USER	Admins	END	1626452848903
REQUEST		Get Ubigeo	1626452808522	1626452848907	OK	 
USER	Admins	END	1626452848907
REQUEST		Get Ubigeo	1626452808710	1626452849098	OK	 
USER	Admins	END	1626452849098
REQUEST		Get Ubigeo	1626452808647	1626452849123	OK	 
USER	Admins	END	1626452849123
REQUEST		Get Ubigeo	1626452808772	1626452849133	OK	 
USER	Admins	END	1626452849133
REQUEST		Get Ubigeo	1626452808835	1626452849195	OK	 
USER	Admins	END	1626452849196
REQUEST		Get Ubigeo	1626452808897	1626452849200	OK	 
USER	Admins	END	1626452849200
REQUEST		Get Ubigeo	1626452808959	1626452849269	OK	 
USER	Admins	END	1626452849269
REQUEST		Get Ubigeo	1626452809021	1626452849318	OK	 
USER	Admins	END	1626452849319
REQUEST		Get Ubigeo	1626452809083	1626452849388	OK	 
USER	Admins	END	1626452849388
REQUEST		Get Ubigeo	1626452809148	1626452849459	OK	 
USER	Admins	END	1626452849460
REQUEST		Get Ubigeo	1626452809210	1626452849536	OK	 
USER	Admins	END	1626452849537
REQUEST		Get Ubigeo	1626452809268	1626452849543	OK	 
USER	Admins	END	1626452849543
REQUEST		Get Ubigeo	1626452809325	1626452849639	OK	 
USER	Admins	END	1626452849639
REQUEST		Get Ubigeo	1626452809442	1626452849700	OK	 
USER	Admins	END	1626452849701
REQUEST		Get Ubigeo	1626452809386	1626452849746	OK	 
USER	Admins	END	1626452849747
REQUEST		Get Ubigeo	1626452809564	1626452849816	OK	 
USER	Admins	END	1626452849817
REQUEST		Get Ubigeo	1626452809504	1626452849825	OK	 
USER	Admins	END	1626452849826
REQUEST		Get Ubigeo	1626452809620	1626452849873	OK	 
USER	Admins	END	1626452849873
REQUEST		Get Ubigeo	1626452809680	1626452850030	OK	 
USER	Admins	END	1626452850030
REQUEST		Get Ubigeo	1626452809740	1626452850038	OK	 
USER	Admins	END	1626452850038
REQUEST		Get Ubigeo	1626452809798	1626452850055	OK	 
USER	Admins	END	1626452850055
REQUEST		Get Ubigeo	1626452809857	1626452850155	OK	 
USER	Admins	END	1626452850155
REQUEST		Get Ubigeo	1626452809916	1626452850187	OK	 
USER	Admins	END	1626452850187
REQUEST		Get Ubigeo	1626452809973	1626452850232	OK	 
USER	Admins	END	1626452850232
REQUEST		Get Ubigeo	1626452810034	1626452850340	OK	 
USER	Admins	END	1626452850340
REQUEST		Get Ubigeo	1626452810091	1626452850397	OK	 
USER	Admins	END	1626452850397
REQUEST		Get Ubigeo	1626452810151	1626452850425	OK	 
USER	Admins	END	1626452850425
REQUEST		Get Ubigeo	1626452810211	1626452850475	OK	 
USER	Admins	END	1626452850476
REQUEST		Get Ubigeo	1626452810327	1626452850600	OK	 
USER	Admins	END	1626452850600
REQUEST		Get Ubigeo	1626452810268	1626452850604	OK	 
USER	Admins	END	1626452850605
REQUEST		Get Ubigeo	1626452810386	1626452850711	OK	 
USER	Admins	END	1626452850711
REQUEST		Get Ubigeo	1626452810446	1626452850771	OK	 
USER	Admins	END	1626452850771
REQUEST		Get Ubigeo	1626452810502	1626452850775	OK	 
USER	Admins	END	1626452850775
REQUEST		Get Ubigeo	1626452810562	1626452850869	OK	 
USER	Admins	END	1626452850869
REQUEST		Get Ubigeo	1626452810622	1626452850874	OK	 
USER	Admins	END	1626452850874
REQUEST		Get Ubigeo	1626452810677	1626452850977	OK	 
USER	Admins	END	1626452850978
REQUEST		Get Ubigeo	1626452810740	1626452851105	OK	 
USER	Admins	END	1626452851106
REQUEST		Get Ubigeo	1626452810858	1626452851136	OK	 
USER	Admins	END	1626452851136
REQUEST		Get Ubigeo	1626452810799	1626452851153	OK	 
USER	Admins	END	1626452851154
REQUEST		Get Ubigeo	1626452810915	1626452851194	OK	 
USER	Admins	END	1626452851194
REQUEST		Get Ubigeo	1626452810974	1626452851315	OK	 
USER	Admins	END	1626452851316
REQUEST		Get Ubigeo	1626452811034	1626452851337	OK	 
USER	Admins	END	1626452851337
REQUEST		Get Ubigeo	1626452811093	1626452851376	OK	 
USER	Admins	END	1626452851377
REQUEST		Get Ubigeo	1626452811148	1626452851443	OK	 
USER	Admins	END	1626452851444
REQUEST		Get Ubigeo	1626452811209	1626452851561	OK	 
USER	Admins	END	1626452851561
REQUEST		Get Ubigeo	1626452811271	1626452851570	OK	 
USER	Admins	END	1626452851571
REQUEST		Get Ubigeo	1626452811335	1626452851593	OK	 
USER	Admins	END	1626452851593
REQUEST		Get Ubigeo	1626452811395	1626452851689	OK	 
USER	Admins	END	1626452851689
REQUEST		Get Ubigeo	1626452811461	1626452851800	OK	 
USER	Admins	END	1626452851800
REQUEST		Get Ubigeo	1626452811522	1626452851825	OK	 
USER	Admins	END	1626452851825
REQUEST		Get Ubigeo	1626452811589	1626452851875	OK	 
USER	Admins	END	1626452851875
REQUEST		Get Ubigeo	1626452811647	1626452852021	OK	 
USER	Admins	END	1626452852022
REQUEST		Get Ubigeo	1626452811711	1626452852036	OK	 
USER	Admins	END	1626452852036
REQUEST		Get Ubigeo	1626452811773	1626452852040	OK	 
USER	Admins	END	1626452852041
REQUEST		Get Ubigeo	1626452811832	1626452852179	OK	 
USER	Admins	END	1626452852179
REQUEST		Get Ubigeo	1626452811897	1626452852189	OK	 
USER	Admins	END	1626452852189
REQUEST		Get Ubigeo	1626452811960	1626452852233	OK	 
USER	Admins	END	1626452852233
REQUEST		Get Ubigeo	1626452812024	1626452852319	OK	 
USER	Admins	END	1626452852320
REQUEST		Get Ubigeo	1626452812085	1626452852351	OK	 
USER	Admins	END	1626452852352
REQUEST		Get Ubigeo	1626452812149	1626452852474	OK	 
USER	Admins	END	1626452852475
REQUEST		Get Ubigeo	1626452812210	1626452852484	OK	 
USER	Admins	END	1626452852485
REQUEST		Get Ubigeo	1626452812267	1626452852601	OK	 
USER	Admins	END	1626452852601
REQUEST		Get Ubigeo	1626452812326	1626452852639	OK	 
USER	Admins	END	1626452852639
REQUEST		Get Ubigeo	1626452812385	1626452852737	OK	 
USER	Admins	END	1626452852737
REQUEST		Get Ubigeo	1626452812561	1626452852825	OK	 
USER	Admins	END	1626452852825
REQUEST		Get Ubigeo	1626452812622	1626452852923	OK	 
USER	Admins	END	1626452852924
REQUEST		Get Ubigeo	1626452812444	1626452852929	OK	 
USER	Admins	END	1626452852929
REQUEST		Get Ubigeo	1626452812740	1626452853040	OK	 
USER	Admins	END	1626452853041
REQUEST		Get Ubigeo	1626452812678	1626452853045	OK	 
USER	Admins	END	1626452853045
REQUEST		Get Ubigeo	1626452812504	1626452853064	OK	 
USER	Admins	END	1626452853064
REQUEST		Get Ubigeo	1626452812799	1626452853075	OK	 
USER	Admins	END	1626452853075
REQUEST		Get Ubigeo	1626452812857	1626452853116	OK	 
USER	Admins	END	1626452853117
REQUEST		Get Ubigeo	1626452812916	1626452853170	OK	 
USER	Admins	END	1626452853171
REQUEST		Get Ubigeo	1626452812971	1626452853238	OK	 
USER	Admins	END	1626452853239
REQUEST		Get Ubigeo	1626452813091	1626452853364	OK	 
USER	Admins	END	1626452853365
REQUEST		Get Ubigeo	1626452813033	1626452853369	OK	 
USER	Admins	END	1626452853369
REQUEST		Get Ubigeo	1626452813147	1626452853444	OK	 
USER	Admins	END	1626452853445
REQUEST		Get Ubigeo	1626452813208	1626452853483	OK	 
USER	Admins	END	1626452853484
REQUEST		Get Ubigeo	1626452813268	1626452853563	OK	 
USER	Admins	END	1626452853564
REQUEST		Get Ubigeo	1626452813323	1626452853583	OK	 
USER	Admins	END	1626452853583
REQUEST		Get Ubigeo	1626452813386	1626452853649	OK	 
USER	Admins	END	1626452853650
REQUEST		Get Ubigeo	1626452813443	1626452853784	OK	 
USER	Admins	END	1626452853785
REQUEST		Get Ubigeo	1626452813501	1626452853821	OK	 
USER	Admins	END	1626452853821
REQUEST		Get Ubigeo	1626452813560	1626452853878	OK	 
USER	Admins	END	1626452853879
REQUEST		Get Ubigeo	1626452813620	1626452853887	OK	 
USER	Admins	END	1626452853887
REQUEST		Get Ubigeo	1626452813677	1626452853948	OK	 
USER	Admins	END	1626452853948
REQUEST		Get Ubigeo	1626452813737	1626452854029	OK	 
USER	Admins	END	1626452854029
REQUEST		Get Ubigeo	1626452813798	1626452854090	OK	 
USER	Admins	END	1626452854090
REQUEST		Get Ubigeo	1626452813857	1626452854141	OK	 
USER	Admins	END	1626452854142
REQUEST		Get Ubigeo	1626452813915	1626452854163	OK	 
USER	Admins	END	1626452854163
REQUEST		Get Ubigeo	1626452813973	1626452854270	OK	 
USER	Admins	END	1626452854270
REQUEST		Get Ubigeo	1626452814090	1626452854342	OK	 
USER	Admins	END	1626452854342
REQUEST		Get Ubigeo	1626452814032	1626452854347	OK	 
USER	Admins	END	1626452854348
REQUEST		Get Ubigeo	1626452814211	1626452854485	OK	 
USER	Admins	END	1626452854486
REQUEST		Get Ubigeo	1626452814151	1626452854490	OK	 
USER	Admins	END	1626452854490
REQUEST		Get Ubigeo	1626452814272	1626452854568	OK	 
USER	Admins	END	1626452854569
REQUEST		Get Ubigeo	1626452814335	1626452854676	OK	 
USER	Admins	END	1626452854677
REQUEST		Get Ubigeo	1626452814394	1626452854683	OK	 
USER	Admins	END	1626452854683
REQUEST		Get Ubigeo	1626452814460	1626452854738	OK	 
USER	Admins	END	1626452854738
REQUEST		Get Ubigeo	1626452814518	1626452854766	OK	 
USER	Admins	END	1626452854766
REQUEST		Get Ubigeo	1626452814581	1626452854914	OK	 
USER	Admins	END	1626452854915
REQUEST		Get Ubigeo	1626452814648	1626452854929	OK	 
USER	Admins	END	1626452854929
REQUEST		Get Ubigeo	1626452814710	1626452855001	OK	 
USER	Admins	END	1626452855001
REQUEST		Get Ubigeo	1626452814772	1626452855042	OK	 
USER	Admins	END	1626452855042
REQUEST		Get Ubigeo	1626452814836	1626452855164	OK	 
USER	Admins	END	1626452855164
REQUEST		Get Ubigeo	1626452814895	1626452855218	OK	 
USER	Admins	END	1626452855218
REQUEST		Get Ubigeo	1626452814960	1626452855256	OK	 
USER	Admins	END	1626452855257
REQUEST		Get Ubigeo	1626452815021	1626452855392	OK	 
USER	Admins	END	1626452855393
REQUEST		Get Ubigeo	1626452815086	1626452855427	OK	 
USER	Admins	END	1626452855427
REQUEST		Get Ubigeo	1626452815148	1626452855433	OK	 
USER	Admins	END	1626452855433
REQUEST		Get Ubigeo	1626452815210	1626452855497	OK	 
USER	Admins	END	1626452855498
REQUEST		Get Ubigeo	1626452815268	1626452855581	OK	 
USER	Admins	END	1626452855581
REQUEST		Get Ubigeo	1626452815327	1626452855596	OK	 
USER	Admins	END	1626452855596
REQUEST		Get Ubigeo	1626452815386	1626452855643	OK	 
USER	Admins	END	1626452855643
REQUEST		Get Ubigeo	1626452815444	1626452855731	OK	 
USER	Admins	END	1626452855732
REQUEST		Get Ubigeo	1626452815503	1626452855771	OK	 
USER	Admins	END	1626452855771
REQUEST		Get Ubigeo	1626452815562	1626452855817	OK	 
USER	Admins	END	1626452855817
REQUEST		Get Ubigeo	1626452815619	1626452855901	OK	 
USER	Admins	END	1626452855902
REQUEST		Get Ubigeo	1626452815680	1626452856005	OK	 
USER	Admins	END	1626452856005
REQUEST		Get Ubigeo	1626452815739	1626452856022	OK	 
USER	Admins	END	1626452856023
REQUEST		Get Ubigeo	1626452815799	1626452856045	OK	 
USER	Admins	END	1626452856046
REQUEST		Get Ubigeo	1626452815858	1626452856112	OK	 
USER	Admins	END	1626452856112
REQUEST		Get Ubigeo	1626452815915	1626452856192	OK	 
USER	Admins	END	1626452856192
REQUEST		Get Ubigeo	1626452815975	1626452856262	OK	 
USER	Admins	END	1626452856263
REQUEST		Get Ubigeo	1626452816033	1626452856319	OK	 
USER	Admins	END	1626452856319
REQUEST		Get Ubigeo	1626452816149	1626452856401	OK	 
USER	Admins	END	1626452856401
REQUEST		Get Ubigeo	1626452816093	1626452856420	OK	 
USER	Admins	END	1626452856420
REQUEST		Get Ubigeo	1626452816210	1626452856461	OK	 
USER	Admins	END	1626452856461
REQUEST		Get Ubigeo	1626452816265	1626452856561	OK	 
USER	Admins	END	1626452856561
REQUEST		Get Ubigeo	1626452816324	1626452856568	OK	 
USER	Admins	END	1626452856569
REQUEST		Get Ubigeo	1626452816386	1626452856691	OK	 
USER	Admins	END	1626452856691
REQUEST		Get Ubigeo	1626452816445	1626452856741	OK	 
USER	Admins	END	1626452856741
REQUEST		Get Ubigeo	1626452816504	1626452856835	OK	 
USER	Admins	END	1626452856835
REQUEST		Get Ubigeo	1626452816561	1626452856932	OK	 
USER	Admins	END	1626452856932
REQUEST		Get Ubigeo	1626452816621	1626452856937	OK	 
USER	Admins	END	1626452856938
REQUEST		Get Ubigeo	1626452816680	1626452856999	OK	 
USER	Admins	END	1626452856999
REQUEST		Get Ubigeo	1626452816738	1626452857436	OK	 
USER	Admins	END	1626452857436
REQUEST		Get Ubigeo	1626452817149	1626452857477	OK	 
USER	Admins	END	1626452857477
REQUEST		Get Ubigeo	1626452816794	1626452857545	OK	 
USER	Admins	END	1626452857546
REQUEST		Get Ubigeo	1626452817268	1626452857552	OK	 
USER	Admins	END	1626452857552
REQUEST		Get Ubigeo	1626452816857	1626452857593	OK	 
USER	Admins	END	1626452857594
REQUEST		Get Ubigeo	1626452817206	1626452857599	OK	 
USER	Admins	END	1626452857599
REQUEST		Get Ubigeo	1626452816915	1626452857604	OK	 
USER	Admins	END	1626452857604
REQUEST		Get Ubigeo	1626452816973	1626452857611	OK	 
USER	Admins	END	1626452857612
REQUEST		Get Ubigeo	1626452817033	1626452857616	OK	 
USER	Admins	END	1626452857617
REQUEST		Get Ubigeo	1626452817093	1626452857623	OK	 
USER	Admins	END	1626452857624
REQUEST		Get Ubigeo	1626452817326	1626452857629	OK	 
USER	Admins	END	1626452857630
REQUEST		Get Ubigeo	1626452817385	1626452857713	OK	 
USER	Admins	END	1626452857713
REQUEST		Get Ubigeo	1626452817504	1626452857752	OK	 
USER	Admins	END	1626452857752
REQUEST		Get Ubigeo	1626452817444	1626452857757	OK	 
USER	Admins	END	1626452857757
REQUEST		Get Ubigeo	1626452817621	1626452857885	OK	 
USER	Admins	END	1626452857885
REQUEST		Get Ubigeo	1626452817560	1626452857892	OK	 
USER	Admins	END	1626452857892
REQUEST		Get Ubigeo	1626452817680	1626452857982	OK	 
USER	Admins	END	1626452857982
REQUEST		Get Ubigeo	1626452817798	1626452858065	OK	 
USER	Admins	END	1626452858066
REQUEST		Get Ubigeo	1626452817739	1626452858070	OK	 
USER	Admins	END	1626452858070
REQUEST		Get Ubigeo	1626452817856	1626452858141	OK	 
USER	Admins	END	1626452858142
REQUEST		Get Ubigeo	1626452817914	1626452858163	OK	 
USER	Admins	END	1626452858163
REQUEST		Get Ubigeo	1626452817974	1626452858233	OK	 
USER	Admins	END	1626452858233
REQUEST		Get Ubigeo	1626452818029	1626452858364	OK	 
USER	Admins	END	1626452858364
REQUEST		Get Ubigeo	1626452818092	1626452858394	OK	 
USER	Admins	END	1626452858394
REQUEST		Get Ubigeo	1626452818150	1626452858483	OK	 
USER	Admins	END	1626452858483
REQUEST		Get Ubigeo	1626452818210	1626452858515	OK	 
USER	Admins	END	1626452858516
REQUEST		Get Ubigeo	1626452818272	1626452858575	OK	 
USER	Admins	END	1626452858575
REQUEST		Get Ubigeo	1626452818335	1626452858666	OK	 
USER	Admins	END	1626452858667
REQUEST		Get Ubigeo	1626452818456	1626452858738	OK	 
USER	Admins	END	1626452858738
REQUEST		Get Ubigeo	1626452818397	1626452858773	OK	 
USER	Admins	END	1626452858773
REQUEST		Get Ubigeo	1626452818517	1626452858778	OK	 
USER	Admins	END	1626452858779
REQUEST		Get Ubigeo	1626452818584	1626452858892	OK	 
USER	Admins	END	1626452858893
REQUEST		Get Ubigeo	1626452818647	1626452858928	OK	 
USER	Admins	END	1626452858929
REQUEST		Get Ubigeo	1626452818705	1626452859025	OK	 
USER	Admins	END	1626452859026
REQUEST		Get Ubigeo	1626452818772	1626452859076	OK	 
USER	Admins	END	1626452859076
REQUEST		Get Ubigeo	1626452818834	1626452859113	OK	 
USER	Admins	END	1626452859113
REQUEST		Get Ubigeo	1626452818957	1626452859219	OK	 
USER	Admins	END	1626452859219
REQUEST		Get Ubigeo	1626452818893	1626452859244	OK	 
USER	Admins	END	1626452859244
REQUEST		Get Ubigeo	1626452819021	1626452859287	OK	 
USER	Admins	END	1626452859287
REQUEST		Get Ubigeo	1626452819085	1626452859354	OK	 
USER	Admins	END	1626452859355
REQUEST		Get Ubigeo	1626452819145	1626452859440	OK	 
USER	Admins	END	1626452859440
REQUEST		Get Ubigeo	1626452819210	1626452859453	OK	 
USER	Admins	END	1626452859453
REQUEST		Get Ubigeo	1626452819266	1626452859567	OK	 
USER	Admins	END	1626452859567
REQUEST		Get Ubigeo	1626452819327	1626452859642	OK	 
USER	Admins	END	1626452859642
REQUEST		Get Ubigeo	1626452819445	1626452859728	OK	 
USER	Admins	END	1626452859728
REQUEST		Get Ubigeo	1626452819383	1626452859737	OK	 
USER	Admins	END	1626452859737
REQUEST		Get Ubigeo	1626452819504	1626452859819	OK	 
USER	Admins	END	1626452859819
REQUEST		Get Ubigeo	1626452819561	1626452859838	OK	 
USER	Admins	END	1626452859838
REQUEST		Get Ubigeo	1626452819618	1626452859939	OK	 
USER	Admins	END	1626452859939
REQUEST		Get Ubigeo	1626452821086	1626452859946	OK	 
USER	Admins	END	1626452859946
REQUEST		Get Ubigeo	1626452819676	1626452860006	OK	 
USER	Admins	END	1626452860007
REQUEST		Get Ubigeo	1626452819738	1626452860011	OK	 
USER	Admins	END	1626452860011
REQUEST		Get Ubigeo	1626452819798	1626452860120	OK	 
USER	Admins	END	1626452860121
REQUEST		Get Ubigeo	1626452821023	1626452860154	OK	 
USER	Admins	END	1626452860154
REQUEST		Get Ubigeo	1626452819856	1626452860162	OK	 
USER	Admins	END	1626452860162
REQUEST		Get Ubigeo	1626452819914	1626452860243	OK	 
USER	Admins	END	1626452860243
REQUEST		Get Ubigeo	1626452819975	1626452860320	OK	 
USER	Admins	END	1626452860320
REQUEST		Get Ubigeo	1626452820031	1626452860338	OK	 
USER	Admins	END	1626452860338
REQUEST		Get Ubigeo	1626452820091	1626452860352	OK	 
USER	Admins	END	1626452860352
REQUEST		Get Ubigeo	1626452820152	1626452860470	OK	 
USER	Admins	END	1626452860470
REQUEST		Get Ubigeo	1626452820272	1626452860511	OK	 
USER	Admins	END	1626452860511
REQUEST		Get Ubigeo	1626452820210	1626452860545	OK	 
USER	Admins	END	1626452860545
REQUEST		Get Ubigeo	1626452820334	1626452860614	OK	 
USER	Admins	END	1626452860614
REQUEST		Get Ubigeo	1626452820397	1626452860722	OK	 
USER	Admins	END	1626452860722
REQUEST		Get Ubigeo	1626452820458	1626452860762	OK	 
USER	Admins	END	1626452860762
REQUEST		Get Ubigeo	1626452820521	1626452860830	OK	 
USER	Admins	END	1626452860830
REQUEST		Get Ubigeo	1626452820585	1626452860889	OK	 
USER	Admins	END	1626452860889
REQUEST		Get Ubigeo	1626452820645	1626452860912	OK	 
USER	Admins	END	1626452860913
REQUEST		Get Ubigeo	1626452820770	1626452861043	OK	 
USER	Admins	END	1626452861043
REQUEST		Get Ubigeo	1626452820710	1626452861050	OK	 
USER	Admins	END	1626452861050
REQUEST		Get Ubigeo	1626452820834	1626452861143	OK	 
USER	Admins	END	1626452861143
REQUEST		Get Ubigeo	1626452820896	1626452861150	OK	 
USER	Admins	END	1626452861150
REQUEST		Get Ubigeo	1626452820960	1626452861267	OK	 
USER	Admins	END	1626452861267
REQUEST		Get Ubigeo	1626452821146	1626452861476	OK	 
USER	Admins	END	1626452861477
