RUN	com.gatling.simulations.Mapi	mapi	1629779243760	 	3.5.1
USER	Admins	START	1629779246232
USER	Admins	START	1629779246341
USER	Admins	START	1629779246453
USER	Admins	START	1629779246565
USER	Admins	START	1629779246677
REQUEST		Test	1629779246254	1629779246733	KO	status.find.in(200,201,202,203,204,205,206,207,208,209,304), found 401
USER	Admins	START	1629779246788
REQUEST		Test	1629779246341	1629779246814	KO	status.find.in(200,201,202,203,204,205,206,207,208,209,304), found 401
USER	Admins	START	1629779246899
REQUEST		Test	1629779246454	1629779246920	KO	status.find.in(200,201,202,203,204,205,206,207,208,209,304), found 401
USER	Admins	START	1629779247008
REQUEST		Test	1629779246565	1629779247033	KO	status.find.in(200,201,202,203,204,205,206,207,208,209,304), found 401
USER	Admins	START	1629779247121
REQUEST		Test	1629779246677	1629779247151	KO	status.find.in(200,201,202,203,204,205,206,207,208,209,304), found 401
USER	Admins	START	1629779247233
USER	Admins	START	1629779247354
REQUEST		Test	1629779246900	1629779247376	KO	status.find.in(200,201,202,203,204,205,206,207,208,209,304), found 401
REQUEST		Test	1629779246789	1629779247434	KO	status.find.in(200,201,202,203,204,205,206,207,208,209,304), found 401
USER	Admins	START	1629779247479
REQUEST		Test	1629779247008	1629779247491	KO	status.find.in(200,201,202,203,204,205,206,207,208,209,304), found 401
USER	Admins	START	1629779247606
USER	Admins	START	1629779247731
REQUEST		Test	1629779247233	1629779247745	KO	status.find.in(200,201,202,203,204,205,206,207,208,209,304), found 401
REQUEST		Test	1629779247122	1629779247772	KO	status.find.in(200,201,202,203,204,205,206,207,208,209,304), found 401
REQUEST		Test	1629779247354	1629779247843	KO	status.find.in(200,201,202,203,204,205,206,207,208,209,304), found 401
USER	Admins	START	1629779247854
REQUEST		Get User	1629779247746	1629779247866	KO	status.find.in(200,201,202,203,204,205,206,207,208,209,304), found 401
REQUEST		Get User	1629779247819	1629779247939	KO	status.find.in(200,201,202,203,204,205,206,207,208,209,304), found 401
REQUEST		Test	1629779247479	1629779247976	KO	status.find.in(200,201,202,203,204,205,206,207,208,209,304), found 401
USER	Admins	START	1629779247979
REQUEST		Get User	1629779247925	1629779248052	KO	status.find.in(200,201,202,203,204,205,206,207,208,209,304), found 401
USER	Admins	START	1629779248107
REQUEST		Get User	1629779248037	1629779248187	KO	status.find.in(200,201,202,203,204,205,206,207,208,209,304), found 401
REQUEST		Test	1629779247731	1629779248201	KO	status.find.in(200,201,202,203,204,205,206,207,208,209,304), found 401
USER	Admins	START	1629779248229
REQUEST		Get User	1629779248153	1629779248279	KO	status.find.in(200,201,202,203,204,205,206,207,208,209,304), found 401
REQUEST		Test	1629779247606	1629779248305	KO	status.find.in(200,201,202,203,204,205,206,207,208,209,304), found 401
USER	Admins	START	1629779248354
REQUEST		Test	1629779247979	1629779248439	KO	status.find.in(200,201,202,203,204,205,206,207,208,209,304), found 401
USER	Admins	START	1629779248480
REQUEST		Get User	1629779248381	1629779248507	KO	status.find.in(200,201,202,203,204,205,206,207,208,209,304), found 401
REQUEST		Test	1629779247854	1629779248532	KO	status.find.in(200,201,202,203,204,205,206,207,208,209,304), found 401
USER	Admins	START	1629779248605
REQUEST		Get User	1629779248439	1629779248607	KO	status.find.in(200,201,202,203,204,205,206,207,208,209,304), found 401
REQUEST		Get User	1629779248495	1629779248628	KO	status.find.in(200,201,202,203,204,205,206,207,208,209,304), found 401
REQUEST		Test	1629779248107	1629779248693	KO	status.find.in(200,201,202,203,204,205,206,207,208,209,304), found 401
USER	Admins	START	1629779248729
REQUEST		Test	1629779248354	1629779248829	KO	status.find.in(200,201,202,203,204,205,206,207,208,209,304), found 401
USER	Admins	START	1629779248855
REQUEST		Get User	1629779248747	1629779248861	KO	status.find.in(200,201,202,203,204,205,206,207,208,209,304), found 401
USER	Admins	END	1629779248871
REQUEST		Test	1629779248229	1629779248872	KO	status.find.in(200,201,202,203,204,205,206,207,208,209,304), found 401
REQUEST		Get User	1629779248773	1629779248937	KO	status.find.in(200,201,202,203,204,205,206,207,208,209,304), found 401
USER	Admins	END	1629779248944
REQUEST		Test	1629779248480	1629779248973	KO	status.find.in(200,201,202,203,204,205,206,207,208,209,304), found 401
USER	Admins	START	1629779248978
REQUEST		Get User	1629779248848	1629779248981	KO	status.find.in(200,201,202,203,204,205,206,207,208,209,304), found 401
USER	Admins	END	1629779249058
REQUEST		Test	1629779248606	1629779249064	KO	status.find.in(200,201,202,203,204,205,206,207,208,209,304), found 401
USER	Admins	START	1629779249104
REQUEST		Get User	1629779248981	1629779249170	KO	status.find.in(200,201,202,203,204,205,206,207,208,209,304), found 401
REQUEST		Test	1629779248729	1629779249183	KO	status.find.in(200,201,202,203,204,205,206,207,208,209,304), found 401
USER	Admins	END	1629779249192
USER	Admins	START	1629779249228
USER	Admins	END	1629779249285
REQUEST		Test	1629779248855	1629779249315	KO	status.find.in(200,201,202,203,204,205,206,207,208,209,304), found 401
REQUEST		Get User	1629779249205	1629779249330	KO	status.find.in(200,201,202,203,204,205,206,207,208,209,304), found 401
USER	Admins	START	1629779249341
USER	Admins	START	1629779249451
REQUEST		Test	1629779248978	1629779249465	KO	status.find.in(200,201,202,203,204,205,206,207,208,209,304), found 401
REQUEST		Get User	1629779249310	1629779249487	KO	status.find.in(200,201,202,203,204,205,206,207,208,209,304), found 401
USER	Admins	END	1629779249512
USER	Admins	START	1629779249563
REQUEST		Get User	1629779249444	1629779249573	KO	status.find.in(200,201,202,203,204,205,206,207,208,209,304), found 401
REQUEST		Test	1629779249104	1629779249582	KO	status.find.in(200,201,202,203,204,205,206,207,208,209,304), found 401
USER	Admins	END	1629779249613
USER	Admins	END	1629779249634
USER	Admins	START	1629779249674
REQUEST		Test	1629779249229	1629779249700	KO	status.find.in(200,201,202,203,204,205,206,207,208,209,304), found 401
REQUEST		Get User	1629779249536	1629779249717	KO	status.find.in(200,201,202,203,204,205,206,207,208,209,304), found 401
USER	Admins	START	1629779249787
REQUEST		Test	1629779249342	1629779249799	KO	status.find.in(200,201,202,203,204,205,206,207,208,209,304), found 401
REQUEST		Get User	1629779249699	1629779249833	KO	status.find.in(200,201,202,203,204,205,206,207,208,209,304), found 401
USER	Admins	END	1629779249864
USER	Admins	START	1629779249897
REQUEST		Test	1629779249452	1629779249910	KO	status.find.in(200,201,202,203,204,205,206,207,208,209,304), found 401
USER	Admins	END	1629779249942
REQUEST		Get User	1629779249832	1629779249954	KO	status.find.in(200,201,202,203,204,205,206,207,208,209,304), found 401
USER	Admins	END	1629779249984
USER	Admins	START	1629779250007
REQUEST		Test	1629779249564	1629779250019	KO	status.find.in(200,201,202,203,204,205,206,207,208,209,304), found 401
REQUEST		Get User	1629779249877	1629779250038	KO	status.find.in(200,201,202,203,204,205,206,207,208,209,304), found 401
REQUEST		Get User	1629779249979	1629779250105	KO	status.find.in(200,201,202,203,204,205,206,207,208,209,304), found 401
USER	Admins	START	1629779250120
REQUEST		Test	1629779249675	1629779250142	KO	status.find.in(200,201,202,203,204,205,206,207,208,209,304), found 401
USER	Admins	END	1629779250176
USER	Admins	START	1629779250229
REQUEST		Get User	1629779250066	1629779250292	KO	status.find.in(200,201,202,203,204,205,206,207,208,209,304), found 401
REQUEST		Get User	1629779250186	1629779250312	KO	status.find.in(200,201,202,203,204,205,206,207,208,209,304), found 401
USER	Admins	END	1629779250337
USER	Admins	START	1629779250355
REQUEST		Test	1629779249898	1629779250419	KO	status.find.in(200,201,202,203,204,205,206,207,208,209,304), found 401
REQUEST		Get User	1629779250320	1629779250448	KO	status.find.in(200,201,202,203,204,205,206,207,208,209,304), found 401
REQUEST		Test	1629779249787	1629779250453	KO	status.find.in(200,201,202,203,204,205,206,207,208,209,304), found 401
USER	Admins	START	1629779250479
USER	Admins	END	1629779250492
REQUEST		Test	1629779250008	1629779250527	KO	status.find.in(200,201,202,203,204,205,206,207,208,209,304), found 401
USER	Admins	END	1629779250576
REQUEST		Get User	1629779250469	1629779250592	KO	status.find.in(200,201,202,203,204,205,206,207,208,209,304), found 401
USER	Admins	START	1629779250604
REQUEST		Test	1629779250229	1629779250684	KO	status.find.in(200,201,202,203,204,205,206,207,208,209,304), found 401
REQUEST		Get User	1629779250587	1629779250720	KO	status.find.in(200,201,202,203,204,205,206,207,208,209,304), found 401
USER	Admins	END	1629779250721
USER	Admins	START	1629779250730
REQUEST		Test	1629779250120	1629779250777	KO	status.find.in(200,201,202,203,204,205,206,207,208,209,304), found 401
REQUEST		Test	1629779250355	1629779250831	KO	status.find.in(200,201,202,203,204,205,206,207,208,209,304), found 401
USER	Admins	END	1629779250835
USER	Admins	START	1629779250855
REQUEST		Get User	1629779250702	1629779250893	KO	status.find.in(200,201,202,203,204,205,206,207,208,209,304), found 401
REQUEST		Get User	1629779250804	1629779250928	KO	status.find.in(200,201,202,203,204,205,206,207,208,209,304), found 401
REQUEST		Test	1629779250479	1629779250953	KO	status.find.in(200,201,202,203,204,205,206,207,208,209,304), found 401
USER	Admins	END	1629779250957
USER	Admins	START	1629779250978
REQUEST		Get User	1629779250915	1629779251036	KO	status.find.in(200,201,202,203,204,205,206,207,208,209,304), found 401
USER	Admins	END	1629779251041
REQUEST		Test	1629779250605	1629779251099	KO	status.find.in(200,201,202,203,204,205,206,207,208,209,304), found 401
USER	Admins	START	1629779251105
USER	Admins	END	1629779251107
REQUEST		Get User	1629779251021	1629779251144	KO	status.find.in(200,201,202,203,204,205,206,207,208,209,304), found 401
REQUEST		Test	1629779250731	1629779251179	KO	status.find.in(200,201,202,203,204,205,206,207,208,209,304), found 401
USER	Admins	START	1629779251229
REQUEST		Get User	1629779251146	1629779251267	KO	status.find.in(200,201,202,203,204,205,206,207,208,209,304), found 401
USER	Admins	END	1629779251295
USER	Admins	END	1629779251315
USER	Admins	START	1629779251351
REQUEST		Test	1629779250856	1629779251430	KO	status.find.in(200,201,202,203,204,205,206,207,208,209,304), found 401
REQUEST		Test	1629779250978	1629779251452	KO	status.find.in(200,201,202,203,204,205,206,207,208,209,304), found 401
USER	Admins	END	1629779251453
USER	Admins	START	1629779251476
REQUEST		Get User	1629779251425	1629779251547	KO	status.find.in(200,201,202,203,204,205,206,207,208,209,304), found 401
USER	Admins	END	1629779251597
USER	Admins	START	1629779251603
REQUEST		Test	1629779251106	1629779251607	KO	status.find.in(200,201,202,203,204,205,206,207,208,209,304), found 401
REQUEST		Get User	1629779251458	1629779251636	KO	status.find.in(200,201,202,203,204,205,206,207,208,209,304), found 401
REQUEST		Get User	1629779251531	1629779251647	KO	status.find.in(200,201,202,203,204,205,206,207,208,209,304), found 401
REQUEST		Test	1629779251229	1629779251713	KO	status.find.in(200,201,202,203,204,205,206,207,208,209,304), found 401
USER	Admins	END	1629779251726
USER	Admins	START	1629779251730
REQUEST		Test	1629779251352	1629779251804	KO	status.find.in(200,201,202,203,204,205,206,207,208,209,304), found 401
REQUEST		Get User	1629779251686	1629779251816	KO	status.find.in(200,201,202,203,204,205,206,207,208,209,304), found 401
USER	Admins	START	1629779251855
USER	Admins	END	1629779251895
USER	Admins	END	1629779251930
REQUEST		Get User	1629779251778	1629779251937	KO	status.find.in(200,201,202,203,204,205,206,207,208,209,304), found 401
REQUEST		Get User	1629779251837	1629779251956	KO	status.find.in(200,201,202,203,204,205,206,207,208,209,304), found 401
USER	Admins	START	1629779251978
REQUEST		Test	1629779251476	1629779251995	KO	status.find.in(200,201,202,203,204,205,206,207,208,209,304), found 401
USER	Admins	END	1629779252042
USER	Admins	START	1629779252105
REQUEST		Get User	1629779251956	1629779252136	KO	status.find.in(200,201,202,203,204,205,206,207,208,209,304), found 401
USER	Admins	END	1629779252146
REQUEST		Test	1629779251604	1629779252194	KO	status.find.in(200,201,202,203,204,205,206,207,208,209,304), found 401
REQUEST		Test	1629779251730	1629779252211	KO	status.find.in(200,201,202,203,204,205,206,207,208,209,304), found 401
USER	Admins	START	1629779252228
REQUEST		Get User	1629779252104	1629779252263	KO	status.find.in(200,201,202,203,204,205,206,207,208,209,304), found 401
USER	Admins	END	1629779252271
REQUEST		Get User	1629779252181	1629779252305	KO	status.find.in(200,201,202,203,204,205,206,207,208,209,304), found 401
REQUEST		Test	1629779251856	1629779252329	KO	status.find.in(200,201,202,203,204,205,206,207,208,209,304), found 401
USER	Admins	START	1629779252340
USER	Admins	START	1629779252448
USER	Admins	END	1629779252552
USER	Admins	START	1629779252563
REQUEST		Get User	1629779252457	1629779252623	KO	status.find.in(200,201,202,203,204,205,206,207,208,209,304), found 401
REQUEST		Test	1629779251978	1629779252623	KO	status.find.in(200,201,202,203,204,205,206,207,208,209,304), found 401
REQUEST		Test	1629779252106	1629779252624	KO	status.find.in(200,201,202,203,204,205,206,207,208,209,304), found 401
USER	Admins	END	1629779252641
USER	Admins	END	1629779252650
REQUEST		Get User	1629779252432	1629779252671	KO	status.find.in(200,201,202,203,204,205,206,207,208,209,304), found 401
USER	Admins	START	1629779252674
REQUEST		Get User	1629779252613	1629779252741	KO	status.find.in(200,201,202,203,204,205,206,207,208,209,304), found 401
USER	Admins	START	1629779252784
REQUEST		Test	1629779252340	1629779252798	KO	status.find.in(200,201,202,203,204,205,206,207,208,209,304), found 401
USER	Admins	END	1629779252821
REQUEST		Get User	1629779252715	1629779252858	KO	status.find.in(200,201,202,203,204,205,206,207,208,209,304), found 401
USER	Admins	START	1629779252896
REQUEST		Test	1629779252229	1629779252897	KO	status.find.in(200,201,202,203,204,205,206,207,208,209,304), found 401
REQUEST		Test	1629779252448	1629779252919	KO	status.find.in(200,201,202,203,204,205,206,207,208,209,304), found 401
USER	Admins	END	1629779252941
USER	Admins	END	1629779252960
REQUEST		Get User	1629779252808	1629779252966	KO	status.find.in(200,201,202,203,204,205,206,207,208,209,304), found 401
REQUEST		Test	1629779252563	1629779253007	KO	status.find.in(200,201,202,203,204,205,206,207,208,209,304), found 401
USER	Admins	START	1629779253007
USER	Admins	START	1629779253114
REQUEST		Get User	1629779253000	1629779253124	KO	status.find.in(200,201,202,203,204,205,206,207,208,209,304), found 401
USER	Admins	END	1629779253140
REQUEST		Test	1629779252674	1629779253162	KO	status.find.in(200,201,202,203,204,205,206,207,208,209,304), found 401
USER	Admins	START	1629779253229
REQUEST		Test	1629779252784	1629779253240	KO	status.find.in(200,201,202,203,204,205,206,207,208,209,304), found 401
USER	Admins	END	1629779253267
USER	Admins	END	1629779253306
REQUEST		Get User	1629779253213	1629779253346	KO	status.find.in(200,201,202,203,204,205,206,207,208,209,304), found 401
USER	Admins	START	1629779253350
REQUEST		Get User	1629779253196	1629779253361	KO	status.find.in(200,201,202,203,204,205,206,207,208,209,304), found 401
REQUEST		Test	1629779252896	1629779253361	KO	status.find.in(200,201,202,203,204,205,206,207,208,209,304), found 401
REQUEST		Get User	1629779253331	1629779253449	KO	status.find.in(200,201,202,203,204,205,206,207,208,209,304), found 401
USER	Admins	START	1629779253479
REQUEST		Test	1629779253115	1629779253583	KO	status.find.in(200,201,202,203,204,205,206,207,208,209,304), found 401
USER	Admins	START	1629779253605
USER	Admins	END	1629779253629
USER	Admins	END	1629779253675
REQUEST		Test	1629779253008	1629779253716	KO	status.find.in(200,201,202,203,204,205,206,207,208,209,304), found 401
REQUEST		Test	1629779253229	1629779253717	KO	status.find.in(200,201,202,203,204,205,206,207,208,209,304), found 401
USER	Admins	START	1629779253729
USER	Admins	END	1629779253742
REQUEST		Get User	1629779253624	1629779253753	KO	status.find.in(200,201,202,203,204,205,206,207,208,209,304), found 401
REQUEST		Get User	1629779253629	1629779253792	KO	status.find.in(200,201,202,203,204,205,206,207,208,209,304), found 401
USER	Admins	START	1629779253853
REQUEST		Test	1629779253350	1629779253854	KO	status.find.in(200,201,202,203,204,205,206,207,208,209,304), found 401
USER	Admins	END	1629779253861
REQUEST		Get User	1629779253800	1629779253922	KO	status.find.in(200,201,202,203,204,205,206,207,208,209,304), found 401
REQUEST		Test	1629779253479	1629779253967	KO	status.find.in(200,201,202,203,204,205,206,207,208,209,304), found 401
USER	Admins	END	1629779253968
USER	Admins	START	1629779253978
REQUEST		Get User	1629779253920	1629779254044	KO	status.find.in(200,201,202,203,204,205,206,207,208,209,304), found 401
REQUEST		Get User	1629779253898	1629779254065	KO	status.find.in(200,201,202,203,204,205,206,207,208,209,304), found 401
REQUEST		Test	1629779253605	1629779254096	KO	status.find.in(200,201,202,203,204,205,206,207,208,209,304), found 401
USER	Admins	START	1629779254103
USER	Admins	END	1629779254126
REQUEST		Get User	1629779254008	1629779254130	KO	status.find.in(200,201,202,203,204,205,206,207,208,209,304), found 401
REQUEST		Test	1629779253730	1629779254216	KO	status.find.in(200,201,202,203,204,205,206,207,208,209,304), found 401
USER	Admins	START	1629779254229
REQUEST		Get User	1629779254163	1629779254303	KO	status.find.in(200,201,202,203,204,205,206,207,208,209,304), found 401
REQUEST		Test	1629779253853	1629779254312	KO	status.find.in(200,201,202,203,204,205,206,207,208,209,304), found 401
USER	Admins	END	1629779254349
USER	Admins	START	1629779254354
USER	Admins	END	1629779254362
REQUEST		Get User	1629779254245	1629779254363	KO	status.find.in(200,201,202,203,204,205,206,207,208,209,304), found 401
REQUEST		Test	1629779253978	1629779254429	KO	status.find.in(200,201,202,203,204,205,206,207,208,209,304), found 401
USER	Admins	END	1629779254454
USER	Admins	START	1629779254479
REQUEST		Get User	1629779254362	1629779254506	KO	status.find.in(200,201,202,203,204,205,206,207,208,209,304), found 401
REQUEST		Test	1629779254103	1629779254594	KO	status.find.in(200,201,202,203,204,205,206,207,208,209,304), found 401
USER	Admins	START	1629779254602
REQUEST		Get User	1629779254586	1629779254712	KO	status.find.in(200,201,202,203,204,205,206,207,208,209,304), found 401
USER	Admins	START	1629779254730
REQUEST		Test	1629779254229	1629779254736	KO	status.find.in(200,201,202,203,204,205,206,207,208,209,304), found 401
USER	Admins	END	1629779254758
USER	Admins	END	1629779254794
REQUEST		Test	1629779254354	1629779254843	KO	status.find.in(200,201,202,203,204,205,206,207,208,209,304), found 401
REQUEST		Get User	1629779254722	1629779254844	KO	status.find.in(200,201,202,203,204,205,206,207,208,209,304), found 401
USER	Admins	START	1629779254856
REQUEST		Get User	1629779254720	1629779254890	KO	status.find.in(200,201,202,203,204,205,206,207,208,209,304), found 401
USER	Admins	END	1629779254926
REQUEST		Test	1629779254479	1629779254936	KO	status.find.in(200,201,202,203,204,205,206,207,208,209,304), found 401
REQUEST		Get User	1629779254857	1629779254976	KO	status.find.in(200,201,202,203,204,205,206,207,208,209,304), found 401
USER	Admins	START	1629779254980
USER	Admins	END	1629779255048
REQUEST		Test	1629779254603	1629779255057	KO	status.find.in(200,201,202,203,204,205,206,207,208,209,304), found 401
USER	Admins	END	1629779255069
REQUEST		Get User	1629779254972	1629779255095	KO	status.find.in(200,201,202,203,204,205,206,207,208,209,304), found 401
USER	Admins	START	1629779255105
USER	Admins	END	1629779255131
REQUEST		Test	1629779254730	1629779255186	KO	status.find.in(200,201,202,203,204,205,206,207,208,209,304), found 401
REQUEST		Get User	1629779255101	1629779255227	KO	status.find.in(200,201,202,203,204,205,206,207,208,209,304), found 401
USER	Admins	START	1629779255232
REQUEST		Test	1629779254856	1629779255305	KO	status.find.in(200,201,202,203,204,205,206,207,208,209,304), found 401
USER	Admins	END	1629779255308
REQUEST		Get User	1629779255217	1629779255336	KO	status.find.in(200,201,202,203,204,205,206,207,208,209,304), found 401
USER	Admins	START	1629779255341
USER	Admins	END	1629779255368
REQUEST		Get User	1629779255314	1629779255439	KO	status.find.in(200,201,202,203,204,205,206,207,208,209,304), found 401
USER	Admins	START	1629779255450
USER	Admins	END	1629779255508
REQUEST		Get User	1629779255432	1629779255558	KO	status.find.in(200,201,202,203,204,205,206,207,208,209,304), found 401
USER	Admins	START	1629779255562
REQUEST		Test	1629779254981	1629779255585	KO	status.find.in(200,201,202,203,204,205,206,207,208,209,304), found 401
REQUEST		Test	1629779255105	1629779255612	KO	status.find.in(200,201,202,203,204,205,206,207,208,209,304), found 401
USER	Admins	START	1629779255675
REQUEST		Test	1629779255232	1629779255687	KO	status.find.in(200,201,202,203,204,205,206,207,208,209,304), found 401
USER	Admins	END	1629779255718
REQUEST		Get User	1629779255595	1629779255721	KO	status.find.in(200,201,202,203,204,205,206,207,208,209,304), found 401
USER	Admins	START	1629779255784
REQUEST		Test	1629779255341	1629779255813	KO	status.find.in(200,201,202,203,204,205,206,207,208,209,304), found 401
USER	Admins	END	1629779255848
REQUEST		Get User	1629779255741	1629779255861	KO	status.find.in(200,201,202,203,204,205,206,207,208,209,304), found 401
USER	Admins	END	1629779255895
USER	Admins	START	1629779255895
REQUEST		Get User	1629779255848	1629779255964	KO	status.find.in(200,201,202,203,204,205,206,207,208,209,304), found 401
USER	Admins	END	1629779255980
USER	Admins	START	1629779256008
REQUEST		Test	1629779255562	1629779256049	KO	status.find.in(200,201,202,203,204,205,206,207,208,209,304), found 401
REQUEST		Test	1629779255450	1629779256058	KO	status.find.in(200,201,202,203,204,205,206,207,208,209,304), found 401
REQUEST		Get User	1629779255941	1629779256060	KO	status.find.in(200,201,202,203,204,205,206,207,208,209,304), found 401
USER	Admins	END	1629779256099
USER	Admins	START	1629779256117
REQUEST		Test	1629779255675	1629779256138	KO	status.find.in(200,201,202,203,204,205,206,207,208,209,304), found 401
REQUEST		Get User	1629779256061	1629779256179	KO	status.find.in(200,201,202,203,204,205,206,207,208,209,304), found 401
USER	Admins	START	1629779256231
USER	Admins	END	1629779256232
REQUEST		Test	1629779255785	1629779256270	KO	status.find.in(200,201,202,203,204,205,206,207,208,209,304), found 401
REQUEST		Get User	1629779256192	1629779256313	KO	status.find.in(200,201,202,203,204,205,206,207,208,209,304), found 401
USER	Admins	END	1629779256340
REQUEST		Test	1629779255895	1629779256340	KO	status.find.in(200,201,202,203,204,205,206,207,208,209,304), found 401
USER	Admins	START	1629779256354
REQUEST		Get User	1629779256307	1629779256431	KO	status.find.in(200,201,202,203,204,205,206,207,208,209,304), found 401
USER	Admins	END	1629779256442
REQUEST		Test	1629779256008	1629779256458	KO	status.find.in(200,201,202,203,204,205,206,207,208,209,304), found 401
USER	Admins	START	1629779256479
USER	Admins	END	1629779256560
USER	Admins	START	1629779256606
USER	Admins	END	1629779256726
USER	Admins	START	1629779256730
REQUEST		Get User	1629779256616	1629779256736	KO	status.find.in(200,201,202,203,204,205,206,207,208,209,304), found 401
REQUEST		Test	1629779256117	1629779256741	KO	status.find.in(200,201,202,203,204,205,206,207,208,209,304), found 401
REQUEST		Get User	1629779256590	1629779256752	KO	status.find.in(200,201,202,203,204,205,206,207,208,209,304), found 401
REQUEST		Get User	1629779256692	1629779256816	KO	status.find.in(200,201,202,203,204,205,206,207,208,209,304), found 401
REQUEST		Test	1629779256355	1629779256825	KO	status.find.in(200,201,202,203,204,205,206,207,208,209,304), found 401
USER	Admins	START	1629779256853
USER	Admins	END	1629779256865
REQUEST		Test	1629779256231	1629779256867	KO	status.find.in(200,201,202,203,204,205,206,207,208,209,304), found 401
REQUEST		Get User	1629779256819	1629779256945	KO	status.find.in(200,201,202,203,204,205,206,207,208,209,304), found 401
REQUEST		Test	1629779256479	1629779256957	KO	status.find.in(200,201,202,203,204,205,206,207,208,209,304), found 401
USER	Admins	END	1629779256969
USER	Admins	START	1629779256981
USER	Admins	END	1629779257064
REQUEST		Test	1629779256606	1629779257077	KO	status.find.in(200,201,202,203,204,205,206,207,208,209,304), found 401
USER	Admins	START	1629779257105
REQUEST		Get User	1629779257053	1629779257171	KO	status.find.in(200,201,202,203,204,205,206,207,208,209,304), found 401
USER	Admins	END	1629779257184
REQUEST		Test	1629779256731	1629779257206	KO	status.find.in(200,201,202,203,204,205,206,207,208,209,304), found 401
REQUEST		Get User	1629779257061	1629779257225	KO	status.find.in(200,201,202,203,204,205,206,207,208,209,304), found 401
USER	Admins	START	1629779257229
REQUEST		Get User	1629779257142	1629779257285	KO	status.find.in(200,201,202,203,204,205,206,207,208,209,304), found 401
USER	Admins	END	1629779257317
USER	Admins	START	1629779257355
REQUEST		Get User	1629779257275	1629779257411	KO	status.find.in(200,201,202,203,204,205,206,207,208,209,304), found 401
USER	Admins	END	1629779257436
REQUEST		Get User	1629779257343	1629779257465	KO	status.find.in(200,201,202,203,204,205,206,207,208,209,304), found 401
REQUEST		Test	1629779256854	1629779257475	KO	status.find.in(200,201,202,203,204,205,206,207,208,209,304), found 401
USER	Admins	START	1629779257478
REQUEST		Get User	1629779257459	1629779257588	KO	status.find.in(200,201,202,203,204,205,206,207,208,209,304), found 401
REQUEST		Test	1629779257106	1629779257593	KO	status.find.in(200,201,202,203,204,205,206,207,208,209,304), found 401
USER	Admins	START	1629779257604
REQUEST		Test	1629779256981	1629779257636	KO	status.find.in(200,201,202,203,204,205,206,207,208,209,304), found 401
REQUEST		Test	1629779257229	1629779257707	KO	status.find.in(200,201,202,203,204,205,206,207,208,209,304), found 401
USER	Admins	START	1629779257728
USER	Admins	END	1629779257739
USER	Admins	END	1629779257758
USER	Admins	END	1629779257819
REQUEST		Test	1629779257356	1629779257821	KO	status.find.in(200,201,202,203,204,205,206,207,208,209,304), found 401
USER	Admins	START	1629779257853
REQUEST		Get User	1629779257747	1629779257909	KO	status.find.in(200,201,202,203,204,205,206,207,208,209,304), found 401
REQUEST		Test	1629779257478	1629779257944	KO	status.find.in(200,201,202,203,204,205,206,207,208,209,304), found 401
REQUEST		Get User	1629779257826	1629779257947	KO	status.find.in(200,201,202,203,204,205,206,207,208,209,304), found 401
USER	Admins	END	1629779257949
USER	Admins	START	1629779257978
REQUEST		Get User	1629779257871	1629779258041	KO	status.find.in(200,201,202,203,204,205,206,207,208,209,304), found 401
REQUEST		Get User	1629779257962	1629779258088	KO	status.find.in(200,201,202,203,204,205,206,207,208,209,304), found 401
USER	Admins	START	1629779258106
REQUEST		Test	1629779257604	1629779258134	KO	status.find.in(200,201,202,203,204,205,206,207,208,209,304), found 401
USER	Admins	END	1629779258176
REQUEST		Get User	1629779258077	1629779258197	KO	status.find.in(200,201,202,203,204,205,206,207,208,209,304), found 401
USER	Admins	END	1629779258229
USER	Admins	START	1629779258229
REQUEST		Test	1629779257728	1629779258254	KO	status.find.in(200,201,202,203,204,205,206,207,208,209,304), found 401
USER	Admins	END	1629779258287
REQUEST		Get User	1629779258210	1629779258335	KO	status.find.in(200,201,202,203,204,205,206,207,208,209,304), found 401
USER	Admins	START	1629779258341
REQUEST		Test	1629779257853	1629779258368	KO	status.find.in(200,201,202,203,204,205,206,207,208,209,304), found 401
USER	Admins	END	1629779258416
USER	Admins	START	1629779258448
USER	Admins	END	1629779258469
USER	Admins	START	1629779258560
REQUEST		Test	1629779258106	1629779258569	KO	status.find.in(200,201,202,203,204,205,206,207,208,209,304), found 401
USER	Admins	END	1629779258590
REQUEST		Test	1629779257978	1629779258635	KO	status.find.in(200,201,202,203,204,205,206,207,208,209,304), found 401
REQUEST		Get User	1629779258479	1629779258651	KO	status.find.in(200,201,202,203,204,205,206,207,208,209,304), found 401
USER	Admins	START	1629779258671
REQUEST		Test	1629779258229	1629779258709	KO	status.find.in(200,201,202,203,204,205,206,207,208,209,304), found 401
REQUEST		Get User	1629779258596	1629779258717	KO	status.find.in(200,201,202,203,204,205,206,207,208,209,304), found 401
USER	Admins	START	1629779258784
REQUEST		Test	1629779258341	1629779258804	KO	status.find.in(200,201,202,203,204,205,206,207,208,209,304), found 401
REQUEST		Get User	1629779258637	1629779258808	KO	status.find.in(200,201,202,203,204,205,206,207,208,209,304), found 401
REQUEST		Get User	1629779258709	1629779258838	KO	status.find.in(200,201,202,203,204,205,206,207,208,209,304), found 401
USER	Admins	START	1629779258895
USER	Admins	END	1629779258912
REQUEST		Test	1629779258449	1629779258914	KO	status.find.in(200,201,202,203,204,205,206,207,208,209,304), found 401
USER	Admins	END	1629779258952
REQUEST		Get User	1629779258826	1629779258984	KO	status.find.in(200,201,202,203,204,205,206,207,208,209,304), found 401
USER	Admins	START	1629779259007
USER	Admins	END	1629779259045
REQUEST		Get User	1629779258949	1629779259076	KO	status.find.in(200,201,202,203,204,205,206,207,208,209,304), found 401
USER	Admins	END	1629779259091
USER	Admins	START	1629779259114
REQUEST		Test	1629779258671	1629779259134	KO	status.find.in(200,201,202,203,204,205,206,207,208,209,304), found 401
REQUEST		Test	1629779258560	1629779259185	KO	status.find.in(200,201,202,203,204,205,206,207,208,209,304), found 401
USER	Admins	END	1629779259200
USER	Admins	START	1629779259230
REQUEST		Test	1629779258784	1629779259249	KO	status.find.in(200,201,202,203,204,205,206,207,208,209,304), found 401
REQUEST		Get User	1629779259136	1629779259262	KO	status.find.in(200,201,202,203,204,205,206,207,208,209,304), found 401
USER	Admins	END	1629779259337
USER	Admins	START	1629779259353
REQUEST		Test	1629779258896	1629779259361	KO	status.find.in(200,201,202,203,204,205,206,207,208,209,304), found 401
REQUEST		Get User	1629779259258	1629779259378	KO	status.find.in(200,201,202,203,204,205,206,207,208,209,304), found 401
USER	Admins	START	1629779259479
REQUEST		Test	1629779259007	1629779259502	KO	status.find.in(200,201,202,203,204,205,206,207,208,209,304), found 401
USER	Admins	START	1629779259605
REQUEST		Test	1629779259115	1629779259606	KO	status.find.in(200,201,202,203,204,205,206,207,208,209,304), found 401
REQUEST		Get User	1629779259372	1629779259608	KO	status.find.in(200,201,202,203,204,205,206,207,208,209,304), found 401
USER	Admins	END	1629779259656
REQUEST		Get User	1629779259575	1629779259690	KO	status.find.in(200,201,202,203,204,205,206,207,208,209,304), found 401
USER	Admins	END	1629779259720
USER	Admins	START	1629779259731
REQUEST		Test	1629779259230	1629779259739	KO	status.find.in(200,201,202,203,204,205,206,207,208,209,304), found 401
USER	Admins	END	1629779259811
REQUEST		Get User	1629779259641	1629779259812	KO	status.find.in(200,201,202,203,204,205,206,207,208,209,304), found 401
USER	Admins	END	1629779259842
REQUEST		Get User	1629779259712	1629779259842	KO	status.find.in(200,201,202,203,204,205,206,207,208,209,304), found 401
USER	Admins	START	1629779259854
REQUEST		Get User	1629779259805	1629779259929	KO	status.find.in(200,201,202,203,204,205,206,207,208,209,304), found 401
REQUEST		Test	1629779259479	1629779259958	KO	status.find.in(200,201,202,203,204,205,206,207,208,209,304), found 401
USER	Admins	START	1629779259979
USER	Admins	END	1629779259989
REQUEST		Test	1629779259353	1629779260009	KO	status.find.in(200,201,202,203,204,205,206,207,208,209,304), found 401
REQUEST		Get User	1629779259915	1629779260038	KO	status.find.in(200,201,202,203,204,205,206,207,208,209,304), found 401
REQUEST		Test	1629779259606	1629779260073	KO	status.find.in(200,201,202,203,204,205,206,207,208,209,304), found 401
USER	Admins	END	1629779260080
USER	Admins	START	1629779260103
REQUEST		Test	1629779259731	1629779260175	KO	status.find.in(200,201,202,203,204,205,206,207,208,209,304), found 401
USER	Admins	START	1629779260232
REQUEST		Get User	1629779260139	1629779260258	KO	status.find.in(200,201,202,203,204,205,206,207,208,209,304), found 401
USER	Admins	END	1629779260266
REQUEST		Test	1629779259854	1629779260325	KO	status.find.in(200,201,202,203,204,205,206,207,208,209,304), found 401
USER	Admins	START	1629779260338
REQUEST		Get User	1629779260185	1629779260347	KO	status.find.in(200,201,202,203,204,205,206,207,208,209,304), found 401
REQUEST		Get User	1629779260251	1629779260378	KO	status.find.in(200,201,202,203,204,205,206,207,208,209,304), found 401
USER	Admins	END	1629779260381
REQUEST		Test	1629779259980	1629779260443	KO	status.find.in(200,201,202,203,204,205,206,207,208,209,304), found 401
USER	Admins	START	1629779260449
REQUEST		Get User	1629779260362	1629779260483	KO	status.find.in(200,201,202,203,204,205,206,207,208,209,304), found 401
USER	Admins	START	1629779260563
REQUEST		Test	1629779260103	1629779260577	KO	status.find.in(200,201,202,203,204,205,206,207,208,209,304), found 401
USER	Admins	END	1629779260613
REQUEST		Get User	1629779260504	1629779260627	KO	status.find.in(200,201,202,203,204,205,206,207,208,209,304), found 401
USER	Admins	START	1629779260675
USER	Admins	END	1629779260693
REQUEST		Get User	1629779260608	1629779260731	KO	status.find.in(200,201,202,203,204,205,206,207,208,209,304), found 401
USER	Admins	START	1629779260784
USER	Admins	END	1629779260816
REQUEST		Test	1629779260338	1629779260818	KO	status.find.in(200,201,202,203,204,205,206,207,208,209,304), found 401
REQUEST		Test	1629779260232	1629779260841	KO	status.find.in(200,201,202,203,204,205,206,207,208,209,304), found 401
USER	Admins	END	1629779260843
REQUEST		Get User	1629779260744	1629779260865	KO	status.find.in(200,201,202,203,204,205,206,207,208,209,304), found 401
USER	Admins	START	1629779260893
REQUEST		Test	1629779260449	1629779260915	KO	status.find.in(200,201,202,203,204,205,206,207,208,209,304), found 401
USER	Admins	END	1629779260933
USER	Admins	START	1629779261007
REQUEST		Test	1629779260563	1629779261034	KO	status.find.in(200,201,202,203,204,205,206,207,208,209,304), found 401
USER	Admins	END	1629779261043
REQUEST		Get User	1629779260960	1629779261084	KO	status.find.in(200,201,202,203,204,205,206,207,208,209,304), found 401
USER	Admins	START	1629779261117
REQUEST		Test	1629779260675	1629779261126	KO	status.find.in(200,201,202,203,204,205,206,207,208,209,304), found 401
REQUEST		Get User	1629779261013	1629779261182	KO	status.find.in(200,201,202,203,204,205,206,207,208,209,304), found 401
REQUEST		Get User	1629779261077	1629779261203	KO	status.find.in(200,201,202,203,204,205,206,207,208,209,304), found 401
USER	Admins	START	1629779261231
REQUEST		Test	1629779260784	1629779261250	KO	status.find.in(200,201,202,203,204,205,206,207,208,209,304), found 401
USER	Admins	END	1629779261259
REQUEST		Get User	1629779261177	1629779261296	KO	status.find.in(200,201,202,203,204,205,206,207,208,209,304), found 401
USER	Admins	END	1629779261352
USER	Admins	START	1629779261353
REQUEST		Test	1629779260893	1629779261378	KO	status.find.in(200,201,202,203,204,205,206,207,208,209,304), found 401
USER	Admins	END	1629779261381
REQUEST		Get User	1629779261326	1629779261449	KO	status.find.in(200,201,202,203,204,205,206,207,208,209,304), found 401
USER	Admins	START	1629779261480
USER	Admins	END	1629779261484
REQUEST		Test	1629779261008	1629779261485	KO	status.find.in(200,201,202,203,204,205,206,207,208,209,304), found 401
REQUEST		Get User	1629779261445	1629779261579	KO	status.find.in(200,201,202,203,204,205,206,207,208,209,304), found 401
REQUEST		Test	1629779261118	1629779261589	KO	status.find.in(200,201,202,203,204,205,206,207,208,209,304), found 401
USER	Admins	START	1629779261604
USER	Admins	END	1629779261632
REQUEST		Get User	1629779261579	1629779261704	KO	status.find.in(200,201,202,203,204,205,206,207,208,209,304), found 401
REQUEST		Test	1629779261231	1629779261716	KO	status.find.in(200,201,202,203,204,205,206,207,208,209,304), found 401
USER	Admins	START	1629779261729
USER	Admins	END	1629779261733
REQUEST		Test	1629779261354	1629779261804	KO	status.find.in(200,201,202,203,204,205,206,207,208,209,304), found 401
USER	Admins	START	1629779261855
USER	Admins	END	1629779261867
REQUEST		Test	1629779261480	1629779261941	KO	status.find.in(200,201,202,203,204,205,206,207,208,209,304), found 401
REQUEST		Get User	1629779261822	1629779261949	KO	status.find.in(200,201,202,203,204,205,206,207,208,209,304), found 401
USER	Admins	START	1629779261978
REQUEST		Get User	1629779261843	1629779262000	KO	status.find.in(200,201,202,203,204,205,206,207,208,209,304), found 401
REQUEST		Get User	1629779261920	1629779262041	KO	status.find.in(200,201,202,203,204,205,206,207,208,209,304), found 401
REQUEST		Test	1629779261604	1629779262072	KO	status.find.in(200,201,202,203,204,205,206,207,208,209,304), found 401
USER	Admins	END	1629779262089
USER	Admins	START	1629779262104
REQUEST		Get User	1629779262039	1629779262176	KO	status.find.in(200,201,202,203,204,205,206,207,208,209,304), found 401
REQUEST		Test	1629779261729	1629779262182	KO	status.find.in(200,201,202,203,204,205,206,207,208,209,304), found 401
USER	Admins	END	1629779262187
USER	Admins	END	1629779262207
USER	Admins	START	1629779262229
REQUEST		Get User	1629779262131	1629779262255	KO	status.find.in(200,201,202,203,204,205,206,207,208,209,304), found 401
USER	Admins	END	1629779262299
REQUEST		Test	1629779261855	1629779262322	KO	status.find.in(200,201,202,203,204,205,206,207,208,209,304), found 401
USER	Admins	START	1629779262355
REQUEST		Get User	1629779262256	1629779262426	KO	status.find.in(200,201,202,203,204,205,206,207,208,209,304), found 401
REQUEST		Test	1629779261979	1629779262441	KO	status.find.in(200,201,202,203,204,205,206,207,208,209,304), found 401
USER	Admins	END	1629779262453
USER	Admins	START	1629779262479
REQUEST		Get User	1629779262382	1629779262538	KO	status.find.in(200,201,202,203,204,205,206,207,208,209,304), found 401
USER	Admins	END	1629779262583
REQUEST		Test	1629779262105	1629779262583	KO	status.find.in(200,201,202,203,204,205,206,207,208,209,304), found 401
USER	Admins	START	1629779262605
REQUEST		Get User	1629779262491	1629779262607	KO	status.find.in(200,201,202,203,204,205,206,207,208,209,304), found 401
REQUEST		Test	1629779262229	1629779262682	KO	status.find.in(200,201,202,203,204,205,206,207,208,209,304), found 401
USER	Admins	END	1629779262708
REQUEST		Get User	1629779262592	1629779262714	KO	status.find.in(200,201,202,203,204,205,206,207,208,209,304), found 401
USER	Admins	START	1629779262728
REQUEST		Test	1629779262355	1629779262835	KO	status.find.in(200,201,202,203,204,205,206,207,208,209,304), found 401
USER	Admins	START	1629779262853
REQUEST		Get User	1629779262720	1629779262877	KO	status.find.in(200,201,202,203,204,205,206,207,208,209,304), found 401
REQUEST		Get User	1629779262807	1629779262931	KO	status.find.in(200,201,202,203,204,205,206,207,208,209,304), found 401
USER	Admins	END	1629779262952
REQUEST		Test	1629779262479	1629779262959	KO	status.find.in(200,201,202,203,204,205,206,207,208,209,304), found 401
USER	Admins	START	1629779262979
USER	Admins	END	1629779263005
USER	Admins	END	1629779263045
REQUEST		Get User	1629779262946	1629779263069	KO	status.find.in(200,201,202,203,204,205,206,207,208,209,304), found 401
USER	Admins	START	1629779263104
USER	Admins	END	1629779263181
REQUEST		Test	1629779262729	1629779263185	KO	status.find.in(200,201,202,203,204,205,206,207,208,209,304), found 401
REQUEST		Get User	1629779263077	1629779263206	KO	status.find.in(200,201,202,203,204,205,206,207,208,209,304), found 401
USER	Admins	START	1629779263229
REQUEST		Test	1629779262606	1629779263254	KO	status.find.in(200,201,202,203,204,205,206,207,208,209,304), found 401
USER	Admins	END	1629779263259
REQUEST		Test	1629779262853	1629779263334	KO	status.find.in(200,201,202,203,204,205,206,207,208,209,304), found 401
REQUEST		Get User	1629779263187	1629779263339	KO	status.find.in(200,201,202,203,204,205,206,207,208,209,304), found 401
USER	Admins	START	1629779263354
USER	Admins	END	1629779263427
REQUEST		Get User	1629779263326	1629779263451	KO	status.find.in(200,201,202,203,204,205,206,207,208,209,304), found 401
USER	Admins	START	1629779263479
USER	Admins	END	1629779263542
REQUEST		Get User	1629779263445	1629779263573	KO	status.find.in(200,201,202,203,204,205,206,207,208,209,304), found 401
USER	Admins	START	1629779263603
USER	Admins	END	1629779263609
REQUEST		Test	1629779262979	1629779263623	KO	status.find.in(200,201,202,203,204,205,206,207,208,209,304), found 401
REQUEST		Test	1629779263229	1629779263695	KO	status.find.in(200,201,202,203,204,205,206,207,208,209,304), found 401
USER	Admins	END	1629779263716
REQUEST		Get User	1629779263589	1629779263718	KO	status.find.in(200,201,202,203,204,205,206,207,208,209,304), found 401
REQUEST		Test	1629779263104	1629779263719	KO	status.find.in(200,201,202,203,204,205,206,207,208,209,304), found 401
USER	Admins	START	1629779263730
REQUEST		Test	1629779263354	1629779263806	KO	status.find.in(200,201,202,203,204,205,206,207,208,209,304), found 401
REQUEST		Get User	1629779263688	1629779263822	KO	status.find.in(200,201,202,203,204,205,206,207,208,209,304), found 401
USER	Admins	START	1629779263854
USER	Admins	END	1629779263883
USER	Admins	END	1629779263936
REQUEST		Get User	1629779263837	1629779263973	KO	status.find.in(200,201,202,203,204,205,206,207,208,209,304), found 401
REQUEST		Test	1629779263479	1629779263973	KO	status.find.in(200,201,202,203,204,205,206,207,208,209,304), found 401
USER	Admins	START	1629779263978
USER	Admins	END	1629779264075
REQUEST		Get User	1629779263962	1629779264095	KO	status.find.in(200,201,202,203,204,205,206,207,208,209,304), found 401
REQUEST		Test	1629779263604	1629779264099	KO	status.find.in(200,201,202,203,204,205,206,207,208,209,304), found 401
USER	Admins	START	1629779264104
USER	Admins	END	1629779264212
USER	Admins	START	1629779264230
REQUEST		Test	1629779263854	1629779264315	KO	status.find.in(200,201,202,203,204,205,206,207,208,209,304), found 401
REQUEST		Get User	1629779264187	1629779264319	KO	status.find.in(200,201,202,203,204,205,206,207,208,209,304), found 401
USER	Admins	START	1629779264339
USER	Admins	END	1629779264340
REQUEST		Test	1629779263731	1629779264391	KO	status.find.in(200,201,202,203,204,205,206,207,208,209,304), found 401
REQUEST		Get User	1629779264258	1629779264442	KO	status.find.in(200,201,202,203,204,205,206,207,208,209,304), found 401
REQUEST		Test	1629779263978	1629779264443	KO	status.find.in(200,201,202,203,204,205,206,207,208,209,304), found 401
USER	Admins	START	1629779264451
USER	Admins	END	1629779264457
REQUEST		Get User	1629779264339	1629779264458	KO	status.find.in(200,201,202,203,204,205,206,207,208,209,304), found 401
USER	Admins	START	1629779264563
USER	Admins	END	1629779264574
USER	Admins	START	1629779264674
REQUEST		Test	1629779264231	1629779264705	KO	status.find.in(200,201,202,203,204,205,206,207,208,209,304), found 401
USER	Admins	END	1629779264724
REQUEST		Test	1629779264104	1629779264750	KO	status.find.in(200,201,202,203,204,205,206,207,208,209,304), found 401
USER	Admins	START	1629779264784
REQUEST		Get User	1629779264624	1629779264789	KO	status.find.in(200,201,202,203,204,205,206,207,208,209,304), found 401
USER	Admins	END	1629779264825
REQUEST		Get User	1629779264699	1629779264831	KO	status.find.in(200,201,202,203,204,205,206,207,208,209,304), found 401
REQUEST		Get User	1629779264725	1629779264886	KO	status.find.in(200,201,202,203,204,205,206,207,208,209,304), found 401
USER	Admins	START	1629779264896
REQUEST		Test	1629779264451	1629779264906	KO	status.find.in(200,201,202,203,204,205,206,207,208,209,304), found 401
REQUEST		Get User	1629779264810	1629779264942	KO	status.find.in(200,201,202,203,204,205,206,207,208,209,304), found 401
REQUEST		Test	1629779264339	1629779264971	KO	status.find.in(200,201,202,203,204,205,206,207,208,209,304), found 401
USER	Admins	END	1629779264974
USER	Admins	START	1629779265002
REQUEST		Test	1629779264563	1629779265052	KO	status.find.in(200,201,202,203,204,205,206,207,208,209,304), found 401
USER	Admins	END	1629779265096
REQUEST		Get User	1629779264975	1629779265097	KO	status.find.in(200,201,202,203,204,205,206,207,208,209,304), found 401
USER	Admins	START	1629779265117
REQUEST		Test	1629779264674	1629779265127	KO	status.find.in(200,201,202,203,204,205,206,207,208,209,304), found 401
USER	Admins	START	1629779265226
REQUEST		Get User	1629779265104	1629779265231	KO	status.find.in(200,201,202,203,204,205,206,207,208,209,304), found 401
REQUEST		Test	1629779264784	1629779265236	KO	status.find.in(200,201,202,203,204,205,206,207,208,209,304), found 401
USER	Admins	END	1629779265324
USER	Admins	START	1629779265354
REQUEST		Test	1629779264896	1629779265358	KO	status.find.in(200,201,202,203,204,205,206,207,208,209,304), found 401
REQUEST		Get User	1629779265317	1629779265433	KO	status.find.in(200,201,202,203,204,205,206,207,208,209,304), found 401
USER	Admins	END	1629779265446
REQUEST		Test	1629779265003	1629779265459	KO	status.find.in(200,201,202,203,204,205,206,207,208,209,304), found 401
USER	Admins	END	1629779265461
USER	Admins	START	1629779265480
REQUEST		Get User	1629779265394	1629779265568	KO	status.find.in(200,201,202,203,204,205,206,207,208,209,304), found 401
REQUEST		Get User	1629779265446	1629779265570	KO	status.find.in(200,201,202,203,204,205,206,207,208,209,304), found 401
REQUEST		Test	1629779265117	1629779265584	KO	status.find.in(200,201,202,203,204,205,206,207,208,209,304), found 401
USER	Admins	START	1629779265605
REQUEST		Test	1629779265226	1629779265701	KO	status.find.in(200,201,202,203,204,205,206,207,208,209,304), found 401
USER	Admins	START	1629779265730
USER	Admins	END	1629779265790
REQUEST		Test	1629779265354	1629779265828	KO	status.find.in(200,201,202,203,204,205,206,207,208,209,304), found 401
REQUEST		Get User	1629779265709	1629779265836	KO	status.find.in(200,201,202,203,204,205,206,207,208,209,304), found 401
USER	Admins	END	1629779265837
USER	Admins	START	1629779265852
USER	Admins	END	1629779265891
REQUEST		Get User	1629779265754	1629779265930	KO	status.find.in(200,201,202,203,204,205,206,207,208,209,304), found 401
USER	Admins	END	1629779265943
REQUEST		Test	1629779265480	1629779265961	KO	status.find.in(200,201,202,203,204,205,206,207,208,209,304), found 401
USER	Admins	START	1629779265981
REQUEST		Get User	1629779265908	1629779266037	KO	status.find.in(200,201,202,203,204,205,206,207,208,209,304), found 401
REQUEST		Test	1629779265605	1629779266058	KO	status.find.in(200,201,202,203,204,205,206,207,208,209,304), found 401
USER	Admins	END	1629779266100
USER	Admins	START	1629779266104
REQUEST		Get User	1629779265975	1629779266142	KO	status.find.in(200,201,202,203,204,205,206,207,208,209,304), found 401
REQUEST		Get User	1629779266057	1629779266181	KO	status.find.in(200,201,202,203,204,205,206,207,208,209,304), found 401
REQUEST		Test	1629779265730	1629779266209	KO	status.find.in(200,201,202,203,204,205,206,207,208,209,304), found 401
USER	Admins	START	1629779266229
USER	Admins	END	1629779266234
REQUEST		Get User	1629779266128	1629779266255	KO	status.find.in(200,201,202,203,204,205,206,207,208,209,304), found 401
REQUEST		Test	1629779265852	1629779266323	KO	status.find.in(200,201,202,203,204,205,206,207,208,209,304), found 401
USER	Admins	START	1629779266355
REQUEST		Get User	1629779266241	1629779266379	KO	status.find.in(200,201,202,203,204,205,206,207,208,209,304), found 401
USER	Admins	END	1629779266435
REQUEST		Test	1629779265981	1629779266447	KO	status.find.in(200,201,202,203,204,205,206,207,208,209,304), found 401
USER	Admins	START	1629779266480
REQUEST		Get User	1629779266362	1629779266499	KO	status.find.in(200,201,202,203,204,205,206,207,208,209,304), found 401
REQUEST		Test	1629779266104	1629779266559	KO	status.find.in(200,201,202,203,204,205,206,207,208,209,304), found 401
USER	Admins	END	1629779266572
USER	Admins	END	1629779266572
REQUEST		Get User	1629779266464	1629779266603	KO	status.find.in(200,201,202,203,204,205,206,207,208,209,304), found 401
USER	Admins	START	1629779266603
REQUEST		Test	1629779266229	1629779266694	KO	status.find.in(200,201,202,203,204,205,206,207,208,209,304), found 401
REQUEST		Get User	1629779266589	1629779266713	KO	status.find.in(200,201,202,203,204,205,206,207,208,209,304), found 401
USER	Admins	START	1629779266731
REQUEST		Get User	1629779266703	1629779266823	KO	status.find.in(200,201,202,203,204,205,206,207,208,209,304), found 401
REQUEST		Test	1629779266356	1629779266823	KO	status.find.in(200,201,202,203,204,205,206,207,208,209,304), found 401
USER	Admins	END	1629779266842
USER	Admins	START	1629779266855
USER	Admins	END	1629779266936
REQUEST		Test	1629779266480	1629779266947	KO	status.find.in(200,201,202,203,204,205,206,207,208,209,304), found 401
REQUEST		Get User	1629779266831	1629779266951	KO	status.find.in(200,201,202,203,204,205,206,207,208,209,304), found 401
USER	Admins	START	1629779266979
USER	Admins	END	1629779267042
REQUEST		Test	1629779266603	1629779267060	KO	status.find.in(200,201,202,203,204,205,206,207,208,209,304), found 401
REQUEST		Get User	1629779266962	1629779267086	KO	status.find.in(200,201,202,203,204,205,206,207,208,209,304), found 401
USER	Admins	START	1629779267106
USER	Admins	END	1629779267148
USER	Admins	END	1629779267187
REQUEST		Test	1629779266731	1629779267190	KO	status.find.in(200,201,202,203,204,205,206,207,208,209,304), found 401
USER	Admins	START	1629779267230
USER	Admins	END	1629779267259
REQUEST		Get User	1629779267063	1629779267287	KO	status.find.in(200,201,202,203,204,205,206,207,208,209,304), found 401
REQUEST		Test	1629779266856	1629779267310	KO	status.find.in(200,201,202,203,204,205,206,207,208,209,304), found 401
REQUEST		Get User	1629779267211	1629779267333	KO	status.find.in(200,201,202,203,204,205,206,207,208,209,304), found 401
USER	Admins	START	1629779267341
USER	Admins	END	1629779267385
REQUEST		Test	1629779266979	1629779267445	KO	status.find.in(200,201,202,203,204,205,206,207,208,209,304), found 401
REQUEST		Get User	1629779267328	1629779267450	KO	status.find.in(200,201,202,203,204,205,206,207,208,209,304), found 401
USER	Admins	START	1629779267450
USER	Admins	END	1629779267504
USER	Admins	START	1629779267562
REQUEST		Get User	1629779267453	1629779267570	KO	status.find.in(200,201,202,203,204,205,206,207,208,209,304), found 401
REQUEST		Test	1629779267106	1629779267592	KO	status.find.in(200,201,202,203,204,205,206,207,208,209,304), found 401
USER	Admins	END	1629779267608
USER	Admins	START	1629779267673
REQUEST		Get User	1629779267563	1629779267684	KO	status.find.in(200,201,202,203,204,205,206,207,208,209,304), found 401
USER	Admins	END	1629779267717
REQUEST		Test	1629779267230	1629779267744	KO	status.find.in(200,201,202,203,204,205,206,207,208,209,304), found 401
USER	Admins	START	1629779267784
REQUEST		Test	1629779267341	1629779267796	KO	status.find.in(200,201,202,203,204,205,206,207,208,209,304), found 401
REQUEST		Get User	1629779267698	1629779267821	KO	status.find.in(200,201,202,203,204,205,206,207,208,209,304), found 401
USER	Admins	END	1629779267827
USER	Admins	START	1629779267892
REQUEST		Test	1629779267450	1629779267915	KO	status.find.in(200,201,202,203,204,205,206,207,208,209,304), found 401
REQUEST		Get User	1629779267826	1629779267949	KO	status.find.in(200,201,202,203,204,205,206,207,208,209,304), found 401
USER	Admins	END	1629779267953
USER	Admins	START	1629779268003
REQUEST		Test	1629779267563	1629779268035	KO	status.find.in(200,201,202,203,204,205,206,207,208,209,304), found 401
REQUEST		Get User	1629779267952	1629779268071	KO	status.find.in(200,201,202,203,204,205,206,207,208,209,304), found 401
USER	Admins	END	1629779268091
USER	Admins	START	1629779268114
REQUEST		Get User	1629779268064	1629779268194	KO	status.find.in(200,201,202,203,204,205,206,207,208,209,304), found 401
USER	Admins	START	1629779268229
REQUEST		Test	1629779267784	1629779268249	KO	status.find.in(200,201,202,203,204,205,206,207,208,209,304), found 401
REQUEST		Test	1629779267673	1629779268273	KO	status.find.in(200,201,202,203,204,205,206,207,208,209,304), found 401
USER	Admins	END	1629779268292
REQUEST		Get User	1629779268192	1629779268321	KO	status.find.in(200,201,202,203,204,205,206,207,208,209,304), found 401
USER	Admins	END	1629779268335
USER	Admins	START	1629779268355
REQUEST		Get User	1629779268315	1629779268439	KO	status.find.in(200,201,202,203,204,205,206,207,208,209,304), found 401
USER	Admins	END	1629779268454
REQUEST		Test	1629779268003	1629779268466	KO	status.find.in(200,201,202,203,204,205,206,207,208,209,304), found 401
USER	Admins	START	1629779268479
REQUEST		Test	1629779267892	1629779268496	KO	status.find.in(200,201,202,203,204,205,206,207,208,209,304), found 401
REQUEST		Get User	1629779268447	1629779268561	KO	status.find.in(200,201,202,203,204,205,206,207,208,209,304), found 401
REQUEST		Test	1629779268115	1629779268561	KO	status.find.in(200,201,202,203,204,205,206,207,208,209,304), found 401
USER	Admins	END	1629779268575
USER	Admins	START	1629779268606
USER	Admins	END	1629779268689
REQUEST		Test	1629779268229	1629779268695	KO	status.find.in(200,201,202,203,204,205,206,207,208,209,304), found 401
REQUEST		Get User	1629779268597	1629779268715	KO	status.find.in(200,201,202,203,204,205,206,207,208,209,304), found 401
USER	Admins	START	1629779268731
USER	Admins	END	1629779268827
USER	Admins	START	1629779268855
REQUEST		Get User	1629779268745	1629779268868	KO	status.find.in(200,201,202,203,204,205,206,207,208,209,304), found 401
REQUEST		Get User	1629779268799	1629779268923	KO	status.find.in(200,201,202,203,204,205,206,207,208,209,304), found 401
REQUEST		Test	1629779268479	1629779268945	KO	status.find.in(200,201,202,203,204,205,206,207,208,209,304), found 401
USER	Admins	END	1629779268951
USER	Admins	START	1629779268981
REQUEST		Test	1629779268356	1629779269004	KO	status.find.in(200,201,202,203,204,205,206,207,208,209,304), found 401
REQUEST		Get User	1629779268919	1629779269054	KO	status.find.in(200,201,202,203,204,205,206,207,208,209,304), found 401
REQUEST		Test	1629779268606	1629779269072	KO	status.find.in(200,201,202,203,204,205,206,207,208,209,304), found 401
USER	Admins	END	1629779269077
USER	Admins	START	1629779269105
REQUEST		Get User	1629779269040	1629779269158	KO	status.find.in(200,201,202,203,204,205,206,207,208,209,304), found 401
USER	Admins	END	1629779269200
REQUEST		Test	1629779268731	1629779269212	KO	status.find.in(200,201,202,203,204,205,206,207,208,209,304), found 401
USER	Admins	START	1629779269229
REQUEST		Test	1629779268855	1629779269322	KO	status.find.in(200,201,202,203,204,205,206,207,208,209,304), found 401
USER	Admins	END	1629779269325
USER	Admins	START	1629779269355
REQUEST		Get User	1629779269250	1629779269370	KO	status.find.in(200,201,202,203,204,205,206,207,208,209,304), found 401
REQUEST		Get User	1629779269275	1629779269394	KO	status.find.in(200,201,202,203,204,205,206,207,208,209,304), found 401
USER	Admins	END	1629779269445
REQUEST		Test	1629779268981	1629779269456	KO	status.find.in(200,201,202,203,204,205,206,207,208,209,304), found 401
USER	Admins	START	1629779269480
USER	Admins	END	1629779269566
REQUEST		Get User	1629779269472	1629779269587	KO	status.find.in(200,201,202,203,204,205,206,207,208,209,304), found 401
REQUEST		Test	1629779269105	1629779269600	KO	status.find.in(200,201,202,203,204,205,206,207,208,209,304), found 401
USER	Admins	START	1629779269604
REQUEST		Get User	1629779269501	1629779269654	KO	status.find.in(200,201,202,203,204,205,206,207,208,209,304), found 401
REQUEST		Get User	1629779269566	1629779269682	KO	status.find.in(200,201,202,203,204,205,206,207,208,209,304), found 401
REQUEST		Test	1629779269229	1629779269696	KO	status.find.in(200,201,202,203,204,205,206,207,208,209,304), found 401
USER	Admins	END	1629779269716
USER	Admins	START	1629779269729
REQUEST		Get User	1629779269700	1629779269819	KO	status.find.in(200,201,202,203,204,205,206,207,208,209,304), found 401
REQUEST		Test	1629779269355	1629779269856	KO	status.find.in(200,201,202,203,204,205,206,207,208,209,304), found 401
USER	Admins	START	1629779269856
USER	Admins	END	1629779269871
USER	Admins	END	1629779269925
USER	Admins	START	1629779269977
USER	Admins	END	1629779270058
REQUEST		Get User	1629779269949	1629779270068	KO	status.find.in(200,201,202,203,204,205,206,207,208,209,304), found 401
USER	Admins	START	1629779270105
REQUEST		Test	1629779269480	1629779270118	KO	status.find.in(200,201,202,203,204,205,206,207,208,209,304), found 401
USER	Admins	END	1629779270163
REQUEST		Get User	1629779270007	1629779270170	KO	status.find.in(200,201,202,203,204,205,206,207,208,209,304), found 401
REQUEST		Test	1629779269729	1629779270189	KO	status.find.in(200,201,202,203,204,205,206,207,208,209,304), found 401
REQUEST		Get User	1629779270077	1629779270197	KO	status.find.in(200,201,202,203,204,205,206,207,208,209,304), found 401
REQUEST		Test	1629779269604	1629779270206	KO	status.find.in(200,201,202,203,204,205,206,207,208,209,304), found 401
USER	Admins	START	1629779270230
REQUEST		Get User	1629779270216	1629779270333	KO	status.find.in(200,201,202,203,204,205,206,207,208,209,304), found 401
USER	Admins	START	1629779270337
USER	Admins	END	1629779270371
USER	Admins	END	1629779270399
REQUEST		Test	1629779269856	1629779270442	KO	status.find.in(200,201,202,203,204,205,206,207,208,209,304), found 401
REQUEST		Test	1629779269977	1629779270445	KO	status.find.in(200,201,202,203,204,205,206,207,208,209,304), found 401
REQUEST		Get User	1629779270323	1629779270447	KO	status.find.in(200,201,202,203,204,205,206,207,208,209,304), found 401
USER	Admins	START	1629779270453
USER	Admins	START	1629779270562
REQUEST		Test	1629779270105	1629779270567	KO	status.find.in(200,201,202,203,204,205,206,207,208,209,304), found 401
REQUEST		Get User	1629779270461	1629779270586	KO	status.find.in(200,201,202,203,204,205,206,207,208,209,304), found 401
USER	Admins	END	1629779270592
USER	Admins	END	1629779270659
USER	Admins	START	1629779270671
USER	Admins	END	1629779270686
REQUEST		Get User	1629779270605	1629779270725	KO	status.find.in(200,201,202,203,204,205,206,207,208,209,304), found 401
USER	Admins	START	1629779270781
REQUEST		Test	1629779270337	1629779270795	KO	status.find.in(200,201,202,203,204,205,206,207,208,209,304), found 401
REQUEST		Get User	1629779270698	1629779270823	KO	status.find.in(200,201,202,203,204,205,206,207,208,209,304), found 401
USER	Admins	END	1629779270824
REQUEST		Test	1629779270230	1629779270862	KO	status.find.in(200,201,202,203,204,205,206,207,208,209,304), found 401
USER	Admins	START	1629779270896
REQUEST		Test	1629779270453	1629779270910	KO	status.find.in(200,201,202,203,204,205,206,207,208,209,304), found 401
REQUEST		Get User	1629779270858	1629779270977	KO	status.find.in(200,201,202,203,204,205,206,207,208,209,304), found 401
USER	Admins	START	1629779271003
REQUEST		Test	1629779270562	1629779271019	KO	status.find.in(200,201,202,203,204,205,206,207,208,209,304), found 401
USER	Admins	END	1629779271071
USER	Admins	START	1629779271117
REQUEST		Test	1629779270671	1629779271169	KO	status.find.in(200,201,202,203,204,205,206,207,208,209,304), found 401
USER	Admins	END	1629779271176
USER	Admins	END	1629779271201
USER	Admins	START	1629779271229
REQUEST		Get User	1629779271122	1629779271300	KO	status.find.in(200,201,202,203,204,205,206,207,208,209,304), found 401
REQUEST		Get User	1629779271194	1629779271314	KO	status.find.in(200,201,202,203,204,205,206,207,208,209,304), found 401
USER	Admins	END	1629779271335
USER	Admins	START	1629779271354
REQUEST		Get User	1629779271212	1629779271371	KO	status.find.in(200,201,202,203,204,205,206,207,208,209,304), found 401
REQUEST		Test	1629779270781	1629779271407	KO	status.find.in(200,201,202,203,204,205,206,207,208,209,304), found 401
USER	Admins	END	1629779271451
USER	Admins	START	1629779271478
REQUEST		Test	1629779270896	1629779271524	KO	status.find.in(200,201,202,203,204,205,206,207,208,209,304), found 401
REQUEST		Get User	1629779271450	1629779271572	KO	status.find.in(200,201,202,203,204,205,206,207,208,209,304), found 401
USER	Admins	END	1629779271592
USER	Admins	START	1629779271605
REQUEST		Get User	1629779271448	1629779271618	KO	status.find.in(200,201,202,203,204,205,206,207,208,209,304), found 401
REQUEST		Test	1629779271003	1629779271618	KO	status.find.in(200,201,202,203,204,205,206,207,208,209,304), found 401
REQUEST		Test	1629779271117	1629779271644	KO	status.find.in(200,201,202,203,204,205,206,207,208,209,304), found 401
REQUEST		Get User	1629779271568	1629779271686	KO	status.find.in(200,201,202,203,204,205,206,207,208,209,304), found 401
USER	Admins	END	1629779271729
USER	Admins	START	1629779271729
REQUEST		Test	1629779271354	1629779271814	KO	status.find.in(200,201,202,203,204,205,206,207,208,209,304), found 401
USER	Admins	END	1629779271829
REQUEST		Test	1629779271229	1629779271852	KO	status.find.in(200,201,202,203,204,205,206,207,208,209,304), found 401
USER	Admins	START	1629779271854
REQUEST		Get User	1629779271796	1629779271919	KO	status.find.in(200,201,202,203,204,205,206,207,208,209,304), found 401
USER	Admins	START	1629779271979
USER	Admins	END	1629779271981
REQUEST		Test	1629779271478	1629779271986	KO	status.find.in(200,201,202,203,204,205,206,207,208,209,304), found 401
REQUEST		Get User	1629779271914	1629779272031	KO	status.find.in(200,201,202,203,204,205,206,207,208,209,304), found 401
REQUEST		Get User	1629779271864	1629779272068	KO	status.find.in(200,201,202,203,204,205,206,207,208,209,304), found 401
USER	Admins	START	1629779272105
REQUEST		Get User	1629779272024	1629779272145	KO	status.find.in(200,201,202,203,204,205,206,207,208,209,304), found 401
USER	Admins	START	1629779272229
REQUEST		Get User	1629779272174	1629779272296	KO	status.find.in(200,201,202,203,204,205,206,207,208,209,304), found 401
USER	Admins	END	1629779272304
USER	Admins	END	1629779272317
REQUEST		Test	1629779271605	1629779272329	KO	status.find.in(200,201,202,203,204,205,206,207,208,209,304), found 401
USER	Admins	START	1629779272341
REQUEST		Test	1629779271854	1629779272355	KO	status.find.in(200,201,202,203,204,205,206,207,208,209,304), found 401
REQUEST		Test	1629779271729	1629779272367	KO	status.find.in(200,201,202,203,204,205,206,207,208,209,304), found 401
USER	Admins	END	1629779272375
USER	Admins	START	1629779272450
REQUEST		Test	1629779271979	1629779272456	KO	status.find.in(200,201,202,203,204,205,206,207,208,209,304), found 401
REQUEST		Get User	1629779272408	1629779272534	KO	status.find.in(200,201,202,203,204,205,206,207,208,209,304), found 401
USER	Admins	START	1629779272562
USER	Admins	END	1629779272576
REQUEST		Test	1629779272106	1629779272582	KO	status.find.in(200,201,202,203,204,205,206,207,208,209,304), found 401
USER	Admins	END	1629779272623
USER	Admins	START	1629779272675
USER	Admins	END	1629779272687
REQUEST		Get User	1629779272528	1629779272702	KO	status.find.in(200,201,202,203,204,205,206,207,208,209,304), found 401
REQUEST		Get User	1629779272624	1629779272753	KO	status.find.in(200,201,202,203,204,205,206,207,208,209,304), found 401
USER	Admins	START	1629779272783
REQUEST		Get User	1629779272648	1629779272811	KO	status.find.in(200,201,202,203,204,205,206,207,208,209,304), found 401
REQUEST		Test	1629779272229	1629779272858	KO	status.find.in(200,201,202,203,204,205,206,207,208,209,304), found 401
USER	Admins	START	1629779272892
USER	Admins	END	1629779272921
REQUEST		Get User	1629779272818	1629779272938	KO	status.find.in(200,201,202,203,204,205,206,207,208,209,304), found 401
REQUEST		Test	1629779272450	1629779272939	KO	status.find.in(200,201,202,203,204,205,206,207,208,209,304), found 401
REQUEST		Test	1629779272341	1629779272969	KO	status.find.in(200,201,202,203,204,205,206,207,208,209,304), found 401
USER	Admins	START	1629779273007
REQUEST		Get User	1629779272858	1629779273029	KO	status.find.in(200,201,202,203,204,205,206,207,208,209,304), found 401
USER	Admins	END	1629779273034
REQUEST		Test	1629779272563	1629779273049	KO	status.find.in(200,201,202,203,204,205,206,207,208,209,304), found 401
USER	Admins	END	1629779273071
REQUEST		Get User	1629779272992	1629779273116	KO	status.find.in(200,201,202,203,204,205,206,207,208,209,304), found 401
USER	Admins	START	1629779273117
USER	Admins	END	1629779273149
REQUEST		Test	1629779272675	1629779273178	KO	status.find.in(200,201,202,203,204,205,206,207,208,209,304), found 401
USER	Admins	START	1629779273228
REQUEST		Test	1629779272784	1629779273267	KO	status.find.in(200,201,202,203,204,205,206,207,208,209,304), found 401
USER	Admins	END	1629779273301
USER	Admins	START	1629779273354
REQUEST		Test	1629779272892	1629779273378	KO	status.find.in(200,201,202,203,204,205,206,207,208,209,304), found 401
REQUEST		Test	1629779273008	1629779273465	KO	status.find.in(200,201,202,203,204,205,206,207,208,209,304), found 401
REQUEST		Get User	1629779273357	1629779273473	KO	status.find.in(200,201,202,203,204,205,206,207,208,209,304), found 401
USER	Admins	START	1629779273480
REQUEST		Get User	1629779273333	1629779273500	KO	status.find.in(200,201,202,203,204,205,206,207,208,209,304), found 401
USER	Admins	END	1629779273536
REQUEST		Get User	1629779273373	1629779273540	KO	status.find.in(200,201,202,203,204,205,206,207,208,209,304), found 401
REQUEST		Test	1629779273117	1629779273568	KO	status.find.in(200,201,202,203,204,205,206,207,208,209,304), found 401
REQUEST		Get User	1629779273461	1629779273591	KO	status.find.in(200,201,202,203,204,205,206,207,208,209,304), found 401
USER	Admins	START	1629779273604
USER	Admins	END	1629779273708
REQUEST		Get User	1629779273586	1629779273716	KO	status.find.in(200,201,202,203,204,205,206,207,208,209,304), found 401
USER	Admins	START	1629779273729
USER	Admins	END	1629779273755
REQUEST		Test	1629779273229	1629779273779	KO	status.find.in(200,201,202,203,204,205,206,207,208,209,304), found 401
USER	Admins	END	1629779273813
REQUEST		Test	1629779273354	1629779273814	KO	status.find.in(200,201,202,203,204,205,206,207,208,209,304), found 401
USER	Admins	START	1629779273853
USER	Admins	END	1629779273941
USER	Admins	START	1629779273979
REQUEST		Get User	1629779273859	1629779274030	KO	status.find.in(200,201,202,203,204,205,206,207,208,209,304), found 401
USER	Admins	END	1629779274032
REQUEST		Get User	1629779273941	1629779274067	KO	status.find.in(200,201,202,203,204,205,206,207,208,209,304), found 401
REQUEST		Test	1629779273480	1629779274101	KO	status.find.in(200,201,202,203,204,205,206,207,208,209,304), found 401
USER	Admins	START	1629779274104
REQUEST		Test	1629779273604	1629779274114	KO	status.find.in(200,201,202,203,204,205,206,207,208,209,304), found 401
USER	Admins	END	1629779274120
REQUEST		Get User	1629779273970	1629779274125	KO	status.find.in(200,201,202,203,204,205,206,207,208,209,304), found 401
REQUEST		Get User	1629779274051	1629779274183	KO	status.find.in(200,201,202,203,204,205,206,207,208,209,304), found 401
REQUEST		Test	1629779273729	1629779274194	KO	status.find.in(200,201,202,203,204,205,206,207,208,209,304), found 401
USER	Admins	START	1629779274229
REQUEST		Get User	1629779274181	1629779274306	KO	status.find.in(200,201,202,203,204,205,206,207,208,209,304), found 401
REQUEST		Test	1629779273853	1629779274320	KO	status.find.in(200,201,202,203,204,205,206,207,208,209,304), found 401
USER	Admins	START	1629779274355
REQUEST		Get User	1629779274272	1629779274405	KO	status.find.in(200,201,202,203,204,205,206,207,208,209,304), found 401
REQUEST		Test	1629779273979	1629779274444	KO	status.find.in(200,201,202,203,204,205,206,207,208,209,304), found 401
USER	Admins	END	1629779274475
USER	Admins	START	1629779274480
REQUEST		Get User	1629779274380	1629779274503	KO	status.find.in(200,201,202,203,204,205,206,207,208,209,304), found 401
USER	Admins	END	1629779274505
USER	Admins	END	1629779274542
REQUEST		Test	1629779274104	1629779274556	KO	status.find.in(200,201,202,203,204,205,206,207,208,209,304), found 401
USER	Admins	END	1629779274592
USER	Admins	START	1629779274605
REQUEST		Get User	1629779274569	1629779274687	KO	status.find.in(200,201,202,203,204,205,206,207,208,209,304), found 401
REQUEST		Test	1629779274229	1629779274695	KO	status.find.in(200,201,202,203,204,205,206,207,208,209,304), found 401
USER	Admins	END	1629779274718
USER	Admins	START	1629779274729
REQUEST		Get User	1629779274469	1629779274754	KO	status.find.in(200,201,202,203,204,205,206,207,208,209,304), found 401
REQUEST		Test	1629779274355	1629779274855	KO	status.find.in(200,201,202,203,204,205,206,207,208,209,304), found 401
USER	Admins	START	1629779274855
REQUEST		Get User	1629779274781	1629779274895	KO	status.find.in(200,201,202,203,204,205,206,207,208,209,304), found 401
REQUEST		Get User	1629779274816	1629779274941	KO	status.find.in(200,201,202,203,204,205,206,207,208,209,304), found 401
REQUEST		Test	1629779274480	1629779274978	KO	status.find.in(200,201,202,203,204,205,206,207,208,209,304), found 401
USER	Admins	START	1629779274980
USER	Admins	END	1629779275034
REQUEST		Test	1629779274605	1629779275061	KO	status.find.in(200,201,202,203,204,205,206,207,208,209,304), found 401
USER	Admins	END	1629779275072
USER	Admins	START	1629779275105
USER	Admins	END	1629779275128
REQUEST		Test	1629779274729	1629779275175	KO	status.find.in(200,201,202,203,204,205,206,207,208,209,304), found 401
USER	Admins	END	1629779275189
USER	Admins	START	1629779275229
REQUEST		Get User	1629779275118	1629779275234	KO	status.find.in(200,201,202,203,204,205,206,207,208,209,304), found 401
REQUEST		Get User	1629779275106	1629779275297	KO	status.find.in(200,201,202,203,204,205,206,207,208,209,304), found 401
REQUEST		Test	1629779274855	1629779275301	KO	status.find.in(200,201,202,203,204,205,206,207,208,209,304), found 401
USER	Admins	END	1629779275308
REQUEST		Get User	1629779275197	1629779275318	KO	status.find.in(200,201,202,203,204,205,206,207,208,209,304), found 401
USER	Admins	START	1629779275341
USER	Admins	END	1629779275410
REQUEST		Get User	1629779275321	1629779275436	KO	status.find.in(200,201,202,203,204,205,206,207,208,209,304), found 401
USER	Admins	START	1629779275452
USER	Admins	END	1629779275508
USER	Admins	START	1629779275562
REQUEST		Get User	1629779275447	1629779275566	KO	status.find.in(200,201,202,203,204,205,206,207,208,209,304), found 401
REQUEST		Test	1629779275105	1629779275665	KO	status.find.in(200,201,202,203,204,205,206,207,208,209,304), found 401
USER	Admins	START	1629779275674
REQUEST		Get User	1629779275560	1629779275682	KO	status.find.in(200,201,202,203,204,205,206,207,208,209,304), found 401
USER	Admins	END	1629779275691
USER	Admins	END	1629779275758
REQUEST		Test	1629779275229	1629779275783	KO	status.find.in(200,201,202,203,204,205,206,207,208,209,304), found 401
USER	Admins	START	1629779275784
REQUEST		Get User	1629779275698	1629779275816	KO	status.find.in(200,201,202,203,204,205,206,207,208,209,304), found 401
USER	Admins	START	1629779275892
USER	Admins	END	1629779275896
REQUEST		Test	1629779275452	1629779275915	KO	status.find.in(200,201,202,203,204,205,206,207,208,209,304), found 401
USER	Admins	END	1629779275947
REQUEST		Get User	1629779275858	1629779275983	KO	status.find.in(200,201,202,203,204,205,206,207,208,209,304), found 401
REQUEST		Test	1629779275341	1629779275997	KO	status.find.in(200,201,202,203,204,205,206,207,208,209,304), found 401
USER	Admins	START	1629779276008
REQUEST		Test	1629779275562	1629779276023	KO	status.find.in(200,201,202,203,204,205,206,207,208,209,304), found 401
REQUEST		Get User	1629779275979	1629779276110	KO	status.find.in(200,201,202,203,204,205,206,207,208,209,304), found 401
USER	Admins	START	1629779276117
REQUEST		Test	1629779275675	1629779276147	KO	status.find.in(200,201,202,203,204,205,206,207,208,209,304), found 401
REQUEST		Get User	1629779276063	1629779276180	KO	status.find.in(200,201,202,203,204,205,206,207,208,209,304), found 401
USER	Admins	START	1629779276229
USER	Admins	END	1629779276240
REQUEST		Test	1629779275784	1629779276240	KO	status.find.in(200,201,202,203,204,205,206,207,208,209,304), found 401
REQUEST		Get User	1629779276178	1629779276298	KO	status.find.in(200,201,202,203,204,205,206,207,208,209,304), found 401
USER	Admins	END	1629779276298
USER	Admins	END	1629779276323
REQUEST		Test	1629779275893	1629779276354	KO	status.find.in(200,201,202,203,204,205,206,207,208,209,304), found 401
USER	Admins	START	1629779276355
REQUEST		Get User	1629779276302	1629779276418	KO	status.find.in(200,201,202,203,204,205,206,207,208,209,304), found 401
USER	Admins	END	1629779276441
USER	Admins	START	1629779276480
REQUEST		Test	1629779276008	1629779276493	KO	status.find.in(200,201,202,203,204,205,206,207,208,209,304), found 401
USER	Admins	END	1629779276571
REQUEST		Test	1629779276117	1629779276574	KO	status.find.in(200,201,202,203,204,205,206,207,208,209,304), found 401
USER	Admins	START	1629779276605
USER	Admins	END	1629779276686
REQUEST		Test	1629779276230	1629779276690	KO	status.find.in(200,201,202,203,204,205,206,207,208,209,304), found 401
USER	Admins	START	1629779276729
REQUEST		Get User	1629779276669	1629779276796	KO	status.find.in(200,201,202,203,204,205,206,207,208,209,304), found 401
REQUEST		Test	1629779276355	1629779276810	KO	status.find.in(200,201,202,203,204,205,206,207,208,209,304), found 401
USER	Admins	END	1629779276821
USER	Admins	START	1629779276853
REQUEST		Get User	1629779276786	1629779276972	KO	status.find.in(200,201,202,203,204,205,206,207,208,209,304), found 401
USER	Admins	START	1629779276978
USER	Admins	END	1629779276984
REQUEST		Get User	1629779276920	1629779277042	KO	status.find.in(200,201,202,203,204,205,206,207,208,209,304), found 401
REQUEST		Test	1629779276605	1629779277076	KO	status.find.in(200,201,202,203,204,205,206,207,208,209,304), found 401
REQUEST		Test	1629779276480	1629779277082	KO	status.find.in(200,201,202,203,204,205,206,207,208,209,304), found 401
USER	Admins	START	1629779277106
USER	Admins	END	1629779277114
REQUEST		Get User	1629779277002	1629779277163	KO	status.find.in(200,201,202,203,204,205,206,207,208,209,304), found 401
REQUEST		Get User	1629779277024	1629779277163	KO	status.find.in(200,201,202,203,204,205,206,207,208,209,304), found 401
USER	Admins	END	1629779277186
REQUEST		Test	1629779276729	1629779277197	KO	status.find.in(200,201,202,203,204,205,206,207,208,209,304), found 401
USER	Admins	START	1629779277228
REQUEST		Get User	1629779277149	1629779277274	KO	status.find.in(200,201,202,203,204,205,206,207,208,209,304), found 401
USER	Admins	END	1629779277301
REQUEST		Test	1629779276853	1629779277312	KO	status.find.in(200,201,202,203,204,205,206,207,208,209,304), found 401
USER	Admins	START	1629779277354
REQUEST		Get User	1629779277241	1629779277367	KO	status.find.in(200,201,202,203,204,205,206,207,208,209,304), found 401
USER	Admins	END	1629779277422
USER	Admins	START	1629779277480
REQUEST		Test	1629779276978	1629779277485	KO	status.find.in(200,201,202,203,204,205,206,207,208,209,304), found 401
REQUEST		Get User	1629779277357	1629779277487	KO	status.find.in(200,201,202,203,204,205,206,207,208,209,304), found 401
REQUEST		Test	1629779277106	1629779277600	KO	status.find.in(200,201,202,203,204,205,206,207,208,209,304), found 401
USER	Admins	START	1629779277604
REQUEST		Get User	1629779277498	1629779277618	KO	status.find.in(200,201,202,203,204,205,206,207,208,209,304), found 401
REQUEST		Get User	1629779277577	1629779277714	KO	status.find.in(200,201,202,203,204,205,206,207,208,209,304), found 401
REQUEST		Test	1629779277228	1629779277727	KO	status.find.in(200,201,202,203,204,205,206,207,208,209,304), found 401
USER	Admins	START	1629779277728
USER	Admins	END	1629779277798
REQUEST		Get User	1629779277696	1629779277832	KO	status.find.in(200,201,202,203,204,205,206,207,208,209,304), found 401
REQUEST		Test	1629779277354	1629779277832	KO	status.find.in(200,201,202,203,204,205,206,207,208,209,304), found 401
USER	Admins	START	1629779277854
REQUEST		Get User	1629779277813	1629779277951	KO	status.find.in(200,201,202,203,204,205,206,207,208,209,304), found 401
USER	Admins	END	1629779277974
USER	Admins	START	1629779277978
USER	Admins	END	1629779278048
REQUEST		Test	1629779277604	1629779278080	KO	status.find.in(200,201,202,203,204,205,206,207,208,209,304), found 401
USER	Admins	START	1629779278105
REQUEST		Test	1629779277480	1629779278163	KO	status.find.in(200,201,202,203,204,205,206,207,208,209,304), found 401
USER	Admins	END	1629779278166
USER	Admins	END	1629779278166
REQUEST		Test	1629779277728	1629779278194	KO	status.find.in(200,201,202,203,204,205,206,207,208,209,304), found 401
REQUEST		Get User	1629779278078	1629779278196	KO	status.find.in(200,201,202,203,204,205,206,207,208,209,304), found 401
USER	Admins	START	1629779278229
REQUEST		Get User	1629779278083	1629779278238	KO	status.find.in(200,201,202,203,204,205,206,207,208,209,304), found 401
USER	Admins	END	1629779278280
REQUEST		Get User	1629779278198	1629779278320	KO	status.find.in(200,201,202,203,204,205,206,207,208,209,304), found 401
REQUEST		Test	1629779277854	1629779278320	KO	status.find.in(200,201,202,203,204,205,206,207,208,209,304), found 401
USER	Admins	START	1629779278355
USER	Admins	END	1629779278371
REQUEST		Get User	1629779278312	1629779278434	KO	status.find.in(200,201,202,203,204,205,206,207,208,209,304), found 401
REQUEST		Test	1629779277979	1629779278440	KO	status.find.in(200,201,202,203,204,205,206,207,208,209,304), found 401
USER	Admins	START	1629779278478
USER	Admins	END	1629779278492
REQUEST		Test	1629779278105	1629779278562	KO	status.find.in(200,201,202,203,204,205,206,207,208,209,304), found 401
USER	Admins	START	1629779278606
REQUEST		Get User	1629779278487	1629779278611	KO	status.find.in(200,201,202,203,204,205,206,207,208,209,304), found 401
USER	Admins	END	1629779278622
USER	Admins	END	1629779278717
USER	Admins	START	1629779278730
REQUEST		Get User	1629779278606	1629779278732	KO	status.find.in(200,201,202,203,204,205,206,207,208,209,304), found 401
USER	Admins	END	1629779278837
REQUEST		Get User	1629779278730	1629779278853	KO	status.find.in(200,201,202,203,204,205,206,207,208,209,304), found 401
USER	Admins	START	1629779278856
REQUEST		Test	1629779278356	1629779278873	KO	status.find.in(200,201,202,203,204,205,206,207,208,209,304), found 401
REQUEST		Test	1629779278229	1629779278909	KO	status.find.in(200,201,202,203,204,205,206,207,208,209,304), found 401
USER	Admins	END	1629779278953
REQUEST		Get User	1629779278836	1629779278960	KO	status.find.in(200,201,202,203,204,205,206,207,208,209,304), found 401
USER	Admins	START	1629779278979
REQUEST		Test	1629779278478	1629779278981	KO	status.find.in(200,201,202,203,204,205,206,207,208,209,304), found 401
REQUEST		Test	1629779278606	1629779279101	KO	status.find.in(200,201,202,203,204,205,206,207,208,209,304), found 401
USER	Admins	START	1629779279105
USER	Admins	END	1629779279198
REQUEST		Test	1629779278730	1629779279199	KO	status.find.in(200,201,202,203,204,205,206,207,208,209,304), found 401
REQUEST		Get User	1629779279083	1629779279211	KO	status.find.in(200,201,202,203,204,205,206,207,208,209,304), found 401
USER	Admins	START	1629779279229
USER	Admins	END	1629779279239
REQUEST		Test	1629779278856	1629779279322	KO	status.find.in(200,201,202,203,204,205,206,207,208,209,304), found 401
USER	Admins	END	1629779279322
REQUEST		Get User	1629779279198	1629779279329	KO	status.find.in(200,201,202,203,204,205,206,207,208,209,304), found 401
REQUEST		Get User	1629779279168	1629779279337	KO	status.find.in(200,201,202,203,204,205,206,207,208,209,304), found 401
USER	Admins	START	1629779279337
USER	Admins	END	1629779279435
REQUEST		Test	1629779278979	1629779279446	KO	status.find.in(200,201,202,203,204,205,206,207,208,209,304), found 401
REQUEST		Get User	1629779279322	1629779279450	KO	status.find.in(200,201,202,203,204,205,206,207,208,209,304), found 401
USER	Admins	START	1629779279450
USER	Admins	START	1629779279558
REQUEST		Get User	1629779279445	1629779279569	KO	status.find.in(200,201,202,203,204,205,206,207,208,209,304), found 401
REQUEST		Test	1629779279106	1629779279573	KO	status.find.in(200,201,202,203,204,205,206,207,208,209,304), found 401
USER	Admins	END	1629779279613
USER	Admins	START	1629779279672
REQUEST		Get User	1629779279563	1629779279683	KO	status.find.in(200,201,202,203,204,205,206,207,208,209,304), found 401
REQUEST		Test	1629779279230	1629779279686	KO	status.find.in(200,201,202,203,204,205,206,207,208,209,304), found 401
USER	Admins	END	1629779279733
USER	Admins	START	1629779279783
REQUEST		Test	1629779279337	1629779279805	KO	status.find.in(200,201,202,203,204,205,206,207,208,209,304), found 401
USER	Admins	END	1629779279858
USER	Admins	START	1629779279895
REQUEST		Test	1629779279450	1629779279914	KO	status.find.in(200,201,202,203,204,205,206,207,208,209,304), found 401
USER	Admins	END	1629779279962
USER	Admins	START	1629779280006
REQUEST		Get User	1629779279879	1629779280009	KO	status.find.in(200,201,202,203,204,205,206,207,208,209,304), found 401
REQUEST		Test	1629779279558	1629779280009	KO	status.find.in(200,201,202,203,204,205,206,207,208,209,304), found 401
REQUEST		Get User	1629779279914	1629779280074	KO	status.find.in(200,201,202,203,204,205,206,207,208,209,304), found 401
REQUEST		Get User	1629779279986	1629779280112	KO	status.find.in(200,201,202,203,204,205,206,207,208,209,304), found 401
USER	Admins	START	1629779280117
REQUEST		Test	1629779279672	1629779280123	KO	status.find.in(200,201,202,203,204,205,206,207,208,209,304), found 401
USER	Admins	END	1629779280213
USER	Admins	START	1629779280230
REQUEST		Get User	1629779280104	1629779280237	KO	status.find.in(200,201,202,203,204,205,206,207,208,209,304), found 401
REQUEST		Get User	1629779280202	1629779280332	KO	status.find.in(200,201,202,203,204,205,206,207,208,209,304), found 401
USER	Admins	END	1629779280333
USER	Admins	END	1629779280341
USER	Admins	START	1629779280354
REQUEST		Test	1629779279895	1629779280357	KO	status.find.in(200,201,202,203,204,205,206,207,208,209,304), found 401
REQUEST		Test	1629779279783	1629779280412	KO	status.find.in(200,201,202,203,204,205,206,207,208,209,304), found 401
USER	Admins	END	1629779280451
REQUEST		Get User	1629779280324	1629779280468	KO	status.find.in(200,201,202,203,204,205,206,207,208,209,304), found 401
USER	Admins	START	1629779280480
REQUEST		Test	1629779280006	1629779280507	KO	status.find.in(200,201,202,203,204,205,206,207,208,209,304), found 401
USER	Admins	END	1629779280574
REQUEST		Get User	1629779280451	1629779280599	KO	status.find.in(200,201,202,203,204,205,206,207,208,209,304), found 401
USER	Admins	START	1629779280605
REQUEST		Test	1629779280117	1629779280631	KO	status.find.in(200,201,202,203,204,205,206,207,208,209,304), found 401
USER	Admins	END	1629779280689
REQUEST		Get User	1629779280579	1629779280700	KO	status.find.in(200,201,202,203,204,205,206,207,208,209,304), found 401
USER	Admins	START	1629779280728
REQUEST		Test	1629779280230	1629779280743	KO	status.find.in(200,201,202,203,204,205,206,207,208,209,304), found 401
REQUEST		Get User	1629779280691	1629779280819	KO	status.find.in(200,201,202,203,204,205,206,207,208,209,304), found 401
USER	Admins	START	1629779280855
REQUEST		Test	1629779280354	1629779280861	KO	status.find.in(200,201,202,203,204,205,206,207,208,209,304), found 401
REQUEST		Get User	1629779280807	1629779280926	KO	status.find.in(200,201,202,203,204,205,206,207,208,209,304), found 401
REQUEST		Test	1629779280480	1629779280954	KO	status.find.in(200,201,202,203,204,205,206,207,208,209,304), found 401
USER	Admins	START	1629779280979
USER	Admins	END	1629779281013
REQUEST		Get User	1629779280920	1629779281054	KO	status.find.in(200,201,202,203,204,205,206,207,208,209,304), found 401
REQUEST		Test	1629779280605	1629779281054	KO	status.find.in(200,201,202,203,204,205,206,207,208,209,304), found 401
USER	Admins	END	1629779281074
USER	Admins	START	1629779281105
USER	Admins	END	1629779281117
REQUEST		Get User	1629779281013	1629779281139	KO	status.find.in(200,201,202,203,204,205,206,207,208,209,304), found 401
REQUEST		Test	1629779280728	1629779281181	KO	status.find.in(200,201,202,203,204,205,206,207,208,209,304), found 401
USER	Admins	START	1629779281229
USER	Admins	END	1629779281242
REQUEST		Get User	1629779281123	1629779281246	KO	status.find.in(200,201,202,203,204,205,206,207,208,209,304), found 401
REQUEST		Test	1629779280855	1629779281312	KO	status.find.in(200,201,202,203,204,205,206,207,208,209,304), found 401
USER	Admins	END	1629779281334
USER	Admins	START	1629779281355
REQUEST		Test	1629779280979	1629779281470	KO	status.find.in(200,201,202,203,204,205,206,207,208,209,304), found 401
USER	Admins	END	1629779281472
USER	Admins	START	1629779281479
REQUEST		Get User	1629779281360	1629779281500	KO	status.find.in(200,201,202,203,204,205,206,207,208,209,304), found 401
REQUEST		Get User	1629779281415	1629779281572	KO	status.find.in(200,201,202,203,204,205,206,207,208,209,304), found 401
REQUEST		Test	1629779281105	1629779281593	KO	status.find.in(200,201,202,203,204,205,206,207,208,209,304), found 401
USER	Admins	END	1629779281604
USER	Admins	START	1629779281605
REQUEST		Get User	1629779281509	1629779281630	KO	status.find.in(200,201,202,203,204,205,206,207,208,209,304), found 401
REQUEST		Test	1629779281229	1629779281700	KO	status.find.in(200,201,202,203,204,205,206,207,208,209,304), found 401
USER	Admins	END	1629779281705
USER	Admins	START	1629779281728
REQUEST		Get User	1629779281632	1629779281759	KO	status.find.in(200,201,202,203,204,205,206,207,208,209,304), found 401
USER	Admins	END	1629779281821
REQUEST		Test	1629779281355	1629779281828	KO	status.find.in(200,201,202,203,204,205,206,207,208,209,304), found 401
USER	Admins	START	1629779281855
REQUEST		Get User	1629779281744	1629779281873	KO	status.find.in(200,201,202,203,204,205,206,207,208,209,304), found 401
USER	Admins	END	1629779281928
REQUEST		Test	1629779281480	1629779281947	KO	status.find.in(200,201,202,203,204,205,206,207,208,209,304), found 401
USER	Admins	START	1629779281981
REQUEST		Get User	1629779281864	1629779281995	KO	status.find.in(200,201,202,203,204,205,206,207,208,209,304), found 401
USER	Admins	END	1629779282056
REQUEST		Get User	1629779281958	1629779282086	KO	status.find.in(200,201,202,203,204,205,206,207,208,209,304), found 401
USER	Admins	START	1629779282106
USER	Admins	END	1629779282143
REQUEST		Get User	1629779282056	1629779282175	KO	status.find.in(200,201,202,203,204,205,206,207,208,209,304), found 401
REQUEST		Test	1629779281728	1629779282199	KO	status.find.in(200,201,202,203,204,205,206,207,208,209,304), found 401
REQUEST		Test	1629779281605	1629779282229	KO	status.find.in(200,201,202,203,204,205,206,207,208,209,304), found 401
USER	Admins	START	1629779282229
USER	Admins	END	1629779282248
REQUEST		Get User	1629779282184	1629779282306	KO	status.find.in(200,201,202,203,204,205,206,207,208,209,304), found 401
REQUEST		Test	1629779281855	1629779282334	KO	status.find.in(200,201,202,203,204,205,206,207,208,209,304), found 401
USER	Admins	START	1629779282337
REQUEST		Get User	1629779282315	1629779282446	KO	status.find.in(200,201,202,203,204,205,206,207,208,209,304), found 401
USER	Admins	START	1629779282448
REQUEST		Test	1629779281981	1629779282495	KO	status.find.in(200,201,202,203,204,205,206,207,208,209,304), found 401
USER	Admins	END	1629779282501
USER	Admins	START	1629779282559
USER	Admins	END	1629779282575
REQUEST		Get User	1629779282474	1629779282624	KO	status.find.in(200,201,202,203,204,205,206,207,208,209,304), found 401
USER	Admins	END	1629779282633
REQUEST		Test	1629779282106	1629779282655	KO	status.find.in(200,201,202,203,204,205,206,207,208,209,304), found 401
USER	Admins	START	1629779282670
REQUEST		Get User	1629779282594	1629779282734	KO	status.find.in(200,201,202,203,204,205,206,207,208,209,304), found 401
REQUEST		Test	1629779282229	1629779282742	KO	status.find.in(200,201,202,203,204,205,206,207,208,209,304), found 401
USER	Admins	END	1629779282760
USER	Admins	START	1629779282781
REQUEST		Get User	1629779282702	1629779282851	KO	status.find.in(200,201,202,203,204,205,206,207,208,209,304), found 401
REQUEST		Test	1629779282337	1629779282866	KO	status.find.in(200,201,202,203,204,205,206,207,208,209,304), found 401
USER	Admins	END	1629779282875
USER	Admins	START	1629779282896
REQUEST		Test	1629779282448	1629779282900	KO	status.find.in(200,201,202,203,204,205,206,207,208,209,304), found 401
REQUEST		Get User	1629779282832	1629779282974	KO	status.find.in(200,201,202,203,204,205,206,207,208,209,304), found 401
USER	Admins	END	1629779282997
USER	Admins	START	1629779283004
REQUEST		Test	1629779282559	1629779283026	KO	status.find.in(200,201,202,203,204,205,206,207,208,209,304), found 401
REQUEST		Get User	1629779282948	1629779283072	KO	status.find.in(200,201,202,203,204,205,206,207,208,209,304), found 401
USER	Admins	END	1629779283091
USER	Admins	START	1629779283118
REQUEST		Test	1629779282671	1629779283144	KO	status.find.in(200,201,202,203,204,205,206,207,208,209,304), found 401
USER	Admins	END	1629779283177
USER	Admins	START	1629779283229
REQUEST		Test	1629779282781	1629779283281	KO	status.find.in(200,201,202,203,204,205,206,207,208,209,304), found 401
USER	Admins	END	1629779283307
REQUEST		Get User	1629779283201	1629779283325	KO	status.find.in(200,201,202,203,204,205,206,207,208,209,304), found 401
USER	Admins	START	1629779283355
REQUEST		Get User	1629779283231	1629779283398	KO	status.find.in(200,201,202,203,204,205,206,207,208,209,304), found 401
USER	Admins	END	1629779283449
REQUEST		Get User	1629779283339	1629779283467	KO	status.find.in(200,201,202,203,204,205,206,207,208,209,304), found 401
USER	Admins	START	1629779283479
REQUEST		Test	1629779283004	1629779283555	KO	status.find.in(200,201,202,203,204,205,206,207,208,209,304), found 401
REQUEST		Test	1629779283118	1629779283581	KO	status.find.in(200,201,202,203,204,205,206,207,208,209,304), found 401
USER	Admins	START	1629779283605
REQUEST		Get User	1629779283498	1629779283621	KO	status.find.in(200,201,202,203,204,205,206,207,208,209,304), found 401
USER	Admins	END	1629779283626
REQUEST		Test	1629779283229	1629779283681	KO	status.find.in(200,201,202,203,204,205,206,207,208,209,304), found 401
USER	Admins	START	1629779283729
USER	Admins	END	1629779283736
REQUEST		Get User	1629779283657	1629779283777	KO	status.find.in(200,201,202,203,204,205,206,207,208,209,304), found 401
REQUEST		Test	1629779283355	1629779283819	KO	status.find.in(200,201,202,203,204,205,206,207,208,209,304), found 401
USER	Admins	END	1629779283856
USER	Admins	START	1629779283856
REQUEST		Get User	1629779283743	1629779283880	KO	status.find.in(200,201,202,203,204,205,206,207,208,209,304), found 401
REQUEST		Test	1629779283479	1629779283954	KO	status.find.in(200,201,202,203,204,205,206,207,208,209,304), found 401
USER	Admins	END	1629779283978
USER	Admins	START	1629779283978
REQUEST		Get User	1629779283869	1629779283991	KO	status.find.in(200,201,202,203,204,205,206,207,208,209,304), found 401
REQUEST		Get User	1629779283905	1629779284030	KO	status.find.in(200,201,202,203,204,205,206,207,208,209,304), found 401
REQUEST		Test	1629779283606	1629779284060	KO	status.find.in(200,201,202,203,204,205,206,207,208,209,304), found 401
USER	Admins	END	1629779284075
USER	Admins	START	1629779284105
REQUEST		Get User	1629779284027	1629779284145	KO	status.find.in(200,201,202,203,204,205,206,207,208,209,304), found 401
USER	Admins	START	1629779284229
REQUEST		Get User	1629779284148	1629779284263	KO	status.find.in(200,201,202,203,204,205,206,207,208,209,304), found 401
USER	Admins	END	1629779284326
USER	Admins	START	1629779284354
USER	Admins	END	1629779284400
REQUEST		Get User	1629779284282	1629779284405	KO	status.find.in(200,201,202,203,204,205,206,207,208,209,304), found 401
USER	Admins	END	1629779284472
USER	Admins	START	1629779284479
REQUEST		Test	1629779283856	1629779284480	KO	status.find.in(200,201,202,203,204,205,206,207,208,209,304), found 401
USER	Admins	START	1629779284606
USER	Admins	END	1629779284626
REQUEST		Test	1629779283978	1629779284657	KO	status.find.in(200,201,202,203,204,205,206,207,208,209,304), found 401
REQUEST		Get User	1629779284558	1629779284682	KO	status.find.in(200,201,202,203,204,205,206,207,208,209,304), found 401
REQUEST		Test	1629779284229	1629779284684	KO	status.find.in(200,201,202,203,204,205,206,207,208,209,304), found 401
REQUEST		Get User	1629779284584	1629779284716	KO	status.find.in(200,201,202,203,204,205,206,207,208,209,304), found 401
USER	Admins	START	1629779284731
REQUEST		Test	1629779284105	1629779284746	KO	status.find.in(200,201,202,203,204,205,206,207,208,209,304), found 401
USER	Admins	END	1629779284779
REQUEST		Get User	1629779284682	1629779284803	KO	status.find.in(200,201,202,203,204,205,206,207,208,209,304), found 401
USER	Admins	START	1629779284854
USER	Admins	END	1629779284885
REQUEST		Get User	1629779284820	1629779284937	KO	status.find.in(200,201,202,203,204,205,206,207,208,209,304), found 401
REQUEST		Test	1629779284479	1629779284955	KO	status.find.in(200,201,202,203,204,205,206,207,208,209,304), found 401
USER	Admins	START	1629779284978
USER	Admins	END	1629779284995
REQUEST		Test	1629779284354	1629779285011	KO	status.find.in(200,201,202,203,204,205,206,207,208,209,304), found 401
USER	Admins	END	1629779285030
REQUEST		Test	1629779284606	1629779285078	KO	status.find.in(200,201,202,203,204,205,206,207,208,209,304), found 401
REQUEST		Get User	1629779284960	1629779285086	KO	status.find.in(200,201,202,203,204,205,206,207,208,209,304), found 401
USER	Admins	START	1629779285106
USER	Admins	END	1629779285149
REQUEST		Get User	1629779285063	1629779285194	KO	status.find.in(200,201,202,203,204,205,206,207,208,209,304), found 401
REQUEST		Test	1629779284731	1629779285195	KO	status.find.in(200,201,202,203,204,205,206,207,208,209,304), found 401
USER	Admins	START	1629779285230
USER	Admins	END	1629779285269
USER	Admins	START	1629779285336
USER	Admins	END	1629779285408
REQUEST		Test	1629779284978	1629779285426	KO	status.find.in(200,201,202,203,204,205,206,207,208,209,304), found 401
REQUEST		Test	1629779274980	1629779285436	KO	status.find.in(200,201,202,203,204,205,206,207,208,209,304), found 401
USER	Admins	START	1629779285450
REQUEST		Test	1629779284854	1629779285471	KO	status.find.in(200,201,202,203,204,205,206,207,208,209,304), found 401
USER	Admins	START	1629779285562
REQUEST		Get User	1629779285486	1629779285650	KO	status.find.in(200,201,202,203,204,205,206,207,208,209,304), found 401
USER	Admins	START	1629779285674
USER	Admins	END	1629779285685
REQUEST		Test	1629779285230	1629779285700	KO	status.find.in(200,201,202,203,204,205,206,207,208,209,304), found 401
USER	Admins	END	1629779285717
REQUEST		Test	1629779285106	1629779285739	KO	status.find.in(200,201,202,203,204,205,206,207,208,209,304), found 401
USER	Admins	START	1629779285781
REQUEST		Test	1629779285336	1629779285796	KO	status.find.in(200,201,202,203,204,205,206,207,208,209,304), found 401
USER	Admins	END	1629779285807
REQUEST		Get User	1629779285689	1629779285807	KO	status.find.in(200,201,202,203,204,205,206,207,208,209,304), found 401
REQUEST		Get User	1629779285661	1629779285823	KO	status.find.in(200,201,202,203,204,205,206,207,208,209,304), found 401
USER	Admins	START	1629779285891
REQUEST		Test	1629779285450	1629779285910	KO	status.find.in(200,201,202,203,204,205,206,207,208,209,304), found 401
REQUEST		Get User	1629779285748	1629779285914	KO	status.find.in(200,201,202,203,204,205,206,207,208,209,304), found 401
USER	Admins	END	1629779285942
USER	Admins	START	1629779286007
REQUEST		Test	1629779285563	1629779286014	KO	status.find.in(200,201,202,203,204,205,206,207,208,209,304), found 401
REQUEST		Get User	1629779285956	1629779286077	KO	