RUN	com.gatling.simulations.Products	products	1626149544299	 	3.5.1
USER	Users	START	1626149546656
USER	Users	START	1626149546757
USER	Users	START	1626149546857
USER	Users	START	1626149546954
USER	Users	START	1626149547057
USER	Users	START	1626149547159
USER	Users	START	1626149547258
USER	Users	START	1626149547355
USER	Users	START	1626149547456
REQUEST		Products 1	1626149546673	1626149547552	OK	 
USER	Users	START	1626149547559
USER	Users	START	1626149547659
REQUEST		Products 1	1626149546757	1626149547729	OK	 
USER	Users	START	1626149547753
REQUEST		Products 1	1626149546955	1626149547764	OK	 
USER	Users	START	1626149547855
REQUEST		Products 1	1626149546858	1626149547906	OK	 
USER	Users	START	1626149547951
REQUEST		Products 1	1626149547160	1626149548029	OK	 
USER	Users	START	1626149548053
REQUEST		Products 1	1626149547057	1626149548081	OK	 
REQUEST		Products 1	1626149547356	1626149548134	OK	 
USER	Users	START	1626149548154
REQUEST		Products 1	1626149547258	1626149548200	OK	 
REQUEST		Products 1	1626149547456	1626149548230	OK	 
USER	Users	START	1626149548252
USER	Users	START	1626149548355
REQUEST		Products 1	1626149547559	1626149548419	OK	 
USER	Users	START	1626149548454
USER	Users	START	1626149548557
REQUEST		Products 1	1626149547660	1626149548569	OK	 
REQUEST		Products 1	1626149547754	1626149548630	OK	 
USER	Users	START	1626149548655
REQUEST		Products 1	1626149547952	1626149548693	OK	 
USER	Users	START	1626149548753
REQUEST		Products 1	1626149547856	1626149548766	OK	 
REQUEST		Products 1	1626149548053	1626149548812	OK	 
USER	Users	START	1626149548853
USER	Users	START	1626149548952
REQUEST		Products 1	1626149548154	1626149548995	OK	 
REQUEST		Products 2	1626149548564	1626149549004	OK	 
USER	Users	START	1626149549055
REQUEST		Products 2	1626149548767	1626149549114	OK	 
REQUEST		Products 1	1626149548252	1626149549131	OK	 
REQUEST		Products 1	1626149548356	1626149549147	OK	 
USER	Users	START	1626149549152
REQUEST		Products 1	1626149548454	1626149549233	OK	 
USER	Users	START	1626149549255
REQUEST		Products 2	1626149548731	1626149549262	OK	 
USER	Users	START	1626149549355
REQUEST		Products 2	1626149549032	1626149549398	OK	 
REQUEST		Products 2	1626149548911	1626149549442	OK	 
USER	Users	START	1626149549457
REQUEST		Products 2	1626149549138	1626149549479	OK	 
REQUEST		Products 2	1626149549204	1626149549501	OK	 
REQUEST		Products 2	1626149549082	1626149549543	OK	 
REQUEST		Products 1	1626149548557	1626149549544	OK	 
USER	Users	START	1626149549553
REQUEST		Products 1	1626149548656	1626149549564	OK	 
REQUEST		Products 2	1626149549233	1626149549574	OK	 
USER	Users	START	1626149549657
REQUEST		Products 1	1626149548853	1626149549699	OK	 
USER	Users	START	1626149549754
REQUEST		Products 2	1626149549425	1626149549765	OK	 
REQUEST		Products 1	1626149548754	1626149549824	OK	 
REQUEST		Products 2	1626149549635	1626149549849	OK	 
USER	Users	START	1626149549855
REQUEST		Products 2	1626149549570	1626149549903	OK	 
REQUEST		Products 1	1626149548952	1626149549946	OK	 
USER	Users	START	1626149549955
REQUEST		Products 1	1626149549256	1626149549984	OK	 
REQUEST		Products 2	1626149549699	1626149550004	OK	 
USER	Users	START	1626149550054
REQUEST		Products 1	1626149549056	1626149550077	OK	 
REQUEST		Products 1	1626149549152	1626149550122	OK	 
USER	Users	START	1626149550151
USER	Users	START	1626149550252
REQUEST		Products 2	1626149549815	1626149550283	OK	 
REQUEST		Products 2	1626149550000	1626149550308	OK	 
REQUEST		Products 2	1626149549770	1626149550322	OK	 
REQUEST		Products 1	1626149549356	1626149550335	OK	 
USER	Users	START	1626149550356
REQUEST		Products 3	1626149550009	1626149550371	OK	 
REQUEST		Products 1	1626149549657	1626149550410	OK	 
REQUEST		Products 1	1626149549553	1626149550415	OK	 
REQUEST		Products 2	1626149550149	1626149550431	OK	 
USER	Users	START	1626149550455
REQUEST		Products 1	1626149549457	1626149550465	OK	 
REQUEST		Products 3	1626149550115	1626149550524	OK	 
USER	Users	START	1626149550555
REQUEST		Products 2	1626149550136	1626149550588	OK	 
REQUEST		Products 3	1626149550265	1626149550594	OK	 
REQUEST		Products 2	1626149550236	1626149550600	OK	 
REQUEST		Products 1	1626149549755	1626149550654	OK	 
USER	Users	START	1626149550655
REQUEST		Products 3	1626149550404	1626149550689	OK	 
REQUEST		Products 3	1626149550483	1626149550691	OK	 
REQUEST		Products 1	1626149549856	1626149550692	OK	 
USER	Users	START	1626149550753
REQUEST		Products 3	1626149550504	1626149550775	OK	 
REQUEST		Products 3	1626149550580	1626149550782	OK	 
REQUEST		Products 3	1626149550548	1626149550795	OK	 
REQUEST		Products 3	1626149550444	1626149550820	OK	 
USER	Users	START	1626149550856
REQUEST		Products 2	1626149550549	1626149550907	OK	 
REQUEST		Products 2	1626149550570	1626149550907	OK	 
REQUEST		Products 1	1626149550152	1626149550910	OK	 
REQUEST		Products 1	1626149550054	1626149550949	OK	 
USER	Users	START	1626149550954
REQUEST		Products 1	1626149549956	1626149550982	OK	 
REQUEST		Products 3	1626149550769	1626149551009	OK	 
REQUEST		Products 2	1626149550705	1626149551027	OK	 
USER	Users	START	1626149551053
REQUEST		Products 1	1626149550252	1626149551115	OK	 
REQUEST		Products 3	1626149550856	1626149551136	OK	 
REQUEST		Products 1	1626149550357	1626149551136	OK	 
USER	Users	START	1626149551155
REQUEST		Products 3	1626149550904	1626149551156	OK	 
REQUEST		Products 1	1626149550455	1626149551226	OK	 
USER	Users	START	1626149551253
REQUEST		Products 2	1626149550825	1626149551286	OK	 
REQUEST		Products 2	1626149550950	1626149551327	OK	 
USER	Users	START	1626149551354
REQUEST		Products 1	1626149550656	1626149551373	OK	 
REQUEST		Products 2	1626149550986	1626149551414	OK	 
REQUEST		Products 1	1626149550555	1626149551450	OK	 
REQUEST		Products 3	1626149551009	1626149551450	OK	 
USER	Users	START	1626149551453
REQUEST		Products 2	1626149551079	1626149551456	OK	 
REQUEST		Products 2	1626149551128	1626149551517	OK	 
USER	Users	START	1626149551556
REQUEST		Products 3	1626149551284	1626149551575	OK	 
REQUEST		Products 3	1626149551309	1626149551580	OK	 
REQUEST		Products 1	1626149550856	1626149551598	OK	 
REQUEST		Products 3	1626149551327	1626149551612	OK	 
REQUEST		Products 1	1626149550753	1626149551615	OK	 
USER	Users	START	1626149551654
REQUEST		Products 3	1626149551436	1626149551734	OK	 
USER	Users	START	1626149551753
REQUEST		Products 4	1626149551373	1626149551758	OK	 
REQUEST		Products 4	1626149551526	1626149551772	OK	 
REQUEST		Products 2	1626149551341	1626149551788	OK	 
REQUEST		Products 2	1626149551420	1626149551799	OK	 
REQUEST		Products 2	1626149551413	1626149551799	OK	 
REQUEST		Products 3	1626149551590	1626149551820	OK	 
REQUEST		Products 3	1626149551604	1626149551824	OK	 
USER	Users	START	1626149551851
REQUEST		Products 1	1626149551054	1626149551884	OK	 
REQUEST		Products 4	1626149551695	1626149551904	OK	 
REQUEST		Products 4	1626149551599	1626149551911	OK	 
USER	Users	START	1626149551955
REQUEST		Products 2	1626149551467	1626149551957	OK	 
REQUEST		Products 2	1626149551658	1626149551967	OK	 
REQUEST		Products 1	1626149551155	1626149551972	OK	 
REQUEST		Products 4	1626149551786	1626149551992	OK	 
REQUEST		Products 2	1626149551693	1626149552004	OK	 
REQUEST		Products 4	1626149551777	1626149552004	OK	 
REQUEST		Products 4	1626149551695	1626149552008	OK	 
REQUEST		Products 4	1626149551797	1626149552043	OK	 
REQUEST		Products 1	1626149550954	1626149552043	OK	 
USER	Users	START	1626149552053
REQUEST		Products 4	1626149551824	1626149552064	OK	 
REQUEST		Products 1	1626149551354	1626149552107	OK	 
REQUEST		Products 3	1626149551912	1626149552131	OK	 
REQUEST		Products 1	1626149551253	1626149552146	OK	 
USER	Users	START	1626149552155
REQUEST		Products 3	1626149551912	1626149552157	OK	 
REQUEST		Products 2	1626149551913	1626149552206	OK	 
REQUEST		Products 3	1626149552031	1626149552239	OK	 
USER	Users	START	1626149552255
REQUEST		Products 1	1626149551556	1626149552320	OK	 
USER	Users	START	1626149552352
REQUEST		Products 2	1626149551985	1626149552362	OK	 
REQUEST		Products 4	1626149552142	1626149552373	OK	 
REQUEST		Products 4	1626149552014	1626149552376	OK	 
REQUEST		Products 4	1626149552159	1626149552440	OK	 
REQUEST		Products 2	1626149551955	1626149552440	OK	 
REQUEST		Products 2	1626149552142	1626149552441	OK	 
REQUEST		Products 1	1626149551453	1626149552443	OK	 
REQUEST		Products 2	1626149552119	1626149552447	OK	 
USER	Users	START	1626149552454
REQUEST		Products 1	1626149551654	1626149552530	OK	 
REQUEST		Products 3	1626149552288	1626149552529	OK	 
REQUEST		Products 2	1626149552230	1626149552554	OK	 
USER	Users	START	1626149552554
REQUEST		Products 3	1626149552331	1626149552568	OK	 
REQUEST		Products 1	1626149551753	1626149552622	OK	 
REQUEST		Products 3	1626149552419	1626149552637	OK	 
USER	Users	START	1626149552657
REQUEST		Products 4	1626149552454	1626149552664	OK	 
REQUEST		Products 3	1626149552457	1626149552683	OK	 
REQUEST		Products 1	1626149551851	1626149552703	OK	 
REQUEST		Products 2	1626149552378	1626149552716	OK	 
REQUEST		Products 2	1626149552454	1626149552718	OK	 
REQUEST		Products 1	1626149551955	1626149552718	OK	 
USER	Users	START	1626149552753
REQUEST		Products 4	1626149552576	1626149552790	OK	 
REQUEST		Products 3	1626149552521	1626149552792	OK	 
REQUEST		Products 4	1626149552617	1626149552850	OK	 
USER	Users	START	1626149552854
REQUEST		Products 4	1626149552582	1626149552899	OK	 
USER	Users	START	1626149552951
REQUEST		Products 1	1626149552054	1626149552953	OK	 
REQUEST		Products 2	1626149552619	1626149552999	OK	 
REQUEST		Products 3	1626149552803	1626149553010	OK	 
REQUEST		Products 3	1626149552803	1626149553019	OK	 
REQUEST		Products 3	1626149552791	1626149553042	OK	 
REQUEST		Products 4	1626149552823	1626149553045	OK	 
REQUEST		Products 5	1626149552763	1626149553045	OK	 
USER	Users	START	1626149553053
REQUEST		Products 5	1626149552778	1626149553055	OK	 
REQUEST		Products 2	1626149552602	1626149553079	OK	 
REQUEST		Products 4	1626149552824	1626149553083	OK	 
REQUEST		Products 1	1626149552353	1626149553091	OK	 
REQUEST		Products 5	1626149552906	1626149553103	OK	 
REQUEST		Products 4	1626149552735	1626149553104	OK	 
REQUEST		Products 1	1626149552155	1626149553135	OK	 
REQUEST		Products 5	1626149552916	1626149553139	OK	 
USER	Users	START	1626149553153
REQUEST		Products 2	1626149552889	1626149553169	OK	 
REQUEST		Products 1	1626149552255	1626149553178	OK	 
REQUEST		Products 5	1626149553012	1626149553207	OK	 
REQUEST		Products 3	1626149553008	1626149553207	OK	 
REQUEST		Products 3	1626149552959	1626149553208	OK	 
USER	Users	START	1626149553255
REQUEST		Products 5	1626149553008	1626149553284	OK	 
REQUEST		Products 5	1626149553044	1626149553288	OK	 
REQUEST		Products 3	1626149552969	1626149553299	OK	 
REQUEST		Products 1	1626149552454	1626149553300	OK	 
REQUEST		Products 2	1626149552974	1626149553312	OK	 
USER	Users	START	1626149553353
REQUEST		Products 5	1626149552994	1626149553387	OK	 
REQUEST		Products 4	1626149553162	1626149553387	OK	 
REQUEST		Products 4	1626149553136	1626149553387	OK	 
REQUEST		Products 3	1626149553211	1626149553393	OK	 
REQUEST		Products 1	1626149552554	1626149553400	OK	 
REQUEST		Products 2	1626149553044	1626149553400	OK	 
REQUEST		Products 5	1626149553065	1626149553404	OK	 
REQUEST		Products 2	1626149553108	1626149553423	OK	 
REQUEST		Products 4	1626149553245	1626149553442	OK	 
USER	Users	START	1626149553453
REQUEST		Products 1	1626149552657	1626149553454	OK	 
REQUEST		Products 2	1626149553151	1626149553474	OK	 
REQUEST		Products 1	1626149552753	1626149553494	OK	 
USER	Users	START	1626149553554
REQUEST		Products 5	1626149553377	1626149553603	OK	 
REQUEST		Products 5	1626149553375	1626149553603	OK	 
REQUEST		Products 3	1626149553367	1626149553603	OK	 
REQUEST		Products 3	1626149553442	1626149553635	OK	 
REQUEST		Products 3	1626149553441	1626149553647	OK	 
USER	Users	START	1626149553652
REQUEST		Products 2	1626149553322	1626149553663	OK	 
REQUEST		Products 5	1626149553441	1626149553740	OK	 
USER	Users	START	1626149553752
REQUEST		Products 3	1626149553556	1626149553769	OK	 
REQUEST		Products 1	1626149552951	1626149553810	OK	 
REQUEST		Products 4	1626149553572	1626149553827	OK	 
REQUEST		Products 2	1626149553444	1626149553849	OK	 
USER	Users	START	1626149553852
REQUEST		Products 1	1626149552854	1626149553855	OK	 
REQUEST		Products 3	1626149553452	1626149553897	OK	 
REQUEST		Products 2	1626149553531	1626149553897	OK	 
REQUEST		Products 4	1626149553642	1626149553897	OK	 
REQUEST		Products 3	1626149553721	1626149553919	OK	 
REQUEST		Products 1	1626149553053	1626149553924	OK	 
REQUEST		Products 4	1626149553685	1626149553933	OK	 
REQUEST		Products 4	1626149553531	1626149553946	OK	 
USER	Users	START	1626149553951
REQUEST		Products 5	1626149553670	1626149553972	OK	 
REQUEST		Products 5	1626149553792	1626149554015	OK	 
REQUEST		Products 3	1626149553721	1626149554037	OK	 
REQUEST		Products 4	1626149553798	1626149554052	OK	 
USER	Users	START	1626149554054
REQUEST		Products 2	1626149553627	1626149554056	OK	 
REQUEST		Products 5	1626149553852	1626149554066	OK	 
REQUEST		Products 2	1626149553721	1626149554080	OK	 
REQUEST		Products 2	1626149553706	1626149554083	OK	 
REQUEST		Products 5	1626149553904	1626149554088	OK	 
REQUEST		Products 1	1626149553353	1626149554133	OK	 
USER	Users	START	1626149554154
REQUEST		Products 1	1626149553255	1626149554155	OK	 
REQUEST		Products 1	1626149553154	1626149554193	OK	 
REQUEST		Products 4	1626149554020	1626149554226	OK	 
REQUEST		Products 4	1626149554014	1626149554247	OK	 
USER	Users	START	1626149554255
REQUEST		Products 3	1626149554003	1626149554262	OK	 
REQUEST		Products 3	1626149554084	1626149554279	OK	 
REQUEST		Products 4	1626149554047	1626149554286	OK	 
REQUEST		Products 2	1626149554095	1626149554292	OK	 
REQUEST		Products 2	1626149553955	1626149554298	OK	 
REQUEST		Products 5	1626149554047	1626149554318	OK	 
REQUEST		Products 6	1626149554049	1626149554333	OK	 
REQUEST		Products 5	1626149554105	1626149554333	OK	 
USER	Users	START	1626149554357
REQUEST		Products 5	1626149554086	1626149554360	OK	 
REQUEST		Products 3	1626149554170	1626149554366	OK	 
REQUEST		Products 1	1626149553453	1626149554379	OK	 
REQUEST		Products 6	1626149554143	1626149554406	OK	 
REQUEST		Products 6	1626149554058	1626149554411	OK	 
REQUEST		Products 4	1626149554212	1626149554425	OK	 
REQUEST		Products 6	1626149554212	1626149554438	OK	 
USER	Users	START	1626149554453
REQUEST		Products 6	1626149554105	1626149554464	OK	 
REQUEST		Products 4	1626149554214	1626149554469	OK	 
REQUEST		Products 2	1626149554182	1626149554469	OK	 
REQUEST		Products 2	1626149554139	1626149554498	OK	 
REQUEST		Products 3	1626149554314	1626149554511	OK	 
REQUEST		Products 6	1626149554286	1626149554522	OK	 
REQUEST		Products 1	1626149553554	1626149554537	OK	 
USER	Users	START	1626149554556
REQUEST		Products 4	1626149554303	1626149554581	OK	 
REQUEST		Products 6	1626149554390	1626149554591	OK	 
REQUEST		Products 4	1626149554394	1626149554592	OK	 
REQUEST		Products 5	1626149554390	1626149554598	OK	 
REQUEST		Products 5	1626149554390	1626149554598	OK	 
REQUEST		Products 6	1626149554292	1626149554612	OK	 
REQUEST		Products 2	1626149554303	1626149554639	OK	 
REQUEST		Products 3	1626149554404	1626149554639	OK	 
REQUEST		Products 6	1626149554409	1626149554649	OK	 
REQUEST		Products 5	1626149554448	1626149554649	OK	 
USER	Users	START	1626149554655
REQUEST		Products 1	1626149553753	1626149554671	OK	 
REQUEST		Products 3	1626149554479	1626149554683	OK	 
REQUEST		Products 1	1626149553951	1626149554684	OK	 
REQUEST		Products 3	1626149554427	1626149554685	OK	 
REQUEST		Products 1	1626149553653	1626149554694	OK	 
REQUEST		Products 2	1626149554406	1626149554752	OK	 
USER	Users	START	1626149554752
REQUEST		Products 2	1626149554456	1626149554764	OK	 
REQUEST		Products 2	1626149554495	1626149554781	OK	 
REQUEST		Products 1	1626149554054	1626149554799	OK	 
REQUEST		Products 6	1626149554603	1626149554846	OK	 
REQUEST		Products 1	1626149553853	1626149554853	OK	 
USER	Users	START	1626149554854
REQUEST		Products 3	1626149554666	1626149554867	OK	 
REQUEST		Products 4	1626149554648	1626149554873	OK	 
REQUEST		Products 4	1626149554607	1626149554878	OK	 
REQUEST		Products 6	1626149554607	1626149554884	OK	 
REQUEST		Products 4	1626149554641	1626149554884	OK	 
USER	Users	START	1626149554951
REQUEST		Products 6	1626149554742	1626149554980	OK	 
REQUEST		Products 4	1626149554772	1626149554988	OK	 
REQUEST		Products 1	1626149554155	1626149555006	OK	 
USER	Users	START	1626149555052
REQUEST		Products 3	1626149554853	1626149555084	OK	 
REQUEST		Products 5	1626149554902	1626149555123	OK	 
REQUEST		Products 2	1626149554812	1626149555152	OK	 
USER	Users	START	1626149555153
REQUEST		Products 5	1626149554832	1626149555160	OK	 
REQUEST		Products 3	1626149554902	1626149555167	OK	 
REQUEST		Products 4	1626149554923	1626149555177	OK	 
REQUEST		Products 5	1626149554934	1626149555182	OK	 
REQUEST		Products 4	1626149554902	1626149555189	OK	 
REQUEST		Products 5	1626149554948	1626149555193	OK	 
REQUEST		Products 6	1626149554975	1626149555200	OK	 
REQUEST		Products 1	1626149554255	1626149555200	OK	 
REQUEST		Products 6	1626149555019	1626149555235	OK	 
REQUEST		Products 2	1626149554858	1626149555237	OK	 
USER	Users	START	1626149555253
REQUEST		Products 2	1626149554927	1626149555262	OK	 
REQUEST		Products 3	1626149555057	1626149555279	OK	 
REQUEST		Products 3	1626149555082	1626149555293	OK	 
REQUEST		Products 4	1626149555042	1626149555293	OK	 
REQUEST		Products 1	1626149554357	1626149555296	OK	 
REQUEST		Products 6	1626149555067	1626149555306	OK	 
REQUEST		Products 3	1626149555087	1626149555312	OK	 
REQUEST		Products 6	1626149555092	1626149555340	OK	 
REQUEST		Products 5	1626149555053	1626149555340	OK	 
USER	Users	START	1626149555353
REQUEST		Products 1	1626149554556	1626149555385	OK	 
REQUEST		Products 1	1626149554453	1626149555405	OK	 
REQUEST		Products 2	1626149555136	1626149555438	OK	 
REQUEST		Products 5	1626149555231	1626149555443	OK	 
REQUEST		Products 5	1626149555253	1626149555451	OK	 
USER	Users	START	1626149555452
REQUEST		Products 2	1626149555159	1626149555488	OK	 
REQUEST		Products 3	1626149555295	1626149555491	OK	 
REQUEST		Products 4	1626149555284	1626149555493	OK	 
REQUEST		Products 1	1626149554752	1626149555503	OK	 
REQUEST		Products 4	1626149555263	1626149555514	OK	 
REQUEST		Products 1	1626149554656	1626149555515	OK	 
REQUEST		Products 3	1626149555302	1626149555518	OK	 
REQUEST		Products 5	1626149555291	1626149555522	OK	 
USER	Users	START	1626149555553
REQUEST		Products 6	1626149555323	1626149555556	OK	 
REQUEST		Products 6	1626149555337	1626149555567	OK	 
REQUEST		Products 4	1626149555369	1626149555598	OK	 
REQUEST		Products 6	1626149555364	1626149555617	OK	 
REQUEST		Products 2	1626149555195	1626149555617	OK	 
REQUEST		Products 5	1626149555428	1626149555638	OK	 
REQUEST		Products 7	1626149555337	1626149555648	OK	 
REQUEST		Products 7	1626149555440	1626149555648	OK	 
USER	Users	START	1626149555652
REQUEST		Products 7	1626149555470	1626149555657	OK	 
REQUEST		Products 3	1626149555473	1626149555668	OK	 
REQUEST		Products 5	1626149555472	1626149555694	OK	 
REQUEST		Products 3	1626149555503	1626149555726	OK	 
REQUEST		Products 7	1626149555417	1626149555726	OK	 
REQUEST		Products 2	1626149555381	1626149555733	OK	 
REQUEST		Products 7	1626149555411	1626149555733	OK	 
REQUEST		Products 1	1626149554951	1626149555734	OK	 
REQUEST		Products 7	1626149555526	1626149555749	OK	 
USER	Users	START	1626149555753
REQUEST		Products 4	1626149555515	1626149555758	OK	 
REQUEST		Products 7	1626149555593	1626149555786	OK	 
REQUEST		Products 5	1626149555583	1626149555812	OK	 
REQUEST		Products 1	1626149554854	1626149555813	OK	 
REQUEST		Products 1	1626149555052	1626149555822	OK	 
REQUEST		Products 6	1626149555603	1626149555828	OK	 
REQUEST		Products 6	1626149555603	1626149555834	OK	 
REQUEST		Products 6	1626149555653	1626149555846	OK	 
USER	Users	START	1626149555855
REQUEST		Products 4	1626149555643	1626149555876	OK	 
REQUEST		Products 7	1626149555612	1626149555913	OK	 
REQUEST		Products 3	1626149555643	1626149555913	OK	 
REQUEST		Products 5	1626149555593	1626149555926	OK	 
REQUEST		Products 4	1626149555686	1626149555929	OK	 
REQUEST		Products 2	1626149555543	1626149555930	OK	 
REQUEST		Products 7	1626149555653	1626149555947	OK	 
REQUEST		Products 4	1626149555686	1626149555950	OK	 
USER	Users	START	1626149555952
REQUEST		Products 3	1626149555754	1626149555961	OK	 
REQUEST		Products 3	1626149555769	1626149555966	OK	 
REQUEST		Products 2	1626149555686	1626149555974	OK	 
REQUEST		Products 3	1626149555786	1626149555987	OK	 
REQUEST		Products 1	1626149555254	1626149556000	OK	 
REQUEST		Products 2	1626149555672	1626149556030	OK	 
USER	Users	START	1626149556054
REQUEST		Products 5	1626149555889	1626149556074	OK	 
REQUEST		Products 5	1626149555874	1626149556081	OK	 
REQUEST		Products 7	1626149555851	1626149556106	OK	 
REQUEST		Products 2	1626149555698	1626149556109	OK	 
REQUEST		Products 1	1626149555153	1626149556113	OK	 
REQUEST		Products 7	1626149555887	1626149556136	OK	 
REQUEST		Products 5	1626149555881	1626149556145	OK	 
USER	Users	START	1626149556151
REQUEST		Products 2	1626149555804	1626149556163	OK	 
REQUEST		Products 4	1626149555871	1626149556168	OK	 
REQUEST		Products 1	1626149555354	1626149556202	OK	 
REQUEST		Products 2	1626149556009	1626149556214	OK	 
REQUEST		Products 2	1626149555856	1626149556228	OK	 
REQUEST		Products 5	1626149555992	1626149556228	OK	 
REQUEST		Products 1	1626149555452	1626149556229	OK	 
REQUEST		Products 7	1626149555982	1626149556231	OK	 
USER	Users	START	1626149556255
REQUEST		Products 6	1626149556125	1626149556319	OK	 
REQUEST		Products 4	1626149556090	1626149556322	OK	 
USER	Users	START	1626149556354
REQUEST		Products 3	1626149556153	1626149556360	OK	 
REQUEST		Products 5	1626149556180	1626149556370	OK	 
REQUEST		Products 4	1626149556170	1626149556391	OK	 
REQUEST		Products 6	1626149556166	1626149556401	OK	 
REQUEST		Products 7	1626149556203	1626149556407	OK	 
REQUEST		Products 5	1626149556193	1626149556412	OK	 
REQUEST		Products 6	1626149556197	1626149556427	OK	 
REQUEST		Products 6	1626149556183	1626149556428	OK	 
USER	Users	START	1626149556453
REQUEST		Products 3	1626149556264	1626149556463	OK	 
REQUEST		Products 7	1626149556240	1626149556464	OK	 
REQUEST		Products 3	1626149556240	1626149556490	OK	 
REQUEST		Products 1	1626149555754	1626149556490	OK	 
REQUEST		Products 4	1626149556298	1626149556505	OK	 
REQUEST		Products 4	1626149556280	1626149556511	OK	 
REQUEST		Products 7	1626149556307	1626149556523	OK	 
REQUEST		Products 2	1626149556298	1626149556526	OK	 
REQUEST		Products 5	1626149556298	1626149556540	OK	 
USER	Users	START	1626149556553
REQUEST		Products 7	1626149556343	1626149556558	OK	 
REQUEST		Products 1	1626149555553	1626149556578	OK	 
REQUEST		Products 2	1626149556203	1626149556578	OK	 
REQUEST		Products 6	1626149556346	1626149556582	OK	 
REQUEST		Products 1	1626149555652	1626149556635	OK	 
REQUEST		Products 6	1626149556444	1626149556649	OK	 
REQUEST		Products 3	1626149556443	1626149556651	OK	 
REQUEST		Products 4	1626149556316	1626149556663	OK	 
REQUEST		Products 6	1626149556453	1626149556672	OK	 
REQUEST		Products 5	1626149556497	1626149556680	OK	 
REQUEST		Products 4	1626149556497	1626149556689	OK	 
REQUEST		Products 2	1626149556391	1626149556711	OK	 
REQUEST		Products 3	1626149556491	1626149556720	OK	 
REQUEST		Products 5	1626149556516	1626149556732	OK	 
REQUEST		Products 1	1626149555952	1626149556773	OK	 
REQUEST		Products 6	1626149556526	1626149556778	OK	 
REQUEST		Products 2	1626149556409	1626149556784	OK	 
REQUEST		Products 7	1626149556571	1626149556799	OK	 
REQUEST		Products 5	1626149556603	1626149556813	OK	 
REQUEST		Products 7	1626149556620	1626149556849	OK	 
REQUEST		Products 2	1626149556504	1626149556850	OK	 
REQUEST		Products 6	1626149556642	1626149556856	OK	 
REQUEST		Products 2	1626149556516	1626149556856	OK	 
REQUEST		Products 3	1626149556620	1626149556856	OK	 
REQUEST		Products 4	1626149556524	1626149556874	OK	 
REQUEST		Products 7	1626149556560	1626149556881	OK	 
REQUEST		Products 1	1626149556054	1626149556895	OK	 
REQUEST		Products 4	1626149556670	1626149556895	OK	 
REQUEST		Products 1	1626149555855	1626149556950	OK	 
REQUEST		Products 6	1626149556696	1626149556958	OK	 
REQUEST		Products 1	1626149556151	1626149556975	OK	 
REQUEST		Products 5	1626149556761	1626149556986	OK	 
REQUEST		Products 3	1626149556736	1626149556990	OK	 
REQUEST		Products 2	1626149556736	1626149557026	OK	 
REQUEST		Products 8	1626149556652	1626149557076	OK	 
REQUEST		Products 7	1626149556834	1626149557093	OK	 
REQUEST		Products 7	1626149556847	1626149557093	OK	 
REQUEST		Products 7	1626149556836	1626149557098	OK	 
REQUEST		Products 8	1626149556649	1626149557105	OK	 
REQUEST		Products 6	1626149556815	1626149557106	OK	 
REQUEST		Products 8	1626149556660	1626149557133	OK	 
REQUEST		Products 3	1626149556935	1626149557168	OK	 
REQUEST		Products 4	1626149556967	1626149557195	OK	 
REQUEST		Products 5	1626149556955	1626149557216	OK	 
REQUEST		Products 2	1626149556826	1626149557221	OK	 
REQUEST		Products 5	1626149556930	1626149557233	OK	 
REQUEST		Products 1	1626149556453	1626149557258	OK	 
REQUEST		Products 3	1626149556979	1626149557273	OK	 
REQUEST		Products 3	1626149557035	1626149557278	OK	 
REQUEST		Products 5	1626149556880	1626149557285	OK	 
REQUEST		Products 4	1626149556966	1626149557285	OK	 
REQUEST		Products 6	1626149557076	1626149557292	OK	 
REQUEST		Products 8	1626149556753	1626149557297	OK	 
REQUEST		Products 8	1626149556951	1626149557299	OK	 
REQUEST		Products 8	1626149556787	1626149557311	OK	 
REQUEST		Products 1	1626149556354	1626149557311	OK	 
REQUEST		Products 2	1626149557003	1626149557322	OK	 
REQUEST		Products 4	1626149556990	1626149557327	OK	 
REQUEST		Products 4	1626149556916	1626149557335	OK	 
REQUEST		Products 5	1626149557172	1626149557359	OK	 
REQUEST		Products 8	1626149556736	1626149557375	OK	 
REQUEST		Products 6	1626149557087	1626149557380	OK	 
REQUEST		Products 3	1626149557168	1626149557381	OK	 
REQUEST		Products 6	1626149557148	1626149557405	OK	 
REQUEST		Products 8	1626149556729	1626149557413	OK	 
REQUEST		Products 8	1626149556916	1626149557418	OK	 
REQUEST		Products 3	1626149557114	1626149557419	OK	 
REQUEST		Products 3	1626149557219	1626149557436	OK	 
REQUEST		Products 6	1626149557232	1626149557436	OK	 
REQUEST		Products 2	1626149557205	1626149557438	OK	 
REQUEST		Products 2	1626149556815	1626149557443	OK	 
REQUEST		Products 1	1626149556255	1626149557447	OK	 
REQUEST		Products 6	1626149556929	1626149557462	OK	 
REQUEST		Products 8	1626149557140	1626149557473	OK	 
REQUEST		Products 1	1626149556554	1626149557474	OK	 
REQUEST		Products 8	1626149557235	1626149557485	OK	 
REQUEST		Products 8	1626149557110	1626149557485	OK	 
REQUEST		Products 2	1626149557119	1626149557509	OK	 
REQUEST		Products 7	1626149557320	1626149557513	OK	 
REQUEST		Products 4	1626149556729	1626149557535	OK	 
REQUEST		Products 2	1626149557232	1626149557536	OK	 
REQUEST		Products 3	1626149557232	1626149557555	OK	 
REQUEST		Products 6	1626149557375	1626149557579	OK	 
REQUEST		Products 5	1626149557326	1626149557602	OK	 
REQUEST		Products 5	1626149557396	1626149557611	OK	 
REQUEST		Products 6	1626149557412	1626149557636	OK	 
REQUEST		Products 7	1626149557403	1626149557671	OK	 
REQUEST		Products 8	1626149557412	1626149557689	OK	 
REQUEST		Products 7	1626149557429	1626149557707	OK	 
REQUEST		Products 7	1626149557429	1626149557708	OK	 
REQUEST		Products 5	1626149557508	1626149557721	OK	 
REQUEST		Products 4	1626149557467	1626149557727	OK	 
REQUEST		Products 4	1626149557364	1626149557728	OK	 
REQUEST		Products 6	1626149557542	1626149557780	OK	 
REQUEST		Products 5	1626149557514	1626149557786	OK	 
REQUEST		Products 8	1626149557466	1626149557816	OK	 
REQUEST		Products 7	1626149557652	1626149557847	OK	 
REQUEST		Products 3	1626149557528	1626149557851	OK	 
REQUEST		Products 8	1626149557524	1626149557856	OK	 
REQUEST		Products 7	1626149557582	1626149557865	OK	 
REQUEST		Products 6	1626149557682	1626149557881	OK	 
REQUEST		Products 5	1626149557666	1626149557888	OK	 
REQUEST		Products 5	1626149557691	1626149557902	OK	 
REQUEST		Products 2	1626149557495	1626149557908	OK	 
REQUEST		Products 4	1626149557652	1626149557921	OK	 
REQUEST		Products 4	1626149557721	1626149557943	OK	 
REQUEST		Products 3	1626149557580	1626149557950	OK	 
REQUEST		Products 3	1626149557714	1626149557960	OK	 
REQUEST		Products 4	1626149557495	1626149557964	OK	 
REQUEST		Products 7	1626149557674	1626149557976	OK	 
REQUEST		Products 2	1626149557640	1626149558007	OK	 
REQUEST		Products 7	1626149557782	1626149558016	OK	 
REQUEST		Products 6	1626149557737	1626149558016	OK	 
REQUEST		Products 3	1626149557788	1626149558050	OK	 
REQUEST		Products 3	1626149557852	1626149558050	OK	 
REQUEST		Products 6	1626149557815	1626149558062	OK	 
REQUEST		Products 8	1626149557852	1626149558080	OK	 
USER	Users	END	1626149558081
REQUEST		Products 5	1626149557876	1626149558084	OK	 
REQUEST		Products 5	1626149557898	1626149558088	OK	 
REQUEST		Products 7	1626149557857	1626149558099	OK	 
USER	Users	END	1626149558107
REQUEST		Products 3	1626149557857	1626149558108	OK	 
REQUEST		Products 2	1626149557776	1626149558119	OK	 
USER	Users	END	1626149558135
REQUEST		Products 8	1626149557885	1626149558140	OK	 
REQUEST		Products 4	1626149557857	1626149558146	OK	 
REQUEST		Products 8	1626149557563	1626149558162	OK	 
REQUEST		Products 2	1626149557898	1626149558176	OK	 
REQUEST		Products 6	1626149557987	1626149558188	OK	 
REQUEST		Products 4	1626149557995	1626149558216	OK	 
REQUEST		Products 3	1626149558031	1626149558218	OK	 
USER	Users	END	1626149558299
USER	Users	END	1626149558303
USER	Users	END	1626149558313
REQUEST		Products 2	1626149557580	1626149558319	OK	 
REQUEST		Products 2	1626149557979	1626149558320	OK	 
REQUEST		Products 2	1626149557955	1626149558343	OK	 
REQUEST		Products 7	1626149557960	1626149558369	OK	 
REQUEST		Products 8	1626149558102	1626149558373	OK	 
USER	Users	END	1626149558378
USER	Users	END	1626149558417
USER	Users	END	1626149558420
REQUEST		Products 3	1626149558224	1626149558426	OK	 
REQUEST		Products 5	1626149558196	1626149558427	OK	 
REQUEST		Products 8	1626149558096	1626149558434	OK	 
REQUEST		Products 6	1626149558236	1626149558435	OK	 
REQUEST		Products 6	1626149558219	1626149558441	OK	 
REQUEST		Products 7	1626149558109	1626149558463	OK	 
REQUEST		Products 8	1626149557805	1626149558473	OK	 
USER	Users	END	1626149558474
REQUEST		Products 4	1626149558276	1626149558483	OK	 
USER	Users	END	1626149558487
USER	Users	END	1626149558487
REQUEST		Products 8	1626149558096	1626149558491	OK	 
REQUEST		Products 7	1626149558296	1626149558508	OK	 
REQUEST		Products 4	1626149558173	1626149558527	OK	 
REQUEST		Products 4	1626149558282	1626149558543	OK	 
REQUEST		Products 3	1626149558324	1626149558546	OK	 
REQUEST		Products 6	1626149558288	1626149558548	OK	 
REQUEST		Products 5	1626149558329	1626149558581	OK	 
REQUEST		Products 2	1626149558260	1626149558593	OK	 
REQUEST		Products 7	1626149558384	1626149558593	OK	 
REQUEST		Products 6	1626149558363	1626149558605	OK	 
REQUEST		Products 7	1626149558409	1626149558640	OK	 
REQUEST		Products 7	1626149558464	1626149558656	OK	 
REQUEST		Products 3	1626149558439	1626149558656	OK	 
REQUEST		Products 5	1626149558340	1626149558667	OK	 
REQUEST		Products 4	1626149558385	1626149558674	OK	 
REQUEST		Products 2	1626149558312	1626149558683	OK	 
USER	Users	END	1626149558694
REQUEST		Products 5	1626149558288	1626149558718	OK	 
REQUEST		Products 3	1626149558444	1626149558719	OK	 
REQUEST		Products 5	1626149558538	1626149558754	OK	 
REQUEST		Products 4	1626149558420	1626149558756	OK	 
REQUEST		Products 2	1626149558477	1626149558795	OK	 
REQUEST		Products 3	1626149558510	1626149558804	OK	 
USER	Users	END	1626149558822
REQUEST		Products 8	1626149558514	1626149558832	OK	 
REQUEST		Products 7	1626149558437	1626149558839	OK	 
REQUEST		Products 6	1626149558607	1626149558840	OK	 
REQUEST		Products 3	1626149558538	1626149558841	OK	 
REQUEST		Products 4	1626149558560	1626149558841	OK	 
REQUEST		Products 6	1626149558612	1626149558844	OK	 
REQUEST		Products 2	1626149558449	1626149558847	OK	 
USER	Users	END	1626149558859
REQUEST		Products 7	1626149558640	1626149558917	OK	 
REQUEST		Products 7	1626149558580	1626149558917	OK	 
REQUEST		Products 4	1626149558437	1626149558917	OK	 
REQUEST		Products 6	1626149558722	1626149558930	OK	 
REQUEST		Products 5	1626149558729	1626149558945	OK	 
REQUEST		Products 8	1626149558709	1626149558999	OK	 
REQUEST		Products 7	1626149558785	1626149559035	OK	 
REQUEST		Products 8	1626149558674	1626149559035	OK	 
REQUEST		Products 6	1626149558790	1626149559058	OK	 
USER	Users	END	1626149559080
REQUEST		Products 5	1626149558729	1626149559084	OK	 
REQUEST		Products 8	1626149558713	1626149559099	OK	 
REQUEST		Products 8	1626149558851	1626149559109	OK	 
REQUEST		Products 3	1626149558910	1626149559116	OK	 
USER	Users	END	1626149559147
REQUEST		Products 6	1626149558889	1626149559155	OK	 
REQUEST		Products 6	1626149558902	1626149559155	OK	 
REQUEST		Products 5	1626149558946	1626149559157	OK	 
REQUEST		Products 5	1626149558927	1626149559161	OK	 
USER	Users	END	1626149559167
REQUEST		Products 4	1626149558955	1626149559198	OK	 
REQUEST		Products 4	1626149558964	1626149559208	OK	 
REQUEST		Products 7	1626149558886	1626149559210	OK	 
REQUEST		Products 5	1626149558968	1626149559213	OK	 
REQUEST		Products 4	1626149558856	1626149559221	OK	 
REQUEST		Products 8	1626149558980	1626149559228	OK	 
REQUEST		Products 8	1626149558871	1626149559245	OK	 
REQUEST		Products 3	1626149559008	1626149559273	OK	 
REQUEST		Products 4	1626149559052	1626149559288	OK	 
REQUEST		Products 6	1626149559089	1626149559297	OK	 
REQUEST		Products 7	1626149559063	1626149559302	OK	 
REQUEST		Products 6	1626149559085	1626149559310	OK	 
REQUEST		Products 4	1626149559052	1626149559317	OK	 
REQUEST		Products 8	1626149559017	1626149559323	OK	 
REQUEST		Products 8	1626149559104	1626149559336	OK	 
REQUEST		Products 7	1626149559017	1626149559367	OK	 
USER	Users	END	1626149559375
REQUEST		Products 3	1626149559124	1626149559379	OK	 
REQUEST		Products 3	1626149559178	1626149559399	OK	 
REQUEST		Products 5	1626149559150	1626149559421	OK	 
REQUEST		Products 7	1626149559189	1626149559422	OK	 
REQUEST		Products 5	1626149559217	1626149559425	OK	 
USER	Users	END	1626149559439
USER	Users	END	1626149559476
REQUEST		Products 4	1626149559219	1626149559489	OK	 
USER	Users	END	1626149559492
REQUEST		Products 4	1626149559110	1626149559496	OK	 
REQUEST		Products 3	1626149559323	1626149559580	OK	 
REQUEST		Products 3	1626149559348	1626149559596	OK	 
REQUEST		Products 4	1626149559427	1626149559623	OK	 
REQUEST		Products 3	1626149559323	1626149559632	OK	 
REQUEST		Products 7	1626149559440	1626149559636	OK	 
REQUEST		Products 7	1626149559443	1626149559659	OK	 
REQUEST		Products 6	1626149559429	1626149559664	OK	 
REQUEST		Products 5	1626149559484	1626149559670	OK	 
REQUEST		Products 8	1626149559374	1626149559672	OK	 
REQUEST		Products 8	1626149559465	1626149559696	OK	 
REQUEST		Products 5	1626149559547	1626149559755	OK	 
REQUEST		Products 5	1626149559529	1626149559761	OK	 
REQUEST		Products 6	1626149559583	1626149559783	OK	 
REQUEST		Products 7	1626149559552	1626149559788	OK	 
REQUEST		Products 4	1626149559552	1626149559806	OK	 
REQUEST		Products 7	1626149559610	1626149559815	OK	 
USER	Users	END	1626149559836
REQUEST		Products 8	1626149559594	1626149559843	OK	 
REQUEST		Products 8	1626149559514	1626149559864	OK	 
REQUEST		Products 3	1626149559594	1626149559864	OK	 
REQUEST		Products 3	1626149559687	1626149559886	OK	 
REQUEST		Products 4	1626149559659	1626149559901	OK	 
REQUEST		Products 8	1626149559659	1626149559910	OK	 
REQUEST		Products 8	1626149559643	1626149559929	OK	 
REQUEST		Products 6	1626149559722	1626149559942	OK	 
REQUEST		Products 5	1626149559679	1626149559952	OK	 
REQUEST		Products 6	1626149559669	1626149559981	OK	 
REQUEST		Products 3	1626149559796	1626149559987	OK	 
REQUEST		Products 6	1626149559760	1626149559995	OK	 
USER	Users	END	1626149560004
REQUEST		Products 4	1626149559722	1626149560005	OK	 
REQUEST		Products 5	1626149559760	1626149560030	OK	 
USER	Users	END	1626149560039
REQUEST		Products 4	1626149559842	1626149560045	OK	 
REQUEST		Products 7	1626149559847	1626149560062	OK	 
REQUEST		Products 7	1626149559841	1626149560069	OK	 
REQUEST		Products 8	1626149559839	1626149560071	OK	 
REQUEST		Products 4	1626149559804	1626149560076	OK	 
USER	Users	END	1626149560103
USER	Users	END	1626149560112
REQUEST		Products 3	1626149559849	1626149560122	OK	 
REQUEST		Products 7	1626149559935	1626149560177	OK	 
REQUEST		Products 8	1626149559920	1626149560187	OK	 
REQUEST		Products 6	1626149559947	1626149560192	OK	 
REQUEST		Products 8	1626149559920	1626149560210	OK	 
REQUEST		Products 5	1626149559842	1626149560210	OK	 
USER	Users	END	1626149560234
USER	Users	END	1626149560246
REQUEST		Products 5	1626149559920	1626149560276	OK	 
REQUEST		Products 7	1626149560062	1626149560284	OK	 
REQUEST		Products 4	1626149560119	1626149560318	OK	 
USER	Users	END	1626149560324
REQUEST		Products 8	1626149560038	1626149560329	OK	 
USER	Users	END	1626149560338
REQUEST		Products 6	1626149560089	1626149560358	OK	 
REQUEST		Products 6	1626149560167	1626149560372	OK	 
REQUEST		Products 6	1626149560157	1626149560379	OK	 
REQUEST		Products 7	1626149560156	1626149560394	OK	 
REQUEST		Products 5	1626149560202	1626149560419	OK	 
REQUEST		Products 8	1626149560213	1626149560457	OK	 
REQUEST		Products 6	1626149560219	1626149560462	OK	 
REQUEST		Products 5	1626149560213	1626149560491	OK	 
REQUEST		Products 7	1626149560302	1626149560495	OK	 
REQUEST		Products 5	1626149560293	1626149560548	OK	 
REQUEST		Products 5	1626149560222	1626149560577	OK	 
REQUEST		Products 7	1626149560156	1626149560577	OK	 
REQUEST		Products 5	1626149560321	1626149560603	OK	 
REQUEST		Products 8	1626149560372	1626149560613	OK	 
REQUEST		Products 4	1626149560404	1626149560618	OK	 
REQUEST		Products 4	1626149560383	1626149560635	OK	 
REQUEST		Products 8	1626149560304	1626149560641	OK	 
REQUEST		Products 8	1626149560423	1626149560651	OK	 
REQUEST		Products 7	1626149560312	1626149560652	OK	 
REQUEST		Products 6	1626149560421	1626149560652	OK	 
REQUEST		Products 6	1626149560430	1626149560660	OK	 
USER	Users	END	1626149560676
REQUEST		Products 5	1626149560494	1626149560677	OK	 
USER	Users	END	1626149560698
REQUEST		Products 5	1626149560501	1626149560706	OK	 
REQUEST		Products 4	1626149560277	1626149560828	OK	 
USER	Users	END	1626149560849
REQUEST		Products 4	1626149560585	1626149560851	OK	 
REQUEST		Products 4	1626149560596	1626149560856	OK	 
REQUEST		Products 4	1626149560633	1626149560861	OK	 
USER	Users	END	1626149560870
REQUEST		Products 7	1626149560667	1626149560876	OK	 
REQUEST		Products 8	1626149560639	1626149560879	OK	 
REQUEST		Products 6	1626149560671	1626149560879	OK	 
REQUEST		Products 5	1626149560624	1626149560901	OK	 
USER	Users	END	1626149560913
REQUEST		Products 8	1626149560663	1626149560918	OK	 
USER	Users	END	1626149560933
REQUEST		Products 7	1626149560785	1626149560981	OK	 
REQUEST		Products 5	1626149560810	1626149560997	OK	 
REQUEST		Products 6	1626149560756	1626149561038	OK	 
REQUEST		Products 4	1626149560868	1626149561060	OK	 
REQUEST		Products 8	1626149560817	1626149561065	OK	 
REQUEST		Products 8	1626149560792	1626149561065	OK	 
REQUEST		Products 6	1626149560766	1626149561067	OK	 
USER	Users	END	1626149561077
REQUEST		Products 4	1626149560891	1626149561097	OK	 
REQUEST		Products 5	1626149560906	1626149561144	OK	 
REQUEST		Products 4	1626149560991	1626149561184	OK	 
REQUEST		Products 6	1626149560954	1626149561185	OK	 
USER	Users	END	1626149561191
REQUEST		Products 7	1626149560986	1626149561197	OK	 
USER	Users	END	1626149561212
REQUEST		Products 7	1626149560996	1626149561216	OK	 
REQUEST		Products 5	1626149561049	1626149561259	OK	 
REQUEST		Products 7	1626149560944	1626149561276	OK	 
REQUEST		Products 6	1626149561034	1626149561305	OK	 
REQUEST		Products 8	1626149561064	1626149561323	OK	 
REQUEST		Products 5	1626149561079	1626149561329	OK	 
USER	Users	END	1626149561334
REQUEST		Products 5	1626149561008	1626149561345	OK	 
REQUEST		Products 8	1626149561072	1626149561354	OK	 
REQUEST		Products 4	1626149561126	1626149561368	OK	 
REQUEST		Products 7	1626149561193	1626149561427	OK	 
REQUEST		Products 6	1626149561211	1626149561444	OK	 
REQUEST		Products 8	1626149561179	1626149561450	OK	 
USER	Users	END	1626149561461
REQUEST		Products 5	1626149561321	1626149561517	OK	 
REQUEST		Products 6	1626149561280	1626149561533	OK	 
REQUEST		Products 8	1626149561285	1626149561539	OK	 
REQUEST		Products 7	1626149561378	1626149561580	OK	 
REQUEST		Products 7	1626149561360	1626149561585	OK	 
REQUEST		Products 7	1626149561380	1626149561609	OK	 
USER	Users	END	1626149561616
REQUEST		Products 8	1626149561399	1626149561627	OK	 
USER	Users	END	1626149561646
USER	Users	END	1626149561656
REQUEST		Products 6	1626149561424	1626149561661	OK	 
REQUEST		Products 8	1626149561498	1626149561729	OK	 
REQUEST		Products 6	1626149561552	1626149561750	OK	 
REQUEST		Products 6	1626149561492	1626149561754	OK	 
REQUEST		Products 7	1626149561463	1626149561764	OK	 
REQUEST		Products 6	1626149561578	1626149561818	OK	 
REQUEST		Products 6	1626149561604	1626149561880	OK	 
REQUEST		Products 8	1626149561578	1626149561880	OK	 
USER	Users	END	1626149561883
REQUEST		Products 6	1626149561680	1626149561909	OK	 
USER	Users	END	1626149561921
REQUEST		Products 5	1626149561638	1626149561925	OK	 
REQUEST		Products 5	1626149561621	1626149561954	OK	 
REQUEST		Products 7	1626149561663	1626149561954	OK	 
REQUEST		Products 6	1626149561709	1626149561954	OK	 
REQUEST		Products 8	1626149561655	1626149561984	OK	 
REQUEST		Products 7	1626149561656	1626149562030	OK	 
REQUEST		Products 5	1626149561866	1626149562066	OK	 
USER	Users	END	1626149562070
USER	Users	END	1626149562070
REQUEST		Products 7	1626149561883	1626149562073	OK	 
REQUEST		Products 5	1626149561853	1626149562082	OK	 
REQUEST		Products 5	1626149561834	1626149562092	OK	 
REQUEST		Products 5	1626149561858	1626149562092	OK	 
REQUEST		Products 6	1626149561907	1626149562169	OK	 
REQUEST		Products 8	1626149561879	1626149562179	OK	 
REQUEST		Products 8	1626149561984	1626149562215	OK	 
REQUEST		Products 6	1626149562000	1626149562225	OK	 
REQUEST		Products 5	1626149562064	1626149562250	OK	 
REQUEST		Products 7	1626149562043	1626149562263	OK	 
REQUEST		Products 5	1626149562102	1626149562299	OK	 
REQUEST		Products 7	1626149562071	1626149562304	OK	 
USER	Users	END	1626149562326
USER	Users	END	1626149562357
REQUEST		Products 6	1626149562148	1626149562380	OK	 
REQUEST		Products 7	1626149562191	1626149562393	OK	 
REQUEST		Products 5	1626149562188	1626149562397	OK	 
USER	Users	END	1626149562452
REQUEST		Products 8	1626149562200	1626149562454	OK	 
REQUEST		Products 6	1626149562260	1626149562473	OK	 
REQUEST		Products 8	1626149562220	1626149562515	OK	 
REQUEST		Products 8	1626149562278	1626149562529	OK	 
USER	Users	END	1626149562543
REQUEST		Products 7	1626149562305	1626149562549	OK	 
REQUEST		Products 6	1626149562335	1626149562575	OK	 
REQUEST		Products 6	1626149562349	1626149562615	OK	 
USER	Users	END	1626149562629
REQUEST		Products 5	1626149562371	1626149562632	OK	 
REQUEST		Products 7	1626149562447	1626149562688	OK	 
REQUEST		Products 8	1626149562430	1626149562693	OK	 
REQUEST		Products 6	1626149562523	1626149562726	OK	 
USER	Users	END	1626149562730
REQUEST		Products 7	1626149562537	1626149562751	OK	 
REQUEST		Products 8	1626149562586	1626149562831	OK	 
REQUEST		Products 8	1626149562610	1626149562874	OK	 
USER	Users	END	1626149562881
REQUEST		Products 8	1626149562589	1626149562894	OK	 
REQUEST		Products 7	1626149562662	1626149562903	OK	 
REQUEST		Products 7	1626149562751	1626149562940	OK	 
REQUEST		Products 7	1626149562755	1626149562954	OK	 
USER	Users	END	1626149562988
REQUEST		Products 8	1626149562768	1626149563055	OK	 
REQUEST		Products 7	1626149562821	1626149563055	OK	 
REQUEST		Products 7	1626149562880	1626149563110	OK	 
REQUEST		Products 7	1626149562912	1626149563124	OK	 
REQUEST		Products 6	1626149562926	1626149563150	OK	 
REQUEST		Products 7	1626149562960	1626149563174	OK	 
USER	Users	END	1626149563185
REQUEST		Products 8	1626149562959	1626149563208	OK	 
USER	Users	END	1626149563220
REQUEST		Products 6	1626149562959	1626149563230	OK	 
REQUEST		Products 6	1626149563071	1626149563299	OK	 
REQUEST		Products 6	1626149563088	1626149563324	OK	 
REQUEST		Products 8	1626149563035	1626149563331	OK	 
REQUEST		Products 8	1626149563076	1626149563354	OK	 
REQUEST		Products 6	1626149563097	1626149563361	OK	 
REQUEST		Products 6	1626149563097	1626149563366	OK	 
REQUEST		Products 7	1626149563175	1626149563403	OK	 
REQUEST		Products 7	1626149563228	1626149563439	OK	 
USER	Users	END	1626149563455
REQUEST		Products 6	1626149563254	1626149563465	OK	 
REQUEST		Products 6	1626149563304	1626149563505	OK	 
USER	Users	END	1626149563516
REQUEST		Products 8	1626149563268	1626149563521	OK	 
USER	Users	END	1626149563530
REQUEST		Products 8	1626149563305	1626149563584	OK	 
REQUEST		Products 7	1626149563381	1626149563596	OK	 
REQUEST		Products 6	1626149563402	1626149563604	OK	 
REQUEST		Products 8	1626149563397	1626149563646	OK	 
REQUEST		Products 7	1626149563477	1626149563674	OK	 
USER	Users	END	1626149563695
REQUEST		Products 7	1626149563579	1626149563831	OK	 
USER	Users	END	1626149563833
REQUEST		Products 7	1626149563619	1626149563854	OK	 
REQUEST		Products 8	1626149563551	1626149563858	OK	 
REQUEST		Products 6	1626149563636	1626149563875	OK	 
USER	Users	END	1626149563875
USER	Users	END	1626149563898
REQUEST		Products 7	1626149563732	1626149563975	OK	 
REQUEST		Products 8	1626149563690	1626149564014	OK	 
REQUEST		Products 8	1626149563754	1626149564056	OK	 
USER	Users	END	1626149564059
REQUEST		Products 8	1626149563942	1626149564177	OK	 
USER	Users	END	1626149564212
REQUEST		Products 8	1626149564058	1626149564331	OK	 
USER	Users	END	1626149564333
USER	Users	END	1626149564358
REQUEST		Products 8	1626149564127	1626149564373	OK	 
REQUEST		Products 8	1626149563905	1626149564382	OK	 
REQUEST		Products 7	1626149564156	1626149564391	OK	 
REQUEST		Products 8	1626149563955	1626149564409	OK	 
REQUEST		Products 8	1626149564112	1626149564413	OK	 
REQUEST		Products 7	1626149564233	1626149564473	OK	 
REQUEST		Products 8	1626149564175	1626149564488	OK	 
USER	Users	END	1626149564525
REQUEST		Products 7	1626149564303	1626149564528	OK	 
REQUEST		Products 7	1626149564325	1626149564570	OK	 
USER	Users	END	1626149564589
REQUEST		Products 7	1626149564363	1626149564601	OK	 
REQUEST		Products 7	1626149564371	1626149564626	OK	 
USER	Users	END	1626149564650
REQUEST		Products 7	1626149564468	1626149564663	OK	 
REQUEST		Products 8	1626149564404	1626149564668	OK	 
REQUEST		Products 8	1626149564442	1626149564671	OK	 
REQUEST		Products 7	1626149564511	1626149564709	OK	 
REQUEST		Products 7	1626149564607	1626149564812	OK	 
USER	Users	END	1626149564860
REQUEST		Products 8	1626149564676	1626149564923	OK	 
REQUEST		Products 8	1626149564596	1626149564926	OK	 
USER	Users	END	1626149565015
USER	Users	END	1626149565057
REQUEST		Products 7	1626149564878	1626149565112	OK	 
REQUEST		Products 8	1626149564855	1626149565140	OK	 
REQUEST		Products 8	1626149564832	1626149565141	OK	 
USER	Users	END	1626149565178
REQUEST		Products 8	1626149564976	1626149565199	OK	 
USER	Users	END	1626149565333
USER	Users	END	1626149565378
USER	Users	END	1626149565386
USER	Users	END	1626149565416
USER	Users	END	1626149565417
USER	Users	END	1626149565493
USER	Users	END	1626149565672
USER	Users	END	1626149565677
REQUEST		Products 8	1626149565396	1626149565680	OK	 
REQUEST		Products 8	1626149565530	1626149565820	OK	 
REQUEST		Products 8	1626149565573	1626149565851	OK	 
REQUEST		Products 8	1626149565605	1626149565887	OK	 
REQUEST		Products 8	1626149565477	1626149565896	OK	 
REQUEST		Products 8	1626149565630	1626149565913	OK	 
REQUEST		Products 8	1626149565669	1626149565921	OK	 
USER	Users	END	1626149565925
USER	Users	END	1626149565928
REQUEST		Products 8	1626149565711	1626149565967	OK	 
REQUEST		Products 8	1626149565817	1626149566070	OK	 
USER	Users	END	1626149566144
USER	Users	END	1626149566144
USER	Users	END	1626149566202
REQUEST		Products 8	1626149566114	1626149566379	OK	 
USER	Users	END	1626149566686
USER	Users	END	1626149566823
USER	Users	END	1626149566855
USER	Users	END	1626149566890
USER	Users	END	1626149566901
USER	Users	END	1626149566918
USER	Users	END	1626149566924
USER	Users	END	1626149566972
USER	Users	END	1626149567075
USER	Users	END	1626149567381
