RUN	com.gatling.simulations.Capacidades	capacidades	1626447142402	 	3.5.1
USER	Admins	START	1626447144863
USER	Admins	START	1626447144933
USER	Admins	START	1626447145003
USER	Admins	START	1626447145077
USER	Admins	START	1626447145148
USER	Admins	START	1626447145219
USER	Admins	START	1626447145290
USER	Admins	START	1626447145359
USER	Admins	START	1626447145435
USER	Admins	START	1626447145506
USER	Admins	START	1626447145578
USER	Admins	START	1626447145650
USER	Admins	START	1626447145718
USER	Admins	START	1626447145789
USER	Admins	START	1626447145865
USER	Admins	START	1626447145935
USER	Admins	START	1626447146012
USER	Admins	START	1626447146088
USER	Admins	START	1626447146165
USER	Admins	START	1626447146243
USER	Admins	START	1626447146321
USER	Admins	START	1626447146397
USER	Admins	START	1626447146474
USER	Admins	START	1626447146550
USER	Admins	START	1626447146629
USER	Admins	START	1626447146708
USER	Admins	START	1626447146783
USER	Admins	START	1626447146865
USER	Admins	START	1626447146934
USER	Admins	START	1626447147013
USER	Admins	START	1626447147090
USER	Admins	START	1626447147167
USER	Admins	START	1626447147243
USER	Admins	START	1626447147321
USER	Admins	START	1626447147399
USER	Admins	START	1626447147475
USER	Admins	START	1626447147552
USER	Admins	START	1626447147627
USER	Admins	START	1626447147702
USER	Admins	START	1626447147783
USER	Admins	START	1626447147860
USER	Admins	START	1626447147930
USER	Admins	START	1626447148001
USER	Admins	START	1626447148072
USER	Admins	START	1626447148143
USER	Admins	START	1626447148214
USER	Admins	START	1626447148287
USER	Admins	START	1626447148359
USER	Admins	START	1626447148431
USER	Admins	START	1626447148501
USER	Admins	START	1626447148573
USER	Admins	START	1626447148645
USER	Admins	START	1626447148714
USER	Admins	START	1626447148787
USER	Admins	START	1626447148860
USER	Admins	START	1626447148931
USER	Admins	START	1626447149012
USER	Admins	START	1626447149089
USER	Admins	START	1626447149164
USER	Admins	START	1626447149244
USER	Admins	START	1626447149322
USER	Admins	START	1626447149399
USER	Admins	START	1626447149474
USER	Admins	START	1626447149548
USER	Admins	START	1626447149626
USER	Admins	START	1626447149706
USER	Admins	START	1626447149781
USER	Admins	START	1626447149860
USER	Admins	START	1626447149936
USER	Admins	START	1626447150013
USER	Admins	START	1626447150089
USER	Admins	START	1626447150163
USER	Admins	START	1626447150243
USER	Admins	START	1626447150320
USER	Admins	START	1626447150394
USER	Admins	START	1626447150474
USER	Admins	START	1626447150549
USER	Admins	START	1626447150629
USER	Admins	START	1626447150706
USER	Admins	START	1626447150784
USER	Admins	START	1626447150859
USER	Admins	START	1626447150927
USER	Admins	START	1626447150999
USER	Admins	START	1626447151074
USER	Admins	START	1626447151144
USER	Admins	START	1626447151216
USER	Admins	START	1626447151283
USER	Admins	START	1626447151358
USER	Admins	START	1626447151426
USER	Admins	START	1626447151501
USER	Admins	START	1626447151573
USER	Admins	START	1626447151645
USER	Admins	START	1626447151717
USER	Admins	START	1626447151786
USER	Admins	START	1626447151859
USER	Admins	START	1626447151935
USER	Admins	START	1626447152012
USER	Admins	START	1626447152090
USER	Admins	START	1626447152164
USER	Admins	START	1626447152243
USER	Admins	START	1626447152319
USER	Admins	START	1626447152396
USER	Admins	START	1626447152474
USER	Admins	START	1626447152552
USER	Admins	START	1626447152626
USER	Admins	START	1626447152701
USER	Admins	START	1626447152782
USER	Admins	START	1626447152860
USER	Admins	START	1626447152935
USER	Admins	START	1626447153013
USER	Admins	START	1626447153088
USER	Admins	START	1626447153167
USER	Admins	START	1626447153244
USER	Admins	START	1626447153320
USER	Admins	START	1626447153396
USER	Admins	START	1626447153473
USER	Admins	START	1626447153552
USER	Admins	START	1626447153625
USER	Admins	START	1626447153701
USER	Admins	START	1626447153783
USER	Admins	START	1626447153860
USER	Admins	START	1626447153930
USER	Admins	START	1626447153998
USER	Admins	START	1626447154071
USER	Admins	START	1626447154144
USER	Admins	START	1626447154213
USER	Admins	START	1626447154288
USER	Admins	START	1626447154358
USER	Admins	START	1626447154431
USER	Admins	START	1626447154501
USER	Admins	START	1626447154572
USER	Admins	START	1626447154644
USER	Admins	START	1626447154716
USER	Admins	START	1626447154786
USER	Admins	START	1626447154858
USER	Admins	START	1626447154931
USER	Admins	START	1626447155010
USER	Admins	START	1626447155087
USER	Admins	START	1626447155165
USER	Admins	START	1626447155242
USER	Admins	START	1626447155318
USER	Admins	START	1626447155397
USER	Admins	START	1626447155474
USER	Admins	START	1626447155551
USER	Admins	START	1626447155626
USER	Admins	START	1626447155704
USER	Admins	START	1626447155783
USER	Admins	START	1626447155859
USER	Admins	START	1626447155931
USER	Admins	START	1626447156011
USER	Admins	START	1626447156086
USER	Admins	START	1626447156165
USER	Admins	START	1626447156243
USER	Admins	START	1626447156319
USER	Admins	START	1626447156396
USER	Admins	START	1626447156474
USER	Admins	START	1626447156551
USER	Admins	START	1626447156625
USER	Admins	START	1626447156701
USER	Admins	START	1626447156778
USER	Admins	START	1626447156858
USER	Admins	START	1626447156929
USER	Admins	START	1626447157000
USER	Admins	START	1626447157073
USER	Admins	START	1626447157144
USER	Admins	START	1626447157215
USER	Admins	START	1626447157288
USER	Admins	START	1626447157359
USER	Admins	START	1626447157429
USER	Admins	START	1626447157501
USER	Admins	START	1626447157573
USER	Admins	START	1626447157642
USER	Admins	START	1626447157716
USER	Admins	START	1626447157788
USER	Admins	START	1626447157859
USER	Admins	START	1626447157931
USER	Admins	START	1626447158012
USER	Admins	START	1626447158088
USER	Admins	START	1626447158162
USER	Admins	START	1626447158243
USER	Admins	START	1626447158322
USER	Admins	START	1626447158398
USER	Admins	START	1626447158475
USER	Admins	START	1626447158551
USER	Admins	START	1626447158629
USER	Admins	START	1626447158705
USER	Admins	START	1626447158782
USER	Admins	START	1626447158859
USER	Admins	START	1626447158931
USER	Admins	START	1626447159011
USER	Admins	START	1626447159087
USER	Admins	START	1626447159166
USER	Admins	START	1626447159243
USER	Admins	START	1626447159316
USER	Admins	START	1626447159398
USER	Admins	START	1626447159475
USER	Admins	START	1626447159548
USER	Admins	START	1626447159626
USER	Admins	START	1626447159706
USER	Admins	START	1626447159783
USER	Admins	START	1626447159859
USER	Admins	START	1626447159930
USER	Admins	START	1626447160001
USER	Admins	START	1626447160073
USER	Admins	START	1626447160144
USER	Admins	START	1626447160217
USER	Admins	START	1626447160288
USER	Admins	START	1626447160359
USER	Admins	START	1626447160431
USER	Admins	START	1626447160501
USER	Admins	START	1626447160573
USER	Admins	START	1626447160645
USER	Admins	START	1626447160718
USER	Admins	START	1626447160787
USER	Admins	START	1626447160861
USER	Admins	START	1626447160935
USER	Admins	START	1626447161012
USER	Admins	START	1626447161088
USER	Admins	START	1626447161166
USER	Admins	START	1626447161243
USER	Admins	START	1626447161321
USER	Admins	START	1626447161398
USER	Admins	START	1626447161474
USER	Admins	START	1626447161551
USER	Admins	START	1626447161629
USER	Admins	START	1626447161706
USER	Admins	START	1626447161781
USER	Admins	START	1626447161860
USER	Admins	START	1626447161931
USER	Admins	START	1626447162007
USER	Admins	START	1626447162088
USER	Admins	START	1626447162164
USER	Admins	START	1626447162243
USER	Admins	START	1626447162320
USER	Admins	START	1626447162397
USER	Admins	START	1626447162474
USER	Admins	START	1626447162549
USER	Admins	START	1626447162628
USER	Admins	START	1626447162705
USER	Admins	START	1626447162781
USER	Admins	START	1626447162859
USER	Admins	START	1626447162929
USER	Admins	START	1626447163000
USER	Admins	START	1626447163071
USER	Admins	START	1626447163144
USER	Admins	START	1626447163216
USER	Admins	START	1626447163287
USER	Admins	START	1626447163359
USER	Admins	START	1626447163430
USER	Admins	START	1626447163498
USER	Admins	START	1626447163573
USER	Admins	START	1626447163640
USER	Admins	START	1626447163717
USER	Admins	START	1626447163786
USER	Admins	START	1626447163858
USER	Admins	START	1626447163935
USER	Admins	START	1626447164011
USER	Admins	START	1626447164086
USER	Admins	START	1626447164167
USER	Admins	START	1626447164242
USER	Admins	START	1626447164319
USER	Admins	START	1626447164396
USER	Admins	START	1626447164473
USER	Admins	START	1626447164552
USER	Admins	START	1626447164624
USER	Admins	START	1626447164705
USER	Admins	START	1626447164782
USER	Admins	START	1626447164860
USER	Admins	START	1626447164931
USER	Admins	START	1626447165012
USER	Admins	START	1626447165088
USER	Admins	START	1626447165167
USER	Admins	START	1626447165243
USER	Admins	START	1626447165320
USER	Admins	START	1626447165397
USER	Admins	START	1626447165474
USER	Admins	START	1626447165548
USER	Admins	START	1626447165629
USER	Admins	START	1626447165706
USER	Admins	START	1626447165782
USER	Admins	START	1626447165859
USER	Admins	START	1626447165930
USER	Admins	START	1626447166001
USER	Admins	START	1626447166074
USER	Admins	START	1626447166145
USER	Admins	START	1626447166216
USER	Admins	START	1626447166286
USER	Admins	START	1626447166359
USER	Admins	START	1626447166431
USER	Admins	START	1626447166501
USER	Admins	START	1626447166573
USER	Admins	START	1626447166642
USER	Admins	START	1626447166714
USER	Admins	START	1626447166787
USER	Admins	START	1626447166858
USER	Admins	START	1626447166935
USER	Admins	START	1626447167012
USER	Admins	START	1626447167089
USER	Admins	START	1626447167166
USER	Admins	START	1626447167243
USER	Admins	START	1626447167319
USER	Admins	START	1626447167397
USER	Admins	START	1626447167474
USER	Admins	START	1626447167550
USER	Admins	START	1626447167630
USER	Admins	START	1626447167707
USER	Admins	START	1626447167783
USER	Admins	START	1626447167858
USER	Admins	START	1626447167931
USER	Admins	START	1626447168012
USER	Admins	START	1626447168089
USER	Admins	START	1626447168164
USER	Admins	START	1626447168242
USER	Admins	START	1626447168320
USER	Admins	START	1626447168394
USER	Admins	START	1626447168474
USER	Admins	START	1626447168552
USER	Admins	START	1626447168629
USER	Admins	START	1626447168706
USER	Admins	START	1626447168778
USER	Admins	START	1626447168860
USER	Admins	START	1626447168927
USER	Admins	START	1626447168999
USER	Admins	START	1626447169073
USER	Admins	START	1626447169143
USER	Admins	START	1626447169216
USER	Admins	START	1626447169285
USER	Admins	START	1626447169359
USER	Admins	START	1626447169427
USER	Admins	START	1626447169500
USER	Admins	START	1626447169573
USER	Admins	START	1626447169644
USER	Admins	START	1626447169716
USER	Admins	START	1626447169783
USER	Admins	START	1626447169859
USER	Admins	START	1626447169935
USER	Admins	START	1626447170012
USER	Admins	START	1626447170088
USER	Admins	START	1626447170164
USER	Admins	START	1626447170240
USER	Admins	START	1626447170319
USER	Admins	START	1626447170397
USER	Admins	START	1626447170472
USER	Admins	START	1626447170550
USER	Admins	START	1626447170628
USER	Admins	START	1626447170705
USER	Admins	START	1626447170780
USER	Admins	START	1626447170859
USER	Admins	START	1626447170931
USER	Admins	START	1626447171012
USER	Admins	START	1626447171089
USER	Admins	START	1626447171163
USER	Admins	START	1626447171242
USER	Admins	START	1626447171321
USER	Admins	START	1626447171397
USER	Admins	START	1626447171475
USER	Admins	START	1626447171548
USER	Admins	START	1626447171627
USER	Admins	START	1626447171706
USER	Admins	START	1626447171782
USER	Admins	START	1626447171860
USER	Admins	START	1626447171927
USER	Admins	START	1626447172001
USER	Admins	START	1626447172071
USER	Admins	START	1626447172143
USER	Admins	START	1626447172215
USER	Admins	START	1626447172286
USER	Admins	START	1626447172359
USER	Admins	START	1626447172428
USER	Admins	START	1626447172502
USER	Admins	START	1626447172573
USER	Admins	START	1626447172643
USER	Admins	START	1626447172716
USER	Admins	START	1626447172785
USER	Admins	START	1626447172860
USER	Admins	START	1626447172936
USER	Admins	START	1626447173012
USER	Admins	START	1626447173090
USER	Admins	START	1626447173167
USER	Admins	START	1626447173244
USER	Admins	START	1626447173321
USER	Admins	START	1626447173398
USER	Admins	START	1626447173474
USER	Admins	START	1626447173552
USER	Admins	START	1626447173628
USER	Admins	START	1626447173704
USER	Admins	START	1626447173784
USER	Admins	START	1626447173857
USER	Admins	START	1626447173930
USER	Admins	START	1626447174012
USER	Admins	START	1626447174088
USER	Admins	START	1626447174165
USER	Admins	START	1626447174241
USER	Admins	START	1626447174319
USER	Admins	START	1626447174392
USER	Admins	START	1626447174474
USER	Admins	START	1626447174551
USER	Admins	START	1626447174628
USER	Admins	START	1626447174705
USER	Admins	START	1626447174782
REQUEST		Get Ubigeo	1626447145719	1626447179353	OK	 
USER	Admins	END	1626447179363
REQUEST		Get Ubigeo	1626447146398	1626447182951	OK	 
USER	Admins	END	1626447182952
REQUEST		Get Ubigeo	1626447145219	1626447182962	OK	 
USER	Admins	END	1626447182963
REQUEST		Get Ubigeo	1626447145865	1626447183758	OK	 
USER	Admins	END	1626447183758
REQUEST		Get Ubigeo	1626447146783	1626447183766	OK	 
USER	Admins	END	1626447183767
REQUEST		Get Ubigeo	1626447145789	1626447184282	OK	 
USER	Admins	END	1626447184282
REQUEST		Get Ubigeo	1626447147090	1626447184883	OK	 
USER	Admins	END	1626447184884
REQUEST		Get Ubigeo	1626447145077	1626447185337	OK	 
USER	Admins	END	1626447185337
REQUEST		Get Ubigeo	1626447144934	1626447185342	OK	 
USER	Admins	END	1626447185343
REQUEST		Get Ubigeo	1626447144880	1626447185350	OK	 
USER	Admins	END	1626447185351
REQUEST		Get Ubigeo	1626447145004	1626447185354	OK	 
USER	Admins	END	1626447185354
REQUEST		Get Ubigeo	1626447145149	1626447185458	OK	 
USER	Admins	END	1626447185458
REQUEST		Get Ubigeo	1626447145290	1626447185595	OK	 
USER	Admins	END	1626447185596
REQUEST		Get Ubigeo	1626447145360	1626447185624	OK	 
USER	Admins	END	1626447185625
REQUEST		Get Ubigeo	1626447145435	1626447185732	OK	 
USER	Admins	END	1626447185733
REQUEST		Get Ubigeo	1626447145506	1626447185920	OK	 
USER	Admins	END	1626447185920
REQUEST		Get Ubigeo	1626447145579	1626447185924	OK	 
USER	Admins	END	1626447185924
REQUEST		Get Ubigeo	1626447145650	1626447185953	OK	 
USER	Admins	END	1626447185953
REQUEST		Get Ubigeo	1626447145935	1626447186222	OK	 
USER	Admins	END	1626447186223
REQUEST		Get Ubigeo	1626447146013	1626447186304	OK	 
USER	Admins	END	1626447186304
REQUEST		Get Ubigeo	1626447146089	1626447186496	OK	 
USER	Admins	END	1626447186496
REQUEST		Get Ubigeo	1626447146165	1626447186502	OK	 
USER	Admins	END	1626447186503
REQUEST		Get Ubigeo	1626447146243	1626447186543	OK	 
USER	Admins	END	1626447186544
REQUEST		Get Ubigeo	1626447146321	1626447186753	OK	 
USER	Admins	END	1626447186754
REQUEST		Get Ubigeo	1626447146551	1626447186845	OK	 
USER	Admins	END	1626447186846
REQUEST		Get Ubigeo	1626447146474	1626447186857	OK	 
USER	Admins	END	1626447186857
REQUEST		Get Ubigeo	1626447146629	1626447186940	OK	 
USER	Admins	END	1626447186941
REQUEST		Get Ubigeo	1626447146708	1626447187120	OK	 
USER	Admins	END	1626447187120
REQUEST		Get Ubigeo	1626447146866	1626447187160	OK	 
USER	Admins	END	1626447187160
REQUEST		Get Ubigeo	1626447146935	1626447187298	OK	 
USER	Admins	END	1626447187299
REQUEST		Get Ubigeo	1626447147013	1626447187320	OK	 
USER	Admins	END	1626447187320
REQUEST		Get Ubigeo	1626447147167	1626447187480	OK	 
USER	Admins	END	1626447187480
REQUEST		Get Ubigeo	1626447147322	1626447187670	OK	 
USER	Admins	END	1626447187670
REQUEST		Get Ubigeo	1626447147243	1626447187675	OK	 
USER	Admins	END	1626447187675
REQUEST		Get Ubigeo	1626447147399	1626447187680	OK	 
USER	Admins	END	1626447187680
REQUEST		Get Ubigeo	1626447147475	1626447187813	OK	 
USER	Admins	END	1626447187814
REQUEST		Get Ubigeo	1626447147552	1626447187819	OK	 
USER	Admins	END	1626447187819
REQUEST		Get Ubigeo	1626447147627	1626447187992	OK	 
USER	Admins	END	1626447187992
REQUEST		Get Ubigeo	1626447147702	1626447187997	OK	 
USER	Admins	END	1626447187997
REQUEST		Get Ubigeo	1626447147783	1626447188029	OK	 
USER	Admins	END	1626447188029
REQUEST		Get Ubigeo	1626447147930	1626447188173	OK	 
USER	Admins	END	1626447188174
REQUEST		Get Ubigeo	1626447147861	1626447188186	OK	 
USER	Admins	END	1626447188186
REQUEST		Get Ubigeo	1626447148001	1626447188355	OK	 
USER	Admins	END	1626447188356
REQUEST		Get Ubigeo	1626447148072	1626447188360	OK	 
USER	Admins	END	1626447188360
REQUEST		Get Ubigeo	1626447148143	1626447188534	OK	 
USER	Admins	END	1626447188535
REQUEST		Get Ubigeo	1626447148214	1626447188540	OK	 
USER	Admins	END	1626447188540
REQUEST		Get Ubigeo	1626447148288	1626447188716	OK	 
USER	Admins	END	1626447188716
REQUEST		Get Ubigeo	1626447148359	1626447188721	OK	 
USER	Admins	END	1626447188721
REQUEST		Get Ubigeo	1626447148431	1626447188868	OK	 
USER	Admins	END	1626447188868
REQUEST		Get Ubigeo	1626447148501	1626447188873	OK	 
USER	Admins	END	1626447188874
REQUEST		Get Ubigeo	1626447148574	1626447188879	OK	 
USER	Admins	END	1626447188880
REQUEST		Get Ubigeo	1626447148646	1626447189048	OK	 
USER	Admins	END	1626447189048
REQUEST		Get Ubigeo	1626447148715	1626447189052	OK	 
USER	Admins	END	1626447189052
REQUEST		Get Ubigeo	1626447148787	1626447189057	OK	 
USER	Admins	END	1626447189057
REQUEST		Get Ubigeo	1626447148861	1626447189161	OK	 
USER	Admins	END	1626447189162
REQUEST		Get Ubigeo	1626447148932	1626447189207	OK	 
USER	Admins	END	1626447189207
REQUEST		Get Ubigeo	1626447149013	1626447189329	OK	 
USER	Admins	END	1626447189329
REQUEST		Get Ubigeo	1626447149089	1626447189391	OK	 
USER	Admins	END	1626447189392
REQUEST		Get Ubigeo	1626447149164	1626447189495	OK	 
USER	Admins	END	1626447189496
REQUEST		Get Ubigeo	1626447149245	1626447189525	OK	 
USER	Admins	END	1626447189525
REQUEST		Get Ubigeo	1626447149399	1626447189710	OK	 
USER	Admins	END	1626447189710
REQUEST		Get Ubigeo	1626447149323	1626447189714	OK	 
USER	Admins	END	1626447189714
REQUEST		Get Ubigeo	1626447149474	1626447189761	OK	 
USER	Admins	END	1626447189761
REQUEST		Get Ubigeo	1626447149548	1626447189795	OK	 
USER	Admins	END	1626447189795
REQUEST		Get Ubigeo	1626447149627	1626447189896	OK	 
USER	Admins	END	1626447189896
REQUEST		Get Ubigeo	1626447149706	1626447190028	OK	 
USER	Admins	END	1626447190028
REQUEST		Get Ubigeo	1626447149782	1626447190053	OK	 
USER	Admins	END	1626447190053
REQUEST		Get Ubigeo	1626447149861	1626447190140	OK	 
USER	Admins	END	1626447190141
REQUEST		Get Ubigeo	1626447149936	1626447190235	OK	 
USER	Admins	END	1626447190235
REQUEST		Get Ubigeo	1626447150013	1626447190265	OK	 
USER	Admins	END	1626447190265
REQUEST		Get Ubigeo	1626447150089	1626447190352	OK	 
USER	Admins	END	1626447190353
REQUEST		Get Ubigeo	1626447150163	1626447190409	OK	 
USER	Admins	END	1626447190409
REQUEST		Get Ubigeo	1626447150244	1626447190491	OK	 
USER	Admins	END	1626447190491
REQUEST		Get Ubigeo	1626447150320	1626447190632	OK	 
USER	Admins	END	1626447190632
REQUEST		Get Ubigeo	1626447150394	1626447190728	OK	 
USER	Admins	END	1626447190728
REQUEST		Get Ubigeo	1626447150474	1626447190732	OK	 
USER	Admins	END	1626447190732
REQUEST		Get Ubigeo	1626447150549	1626447190799	OK	 
USER	Admins	END	1626447190800
REQUEST		Get Ubigeo	1626447150629	1626447190889	OK	 
USER	Admins	END	1626447190889
REQUEST		Get Ubigeo	1626447150706	1626447191009	OK	 
USER	Admins	END	1626447191009
REQUEST		Get Ubigeo	1626447150859	1626447191104	OK	 
USER	Admins	END	1626447191104
REQUEST		Get Ubigeo	1626447150784	1626447191111	OK	 
USER	Admins	END	1626447191112
REQUEST		Get Ubigeo	1626447150928	1626447191174	OK	 
USER	Admins	END	1626447191175
REQUEST		Get Ubigeo	1626447150999	1626447191292	OK	 
USER	Admins	END	1626447191292
REQUEST		Get Ubigeo	1626447151074	1626447191334	OK	 
USER	Admins	END	1626447191334
REQUEST		Get Ubigeo	1626447151144	1626447191447	OK	 
USER	Admins	END	1626447191448
REQUEST		Get Ubigeo	1626447151216	1626447191507	OK	 
USER	Admins	END	1626447191508
REQUEST		Get Ubigeo	1626447151283	1626447191564	OK	 
USER	Admins	END	1626447191564
REQUEST		Get Ubigeo	1626447151426	1626447191683	OK	 
USER	Admins	END	1626447191684
REQUEST		Get Ubigeo	1626447151358	1626447191720	OK	 
USER	Admins	END	1626447191720
REQUEST		Get Ubigeo	1626447151501	1626447191791	OK	 
USER	Admins	END	1626447191791
REQUEST		Get Ubigeo	1626447151573	1626447191824	OK	 
USER	Admins	END	1626447191824
REQUEST		Get Ubigeo	1626447151646	1626447191912	OK	 
USER	Admins	END	1626447191912
REQUEST		Get Ubigeo	1626447151717	1626447192022	OK	 
USER	Admins	END	1626447192022
REQUEST		Get Ubigeo	1626447151786	1626447192093	OK	 
USER	Admins	END	1626447192093
REQUEST		Get Ubigeo	1626447151859	1626447192167	OK	 
USER	Admins	END	1626447192168
REQUEST		Get Ubigeo	1626447151935	1626447192265	OK	 
USER	Admins	END	1626447192265
REQUEST		Get Ubigeo	1626447152012	1626447192402	OK	 
USER	Admins	END	1626447192403
REQUEST		Get Ubigeo	1626447152090	1626447192430	OK	 
USER	Admins	END	1626447192430
REQUEST		Get Ubigeo	1626447152165	1626447192440	OK	 
USER	Admins	END	1626447192440
REQUEST		Get Ubigeo	1626447152243	1626447192559	OK	 
USER	Admins	END	1626447192560
REQUEST		Get Ubigeo	1626447152319	1626447192655	OK	 
USER	Admins	END	1626447192655
REQUEST		Get Ubigeo	1626447152474	1626447192734	OK	 
USER	Admins	END	1626447192734
REQUEST		Get Ubigeo	1626447152396	1626447192739	OK	 
USER	Admins	END	1626447192739
REQUEST		Get Ubigeo	1626447152552	1626447192806	OK	 
USER	Admins	END	1626447192806
REQUEST		Get Ubigeo	1626447152627	1626447192887	OK	 
USER	Admins	END	1626447192887
REQUEST		Get Ubigeo	1626447152702	1626447192976	OK	 
USER	Admins	END	1626447192976
REQUEST		Get Ubigeo	1626447152783	1626447193054	OK	 
USER	Admins	END	1626447193054
REQUEST		Get Ubigeo	1626447152860	1626447193140	OK	 
USER	Admins	END	1626447193140
REQUEST		Get Ubigeo	1626447152935	1626447193195	OK	 
USER	Admins	END	1626447193196
REQUEST		Get Ubigeo	1626447153013	1626447193355	OK	 
USER	Admins	END	1626447193356
REQUEST		Get Ubigeo	1626447153088	1626447193379	OK	 
USER	Admins	END	1626447193379
REQUEST		Get Ubigeo	1626447153167	1626447193508	OK	 
USER	Admins	END	1626447193509
REQUEST		Get Ubigeo	1626447153244	1626447193569	OK	 
USER	Admins	END	1626447193570
REQUEST		Get Ubigeo	1626447153320	1626447193587	OK	 
USER	Admins	END	1626447193587
REQUEST		Get Ubigeo	1626447153397	1626447193753	OK	 
USER	Admins	END	1626447193754
REQUEST		Get Ubigeo	1626447153474	1626447193864	OK	 
USER	Admins	END	1626447193864
REQUEST		Get Ubigeo	1626447153625	1626447193887	OK	 
USER	Admins	END	1626447193887
REQUEST		Get Ubigeo	1626447153552	1626447193900	OK	 
USER	Admins	END	1626447193900
REQUEST		Get Ubigeo	1626447153702	1626447193963	OK	 
USER	Admins	END	1626447193964
REQUEST		Get Ubigeo	1626447153783	1626447194081	OK	 
USER	Admins	END	1626447194082
REQUEST		Get Ubigeo	1626447153860	1626447194174	OK	 
USER	Admins	END	1626447194174
REQUEST		Get Ubigeo	1626447153930	1626447194245	OK	 
USER	Admins	END	1626447194245
REQUEST		Get Ubigeo	1626447153998	1626447194268	OK	 
USER	Admins	END	1626447194268
REQUEST		Get Ubigeo	1626447154072	1626447194385	OK	 
USER	Admins	END	1626447194386
REQUEST		Get Ubigeo	1626447154144	1626447194439	OK	 
USER	Admins	END	1626447194439
REQUEST		Get Ubigeo	1626447154213	1626447194475	OK	 
USER	Admins	END	1626447194476
REQUEST		Get Ubigeo	1626447154288	1626447194619	OK	 
USER	Admins	END	1626447194619
REQUEST		Get Ubigeo	1626447154359	1626447194675	OK	 
USER	Admins	END	1626447194676
REQUEST		Get Ubigeo	1626447154501	1626447194778	OK	 
USER	Admins	END	1626447194778
REQUEST		Get Ubigeo	1626447154431	1626447194782	OK	 
USER	Admins	END	1626447194783
REQUEST		Get Ubigeo	1626447154573	1626447194828	OK	 
USER	Admins	END	1626447194828
REQUEST		Get Ubigeo	1626447154644	1626447194965	OK	 
USER	Admins	END	1626447194965
REQUEST		Get Ubigeo	1626447154716	1626447195061	OK	 
USER	Admins	END	1626447195061
REQUEST		Get Ubigeo	1626447154786	1626447195110	OK	 
USER	Admins	END	1626447195111
REQUEST		Get Ubigeo	1626447154859	1626447195147	OK	 
USER	Admins	END	1626447195147
REQUEST		Get Ubigeo	1626447154931	1626447195253	OK	 
USER	Admins	END	1626447195253
REQUEST		Get Ubigeo	1626447155010	1626447195294	OK	 
USER	Admins	END	1626447195294
REQUEST		Get Ubigeo	1626447155087	1626447195383	OK	 
USER	Admins	END	1626447195384
REQUEST		Get Ubigeo	1626447155166	1626447195460	OK	 
USER	Admins	END	1626447195460
REQUEST		Get Ubigeo	1626447155243	1626447195524	OK	 
USER	Admins	END	1626447195524
REQUEST		Get Ubigeo	1626447155319	1626447195633	OK	 
USER	Admins	END	1626447195633
REQUEST		Get Ubigeo	1626447155397	1626447195713	OK	 
USER	Admins	END	1626447195713
REQUEST		Get Ubigeo	1626447155474	1626447195789	OK	 
USER	Admins	END	1626447195789
REQUEST		Get Ubigeo	1626447155551	1626447195849	OK	 
USER	Admins	END	1626447195850
REQUEST		Get Ubigeo	1626447155626	1626447195927	OK	 
USER	Admins	END	1626447195928
REQUEST		Get Ubigeo	1626447155704	1626447195973	OK	 
USER	Admins	END	1626447195973
REQUEST		Get Ubigeo	1626447155783	1626447196045	OK	 
USER	Admins	END	1626447196045
REQUEST		Get Ubigeo	1626447155859	1626447196127	OK	 
USER	Admins	END	1626447196128
REQUEST		Get Ubigeo	1626447155931	1626447196209	OK	 
USER	Admins	END	1626447196210
REQUEST		Get Ubigeo	1626447156012	1626447196274	OK	 
USER	Admins	END	1626447196275
REQUEST		Get Ubigeo	1626447156086	1626447196409	OK	 
USER	Admins	END	1626447196410
REQUEST		Get Ubigeo	1626447156165	1626447196490	OK	 
USER	Admins	END	1626447196491
REQUEST		Get Ubigeo	1626447156243	1626447196547	OK	 
USER	Admins	END	1626447196547
REQUEST		Get Ubigeo	1626447156319	1626447196565	OK	 
USER	Admins	END	1626447196566
REQUEST		Get Ubigeo	1626447156396	1626447196837	OK	 
USER	Admins	END	1626447196838
REQUEST		Get Ubigeo	1626447156551	1626447196842	OK	 
USER	Admins	END	1626447196842
REQUEST		Get Ubigeo	1626447156474	1626447196870	OK	 
USER	Admins	END	1626447196871
REQUEST		Get Ubigeo	1626447156626	1626447196887	OK	 
USER	Admins	END	1626447196887
REQUEST		Get Ubigeo	1626447156702	1626447197025	OK	 
USER	Admins	END	1626447197025
REQUEST		Get Ubigeo	1626447156778	1626447197064	OK	 
USER	Admins	END	1626447197064
REQUEST		Get Ubigeo	1626447156858	1626447197196	OK	 
USER	Admins	END	1626447197196
REQUEST		Get Ubigeo	1626447157001	1626447197255	OK	 
USER	Admins	END	1626447197256
REQUEST		Get Ubigeo	1626447156930	1626447197260	OK	 
USER	Admins	END	1626447197260
REQUEST		Get Ubigeo	1626447157144	1626447197418	OK	 
USER	Admins	END	1626447197418
REQUEST		Get Ubigeo	1626447157074	1626447197424	OK	 
USER	Admins	END	1626447197424
REQUEST		Get Ubigeo	1626447157215	1626447197478	OK	 
USER	Admins	END	1626447197478
REQUEST		Get Ubigeo	1626447157288	1626447197548	OK	 
USER	Admins	END	1626447197548
REQUEST		Get Ubigeo	1626447157360	1626447197604	OK	 
USER	Admins	END	1626447197604
REQUEST		Get Ubigeo	1626447157429	1626447197707	OK	 
USER	Admins	END	1626447197707
REQUEST		Get Ubigeo	1626447157501	1626447197773	OK	 
USER	Admins	END	1626447197773
REQUEST		Get Ubigeo	1626447157573	1626447197817	OK	 
USER	Admins	END	1626447197817
REQUEST		Get Ubigeo	1626447157642	1626447197950	OK	 
USER	Admins	END	1626447197951
REQUEST		Get Ubigeo	1626447157717	1626447197971	OK	 
USER	Admins	END	1626447197971
REQUEST		Get Ubigeo	1626447157788	1626447198103	OK	 
USER	Admins	END	1626447198103
REQUEST		Get Ubigeo	1626447157859	1626447198146	OK	 
USER	Admins	END	1626447198146
REQUEST		Get Ubigeo	1626447157932	1626447198190	OK	 
USER	Admins	END	1626447198191
REQUEST		Get Ubigeo	1626447158012	1626447198260	OK	 
USER	Admins	END	1626447198261
REQUEST		Get Ubigeo	1626447158089	1626447198378	OK	 
USER	Admins	END	1626447198378
REQUEST		Get Ubigeo	1626447158243	1626447198512	OK	 
USER	Admins	END	1626447198513
REQUEST		Get Ubigeo	1626447158163	1626447198519	OK	 
USER	Admins	END	1626447198520
REQUEST		Get Ubigeo	1626447158323	1626447198632	OK	 
USER	Admins	END	1626447198633
REQUEST		Get Ubigeo	1626447158398	1626447198700	OK	 
USER	Admins	END	1626447198700
REQUEST		Get Ubigeo	1626447158476	1626447198754	OK	 
USER	Admins	END	1626447198755
REQUEST		Get Ubigeo	1626447158552	1626447198865	OK	 
USER	Admins	END	1626447198865
REQUEST		Get Ubigeo	1626447158629	1626447198924	OK	 
USER	Admins	END	1626447198925
REQUEST		Get Ubigeo	1626447158706	1626447198955	OK	 
USER	Admins	END	1626447198956
REQUEST		Get Ubigeo	1626447158783	1626447199081	OK	 
USER	Admins	END	1626447199081
REQUEST		Get Ubigeo	1626447158860	1626447199099	OK	 
USER	Admins	END	1626447199100
REQUEST		Get Ubigeo	1626447158931	1626447199249	OK	 
USER	Admins	END	1626447199249
REQUEST		Get Ubigeo	1626447159012	1626447199307	OK	 
USER	Admins	END	1626447199307
REQUEST		Get Ubigeo	1626447159087	1626447199352	OK	 
USER	Admins	END	1626447199352
REQUEST		Get Ubigeo	1626447159167	1626447199493	OK	 
USER	Admins	END	1626447199494
REQUEST		Get Ubigeo	1626447159243	1626447199527	OK	 
USER	Admins	END	1626447199527
REQUEST		Get Ubigeo	1626447159316	1626447199565	OK	 
USER	Admins	END	1626447199566
REQUEST		Get Ubigeo	1626447159399	1626447199682	OK	 
USER	Admins	END	1626447199682
REQUEST		Get Ubigeo	1626447159476	1626447199723	OK	 
USER	Admins	END	1626447199723
REQUEST		Get Ubigeo	1626447159549	1626447199837	OK	 
USER	Admins	END	1626447199837
REQUEST		Get Ubigeo	1626447159627	1626447199918	OK	 
USER	Admins	END	1626447199919
REQUEST		Get Ubigeo	1626447159707	1626447199961	OK	 
USER	Admins	END	1626447199962
REQUEST		Get Ubigeo	1626447159783	1626447200088	OK	 
USER	Admins	END	1626447200088
REQUEST		Get Ubigeo	1626447159860	1626447200138	OK	 
USER	Admins	END	1626447200138
REQUEST		Get Ubigeo	1626447159930	1626447200215	OK	 
USER	Admins	END	1626447200216
REQUEST		Get Ubigeo	1626447160001	1626447200278	OK	 
USER	Admins	END	1626447200279
REQUEST		Get Ubigeo	1626447160073	1626447200340	OK	 
USER	Admins	END	1626447200340
REQUEST		Get Ubigeo	1626447160144	1626447200390	OK	 
USER	Admins	END	1626447200391
REQUEST		Get Ubigeo	1626447160219	1626447200472	OK	 
USER	Admins	END	1626447200472
REQUEST		Get Ubigeo	1626447160288	1626447200534	OK	 
USER	Admins	END	1626447200534
REQUEST		Get Ubigeo	1626447160359	1626447200675	OK	 
USER	Admins	END	1626447200675
REQUEST		Get Ubigeo	1626447160432	1626447200711	OK	 
USER	Admins	END	1626447200711
REQUEST		Get Ubigeo	1626447160501	1626447200793	OK	 
USER	Admins	END	1626447200793
REQUEST		Get Ubigeo	1626447160573	1626447200825	OK	 
USER	Admins	END	1626447200825
REQUEST		Get Ubigeo	1626447160645	1626447200909	OK	 
USER	Admins	END	1626447200910
REQUEST		Get Ubigeo	1626447160718	1626447200964	OK	 
USER	Admins	END	1626447200965
REQUEST		Get Ubigeo	1626447160788	1626447201037	OK	 
USER	Admins	END	1626447201038
REQUEST		Get Ubigeo	1626447160861	1626447201109	OK	 
USER	Admins	END	1626447201110
REQUEST		Get Ubigeo	1626447160935	1626447201190	OK	 
USER	Admins	END	1626447201190
REQUEST		Get Ubigeo	1626447161012	1626447201415	OK	 
USER	Admins	END	1626447201415
REQUEST		Get Ubigeo	1626447161089	1626447201448	OK	 
USER	Admins	END	1626447201448
REQUEST		Get Ubigeo	1626447161167	1626447201456	OK	 
USER	Admins	END	1626447201457
REQUEST		Get Ubigeo	1626447161243	1626447201638	OK	 
USER	Admins	END	1626447201638
REQUEST		Get Ubigeo	1626447161321	1626447201650	OK	 
USER	Admins	END	1626447201651
REQUEST		Get Ubigeo	1626447161398	1626447201732	OK	 
USER	Admins	END	1626447201733
REQUEST		Get Ubigeo	1626447161474	1626447201796	OK	 
USER	Admins	END	1626447201796
REQUEST		Get Ubigeo	1626447161551	1626447201844	OK	 
USER	Admins	END	1626447201844
REQUEST		Get Ubigeo	1626447161629	1626447201892	OK	 
USER	Admins	END	1626447201892
REQUEST		Get Ubigeo	1626447161706	1626447202047	OK	 
USER	Admins	END	1626447202047
REQUEST		Get Ubigeo	1626447161781	1626447202095	OK	 
USER	Admins	END	1626447202095
REQUEST		Get Ubigeo	1626447161861	1626447202124	OK	 
USER	Admins	END	1626447202124
REQUEST		Get Ubigeo	1626447161932	1626447202191	OK	 
USER	Admins	END	1626447202191
REQUEST		Get Ubigeo	1626447162008	1626447202336	OK	 
USER	Admins	END	1626447202337
REQUEST		Get Ubigeo	1626447162088	1626447202408	OK	 
USER	Admins	END	1626447202408
REQUEST		Get Ubigeo	1626447162164	1626447202418	OK	 
USER	Admins	END	1626447202418
REQUEST		Get Ubigeo	1626447162243	1626447202489	OK	 
USER	Admins	END	1626447202490
REQUEST		Get Ubigeo	1626447162320	1626447202581	OK	 
USER	Admins	END	1626447202582
REQUEST		Get Ubigeo	1626447162397	1626447202667	OK	 
USER	Admins	END	1626447202667
REQUEST		Get Ubigeo	1626447162474	1626447202731	OK	 
USER	Admins	END	1626447202732
REQUEST		Get Ubigeo	1626447162550	1626447202811	OK	 
USER	Admins	END	1626447202811
REQUEST		Get Ubigeo	1626447162629	1626447202893	OK	 
USER	Admins	END	1626447202893
REQUEST		Get Ubigeo	1626447162706	1626447203013	OK	 
USER	Admins	END	1626447203013
REQUEST		Get Ubigeo	1626447162781	1626447203094	OK	 
USER	Admins	END	1626447203094
REQUEST		Get Ubigeo	1626447162859	1626447203123	OK	 
USER	Admins	END	1626447203123
REQUEST		Get Ubigeo	1626447162929	1626447203230	OK	 
USER	Admins	END	1626447203231
REQUEST		Get Ubigeo	1626447163000	1626447203256	OK	 
USER	Admins	END	1626447203257
REQUEST		Get Ubigeo	1626447163071	1626447203325	OK	 
USER	Admins	END	1626447203326
REQUEST		Get Ubigeo	1626447163144	1626447203447	OK	 
USER	Admins	END	1626447203448
REQUEST		Get Ubigeo	1626447163216	1626447203480	OK	 
USER	Admins	END	1626447203481
REQUEST		Get Ubigeo	1626447163287	1626447203611	OK	 
USER	Admins	END	1626447203611
REQUEST		Get Ubigeo	1626447163359	1626447203653	OK	 
USER	Admins	END	1626447203653
REQUEST		Get Ubigeo	1626447163498	1626447203866	OK	 
USER	Admins	END	1626447203866
REQUEST		Get Ubigeo	1626447163430	1626447203871	OK	 
USER	Admins	END	1626447203871
REQUEST		Get Ubigeo	1626447163640	1626447203895	OK	 
USER	Admins	END	1626447203896
REQUEST		Get Ubigeo	1626447163573	1626447203904	OK	 
USER	Admins	END	1626447203904
REQUEST		Get Ubigeo	1626447163717	1626447203969	OK	 
USER	Admins	END	1626447203969
REQUEST		Get Ubigeo	1626447163786	1626447204043	OK	 
USER	Admins	END	1626447204044
REQUEST		Get Ubigeo	1626447163859	1626447204122	OK	 
USER	Admins	END	1626447204123
REQUEST		Get Ubigeo	1626447163936	1626447204195	OK	 
USER	Admins	END	1626447204195
REQUEST		Get Ubigeo	1626447164012	1626447204265	OK	 
USER	Admins	END	1626447204265
REQUEST		Get Ubigeo	1626447164086	1626447204372	OK	 
USER	Admins	END	1626447204372
REQUEST		Get Ubigeo	1626447164167	1626447204420	OK	 
USER	Admins	END	1626447204420
REQUEST		Get Ubigeo	1626447164243	1626447204527	OK	 
USER	Admins	END	1626447204527
REQUEST		Get Ubigeo	1626447164319	1626447204578	OK	 
USER	Admins	END	1626447204578
REQUEST		Get Ubigeo	1626447164396	1626447204723	OK	 
USER	Admins	END	1626447204724
REQUEST		Get Ubigeo	1626447164473	1626447204737	OK	 
USER	Admins	END	1626447204737
REQUEST		Get Ubigeo	1626447164624	1626447204958	OK	 
USER	Admins	END	1626447204958
REQUEST		Get Ubigeo	1626447164552	1626447204966	OK	 
USER	Admins	END	1626447204966
REQUEST		Get Ubigeo	1626447164705	1626447205004	OK	 
USER	Admins	END	1626447205004
REQUEST		Get Ubigeo	1626447164782	1626447205055	OK	 
USER	Admins	END	1626447205056
REQUEST		Get Ubigeo	1626447164860	1626447205179	OK	 
USER	Admins	END	1626447205180
REQUEST		Get Ubigeo	1626447164931	1626447205188	OK	 
USER	Admins	END	1626447205188
REQUEST		Get Ubigeo	1626447165013	1626447205335	OK	 
USER	Admins	END	1626447205335
REQUEST		Get Ubigeo	1626447165088	1626447205423	OK	 
USER	Admins	END	1626447205424
REQUEST		Get Ubigeo	1626447165167	1626447205498	OK	 
USER	Admins	END	1626447205498
REQUEST		Get Ubigeo	1626447165243	1626447205503	OK	 
USER	Admins	END	1626447205503
REQUEST		Get Ubigeo	1626447165320	1626447205579	OK	 
USER	Admins	END	1626447205580
REQUEST		Get Ubigeo	1626447165397	1626447205682	OK	 
USER	Admins	END	1626447205683
REQUEST		Get Ubigeo	1626447165475	1626447205752	OK	 
USER	Admins	END	1626447205753
REQUEST		Get Ubigeo	1626447165548	1626447205873	OK	 
USER	Admins	END	1626447205873
REQUEST		Get Ubigeo	1626447165629	1626447205883	OK	 
USER	Admins	END	1626447205883
REQUEST		Get Ubigeo	1626447165706	1626447205971	OK	 
USER	Admins	END	1626447205972
REQUEST		Get Ubigeo	1626447165783	1626447206038	OK	 
USER	Admins	END	1626447206038
REQUEST		Get Ubigeo	1626447165859	1626447206120	OK	 
USER	Admins	END	1626447206120
REQUEST		Get Ubigeo	1626447165930	1626447206207	OK	 
USER	Admins	END	1626447206207
REQUEST		Get Ubigeo	1626447166001	1626447206242	OK	 
USER	Admins	END	1626447206242
REQUEST		Get Ubigeo	1626447166074	1626447206346	OK	 
USER	Admins	END	1626447206346
REQUEST		Get Ubigeo	1626447166145	1626447206410	OK	 
USER	Admins	END	1626447206410
REQUEST		Get Ubigeo	1626447166217	1626447206527	OK	 
USER	Admins	END	1626447206528
REQUEST		Get Ubigeo	1626447166286	1626447206592	OK	 
USER	Admins	END	1626447206592
REQUEST		Get Ubigeo	1626447166360	1626447206771	OK	 
USER	Admins	END	1626447206771
REQUEST		Get Ubigeo	1626447166501	1626447206840	OK	 
USER	Admins	END	1626447206841
REQUEST		Get Ubigeo	1626447166431	1626447206846	OK	 
USER	Admins	END	1626447206846
REQUEST		Get Ubigeo	1626447166573	1626447206875	OK	 
USER	Admins	END	1626447206875
REQUEST		Get Ubigeo	1626447166643	1626447206946	OK	 
USER	Admins	END	1626447206947
REQUEST		Get Ubigeo	1626447166714	1626447207010	OK	 
USER	Admins	END	1626447207010
REQUEST		Get Ubigeo	1626447166788	1626447207041	OK	 
USER	Admins	END	1626447207041
REQUEST		Get Ubigeo	1626447166859	1626447207188	OK	 
USER	Admins	END	1626447207188
REQUEST		Get Ubigeo	1626447166936	1626447207224	OK	 
USER	Admins	END	1626447207225
REQUEST		Get Ubigeo	1626447167012	1626447207259	OK	 
USER	Admins	END	1626447207259
REQUEST		Get Ubigeo	1626447167090	1626447207389	OK	 
USER	Admins	END	1626447207389
REQUEST		Get Ubigeo	1626447167166	1626447207451	OK	 
USER	Admins	END	1626447207451
REQUEST		Get Ubigeo	1626447167243	1626447207540	OK	 
USER	Admins	END	1626447207540
REQUEST		Get Ubigeo	1626447167319	1626447207600	OK	 
USER	Admins	END	1626447207600
REQUEST		Get Ubigeo	1626447167397	1626447207703	OK	 
USER	Admins	END	1626447207704
REQUEST		Get Ubigeo	1626447167475	1626447207755	OK	 
USER	Admins	END	1626447207756
REQUEST		Get Ubigeo	1626447167551	1626447207823	OK	 
USER	Admins	END	1626447207823
REQUEST		Get Ubigeo	1626447167630	1626447207887	OK	 
USER	Admins	END	1626447207888
REQUEST		Get Ubigeo	1626447167707	1626447207998	OK	 
USER	Admins	END	1626447207998
REQUEST		Get Ubigeo	1626447167783	1626447208036	OK	 
USER	Admins	END	1626447208037
REQUEST		Get Ubigeo	1626447167859	1626447208157	OK	 
USER	Admins	END	1626447208158
REQUEST		Get Ubigeo	1626447167931	1626447208184	OK	 
USER	Admins	END	1626447208184
REQUEST		Get Ubigeo	1626447168012	1626447208316	OK	 
USER	Admins	END	1626447208316
REQUEST		Get Ubigeo	1626447168089	1626447208373	OK	 
USER	Admins	END	1626447208374
REQUEST		Get Ubigeo	1626447168164	1626447208473	OK	 
USER	Admins	END	1626447208474
REQUEST		Get Ubigeo	1626447168243	1626447208517	OK	 
USER	Admins	END	1626447208517
REQUEST		Get Ubigeo	1626447168320	1626447208636	OK	 
USER	Admins	END	1626447208636
REQUEST		Get Ubigeo	1626447168394	1626447208640	OK	 
USER	Admins	END	1626447208641
REQUEST		Get Ubigeo	1626447168474	1626447208778	OK	 
USER	Admins	END	1626447208779
REQUEST		Get Ubigeo	1626447168553	1626447208813	OK	 
USER	Admins	END	1626447208813
REQUEST		Get Ubigeo	1626447168629	1626447208957	OK	 
USER	Admins	END	1626447208958
REQUEST		Get Ubigeo	1626447168706	1626447209002	OK	 
USER	Admins	END	1626447209003
REQUEST		Get Ubigeo	1626447168778	1626447209052	OK	 
USER	Admins	END	1626447209052
REQUEST		Get Ubigeo	1626447168860	1626447209110	OK	 
USER	Admins	END	1626447209111
REQUEST		Get Ubigeo	1626447168927	1626447209168	OK	 
USER	Admins	END	1626447209168
REQUEST		Get Ubigeo	1626447169000	1626447209241	OK	 
USER	Admins	END	1626447209241
REQUEST		Get Ubigeo	1626447169073	1626447209399	OK	 
USER	Admins	END	1626447209399
REQUEST		Get Ubigeo	1626447169143	1626447209445	OK	 
USER	Admins	END	1626447209446
REQUEST		Get Ubigeo	1626447169216	1626447209519	OK	 
USER	Admins	END	1626447209520
REQUEST		Get Ubigeo	1626447169285	1626447209575	OK	 
USER	Admins	END	1626447209575
REQUEST		Get Ubigeo	1626447169360	1626447209622	OK	 
USER	Admins	END	1626447209623
REQUEST		Get Ubigeo	1626447169427	1626447209720	OK	 
USER	Admins	END	1626447209720
REQUEST		Get Ubigeo	1626447169500	1626447209785	OK	 
USER	Admins	END	1626447209785
REQUEST		Get Ubigeo	1626447169573	1626447209844	OK	 
USER	Admins	END	1626447209844
REQUEST		Get Ubigeo	1626447169644	1626447209960	OK	 
USER	Admins	END	1626447209960
REQUEST		Get Ubigeo	1626447169716	1626447210011	OK	 
USER	Admins	END	1626447210012
REQUEST		Get Ubigeo	1626447169784	1626447210091	OK	 
USER	Admins	END	1626447210091
REQUEST		Get Ubigeo	1626447169936	1626447210196	OK	 
USER	Admins	END	1626447210196
REQUEST		Get Ubigeo	1626447169860	1626447210208	OK	 
USER	Admins	END	1626447210208
REQUEST		Get Ubigeo	1626447170088	1626447210341	OK	 
USER	Admins	END	1626447210342
REQUEST		Get Ubigeo	1626447170012	1626447210356	OK	 
USER	Admins	END	1626447210357
REQUEST		Get Ubigeo	1626447170164	1626447210409	OK	 
USER	Admins	END	1626447210410
REQUEST		Get Ubigeo	1626447170240	1626447210543	OK	 
USER	Admins	END	1626447210543
REQUEST		Get Ubigeo	1626447170319	1626447210623	OK	 
USER	Admins	END	1626447210623
REQUEST		Get Ubigeo	1626447170397	1626447210693	OK	 
USER	Admins	END	1626447210693
REQUEST		Get Ubigeo	1626447170472	1626447210814	OK	 
USER	Admins	END	1626447210815
REQUEST		Get Ubigeo	1626447170550	1626447210819	OK	 
USER	Admins	END	1626447210819
REQUEST		Get Ubigeo	1626447170629	1626447210914	OK	 
USER	Admins	END	1626447210914
REQUEST		Get Ubigeo	1626447170705	1626447211009	OK	 
USER	Admins	END	1626447211009
REQUEST		Get Ubigeo	1626447170780	1626447211066	OK	 
USER	Admins	END	1626447211067
REQUEST		Get Ubigeo	1626447170859	1626447211106	OK	 
USER	Admins	END	1626447211106
REQUEST		Get Ubigeo	1626447171089	1626447211441	OK	 
USER	Admins	END	1626447211441
REQUEST		Get Ubigeo	1626447171012	1626447211446	OK	 
USER	Admins	END	1626447211446
REQUEST		Get Ubigeo	1626447171321	1626447211618	OK	 
USER	Admins	END	1626447211618
REQUEST		Get Ubigeo	1626447171163	1626447211623	OK	 
USER	Admins	END	1626447211623
REQUEST		Get Ubigeo	1626447171242	1626447211637	OK	 
USER	Admins	END	1626447211637
REQUEST		Get Ubigeo	1626447170931	1626447211655	OK	 
USER	Admins	END	1626447211656
REQUEST		Get Ubigeo	1626447171398	1626447211673	OK	 
USER	Admins	END	1626447211674
REQUEST		Get Ubigeo	1626447171476	1626447211796	OK	 
USER	Admins	END	1626447211796
REQUEST		Get Ubigeo	1626447171548	1626447211852	OK	 
USER	Admins	END	1626447211852
REQUEST		Get Ubigeo	1626447171628	1626447211919	OK	 
USER	Admins	END	1626447211920
REQUEST		Get Ubigeo	1626447171706	1626447212007	OK	 
USER	Admins	END	1626447212008
REQUEST		Get Ubigeo	1626447171783	1626447212080	OK	 
USER	Admins	END	1626447212081
REQUEST		Get Ubigeo	1626447171860	1626447212168	OK	 
USER	Admins	END	1626447212168
REQUEST		Get Ubigeo	1626447171927	1626447212228	OK	 
USER	Admins	END	1626447212228
REQUEST		Get Ubigeo	1626447172071	1626447212324	OK	 
USER	Admins	END	1626447212325
REQUEST		Get Ubigeo	1626447172001	1626447212366	OK	 
USER	Admins	END	1626447212366
REQUEST		Get Ubigeo	1626447172144	1626447212405	OK	 
USER	Admins	END	1626447212405
REQUEST		Get Ubigeo	1626447172216	1626447212485	OK	 
USER	Admins	END	1626447212486
REQUEST		Get Ubigeo	1626447172286	1626447212549	OK	 
USER	Admins	END	1626447212550
REQUEST		Get Ubigeo	1626447172428	1626447212685	OK	 
USER	Admins	END	1626447212685
REQUEST		Get Ubigeo	1626447172359	1626447212690	OK	 
USER	Admins	END	1626447212690
REQUEST		Get Ubigeo	1626447172502	1626447212823	OK	 
USER	Admins	END	1626447212823
REQUEST		Get Ubigeo	1626447172573	1626447212870	OK	 
USER	Admins	END	1626447212870
REQUEST		Get Ubigeo	1626447172643	1626447212926	OK	 
USER	Admins	END	1626447212927
REQUEST		Get Ubigeo	1626447172716	1626447212988	OK	 
USER	Admins	END	1626447212988
REQUEST		Get Ubigeo	1626447172785	1626447213070	OK	 
USER	Admins	END	1626447213071
REQUEST		Get Ubigeo	1626447172860	1626447213124	OK	 
USER	Admins	END	1626447213125
REQUEST		Get Ubigeo	1626447172936	1626447213221	OK	 
USER	Admins	END	1626447213221
REQUEST		Get Ubigeo	1626447173012	1626447213288	OK	 
USER	Admins	END	1626447213288
REQUEST		Get Ubigeo	1626447173090	1626447213373	OK	 
USER	Admins	END	1626447213374
REQUEST		Get Ubigeo	1626447173167	1626447213443	OK	 
USER	Admins	END	1626447213443
REQUEST		Get Ubigeo	1626447173244	1626447213568	OK	 
USER	Admins	END	1626447213569
REQUEST		Get Ubigeo	1626447173321	1626447213591	OK	 
USER	Admins	END	1626447213591
REQUEST		Get Ubigeo	1626447173399	1626447213681	OK	 
USER	Admins	END	1626447213682
REQUEST		Get Ubigeo	1626447173474	1626447213809	OK	 
USER	Admins	END	1626447213810
REQUEST		Get Ubigeo	1626447173552	1626447213896	OK	 
USER	Admins	END	1626447213897
REQUEST		Get Ubigeo	1626447173628	1626447213903	OK	 
USER	Admins	END	1626447213904
REQUEST		Get Ubigeo	1626447173704	1626447214059	OK	 
USER	Admins	END	1626447214059
REQUEST		Get Ubigeo	1626447173784	1626447214077	OK	 
USER	Admins	END	1626447214077
REQUEST		Get Ubigeo	1626447173857	1626447214122	OK	 
USER	Admins	END	1626447214122
REQUEST		Get Ubigeo	1626447173930	1626447214192	OK	 
USER	Admins	END	1626447214192
REQUEST		Get Ubigeo	1626447174012	1626447214268	OK	 
USER	Admins	END	1626447214268
REQUEST		Get Ubigeo	1626447174088	1626447214407	OK	 
USER	Admins	END	1626447214408
REQUEST		Get Ubigeo	1626447174165	1626447214467	OK	 
USER	Admins	END	1626447214467
REQUEST		Get Ubigeo	1626447174241	1626447214561	OK	 
USER	Admins	END	1626447214562
REQUEST		Get Ubigeo	1626447174319	1626447214595	OK	 
USER	Admins	END	1626447214595
REQUEST		Get Ubigeo	1626447174628	1626447214642	OK	 
USER	Admins	END	1626447214643
REQUEST		Get Ubigeo	1626447174393	1626447214662	OK	 
USER	Admins	END	1626447214662
REQUEST		Get Ubigeo	1626447174474	1626447214771	OK	 
USER	Admins	END	1626447214772
REQUEST		Get Ubigeo	1626447174551	1626447214860	OK	 
USER	Admins	END	1626447214860
REQUEST		Get Ubigeo	1626447174705	1626447214977	OK	 
USER	Admins	END	1626447214978
REQUEST		Get Ubigeo	1626447174782	1626447215083	OK	 
USER	Admins	END	1626447215083
