RUN	com.gatling.simulations.Capacidades	capacidades	1626478818653	 	3.5.1
USER	Admins	START	1626478821178
USER	Admins	START	1626478821234
USER	Admins	START	1626478821295
USER	Admins	START	1626478821351
USER	Admins	START	1626478821413
USER	Admins	START	1626478821472
USER	Admins	START	1626478821529
USER	Admins	START	1626478821590
USER	Admins	START	1626478821648
USER	Admins	START	1626478821709
USER	Admins	START	1626478821764
USER	Admins	START	1626478821831
USER	Admins	START	1626478821889
USER	Admins	START	1626478821948
USER	Admins	START	1626478822008
USER	Admins	START	1626478822067
USER	Admins	START	1626478822126
USER	Admins	START	1626478822181
USER	Admins	START	1626478822231
USER	Admins	START	1626478822290
USER	Admins	START	1626478822350
USER	Admins	START	1626478822408
USER	Admins	START	1626478822467
USER	Admins	START	1626478822527
USER	Admins	START	1626478822586
USER	Admins	START	1626478822645
USER	Admins	START	1626478822702
USER	Admins	START	1626478822763
USER	Admins	START	1626478822821
USER	Admins	START	1626478822880
USER	Admins	START	1626478822937
USER	Admins	START	1626478822999
USER	Admins	START	1626478823058
USER	Admins	START	1626478823117
USER	Admins	START	1626478823177
USER	Admins	START	1626478823234
USER	Admins	START	1626478823297
USER	Admins	START	1626478823360
USER	Admins	START	1626478823420
USER	Admins	START	1626478823483
USER	Admins	START	1626478823548
USER	Admins	START	1626478823610
USER	Admins	START	1626478823673
USER	Admins	START	1626478823733
USER	Admins	START	1626478823798
USER	Admins	START	1626478823859
USER	Admins	START	1626478823922
USER	Admins	START	1626478823982
USER	Admins	START	1626478824048
USER	Admins	START	1626478824110
USER	Admins	START	1626478824174
USER	Admins	START	1626478824227
USER	Admins	START	1626478824289
USER	Admins	START	1626478824349
USER	Admins	START	1626478824409
USER	Admins	START	1626478824468
USER	Admins	START	1626478824525
USER	Admins	START	1626478824584
USER	Admins	START	1626478824644
USER	Admins	START	1626478824701
USER	Admins	START	1626478824761
USER	Admins	START	1626478824818
USER	Admins	START	1626478824879
USER	Admins	START	1626478824938
USER	Admins	START	1626478824995
USER	Admins	START	1626478825056
USER	Admins	START	1626478825115
USER	Admins	START	1626478825173
USER	Admins	START	1626478825231
USER	Admins	START	1626478825289
USER	Admins	START	1626478825349
USER	Admins	START	1626478825408
USER	Admins	START	1626478825467
USER	Admins	START	1626478825525
USER	Admins	START	1626478825584
USER	Admins	START	1626478825644
USER	Admins	START	1626478825701
USER	Admins	START	1626478825760
USER	Admins	START	1626478825816
USER	Admins	START	1626478825877
USER	Admins	START	1626478825938
USER	Admins	START	1626478825997
USER	Admins	START	1626478826056
USER	Admins	START	1626478826115
USER	Admins	START	1626478826175
USER	Admins	START	1626478826231
USER	Admins	START	1626478826298
USER	Admins	START	1626478826360
USER	Admins	START	1626478826424
USER	Admins	START	1626478826485
USER	Admins	START	1626478826548
USER	Admins	START	1626478826611
USER	Admins	START	1626478826673
USER	Admins	START	1626478826735
USER	Admins	START	1626478826798
USER	Admins	START	1626478826861
USER	Admins	START	1626478826924
USER	Admins	START	1626478826986
USER	Admins	START	1626478827048
USER	Admins	START	1626478827110
USER	Admins	START	1626478827174
USER	Admins	START	1626478827231
USER	Admins	START	1626478827291
USER	Admins	START	1626478827349
USER	Admins	START	1626478827409
USER	Admins	START	1626478827467
USER	Admins	START	1626478827525
USER	Admins	START	1626478827584
USER	Admins	START	1626478827642
USER	Admins	START	1626478827703
USER	Admins	START	1626478827762
USER	Admins	START	1626478827820
USER	Admins	START	1626478827878
USER	Admins	START	1626478827939
USER	Admins	START	1626478827997
USER	Admins	START	1626478828057
USER	Admins	START	1626478828115
USER	Admins	START	1626478828174
USER	Admins	START	1626478828231
USER	Admins	START	1626478828290
USER	Admins	START	1626478828348
USER	Admins	START	1626478828409
USER	Admins	START	1626478828467
USER	Admins	START	1626478828523
USER	Admins	START	1626478828582
USER	Admins	START	1626478828642
USER	Admins	START	1626478828702
USER	Admins	START	1626478828762
USER	Admins	START	1626478828820
USER	Admins	START	1626478828876
USER	Admins	START	1626478828939
USER	Admins	START	1626478828999
USER	Admins	START	1626478829052
USER	Admins	START	1626478829114
USER	Admins	START	1626478829175
USER	Admins	START	1626478829234
USER	Admins	START	1626478829298
USER	Admins	START	1626478829359
USER	Admins	START	1626478829422
USER	Admins	START	1626478829485
USER	Admins	START	1626478829547
USER	Admins	START	1626478829611
USER	Admins	START	1626478829672
USER	Admins	START	1626478829736
USER	Admins	START	1626478829797
USER	Admins	START	1626478829860
USER	Admins	START	1626478829925
USER	Admins	START	1626478829984
USER	Admins	START	1626478830049
USER	Admins	START	1626478830112
USER	Admins	START	1626478830169
USER	Admins	START	1626478830230
USER	Admins	START	1626478830290
USER	Admins	START	1626478830349
USER	Admins	START	1626478830408
USER	Admins	START	1626478830467
USER	Admins	START	1626478830523
USER	Admins	START	1626478830584
USER	Admins	START	1626478830644
USER	Admins	START	1626478830701
USER	Admins	START	1626478830762
USER	Admins	START	1626478830821
USER	Admins	START	1626478830875
USER	Admins	START	1626478830935
USER	Admins	START	1626478830997
USER	Admins	START	1626478831055
USER	Admins	START	1626478831115
USER	Admins	START	1626478831171
USER	Admins	START	1626478831228
USER	Admins	START	1626478831287
USER	Admins	START	1626478831347
USER	Admins	START	1626478831407
USER	Admins	START	1626478831466
USER	Admins	START	1626478831522
USER	Admins	START	1626478831583
USER	Admins	START	1626478831641
USER	Admins	START	1626478831701
USER	Admins	START	1626478831761
USER	Admins	START	1626478831818
USER	Admins	START	1626478831877
USER	Admins	START	1626478831935
USER	Admins	START	1626478831997
USER	Admins	START	1626478832053
USER	Admins	START	1626478832114
USER	Admins	START	1626478832173
USER	Admins	START	1626478832234
USER	Admins	START	1626478832296
USER	Admins	START	1626478832358
USER	Admins	START	1626478832422
USER	Admins	START	1626478832484
USER	Admins	START	1626478832549
USER	Admins	START	1626478832611
USER	Admins	START	1626478832669
USER	Admins	START	1626478832735
USER	Admins	START	1626478832797
USER	Admins	START	1626478832861
USER	Admins	START	1626478832923
USER	Admins	START	1626478832985
USER	Admins	START	1626478833049
USER	Admins	START	1626478833109
USER	Admins	START	1626478833174
USER	Admins	START	1626478833227
USER	Admins	START	1626478833290
USER	Admins	START	1626478833348
USER	Admins	START	1626478833404
USER	Admins	START	1626478833465
USER	Admins	START	1626478833525
USER	Admins	START	1626478833585
USER	Admins	START	1626478833642
USER	Admins	START	1626478833704
USER	Admins	START	1626478833762
USER	Admins	START	1626478833821
USER	Admins	START	1626478833879
USER	Admins	START	1626478833938
USER	Admins	START	1626478833998
USER	Admins	START	1626478834056
USER	Admins	START	1626478834115
USER	Admins	START	1626478834173
USER	Admins	START	1626478834231
USER	Admins	START	1626478834289
USER	Admins	START	1626478834349
USER	Admins	START	1626478834408
USER	Admins	START	1626478834467
USER	Admins	START	1626478834523
USER	Admins	START	1626478834584
USER	Admins	START	1626478834642
USER	Admins	START	1626478834702
USER	Admins	START	1626478834761
USER	Admins	START	1626478834819
USER	Admins	START	1626478834875
USER	Admins	START	1626478834936
USER	Admins	START	1626478834995
USER	Admins	START	1626478835054
USER	Admins	START	1626478835114
USER	Admins	START	1626478835171
USER	Admins	START	1626478835232
USER	Admins	START	1626478835289
USER	Admins	START	1626478835349
USER	Admins	START	1626478835406
USER	Admins	START	1626478835466
USER	Admins	START	1626478835526
USER	Admins	START	1626478835583
USER	Admins	START	1626478835643
USER	Admins	START	1626478835703
USER	Admins	START	1626478835762
USER	Admins	START	1626478835822
USER	Admins	START	1626478835879
USER	Admins	START	1626478835938
USER	Admins	START	1626478835997
USER	Admins	START	1626478836056
USER	Admins	START	1626478836115
USER	Admins	START	1626478836174
USER	Admins	START	1626478836235
USER	Admins	START	1626478836298
USER	Admins	START	1626478836358
USER	Admins	START	1626478836421
USER	Admins	START	1626478836484
USER	Admins	START	1626478836548
USER	Admins	START	1626478836611
USER	Admins	START	1626478836673
USER	Admins	START	1626478836735
USER	Admins	START	1626478836798
USER	Admins	START	1626478836861
USER	Admins	START	1626478836922
USER	Admins	START	1626478836985
USER	Admins	START	1626478837048
USER	Admins	START	1626478837110
USER	Admins	START	1626478837173
USER	Admins	START	1626478837232
USER	Admins	START	1626478837290
USER	Admins	START	1626478837348
USER	Admins	START	1626478837407
USER	Admins	START	1626478837467
USER	Admins	START	1626478837526
USER	Admins	START	1626478837585
USER	Admins	START	1626478837642
USER	Admins	START	1626478837703
USER	Admins	START	1626478837763
USER	Admins	START	1626478837821
USER	Admins	START	1626478837879
USER	Admins	START	1626478837938
USER	Admins	START	1626478837997
USER	Admins	START	1626478838057
USER	Admins	START	1626478838115
USER	Admins	START	1626478838174
USER	Admins	START	1626478838233
USER	Admins	START	1626478838297
USER	Admins	START	1626478838360
USER	Admins	START	1626478838424
USER	Admins	START	1626478838485
USER	Admins	START	1626478838546
USER	Admins	START	1626478838610
USER	Admins	START	1626478838674
USER	Admins	START	1626478838735
USER	Admins	START	1626478838797
USER	Admins	START	1626478838861
USER	Admins	START	1626478838924
USER	Admins	START	1626478838983
USER	Admins	START	1626478839046
USER	Admins	START	1626478839109
USER	Admins	START	1626478839174
USER	Admins	START	1626478839231
USER	Admins	START	1626478839289
USER	Admins	START	1626478839349
USER	Admins	START	1626478839408
USER	Admins	START	1626478839467
USER	Admins	START	1626478839526
USER	Admins	START	1626478839584
USER	Admins	START	1626478839644
USER	Admins	START	1626478839702
USER	Admins	START	1626478839761
USER	Admins	START	1626478839818
USER	Admins	START	1626478839879
USER	Admins	START	1626478839938
USER	Admins	START	1626478839995
USER	Admins	START	1626478840056
USER	Admins	START	1626478840114
USER	Admins	START	1626478840174
USER	Admins	START	1626478840231
USER	Admins	START	1626478840290
USER	Admins	START	1626478840350
USER	Admins	START	1626478840409
USER	Admins	START	1626478840468
USER	Admins	START	1626478840525
USER	Admins	START	1626478840583
USER	Admins	START	1626478840644
USER	Admins	START	1626478840701
USER	Admins	START	1626478840758
USER	Admins	START	1626478840818
USER	Admins	START	1626478840878
USER	Admins	START	1626478840936
USER	Admins	START	1626478840996
USER	Admins	START	1626478841055
USER	Admins	START	1626478841114
USER	Admins	START	1626478841174
USER	Admins	START	1626478841235
USER	Admins	START	1626478841298
USER	Admins	START	1626478841359
USER	Admins	START	1626478841422
USER	Admins	START	1626478841485
USER	Admins	START	1626478841549
USER	Admins	START	1626478841610
USER	Admins	START	1626478841672
USER	Admins	START	1626478841735
USER	Admins	START	1626478841797
USER	Admins	START	1626478841859
USER	Admins	START	1626478841921
USER	Admins	START	1626478841983
USER	Admins	START	1626478842047
USER	Admins	START	1626478842110
USER	Admins	START	1626478842173
USER	Admins	START	1626478842230
USER	Admins	START	1626478842286
USER	Admins	START	1626478842350
USER	Admins	START	1626478842409
USER	Admins	START	1626478842466
USER	Admins	START	1626478842525
USER	Admins	START	1626478842584
USER	Admins	START	1626478842642
USER	Admins	START	1626478842703
USER	Admins	START	1626478842762
USER	Admins	START	1626478842820
USER	Admins	START	1626478842879
USER	Admins	START	1626478842938
USER	Admins	START	1626478842997
USER	Admins	START	1626478843052
USER	Admins	START	1626478843113
USER	Admins	START	1626478843171
USER	Admins	START	1626478843229
USER	Admins	START	1626478843287
USER	Admins	START	1626478843349
USER	Admins	START	1626478843404
USER	Admins	START	1626478843466
USER	Admins	START	1626478843525
USER	Admins	START	1626478843583
USER	Admins	START	1626478843642
USER	Admins	START	1626478843702
USER	Admins	START	1626478843758
USER	Admins	START	1626478843821
USER	Admins	START	1626478843879
USER	Admins	START	1626478843937
USER	Admins	START	1626478843992
USER	Admins	START	1626478844055
USER	Admins	START	1626478844114
USER	Admins	START	1626478844173
USER	Admins	START	1626478844232
USER	Admins	START	1626478844298
USER	Admins	START	1626478844359
USER	Admins	START	1626478844423
USER	Admins	START	1626478844483
USER	Admins	START	1626478844546
USER	Admins	START	1626478844611
USER	Admins	START	1626478844673
USER	Admins	START	1626478844736
USER	Admins	START	1626478844797
USER	Admins	START	1626478844861
USER	Admins	START	1626478844922
USER	Admins	START	1626478844984
USER	Admins	START	1626478845048
USER	Admins	START	1626478845110
USER	Admins	START	1626478845174
USER	Admins	START	1626478845230
USER	Admins	START	1626478845286
USER	Admins	START	1626478845348
USER	Admins	START	1626478845407
USER	Admins	START	1626478845467
USER	Admins	START	1626478845524
USER	Admins	START	1626478845583
USER	Admins	START	1626478845643
USER	Admins	START	1626478845698
USER	Admins	START	1626478845761
USER	Admins	START	1626478845817
USER	Admins	START	1626478845878
USER	Admins	START	1626478845935
USER	Admins	START	1626478845994
USER	Admins	START	1626478846055
USER	Admins	START	1626478846115
USER	Admins	START	1626478846174
USER	Admins	START	1626478846229
USER	Admins	START	1626478846286
USER	Admins	START	1626478846349
USER	Admins	START	1626478846407
USER	Admins	START	1626478846467
USER	Admins	START	1626478846525
USER	Admins	START	1626478846582
USER	Admins	START	1626478846642
USER	Admins	START	1626478846701
USER	Admins	START	1626478846758
USER	Admins	START	1626478846818
USER	Admins	START	1626478846878
USER	Admins	START	1626478846936
USER	Admins	START	1626478846994
USER	Admins	START	1626478847055
USER	Admins	START	1626478847114
USER	Admins	START	1626478847171
USER	Admins	START	1626478847232
USER	Admins	START	1626478847286
USER	Admins	START	1626478847349
USER	Admins	START	1626478847409
USER	Admins	START	1626478847466
USER	Admins	START	1626478847524
USER	Admins	START	1626478847585
USER	Admins	START	1626478847642
USER	Admins	START	1626478847702
USER	Admins	START	1626478847760
USER	Admins	START	1626478847821
USER	Admins	START	1626478847876
USER	Admins	START	1626478847937
USER	Admins	START	1626478847997
USER	Admins	START	1626478848056
USER	Admins	START	1626478848114
USER	Admins	START	1626478848174
USER	Admins	START	1626478848234
USER	Admins	START	1626478848298
USER	Admins	START	1626478848359
USER	Admins	START	1626478848421
USER	Admins	START	1626478848484
USER	Admins	START	1626478848547
USER	Admins	START	1626478848608
USER	Admins	START	1626478848672
USER	Admins	START	1626478848733
USER	Admins	START	1626478848798
USER	Admins	START	1626478848859
USER	Admins	START	1626478848922
USER	Admins	START	1626478848986
USER	Admins	START	1626478849048
USER	Admins	START	1626478849110
USER	Admins	START	1626478849171
USER	Admins	START	1626478849231
USER	Admins	START	1626478849290
USER	Admins	START	1626478849349
USER	Admins	START	1626478849407
USER	Admins	START	1626478849462
USER	Admins	START	1626478849525
USER	Admins	START	1626478849584
USER	Admins	START	1626478849643
USER	Admins	START	1626478849702
USER	Admins	START	1626478849761
USER	Admins	START	1626478849815
USER	Admins	START	1626478849878
USER	Admins	START	1626478849936
USER	Admins	START	1626478849996
USER	Admins	START	1626478850056
USER	Admins	START	1626478850115
USER	Admins	START	1626478850173
USER	Admins	START	1626478850233
USER	Admins	START	1626478850297
USER	Admins	START	1626478850360
USER	Admins	START	1626478850422
USER	Admins	START	1626478850484
USER	Admins	START	1626478850547
USER	Admins	START	1626478850609
USER	Admins	START	1626478850668
USER	Admins	START	1626478850733
USER	Admins	START	1626478850798
USER	Admins	START	1626478850860
USER	Admins	START	1626478850922
USER	Admins	START	1626478850983
USER	Admins	START	1626478851048
USER	Admins	START	1626478851107
REQUEST		Get Ubigeo	1626478825702	1626478870203	OK	 
USER	Admins	END	1626478870215
REQUEST		Get Ubigeo	1626478823177	1626478870585	OK	 
USER	Admins	END	1626478870585
REQUEST		Get Ubigeo	1626478821295	1626478870631	OK	 
USER	Admins	END	1626478870631
REQUEST		Get Ubigeo	1626478821591	1626478871778	OK	 
USER	Admins	END	1626478871779
REQUEST		Get Ubigeo	1626478821195	1626478873533	OK	 
USER	Admins	END	1626478873533
REQUEST		Get Ubigeo	1626478823982	1626478873595	OK	 
USER	Admins	END	1626478873596
REQUEST		Get Ubigeo	1626478822232	1626478874007	OK	 
USER	Admins	END	1626478874007
REQUEST		Get Ubigeo	1626478825584	1626478874304	OK	 
USER	Admins	END	1626478874304
REQUEST		Get Ubigeo	1626478825761	1626478874821	OK	 
USER	Admins	END	1626478874822
REQUEST		Get Ubigeo	1626478821413	1626478874849	OK	 
USER	Admins	END	1626478874850
REQUEST		Get Ubigeo	1626478825644	1626478874903	OK	 
USER	Admins	END	1626478874903
REQUEST		Get Ubigeo	1626478821352	1626478875503	OK	 
USER	Admins	END	1626478875504
REQUEST		Get Ubigeo	1626478823548	1626478875942	OK	 
USER	Admins	END	1626478875942
REQUEST		Get Ubigeo	1626478826548	1626478875974	OK	 
USER	Admins	END	1626478875974
REQUEST		Get Ubigeo	1626478822763	1626478875995	OK	 
USER	Admins	END	1626478875996
REQUEST		Get Ubigeo	1626478824410	1626478876002	OK	 
USER	Admins	END	1626478876002
REQUEST		Get Ubigeo	1626478825938	1626478876020	OK	 
USER	Admins	END	1626478876020
REQUEST		Get Ubigeo	1626478823360	1626478876043	OK	 
USER	Admins	END	1626478876043
REQUEST		Get Ubigeo	1626478823420	1626478876100	OK	 
USER	Admins	END	1626478876100
REQUEST		Get Ubigeo	1626478827174	1626478876405	OK	 
USER	Admins	END	1626478876406
REQUEST		Get Ubigeo	1626478822999	1626478876411	OK	 
USER	Admins	END	1626478876411
REQUEST		Get Ubigeo	1626478822008	1626478876500	OK	 
USER	Admins	END	1626478876500
REQUEST		Get Ubigeo	1626478824585	1626478876557	OK	 
USER	Admins	END	1626478876557
REQUEST		Get Ubigeo	1626478821948	1626478876619	OK	 
USER	Admins	END	1626478876619
REQUEST		Get Ubigeo	1626478821889	1626478876776	OK	 
USER	Admins	END	1626478876776
REQUEST		Get Ubigeo	1626478821709	1626478876804	OK	 
USER	Admins	END	1626478876804
REQUEST		Get Ubigeo	1626478822702	1626478876810	OK	 
USER	Admins	END	1626478876810
REQUEST		Get Ubigeo	1626478824761	1626478876879	OK	 
USER	Admins	END	1626478876879
REQUEST		Get Ubigeo	1626478823235	1626478876886	OK	 
USER	Admins	END	1626478876886
REQUEST		Get Ubigeo	1626478824289	1626478876984	OK	 
USER	Admins	END	1626478876984
REQUEST		Get Ubigeo	1626478823117	1626478877302	OK	 
USER	Admins	END	1626478877302
REQUEST		Get Ubigeo	1626478823483	1626478877311	OK	 
USER	Admins	END	1626478877311
REQUEST		Get Ubigeo	1626478827468	1626478877338	OK	 
USER	Admins	END	1626478877339
REQUEST		Get Ubigeo	1626478821832	1626478877359	OK	 
USER	Admins	END	1626478877359
REQUEST		Get Ubigeo	1626478823610	1626478877372	OK	 
USER	Admins	END	1626478877372
REQUEST		Get Ubigeo	1626478824175	1626478877402	OK	 
USER	Admins	END	1626478877403
REQUEST		Get Ubigeo	1626478823674	1626478877421	OK	 
USER	Admins	END	1626478877422
REQUEST		Get Ubigeo	1626478827049	1626478877502	OK	 
USER	Admins	END	1626478877502
REQUEST		Get Ubigeo	1626478822586	1626478877507	OK	 
USER	Admins	END	1626478877508
REQUEST		Get Ubigeo	1626478825174	1626478877512	OK	 
USER	Admins	END	1626478877513
REQUEST		Get Ubigeo	1626478824818	1626478877528	OK	 
USER	Admins	END	1626478877528
REQUEST		Get Ubigeo	1626478826056	1626478877533	OK	 
USER	Admins	END	1626478877533
REQUEST		Get Ubigeo	1626478822527	1626478877537	OK	 
USER	Admins	END	1626478877538
REQUEST		Get Ubigeo	1626478823798	1626478877542	OK	 
USER	Admins	END	1626478877543
REQUEST		Get Ubigeo	1626478822182	1626478877549	OK	 
USER	Admins	END	1626478877549
REQUEST		Get Ubigeo	1626478826673	1626478877610	OK	 
USER	Admins	END	1626478877610
REQUEST		Get Ubigeo	1626478825289	1626478877721	OK	 
USER	Admins	END	1626478877722
REQUEST		Get Ubigeo	1626478827232	1626478877826	OK	 
USER	Admins	END	1626478877826
REQUEST		Get Ubigeo	1626478823058	1626478878190	OK	 
USER	Admins	END	1626478878191
REQUEST		Get Ubigeo	1626478824349	1626478878195	OK	 
USER	Admins	END	1626478878195
REQUEST		Get Ubigeo	1626478826232	1626478878200	OK	 
USER	Admins	END	1626478878200
REQUEST		Get Ubigeo	1626478823923	1626478878212	OK	 
USER	Admins	END	1626478878212
REQUEST		Get Ubigeo	1626478825232	1626478878227	OK	 
USER	Admins	END	1626478878228
REQUEST		Get Ubigeo	1626478826298	1626478878414	OK	 
USER	Admins	END	1626478878415
REQUEST		Get Ubigeo	1626478824644	1626478878433	OK	 
USER	Admins	END	1626478878433
REQUEST		Get Ubigeo	1626478828232	1626478878438	OK	 
USER	Admins	END	1626478878438
REQUEST		Get Ubigeo	1626478822291	1626478878492	OK	 
USER	Admins	END	1626478878493
REQUEST		Get Ubigeo	1626478826361	1626478878511	OK	 
USER	Admins	END	1626478878511
REQUEST		Get Ubigeo	1626478824110	1626478878515	OK	 
USER	Admins	END	1626478878515
REQUEST		Get Ubigeo	1626478822467	1626478878520	OK	 
USER	Admins	END	1626478878521
REQUEST		Get Ubigeo	1626478822822	1626478878525	OK	 
USER	Admins	END	1626478878525
REQUEST		Get Ubigeo	1626478821472	1626478878529	OK	 
USER	Admins	END	1626478878529
REQUEST		Get Ubigeo	1626478823733	1626478878542	OK	 
USER	Admins	END	1626478878542
REQUEST		Get Ubigeo	1626478821530	1626478878588	OK	 
USER	Admins	END	1626478878589
REQUEST		Get Ubigeo	1626478824995	1626478878597	OK	 
USER	Admins	END	1626478878598
REQUEST		Get Ubigeo	1626478827525	1626478878603	OK	 
USER	Admins	END	1626478878604
REQUEST		Get Ubigeo	1626478827939	1626478878609	OK	 
USER	Admins	END	1626478878609
REQUEST		Get Ubigeo	1626478822350	1626478878614	OK	 
USER	Admins	END	1626478878615
REQUEST		Get Ubigeo	1626478826986	1626478878621	OK	 
USER	Admins	END	1626478878621
REQUEST		Get Ubigeo	1626478829359	1626478878669	OK	 
USER	Admins	END	1626478878670
REQUEST		Get Ubigeo	1626478821235	1626478878674	OK	 
USER	Admins	END	1626478878675
REQUEST		Get Ubigeo	1626478824228	1626478878680	OK	 
USER	Admins	END	1626478878680
REQUEST		Get Ubigeo	1626478826735	1626478878685	OK	 
USER	Admins	END	1626478878685
REQUEST		Get Ubigeo	1626478825878	1626478878692	OK	 
USER	Admins	END	1626478878692
REQUEST		Get Ubigeo	1626478826115	1626478878697	OK	 
USER	Admins	END	1626478878697
REQUEST		Get Ubigeo	1626478826424	1626478878702	OK	 
USER	Admins	END	1626478878702
REQUEST		Get Ubigeo	1626478827409	1626478878707	OK	 
USER	Admins	END	1626478878708
REQUEST		Get Ubigeo	1626478827642	1626478878712	OK	 
USER	Admins	END	1626478878713
REQUEST		Get Ubigeo	1626478827820	1626478878718	OK	 
USER	Admins	END	1626478878718
REQUEST		Get Ubigeo	1626478828763	1626478878723	OK	 
USER	Admins	END	1626478878724
REQUEST		Get Ubigeo	1626478825997	1626478878729	OK	 
USER	Admins	END	1626478878730
REQUEST		Get Ubigeo	1626478827762	1626478878735	OK	 
USER	Admins	END	1626478878735
REQUEST		Get Ubigeo	1626478828115	1626478878927	OK	 
USER	Admins	END	1626478878927
REQUEST		Get Ubigeo	1626478822645	1626478878974	OK	 
USER	Admins	END	1626478878975
REQUEST		Get Ubigeo	1626478824879	1626478878980	OK	 
USER	Admins	END	1626478878980
REQUEST		Get Ubigeo	1626478821649	1626478878994	OK	 
USER	Admins	END	1626478878994
REQUEST		Get Ubigeo	1626478825817	1626478878998	OK	 
USER	Admins	END	1626478878999
REQUEST		Get Ubigeo	1626478825350	1626478879014	OK	 
USER	Admins	END	1626478879014
REQUEST		Get Ubigeo	1626478826175	1626478879019	OK	 
USER	Admins	END	1626478879019
REQUEST		Get Ubigeo	1626478824525	1626478879025	OK	 
USER	Admins	END	1626478879025
REQUEST		Get Ubigeo	1626478824468	1626478879103	OK	 
USER	Admins	END	1626478879103
REQUEST		Get Ubigeo	1626478827878	1626478879110	OK	 
USER	Admins	END	1626478879111
REQUEST		Get Ubigeo	1626478823860	1626478879171	OK	 
USER	Admins	END	1626478879171
REQUEST		Get Ubigeo	1626478823297	1626478879199	OK	 
USER	Admins	END	1626478879200
REQUEST		Get Ubigeo	1626478821765	1626478879207	OK	 
USER	Admins	END	1626478879207
REQUEST		Get Ubigeo	1626478824938	1626478879285	OK	 
USER	Admins	END	1626478879285
REQUEST		Get Ubigeo	1626478830644	1626478879384	OK	 
USER	Admins	END	1626478879384
REQUEST		Get Ubigeo	1626478825409	1626478879389	OK	 
USER	Admins	END	1626478879389
REQUEST		Get Ubigeo	1626478827704	1626478879397	OK	 
USER	Admins	END	1626478879398
REQUEST		Get Ubigeo	1626478822067	1626478879402	OK	 
USER	Admins	END	1626478879402
REQUEST		Get Ubigeo	1626478828524	1626478879407	OK	 
USER	Admins	END	1626478879407
REQUEST		Get Ubigeo	1626478822126	1626478879412	OK	 
USER	Admins	END	1626478879412
REQUEST		Get Ubigeo	1626478827349	1626478879417	OK	 
USER	Admins	END	1626478879418
REQUEST		Get Ubigeo	1626478829298	1626478879497	OK	 
USER	Admins	END	1626478879498
REQUEST		Get Ubigeo	1626478827997	1626478879570	OK	 
USER	Admins	END	1626478879570
REQUEST		Get Ubigeo	1626478827110	1626478879591	OK	 
USER	Admins	END	1626478879592
REQUEST		Get Ubigeo	1626478828468	1626478879726	OK	 
USER	Admins	END	1626478879726
REQUEST		Get Ubigeo	1626478828059	1626478879878	OK	 
USER	Admins	END	1626478879878
REQUEST		Get Ubigeo	1626478826798	1626478879883	OK	 
USER	Admins	END	1626478879883
REQUEST		Get Ubigeo	1626478824048	1626478879991	OK	 
USER	Admins	END	1626478879991
REQUEST		Get Ubigeo	1626478828643	1626478879996	OK	 
USER	Admins	END	1626478879996
REQUEST		Get Ubigeo	1626478828175	1626478880001	OK	 
USER	Admins	END	1626478880002
REQUEST		Get Ubigeo	1626478825057	1626478880006	OK	 
USER	Admins	END	1626478880007
REQUEST		Get Ubigeo	1626478828876	1626478880011	OK	 
USER	Admins	END	1626478880011
REQUEST		Get Ubigeo	1626478826611	1626478880016	OK	 
USER	Admins	END	1626478880016
REQUEST		Get Ubigeo	1626478826485	1626478880021	OK	 
USER	Admins	END	1626478880021
REQUEST		Get Ubigeo	1626478825116	1626478880028	OK	 
USER	Admins	END	1626478880029
REQUEST		Get Ubigeo	1626478829925	1626478880084	OK	 
USER	Admins	END	1626478880085
REQUEST		Get Ubigeo	1626478825525	1626478880089	OK	 
USER	Admins	END	1626478880089
REQUEST		Get Ubigeo	1626478828583	1626478880118	OK	 
USER	Admins	END	1626478880119
REQUEST		Get Ubigeo	1626478828940	1626478880153	OK	 
USER	Admins	END	1626478880153
REQUEST		Get Ubigeo	1626478829000	1626478880573	OK	 
USER	Admins	END	1626478880573
REQUEST		Get Ubigeo	1626478827291	1626478880682	OK	 
USER	Admins	END	1626478880683
REQUEST		Get Ubigeo	1626478822409	1626478880715	OK	 
USER	Admins	END	1626478880715
REQUEST		Get Ubigeo	1626478830231	1626478880793	OK	 
USER	Admins	END	1626478880794
REQUEST		Get Ubigeo	1626478829798	1626478880798	OK	 
USER	Admins	END	1626478880799
REQUEST		Get Ubigeo	1626478824701	1626478880805	OK	 
USER	Admins	END	1626478880806
REQUEST		Get Ubigeo	1626478831115	1626478880811	OK	 
USER	Admins	END	1626478880813
REQUEST		Get Ubigeo	1626478830050	1626478880817	OK	 
USER	Admins	END	1626478880817
REQUEST		Get Ubigeo	1626478825467	1626478880822	OK	 
USER	Admins	END	1626478880823
REQUEST		Get Ubigeo	1626478829422	1626478880827	OK	 
USER	Admins	END	1626478880827
REQUEST		Get Ubigeo	1626478822881	1626478880832	OK	 
USER	Admins	END	1626478880832
REQUEST		Get Ubigeo	1626478827584	1626478880837	OK	 
USER	Admins	END	1626478880837
REQUEST		Get Ubigeo	1626478826861	1626478880843	OK	 
USER	Admins	END	1626478880843
REQUEST		Get Ubigeo	1626478822937	1626478880848	OK	 
USER	Admins	END	1626478880849
REQUEST		Get Ubigeo	1626478828349	1626478880853	OK	 
USER	Admins	END	1626478880853
REQUEST		Get Ubigeo	1626478828821	1626478880859	OK	 
USER	Admins	END	1626478880859
REQUEST		Get Ubigeo	1626478829673	1626478880879	OK	 
USER	Admins	END	1626478880880
REQUEST		Get Ubigeo	1626478829234	1626478880892	OK	 
USER	Admins	END	1626478880893
REQUEST		Get Ubigeo	1626478826924	1626478881119	OK	 
USER	Admins	END	1626478881120
REQUEST		Get Ubigeo	1626478829115	1626478881125	OK	 
USER	Admins	END	1626478881125
REQUEST		Get Ubigeo	1626478829053	1626478881181	OK	 
USER	Admins	END	1626478881181
REQUEST		Get Ubigeo	1626478828409	1626478881215	OK	 
USER	Admins	END	1626478881216
REQUEST		Get Ubigeo	1626478828704	1626478881272	OK	 
USER	Admins	END	1626478881272
REQUEST		Get Ubigeo	1626478829984	1626478881277	OK	 
USER	Admins	END	1626478881278
REQUEST		Get Ubigeo	1626478829175	1626478881284	OK	 
USER	Admins	END	1626478881284
REQUEST		Get Ubigeo	1626478828291	1626478881308	OK	 
USER	Admins	END	1626478881309
REQUEST		Get Ubigeo	1626478831407	1626478881385	OK	 
USER	Admins	END	1626478881385
REQUEST		Get Ubigeo	1626478830701	1626478881390	OK	 
USER	Admins	END	1626478881390
REQUEST		Get Ubigeo	1626478832358	1626478881395	OK	 
USER	Admins	END	1626478881395
REQUEST		Get Ubigeo	1626478830169	1626478881539	OK	 
USER	Admins	END	1626478881539
REQUEST		Get Ubigeo	1626478829861	1626478881597	OK	 
USER	Admins	END	1626478881597
REQUEST		Get Ubigeo	1626478832923	1626478881603	OK	 
USER	Admins	END	1626478881603
REQUEST		Get Ubigeo	1626478830112	1626478881608	OK	 
USER	Admins	END	1626478881608
REQUEST		Get Ubigeo	1626478829548	1626478881618	OK	 
USER	Admins	END	1626478881618
REQUEST		Get Ubigeo	1626478831347	1626478881623	OK	 
USER	Admins	END	1626478881624
REQUEST		Get Ubigeo	1626478830408	1626478881646	OK	 
USER	Admins	END	1626478881647
REQUEST		Get Ubigeo	1626478830467	1626478881655	OK	 
USER	Admins	END	1626478881656
REQUEST		Get Ubigeo	1626478831641	1626478881705	OK	 
USER	Admins	END	1626478881705
REQUEST		Get Ubigeo	1626478829485	1626478881710	OK	 
USER	Admins	END	1626478881710
REQUEST		Get Ubigeo	1626478831877	1626478881809	OK	 
USER	Admins	END	1626478881809
REQUEST		Get Ubigeo	1626478832549	1626478881815	OK	 
USER	Admins	END	1626478881815
REQUEST		Get Ubigeo	1626478830821	1626478881819	OK	 
USER	Admins	END	1626478881820
REQUEST		Get Ubigeo	1626478830349	1626478881872	OK	 
USER	Admins	END	1626478881872
REQUEST		Get Ubigeo	1626478831935	1626478881877	OK	 
USER	Admins	END	1626478881877
REQUEST		Get Ubigeo	1626478830585	1626478881882	OK	 
USER	Admins	END	1626478881882
REQUEST		Get Ubigeo	1626478832736	1626478881890	OK	 
USER	Admins	END	1626478881891
REQUEST		Get Ubigeo	1626478832797	1626478881934	OK	 
USER	Admins	END	1626478881935
REQUEST		Get Ubigeo	1626478833704	1626478881939	OK	 
USER	Admins	END	1626478881940
REQUEST		Get Ubigeo	1626478832115	1626478881944	OK	 
USER	Admins	END	1626478881945
REQUEST		Get Ubigeo	1626478830935	1626478881950	OK	 
USER	Admins	END	1626478881950
REQUEST		Get Ubigeo	1626478831055	1626478882006	OK	 
USER	Admins	END	1626478882007
REQUEST		Get Ubigeo	1626478832985	1626478882011	OK	 
USER	Admins	END	1626478882012
REQUEST		Get Ubigeo	1626478829611	1626478882017	OK	 
USER	Admins	END	1626478882017
REQUEST		Get Ubigeo	1626478833643	1626478882022	OK	 
USER	Admins	END	1626478882022
REQUEST		Get Ubigeo	1626478833227	1626478882072	OK	 
USER	Admins	END	1626478882072
REQUEST		Get Ubigeo	1626478833404	1626478882079	OK	 
USER	Admins	END	1626478882079
REQUEST		Get Ubigeo	1626478833049	1626478882095	OK	 
USER	Admins	END	1626478882096
REQUEST		Get Ubigeo	1626478833998	1626478882100	OK	 
USER	Admins	END	1626478882100
REQUEST		Get Ubigeo	1626478831761	1626478882105	OK	 
USER	Admins	END	1626478882105
REQUEST		Get Ubigeo	1626478833109	1626478882110	OK	 
USER	Admins	END	1626478882110
REQUEST		Get Ubigeo	1626478832422	1626478882115	OK	 
USER	Admins	END	1626478882116
REQUEST		Get Ubigeo	1626478831467	1626478882121	OK	 
USER	Admins	END	1626478882121
REQUEST		Get Ubigeo	1626478831172	1626478882132	OK	 
USER	Admins	END	1626478882133
REQUEST		Get Ubigeo	1626478830523	1626478882191	OK	 
USER	Admins	END	1626478882191
REQUEST		Get Ubigeo	1626478832669	1626478882196	OK	 
USER	Admins	END	1626478882197
REQUEST		Get Ubigeo	1626478831997	1626478882202	OK	 
USER	Admins	END	1626478882202
REQUEST		Get Ubigeo	1626478832484	1626478882207	OK	 
USER	Admins	END	1626478882207
REQUEST		Get Ubigeo	1626478831287	1626478882228	OK	 
USER	Admins	END	1626478882229
REQUEST		Get Ubigeo	1626478832173	1626478882239	OK	 
USER	Admins	END	1626478882240
REQUEST		Get Ubigeo	1626478832053	1626478882481	OK	 
USER	Admins	END	1626478882481
REQUEST		Get Ubigeo	1626478830875	1626478882622	OK	 
USER	Admins	END	1626478882622
REQUEST		Get Ubigeo	1626478834467	1626478882627	OK	 
USER	Admins	END	1626478882628
REQUEST		Get Ubigeo	1626478833762	1626478882799	OK	 
USER	Admins	END	1626478882799
REQUEST		Get Ubigeo	1626478838798	1626478882816	OK	 
USER	Admins	END	1626478882816
REQUEST		Get Ubigeo	1626478834875	1626478882826	OK	 
USER	Admins	END	1626478882826
REQUEST		Get Ubigeo	1626478834349	1626478882831	OK	 
USER	Admins	END	1626478882831
REQUEST		Get Ubigeo	1626478831584	1626478882869	OK	 
USER	Admins	END	1626478882870
REQUEST		Get Ubigeo	1626478835526	1626478882874	OK	 
USER	Admins	END	1626478882875
REQUEST		Get Ubigeo	1626478837879	1626478882914	OK	 
USER	Admins	END	1626478882915
REQUEST		Get Ubigeo	1626478837110	1626478883043	OK	 
USER	Admins	END	1626478883043
REQUEST		Get Ubigeo	1626478832861	1626478883227	OK	 
USER	Admins	END	1626478883228
REQUEST		Get Ubigeo	1626478832234	1626478883243	OK	 
USER	Admins	END	1626478883243
REQUEST		Get Ubigeo	1626478829737	1626478883287	OK	 
USER	Admins	END	1626478883288
REQUEST		Get Ubigeo	1626478831701	1626478883293	OK	 
USER	Admins	END	1626478883293
REQUEST		Get Ubigeo	1626478832611	1626478883313	OK	 
USER	Admins	END	1626478883313
REQUEST		Get Ubigeo	1626478830290	1626478883385	OK	 
USER	Admins	END	1626478883386
REQUEST		Get Ubigeo	1626478831229	1626478883390	OK	 
USER	Admins	END	1626478883391
REQUEST		Get Ubigeo	1626478834936	1626478883486	OK	 
USER	Admins	END	1626478883486
REQUEST		Get Ubigeo	1626478831818	1626478883491	OK	 
USER	Admins	END	1626478883491
REQUEST		Get Ubigeo	1626478830997	1626478883505	OK	 
USER	Admins	END	1626478883505
REQUEST		Get Ubigeo	1626478833938	1626478883519	OK	 
USER	Admins	END	1626478883520
REQUEST		Get Ubigeo	1626478831523	1626478883524	OK	 
USER	Admins	END	1626478883524
REQUEST		Get Ubigeo	1626478833525	1626478883530	OK	 
USER	Admins	END	1626478883531
REQUEST		Get Ubigeo	1626478833879	1626478883535	OK	 
USER	Admins	END	1626478883536
REQUEST		Get Ubigeo	1626478834585	1626478883540	OK	 
USER	Admins	END	1626478883541
REQUEST		Get Ubigeo	1626478830762	1626478883623	OK	 
USER	Admins	END	1626478883624
REQUEST		Get Ubigeo	1626478840936	1626478883631	OK	 
USER	Admins	END	1626478883631
REQUEST		Get Ubigeo	1626478834523	1626478883637	OK	 
USER	Admins	END	1626478883637
REQUEST		Get Ubigeo	1626478836115	1626478883650	OK	 
USER	Admins	END	1626478883650
REQUEST		Get Ubigeo	1626478837642	1626478883677	OK	 
USER	Admins	END	1626478883678
REQUEST		Get Ubigeo	1626478835644	1626478883894	OK	 
USER	Admins	END	1626478883895
REQUEST		Get Ubigeo	1626478833466	1626478883907	OK	 
USER	Admins	END	1626478883908
REQUEST		Get Ubigeo	1626478834115	1626478884006	OK	 
USER	Admins	END	1626478884006
REQUEST		Get Ubigeo	1626478836798	1626478884018	OK	 
USER	Admins	END	1626478884018
REQUEST		Get Ubigeo	1626478840584	1626478884023	OK	 
USER	Admins	END	1626478884023
REQUEST		Get Ubigeo	1626478835114	1626478884028	OK	 
USER	Admins	END	1626478884029
REQUEST		Get Ubigeo	1626478838174	1626478884034	OK	 
USER	Admins	END	1626478884034
REQUEST		Get Ubigeo	1626478835172	1626478884053	OK	 
USER	Admins	END	1626478884053
REQUEST		Get Ubigeo	1626478835407	1626478884107	OK	 
USER	Admins	END	1626478884107
REQUEST		Get Ubigeo	1626478836673	1626478884322	OK	 
USER	Admins	END	1626478884322
REQUEST		Get Ubigeo	1626478835998	1626478884326	OK	 
USER	Admins	END	1626478884327
REQUEST		Get Ubigeo	1626478836611	1626478884332	OK	 
USER	Admins	END	1626478884333
REQUEST		Get Ubigeo	1626478834289	1626478884338	OK	 
USER	Admins	END	1626478884338
REQUEST		Get Ubigeo	1626478835584	1626478884343	OK	 
USER	Admins	END	1626478884343
REQUEST		Get Ubigeo	1626478834642	1626478884397	OK	 
USER	Admins	END	1626478884397
REQUEST		Get Ubigeo	1626478836548	1626478884479	OK	 
USER	Admins	END	1626478884479
REQUEST		Get Ubigeo	1626478835054	1626478884484	OK	 
USER	Admins	END	1626478884485
REQUEST		Get Ubigeo	1626478833821	1626478884685	OK	 
USER	Admins	END	1626478884686
REQUEST		Get Ubigeo	1626478837763	1626478884691	OK	 
USER	Admins	END	1626478884692
REQUEST		Get Ubigeo	1626478834056	1626478884700	OK	 
USER	Admins	END	1626478884700
REQUEST		Get Ubigeo	1626478836923	1626478884794	OK	 
USER	Admins	END	1626478884794
REQUEST		Get Ubigeo	1626478834231	1626478884799	OK	 
USER	Admins	END	1626478884799
REQUEST		Get Ubigeo	1626478835880	1626478884809	OK	 
USER	Admins	END	1626478884809
REQUEST		Get Ubigeo	1626478838546	1626478884893	OK	 
USER	Admins	END	1626478884893
REQUEST		Get Ubigeo	1626478835232	1626478884915	OK	 
USER	Admins	END	1626478884915
REQUEST		Get Ubigeo	1626478839585	1626478884924	OK	 
USER	Admins	END	1626478884925
REQUEST		Get Ubigeo	1626478838057	1626478885080	OK	 
USER	Admins	END	1626478885080
REQUEST		Get Ubigeo	1626478838233	1626478885093	OK	 
USER	Admins	END	1626478885093
REQUEST		Get Ubigeo	1626478838297	1626478885098	OK	 
USER	Admins	END	1626478885099
REQUEST		Get Ubigeo	1626478836174	1626478885103	OK	 
USER	Admins	END	1626478885104
REQUEST		Get Ubigeo	1626478837290	1626478885113	OK	 
USER	Admins	END	1626478885114
REQUEST		Get Ubigeo	1626478837998	1626478885119	OK	 
USER	Admins	END	1626478885119
REQUEST		Get Ubigeo	1626478841235	1626478885125	OK	 
USER	Admins	END	1626478885125
REQUEST		Get Ubigeo	1626478842286	1626478885275	OK	 
USER	Admins	END	1626478885276
REQUEST		Get Ubigeo	1626478841114	1626478885318	OK	 
USER	Admins	END	1626478885319
REQUEST		Get Ubigeo	1626478836298	1626478885375	OK	 
USER	Admins	END	1626478885375
REQUEST		Get Ubigeo	1626478840526	1626478885594	OK	 
USER	Admins	END	1626478885594
REQUEST		Get Ubigeo	1626478833290	1626478885685	OK	 
USER	Admins	END	1626478885685
REQUEST		Get Ubigeo	1626478834819	1626478885691	OK	 
USER	Admins	END	1626478885691
REQUEST		Get Ubigeo	1626478832296	1626478885696	OK	 
USER	Admins	END	1626478885696
REQUEST		Get Ubigeo	1626478840232	1626478885701	OK	 
USER	Admins	END	1626478885702
REQUEST		Get Ubigeo	1626478837048	1626478885781	OK	 
USER	Admins	END	1626478885781
REQUEST		Get Ubigeo	1626478837232	1626478885792	OK	 
USER	Admins	END	1626478885792
REQUEST		Get Ubigeo	1626478838486	1626478885985	OK	 
USER	Admins	END	1626478885985
REQUEST		Get Ubigeo	1626478837408	1626478885990	OK	 
USER	Admins	END	1626478885990
REQUEST		Get Ubigeo	1626478836861	1626478886018	OK	 
USER	Admins	END	1626478886019
REQUEST		Get Ubigeo	1626478835350	1626478886024	OK	 
USER	Admins	END	1626478886025
REQUEST		Get Ubigeo	1626478833349	1626478886029	OK	 
USER	Admins	END	1626478886030
REQUEST		Get Ubigeo	1626478835466	1626478886035	OK	 
USER	Admins	END	1626478886035
REQUEST		Get Ubigeo	1626478837467	1626478886040	OK	 
USER	Admins	END	1626478886040
REQUEST		Get Ubigeo	1626478836421	1626478886045	OK	 
USER	Admins	END	1626478886045
REQUEST		Get Ubigeo	1626478835289	1626478886050	OK	 
USER	Admins	END	1626478886051
REQUEST		Get Ubigeo	1626478833175	1626478886056	OK	 
USER	Admins	END	1626478886056
REQUEST		Get Ubigeo	1626478840174	1626478886060	OK	 
USER	Admins	END	1626478886061
REQUEST		Get Ubigeo	1626478834702	1626478886065	OK	 
USER	Admins	END	1626478886065
REQUEST		Get Ubigeo	1626478836358	1626478886070	OK	 
USER	Admins	END	1626478886070
REQUEST		Get Ubigeo	1626478835762	1626478886075	OK	 
USER	Admins	END	1626478886075
REQUEST		Get Ubigeo	1626478839467	1626478886079	OK	 
USER	Admins	END	1626478886080
REQUEST		Get Ubigeo	1626478834173	1626478886084	OK	 
USER	Admins	END	1626478886085
REQUEST		Get Ubigeo	1626478837821	1626478886090	OK	 
USER	Admins	END	1626478886091
REQUEST		Get Ubigeo	1626478836485	1626478886095	OK	 
USER	Admins	END	1626478886096
REQUEST		Get Ubigeo	1626478838984	1626478886100	OK	 
USER	Admins	END	1626478886101
REQUEST		Get Ubigeo	1626478834761	1626478886105	OK	 
USER	Admins	END	1626478886106
REQUEST		Get Ubigeo	1626478835938	1626478886111	OK	 
USER	Admins	END	1626478886111
REQUEST		Get Ubigeo	1626478838361	1626478886116	OK	 
USER	Admins	END	1626478886116
REQUEST		Get Ubigeo	1626478842466	1626478886122	OK	 
USER	Admins	END	1626478886122
REQUEST		Get Ubigeo	1626478836056	1626478886127	OK	 
USER	Admins	END	1626478886127
REQUEST		Get Ubigeo	1626478840409	1626478886132	OK	 
USER	Admins	END	1626478886132
REQUEST		Get Ubigeo	1626478837526	1626478886136	OK	 
USER	Admins	END	1626478886136
REQUEST		Get Ubigeo	1626478834408	1626478886141	OK	 
USER	Admins	END	1626478886141
REQUEST		Get Ubigeo	1626478833585	1626478886145	OK	 
USER	Admins	END	1626478886145
REQUEST		Get Ubigeo	1626478835822	1626478886150	OK	 
USER	Admins	END	1626478886150
REQUEST		Get Ubigeo	1626478839408	1626478886188	OK	 
USER	Admins	END	1626478886188
REQUEST		Get Ubigeo	1626478841549	1626478886200	OK	 
USER	Admins	END	1626478886201
REQUEST		Get Ubigeo	1626478841423	1626478886212	OK	 
USER	Admins	END	1626478886212
REQUEST		Get Ubigeo	1626478839046	1626478886226	OK	 
USER	Admins	END	1626478886226
REQUEST		Get Ubigeo	1626478841359	1626478886232	OK	 
USER	Admins	END	1626478886232
REQUEST		Get Ubigeo	1626478836985	1626478886402	OK	 
USER	Admins	END	1626478886402
REQUEST		Get Ubigeo	1626478835703	1626478886407	OK	 
USER	Admins	END	1626478886407
REQUEST		Get Ubigeo	1626478834995	1626478886417	OK	 
USER	Admins	END	1626478886417
REQUEST		Get Ubigeo	1626478839818	1626478886478	OK	 
USER	Admins	END	1626478886478
REQUEST		Get Ubigeo	1626478836736	1626478886494	OK	 
USER	Admins	END	1626478886494
REQUEST		Get Ubigeo	1626478837938	1626478886501	OK	 
USER	Admins	END	1626478886501
REQUEST		Get Ubigeo	1626478838735	1626478886513	OK	 
USER	Admins	END	1626478886514
REQUEST		Get Ubigeo	1626478838924	1626478886616	OK	 
USER	Admins	END	1626478886616
REQUEST		Get Ubigeo	1626478838115	1626478886953	OK	 
USER	Admins	END	1626478886954
REQUEST		Get Ubigeo	1626478839938	1626478887025	OK	 
USER	Admins	END	1626478887025
REQUEST		Get Ubigeo	1626478838610	1626478887029	OK	 
USER	Admins	END	1626478887030
REQUEST		Get Ubigeo	1626478838674	1626478887035	OK	 
USER	Admins	END	1626478887036
REQUEST		Get Ubigeo	1626478836235	1626478887041	OK	 
USER	Admins	END	1626478887041
REQUEST		Get Ubigeo	1626478840114	1626478887105	OK	 
USER	Admins	END	1626478887106
REQUEST		Get Ubigeo	1626478839174	1626478887194	OK	 
USER	Admins	END	1626478887194
REQUEST		Get Ubigeo	1626478842350	1626478887327	OK	 
USER	Admins	END	1626478887327
REQUEST		Get Ubigeo	1626478839702	1626478887406	OK	 
USER	Admins	END	1626478887407
REQUEST		Get Ubigeo	1626478840818	1626478887518	OK	 
USER	Admins	END	1626478887518
REQUEST		Get Ubigeo	1626478839289	1626478887621	OK	 
USER	Admins	END	1626478887622
REQUEST		Get Ubigeo	1626478841983	1626478887707	OK	 
USER	Admins	END	1626478887707
REQUEST		Get Ubigeo	1626478840701	1626478887816	OK	 
USER	Admins	END	1626478887816
REQUEST		Get Ubigeo	1626478838861	1626478887823	OK	 
USER	Admins	END	1626478887823
REQUEST		Get Ubigeo	1626478840290	1626478888431	OK	 
USER	Admins	END	1626478888432
REQUEST		Get Ubigeo	1626478837585	1626478888471	OK	 
USER	Admins	END	1626478888471
REQUEST		Get Ubigeo	1626478844798	1626478888627	OK	 
USER	Admins	END	1626478888627
REQUEST		Get Ubigeo	1626478841921	1626478888632	OK	 
USER	Admins	END	1626478888632
REQUEST		Get Ubigeo	1626478841486	1626478888643	OK	 
USER	Admins	END	1626478888644
REQUEST		Get Ubigeo	1626478840350	1626478888678	OK	 
USER	Admins	END	1626478888679
REQUEST		Get Ubigeo	1626478839645	1626478888687	OK	 
USER	Admins	END	1626478888687
REQUEST		Get Ubigeo	1626478845110	1626478888691	OK	 
USER	Admins	END	1626478888692
REQUEST		Get Ubigeo	1626478839109	1626478888704	OK	 
USER	Admins	END	1626478888704
REQUEST		Get Ubigeo	1626478840057	1626478888727	OK	 
USER	Admins	END	1626478888727
REQUEST		Get Ubigeo	1626478842110	1626478888732	OK	 
USER	Admins	END	1626478888732
REQUEST		Get Ubigeo	1626478837173	1626478889000	OK	 
USER	Admins	END	1626478889000
REQUEST		Get Ubigeo	1626478840997	1626478889091	OK	 
USER	Admins	END	1626478889091
REQUEST		Get Ubigeo	1626478842938	1626478889101	OK	 
USER	Admins	END	1626478889101
REQUEST		Get Ubigeo	1626478843288	1626478889118	OK	 
USER	Admins	END	1626478889118
REQUEST		Get Ubigeo	1626478842230	1626478889127	OK	 
USER	Admins	END	1626478889127
REQUEST		Get Ubigeo	1626478839232	1626478889149	OK	 
USER	Admins	END	1626478889150
REQUEST		Get Ubigeo	1626478842762	1626478889207	OK	 
USER	Admins	END	1626478889207
REQUEST		Get Ubigeo	1626478839526	1626478889223	OK	 
USER	Admins	END	1626478889223
REQUEST		Get Ubigeo	1626478843702	1626478889228	OK	 
USER	Admins	END	1626478889228
REQUEST		Get Ubigeo	1626478841672	1626478889233	OK	 
USER	Admins	END	1626478889233
REQUEST		Get Ubigeo	1626478837348	1626478889401	OK	 
USER	Admins	END	1626478889401
REQUEST		Get Ubigeo	1626478842175	1626478889410	OK	 
USER	Admins	END	1626478889410
REQUEST		Get Ubigeo	1626478842642	1626478889415	OK	 
USER	Admins	END	1626478889416
REQUEST		Get Ubigeo	1626478839349	1626478889428	OK	 
USER	Admins	END	1626478889429
REQUEST		Get Ubigeo	1626478840644	1626478889443	OK	 
USER	Admins	END	1626478889443
REQUEST		Get Ubigeo	1626478840468	1626478889581	OK	 
USER	Admins	END	1626478889582
REQUEST		Get Ubigeo	1626478843583	1626478889586	OK	 
USER	Admins	END	1626478889587
REQUEST		Get Ubigeo	1626478843404	1626478889613	OK	 
USER	Admins	END	1626478889613
REQUEST		Get Ubigeo	1626478844055	1626478889633	OK	 
USER	Admins	END	1626478889633
REQUEST		Get Ubigeo	1626478838424	1626478889637	OK	 
USER	Admins	END	1626478889637
REQUEST		Get Ubigeo	1626478843758	1626478889642	OK	 
USER	Admins	END	1626478889642
REQUEST		Get Ubigeo	1626478843053	1626478889646	OK	 
USER	Admins	END	1626478889647
REQUEST		Get Ubigeo	1626478844359	1626478889660	OK	 
USER	Admins	END	1626478889660
REQUEST		Get Ubigeo	1626478842820	1626478889665	OK	 
USER	Admins	END	1626478889666
REQUEST		Get Ubigeo	1626478843992	1626478889883	OK	 
USER	Admins	END	1626478889884
REQUEST		Get Ubigeo	1626478837703	1626478889962	OK	 
USER	Admins	END	1626478889962
REQUEST		Get Ubigeo	1626478843525	1626478890027	OK	 
USER	Admins	END	1626478890028
REQUEST		Get Ubigeo	1626478846055	1626478890133	OK	 
USER	Admins	END	1626478890133
REQUEST		Get Ubigeo	1626478842048	1626478890141	OK	 
USER	Admins	END	1626478890141
REQUEST		Get Ubigeo	1626478846349	1626478890146	OK	 
USER	Admins	END	1626478890146
REQUEST		Get Ubigeo	1626478839761	1626478890151	OK	 
USER	Admins	END	1626478890151
REQUEST		Get Ubigeo	1626478840878	1626478890157	OK	 
USER	Admins	END	1626478890157
REQUEST		Get Ubigeo	1626478841298	1626478890164	OK	 
USER	Admins	END	1626478890164
REQUEST		Get Ubigeo	1626478842997	1626478890169	OK	 
USER	Admins	END	1626478890169
REQUEST		Get Ubigeo	1626478841055	1626478890174	OK	 
USER	Admins	END	1626478890174
REQUEST		Get Ubigeo	1626478845286	1626478890179	OK	 
USER	Admins	END	1626478890179
REQUEST		Get Ubigeo	1626478843938	1626478890183	OK	 
USER	Admins	END	1626478890183
REQUEST		Get Ubigeo	1626478844611	1626478890189	OK	 
USER	Admins	END	1626478890191
REQUEST		Get Ubigeo	1626478841797	1626478890198	OK	 
USER	Admins	END	1626478890199
REQUEST		Get Ubigeo	1626478842409	1626478890205	OK	 
USER	Admins	END	1626478890206
REQUEST		Get Ubigeo	1626478842703	1626478890211	OK	 
USER	Admins	END	1626478890212
REQUEST		Get Ubigeo	1626478843821	1626478890585	OK	 
USER	Admins	END	1626478890585
REQUEST		Get Ubigeo	1626478845048	1626478890589	OK	 
USER	Admins	END	1626478890590
REQUEST		Get Ubigeo	1626478846702	1626478890594	OK	 
USER	Admins	END	1626478890594
REQUEST		Get Ubigeo	1626478839995	1626478890600	OK	 
USER	Admins	END	1626478890601
REQUEST		Get Ubigeo	1626478844483	1626478890606	OK	 
USER	Admins	END	1626478890607
REQUEST		Get Ubigeo	1626478844984	1626478890614	OK	 
USER	Admins	END	1626478890614
REQUEST		Get Ubigeo	1626478843113	1626478890632	OK	 
USER	Admins	END	1626478890632
REQUEST		Get Ubigeo	1626478847937	1626478890804	OK	 
USER	Admins	END	1626478890805
REQUEST		Get Ubigeo	1626478844174	1626478890810	OK	 
USER	Admins	END	1626478890811
REQUEST		Get Ubigeo	1626478844546	1626478890815	OK	 
USER	Admins	END	1626478890816
REQUEST		Get Ubigeo	1626478849171	1626478890821	OK	 
USER	Admins	END	1626478890821
REQUEST		Get Ubigeo	1626478845467	1626478890827	OK	 
USER	Admins	END	1626478890828
REQUEST		Get Ubigeo	1626478843349	1626478890834	OK	 
USER	Admins	END	1626478890834
REQUEST		Get Ubigeo	1626478845525	1626478890840	OK	 
USER	Admins	END	1626478890841
REQUEST		Get Ubigeo	1626478840759	1626478890847	OK	 
USER	Admins	END	1626478890847
REQUEST		Get Ubigeo	1626478846643	1626478890852	OK	 
USER	Admins	END	1626478890852
REQUEST		Get Ubigeo	1626478843466	1626478890858	OK	 
USER	Admins	END	1626478890858
REQUEST		Get Ubigeo	1626478848922	1626478890862	OK	 
USER	Admins	END	1626478890863
REQUEST		Get Ubigeo	1626478846115	1626478890869	OK	 
USER	Admins	END	1626478890869
REQUEST		Get Ubigeo	1626478846936	1626478890874	OK	 
USER	Admins	END	1626478890874
REQUEST		Get Ubigeo	1626478845349	1626478890879	OK	 
USER	Admins	END	1626478890879
REQUEST		Get Ubigeo	1626478841610	1626478890884	OK	 
USER	Admins	END	1626478890884
REQUEST		Get Ubigeo	1626478844423	1626478890909	OK	 
USER	Admins	END	1626478890909
REQUEST		Get Ubigeo	1626478846467	1626478890914	OK	 
USER	Admins	END	1626478890914
REQUEST		Get Ubigeo	1626478846229	1626478890932	OK	 
USER	Admins	END	1626478890933
REQUEST		Get Ubigeo	1626478848733	1626478890971	OK	 
USER	Admins	END	1626478890971
REQUEST		Get Ubigeo	1626478841735	1626478890976	OK	 
USER	Admins	END	1626478890976
REQUEST		Get Ubigeo	1626478848056	1626478890981	OK	 
USER	Admins	END	1626478890981
REQUEST		Get Ubigeo	1626478846758	1626478890986	OK	 
USER	Admins	END	1626478890986
REQUEST		Get Ubigeo	1626478845230	1626478890992	OK	 
USER	Admins	END	1626478890993
REQUEST		Get Ubigeo	1626478846582	1626478890997	OK	 
USER	Admins	END	1626478890998
REQUEST		Get Ubigeo	1626478847877	1626478891004	OK	 
USER	Admins	END	1626478891005
REQUEST		Get Ubigeo	1626478847702	1626478891009	OK	 
USER	Admins	END	1626478891010
REQUEST		Get Ubigeo	1626478844232	1626478891014	OK	 
USER	Admins	END	1626478891015
REQUEST		Get Ubigeo	1626478845644	1626478891075	OK	 
USER	Admins	END	1626478891075
REQUEST		Get Ubigeo	1626478845878	1626478891094	OK	 
USER	Admins	END	1626478891095
REQUEST		Get Ubigeo	1626478847114	1626478891100	OK	 
USER	Admins	END	1626478891100
REQUEST		Get Ubigeo	1626478847232	1626478891105	OK	 
USER	Admins	END	1626478891105
REQUEST		Get Ubigeo	1626478845935	1626478891114	OK	 
USER	Admins	END	1626478891114
REQUEST		Get Ubigeo	1626478844922	1626478891118	OK	 
USER	Admins	END	1626478891119
REQUEST		Get Ubigeo	1626478846878	1626478891124	OK	 
USER	Admins	END	1626478891125
REQUEST		Get Ubigeo	1626478848114	1626478891130	OK	 
USER	Admins	END	1626478891130
REQUEST		Get Ubigeo	1626478845994	1626478891136	OK	 
USER	Admins	END	1626478891136
REQUEST		Get Ubigeo	1626478844736	1626478891141	OK	 
USER	Admins	END	1626478891141
REQUEST		Get Ubigeo	1626478846174	1626478891146	OK	 
USER	Admins	END	1626478891146
REQUEST		Get Ubigeo	1626478846525	1626478891170	OK	 
USER	Admins	END	1626478891171
REQUEST		Get Ubigeo	1626478841859	1626478891177	OK	 
USER	Admins	END	1626478891177
REQUEST		Get Ubigeo	1626478844114	1626478891193	OK	 
USER	Admins	END	1626478891193
REQUEST		Get Ubigeo	1626478839880	1626478891198	OK	 
USER	Admins	END	1626478891198
REQUEST		Get Ubigeo	1626478843171	1626478891203	OK	 
USER	Admins	END	1626478891204
REQUEST		Get Ubigeo	1626478847286	1626478891209	OK	 
USER	Admins	END	1626478891209
REQUEST		Get Ubigeo	1626478845762	1626478891214	OK	 
USER	Admins	END	1626478891214
REQUEST		Get Ubigeo	1626478843642	1626478891219	OK	 
USER	Admins	END	1626478891220
REQUEST		Get Ubigeo	1626478845174	1626478891226	OK	 
USER	Admins	END	1626478891227
REQUEST		Get Ubigeo	1626478841174	1626478891234	OK	 
USER	Admins	END	1626478891234
REQUEST		Get Ubigeo	1626478844298	1626478891241	OK	 
USER	Admins	END	1626478891242
REQUEST		Get Ubigeo	1626478847466	1626478891247	OK	 
USER	Admins	END	1626478891248
REQUEST		Get Ubigeo	1626478845698	1626478891253	OK	 
USER	Admins	END	1626478891253
REQUEST		Get Ubigeo	1626478847349	1626478891259	OK	 
USER	Admins	END	1626478891259
REQUEST		Get Ubigeo	1626478842584	1626478891313	OK	 
USER	Admins	END	1626478891313
REQUEST		Get Ubigeo	1626478845408	1626478891318	OK	 
USER	Admins	END	1626478891318
REQUEST		Get Ubigeo	1626478842879	1626478891322	OK	 
USER	Admins	END	1626478891323
REQUEST		Get Ubigeo	1626478847409	1626478891328	OK	 
USER	Admins	END	1626478891328
REQUEST		Get Ubigeo	1626478843229	1626478891333	OK	 
USER	Admins	END	1626478891333
REQUEST		Get Ubigeo	1626478844673	1626478891340	OK	 
USER	Admins	END	1626478891340
REQUEST		Get Ubigeo	1626478842525	1626478891345	OK	 
USER	Admins	END	1626478891346
REQUEST		Get Ubigeo	1626478848421	1626478891356	OK	 
USER	Admins	END	1626478891357
REQUEST		Get Ubigeo	1626478849048	1626478891395	OK	 
USER	Admins	END	1626478891396
REQUEST		Get Ubigeo	1626478849761	1626478891400	OK	 
USER	Admins	END	1626478891400
REQUEST		Get Ubigeo	1626478850056	1626478891404	OK	 
USER	Admins	END	1626478891405
REQUEST		Get Ubigeo	1626478849110	1626478891479	OK	 
USER	Admins	END	1626478891479
REQUEST		Get Ubigeo	1626478848298	1626478891483	OK	 
USER	Admins	END	1626478891484
REQUEST		Get Ubigeo	1626478848484	1626478891488	OK	 
USER	Admins	END	1626478891489
REQUEST		Get Ubigeo	1626478846818	1626478891548	OK	 
USER	Admins	END	1626478891549
REQUEST		Get Ubigeo	1626478849816	1626478891553	OK	 
USER	Admins	END	1626478891553
REQUEST		Get Ubigeo	1626478849584	1626478891614	OK	 
USER	Admins	END	1626478891615
REQUEST		Get Ubigeo	1626478848174	1626478891619	OK	 
USER	Admins	END	1626478891620
REQUEST		Get Ubigeo	1626478848986	1626478891624	OK	 
USER	Admins	END	1626478891624
REQUEST		Get Ubigeo	1626478847055	1626478891629	OK	 
USER	Admins	END	1626478891629
REQUEST		Get Ubigeo	1626478847171	1626478891633	OK	 
USER	Admins	END	1626478891633
REQUEST		Get Ubigeo	1626478847642	1626478891676	OK	 
USER	Admins	END	1626478891676
REQUEST		Get Ubigeo	1626478847997	1626478891681	OK	 
USER	Admins	END	1626478891681
REQUEST		Get Ubigeo	1626478848234	1626478891685	OK	 
USER	Admins	END	1626478891686
REQUEST		Get Ubigeo	1626478847585	1626478891690	OK	 
USER	Admins	END	1626478891690
REQUEST		Get Ubigeo	1626478845818	1626478891695	OK	 
USER	Admins	END	1626478891696
REQUEST		Get Ubigeo	1626478846286	1626478891700	OK	 
USER	Admins	END	1626478891700
REQUEST		Get Ubigeo	1626478848859	1626478891705	OK	 
USER	Admins	END	1626478891705
REQUEST		Get Ubigeo	1626478847821	1626478891709	OK	 
USER	Admins	END	1626478891709
REQUEST		Get Ubigeo	1626478849349	1626478891713	OK	 
USER	Admins	END	1626478891714
REQUEST		Get Ubigeo	1626478846994	1626478891718	OK	 
USER	Admins	END	1626478891718
REQUEST		Get Ubigeo	1626478848798	1626478891726	OK	 
USER	Admins	END	1626478891727
REQUEST		Get Ubigeo	1626478849231	1626478891732	OK	 
USER	Admins	END	1626478891733
REQUEST		Get Ubigeo	1626478849879	1626478891739	OK	 
USER	Admins	END	1626478891740
REQUEST		Get Ubigeo	1626478847524	1626478891748	OK	 
USER	Admins	END	1626478891748
REQUEST		Get Ubigeo	1626478848547	1626478891754	OK	 
USER	Admins	END	1626478891754
REQUEST		Get Ubigeo	1626478848359	1626478891761	OK	 
USER	Admins	END	1626478891761
REQUEST		Get Ubigeo	1626478845583	1626478891798	OK	 
USER	Admins	END	1626478891798
REQUEST		Get Ubigeo	1626478848672	1626478891804	OK	 
USER	Admins	END	1626478891804
REQUEST		Get Ubigeo	1626478850609	1626478891810	OK	 
USER	Admins	END	1626478891810
REQUEST		Get Ubigeo	1626478846407	1626478891816	OK	 
USER	Admins	END	1626478891816
REQUEST		Get Ubigeo	1626478843879	1626478891821	OK	 
USER	Admins	END	1626478891822
REQUEST		Get Ubigeo	1626478847760	1626478891828	OK	 
USER	Admins	END	1626478891828
REQUEST		Get Ubigeo	1626478844861	1626478891833	OK	 
USER	Admins	END	1626478891833
REQUEST		Get Ubigeo	1626478849702	1626478891839	OK	 
USER	Admins	END	1626478891839
REQUEST		Get Ubigeo	1626478849463	1626478891881	OK	 
USER	Admins	END	1626478891882
REQUEST		Get Ubigeo	1626478850297	1626478891887	OK	 
USER	Admins	END	1626478891887
REQUEST		Get Ubigeo	1626478849525	1626478891892	OK	 
USER	Admins	END	1626478891893
REQUEST		Get Ubigeo	1626478849290	1626478891898	OK	 
USER	Admins	END	1626478891898
REQUEST		Get Ubigeo	1626478849643	1626478891924	OK	 
USER	Admins	END	1626478891925
REQUEST		Get Ubigeo	1626478849936	1626478891973	OK	 
USER	Admins	END	1626478891974
REQUEST		Get Ubigeo	1626478850733	1626478891979	OK	 
USER	Admins	END	1626478891979
REQUEST		Get Ubigeo	1626478848608	1626478891984	OK	 
USER	Admins	END	1626478891984
REQUEST		Get Ubigeo	1626478850233	1626478891990	OK	 
USER	Admins	END	1626478891990
REQUEST		Get Ubigeo	1626478850485	1626478892043	OK	 
USER	Admins	END	1626478892043
REQUEST		Get Ubigeo	1626478849408	1626478892048	OK	 
USER	Admins	END	1626478892048
REQUEST		Get Ubigeo	1626478850798	1626478892053	OK	 
USER	Admins	END	1626478892053
REQUEST		Get Ubigeo	1626478850173	1626478892058	OK	 
USER	Admins	END	1626478892058
REQUEST		Get Ubigeo	1626478850360	1626478892063	OK	 
USER	Admins	END	1626478892063
REQUEST		Get Ubigeo	1626478850983	1626478892067	OK	 
USER	Admins	END	1626478892068
REQUEST		Get Ubigeo	1626478850115	1626478892092	OK	 
USER	Admins	END	1626478892092
REQUEST		Get Ubigeo	1626478850922	1626478892097	OK	 
USER	Admins	END	1626478892097
REQUEST		Get Ubigeo	1626478851049	1626478892102	OK	 
USER	Admins	END	1626478892102
REQUEST		Get Ubigeo	1626478850547	1626478892108	OK	 
USER	Admins	END	1626478892108
REQUEST		Get Ubigeo	1626478850669	1626478892113	OK	 
USER	Admins	END	1626478892114
REQUEST		Get Ubigeo	1626478849996	1626478892118	OK	 
USER	Admins	END	1626478892118
REQUEST		Get Ubigeo	1626478850422	1626478892123	OK	 
USER	Admins	END	1626478892123
REQUEST		Get Ubigeo	1626478850860	1626478892143	OK	 
USER	Admins	END	1626478892144
REQUEST		Get Ubigeo	1626478851107	1626478892212	OK	 
USER	Admins	END	1626478892213
