RUN	com.gatling.simulations.Mapi	mapi	1633142399381	 	3.5.1
USER	Admins	START	1633142401981
USER	Admins	START	1633142402020
USER	Admins	START	1633142402060
USER	Admins	START	1633142402100
USER	Admins	START	1633142402140
USER	Admins	START	1633142402181
USER	Admins	START	1633142402221
USER	Admins	START	1633142402261
USER	Admins	START	1633142402301
USER	Admins	START	1633142402341
USER	Admins	START	1633142402382
USER	Admins	START	1633142402423
USER	Admins	START	1633142402464
USER	Admins	START	1633142402503
USER	Admins	START	1633142402542
USER	Admins	START	1633142402583
USER	Admins	START	1633142402622
USER	Admins	START	1633142402662
USER	Admins	START	1633142402703
USER	Admins	START	1633142402744
USER	Admins	START	1633142402784
USER	Admins	START	1633142402823
USER	Admins	START	1633142402864
USER	Admins	START	1633142402903
USER	Admins	START	1633142402944
USER	Admins	START	1633142402984
USER	Admins	START	1633142403017
USER	Admins	START	1633142403056
USER	Admins	START	1633142403098
USER	Admins	START	1633142403136
USER	Admins	START	1633142403178
USER	Admins	START	1633142403217
USER	Admins	START	1633142403257
USER	Admins	START	1633142403298
USER	Admins	START	1633142403337
USER	Admins	START	1633142403378
USER	Admins	START	1633142403417
USER	Admins	START	1633142403457
USER	Admins	START	1633142403499
USER	Admins	START	1633142403537
USER	Admins	START	1633142403577
USER	Admins	START	1633142403618
USER	Admins	START	1633142403658
USER	Admins	START	1633142403698
USER	Admins	START	1633142403739
USER	Admins	START	1633142403778
REQUEST		PROG	1633142402341	1633142403807	OK	 
USER	Admins	START	1633142403819
USER	Admins	START	1633142403858
USER	Admins	START	1633142403900
USER	Admins	START	1633142403939
USER	Admins	START	1633142403979
USER	Admins	START	1633142404015
REQUEST		PROG	1633142402383	1633142404054	OK	 
USER	Admins	START	1633142404054
USER	Admins	START	1633142404094
USER	Admins	START	1633142404135
USER	Admins	START	1633142404176
USER	Admins	START	1633142404215
REQUEST		PROG	1633142402221	1633142404221	OK	 
REQUEST		PROG	1633142402181	1633142404239	OK	 
REQUEST		PROG	1633142402020	1633142404243	OK	 
USER	Admins	START	1633142404256
USER	Admins	START	1633142404296
USER	Admins	START	1633142404336
USER	Admins	START	1633142404375
REQUEST		PROG	1633142402101	1633142404405	OK	 
REQUEST		PROG	1633142401997	1633142404411	OK	 
REQUEST		PROG	1633142402904	1633142404411	OK	 
REQUEST		PROG	1633142402984	1633142404411	OK	 
USER	Admins	START	1633142404412
USER	Admins	START	1633142404456
USER	Admins	START	1633142404496
REQUEST		PROG	1633142402503	1633142404503	OK	 
USER	Admins	START	1633142404534
USER	Admins	START	1633142404576
REQUEST		PROG	1633142402141	1633142404595	OK	 
REQUEST		PROG	1633142402423	1633142404606	OK	 
USER	Admins	START	1633142404615
REQUEST		PROG	1633142402744	1633142404628	OK	 
REQUEST		PROG	1633142403018	1633142404630	OK	 
REQUEST		PROG	1633142402542	1633142404636	OK	 
USER	Admins	START	1633142404656
USER	Admins	START	1633142404697
USER	Admins	START	1633142404736
REQUEST		PROG	1633142403218	1633142404745	OK	 
USER	Admins	START	1633142404777
REQUEST		PROG	1633142403178	1633142404805	OK	 
USER	Admins	START	1633142404816
USER	Admins	END	1633142404827
USER	Admins	START	1633142404857
REQUEST		PROG	1633142402703	1633142404888	OK	 
USER	Admins	START	1633142404896
REQUEST		PROG	1633142402262	1633142404912	OK	 
USER	Admins	START	1633142404937
USER	Admins	START	1633142404976
REQUEST		PROG	1633142402583	1633142404979	OK	 
USER	Admins	START	1633142405015
USER	Admins	START	1633142405054
USER	Admins	END	1633142405061
REQUEST		PROG	1633142402864	1633142405079	OK	 
USER	Admins	START	1633142405095
USER	Admins	START	1633142405135
REQUEST		PROG	1633142402944	1633142405139	OK	 
REQUEST		PROG	1633142402301	1633142405140	OK	 
USER	Admins	START	1633142405175
USER	Admins	START	1633142405216
USER	Admins	END	1633142405225
USER	Admins	END	1633142405244
USER	Admins	END	1633142405248
USER	Admins	START	1633142405255
USER	Admins	START	1633142405296
REQUEST		PROG	1633142403779	1633142405316	OK	 
USER	Admins	START	1633142405334
USER	Admins	START	1633142405375
REQUEST		PROG	1633142402060	1633142405394	OK	 
USER	Admins	END	1633142405410
USER	Admins	START	1633142405414
USER	Admins	END	1633142405417
USER	Admins	END	1633142405417
USER	Admins	END	1633142405417
REQUEST		PROG	1633142404055	1633142405449	OK	 
USER	Admins	START	1633142405456
USER	Admins	START	1633142405496
REQUEST		PROG	1633142403337	1633142405507	OK	 
USER	Admins	END	1633142405508
USER	Admins	START	1633142405536
USER	Admins	START	1633142405576
USER	Admins	END	1633142405600
USER	Admins	END	1633142405612
USER	Admins	START	1633142405616
USER	Admins	END	1633142405634
USER	Admins	END	1633142405636
USER	Admins	END	1633142405641
USER	Admins	START	1633142405654
REQUEST		PROG	1633142403099	1633142405657	OK	 
USER	Admins	START	1633142405696
USER	Admins	START	1633142405736
USER	Admins	END	1633142405751
USER	Admins	START	1633142405776
USER	Admins	END	1633142405810
USER	Admins	START	1633142405814
REQUEST		PROG	1633142402784	1633142405830	OK	 
USER	Admins	START	1633142405857
USER	Admins	END	1633142405894
USER	Admins	START	1633142405896
USER	Admins	END	1633142405918
USER	Admins	START	1633142405935
USER	Admins	START	1633142405977
USER	Admins	END	1633142405984
USER	Admins	START	1633142406016
USER	Admins	START	1633142406057
USER	Admins	END	1633142406080
USER	Admins	START	1633142406094
USER	Admins	START	1633142406134
USER	Admins	END	1633142406143
USER	Admins	END	1633142406145
REQUEST		PROG	1633142403499	1633142406159	OK	 
USER	Admins	START	1633142406176
REQUEST		PROG	1633142403257	1633142406188	OK	 
REQUEST		PROG	1633142403056	1633142406190	OK	 
USER	Admins	START	1633142406215
USER	Admins	START	1633142406256
USER	Admins	START	1633142406296
USER	Admins	END	1633142406323
USER	Admins	START	1633142406333
USER	Admins	START	1633142406376
USER	Admins	END	1633142406400
USER	Admins	START	1633142406416
USER	Admins	END	1633142406454
USER	Admins	START	1633142406454
USER	Admins	START	1633142406496
REQUEST		PROG	1633142403378	1633142406512	OK	 
USER	Admins	END	1633142406513
USER	Admins	START	1633142406535
USER	Admins	START	1633142406576
USER	Admins	START	1633142406617
USER	Admins	START	1633142406657
USER	Admins	END	1633142406662
USER	Admins	START	1633142406695
REQUEST		PROG	1633142403136	1633142406699	OK	 
REQUEST		PROG	1633142403298	1633142406699	OK	 
REQUEST		PROG	1633142403739	1633142406700	OK	 
USER	Admins	START	1633142406736
USER	Admins	START	1633142406775
USER	Admins	START	1633142406816
REQUEST		PROG	1633142403940	1633142406824	OK	 
USER	Admins	END	1633142406833
USER	Admins	START	1633142406857
REQUEST		PROG	1633142404375	1633142406861	OK	 
REQUEST		PROG	1633142404534	1633142406861	OK	 
REQUEST		PROG	1633142403900	1633142406862	OK	 
USER	Admins	START	1633142406897
USER	Admins	START	1633142406936
USER	Admins	START	1633142406976
USER	Admins	START	1633142407016
REQUEST		PROG	1633142403819	1633142407033	OK	 
USER	Admins	START	1633142407056
USER	Admins	START	1633142407096
USER	Admins	START	1633142407136
USER	Admins	END	1633142407163
USER	Admins	START	1633142407175
USER	Admins	END	1633142407195
USER	Admins	END	1633142407196
REQUEST		PROG	1633142402823	1633142407208	OK	 
REQUEST		PROG	1633142404095	1633142407208	OK	 
REQUEST		PROG	1633142404576	1633142407211	OK	 
USER	Admins	START	1633142407216
REQUEST		PROG	1633142404698	1633142407218	OK	 
USER	Admins	START	1633142407256
REQUEST		PROG	1633142404336	1633142407264	OK	 
REQUEST		PROG	1633142404615	1633142407266	OK	 
REQUEST		PROG	1633142403538	1633142407271	OK	 
REQUEST		PROG	1633142402663	1633142407287	OK	 
REQUEST		PROG	1633142404937	1633142407291	OK	 
USER	Admins	START	1633142407294
USER	Admins	START	1633142407337
USER	Admins	START	1633142407376
USER	Admins	START	1633142407416
USER	Admins	START	1633142407456
REQUEST		PROG	1633142404736	1633142407484	OK	 
REQUEST		PROG	1633142404256	1633142407495	OK	 
REQUEST		PROG	1633142404497	1633142407495	OK	 
USER	Admins	START	1633142407495
USER	Admins	END	1633142407515
USER	Admins	START	1633142407537
REQUEST		PROG	1633142404896	1633142407570	OK	 
USER	Admins	START	1633142407577
USER	Admins	START	1633142407616
USER	Admins	START	1633142407657
USER	Admins	START	1633142407696
USER	Admins	END	1633142407703
USER	Admins	END	1633142407703
USER	Admins	END	1633142407704
REQUEST		PROG	1633142403858	1633142407724	OK	 
REQUEST		PROG	1633142404976	1633142407728	OK	 
USER	Admins	START	1633142407737
REQUEST		PROG	1633142405375	1633142407754	OK	 
USER	Admins	START	1633142407777
REQUEST		PROG	1633142405456	1633142407804	OK	 
REQUEST		PROG	1633142403658	1633142407804	OK	 
USER	Admins	START	1633142407815
USER	Admins	END	1633142407830
USER	Admins	START	1633142407856
USER	Admins	END	1633142407867
USER	Admins	END	1633142407867
USER	Admins	END	1633142407867
USER	Admins	START	1633142407897
USER	Admins	START	1633142407936
USER	Admins	START	1633142407977
USER	Admins	START	1633142408014
REQUEST		PROG	1633142405255	1633142408038	OK	 
USER	Admins	END	1633142408040
USER	Admins	START	1633142408056
USER	Admins	START	1633142408095
REQUEST		PROG	1633142404858	1633142408098	OK	 
REQUEST		PROG	1633142403698	1633142408103	OK	 
REQUEST		PROG	1633142405536	1633142408103	OK	 
REQUEST		PROG	1633142405577	1633142408131	OK	 
REQUEST		PROG	1633142404656	1633142408132	OK	 
USER	Admins	START	1633142408133
USER	Admins	START	1633142408176
USER	Admins	END	1633142408214
USER	Admins	END	1633142408214
USER	Admins	END	1633142408217
USER	Admins	START	1633142408217
USER	Admins	END	1633142408224
USER	Admins	START	1633142408256
USER	Admins	END	1633142408270
USER	Admins	END	1633142408270
USER	Admins	END	1633142408277
REQUEST		PROG	1633142403457	1633142408289	OK	 
REQUEST		PROG	1633142404296	1633142408291	OK	 
USER	Admins	END	1633142408292
USER	Admins	START	1633142408294
USER	Admins	END	1633142408297
REQUEST		PROG	1633142404777	1633142408308	OK	 
REQUEST		PROG	1633142404456	1633142408324	OK	 
USER	Admins	START	1633142408336
USER	Admins	START	1633142408377
USER	Admins	START	1633142408416
USER	Admins	START	1633142408457
REQUEST		PROG	1633142404215	1633142408462	OK	 
REQUEST		PROG	1633142405216	1633142408472	OK	 
REQUEST		PROG	1633142404015	1633142408477	OK	 
USER	Admins	END	1633142408490
USER	Admins	START	1633142408498
USER	Admins	END	1633142408500
USER	Admins	END	1633142408501
USER	Admins	START	1633142408538
USER	Admins	END	1633142408575
USER	Admins	START	1633142408577
USER	Admins	START	1633142408617
USER	Admins	START	1633142408657
USER	Admins	START	1633142408697
REQUEST		PROG	1633142405936	1633142408713	OK	 
REQUEST		PROG	1633142405054	1633142408716	OK	 
REQUEST		PROG	1633142405897	1633142408727	OK	 
USER	Admins	END	1633142408729
REQUEST		PROG	1633142406134	1633142408729	OK	 
REQUEST		PROG	1633142405334	1633142408730	OK	 
USER	Admins	END	1633142408734
REQUEST		PROG	1633142405616	1633142408734	OK	 
USER	Admins	START	1633142408737
REQUEST		PROG	1633142406176	1633142408738	OK	 
REQUEST		PROG	1633142403418	1633142408738	OK	 
REQUEST		PROG	1633142404816	1633142408744	OK	 
USER	Admins	END	1633142408760
USER	Admins	START	1633142408777
USER	Admins	END	1633142408809
USER	Admins	END	1633142408810
USER	Admins	START	1633142408816
USER	Admins	START	1633142408858
USER	Admins	START	1633142408894
USER	Admins	START	1633142408937
USER	Admins	START	1633142408976
REQUEST		PROG	1633142405654	1633142408995	OK	 
REQUEST		PROG	1633142404412	1633142409004	OK	 
USER	Admins	START	1633142409015
USER	Admins	END	1633142409039
USER	Admins	START	1633142409056
USER	Admins	START	1633142409095
USER	Admins	END	1633142409102
USER	Admins	END	1633142409108
USER	Admins	END	1633142409109
USER	Admins	END	1633142409133
USER	Admins	START	1633142409136
USER	Admins	END	1633142409137
USER	Admins	START	1633142409176
REQUEST		PROG	1633142406536	1633142409187	OK	 
REQUEST		PROG	1633142405136	1633142409189	OK	 
REQUEST		PROG	1633142402464	1633142409191	OK	 
USER	Admins	START	1633142409216
USER	Admins	START	1633142409255
USER	Admins	END	1633142409295
USER	Admins	END	1633142409297
USER	Admins	START	1633142409296
USER	Admins	END	1633142409312
USER	Admins	END	1633142409329
USER	Admins	START	1633142409335
REQUEST		PROG	1633142405736	1633142409367	OK	 
REQUEST		PROG	1633142406976	1633142409367	OK	 
REQUEST		PROG	1633142405815	1633142409371	OK	 
USER	Admins	START	1633142409376
REQUEST		PROG	1633142405977	1633142409398	OK	 
USER	Admins	START	1633142409415
REQUEST		PROG	1633142406016	1633142409416	OK	 
REQUEST		PROG	1633142405857	1633142409416	OK	 
REQUEST		PROG	1633142405175	1633142409433	OK	 
REQUEST		PROG	1633142404135	1633142409434	OK	 
USER	Admins	START	1633142409456
USER	Admins	END	1633142409468
USER	Admins	END	1633142409477
USER	Admins	END	1633142409483
USER	Admins	START	1633142409495
USER	Admins	START	1633142409536
USER	Admins	START	1633142409573
USER	Admins	START	1633142409616
REQUEST		PROG	1633142403979	1633142409655	OK	 
USER	Admins	START	1633142409655
REQUEST		PROG	1633142405415	1633142409657	OK	 
REQUEST		PROG	1633142405096	1633142409658	OK	 
REQUEST		PROG	1633142406576	1633142409665	OK	 
USER	Admins	START	1633142409697
USER	Admins	END	1633142409719
USER	Admins	END	1633142409721
USER	Admins	END	1633142409732
USER	Admins	END	1633142409733
USER	Admins	START	1633142409732
USER	Admins	END	1633142409736
USER	Admins	END	1633142409741
USER	Admins	END	1633142409744
USER	Admins	END	1633142409744
USER	Admins	END	1633142409749
USER	Admins	START	1633142409776
USER	Admins	START	1633142409813
REQUEST		PROG	1633142406256	1633142409818	OK	 
REQUEST		PROG	1633142407096	1633142409847	OK	 
REQUEST		PROG	1633142406416	1633142409852	OK	 
REQUEST		PROG	1633142405015	1633142409853	OK	 
USER	Admins	START	1633142409856
USER	Admins	START	1633142409897
USER	Admins	START	1633142409936
USER	Admins	START	1633142409973
USER	Admins	END	1633142410000
USER	Admins	END	1633142410009
USER	Admins	START	1633142410016
USER	Admins	START	1633142410055
REQUEST		PROG	1633142406057	1633142410068	OK	 
USER	Admins	START	1633142410096
REQUEST		PROG	1633142405496	1633142410105	OK	 
REQUEST		PROG	1633142407977	1633142410112	OK	 
REQUEST		PROG	1633142406376	1633142410112	OK	 
REQUEST		PROG	1633142407658	1633142410123	OK	 
REQUEST		PROG	1633142406296	1633142410128	OK	 
REQUEST		PROG	1633142405776	1633142410129	OK	 
REQUEST		PROG	1633142406334	1633142410129	OK	 
USER	Admins	START	1633142410132
USER	Admins	START	1633142410176
USER	Admins	END	1633142410192
USER	Admins	END	1633142410194
USER	Admins	END	1633142410196
USER	Admins	START	1633142410215
USER	Admins	START	1633142410257
USER	Admins	START	1633142410293
REQUEST		PROG	1633142405296	1633142410309	OK	 
REQUEST		PROG	1633142406617	1633142410311	OK	 
REQUEST		PROG	1633142406695	1633142410312	OK	 
REQUEST		PROG	1633142406454	1633142410312	OK	 
USER	Admins	START	1633142410336
USER	Admins	END	1633142410372
USER	Admins	END	1633142410372
USER	Admins	END	1633142410377
USER	Admins	START	1633142410377
USER	Admins	END	1633142410404
USER	Admins	START	1633142410416
USER	Admins	END	1633142410421
USER	Admins	END	1633142410422
USER	Admins	END	1633142410440
USER	Admins	END	1633142410440
USER	Admins	START	1633142410455
USER	Admins	START	1633142410496
REQUEST		PROG	1633142404176	1633142410514	OK	 
REQUEST		PROG	1633142406215	1633142410515	OK	 
REQUEST		PROG	1633142408294	1633142410529	OK	 
REQUEST		PROG	1633142408217	1633142410528	OK	 
USER	Admins	START	1633142410536
USER	Admins	START	1633142410575
REQUEST		PROG	1633142406094	1633142410602	OK	 
REQUEST		PROG	1633142406657	1633142410607	OK	 
USER	Admins	START	1633142410617
REQUEST		PROG	1633142408096	1633142410632	OK	 
REQUEST		PROG	1633142407856	1633142410636	OK	 
REQUEST		PROG	1633142407175	1633142410656	OK	 
REQUEST		PROG	1633142408458	1633142410657	OK	 
USER	Admins	START	1633142410657
USER	Admins	END	1633142410658
USER	Admins	END	1633142410661
USER	Admins	END	1633142410663
REQUEST		PROG	1633142406736	1633142410664	OK	 
USER	Admins	END	1633142410670
USER	Admins	START	1633142410697
USER	Admins	START	1633142410736
USER	Admins	START	1633142410775
USER	Admins	START	1633142410817
USER	Admins	END	1633142410822
USER	Admins	START	1633142410853
USER	Admins	END	1633142410854
USER	Admins	END	1633142410857
USER	Admins	END	1633142410858
USER	Admins	START	1633142410896
USER	Admins	START	1633142410935
USER	Admins	START	1633142410975
REQUEST		PROG	1633142406858	1633142410988	OK	 
REQUEST		PROG	1633142405696	1633142410989	OK	 
USER	Admins	START	1633142411015
USER	Admins	START	1633142411055
REQUEST		PROG	1633142408658	1633142411067	OK	 
REQUEST		PROG	1633142406816	1633142411068	OK	 
REQUEST		PROG	1633142407017	1633142411068	OK	 
USER	Admins	END	1633142411074
USER	Admins	START	1633142411095
USER	Admins	END	1633142411110
USER	Admins	END	1633142411116
USER	Admins	END	1633142411118
USER	Admins	END	1633142411125
USER	Admins	END	1633142411134
USER	Admins	END	1633142411134
USER	Admins	END	1633142411134
USER	Admins	START	1633142411134
USER	Admins	START	1633142411176
USER	Admins	START	1633142411215
REQUEST		PROG	1633142408938	1633142411225	OK	 
REQUEST		PROG	1633142407136	1633142411241	OK	 
REQUEST		PROG	1633142409095	1633142411241	OK	 
USER	Admins	START	1633142411255
USER	Admins	START	1633142411296
REQUEST		PROG	1633142403578	1633142411303	OK	 
USER	Admins	END	1633142411316
USER	Admins	END	1633142411317
USER	Admins	END	1633142411317
USER	Admins	END	1633142411317
REQUEST		PROG	1633142407337	1633142411324	OK	 
REQUEST		PROG	1633142407057	1633142411328	OK	 
REQUEST		PROG	1633142407294	1633142411334	OK	 
USER	Admins	START	1633142411335
USER	Admins	START	1633142411375
USER	Admins	START	1633142411415
USER	Admins	START	1633142411454
USER	Admins	START	1633142411494
USER	Admins	END	1633142411520
USER	Admins	END	1633142411520
USER	Admins	END	1633142411534
USER	Admins	END	1633142411534
USER	Admins	START	1633142411535
USER	Admins	START	1633142411575
REQUEST		PROG	1633142409056	1633142411576	OK	 
REQUEST		PROG	1633142407376	1633142411587	OK	 
USER	Admins	END	1633142411606
USER	Admins	END	1633142411612
USER	Admins	START	1633142411616
USER	Admins	END	1633142411637
USER	Admins	END	1633142411641
REQUEST		PROG	1633142407216	1633142411644	OK	 
REQUEST		PROG	1633142406897	1633142411652	OK	 
REQUEST		PROG	1633142409456	1633142411652	OK	 
USER	Admins	START	1633142411656
USER	Admins	END	1633142411658
USER	Admins	END	1633142411658
USER	Admins	END	1633142411670
USER	Admins	START	1633142411696
USER	Admins	START	1633142411734
USER	Admins	START	1633142411776
REQUEST		PROG	1633142409536	1633142411789	OK	 
REQUEST		PROG	1633142408014	1633142411789	OK	 
REQUEST		PROG	1633142407777	1633142411793	OK	 
REQUEST		PROG	1633142409416	1633142411808	OK	 
USER	Admins	START	1633142411815
REQUEST		PROG	1633142407256	1633142411839	OK	 
REQUEST		PROG	1633142407577	1633142411842	OK	 
USER	Admins	START	1633142411856
USER	Admins	START	1633142411896
REQUEST		PROG	1633142407417	1633142411917	OK	 
USER	Admins	START	1633142411936
USER	Admins	START	1633142411975
USER	Admins	END	1633142411989
USER	Admins	END	1633142411996
USER	Admins	START	1633142412016
USER	Admins	START	1633142412056
USER	Admins	END	1633142412074
USER	Admins	END	1633142412074
USER	Admins	END	1633142412074
USER	Admins	START	1633142412096
REQUEST		PROG	1633142408416	1633142412118	OK	 
REQUEST		PROG	1633142409697	1633142412130	OK	 
USER	Admins	START	1633142412137
USER	Admins	START	1633142412176
USER	Admins	START	1633142412217
USER	Admins	END	1633142412231
REQUEST		PROG	1633142409973	1633142412232	OK	 
USER	Admins	END	1633142412247
USER	Admins	END	1633142412247
USER	Admins	START	1633142412253
USER	Admins	START	1633142412292
USER	Admins	END	1633142412308
USER	Admins	END	1633142412330
USER	Admins	END	1633142412334
USER	Admins	START	1633142412334
USER	Admins	END	1633142412340
REQUEST		PROG	1633142408894	1633142412356	OK	 
REQUEST		PROG	1633142410294	1633142412363	OK	 
REQUEST		PROG	1633142406936	1633142412372	OK	 
REQUEST		PROG	1633142410258	1633142412373	OK	 
USER	Admins	START	1633142412377
REQUEST		PROG	1633142407456	1633142412390	OK	 
REQUEST		PROG	1633142406775	1633142412391	OK	 
USER	Admins	START	1633142412416
USER	Admins	START	1633142412457
USER	Admins	START	1633142412496
USER	Admins	START	1633142412535
REQUEST		PROG	1633142407936	1633142412550	OK	 
USER	Admins	START	1633142412576
USER	Admins	END	1633142412581
REQUEST		PROG	1633142408858	1633142412584	OK	 
USER	Admins	END	1633142412592
USER	Admins	START	1633142412616
USER	Admins	END	1633142412649
USER	Admins	END	1633142412656
USER	Admins	END	1633142412656
USER	Admins	START	1633142412656
REQUEST		PROG	1633142410096	1633142412657	OK	 
REQUEST		PROG	1633142407537	1633142412658	OK	 
REQUEST		PROG	1633142407897	1633142412667	OK	 
REQUEST		PROG	1633142407815	1633142412672	OK	 
USER	Admins	START	1633142412697
USER	Admins	START	1633142412736
REQUEST		PROG	1633142410455	1633142412762	OK	 
REQUEST		PROG	1633142408056	1633142412763	OK	 
USER	Admins	START	1633142412774
REQUEST		PROG	1633142409573	1633142412784	OK	 
USER	Admins	END	1633142412795
USER	Admins	END	1633142412795
USER	Admins	END	1633142412799
USER	Admins	END	1633142412814
USER	Admins	START	1633142412816
USER	Admins	END	1633142412843
REQUEST		PROG	1633142408256	1633142412845	OK	 
USER	Admins	END	1633142412848
USER	Admins	START	1633142412854
REQUEST		PROG	1633142408177	1633142412876	OK	 
USER	Admins	START	1633142412896
REQUEST		PROG	1633142410336	1633142412910	OK	 
REQUEST		PROG	1633142410537	1633142412912	OK	 
USER	Admins	END	1633142412921
USER	Admins	START	1633142412937
USER	Admins	START	1633142412976
USER	Admins	START	1633142413016
USER	Admins	START	1633142413056
REQUEST		PROG	1633142407495	1633142413086	OK	 
USER	Admins	START	1633142413094
REQUEST		PROG	1633142408538	1633142413110	OK	 
REQUEST		PROG	1633142409656	1633142413114	OK	 
USER	Admins	END	1633142413124
USER	Admins	END	1633142413133
USER	Admins	START	1633142413135
USER	Admins	START	1633142413174
USER	Admins	START	1633142413213
REQUEST		PROG	1633142409495	1633142413221	OK	 
REQUEST		PROG	1633142410775	1633142413225	OK	 
REQUEST		PROG	1633142409136	1633142413226	OK	 
USER	Admins	END	1633142413237
USER	Admins	START	1633142413256
USER	Admins	START	1633142413296
REQUEST		PROG	1633142411296	1633142413304	OK	 
USER	Admins	START	1633142413336
REQUEST		PROG	1633142407616	1633142413353	OK	 
REQUEST		PROG	1633142409297	1633142413354	OK	 
USER	Admins	END	1633142413358
USER	Admins	END	1633142413366
USER	Admins	START	1633142413377
USER	Admins	END	1633142413378
USER	Admins	END	1633142413378
USER	Admins	END	1633142413391
USER	Admins	END	1633142413397
USER	Admins	START	1633142413416
USER	Admins	START	1633142413456
USER	Admins	START	1633142413496
USER	Admins	START	1633142413536
REQUEST		PROG	1633142410378	1633142413551	OK	 
REQUEST		PROG	1633142410496	1633142413552	OK	 
USER	Admins	END	1633142413553
USER	Admins	START	1633142413577
USER	Admins	END	1633142413590
USER	Admins	START	1633142413616
REQUEST		PROG	1633142407737	1633142413655	OK	 
USER	Admins	START	1633142413655
USER	Admins	END	1633142413662
USER	Admins	END	1633142413662
USER	Admins	END	1633142413674
USER	Admins	END	1633142413675
REQUEST		PROG	1633142411336	1633142413689	OK	 
USER	Admins	START	1633142413696
REQUEST		PROG	1633142411134	1633142413733	OK	 
USER	Admins	START	1633142413735
USER	Admins	END	1633142413768
USER	Admins	END	1633142413768
USER	Admins	START	1633142413776
USER	Admins	END	1633142413790
USER	Admins	START	1633142413815
USER	Admins	END	1633142413851
USER	Admins	START	1633142413857
USER	Admins	END	1633142413881
USER	Admins	START	1633142413893
USER	Admins	END	1633142413915
USER	Admins	END	1633142413915
USER	Admins	START	1633142413937
USER	Admins	START	1633142413974
USER	Admins	START	1633142414015
USER	Admins	START	1633142414055
REQUEST		PROG	1633142411215	1633142414073	OK	 
USER	Admins	END	1633142414088
USER	Admins	START	1633142414094
USER	Admins	END	1633142414116
USER	Admins	END	1633142414120
USER	Admins	START	1633142414134
REQUEST		PROG	1633142410576	1633142414142	OK	 
USER	Admins	START	1633142414174
REQUEST		PROG	1633142412056	1633142414185	OK	 
USER	Admins	START	1633142414215
USER	Admins	END	1633142414225
USER	Admins	END	1633142414227
USER	Admins	END	1633142414227
REQUEST		PROG	1633142407696	1633142414247	OK	 
REQUEST		PROG	1633142411896	1633142414253	OK	 
USER	Admins	START	1633142414256
USER	Admins	START	1633142414296
USER	Admins	END	1633142414310
REQUEST		PROG	1633142411815	1633142414315	OK	 
USER	Admins	START	1633142414336
USER	Admins	END	1633142414358
USER	Admins	END	1633142414358
USER	Admins	START	1633142414377
USER	Admins	START	1633142414416
USER	Admins	START	1633142414456
USER	Admins	START	1633142414496
USER	Admins	START	1633142414537
USER	Admins	END	1633142414554
USER	Admins	END	1633142414556
USER	Admins	START	1633142414576
USER	Admins	START	1633142414616
REQUEST		PROG	1633142412292	1633142414653	OK	 
USER	Admins	START	1633142414653
REQUEST		PROG	1633142408578	1633142414654	OK	 
REQUEST		PROG	1633142410896	1633142414660	OK	 
USER	Admins	END	1633142414661
USER	Admins	END	1633142414695
USER	Admins	START	1633142414694
USER	Admins	END	1633142414734
USER	Admins	START	1633142414736
REQUEST		PROG	1633142412416	1633142414764	OK	 
REQUEST		PROG	1633142408737	1633142414765	OK	 
REQUEST		PROG	1633142409776	1633142414766	OK	 
USER	Admins	START	1633142414775
REQUEST		PROG	1633142412457	1633142414810	OK	 
USER	Admins	START	1633142414815
REQUEST		PROG	1633142408133	1633142414816	OK	 
REQUEST		PROG	1633142408498	1633142414817	OK	 
REQUEST		PROG	1633142408336	1633142414830	OK	 
REQUEST		PROG	1633142410853	1633142414830	OK	 
REQUEST		PROG	1633142408777	1633142414833	OK	 
REQUEST		PROG	1633142408697	1633142414836	OK	 
REQUEST		PROG	1633142408977	1633142414836	OK	 
USER	Admins	START	1633142414854
USER	Admins	START	1633142414894
USER	Admins	START	1633142414937
USER	Admins	START	1633142414976
USER	Admins	START	1633142415015
USER	Admins	START	1633142415056
REQUEST		PROG	1633142412377	1633142415073	OK	 
USER	Admins	END	1633142415077
USER	Admins	START	1633142415095
REQUEST		PROG	1633142411936	1633142415107	OK	 
USER	Admins	START	1633142415136
USER	Admins	END	1633142415146
USER	Admins	START	1633142415174
USER	Admins	END	1633142415191
USER	Admins	START	1633142415214
USER	Admins	END	1633142415254
USER	Admins	START	1633142415255
USER	Admins	END	1633142415258
REQUEST		PROG	1633142413056	1633142415287	OK	 
REQUEST		PROG	1633142408617	1633142415293	OK	 
USER	Admins	START	1633142415295
USER	Admins	END	1633142415321
USER	Admins	START	1633142415334
USER	Admins	START	1633142415376
REQUEST		PROG	1633142409216	1633142415405	OK	 
USER	Admins	START	1633142415415
USER	Admins	START	1633142415456
USER	Admins	START	1633142415494
USER	Admins	START	1633142415536
REQUEST		PROG	1633142409176	1633142415557	OK	 
USER	Admins	START	1633142415574
REQUEST		PROG	1633142408816	1633142415592	OK	 
USER	Admins	START	1633142415615
REQUEST		PROG	1633142413537	1633142415627	OK	 
REQUEST		PROG	1633142413175	1633142415641	OK	 
REQUEST		PROG	1633142409335	1633142415650	OK	 
USER	Admins	START	1633142415654
USER	Admins	END	1633142415659
USER	Admins	END	1633142415662
USER	Admins	END	1633142415665
USER	Admins	START	1633142415696
USER	Admins	START	1633142415735
USER	Admins	END	1633142415771
USER	Admins	END	1633142415771
USER	Admins	END	1633142415771
USER	Admins	START	1633142415776
REQUEST		PROG	1633142410016	1633142415793	OK	 
USER	Admins	END	1633142415815
USER	Admins	START	1633142415817
USER	Admins	END	1633142415817
USER	Admins	END	1633142415817
USER	Admins	END	1633142415835
REQUEST		PROG	1633142411176	1633142415836	OK	 
USER	Admins	END	1633142415836
USER	Admins	END	1633142415838
USER	Admins	END	1633142415842
USER	Admins	END	1633142415842
REQUEST		PROG	1633142411454	1633142415843	OK	 
USER	Admins	START	1633142415856
REQUEST		PROG	1633142412854	1633142415857	OK	 
USER	Admins	START	1633142415896
USER	Admins	START	1633142415936
USER	Admins	START	1633142415975
USER	Admins	START	1633142416014
USER	Admins	START	1633142416056
USER	Admins	END	1633142416079
USER	Admins	START	1633142416092
USER	Admins	END	1633142416109
REQUEST		PROG	1633142411734	1633142416124	OK	 
REQUEST		PROG	1633142411536	1633142416126	OK	 
REQUEST		PROG	1633142413456	1633142416126	OK	 
USER	Admins	START	1633142416134
USER	Admins	START	1633142416174
USER	Admins	START	1633142416215
USER	Admins	START	1633142416253
REQUEST		PROG	1633142411975	1633142416277	OK	 
USER	Admins	END	1633142416292
USER	Admins	START	1633142416294
USER	Admins	END	1633142416295
USER	Admins	START	1633142416337
REQUEST		PROG	1633142412736	1633142416343	OK	 
REQUEST		PROG	1633142413213	1633142416351	OK	 
USER	Admins	START	1633142416373
USER	Admins	END	1633142416411
USER	Admins	START	1633142416414
USER	Admins	START	1633142416453
USER	Admins	START	1633142416492
USER	Admins	START	1633142416533
USER	Admins	END	1633142416562
REQUEST		PROG	1633142413655	1633142416570	OK	 
REQUEST		PROG	1633142411776	1633142416570	OK	 
REQUEST		PROG	1633142413815	1633142416574	OK	 
USER	Admins	START	1633142416574
USER	Admins	END	1633142416598
USER	Admins	START	1633142416614
USER	Admins	END	1633142416632
USER	Admins	END	1633142416645
USER	Admins	END	1633142416653
USER	Admins	START	1633142416653
USER	Admins	START	1633142416697
REQUEST		PROG	1633142409813	1633142416699	OK	 
USER	Admins	START	1633142416732
REQUEST		PROG	1633142410176	1633142416750	OK	 
REQUEST		PROG	1633142413256	1633142416751	OK	 
USER	Admins	START	1633142416772
REQUEST		PROG	1633142414175	1633142416779	OK	 
REQUEST		PROG	1633142414377	1633142416793	OK	 
USER	Admins	END	1633142416799
REQUEST		PROG	1633142412253	1633142416806	OK	 
USER	Admins	START	1633142416814
USER	Admins	END	1633142416841
USER	Admins	END	1633142416849
USER	Admins	START	1633142416852
USER	Admins	END	1633142416862
REQUEST		PROG	1633142409377	1633142416872	OK	 
REQUEST		PROG	1633142410416	1633142416873	OK	 
USER	Admins	START	1633142416893
USER	Admins	START	1633142416934
USER	Admins	START	1633142416973
USER	Admins	START	1633142417012
USER	Admins	START	1633142417054
USER	Admins	START	1633142417094
USER	Admins	END	1633142417130
USER	Admins	END	1633142417131
USER	Admins	END	1633142417131
USER	Admins	START	1633142417134
USER	Admins	START	1633142417175
REQUEST		PROG	1633142410657	1633142417198	OK	 
REQUEST		PROG	1633142413336	1633142417198	OK	 
USER	Admins	START	1633142417215
REQUEST		PROG	1633142414537	1633142417236	OK	 
USER	Admins	START	1633142417252
USER	Admins	END	1633142417282
USER	Admins	START	1633142417294
USER	Admins	START	1633142417337
USER	Admins	END	1633142417349
USER	Admins	END	1633142417356
REQUEST		PROG	1633142414336	1633142417364	OK	 
REQUEST		PROG	1633142410936	1633142417369	OK	 
REQUEST		PROG	1633142410697	1633142417372	OK	 
USER	Admins	START	1633142417376
REQUEST		PROG	1633142410618	1633142417389	OK	 
USER	Admins	START	1633142417416
REQUEST		PROG	1633142413136	1633142417432	OK	 
USER	Admins	START	1633142417455
REQUEST		PROG	1633142414854	1633142417458	OK	 
REQUEST		PROG	1633142414653	1633142417461	OK	 
REQUEST		PROG	1633142415255	1633142417465	OK	 
USER	Admins	START	1633142417496
USER	Admins	START	1633142417536
USER	Admins	END	1633142417575
USER	Admins	END	1633142417575
USER	Admins	START	1633142417576
USER	Admins	END	1633142417579
USER	Admins	START	1633142417616
REQUEST		PROG	1633142411375	1633142417629	OK	 
REQUEST		PROG	1633142413697	1633142417645	OK	 
USER	Admins	START	1633142417656
REQUEST		PROG	1633142410056	1633142417670	OK	 
USER	Admins	START	1633142417696
USER	Admins	END	1633142417705
USER	Admins	START	1633142417734
USER	Admins	END	1633142417756
USER	Admins	END	1633142417756
USER	Admins	START	1633142417776
USER	Admins	END	1633142417785
USER	Admins	END	1633142417798
REQUEST		PROG	1633142415334	1633142417803	OK	 
USER	Admins	END	1633142417812
USER	Admins	START	1633142417815
USER	Admins	START	1633142417856
USER	Admins	END	1633142417878
USER	Admins	END	1633142417878
USER	Admins	START	1633142417895
REQUEST		PROG	1633142415376	1633142417911	OK	 
REQUEST		PROG	1633142409733	1633142417916	OK	 
USER	Admins	START	1633142417936
USER	Admins	START	1633142417977
USER	Admins	START	1633142418016
USER	Admins	START	1633142418056
USER	Admins	START	1633142418096
USER	Admins	START	1633142418134
USER	Admins	START	1633142418176
USER	Admins	END	1633142418203
USER	Admins	END	1633142418205
USER	Admins	START	1633142418215
USER	Admins	END	1633142418241
USER	Admins	START	1633142418256
USER	Admins	START	1633142418296
USER	Admins	START	1633142418336
REQUEST		PROG	1633142410132	1633142418345	OK	 
USER	Admins	END	1633142418369
USER	Admins	END	1633142418375
USER	Admins	START	1633142418374
USER	Admins	END	1633142418375
USER	Admins	END	1633142418395
USER	Admins	START	1633142418417
USER	Admins	END	1633142418437
USER	Admins	START	1633142418455
USER	Admins	END	1633142418462
USER	Admins	END	1633142418465
USER	Admins	END	1633142418471
REQUEST		PROG	1633142409616	1633142418496	OK	 
USER	Admins	START	1633142418496
REQUEST		PROG	1633142409856	1633142418500	OK	 
REQUEST		PROG	1633142409898	1633142418514	OK	 
REQUEST		PROG	1633142415456	1633142418520	OK	 
REQUEST		PROG	1633142415494	1633142418523	OK	 
REQUEST		PROG	1633142412896	1633142418523	OK	 
REQUEST		PROG	1633142411656	1633142418527	OK	 
USER	Admins	START	1633142418537
USER	Admins	START	1633142418577
USER	Admins	START	1633142418615
USER	Admins	END	1633142418635
REQUEST		PROG	1633142411575	1633142418637	OK	 
USER	Admins	END	1633142418649
REQUEST		PROG	1633142410817	1633142418652	OK	 
USER	Admins	START	1633142418656
REQUEST		PROG	1633142409936	1633142418659	OK	 
USER	Admins	END	1633142418676
USER	Admins	START	1633142418694
REQUEST		PROG	1633142411696	1633142418696	OK	 
REQUEST		PROG	1633142413577	1633142418709	OK	 
REQUEST		PROG	1633142412097	1633142418709	OK	 
REQUEST		PROG	1633142415697	1633142418719	OK	 
REQUEST		PROG	1633142412138	1633142418727	OK	 
USER	Admins	START	1633142418736
USER	Admins	START	1633142418777
USER	Admins	END	1633142418809
USER	Admins	START	1633142418815
USER	Admins	START	1633142418855
USER	Admins	START	1633142418896
USER	Admins	END	1633142418917
USER	Admins	END	1633142418921
USER	Admins	START	1633142418934
USER	Admins	START	1633142418976
REQUEST		PROG	1633142415616	1633142418981	OK	 
REQUEST		PROG	1633142413858	1633142418982	OK	 
REQUEST		PROG	1633142413975	1633142418992	OK	 
REQUEST		PROG	1633142411856	1633142418993	OK	 
USER	Admins	START	1633142419015
REQUEST		PROG	1633142415896	1633142419018	OK	 
REQUEST		PROG	1633142416575	1633142419018	OK	 
REQUEST		PROG	1633142412217	1633142419022	OK	 
REQUEST		PROG	1633142414416	1633142419031	OK	 
REQUEST		PROG	1633142414215	1633142419036	OK	 
USER	Admins	START	1633142419055
USER	Admins	START	1633142419094
USER	Admins	START	1633142419136
USER	Admins	START	1633142419175
REQUEST		PROG	1633142416614	1633142419188	OK	 
USER	Admins	START	1633142419216
USER	Admins	START	1633142419256
USER	Admins	START	1633142419295
USER	Admins	START	1633142419334
REQUEST		PROG	1633142412656	1633142419342	OK	 
REQUEST		PROG	1633142411055	1633142419346	OK	 
USER	Admins	END	1633142419351
USER	Admins	START	1633142419376
REQUEST		PROG	1633142416337	1633142419401	OK	 
USER	Admins	START	1633142419415
REQUEST		PROG	1633142412576	1633142419433	OK	 
USER	Admins	START	1633142419456
USER	Admins	START	1633142419494
USER	Admins	END	1633142419501
USER	Admins	END	1633142419505
USER	Admins	END	1633142419521
USER	Admins	END	1633142419526
USER	Admins	END	1633142419526
USER	Admins	END	1633142419529
USER	Admins	END	1633142419529
USER	Admins	START	1633142419536
USER	Admins	START	1633142419577
USER	Admins	START	1633142419616
REQUEST		PROG	1633142414095	1633142419619	OK	 
REQUEST		PROG	1633142416533	1633142419620	OK	 
USER	Admins	END	1633142419641
USER	Admins	START	1633142419656
USER	Admins	END	1633142419657
USER	Admins	END	1633142419660
USER	Admins	START	1633142419696
USER	Admins	END	1633142419702
USER	Admins	END	1633142419715
USER	Admins	END	1633142419715
USER	Admins	END	1633142419725
REQUEST		PROG	1633142411095	1633142419730	OK	 
REQUEST		PROG	1633142411015	1633142419730	OK	 
USER	Admins	END	1633142419734
USER	Admins	START	1633142419734
REQUEST		PROG	1633142406496	1633142419745	OK	 
REQUEST		PROG	1633142416973	1633142419749	OK	 
USER	Admins	START	1633142419776
REQUEST		PROG	1633142414456	1633142419801	OK	 
REQUEST		PROG	1633142410736	1633142419802	OK	 
USER	Admins	START	1633142419815
USER	Admins	START	1633142419856
REQUEST		PROG	1633142410976	1633142419892	OK	 
USER	Admins	START	1633142419896
USER	Admins	START	1633142419935
USER	Admins	START	1633142419974
USER	Admins	END	1633142419986
USER	Admins	END	1633142419986
REQUEST		PROG	1633142417253	1633142419994	OK	 
USER	Admins	END	1633142419995
USER	Admins	END	1633142419996
REQUEST		PROG	1633142411255	1633142419999	OK	 
USER	Admins	START	1633142420015
REQUEST		PROG	1633142417616	1633142420018	OK	 
USER	Admins	END	1633142420019
USER	Admins	END	1633142420024
USER	Admins	END	1633142420026
REQUEST		PROG	1633142412016	1633142420028	OK	 
REQUEST		PROG	1633142415095	1633142420029	OK	 
REQUEST		PROG	1633142417656	1633142420030	OK	 
USER	Admins	END	1633142420034
USER	Admins	END	1633142420041
USER	Admins	START	1633142420056
USER	Admins	START	1633142420095
USER	Admins	START	1633142420132
REQUEST		PROG	1633142417417	1633142420172	OK	 
USER	Admins	START	1633142420176
REQUEST		PROG	1633142412697	1633142420179	OK	 
REQUEST		PROG	1633142411494	1633142420179	OK	 
REQUEST		PROG	1633142412937	1633142420189	OK	 
USER	Admins	END	1633142420191
USER	Admins	START	1633142420215
USER	Admins	START	1633142420256
USER	Admins	START	1633142420294
USER	Admins	START	1633142420336
USER	Admins	END	1633142420343
USER	Admins	END	1633142420349
REQUEST		PROG	1633142413016	1633142420356	OK	 
USER	Admins	START	1633142420375
USER	Admins	END	1633142420403
REQUEST		PROG	1633142414976	1633142420416	OK	 
REQUEST		PROG	1633142413094	1633142420417	OK	 
USER	Admins	START	1633142420416
REQUEST		PROG	1633142411616	1633142420421	OK	 
REQUEST		PROG	1633142414616	1633142420421	OK	 
USER	Admins	END	1633142420435
USER	Admins	START	1633142420456
USER	Admins	START	1633142420496
USER	Admins	START	1633142420534
USER	Admins	START	1633142420576
USER	Admins	START	1633142420616
USER	Admins	END	1633142420623
USER	Admins	END	1633142420625
REQUEST		PROG	1633142412775	1633142420629	OK	 
REQUEST		PROG	1633142413377	1633142420630	OK	 
USER	Admins	START	1633142420656
USER	Admins	START	1633142420694
USER	Admins	END	1633142420735
USER	Admins	END	1633142420735
USER	Admins	START	1633142420735
USER	Admins	END	1633142420748
USER	Admins	END	1633142420754
USER	Admins	START	1633142420776
USER	Admins	END	1633142420806
USER	Admins	END	1633142420806
REQUEST		PROG	1633142418176	1633142420815	OK	 
USER	Admins	START	1633142420815
REQUEST		PROG	1633142413616	1633142420819	OK	 
USER	Admins	START	1633142420855
USER	Admins	START	1633142420896
USER	Admins	END	1633142420897
USER	Admins	START	1633142420934
USER	Admins	START	1633142420976
REQUEST		PROG	1633142418056	1633142420979	OK	 
USER	Admins	END	1633142421000
USER	Admins	END	1633142421004
USER	Admins	START	1633142421012
USER	Admins	END	1633142421024
USER	Admins	END	1633142421034
USER	Admins	END	1633142421034
USER	Admins	END	1633142421035
REQUEST		PROG	1633142413496	1633142421051	OK	 
USER	Admins	START	1633142421055
USER	Admins	START	1633142421096
USER	Admins	START	1633142421136
REQUEST		PROG	1633142415817	1633142421159	OK	 
REQUEST		PROG	1633142412334	1633142421160	OK	 
REQUEST		PROG	1633142418016	1633142421161	OK	 
USER	Admins	START	1633142421175
USER	Admins	END	1633142421178
USER	Admins	END	1633142421184
USER	Admins	END	1633142421184
REQUEST		PROG	1633142418096	1633142421194	OK	 
USER	Admins	END	1633142421194
REQUEST		PROG	1633142412535	1633142421212	OK	 
USER	Admins	START	1633142421213
USER	Admins	START	1633142421256
USER	Admins	START	1633142421296
USER	Admins	START	1633142421336
USER	Admins	END	1633142421360
USER	Admins	START	1633142421376
USER	Admins	START	1633142421412
USER	Admins	END	1633142421421
USER	Admins	END	1633142421421
REQUEST		PROG	1633142418256	1633142421422	OK	 
REQUEST		PROG	1633142411415	1633142421422	OK	 
USER	Admins	END	1633142421425
USER	Admins	END	1633142421425
REQUEST		PROG	1633142418296	1633142421426	OK	 
REQUEST		PROG	1633142418537	1633142421432	OK	 
REQUEST		PROG	1633142413893	1633142421437	OK	 
USER	Admins	START	1633142421456
USER	Admins	START	1633142421496
USER	Admins	START	1633142421534
USER	Admins	START	1633142421574
REQUEST		PROG	1633142414134	1633142421599	OK	 
USER	Admins	START	1633142421615
REQUEST		PROG	1633142414256	1633142421617	OK	 
REQUEST		PROG	1633142415575	1633142421618	OK	 
USER	Admins	END	1633142421630
USER	Admins	END	1633142421634
USER	Admins	START	1633142421655
USER	Admins	START	1633142421696
USER	Admins	START	1633142421735
REQUEST		PROG	1633142414496	1633142421768	OK	 
USER	Admins	START	1633142421776
USER	Admins	START	1633142421815
USER	Admins	END	1633142421820
USER	Admins	END	1633142421824
USER	Admins	START	1633142421856
REQUEST		PROG	1633142415975	1633142421868	OK	 
USER	Admins	START	1633142421894
USER	Admins	START	1633142421935
USER	Admins	END	1633142421984
USER	Admins	END	1633142422055
REQUEST		PROG	1633142414695	1633142422066	OK	 
REQUEST		PROG	1633142418417	1633142422074	OK	 
REQUEST		PROG	1633142418656	1633142422074	OK	 
REQUEST		PROG	1633142402622	1633142422087	OK	 
REQUEST		PROG	1633142412176	1633142422087	OK	 
REQUEST		PROG	1633142414816	1633142422087	OK	 
USER	Admins	END	1633142422165
USER	Admins	END	1633142422165
USER	Admins	END	1633142422165
USER	Admins	END	1633142422201
USER	Admins	END	1633142422217
REQUEST		PROG	1633142419136	1633142422242	OK	 
REQUEST		PROG	1633142415136	1633142422253	OK	 
REQUEST		PROG	1633142418897	1633142422256	OK	 
REQUEST		PROG	1633142416294	1633142422260	OK	 
REQUEST		PROG	1633142412816	1633142422360	OK	 
REQUEST		PROG	1633142415214	1633142422361	OK	 
REQUEST		PROG	1633142415296	1633142422384	OK	 
REQUEST		PROG	1633142419334	1633142422384	OK	 
REQUEST		PROG	1633142419216	1633142422385	OK	 
REQUEST		PROG	1633142419175	1633142422426	OK	 
USER	Admins	END	1633142422429
USER	Admins	END	1633142422429
USER	Admins	END	1633142422432
USER	Admins	END	1633142422438
REQUEST		PROG	1633142413296	1633142422441	OK	 
USER	Admins	END	1633142422445
REQUEST		PROG	1633142416732	1633142422586	OK	 
USER	Admins	END	1633142422603
REQUEST		PROG	1633142412496	1633142422615	OK	 
USER	Admins	END	1633142422622
USER	Admins	END	1633142422623
USER	Admins	END	1633142422774
REQUEST		PROG	1633142416092	1633142422804	OK	 
USER	Admins	END	1633142422874
REQUEST		PROG	1633142419415	1633142422883	OK	 
REQUEST		PROG	1633142415536	1633142422883	OK	 
USER	Admins	END	1633142423070
USER	Admins	END	1633142423079
USER	Admins	END	1633142423079
USER	Admins	END	1633142423089
USER	Admins	END	1633142423091
USER	Admins	END	1633142423093
REQUEST		PROG	1633142419577	1633142423205	OK	 
REQUEST		PROG	1633142415415	1633142423205	OK	 
REQUEST		PROG	1633142415936	1633142423207	OK	 
REQUEST		PROG	1633142420215	1633142423228	OK	 
REQUEST		PROG	1633142416253	1633142423229	OK	 
REQUEST		PROG	1633142415735	1633142423230	OK	 
USER	Admins	END	1633142423247
USER	Admins	END	1633142423256
USER	Admins	END	1633142423260
USER	Admins	END	1633142423266
USER	Admins	END	1633142423365
USER	Admins	END	1633142423366
USER	Admins	END	1633142423390
USER	Admins	END	1633142423390
USER	Admins	END	1633142423390
REQUEST		PROG	1633142420294	1633142423410	OK	 
REQUEST		PROG	1633142415856	1633142423411	OK	 
USER	Admins	END	1633142423432
USER	Admins	END	1633142423448
REQUEST		PROG	1633142420056	1633142423532	OK	 
REQUEST		PROG	1633142416174	1633142423533	OK	 
REQUEST		PROG	1633142420616	1633142423565	OK	 
REQUEST		PROG	1633142420736	1633142423566	OK	 
REQUEST		PROG	1633142416134	1633142423569	OK	 
USER	Admins	END	1633142423592
USER	Admins	END	1633142423620
REQUEST		PROG	1633142416492	1633142423802	OK	 
USER	Admins	END	1633142423810
REQUEST		PROG	1633142416414	1633142423827	OK	 
USER	Admins	END	1633142423886
USER	Admins	END	1633142423889
REQUEST		PROG	1633142417175	1633142424000	OK	 
REQUEST		PROG	1633142403618	1633142424000	OK	 
REQUEST		PROG	1633142409255	1633142424130	OK	 
REQUEST		PROG	1633142420375	1633142424132	OK	 
USER	Admins	END	1633142424211
USER	Admins	END	1633142424211
USER	Admins	END	1633142424212
USER	Admins	END	1633142424233
USER	Admins	END	1633142424234
USER	Admins	END	1633142424234
USER	Admins	END	1633142424415
USER	Admins	END	1633142424416
REQUEST		PROG	1633142421336	1633142424472	OK	 
REQUEST		PROG	1633142412976	1633142424471	OK	 
REQUEST		PROG	1633142417215	1633142424484	OK	 
REQUEST		PROG	1633142421412	1633142424485	OK	 
REQUEST		PROG	1633142421534	1633142424486	OK	 
REQUEST		PROG	1633142421735	1633142424487	OK	 
USER	Admins	END	1633142424537
USER	Admins	END	1633142424539
USER	Admins	END	1633142424570
USER	Admins	END	1633142424570
USER	Admins	END	1633142424574
REQUEST		PROG	1633142421055	1633142424669	OK	 
REQUEST		PROG	1633142417496	1633142424695	OK	 
REQUEST		PROG	1633142417337	1633142424696	OK	 
USER	Admins	END	1633142424807
REQUEST		PROG	1633142414736	1633142424809	OK	 
USER	Admins	END	1633142424833
REQUEST		PROG	1633142416893	1633142424910	OK	 
REQUEST		PROG	1633142417696	1633142424916	OK	 
REQUEST		PROG	1633142416653	1633142424944	OK	 
USER	Admins	END	1633142425005
USER	Admins	END	1633142425005
USER	Admins	END	1633142425136
USER	Admins	END	1633142425136
REQUEST		PROG	1633142417815	1633142425150	OK	 
REQUEST		PROG	1633142413416	1633142425152	OK	 
REQUEST		PROG	1633142417094	1633142425159	OK	 
REQUEST		PROG	1633142417856	1633142425161	OK	 
REQUEST		PROG	1633142413776	1633142425161	OK	 
REQUEST		PROG	1633142410215	1633142425311	OK	 
REQUEST		PROG	1633142416814	1633142425311	OK	 
REQUEST		PROG	1633142414015	1633142425312	OK	 
REQUEST		PROG	1633142417896	1633142425346	OK	 
REQUEST		PROG	1633142414055	1633142425347	OK	 
REQUEST		PROG	1633142413736	1633142425348	OK	 
USER	Admins	END	1633142425478
USER	Admins	END	1633142425478
USER	Admins	END	1633142425490
USER	Admins	END	1633142425490
USER	Admins	END	1633142425491
USER	Admins	END	1633142425492
REQUEST		PROG	1633142417295	1633142425550	OK	 
USER	Admins	END	1633142425675
USER	Admins	END	1633142425701
USER	Admins	END	1633142425701
REQUEST		PROG	1633142416852	1633142425733	OK	 
REQUEST		PROG	1633142418815	1633142425747	OK	 
REQUEST		PROG	1633142418215	1633142425748	OK	 
REQUEST		PROG	1633142414296	1633142425794	OK	 
REQUEST		PROG	1633142417977	1633142425796	OK	 
USER	Admins	END	1633142425815
REQUEST		PROG	1633142418577	1633142425899	OK	 
REQUEST		PROG	1633142418496	1633142425904	OK	 
REQUEST		PROG	1633142418615	1633142425905	OK	 
REQUEST		PROG	1633142417936	1633142425906	OK	 
USER	Admins	END	1633142425916
USER	Admins	END	1633142425922
USER	Admins	END	1633142425948
REQUEST		PROG	1633142418375	1633142426067	OK	 
REQUEST		PROG	1633142414775	1633142426068	OK	 
REQUEST		PROG	1633142419015	1633142426069	OK	 
REQUEST		PROG	1633142419094	1633142426117	OK	 
USER	Admins	END	1633142426156
USER	Admins	END	1633142426158
USER	Admins	END	1633142426165
USER	Admins	END	1633142426166
USER	Admins	END	1633142426166
REQUEST		PROG	1633142419056	1633142426282	OK	 
REQUEST		PROG	1633142412616	1633142426283	OK	 
REQUEST		PROG	1633142418736	1633142426283	OK	 
USER	Admins	END	1633142426317
USER	Admins	END	1633142426317
USER	Admins	END	1633142426317
USER	Admins	END	1633142426350
USER	Admins	END	1633142426354
USER	Admins	END	1633142426355
REQUEST		PROG	1633142415015	1633142426435	OK	 
REQUEST		PROG	1633142413937	1633142426436	OK	 
USER	Admins	END	1633142426556
REQUEST		PROG	1633142419256	1633142426573	OK	 
REQUEST		PROG	1633142419494	1633142426573	OK	 
REQUEST		PROG	1633142418934	1633142426705	OK	 
REQUEST		PROG	1633142419296	1633142426705	OK	 
USER	Admins	END	1633142426736
USER	Admins	END	1633142426750
USER	Admins	END	1633142426753
REQUEST		PROG	1633142415056	1633142426794	OK	 
USER	Admins	END	1633142426796
USER	Admins	END	1633142426801
REQUEST		PROG	1633142414894	1633142426822	OK	 
REQUEST		PROG	1633142414937	1633142426824	OK	 
USER	Admins	END	1633142426904
USER	Admins	END	1633142426910
USER	Admins	END	1633142426910
USER	Admins	END	1633142426911
REQUEST		PROG	1633142414576	1633142426924	OK	 
REQUEST		PROG	1633142419616	1633142426926	OK	 
REQUEST		PROG	1633142419815	1633142426975	OK	 
REQUEST		PROG	1633142419456	1633142426977	OK	 
USER	Admins	END	1633142427072
USER	Admins	END	1633142427074
USER	Admins	END	1633142427076
USER	Admins	END	1633142427124
REQUEST		PROG	1633142419656	1633142427283	OK	 
REQUEST		PROG	1633142419376	1633142427284	OK	 
USER	Admins	END	1633142427287
USER	Admins	END	1633142427289
USER	Admins	END	1633142427289
USER	Admins	END	1633142427440
USER	Admins	END	1633142427441
REQUEST		PROG	1633142419975	1633142427455	OK	 
REQUEST		PROG	1633142419936	1633142427455	OK	 
REQUEST		PROG	1633142419856	1633142427457	OK	 
REQUEST		PROG	1633142415655	1633142427563	OK	 
REQUEST		PROG	1633142420176	1633142427564	OK	 
REQUEST		PROG	1633142419735	1633142427566	OK	 
USER	Admins	END	1633142427575
REQUEST		PROG	1633142415175	1633142427575	OK	 
USER	Admins	END	1633142427579
USER	Admins	END	1633142427709
USER	Admins	END	1633142427710
REQUEST		PROG	1633142420417	1633142427750	OK	 
REQUEST		PROG	1633142420816	1633142427751	OK	 
USER	Admins	END	1633142427795
REQUEST		PROG	1633142419776	1633142427795	OK	 
USER	Admins	END	1633142427828
USER	Admins	END	1633142427829
USER	Admins	END	1633142427931
USER	Admins	END	1633142427932
USER	Admins	END	1633142427979
USER	Admins	END	1633142427982
REQUEST		PROG	1633142420695	1633142428004	OK	 
REQUEST		PROG	1633142416374	1633142428205	OK	 
REQUEST		PROG	1633142420777	1633142428205	OK	 
REQUEST		PROG	1633142415776	1633142428231	OK	 
REQUEST		PROG	1633142420016	1633142428232	OK	 
REQUEST		PROG	1633142416215	1633142428232	OK	 
USER	Admins	END	1633142428288
USER	Admins	END	1633142428290
USER	Admins	END	1633142428458
USER	Admins	END	1633142428460
USER	Admins	END	1633142428462
USER	Admins	END	1633142428570
USER	Admins	END	1633142428570
USER	Admins	END	1633142428570
USER	Admins	END	1633142428578
REQUEST		PROG	1633142416014	1633142428615	OK	 
USER	Admins	END	1633142428755
USER	Admins	END	1633142428756
REQUEST		PROG	1633142421496	1633142428793	OK	 
REQUEST		PROG	1633142420576	1633142428794	OK	 
USER	Admins	END	1633142428798
REQUEST		PROG	1633142420535	1633142428877	OK	 
REQUEST		PROG	1633142421456	1633142428879	OK	 
REQUEST		PROG	1633142416697	1633142428879	OK	 
REQUEST		PROG	1633142420133	1633142428905	OK	 
REQUEST		PROG	1633142421296	1633142428949	OK	 
REQUEST		PROG	1633142420656	1633142428949	OK	 
USER	Admins	END	1633142429009
USER	Admins	END	1633142429210
USER	Admins	END	1633142429210
USER	Admins	END	1633142429236
USER	Admins	END	1633142429236
USER	Admins	END	1633142429237
REQUEST		PROG	1633142420496	1633142429272	OK	 
REQUEST		PROG	1633142416772	1633142429272	OK	 
REQUEST		PROG	1633142416453	1633142429272	OK	 
REQUEST		PROG	1633142421696	1633142429479	OK	 
REQUEST		PROG	1633142409015	1633142429480	OK	 
USER	Admins	END	1633142429621
REQUEST		PROG	1633142416934	1633142429704	OK	 
REQUEST		PROG	1633142420896	1633142429728	OK	 
REQUEST		PROG	1633142421096	1633142429794	OK	 
REQUEST		PROG	1633142420976	1633142429794	OK	 
USER	Admins	END	1633142429798
USER	Admins	END	1633142429799
USER	Admins	END	1633142429883
USER	Admins	END	1633142429883
USER	Admins	END	1633142429884
USER	Admins	END	1633142429910
REQUEST		PROG	1633142417376	1633142429935	OK	 
REQUEST		PROG	1633142417012	1633142429935	OK	 
REQUEST		PROG	1633142421175	1633142429949	OK	 
REQUEST		PROG	1633142417456	1633142429949	OK	 
USER	Admins	END	1633142429949
USER	Admins	END	1633142429954
REQUEST		PROG	1633142421376	1633142430068	OK	 
REQUEST		PROG	1633142421936	1633142430069	OK	 
REQUEST		PROG	1633142421815	1633142430083	OK	 
REQUEST		PROG	1633142417054	1633142430085	OK	 
USER	Admins	END	1633142430276
USER	Admins	END	1633142430277
USER	Admins	END	1633142430277
REQUEST		PROG	1633142421136	1633142430329	OK	 
REQUEST		PROG	1633142417536	1633142430331	OK	 
REQUEST		PROG	1633142417134	1633142430332	OK	 
USER	Admins	END	1633142430484
USER	Admins	END	1633142430485
REQUEST		PROG	1633142417734	1633142430505	OK	 
REQUEST		PROG	1633142417576	1633142430623	OK	 
USER	Admins	END	1633142430709
USER	Admins	END	1633142430734
USER	Admins	END	1633142430799
USER	Admins	END	1633142430799
REQUEST		PROG	1633142416056	1633142430806	OK	 
REQUEST		PROG	1633142418134	1633142430839	OK	 
REQUEST		PROG	1633142417776	1633142430841	OK	 
USER	Admins	END	1633142430940
USER	Admins	END	1633142430941
USER	Admins	END	1633142430955
USER	Admins	END	1633142430955
REQUEST		PROG	1633142418455	1633142431035	OK	 
USER	Admins	END	1633142431073
USER	Admins	END	1633142431073
USER	Admins	END	1633142431089
USER	Admins	END	1633142431090
USER	Admins	END	1633142431335
USER	Admins	END	1633142431336
USER	Admins	END	1633142431337
REQUEST		PROG	1633142418855	1633142431499	OK	 
USER	Admins	END	1633142431510
REQUEST		PROG	1633142418777	1633142431617	OK	 
REQUEST		PROG	1633142418694	1633142431619	OK	 
USER	Admins	END	1633142431629
REQUEST		PROG	1633142418336	1633142431792	OK	 
REQUEST		PROG	1633142418976	1633142431793	OK	 
USER	Admins	END	1633142431809
USER	Admins	END	1633142431844
USER	Admins	END	1633142431846
USER	Admins	END	1633142432040
REQUEST		PROG	1633142419696	1633142432152	OK	 
USER	Admins	END	1633142432506
USER	Admins	END	1633142432622
USER	Admins	END	1633142432622
REQUEST		PROG	1633142419536	1633142432792	OK	 
USER	Admins	END	1633142432796
USER	Admins	END	1633142432798
REQUEST		PROG	1633142420095	1633142433030	OK	 
REQUEST		PROG	1633142420256	1633142433031	OK	 
USER	Admins	END	1633142433157
REQUEST		PROG	1633142420336	1633142433241	OK	 
REQUEST		PROG	1633142419896	1633142433241	OK	 
REQUEST		PROG	1633142420855	1633142433267	OK	 
REQUEST		PROG	1633142421012	1633142433584	OK	 
REQUEST		PROG	1633142421256	1633142433585	OK	 
REQUEST		PROG	1633142420934	1633142433790	OK	 
USER	Admins	END	1633142433798
USER	Admins	END	1633142434036
USER	Admins	END	1633142434036
REQUEST		PROG	1633142420456	1633142434149	OK	 
REQUEST		PROG	1633142421575	1633142434151	OK	 
USER	Admins	END	1633142434245
USER	Admins	END	1633142434247
USER	Admins	END	1633142434272
REQUEST		PROG	1633142421214	1633142434384	OK	 
REQUEST		PROG	1633142421776	1633142434391	OK	 
USER	Admins	END	1633142434590
USER	Admins	END	1633142434591
USER	Admins	END	1633142434794
REQUEST		PROG	1633142421656	1633142434934	OK	 
REQUEST		PROG	1633142421895	1633142435074	OK	 
REQUEST		PROG	1633142421616	1633142435074	OK	 
REQUEST		PROG	1633142408377	1633142435074	OK	 
USER	Admins	END	1633142435154
USER	Admins	END	1633142435156
REQUEST		PROG	1633142421856	1633142435244	OK	 
USER	Admins	END	1633142435387
USER	Admins	END	1633142435395
USER	Admins	END	1633142435938
USER	Admins	END	1633142436079
USER	Admins	END	1633142436079
USER	Admins	END	1633142436079
USER	Admins	END	1633142436250
