RUN	com.gatling.simulations.Products	products	1626453002341	 	3.5.1
USER	Admins	START	1626453004745
USER	Admins	START	1626453004772
USER	Admins	START	1626453004801
USER	Admins	START	1626453004831
USER	Admins	START	1626453004861
USER	Admins	START	1626453004890
USER	Admins	START	1626453004916
USER	Admins	START	1626453004949
USER	Admins	START	1626453004980
USER	Admins	START	1626453005008
USER	Admins	START	1626453005039
USER	Admins	START	1626453005067
USER	Admins	START	1626453005097
USER	Admins	START	1626453005128
USER	Admins	START	1626453005158
USER	Admins	START	1626453005185
USER	Admins	START	1626453005212
USER	Admins	START	1626453005246
USER	Admins	START	1626453005272
USER	Admins	START	1626453005304
USER	Admins	START	1626453005333
USER	Admins	START	1626453005364
USER	Admins	START	1626453005390
USER	Admins	START	1626453005423
USER	Admins	START	1626453005452
USER	Admins	START	1626453005478
USER	Admins	START	1626453005511
USER	Admins	START	1626453005542
USER	Admins	START	1626453005571
USER	Admins	START	1626453005600
USER	Admins	START	1626453005630
USER	Admins	START	1626453005656
USER	Admins	START	1626453005687
USER	Admins	START	1626453005718
USER	Admins	START	1626453005748
USER	Admins	START	1626453005769
USER	Admins	START	1626453005800
USER	Admins	START	1626453005830
USER	Admins	START	1626453005857
USER	Admins	START	1626453005891
USER	Admins	START	1626453005917
USER	Admins	START	1626453005950
USER	Admins	START	1626453005981
REQUEST		Search-filters	1626453004801	1626453005990	OK	 
REQUEST		Search-filters	1626453004765	1626453006012	OK	 
REQUEST		Search-filters	1626453004772	1626453006013	OK	 
USER	Admins	START	1626453006012
USER	Admins	START	1626453006044
REQUEST		Search-filters	1626453004832	1626453006053	OK	 
USER	Admins	START	1626453006072
REQUEST		Search-filters	1626453004861	1626453006094	OK	 
USER	Admins	START	1626453006099
REQUEST		Search-filters	1626453004890	1626453006114	OK	 
USER	Admins	START	1626453006133
REQUEST		Search-filters	1626453004949	1626453006147	OK	 
USER	Admins	START	1626453006164
REQUEST		Search-filters	1626453004916	1626453006182	OK	 
USER	Admins	START	1626453006194
REQUEST		Search-filters	1626453005008	1626453006195	OK	 
REQUEST		Search-filters	1626453004981	1626453006197	OK	 
USER	Admins	START	1626453006222
REQUEST		Search-filters	1626453005039	1626453006250	OK	 
USER	Admins	START	1626453006254
REQUEST		Search-filters	1626453005067	1626453006257	OK	 
USER	Admins	START	1626453006286
USER	Admins	START	1626453006315
REQUEST		Search-filters	1626453005212	1626453006336	OK	 
REQUEST		Search-filters	1626453005128	1626453006336	OK	 
USER	Admins	START	1626453006347
USER	Admins	START	1626453006377
USER	Admins	START	1626453006408
REQUEST		Search-filters	1626453005305	1626453006436	OK	 
USER	Admins	START	1626453006438
REQUEST		Search-filters	1626453005185	1626453006440	OK	 
REQUEST		Search-filters	1626453005159	1626453006440	OK	 
REQUEST		Search-filters	1626453005246	1626453006455	OK	 
USER	Admins	START	1626453006469
REQUEST		Search-filters	1626453005098	1626453006470	OK	 
USER	Admins	START	1626453006499
REQUEST		Search-filters	1626453005273	1626453006507	OK	 
USER	Admins	START	1626453006525
REQUEST		Search-filters	1626453005333	1626453006545	OK	 
USER	Admins	START	1626453006557
USER	Admins	START	1626453006590
USER	Admins	START	1626453006621
REQUEST		Search-filters	1626453005453	1626453006628	OK	 
REQUEST		Search-filters	1626453005478	1626453006628	OK	 
USER	Admins	START	1626453006647
REQUEST		Search-filters	1626453005364	1626453006649	OK	 
REQUEST		Search-filters	1626453005542	1626453006662	OK	 
USER	Admins	START	1626453006677
REQUEST		Search-filters	1626453005572	1626453006702	OK	 
USER	Admins	START	1626453006709
REQUEST		Search-filters	1626453005424	1626453006727	OK	 
USER	Admins	START	1626453006739
REQUEST		Search-filters	1626453005390	1626453006752	OK	 
USER	Admins	START	1626453006771
REQUEST		Search-filters	1626453005512	1626453006774	OK	 
REQUEST		Search-filters	1626453005600	1626453006792	OK	 
REQUEST		Filtered-products	1626453006094	1626453006790	KO	status.find.in(200,201,202,203,204,205,206,207,208,209,304), found 500
USER	Admins	END	1626453006794
USER	Admins	START	1626453006800
USER	Admins	START	1626453006830
USER	Admins	START	1626453006859
USER	Admins	START	1626453006891
REQUEST		Search-filters	1626453005657	1626453006894	OK	 
REQUEST		Filtered-products	1626453006629	1626453006912	KO	status.find.in(200,201,202,203,204,205,206,207,208,209,304), found 500
USER	Admins	END	1626453006913
REQUEST		Search-filters	1626453005718	1626453006917	OK	 
USER	Admins	START	1626453006920
REQUEST		Search-filters	1626453005631	1626453006932	OK	 
USER	Admins	START	1626453006953
USER	Admins	START	1626453006979
REQUEST		Filtered-products	1626453006545	1626453006988	KO	status.find.in(200,201,202,203,204,205,206,207,208,209,304), found 500
USER	Admins	END	1626453006989
REQUEST		Search-filters	1626453005769	1626453007001	OK	 
USER	Admins	START	1626453007010
REQUEST		Search-filters	1626453005800	1626453007037	OK	 
USER	Admins	START	1626453007039
REQUEST		Filtered-products	1626453006507	1626453007047	KO	status.find.in(200,201,202,203,204,205,206,207,208,209,304), found 500
USER	Admins	END	1626453007048
REQUEST		Search-filters	1626453005687	1626453007050	OK	 
REQUEST		Search-filters	1626453005830	1626453007070	OK	 
USER	Admins	START	1626453007073
REQUEST		Search-filters	1626453005950	1626453007079	OK	 
REQUEST		Search-filters	1626453005748	1626453007089	OK	 
USER	Admins	START	1626453007101
USER	Admins	START	1626453007134
REQUEST		Search-filters	1626453005917	1626453007157	OK	 
REQUEST		Search-filters	1626453005891	1626453007158	OK	 
USER	Admins	START	1626453007165
REQUEST		Filtered-products	1626453006471	1626453007171	KO	status.find.in(200,201,202,203,204,205,206,207,208,209,304), found 500
USER	Admins	END	1626453007171
REQUEST		Search-filters	1626453006044	1626453007173	OK	 
REQUEST		Search-filters	1626453005858	1626453007189	OK	 
USER	Admins	START	1626453007196
USER	Admins	START	1626453007225
REQUEST		Filtered-products	1626453006440	1626453007248	KO	status.find.in(200,201,202,203,204,205,206,207,208,209,304), found 500
REQUEST		Search-filters	1626453006013	1626453007249	OK	 
USER	Admins	END	1626453007249
USER	Admins	START	1626453007256
REQUEST		Search-filters	1626453006099	1626453007275	OK	 
USER	Admins	START	1626453007285
REQUEST		Filtered-products	1626453006436	1626453007291	KO	status.find.in(200,201,202,203,204,205,206,207,208,209,304), found 500
USER	Admins	END	1626453007293
REQUEST		Search-filters	1626453006133	1626453007296	OK	 
USER	Admins	START	1626453007316
REQUEST		Search-filters	1626453005982	1626453007332	OK	 
USER	Admins	START	1626453007347
REQUEST		Filtered-products	1626453006455	1626453007348	KO	status.find.in(200,201,202,203,204,205,206,207,208,209,304), found 500
USER	Admins	END	1626453007348
USER	Admins	START	1626453007378
REQUEST		Search-filters	1626453006164	1626453007394	OK	 
USER	Admins	START	1626453007406
REQUEST		Filtered-products	1626453006440	1626453007410	KO	status.find.in(200,201,202,203,204,205,206,207,208,209,304), found 500
USER	Admins	END	1626453007410
REQUEST		Search-filters	1626453006286	1626453007415	OK	 
REQUEST		Search-filters	1626453006072	1626453007430	OK	 
USER	Admins	START	1626453007435
REQUEST		Filtered-products	1626453006337	1626453007444	KO	status.find.in(200,201,202,203,204,205,206,207,208,209,304), found 500
USER	Admins	END	1626453007444
USER	Admins	START	1626453007467
REQUEST		Search-filters	1626453006194	1626453007472	OK	 
USER	Admins	START	1626453007496
USER	Admins	START	1626453007528
REQUEST		Filtered-products	1626453006337	1626453007535	KO	status.find.in(200,201,202,203,204,205,206,207,208,209,304), found 500
USER	Admins	END	1626453007536
USER	Admins	START	1626453007560
REQUEST		Search-filters	1626453006377	1626453007563	OK	 
USER	Admins	START	1626453007585
REQUEST		Search-filters	1626453006222	1626453007589	OK	 
REQUEST		Search-filters	1626453006254	1626453007596	OK	 
USER	Admins	START	1626453007617
REQUEST		Search-filters	1626453006438	1626453007621	OK	 
REQUEST		Search-filters	1626453006469	1626453007621	OK	 
USER	Admins	START	1626453007649
REQUEST		Filtered-products	1626453006257	1626453007656	KO	status.find.in(200,201,202,203,204,205,206,207,208,209,304), found 500
USER	Admins	END	1626453007656
REQUEST		Search-filters	1626453006408	1626453007666	OK	 
USER	Admins	START	1626453007681
REQUEST		Search-filters	1626453006525	1626453007693	OK	 
USER	Admins	START	1626453007711
REQUEST		Search-filters	1626453006557	1626453007719	OK	 
REQUEST		Filtered-products	1626453006251	1626453007723	KO	status.find.in(200,201,202,203,204,205,206,207,208,209,304), found 500
USER	Admins	END	1626453007724
REQUEST		Search-filters	1626453006347	1626453007739	OK	 
USER	Admins	START	1626453007741
REQUEST		Search-filters	1626453006499	1626453007760	OK	 
USER	Admins	START	1626453007764
REQUEST		Search-filters	1626453006315	1626453007774	OK	 
REQUEST		Search-filters	1626453006621	1626453007775	OK	 
USER	Admins	START	1626453007794
REQUEST		Search-filters	1626453006647	1626453007799	OK	 
REQUEST		Search-filters	1626453006710	1626453007825	OK	 
USER	Admins	START	1626453007827
USER	Admins	START	1626453007853
REQUEST		Search-filters	1626453006591	1626453007866	OK	 
USER	Admins	START	1626453007885
REQUEST		Search-filters	1626453006678	1626453007897	OK	 
REQUEST		Filtered-products	1626453006198	1626453007906	KO	status.find.in(200,201,202,203,204,205,206,207,208,209,304), found 500
USER	Admins	END	1626453007906
USER	Admins	START	1626453007913
USER	Admins	START	1626453007945
REQUEST		Search-filters	1626453006800	1626453007967	OK	 
USER	Admins	START	1626453007975
REQUEST		Search-filters	1626453006739	1626453007992	OK	 
USER	Admins	START	1626453008004
REQUEST		Search-filters	1626453006859	1626453008012	OK	 
REQUEST		Search-filters	1626453006771	1626453008021	OK	 
REQUEST		Filtered-products	1626453006182	1626453008029	KO	status.find.in(200,201,202,203,204,205,206,207,208,209,304), found 500
USER	Admins	END	1626453008029
USER	Admins	START	1626453008035
USER	Admins	START	1626453008061
REQUEST		Search-filters	1626453006892	1626453008071	OK	 
REQUEST		Search-filters	1626453006920	1626453008072	OK	 
REQUEST		Search-filters	1626453006830	1626453008074	OK	 
USER	Admins	START	1626453008092
USER	Admins	START	1626453008122
USER	Admins	START	1626453008150
REQUEST		Filtered-products	1626453006196	1626453008176	KO	status.find.in(200,201,202,203,204,205,206,207,208,209,304), found 500
USER	Admins	END	1626453008176
USER	Admins	START	1626453008177
USER	Admins	START	1626453008210
REQUEST		Search-filters	1626453006979	1626453008215	OK	 
USER	Admins	START	1626453008236
REQUEST		Search-filters	1626453007010	1626453008248	OK	 
USER	Admins	START	1626453008270
USER	Admins	START	1626453008295
REQUEST		Filtered-products	1626453006114	1626453008310	KO	status.find.in(200,201,202,203,204,205,206,207,208,209,304), found 500
REQUEST		Search-filters	1626453006953	1626453008310	OK	 
REQUEST		Search-filters	1626453007101	1626453008310	OK	 
USER	Admins	END	1626453008312
REQUEST		Search-filters	1626453007039	1626453008313	OK	 
REQUEST		Search-filters	1626453007166	1626453008316	OK	 
USER	Admins	START	1626453008330
REQUEST		Filtered-products	1626453006148	1626453008342	KO	status.find.in(200,201,202,203,204,205,206,207,208,209,304), found 500
USER	Admins	END	1626453008342
USER	Admins	START	1626453008355
USER	Admins	START	1626453008387
USER	Admins	START	1626453008418
REQUEST		Search-filters	1626453007073	1626453008429	OK	 
REQUEST		Search-filters	1626453007196	1626453008431	OK	 
USER	Admins	START	1626453008443
REQUEST		Filtered-products	1626453006013	1626453008468	KO	status.find.in(200,201,202,203,204,205,206,207,208,209,304), found 500
USER	Admins	END	1626453008469
REQUEST		Search-filters	1626453007256	1626453008471	OK	 
REQUEST		Search-filters	1626453007316	1626453008476	OK	 
USER	Admins	START	1626453008477
USER	Admins	START	1626453008505
REQUEST		Search-filters	1626453007134	1626453008512	OK	 
USER	Admins	START	1626453008531
USER	Admins	START	1626453008564
REQUEST		Search-filters	1626453007406	1626453008583	OK	 
REQUEST		Search-filters	1626453007435	1626453008583	OK	 
USER	Admins	START	1626453008595
USER	Admins	START	1626453008620
USER	Admins	START	1626453008651
REQUEST		Search-filters	1626453007285	1626453008652	OK	 
USER	Admins	START	1626453008683
REQUEST		Search-filters	1626453007467	1626453008698	OK	 
REQUEST		Search-filters	1626453007378	1626453008698	OK	 
REQUEST		Search-filters	1626453007528	1626453008699	OK	 
USER	Admins	START	1626453008711
REQUEST		Search-filters	1626453007347	1626453008718	OK	 
REQUEST		Search-filters	1626453007225	1626453008722	OK	 
USER	Admins	START	1626453008739
REQUEST		Search-filters	1626453007560	1626453008742	OK	 
USER	Admins	START	1626453008767
REQUEST		Filtered-products	1626453006013	1626453008788	KO	status.find.in(200,201,202,203,204,205,206,207,208,209,304), found 500
REQUEST		Search-filters	1626453007617	1626453008788	OK	 
REQUEST		Search-filters	1626453007586	1626453008788	OK	 
USER	Admins	END	1626453008789
USER	Admins	START	1626453008801
REQUEST		Search-filters	1626453007650	1626453008820	OK	 
REQUEST		Filtered-products	1626453006054	1626453008820	KO	status.find.in(200,201,202,203,204,205,206,207,208,209,304), found 500
REQUEST		Filtered-products	1626453006000	1626453008820	KO	status.find.in(200,201,202,203,204,205,206,207,208,209,304), found 500
USER	Admins	END	1626453008821
USER	Admins	END	1626453008821
USER	Admins	START	1626453008831
REQUEST		Search-filters	1626453007497	1626453008853	OK	 
USER	Admins	START	1626453008860
USER	Admins	START	1626453008888
USER	Admins	START	1626453008920
REQUEST		Search-filters	1626453007741	1626453008924	OK	 
REQUEST		Filtered-products	1626453008311	1626453008928	KO	status.find.in(200,201,202,203,204,205,206,207,208,209,304), found 500
USER	Admins	END	1626453008928
REQUEST		Search-filters	1626453007711	1626453008942	OK	 
USER	Admins	START	1626453008948
USER	Admins	START	1626453008980
REQUEST		Search-filters	1626453007795	1626453009008	OK	 
USER	Admins	START	1626453009010
REQUEST		Filtered-products	1626453008471	1626453009016	KO	status.find.in(200,201,202,203,204,205,206,207,208,209,304), found 500
USER	Admins	END	1626453009017
REQUEST		Search-filters	1626453007764	1626453009034	OK	 
USER	Admins	START	1626453009043
REQUEST		Search-filters	1626453007681	1626453009069	OK	 
USER	Admins	START	1626453009073
REQUEST		Search-filters	1626453007913	1626453009085	OK	 
REQUEST		Search-filters	1626453007827	1626453009100	OK	 
USER	Admins	START	1626453009100
REQUEST		Filtered-products	1626453008477	1626453009109	KO	status.find.in(200,201,202,203,204,205,206,207,208,209,304), found 500
USER	Admins	END	1626453009109
REQUEST		Search-filters	1626453007853	1626453009129	OK	 
USER	Admins	START	1626453009131
REQUEST		Search-filters	1626453007945	1626453009149	OK	 
REQUEST		Search-filters	1626453008004	1626453009165	OK	 
USER	Admins	START	1626453009163
REQUEST		Search-filters	1626453007885	1626453009165	OK	 
REQUEST		Search-filters	1626453008035	1626453009166	OK	 
USER	Admins	START	1626453009192
REQUEST		Filtered-products	1626453008430	1626453009221	KO	status.find.in(200,201,202,203,204,205,206,207,208,209,304), found 500
USER	Admins	END	1626453009221
USER	Admins	START	1626453009223
REQUEST		Filtered-products	1626453008317	1626453009241	KO	status.find.in(200,201,202,203,204,205,206,207,208,209,304), found 500
USER	Admins	END	1626453009242
USER	Admins	START	1626453009255
REQUEST		Search-filters	1626453008093	1626453009270	OK	 
USER	Admins	START	1626453009285
REQUEST		Filtered-products	1626453008431	1626453009305	KO	status.find.in(200,201,202,203,204,205,206,207,208,209,304), found 500
USER	Admins	END	1626453009305
USER	Admins	START	1626453009315
REQUEST		Search-filters	1626453008061	1626453009327	OK	 
REQUEST		Search-filters	1626453008150	1626453009327	OK	 
REQUEST		Search-filters	1626453007976	1626453009330	OK	 
USER	Admins	START	1626453009347
REQUEST		Search-filters	1626453008122	1626453009361	OK	 
REQUEST		Search-filters	1626453008210	1626453009374	OK	 
USER	Admins	START	1626453009377
REQUEST		Filtered-products	1626453008314	1626453009395	KO	status.find.in(200,201,202,203,204,205,206,207,208,209,304), found 500
USER	Admins	END	1626453009395
USER	Admins	START	1626453009404
USER	Admins	START	1626453009437
REQUEST		Filtered-products	1626453008311	1626453009468	KO	status.find.in(200,201,202,203,204,205,206,207,208,209,304), found 500
USER	Admins	END	1626453009469
USER	Admins	START	1626453009468
REQUEST		Search-filters	1626453008237	1626453009476	OK	 
USER	Admins	START	1626453009497
REQUEST		Search-filters	1626453008330	1626453009504	OK	 
REQUEST		Search-filters	1626453008296	1626453009504	OK	 
USER	Admins	START	1626453009528
REQUEST		Search-filters	1626453008387	1626453009542	OK	 
REQUEST		Search-filters	1626453008355	1626453009544	OK	 
USER	Admins	START	1626453009555
REQUEST		Search-filters	1626453008177	1626453009577	OK	 
USER	Admins	START	1626453009589
REQUEST		Filtered-products	1626453008249	1626453009595	KO	status.find.in(200,201,202,203,204,205,206,207,208,209,304), found 500
USER	Admins	END	1626453009596
REQUEST		Search-filters	1626453008419	1626453009608	OK	 
REQUEST		Search-filters	1626453008443	1626453009609	OK	 
USER	Admins	START	1626453009619
REQUEST		Search-filters	1626453008477	1626453009635	OK	 
USER	Admins	START	1626453009650
USER	Admins	START	1626453009679
REQUEST		Search-filters	1626453008532	1626453009687	OK	 
REQUEST		Filtered-products	1626453008215	1626453009694	KO	status.find.in(200,201,202,203,204,205,206,207,208,209,304), found 500
USER	Admins	END	1626453009694
USER	Admins	START	1626453009709
REQUEST		Search-filters	1626453008564	1626453009726	OK	 
REQUEST		Search-filters	1626453008271	1626453009731	OK	 
USER	Admins	START	1626453009738
USER	Admins	START	1626453009767
USER	Admins	START	1626453009796
REQUEST		Filtered-products	1626453007867	1626453009800	KO	status.find.in(200,201,202,203,204,205,206,207,208,209,304), found 500
USER	Admins	END	1626453009801
REQUEST		Search-filters	1626453008505	1626453009830	OK	 
USER	Admins	START	1626453009831
REQUEST		Search-filters	1626453008595	1626453009831	OK	 
USER	Admins	START	1626453009858
REQUEST		Search-filters	1626453008621	1626453009862	OK	 
REQUEST		Search-filters	1626453008739	1626453009876	OK	 
USER	Admins	START	1626453009889
REQUEST		Search-filters	1626453008652	1626453009911	OK	 
USER	Admins	START	1626453009921
REQUEST		Search-filters	1626453008712	1626453009940	OK	 
USER	Admins	START	1626453009952
REQUEST		Filtered-products	1626453008074	1626453009955	KO	status.find.in(200,201,202,203,204,205,206,207,208,209,304), found 500
USER	Admins	END	1626453009956
REQUEST		Search-filters	1626453008683	1626453009970	OK	 
REQUEST		Search-filters	1626453008831	1626453009974	OK	 
USER	Admins	START	1626453009982
REQUEST		Filtered-products	1626453008073	1626453010007	KO	status.find.in(200,201,202,203,204,205,206,207,208,209,304), found 500
USER	Admins	END	1626453010007
USER	Admins	START	1626453010010
REQUEST		Search-filters	1626453008768	1626453010023	OK	 
USER	Admins	START	1626453010040
USER	Admins	START	1626453010072
REQUEST		Search-filters	1626453008888	1626453010090	OK	 
REQUEST		Search-filters	1626453008860	1626453010090	OK	 
USER	Admins	START	1626453010101
REQUEST		Search-filters	1626453008948	1626453010105	OK	 
REQUEST		Search-filters	1626453008920	1626453010105	OK	 
USER	Admins	START	1626453010130
REQUEST		Search-filters	1626453008980	1626453010132	OK	 
REQUEST		Search-filters	1626453008801	1626453010148	OK	 
USER	Admins	START	1626453010165
REQUEST		Filtered-products	1626453008021	1626453010167	KO	status.find.in(200,201,202,203,204,205,206,207,208,209,304), found 500
USER	Admins	END	1626453010168
USER	Admins	START	1626453010195
REQUEST		Filtered-products	1626453008072	1626453010213	KO	status.find.in(200,201,202,203,204,205,206,207,208,209,304), found 500
USER	Admins	END	1626453010213
USER	Admins	START	1626453010222
USER	Admins	START	1626453010253
USER	Admins	START	1626453010282
REQUEST		Search-filters	1626453009101	1626453010286	OK	 
REQUEST		Search-filters	1626453009164	1626453010304	OK	 
USER	Admins	START	1626453010314
REQUEST		Filtered-products	1626453007992	1626453010318	KO	status.find.in(200,201,202,203,204,205,206,207,208,209,304), found 500
USER	Admins	END	1626453010319
REQUEST		Search-filters	1626453009043	1626453010323	OK	 
REQUEST		Search-filters	1626453009074	1626453010336	OK	 
USER	Admins	START	1626453010348
REQUEST		Filtered-products	1626453008013	1626453010373	KO	status.find.in(200,201,202,203,204,205,206,207,208,209,304), found 500
USER	Admins	END	1626453010373
REQUEST		Search-filters	1626453009010	1626453010374	OK	 
USER	Admins	START	1626453010376
REQUEST		Search-filters	1626453009285	1626453010405	OK	 
USER	Admins	START	1626453010407
USER	Admins	START	1626453010435
REQUEST		Search-filters	1626453009131	1626453010447	OK	 
REQUEST		Search-filters	1626453009192	1626453010448	OK	 
USER	Admins	START	1626453010468
USER	Admins	START	1626453010499
REQUEST		Search-filters	1626453009316	1626453010514	OK	 
USER	Admins	START	1626453010527
REQUEST		Search-filters	1626453009255	1626453010532	OK	 
REQUEST		Search-filters	1626453009405	1626453010554	OK	 
USER	Admins	START	1626453010558
REQUEST		Search-filters	1626453009223	1626453010563	OK	 
REQUEST		Filtered-products	1626453007967	1626453010574	KO	status.find.in(200,201,202,203,204,205,206,207,208,209,304), found 500
USER	Admins	END	1626453010575
USER	Admins	START	1626453010588
REQUEST		Search-filters	1626453009469	1626453010596	OK	 
USER	Admins	START	1626453010618
USER	Admins	START	1626453010648
REQUEST		Filtered-products	1626453007826	1626453010653	KO	status.find.in(200,201,202,203,204,205,206,207,208,209,304), found 500
REQUEST		Search-filters	1626453009347	1626453010654	OK	 
USER	Admins	END	1626453010654
REQUEST		Search-filters	1626453009528	1626453010669	OK	 
USER	Admins	START	1626453010679
REQUEST		Search-filters	1626453009377	1626453010703	OK	 
USER	Admins	START	1626453010710
REQUEST		Search-filters	1626453009498	1626453010729	OK	 
REQUEST		Search-filters	1626453009437	1626453010736	OK	 
USER	Admins	START	1626453010741
USER	Admins	START	1626453010766
REQUEST		Search-filters	1626453009589	1626453010773	OK	 
REQUEST		Filtered-products	1626453007800	1626453010773	KO	status.find.in(200,201,202,203,204,205,206,207,208,209,304), found 500
USER	Admins	END	1626453010773
REQUEST		Search-filters	1626453009555	1626453010779	OK	 
USER	Admins	START	1626453010794
REQUEST		Filtered-products	1626453007898	1626453010804	KO	status.find.in(200,201,202,203,204,205,206,207,208,209,304), found 500
USER	Admins	END	1626453010804
USER	Admins	START	1626453010827
REQUEST		Filtered-products	1626453007621	1626453010836	KO	status.find.in(200,201,202,203,204,205,206,207,208,209,304), found 500
USER	Admins	END	1626453010836
REQUEST		Search-filters	1626453009710	1626453010840	OK	 
REQUEST		Search-filters	1626453009679	1626453010855	OK	 
REQUEST		Search-filters	1626453009738	1626453010856	OK	 
USER	Admins	START	1626453010856
REQUEST		Search-filters	1626453009619	1626453010877	OK	 
USER	Admins	START	1626453010887
REQUEST		Filtered-products	1626453007776	1626453010895	KO	status.find.in(200,201,202,203,204,205,206,207,208,209,304), found 500
USER	Admins	END	1626453010896
REQUEST		Search-filters	1626453009768	1626453010904	OK	 
USER	Admins	START	1626453010914
REQUEST		Search-filters	1626453009796	1626453010943	OK	 
USER	Admins	START	1626453010944
USER	Admins	START	1626453010975
REQUEST		Search-filters	1626453009650	1626453010976	OK	 
USER	Admins	START	1626453011004
REQUEST		Filtered-products	1626453007775	1626453011025	KO	status.find.in(200,201,202,203,204,205,206,207,208,209,304), found 500
USER	Admins	END	1626453011026
USER	Admins	START	1626453011031
REQUEST		Search-filters	1626453009859	1626453011040	OK	 
REQUEST		Search-filters	1626453009889	1626453011047	OK	 
USER	Admins	START	1626453011059
REQUEST		Filtered-products	1626453007760	1626453011069	KO	status.find.in(200,201,202,203,204,205,206,207,208,209,304), found 500
USER	Admins	END	1626453011070
USER	Admins	START	1626453011091
REQUEST		Search-filters	1626453009921	1626453011111	OK	 
USER	Admins	START	1626453011122
REQUEST		Search-filters	1626453010010	1626453011147	OK	 
USER	Admins	START	1626453011147
REQUEST		Search-filters	1626453009831	1626453011168	OK	 
USER	Admins	START	1626453011181
REQUEST		Search-filters	1626453009952	1626453011203	OK	 
REQUEST		Search-filters	1626453009982	1626453011208	OK	 
USER	Admins	START	1626453011209
REQUEST		Search-filters	1626453010040	1626453011221	OK	 
USER	Admins	START	1626453011240
REQUEST		Search-filters	1626453010072	1626453011253	OK	 
REQUEST		Filtered-products	1626453007740	1626453011255	KO	status.find.in(200,201,202,203,204,205,206,207,208,209,304), found 500
USER	Admins	END	1626453011255
USER	Admins	START	1626453011267
USER	Admins	START	1626453011295
REQUEST		Filtered-products	1626453007719	1626453011326	KO	status.find.in(200,201,202,203,204,205,206,207,208,209,304), found 500
USER	Admins	END	1626453011327
USER	Admins	START	1626453011328
REQUEST		Search-filters	1626453010101	1626453011344	OK	 
USER	Admins	START	1626453011356
USER	Admins	START	1626453011388
USER	Admins	START	1626453011414
USER	Admins	START	1626453011442
REQUEST		Filtered-products	1626453007694	1626453011472	KO	status.find.in(200,201,202,203,204,205,206,207,208,209,304), found 500
USER	Admins	END	1626453011473
USER	Admins	START	1626453011474
USER	Admins	START	1626453011504
USER	Admins	START	1626453011530
REQUEST		Filtered-products	1626453007667	1626453011538	KO	status.find.in(200,201,202,203,204,205,206,207,208,209,304), found 500
USER	Admins	END	1626453011538
USER	Admins	START	1626453011561
REQUEST		Search-filters	1626453010348	1626453011585	OK	 
USER	Admins	START	1626453011589
REQUEST		Filtered-products	1626453007563	1626453011608	KO	status.find.in(200,201,202,203,204,205,206,207,208,209,304), found 500
USER	Admins	END	1626453011609
REQUEST		Search-filters	1626453010253	1626453011611	OK	 
REQUEST		Search-filters	1626453010282	1626453011611	OK	 
REQUEST		Search-filters	1626453010222	1626453011611	OK	 
USER	Admins	START	1626453011619
REQUEST		Search-filters	1626453010165	1626453011630	OK	 
USER	Admins	START	1626453011652
REQUEST		Filtered-products	1626453007621	1626453011666	KO	status.find.in(200,201,202,203,204,205,206,207,208,209,304), found 500
USER	Admins	END	1626453011666
USER	Admins	START	1626453011681
REQUEST		Search-filters	1626453010130	1626453011684	OK	 
USER	Admins	START	1626453011710
REQUEST		Search-filters	1626453010407	1626453011713	OK	 
REQUEST		Search-filters	1626453010469	1626453011718	OK	 
REQUEST		Search-filters	1626453010195	1626453011720	OK	 
USER	Admins	START	1626453011740
REQUEST		Search-filters	1626453010315	1626453011763	OK	 
USER	Admins	START	1626453011769
REQUEST		Search-filters	1626453010376	1626453011772	OK	 
REQUEST		Filtered-products	1626453007596	1626453011794	KO	status.find.in(200,201,202,203,204,205,206,207,208,209,304), found 500
USER	Admins	END	1626453011794
USER	Admins	START	1626453011795
USER	Admins	START	1626453011829
USER	Admins	START	1626453011860
REQUEST		Search-filters	1626453010618	1626453011871	OK	 
USER	Admins	START	1626453011891
REQUEST		Filtered-products	1626453007589	1626453011908	KO	status.find.in(200,201,202,203,204,205,206,207,208,209,304), found 500
USER	Admins	END	1626453011908
REQUEST		Search-filters	1626453010558	1626453011909	OK	 
USER	Admins	START	1626453011918
REQUEST		Search-filters	1626453010588	1626453011920	OK	 
USER	Admins	START	1626453011949
REQUEST		Search-filters	1626453010499	1626453011957	OK	 
USER	Admins	START	1626453011978
REQUEST		Filtered-products	1626453007473	1626453011981	KO	status.find.in(200,201,202,203,204,205,206,207,208,209,304), found 500
USER	Admins	END	1626453011981
REQUEST		Search-filters	1626453010679	1626453011996	OK	 
REQUEST		Search-filters	1626453010436	1626453012003	OK	 
USER	Admins	START	1626453012012
REQUEST		Search-filters	1626453010710	1626453012015	OK	 
REQUEST		Filtered-products	1626453007395	1626453012034	KO	status.find.in(200,201,202,203,204,205,206,207,208,209,304), found 500
USER	Admins	END	1626453012035
USER	Admins	START	1626453012043
USER	Admins	START	1626453012072
USER	Admins	START	1626453012103
USER	Admins	START	1626453012129
REQUEST		Filtered-products	1626453007430	1626453012131	KO	status.find.in(200,201,202,203,204,205,206,207,208,209,304), found 500
USER	Admins	END	1626453012132
REQUEST		Filtered-products	1626453007416	1626453012150	KO	status.find.in(200,201,202,203,204,205,206,207,208,209,304), found 500
USER	Admins	END	1626453012150
USER	Admins	START	1626453012160
REQUEST		Search-filters	1626453010648	1626453012177	OK	 
USER	Admins	START	1626453012190
USER	Admins	START	1626453012224
REQUEST		Search-filters	1626453010857	1626453012227	OK	 
REQUEST		Filtered-products	1626453007296	1626453012235	KO	status.find.in(200,201,202,203,204,205,206,207,208,209,304), found 500
REQUEST		Search-filters	1626453010794	1626453012235	OK	 
USER	Admins	END	1626453012236
REQUEST		Filtered-products	1626453007332	1626453012243	KO	status.find.in(200,201,202,203,204,205,206,207,208,209,304), found 500
USER	Admins	END	1626453012244
USER	Admins	START	1626453012254
REQUEST		Filtered-products	1626453007275	1626453012280	KO	status.find.in(200,201,202,203,204,205,206,207,208,209,304), found 500
REQUEST		Search-filters	1626453011122	1626453012280	OK	 
USER	Admins	END	1626453012281
USER	Admins	START	1626453012281
REQUEST		Search-filters	1626453010828	1626453012291	OK	 
REQUEST		Search-filters	1626453010944	1626453012291	OK	 
USER	Admins	START	1626453012316
REQUEST		Search-filters	1626453011059	1626453012319	OK	 
REQUEST		Search-filters	1626453010887	1626453012332	OK	 
USER	Admins	START	1626453012342
REQUEST		Search-filters	1626453011031	1626453012366	OK	 
USER	Admins	START	1626453012376
USER	Admins	START	1626453012407
REQUEST		Filtered-products	1626453007250	1626453012420	KO	status.find.in(200,201,202,203,204,205,206,207,208,209,304), found 500
USER	Admins	END	1626453012421
USER	Admins	START	1626453012435
REQUEST		Search-filters	1626453010975	1626453012440	OK	 
REQUEST		Search-filters	1626453010527	1626453012440	OK	 
REQUEST		Search-filters	1626453010766	1626453012440	OK	 
REQUEST		Search-filters	1626453010914	1626453012451	OK	 
REQUEST		Search-filters	1626453010741	1626453012451	OK	 
USER	Admins	START	1626453012463
REQUEST		Search-filters	1626453011004	1626453012489	OK	 
USER	Admins	START	1626453012498
REQUEST		Search-filters	1626453011092	1626453012507	OK	 
USER	Admins	START	1626453012525
REQUEST		Search-filters	1626453011240	1626453012529	OK	 
REQUEST		Search-filters	1626453011147	1626453012543	OK	 
REQUEST		Search-filters	1626453011267	1626453012558	OK	 
USER	Admins	START	1626453012558
REQUEST		Search-filters	1626453011181	1626453012565	OK	 
USER	Admins	START	1626453012587
REQUEST		Search-filters	1626453011328	1626453012590	OK	 
REQUEST		Search-filters	1626453011209	1626453012610	OK	 
USER	Admins	START	1626453012616
REQUEST		Search-filters	1626453011295	1626453012622	OK	 
USER	Admins	START	1626453012646
USER	Admins	START	1626453012676
REQUEST		Search-filters	1626453011442	1626453012691	OK	 
REQUEST		Search-filters	1626453011389	1626453012691	OK	 
REQUEST		Search-filters	1626453011356	1626453012691	OK	 
REQUEST		Search-filters	1626453011414	1626453012704	OK	 
USER	Admins	START	1626453012705
REQUEST		Search-filters	1626453011504	1626453012721	OK	 
USER	Admins	START	1626453012739
USER	Admins	START	1626453012771
USER	Admins	START	1626453012800
REQUEST		Search-filters	1626453011561	1626453012807	OK	 
USER	Admins	START	1626453012830
REQUEST		Search-filters	1626453011474	1626453012846	OK	 
USER	Admins	START	1626453012861
REQUEST		Filtered-products	1626453007189	1626453012880	KO	status.find.in(200,201,202,203,204,205,206,207,208,209,304), found 500
USER	Admins	END	1626453012881
USER	Admins	START	1626453012890
USER	Admins	START	1626453012921
USER	Admins	START	1626453012950
USER	Admins	START	1626453012983
USER	Admins	START	1626453013010
REQUEST		Search-filters	1626453011589	1626453013024	OK	 
REQUEST		Search-filters	1626453011652	1626453013024	OK	 
REQUEST		Filtered-products	1626453007159	1626453013025	KO	status.find.in(200,201,202,203,204,205,206,207,208,209,304), found 500
USER	Admins	END	1626453013025
USER	Admins	START	1626453013044
USER	Admins	START	1626453013074
REQUEST		Search-filters	1626453011710	1626453013094	OK	 
REQUEST		Search-filters	1626453011530	1626453013098	OK	 
USER	Admins	START	1626453013104
REQUEST		Filtered-products	1626453007157	1626453013114	KO	status.find.in(200,201,202,203,204,205,206,207,208,209,304), found 500
USER	Admins	END	1626453013114
REQUEST		Search-filters	1626453011619	1626453013117	OK	 
REQUEST		Search-filters	1626453011769	1626453013117	OK	 
USER	Admins	START	1626453013130
REQUEST		Search-filters	1626453011891	1626453013146	OK	 
REQUEST		Search-filters	1626453011795	1626453013146	OK	 
REQUEST		Search-filters	1626453011681	1626453013146	OK	 
USER	Admins	START	1626453013163
REQUEST		Search-filters	1626453011860	1626453013177	OK	 
REQUEST		Filtered-products	1626453007173	1626453013183	KO	status.find.in(200,201,202,203,204,205,206,207,208,209,304), found 500
USER	Admins	END	1626453013183
USER	Admins	START	1626453013194
REQUEST		Search-filters	1626453012012	1626453013200	OK	 
REQUEST		Search-filters	1626453011978	1626453013200	OK	 
REQUEST		Search-filters	1626453011950	1626453013200	OK	 
REQUEST		Search-filters	1626453012043	1626453013200	OK	 
REQUEST		Search-filters	1626453012072	1626453013213	OK	 
REQUEST		Search-filters	1626453011829	1626453013216	OK	 
USER	Admins	START	1626453013224
REQUEST		Search-filters	1626453011740	1626453013236	OK	 
REQUEST		Search-filters	1626453012129	1626453013253	OK	 
USER	Admins	START	1626453013253
USER	Admins	START	1626453013287
REQUEST		Search-filters	1626453011918	1626453013287	OK	 
USER	Admins	START	1626453013312
REQUEST		Filtered-products	1626453007051	1626453013331	KO	status.find.in(200,201,202,203,204,205,206,207,208,209,304), found 500
REQUEST		Search-filters	1626453012160	1626453013331	OK	 
REQUEST		Search-filters	1626453012190	1626453013331	OK	 
USER	Admins	END	1626453013331
USER	Admins	START	1626453013342
USER	Admins	START	1626453013375
USER	Admins	START	1626453013404
REQUEST		Filtered-products	1626453007089	1626453013408	KO	status.find.in(200,201,202,203,204,205,206,207,208,209,304), found 500
USER	Admins	END	1626453013408
USER	Admins	START	1626453013437
REQUEST		Search-filters	1626453012254	1626453013463	OK	 
REQUEST		Search-filters	1626453012224	1626453013464	OK	 
REQUEST		Filtered-products	1626453007079	1626453013464	KO	status.find.in(200,201,202,203,204,205,206,207,208,209,304), found 500
REQUEST		Search-filters	1626453012103	1626453013464	OK	 
USER	Admins	END	1626453013464
USER	Admins	START	1626453013468
REQUEST		Search-filters	1626453012342	1626453013484	OK	 
USER	Admins	START	1626453013497
USER	Admins	START	1626453013527
USER	Admins	START	1626453013557
REQUEST		Search-filters	1626453012281	1626453013586	OK	 
USER	Admins	START	1626453013587
REQUEST		Filtered-products	1626453007070	1626453013613	KO	status.find.in(200,201,202,203,204,205,206,207,208,209,304), found 500
USER	Admins	END	1626453013614
USER	Admins	START	1626453013616
USER	Admins	START	1626453013649
REQUEST		Search-filters	1626453012435	1626453013653	OK	 
REQUEST		Search-filters	1626453012376	1626453013674	OK	 
USER	Admins	START	1626453013676
REQUEST		Filtered-products	1626453007037	1626453013678	KO	status.find.in(200,201,202,203,204,205,206,207,208,209,304), found 500
USER	Admins	END	1626453013679
REQUEST		Search-filters	1626453012525	1626453013697	OK	 
REQUEST		Search-filters	1626453012407	1626453013697	OK	 
REQUEST		Search-filters	1626453012498	1626453013697	OK	 
USER	Admins	START	1626453013710
REQUEST		Search-filters	1626453012316	1626453013720	OK	 
REQUEST		Search-filters	1626453012463	1626453013731	OK	 
USER	Admins	START	1626453013738
REQUEST		Search-filters	1626453012587	1626453013762	OK	 
USER	Admins	START	1626453013766
REQUEST		Search-filters	1626453012616	1626453013789	OK	 
REQUEST		Filtered-products	1626453007002	1626453013789	KO	status.find.in(200,201,202,203,204,205,206,207,208,209,304), found 500
USER	Admins	END	1626453013790
USER	Admins	START	1626453013797
REQUEST		Search-filters	1626453012676	1626453013825	OK	 
USER	Admins	START	1626453013828
USER	Admins	START	1626453013856
REQUEST		Search-filters	1626453012558	1626453013874	OK	 
USER	Admins	START	1626453013886
REQUEST		Filtered-products	1626453006932	1626453013898	KO	status.find.in(200,201,202,203,204,205,206,207,208,209,304), found 500
USER	Admins	END	1626453013899
REQUEST		Search-filters	1626453012739	1626453013899	OK	 
REQUEST		Search-filters	1626453012705	1626453013900	OK	 
USER	Admins	START	1626453013914
REQUEST		Search-filters	1626453012646	1626453013921	OK	 
USER	Admins	START	1626453013944
USER	Admins	START	1626453013974
USER	Admins	START	1626453014005
USER	Admins	START	1626453014034
REQUEST		Filtered-products	1626453006918	1626453014042	KO	status.find.in(200,201,202,203,204,205,206,207,208,209,304), found 500
USER	Admins	END	1626453014042
USER	Admins	START	1626453014059
USER	Admins	START	1626453014092
USER	Admins	START	1626453014122
REQUEST		Search-filters	1626453012800	1626453014149	OK	 
USER	Admins	START	1626453014151
REQUEST		Search-filters	1626453012890	1626453014153	OK	 
USER	Admins	START	1626453014179
REQUEST		Filtered-products	1626453006894	1626453014183	KO	status.find.in(200,201,202,203,204,205,206,207,208,209,304), found 500
USER	Admins	END	1626453014184
USER	Admins	START	1626453014209
USER	Admins	START	1626453014240
USER	Admins	START	1626453014270
USER	Admins	START	1626453014296
USER	Admins	START	1626453014328
REQUEST		Search-filters	1626453012983	1626453014335	OK	 
REQUEST		Search-filters	1626453013011	1626453014335	OK	 
REQUEST		Search-filters	1626453013044	1626453014342	OK	 
USER	Admins	START	1626453014355
USER	Admins	START	1626453014388
REQUEST		Search-filters	1626453012921	1626453014393	OK	 
REQUEST		Search-filters	1626453012771	1626453014393	OK	 
REQUEST		Search-filters	1626453012950	1626453014393	OK	 
REQUEST		Search-filters	1626453012830	1626453014393	OK	 
REQUEST		Search-filters	1626453012862	1626453014393	OK	 
USER	Admins	START	1626453014415
REQUEST		Filtered-products	1626453006774	1626453014438	KO	status.find.in(200,201,202,203,204,205,206,207,208,209,304), found 500
USER	Admins	END	1626453014439
USER	Admins	START	1626453014442
USER	Admins	START	1626453014476
USER	Admins	START	1626453014505
REQUEST		Search-filters	1626453013074	1626453014509	OK	 
REQUEST		Search-filters	1626453013104	1626453014529	OK	 
USER	Admins	START	1626453014530
REQUEST		Search-filters	1626453013224	1626453014543	OK	 
REQUEST		Search-filters	1626453013194	1626453014548	OK	 
USER	Admins	START	1626453014564
REQUEST		Search-filters	1626453013163	1626453014585	OK	 
REQUEST		Search-filters	1626453013287	1626453014589	OK	 
USER	Admins	START	1626453014590
USER	Admins	START	1626453014622
REQUEST		Search-filters	1626453013131	1626453014646	OK	 
USER	Admins	START	1626453014652
USER	Admins	START	1626453014679
REQUEST		Filtered-products	1626453006793	1626453014700	KO	status.find.in(200,201,202,203,204,205,206,207,208,209,304), found 500
USER	Admins	END	1626453014701
USER	Admins	START	1626453014710
USER	Admins	START	1626453014741
REQUEST		Search-filters	1626453013375	1626453014749	OK	 
REQUEST		Filtered-products	1626453006753	1626453014762	KO	status.find.in(200,201,202,203,204,205,206,207,208,209,304), found 500
USER	Admins	END	1626453014762
REQUEST		Search-filters	1626453013527	1626453014767	OK	 
USER	Admins	START	1626453014770
REQUEST		Search-filters	1626453013437	1626453014794	OK	 
USER	Admins	START	1626453014800
REQUEST		Search-filters	1626453013469	1626453014805	OK	 
REQUEST		Search-filters	1626453013342	1626453014809	OK	 
USER	Admins	START	1626453014829
REQUEST		Search-filters	1626453013616	1626453014853	OK	 
REQUEST		Search-filters	1626453013557	1626453014852	OK	 
REQUEST		Filtered-products	1626453006728	1626453014853	KO	status.find.in(200,201,202,203,204,205,206,207,208,209,304), found 500
USER	Admins	END	1626453014853
REQUEST		Search-filters	1626453013497	1626453014854	OK	 
USER	Admins	START	1626453014862
REQUEST		Search-filters	1626453013587	1626453014872	OK	 
REQUEST		Search-filters	1626453013313	1626453014874	OK	 
REQUEST		