RUN	com.gatling.simulations.Products	products	1626535929608	 	3.5.1
USER	Users	START	1626535931987
USER	Users	START	1626535932025
USER	Users	START	1626535932066
USER	Users	START	1626535932104
USER	Users	START	1626535932147
USER	Users	START	1626535932186
USER	Users	START	1626535932229
USER	Users	START	1626535932264
USER	Users	START	1626535932305
USER	Users	START	1626535932349
USER	Users	START	1626535932385
USER	Users	START	1626535932425
USER	Users	START	1626535932470
USER	Users	START	1626535932510
USER	Users	START	1626535932546
USER	Users	START	1626535932587
USER	Users	START	1626535932627
USER	Users	START	1626535932670
USER	Users	START	1626535932708
USER	Users	START	1626535932749
USER	Users	START	1626535932791
USER	Users	START	1626535932828
USER	Users	START	1626535932870
USER	Users	START	1626535932906
USER	Users	START	1626535932951
USER	Users	START	1626535932991
USER	Users	START	1626535933025
USER	Users	START	1626535933064
USER	Users	START	1626535933101
USER	Users	START	1626535933140
REQUEST		MF Products 8	1626535932067	1626535933148	OK	 
USER	Users	START	1626535933183
REQUEST		MF Products 8	1626535932186	1626535933223	OK	 
USER	Users	START	1626535933224
USER	Users	START	1626535933262
USER	Users	START	1626535933301
REQUEST		MF Products 8	1626535932264	1626535933340	OK	 
USER	Users	START	1626535933345
REQUEST		MF Products 8	1626535932002	1626535933366	OK	 
USER	Users	START	1626535933385
USER	Users	START	1626535933422
REQUEST		MF Products 8	1626535932547	1626535933460	OK	 
USER	Users	START	1626535933463
REQUEST		MF Products 8	1626535932025	1626535933491	OK	 
USER	Users	START	1626535933504
REQUEST		MF Products 8	1626535932148	1626535933523	OK	 
REQUEST		MF Products 8	1626535932385	1626535933531	OK	 
USER	Users	START	1626535933542
USER	Users	START	1626535933584
USER	Users	START	1626535933625
REQUEST		MF Products 8	1626535932305	1626535933640	OK	 
REQUEST		MF Products 8	1626535932709	1626535933646	OK	 
USER	Users	START	1626535933662
REQUEST		MF Products 8	1626535932425	1626535933688	OK	 
REQUEST		MF Products 8	1626535932749	1626535933693	OK	 
REQUEST		MF Products 8	1626535932628	1626535933693	OK	 
USER	Users	START	1626535933703
REQUEST		MF Products 8	1626535932229	1626535933745	OK	 
USER	Users	START	1626535933744
REQUEST		MF Products 8	1626535932350	1626535933765	OK	 
USER	Users	START	1626535933784
REQUEST		MF Products 8	1626535932471	1626535933820	OK	 
USER	Users	START	1626535933825
REQUEST		MF Products 8	1626535932588	1626535933848	OK	 
USER	Users	START	1626535933864
REQUEST		MF Products 8	1626535932791	1626535933880	OK	 
REQUEST		MF Products 8	1626535932510	1626535933893	OK	 
USER	Users	START	1626535933907
USER	Users	START	1626535933942
REQUEST		MF Products 8	1626535933064	1626535933969	OK	 
USER	Users	START	1626535933982
REQUEST		MF Products 8	1626535932991	1626535933985	OK	 
REQUEST		MF Products 8	1626535932828	1626535933986	OK	 
REQUEST		MF Products 8	1626535932906	1626535934014	OK	 
USER	Users	START	1626535934024
REQUEST		MF Products 8	1626535932871	1626535934059	OK	 
USER	Users	START	1626535934061
REQUEST		MF Products 8	1626535932951	1626535934079	OK	 
REQUEST		MF Products 8	1626535932670	1626535934079	OK	 
USER	Users	START	1626535934103
REQUEST		MF Products 8	1626535932105	1626535934109	OK	 
REQUEST		MF Products 8	1626535933025	1626535934128	OK	 
USER	Users	START	1626535934144
USER	Users	END	1626535934163
USER	Users	START	1626535934184
USER	Users	START	1626535934223
USER	Users	END	1626535934227
USER	Users	START	1626535934261
USER	Users	START	1626535934301
REQUEST		MF Products 8	1626535933262	1626535934336	OK	 
USER	Users	END	1626535934346
USER	Users	START	1626535934346
USER	Users	END	1626535934369
REQUEST		MF Products 8	1626535933224	1626535934373	OK	 
REQUEST		MF Products 8	1626535933141	1626535934382	OK	 
USER	Users	START	1626535934383
USER	Users	START	1626535934422
REQUEST		MF Products 8	1626535933101	1626535934446	OK	 
USER	Users	END	1626535934465
USER	Users	START	1626535934465
REQUEST		MF Products 8	1626535933422	1626535934484	OK	 
REQUEST		MF Products 8	1626535933184	1626535934488	OK	 
USER	Users	END	1626535934494
USER	Users	START	1626535934503
USER	Users	END	1626535934524
REQUEST		MF Products 8	1626535933464	1626535934531	OK	 
USER	Users	END	1626535934536
USER	Users	START	1626535934547
REQUEST		MF Products 8	1626535933542	1626535934568	OK	 
USER	Users	START	1626535934584
REQUEST		MF Products 8	1626535933385	1626535934589	OK	 
REQUEST		MF Products 8	1626535933505	1626535934615	OK	 
USER	Users	START	1626535934625
USER	Users	END	1626535934644
USER	Users	END	1626535934647
USER	Users	START	1626535934665
USER	Users	END	1626535934691
USER	Users	END	1626535934696
USER	Users	END	1626535934696
USER	Users	START	1626535934702
REQUEST		MF Products 8	1626535933301	1626535934728	OK	 
USER	Users	START	1626535934743
USER	Users	END	1626535934750
REQUEST		MF Products 8	1626535933825	1626535934765	OK	 
USER	Users	END	1626535934771
REQUEST		MF Products 8	1626535933703	1626535934778	OK	 
USER	Users	START	1626535934785
USER	Users	END	1626535934824
USER	Users	START	1626535934824
REQUEST		MF Products 8	1626535933907	1626535934825	OK	 
REQUEST		MF Products 8	1626535933662	1626535934825	OK	 
REQUEST		MF Products 8	1626535933345	1626535934827	OK	 
USER	Users	END	1626535934850
USER	Users	START	1626535934867
USER	Users	END	1626535934885
USER	Users	END	1626535934899
REQUEST		MF Products 8	1626535933982	1626535934901	OK	 
USER	Users	START	1626535934903
REQUEST		MF Products 8	1626535933625	1626535934913	OK	 
REQUEST		MF Products 8	1626535933942	1626535934933	OK	 
USER	Users	START	1626535934944
USER	Users	END	1626535934974
REQUEST		MF Products 8	1626535933584	1626535934974	OK	 
USER	Users	START	1626535934982
USER	Users	END	1626535934991
USER	Users	END	1626535934991
USER	Users	END	1626535935018
USER	Users	START	1626535935021
REQUEST		MF Products 8	1626535933864	1626535935038	OK	 
REQUEST		MF Products 8	1626535934024	1626535935053	OK	 
REQUEST		MF Products 8	1626535933784	1626535935053	OK	 
USER	Users	END	1626535935062
USER	Users	START	1626535935062
USER	Users	END	1626535935084
USER	Users	END	1626535935084
USER	Users	START	1626535935105
USER	Users	END	1626535935112
USER	Users	END	1626535935129
USER	Users	START	1626535935144
REQUEST		MF Products 8	1626535934261	1626535935170	OK	 
USER	Users	START	1626535935183
USER	Users	START	1626535935226
REQUEST		MF Products 8	1626535934223	1626535935244	OK	 
REQUEST		MF Products 8	1626535933745	1626535935264	OK	 
USER	Users	START	1626535935264
USER	Users	START	1626535935305
USER	Users	END	1626535935341
USER	Users	START	1626535935341
USER	Users	END	1626535935375
REQUEST		MF Products 8	1626535934346	1626535935380	OK	 
USER	Users	END	1626535935384
USER	Users	START	1626535935383
REQUEST		MF Products 8	1626535934103	1626535935412	OK	 
USER	Users	START	1626535935422
USER	Users	END	1626535935447
USER	Users	START	1626535935462
USER	Users	END	1626535935485
USER	Users	END	1626535935491
REQUEST		MF Products 8	1626535934302	1626535935502	OK	 
USER	Users	START	1626535935502
USER	Users	END	1626535935534
REQUEST		MF Products 8	1626535934503	1626535935535	OK	 
USER	Users	START	1626535935544
USER	Users	END	1626535935572
REQUEST		MF Products 8	1626535934422	1626535935576	OK	 
USER	Users	START	1626535935583
USER	Users	END	1626535935592
REQUEST		MF Products 8	1626535934184	1626535935616	OK	 
USER	Users	END	1626535935619
REQUEST		MF Products 8	1626535934465	1626535935621	OK	 
USER	Users	START	1626535935625
REQUEST		MF Products 8	1626535934702	1626535935652	OK	 
USER	Users	START	1626535935662
REQUEST		MF Products 8	1626535934384	1626535935678	OK	 
REQUEST		MF Products 8	1626535934584	1626535935678	OK	 
USER	Users	START	1626535935705
REQUEST		MF Products 8	1626535934547	1626535935718	OK	 
USER	Users	END	1626535935734
USER	Users	START	1626535935745
USER	Users	END	1626535935768
USER	Users	END	1626535935780
USER	Users	START	1626535935784
USER	Users	START	1626535935824
USER	Users	END	1626535935827
USER	Users	END	1626535935828
USER	Users	END	1626535935828
USER	Users	START	1626535935863
REQUEST		MF Products 8	1626535934625	1626535935875	OK	 
REQUEST		MF Products 8	1626535934666	1626535935902	OK	 
USER	Users	END	1626535935904
USER	Users	START	1626535935904
USER	Users	END	1626535935918
USER	Users	END	1626535935934
USER	Users	START	1626535935945
REQUEST		MF Products 8	1626535934982	1626535935949	OK	 
USER	Users	END	1626535935978
USER	Users	START	1626535935987
REQUEST		MF Products 8	1626535934867	1626535935993	OK	 
USER	Users	START	1626535936023
USER	Users	END	1626535936044
USER	Users	END	1626535936055
USER	Users	END	1626535936055
USER	Users	START	1626535936063
REQUEST		MF Products 8	1626535934944	1626535936103	OK	 
USER	Users	START	1626535936105
REQUEST		MF Products 8	1626535935105	1626535936128	OK	 
USER	Users	START	1626535936141
REQUEST		MF Products 8	1626535934061	1626535936171	OK	 
USER	Users	END	1626535936172
USER	Users	START	1626535936185
REQUEST		MF Products 8	1626535935022	1626535936186	OK	 
REQUEST		MF Products 8	1626535935183	1626535936186	OK	 
USER	Users	START	1626535936223
USER	Users	END	1626535936246
REQUEST		MF Products 8	1626535935062	1626535936249	OK	 
USER	Users	START	1626535936264
USER	Users	END	1626535936268
USER	Users	START	1626535936302
REQUEST		MF Products 8	1626535934144	1626535936343	OK	 
USER	Users	START	1626535936343
USER	Users	END	1626535936382
USER	Users	START	1626535936381
REQUEST		MF Products 8	1626535935264	1626535936383	OK	 
USER	Users	END	1626535936414
USER	Users	START	1626535936423
REQUEST		MF Products 8	1626535934824	1626535936429	OK	 
USER	Users	START	1626535936464
REQUEST		MF Products 8	1626535935341	1626535936477	OK	 
REQUEST		MF Products 8	1626535935462	1626535936488	OK	 
USER	Users	END	1626535936502
USER	Users	START	1626535936502
USER	Users	END	1626535936537
USER	Users	START	1626535936541
REQUEST		MF Products 8	1626535934744	1626535936543	OK	 
REQUEST		MF Products 8	1626535935422	1626535936549	OK	 
USER	Users	END	1626535936578
USER	Users	START	1626535936581
REQUEST		MF Products 8	1626535935144	1626535936590	OK	 
REQUEST		MF Products 8	1626535935584	1626535936595	OK	 
USER	Users	END	1626535936622
USER	Users	END	1626535936625
USER	Users	START	1626535936627
USER	Users	END	1626535936654
USER	Users	START	1626535936661
REQUEST		MF Products 8	1626535935384	1626535936663	OK	 
USER	Users	END	1626535936680
USER	Users	END	1626535936680
REQUEST		MF Products 8	1626535935305	1626535936684	OK	 
USER	Users	START	1626535936702
USER	Users	END	1626535936721
REQUEST		MF Products 8	1626535935784	1626535936738	OK	 
USER	Users	START	1626535936744
REQUEST		MF Products 8	1626535934785	1626535936758	OK	 
REQUEST		MF Products 8	1626535935544	1626535936771	OK	 
USER	Users	START	1626535936785
REQUEST		MF Products 8	1626535935502	1626535936823	OK	 
USER	Users	START	1626535936823
REQUEST		MF Products 8	1626535935663	1626535936845	OK	 
USER	Users	START	1626535936862
USER	Users	END	1626535936879
USER	Users	END	1626535936905
USER	Users	START	1626535936905
REQUEST		MF Products 8	1626535934903	1626535936919	OK	 
USER	Users	START	1626535936942
USER	Users	END	1626535936952
REQUEST		MF Products 8	1626535935625	1626535936973	OK	 
USER	Users	START	1626535936984
USER	Users	END	1626535936994
USER	Users	START	1626535937022
USER	Users	START	1626535937062
USER	Users	START	1626535937101
USER	Users	END	1626535937108
USER	Users	END	1626535937134
USER	Users	START	1626535937142
REQUEST		MF Products 8	1626535935824	1626535937160	OK	 
REQUEST		MF Products 8	1626535935226	1626535937164	OK	 
USER	Users	END	1626535937172
USER	Users	START	1626535937182
USER	Users	END	1626535937191
USER	Users	END	1626535937191
USER	Users	START	1626535937222
REQUEST		MF Products 8	1626535936185	1626535937234	OK	 
REQUEST		MF Products 8	1626535936344	1626535937241	OK	 
USER	Users	END	1626535937253
USER	Users	START	1626535937262
USER	Users	START	1626535937301
REQUEST		MF Products 8	1626535935863	1626535937317	OK	 
USER	Users	START	1626535937342
USER	Users	END	1626535937348
REQUEST		MF Products 8	1626535936024	1626535937365	OK	 
USER	Users	START	1626535937382
USER	Users	END	1626535937383
USER	Users	START	1626535937420
USER	Users	END	1626535937433
USER	Users	START	1626535937461
USER	Users	END	1626535937484
USER	Users	END	1626535937491
USER	Users	START	1626535937501
REQUEST		MF Products 8	1626535936381	1626535937524	OK	 
REQUEST		MF Products 8	1626535936064	1626535937539	OK	 
USER	Users	START	1626535937542
USER	Users	END	1626535937544
USER	Users	END	1626535937551
USER	Users	START	1626535937583
USER	Users	END	1626535937596
USER	Users	END	1626535937600
USER	Users	START	1626535937625
REQUEST		MF Products 8	1626535935904	1626535937642	OK	 
USER	Users	START	1626535937663
USER	Users	END	1626535937667
REQUEST		MF Products 8	1626535935746	1626535937680	OK	 
REQUEST		MF Products 8	1626535936785	1626535937680	OK	 
USER	Users	END	1626535937685
REQUEST		MF Products 8	1626535936264	1626535937705	OK	 
USER	Users	START	1626535937705
REQUEST		MF Products 8	1626535936503	1626535937708	OK	 
USER	Users	START	1626535937740
USER	Users	END	1626535937741
REQUEST		MF Products 8	1626535936424	1626535937745	OK	 
USER	Users	END	1626535937759
USER	Users	END	1626535937775
USER	Users	START	1626535937786
USER	Users	START	1626535937824
USER	Users	END	1626535937828
USER	Users	END	1626535937850
USER	Users	START	1626535937860
REQUEST		MF Products 8	1626535935705	1626535937865	OK	 
REQUEST		MF Products 8	1626535936744	1626535937866	OK	 
USER	Users	START	1626535937901
USER	Users	END	1626535937920
REQUEST		MF Products 8	1626535935945	1626535937922	OK	 
REQUEST		MF Products 8	1626535936905	1626535937923	OK	 
USER	Users	START	1626535937941
REQUEST		MF Products 8	1626535936464	1626535937949	OK	 
USER	Users	END	1626535937974
REQUEST		MF Products 8	1626535936141	1626535937982	OK	 
USER	Users	START	1626535937984
USER	Users	START	1626535938024
USER	Users	START	1626535938064
REQUEST		MF Products 8	1626535936105	1626535938067	OK	 
REQUEST		MF Products 8	1626535936985	1626535938094	OK	 
USER	Users	START	1626535938101
REQUEST		MF Products 8	1626535935987	1626535938122	OK	 
USER	Users	START	1626535938141
REQUEST		MF Products 8	1626535936661	1626535938150	OK	 
USER	Users	END	1626535938162
USER	Users	END	1626535938167
USER	Users	START	1626535938185
REQUEST		MF Products 8	1626535936823	1626535938203	OK	 
REQUEST		MF Products 8	1626535937383	1626535938220	OK	 
REQUEST		MF Products 8	1626535936223	1626535938221	OK	 
USER	Users	START	1626535938225
REQUEST		MF Products 8	1626535937183	1626535938232	OK	 
USER	Users	END	1626535938239
REQUEST		MF Products 8	1626535937063	1626535938241	OK	 
USER	Users	END	1626535938242
USER	Users	START	1626535938263
USER	Users	START	1626535938301
USER	Users	END	1626535938318
REQUEST		MF Products 8	1626535936541	1626535938319	OK	 
USER	Users	START	1626535938344
USER	Users	END	1626535938368
REQUEST		MF Products 8	1626535936302	1626535938372	OK	 
REQUEST		MF Products 8	1626535937420	1626535938374	OK	 
USER	Users	START	1626535938383
REQUEST		MF Products 8	1626535937022	1626535938406	OK	 
USER	Users	START	1626535938424
USER	Users	START	1626535938462
REQUEST		MF Products 8	1626535937262	1626535938474	OK	 
USER	Users	START	1626535938501
REQUEST		MF Products 8	1626535936627	1626535938502	OK	 
USER	Users	END	1626535938525
USER	Users	END	1626535938543
USER	Users	START	1626535938543
REQUEST		MF Products 8	1626535937342	1626535938568	OK	 
REQUEST		MF Products 8	1626535937142	1626535938577	OK	 
USER	Users	START	1626535938583
USER	Users	START	1626535938624
USER	Users	END	1626535938644
REQUEST		MF Products 8	1626535937461	1626535938651	OK	 
USER	Users	START	1626535938664
USER	Users	END	1626535938682
REQUEST		MF Products 8	1626535936703	1626535938684	OK	 
USER	Users	END	1626535938685
REQUEST		MF Products 8	1626535937222	1626535938698	OK	 
USER	Users	START	1626535938705
USER	Users	END	1626535938706
USER	Users	END	1626535938714
REQUEST		MF Products 8	1626535937101	1626535938729	OK	 
USER	Users	END	1626535938747
USER	Users	START	1626535938746
REQUEST		MF Products 8	1626535937542	1626535938776	OK	 
USER	Users	START	1626535938783
USER	Users	START	1626535938824
USER	Users	START	1626535938862
USER	Users	END	1626535938867
USER	Users	END	1626535938867
USER	Users	START	1626535938905
USER	Users	END	1626535938924
USER	Users	END	1626535938924
USER	Users	START	1626535938942
USER	Users	END	1626535938955
REQUEST		MF Products 8	1626535937705	1626535938972	OK	 
USER	Users	START	1626535938981
REQUEST		MF Products 8	1626535937301	1626535938982	OK	 
REQUEST		MF Products 8	1626535936582	1626535938983	OK	 
USER	Users	END	1626535938985
REQUEST		MF Products 8	1626535937583	1626535938999	OK	 
REQUEST		MF Products 8	1626535937985	1626535939002	OK	 
USER	Users	START	1626535939020
REQUEST		MF Products 8	1626535937501	1626535939029	OK	 
USER	Users	START	1626535939062
USER	Users	END	1626535939071
REQUEST		MF Products 8	1626535938024	1626535939085	OK	 
REQUEST		MF Products 8	1626535937861	1626535939086	OK	 
REQUEST		MF Products 8	1626535938225	1626535939088	OK	 
USER	Users	END	1626535939095
USER	Users	START	1626535939103
USER	Users	END	1626535939124
REQUEST		MF Products 8	1626535938185	1626535939137	OK	 
USER	Users	START	1626535939144
USER	Users	END	1626535939155
USER	Users	START	1626535939183
REQUEST		MF Products 8	1626535937941	1626535939191	OK	 
REQUEST		MF Products 8	1626535936863	1626535939205	OK	 
USER	Users	END	1626535939208
USER	Users	END	1626535939221
USER	Users	START	1626535939221
USER	Users	END	1626535939226
USER	Users	END	1626535939234
USER	Users	END	1626535939245
REQUEST		MF Products 8	1626535937625	1626535939255	OK	 
USER	Users	START	1626535939265
REQUEST		MF Products 8	1626535937786	1626535939273	OK	 
USER	Users	START	1626535939305
USER	Users	END	1626535939320
USER	Users	START	1626535939343
REQUEST		MF Products 8	1626535936943	1626535939367	OK	 
USER	Users	END	1626535939374
USER	Users	END	1626535939375
USER	Users	START	1626535939380
USER	Users	END	1626535939409
USER	Users	START	1626535939422
REQUEST		MF Products 8	1626535938424	1626535939433	OK	 
REQUEST		MF Products 8	1626535938263	1626535939458	OK	 
USER	Users	START	1626535939464
USER	Users	END	1626535939476
USER	Users	START	1626535939502
USER	Users	END	1626535939507
USER	Users	START	1626535939541
USER	Users	END	1626535939572
REQUEST		MF Products 8	1626535938064	1626535939572	OK	 
USER	Users	END	1626535939578
USER	Users	START	1626535939582
REQUEST		MF Products 8	1626535938543	1626535939599	OK	 
USER	Users	START	1626535939622
REQUEST		MF Products 8	1626535938301	1626535939633	OK	 
REQUEST		MF Products 8	1626535938345	1626535939641	OK	 
USER	Users	END	1626535939655
USER	Users	START	1626535939661
REQUEST		MF Products 8	1626535937824	1626535939671	OK	 
REQUEST		MF Products 8	1626535937901	1626535939674	OK	 
USER	Users	END	1626535939686
USER	Users	END	1626535939703
USER	Users	START	1626535939703
USER	Users	END	1626535939730
USER	Users	START	1626535939741
USER	Users	END	1626535939777
USER	Users	START	1626535939781
REQUEST		MF Products 8	1626535938383	1626535939791	OK	 
USER	Users	START	1626535939825
REQUEST		MF Products 8	1626535938462	1626535939855	OK	 
USER	Users	START	1626535939861
USER	Users	START	1626535939905
REQUEST		MF Products 8	1626535938905	1626535939922	OK	 
REQUEST		MF Products 8	1626535937663	1626535939940	OK	 
USER	Users	START	1626535939941
USER	Users	END	1626535939975
USER	Users	END	1626535939984
USER	Users	START	1626535939983
USER	Users	END	1626535939984
USER	Users	END	1626535940000
USER	Users	END	1626535940003
USER	Users	START	1626535940020
USER	Users	END	1626535940030
REQUEST		MF Products 8	1626535938625	1626535940040	OK	 
REQUEST		MF Products 8	1626535938747	1626535940046	OK	 
USER	Users	START	1626535940061
USER	Users	END	1626535940087
USER	Users	END	1626535940091
USER	Users	END	1626535940093
USER	Users	START	1626535940100
USER	Users	END	1626535940141
USER	Users	START	1626535940141
REQUEST		MF Products 8	1626535939020	1626535940176	OK	 
USER	Users	START	1626535940183
REQUEST		MF Products 8	1626535938824	1626535940193	OK	 
USER	Users	END	1626535940194
USER	Users	END	1626535940206
REQUEST		MF Products 8	1626535938583	1626535940211	OK	 
REQUEST		MF Products 8	1626535938942	1626535940213	OK	 
USER	Users	START	1626535940222
USER	Users	END	1626535940255
USER	Users	START	1626535940264
USER	Users	END	1626535940276
REQUEST		MF Products 8	1626535939221	1626535940283	OK	 
REQUEST		MF Products 8	1626535939381	1626535940296	OK	 
USER	Users	START	1626535940304
USER	Users	START	1626535940343
USER	Users	END	1626535940372
USER	Users	START	1626535940383
USER	Users	START	1626535940424
USER	Users	END	1626535940435
REQUEST		MF Products 8	1626535939541	1626535940438	OK	 
USER	Users	END	1626535940464
USER	Users	START	1626535940464
USER	Users	START	1626535940501
REQUEST		MF Products 8	1626535939265	1626535940516	OK	 
REQUEST		MF Products 8	1626535939464	1626535940516	OK	 
USER	Users	START	1626535940541
REQUEST		MF Products 8	1626535939103	1626535940544	OK	 
REQUEST		MF Products 8	1626535938141	1626535940567	OK	 
USER	Users	END	1626535940577
USER	Users	START	1626535940584
REQUEST		MF Products 8	1626535938981	1626535940594	OK	 
USER	Users	END	1626535940602
USER	Users	START	1626535940621
USER	Users	END	1626535940635
USER	Users	END	1626535940643
REQUEST		MF Products 8	1626535939144	1626535940650	OK	 
USER	Users	START	1626535940661
USER	Users	END	1626535940673
USER	Users	END	1626535940675
REQUEST		MF Products 8	1626535939622	1626535940685	OK	 
USER	Users	START	1626535940705
USER	Users	START	1626535940741
REQUEST		MF Products 8	1626535939422	1626535940745	OK	 
USER	Users	START	1626535940784
REQUEST		MF Products 8	1626535938705	1626535940793	OK	 
USER	Users	END	1626535940796
USER	Users	START	1626535940822
REQUEST		MF Products 8	1626535938664	1626535940847	OK	 
REQUEST		MF Products 8	1626535938501	1626535940853	OK	 
USER	Users	END	1626535940857
USER	Users	START	1626535940861
REQUEST		MF Products 8	1626535939502	1626535940894	OK	 
REQUEST		MF Products 8	1626535939781	1626535940904	OK	 
USER	Users	START	1626535940904
USER	Users	END	1626535940924
REQUEST		MF Products 8	1626535939825	1626535940941	OK	 
USER	Users	END	1626535940941
USER	Users	START	1626535940941
REQUEST		MF Products 8	1626535939984	1626535940959	OK	 
USER	Users	START	1626535940981
REQUEST		MF Products 8	1626535939905	1626535941011	OK	 
REQUEST		MF Products 8	1626535940101	1626535941016	OK	 
REQUEST		MF Products 8	1626535939703	1626535941019	OK	 
USER	Users	START	1626535941021
REQUEST		MF Products 8	1626535939741	1626535941023	OK	 
USER	Users	END	1626535941041
USER	Users	END	1626535941050
USER	Users	START	1626535941060
REQUEST		MF Products 8	1626535938862	1626535941097	OK	 
USER	Users	START	1626535941100
REQUEST		MF Products 8	1626535939861	1626535941103	OK	 
REQUEST		MF Products 8	1626535939184	1626535941110	OK	 
REQUEST		MF Products 8	1626535938783	1626535941117	OK	 
USER	Users	START	1626535941140
REQUEST		MF Products 8	1626535939305	1626535941161	OK	 
REQUEST		MF Products 8	1626535940061	1626535941163	OK	 
USER	Users	END	1626535941181
USER	Users	START	1626535941184
USER	Users	END	1626535941196
REQUEST		MF Products 8	1626535939062	1626535941200	OK	 
REQUEST		MF Products 8	1626535940264	1626535941204	OK	 
USER	Users	END	1626535941213
USER	Users	END	1626535941217
USER	Users	START	1626535941221
REQUEST		MF Products 8	1626535939583	1626535941258	OK	 
USER	Users	START	1626535941260
REQUEST		MF Products 8	1626535938101	1626535941271	OK	 
USER	Users	END	1626535941285
USER	Users	END	1626535941301
USER	Users	START	1626535941300
REQUEST		MF Products 8	1626535940305	1626535941336	OK	 
USER	Users	START	1626535941341
REQUEST		MF Products 8	1626535940020	1626535941374	OK	 
REQUEST		MF Products 8	1626535940184	1626535941374	OK	 
USER	Users	START	1626535941384
USER	Users	START	1626535941422
USER	Users	END	1626535941443
USER	Users	START	1626535941463
REQUEST		MF Products 8	1626535940141	1626535941484	OK	 
REQUEST		MF Products 8	1626535939661	1626535941488	OK	 
USER	Users	START	1626535941501
USER	Users	END	1626535941517
USER	Users	END	1626535941517
USER	Users	START	1626535941544
USER	Users	END	1626535941545
REQUEST		MF Products 8	1626535937740	1626535941554	OK	 
REQUEST		MF Products 8	1626535939343	1626535941562	OK	 
USER	Users	END	1626535941569
USER	Users	START	1626535941581
USER	Users	END	1626535941597
REQUEST		MF Products 8	1626535940343	1626535941608	OK	 
USER	Users	START	1626535941621
REQUEST		MF Products 8	1626535940222	1626535941623	OK	 
USER	Users	END	1626535941651
REQUEST		MF Products 8	1626535940502	1626535941653	OK	 
REQUEST		MF Products 8	1626535940464	1626535941657	OK	 
USER	Users	START	1626535941665
USER	Users	END	1626535941691
USER	Users	START	1626535941702
REQUEST		MF Products 8	1626535939941	1626535941724	OK	 
USER	Users	START	1626535941745
USER	Users	END	1626535941746
REQUEST		MF Products 8	1626535940661	1626535941778	OK	 
USER	Users	START	1626535941785
USER	Users	END	1626535941794
USER	Users	START	1626535941823
USER	Users	END	1626535941848
USER	Users	END	1626535941855
USER	Users	START	1626535941863
REQUEST		MF Products 8	1626535940741	1626535941895	OK	 
USER	Users	END	1626535941896
USER	Users	START	1626535941905
USER	Users	END	1626535941910
REQUEST		MF Products 8	1626535940621	1626535941927	OK	 
USER	Users	START	1626535941941
USER	Users	END	1626535941942
USER	Users	END	1626535941961
REQUEST		MF Products 8	1626535941021	1626535941965	OK	 
USER	Users	START	1626535941984
USER	Users	END	1626535942013
USER	Users	END	1626535942018
USER	Users	END	1626535942024
USER	Users	END	1626535942024
USER	Users	START	1626535942024
USER	Users	START	1626535942061
USER	Users	END	1626535942102
USER	Users	START	1626535942102
USER	Users	END	1626535942105
USER	Users	END	1626535942116
USER	Users	END	1626535942123
USER	Users	START	1626535942140
REQUEST		MF Products 8	1626535940541	1626535942158	OK	 
REQUEST		MF Products 8	1626535940784	1626535942160	OK	 
USER	Users	END	1626535942167
USER	Users	END	1626535942168
REQUEST		MF Products 8	1626535941185	1626535942181	OK	 
USER	Users	START	1626535942184
REQUEST		MF Products 8	1626535940584	1626535942199	OK	 
USER	Users	END	1626535942205
USER	Users	END	1626535942208
USER	Users	START	1626535942223
USER	Users	END	1626535942258
USER	Users	START	1626535942262
REQUEST		MF Products 8	1626535940981	1626535942264	OK	 
USER	Users	END	1626535942272
REQUEST		MF Products 8	1626535941060	1626535942287	OK	 
USER	Users	START	1626535942305
REQUEST		MF Products 8	1626535940424	1626535942336	OK	 
USER	Users	END	1626535942341
USER	Users	START	1626535942343
REQUEST		MF Products 8	1626535941301	1626535942350	OK	 
REQUEST		MF Products 8	1626535941221	1626535942367	OK	 
REQUEST		MF Products 8	1626535941100	1626535942376	OK	 
USER	Users	END	1626535942376
USER	Users	END	1626535942376
USER	Users	START	1626535942381
REQUEST		MF Products 8	1626535940861	1626535942412	OK	 
USER	Users	START	1626535942423
REQUEST		MF Products 8	1626535940822	1626535942460	OK	 
REQUEST		MF Products 8	1626535941621	1626535942461	OK	 
USER	Users	START	1626535942464
REQUEST		MF Products 8	1626535940904	1626535942474	OK	 
USER	Users	END	1626535942488
USER	Users	END	1626535942493
USER	Users	START	1626535942505
REQUEST		MF Products 8	1626535941544	1626535942521	OK	 
REQUEST		MF Products 8	1626535941581	1626535942530	OK	 
USER	Users	START	1626535942544
USER	Users	END	1626535942557
USER	Users	END	1626535942567
USER	Users	START	1626535942584
USER	Users	END	1626535942611
USER	Users	START	1626535942625
USER	Users	END	1626535942626
USER	Users	END	1626535942654
USER	Users	END	1626535942660
USER	Users	START	1626535942663
REQUEST		MF Products 8	1626535941384	1626535942679	OK	 
USER	Users	START	1626535942702
REQUEST		MF Products 8	1626535941260	1626535942716	OK	 
USER	Users	END	1626535942725
USER	Users	START	1626535942746
REQUEST		MF Products 8	1626535941463	1626535942756	OK	 
USER	Users	END	1626535942779
USER	Users	START	1626535942782
REQUEST		MF Products 8	1626535941863	1626535942819	OK	 
USER	Users	START	1626535942824
REQUEST		MF Products 8	1626535940942	1626535942862	OK	 
USER	Users	START	1626535942864
REQUEST		MF Products 8	1626535941341	1626535942891	OK	 
USER	Users	END	1626535942900
USER	Users	START	1626535942905
REQUEST		MF Products 8	1626535942024	1626535942927	OK	 
USER	Users	END	1626535942927
USER	Users	START	1626535942941
USER	Users	END	1626535942967
REQUEST		MF Products 8	1626535941786	1626535942968	OK	 
REQUEST		MF Products 8	1626535941141	1626535942982	OK	 
USER	Users	START	1626535942984
REQUEST		MF Products 8	1626535941702	1626535942995	OK	 
REQUEST		MF Products 8	1626535941984	1626535942996	OK	 
USER	Users	START	1626535943021
REQUEST		MF Products 8	1626535942185	1626535943038	OK	 
USER	Users	START	1626535943063
USER	Users	START	1626535943102
REQUEST		MF Products 8	1626535941905	1626535943108	OK	 
REQUEST		MF Products 8	1626535941823	1626535943124	OK	 
USER	Users	START	1626535943144
USER	Users	END	1626535943159
REQUEST		MF Products 8	1626535941745	1626535943163	OK	 
USER	Users	END	1626535943165
REQUEST		MF Products 8	1626535941941	1626535943172	OK	 
USER	Users	START	1626535943186
USER	Users	END	1626535943187
USER	Users	END	1626535943203
USER	Users	START	1626535943222
REQUEST		MF Products 8	1626535941422	1626535943232	OK	 
REQUEST		MF Products 8	1626535942061	1626535943249	OK	 
REQUEST		MF Products 8	1626535940384	1626535943257	OK	 
REQUEST		MF Products 8	1626535942343	1626535943261	OK	 
USER	Users	START	1626535943261
USER	Users	END	1626535943268
USER	Users	END	1626535943288
REQUEST		MF Products 8	1626535942141	1626535943289	OK	 
REQUEST		MF Products 8	1626535942263	1626535943299	OK	 
USER	Users	START	1626535943301
REQUEST		MF Products 8	1626535941501	1626535943321	OK	 
USER	Users	END	1626535943338
USER	Users	START	1626535943341
USER	Users	END	1626535943351
REQUEST		MF Products 8	1626535942102	1626535943362	OK	 
USER	Users	END	1626535943369
USER	Users	END	1626535943379
USER	Users	START	1626535943384
USER	Users	END	1626535943417
USER	Users	START	1626535943422
USER	Users	END	1626535943466
USER	Users	END	1626535943466
USER	Users	START	1626535943465
USER	Users	END	1626535943475
REQUEST		MF Products 8	1626535942505	1626535943486	OK	 
USER	Users	START	1626535943503
USER	Users	END	1626535943522
REQUEST		MF Products 8	1626535942223	1626535943525	OK	 
REQUEST		MF Products 8	1626535942663	1626535943525	OK	 
USER	Users	END	1626535943533
USER	Users	START	1626535943543
REQUEST		MF Products 8	1626535942544	1626535943577	OK	 
REQUEST		MF Products 8	1626535940705	1626535943580	OK	 
USER	Users	START	1626535943585
USER	Users	START	1626535943626
USER	Users	START	1626535943666
USER	Users	END	1626535943684
USER	Users	START	1626535943703
USER	Users	END	1626535943717
USER	Users	START	1626535943744
REQUEST		MF Products 8	1626535942464	1626535943745	OK	 
REQUEST		MF Products 8	1626535941666	1626535943751	OK	 
REQUEST		MF Products 8	1626535942702	1626535943752	OK	 
REQUEST		MF Products 8	1626535942423	1626535943756	OK	 
USER	Users	END	1626535943758
USER	Users	START	1626535943784
REQUEST		MF Products 8	1626535942941	1626535943796	OK	 
USER	Users	END	1626535943820
USER	Users	START	1626535943823
USER	Users	END	1626535943863
USER	Users	START	1626535943865
REQUEST		MF Products 8	1626535942746	1626535943882	OK	 
USER	Users	END	1626535943894
USER	Users	START	1626535943902
USER	Users	END	1626535943928
REQUEST		MF Products 8	1626535943063	1626535943933	OK	 
USER	Users	START	1626535943943
USER	Users	END	1626535943972
USER	Users	END	1626535943983
USER	Users	START	1626535943983
USER	Users	END	1626535944000
USER	Users	END	1626535944000
REQUEST		MF Products 8	1626535943022	1626535944009	OK	 
USER	Users	START	1626535944020
USER	Users	END	1626535944040
REQUEST		MF Products 8	1626535942381	1626535944049	OK	 
USER	Users	START	1626535944063
REQUEST		MF Products 8	1626535942584	1626535944090	OK	 
USER	Users	START	1626535944105
USER	Users	END	1626535944109
REQUEST		MF Products 8	1626535943144	1626535944112	OK	 
USER	Users	END	1626535944126
REQUEST		MF Products 8	1626535942305	1626535944138	OK	 
USER	Users	START	1626535944141
REQUEST		MF Products 8	1626535942824	1626535944158	OK	 
USER	Users	END	1626535944168
REQUEST		MF Products 8	1626535942783	1626535944170	OK	 
USER	Users	END	1626535944175
USER	Users	START	1626535944184
REQUEST		MF Products 8	1626535943102	1626535944195	OK	 
USER	Users	START	1626535944221
REQUEST		MF Products 8	1626535943342	1626535944229	OK	 
USER	Users	END	1626535944237
USER	Users	END	1626535944253
USER	Users	END	1626535944258
USER	Users	START	1626535944262
USER	Users	END	1626535944267
REQUEST		MF Products 8	1626535942905	1626535944271	OK	 
USER	Users	END	1626535944294
USER	Users	END	1626535944301
USER	Users	START	1626535944301
USER	Users	END	1626535944323
REQUEST		MF Products 8	1626535943262	1626535944332	OK	 
USER	Users	START	1626535944340
REQUEST		MF Products 8	1626535943222	1626535944360	OK	 
USER	Users	END	1626535944367
REQUEST		MF Products 8	1626535942864	1626535944379	OK	 
REQUEST		MF Products 8	1626535942984	1626535944379	OK	 
USER	Users	START	1626535944385
USER	Users	START	1626535944424
USER	Users	START	1626535944461
REQUEST		MF Products 8	1626535942625	1626535944466	OK	 
USER	Users	END	1626535944491
USER	Users	START	1626535944505
USER	Users	END	1626535944530
USER	Users	END	1626535944531
USER	Users	START	1626535944540
USER	Users	END	1626535944582
USER	Users	END	1626535944582
USER	Users	START	1626535944582
REQUEST		MF Products 8	1626535943585	1626535944587	OK	 
REQUEST		MF Products 8	1626535943466	1626535944607	OK	 
USER	Users	START	1626535944625
USER	Users	START	1626535944662
USER	Users	START	1626535944702
REQUEST		MF Products 8	1626535943186	1626535944704	OK	 
USER	Users	START	1626535944741
USER	Users	END	1626535944751
USER	Users	END	1626535944753
USER	Users	END	1626535944754
USER	Users	END	1626535944757
REQUEST		MF Products 8	1626535943543	1626535944766	OK	 
USER	Users	START	1626535944784
USER	Users	END	1626535944797
USER	Users	START	1626535944821
REQUEST		MF Products 8	1626535943503	1626535944836	OK	 
USER	Users	START	1626535944865
USER	Users	END	1626535944883
USER	Users	START	1626535944901
USER	Users	END	1626535944935
USER	Users	START	1626535944941
REQUEST		MF Products 8	1626535943666	1626535944951	OK	 
REQUEST		MF Products 8	1626535944020	1626535944966	OK	 
REQUEST		MF Products 8	1626535943301	1626535944980	OK	 
USER	Users	START	1626535944984
REQUEST		MF Products 8	1626535943422	1626535945002	OK	 
REQUEST		MF Products 8	1626535943983	1626535945003	OK	 
USER	Users	END	1626535945013
USER	Users	START	1626535945021
USER	Users	END	1626535945052
REQUEST		MF Products 8	1626535944063	1626535945060	OK	 
USER	Users	START	1626535945060
REQUEST		MF Products 8	1626535943866	1626535945085	OK	 
REQUEST		MF Products 8	1626535943384	1626535945090	OK	 
USER	Users	END	1626535945093
USER	Users	START	1626535945102
USER	Users	END	1626535945116
USER	Users	END	1626535945141
USER	Users	START	1626535945144
REQUEST		MF Products 8	1626535943943	1626535945152	OK	 
USER	Users	END	1626535945161
USER	Users	END	1626535945176
USER	Users	START	1626535945184
USER	Users	END	1626535945196
USER	Users	START	1626535945225
USER	Users	END	1626535945231
REQUEST		MF Products 8	1626535943626	1626535945236	OK	 
USER	Users	START	1626535945265
USER	Users	END	1626535945272
REQUEST		MF Products 8	1626535943744	1626535945281	OK	 
REQUEST		MF Products 8	1626535944141	1626535945283	OK	 
REQUEST		MF Products 8	1626535944461	1626535945286	OK	 
USER	Users	START	1626535945301
USER	Users	END	1626535945334
USER	Users	START	1626535945341
REQUEST		MF Products 8	1626535944301	1626535945343	OK	 
REQUEST		MF Products 8	1626535943703	1626535945352	OK	 
REQUEST		MF Products 8	1626535943824	1626535945359	OK	 
USER	Users	END	1626535945366
USER	Users	END	1626535945384
USER	Users	END	1626535945384
USER	Users	START	1626535945384
REQUEST		MF Products 8	1626535943784	1626535945416	OK	 
REQUEST		MF Products 8	1626535944105	1626535945423	OK	 
REQUEST		MF Products 8	1626535944424	1626535945424	OK	 
USER	Users	START	1626535945424
USER	Users	START	1626535945465
USER	Users	END	1626535945472
USER	Users	START	1626535945505
REQUEST		MF Products 8	1626535944582	1626535945537	OK	 
USER	Users	START	1626535945544
REQUEST		MF Products 8	1626535944741	1626535945566	OK	 
USER	Users	START	1626535945584
USER	Users	END	1626535945591
USER	Users	END	1626535945609
USER	Users	START	1626535945622
REQUEST		MF Products 8	1626535943902	1626535945663	OK	 
USER	Users	START	1626535945665
USER	Users	END	1626535945705
USER	Users	START	1626535945705
USER	Users	START	1626535945741
REQUEST		MF Products 8	1626535944822	1626535945747	OK	 
REQUEST		MF Products 8	1626535944784	1626535945748	OK	 
USER	Users	END	1626535945767
USER	Users	START	1626535945782
REQUEST		MF Products 8	1626535944541	1626535945794	OK	 
REQUEST		MF Products 8	1626535944702	1626535945799	OK	 
USER	Users	START	1626535945824
USER	Users	END	1626535945841
USER	Users	START	1626535945865
REQUEST		MF Products 8	1626535944984	1626535945902	OK	 
USER	Users	START	1626535945902
REQUEST		MF Products 8	1626535944942	1626535945902	OK	 
USER	Users	START	1626535945943
USER	Users	END	1626535945955
USER	Users	END	1626535945966
REQUEST		MF Products 8	1626535945102	1626535945977	OK	 
USER	Users	END	1626535945981
USER	Users	START	1626535945981
REQUEST		MF Products 8	1626535945061	1626535945987	OK	 
USER	Users	END	1626535946003
USER	Users	END	1626535946004
REQUEST		MF Products 8	1626535944866	1626535946020	OK	 
USER	Users	START	1626535946021
USER	Users	END	1626535946066
USER	Users	START	1626535946065
USER	Users	END	1626535946086
REQUEST		MF Products 8	1626535945144	1626535946087	OK	 
USER	Users	END	1626535946091
USER	Users	START	1626535946101
USER	Users	START	1626535946141
REQUEST		MF Products 8	1626535945266	1626535946143	OK	 
USER	Users	END	1626535946155
USER	Users	START	1626535946184
REQUEST		MF Products 8	1626535944262	1626535946203	OK	 
USER	Users	START	1626535946225
USER	Users	END	1626535946241
USER	Users	START	1626535946262
USER	Users	END	1626535946282
USER	Users	END	1626535946284
USER	Users	END	1626535946290
REQUEST		MF Products 8	1626535944222	1626535946292	OK	 
USER	Users	START	1626535946301
REQUEST		MF Products 8	1626535945022	1626535946329	OK	 
USER	Users	START	1626535946344
USER	Users	END	1626535946346
REQUEST		MF Products 8	1626535945384	1626535946352	OK	 
USER	Users	END	1626535946354
USER	Users	END	1626535946364
REQUEST		MF Products 8	1626535945301	1626535946375	OK	 
USER	Users	START	1626535946383
REQUEST		MF Products 8	1626535944341	1626535946415	OK	 
REQUEST		MF Products 8	1626535945225	1626535946417	OK	 
USER	Users	END	1626535946419
USER	Users	START	1626535946421
USER	Users	END	1626535946424
REQUEST		MF Products 8	1626535944901	1626535946426	OK	 
USER	Users	END	1626535946426
REQUEST		MF Products 8	1626535944185	1626535946435	OK	 
REQUEST		MF Products 8	1626535945342	1626535946451	OK	 
REQUEST		MF Products 8	1626535945424	1626535946455	OK	 
USER	Users	START	1626535946465
REQUEST		MF Products 8	1626535945584	1626535946492	OK	 
USER	Users	START	1626535946501
REQUEST		MF Products 8	1626535944662	1626535946508	OK	 
REQUEST		MF Products 8	1626535945184	1626535946528	OK	 
REQUEST		MF Products 8	1626535945505	1626535946530	OK	 
USER	Users	END	1626535946541
USER	Users	START	1626535946541
USER	Users	END	1626535946570
REQUEST		MF Products 8	1626535945622	1626535946573	OK	 
REQUEST		MF Products 8	1626535944625	1626535946573	OK	 
REQUEST		MF Products 8	1626535944385	1626535946573	OK	 
USER	Users	START	1626535946582
REQUEST		MF Products 8	1626535944505	1626535946598	OK	 
USER	Users	START	1626535946626
USER	Users	START	1626535946665
USER	Users	END	1626535946667
REQUEST		MF Products 8	1626535945666	1626535946678	OK	 
REQUEST		MF Products 8	1626535945825	1626535946678	OK	 
REQUEST		MF Products 8	1626535945742	1626535946695	OK	 
REQUEST		MF Products 8	1626535945544	1626535946697	OK	 
USER	Users	START	1626535946705
USER	Users	START	1626535946743
USER	Users	END	1626535946750
USER	Users	END	1626535946750
USER	Users	START	1626535946784
USER	Users	END	1626535946797
USER	Users	END	1626535946801
USER	Users	START	1626535946822
REQUEST		MF Products 8	1626535945866	1626535946842	OK	 
REQUEST		MF Products 8	1626535945943	1626535946861	OK	 
USER	Users	START	1626535946866
USER	Users	START	1626535946901
USER	Users	END	1626535946903
USER	Users	END	1626535946903
REQUEST		MF Products 8	1626535946066	1626535946925	OK	 
USER	Users	START	1626535946941
USER	Users	END	1626535946983
USER	Users	START	1626535946985
USER	Users	END	1626535946991
USER	Users	END	1626535947026
USER	Users	START	1626535947026
USER	Users	START	1626535947065
REQUEST		MF Products 8	1626535945782	1626535947076	OK	 
USER	Users	END	1626535947091
USER	Users	START	1626535947105
USER	Users	START	1626535947142
USER	Users	END	1626535947143
USER	Users	START	1626535947185
REQUEST		MF Products 8	1626535946225	1626535947204	OK	 
USER	Users	END	1626535947205
REQUEST		MF Products 8	1626535946101	1626535947205	OK	 
REQUEST		MF Products 8	1626535946301	1626535947205	OK	 
USER	Users	START	1626535947223
USER	Users	START	1626535947266
USER	Users	END	1626535947292
USER	Users	START	1626535947305
USER	Users	END	1626535947333
REQUEST		MF Products 8	1626535946383	1626535947340	OK	 
USER	Users	START	1626535947346
USER	Users	END	1626535947353
REQUEST		MF Products 8	1626535946141	1626535947360	OK	 
USER	Users	END	1626535947377
USER	Users	START	1626535947383
USER	Users	END	1626535947417
USER	Users	END	1626535947418
USER	Users	START	1626535947425
USER	Users	END	1626535947427
USER	Users	END	1626535947441
USER	Users	END	1626535947455
USER	Users	END	1626535947457
USER	Users	START	1626535947462
REQUEST		MF Products 8	1626535946466	1626535947471	OK	 
USER	Users	END	1626535947493
USER	Users	START	1626535947503
USER	Users	END	1626535947513
USER	Users	END	1626535947530
USER	Users	END	1626535947531
USER	Users	START	1626535947541
USER	Users	END	1626535947576
USER	Users	END	1626535947578
USER	Users	END	1626535947578
USER	Users	START	1626535947583
USER	Users	END	1626535947600
USER	Users	START	1626535947624
USER	Users	START	1626535947665
USER	Users	END	1626535947684
USER	Users	END	1626535947684
USER	Users	END	1626535947695
USER	Users	END	1626535947700
USER	Users	START	1626535947705
REQUEST		MF Products 8	1626535946421	1626535947739	OK	 
USER	Users	START	1626535947746
USER	Users	START	1626535947783
REQUEST		MF Products 8	1626535945705	1626535947789	OK	 
USER	Users	START	1626535947826
REQUEST		MF Products 8	1626535946582	1626535947831	OK	 
USER	Users	END	1626535947845
REQUEST		MF Products 8	1626535946666	1626535947855	OK	 
USER	Users	END	1626535947866
USER	Users	START	1626535947865
REQUEST		MF Products 8	1626535945466	1626535947893	OK	 
USER	Users	START	1626535947902
REQUEST		MF Products 8	1626535945902	1626535947916	OK	 
REQUEST		MF Products 8	1626535946705	1626535947917	OK	 
REQUEST		MF Products 8	1626535946902	1626535947924	OK	 
USER	Users	END	1626535947928
USER	Users	START	1626535947944
REQUEST		MF Products 8	1626535946784	1626535947956	OK	 
USER	Users	START	1626535947983
REQUEST		MF Products 8	1626535947142	1626535948021	OK	 
USER	Users	START	1626535948021
REQUEST		MF Products 8	1626535946822	1626535948035	OK	 
REQUEST		MF Products 8	1626535946866	1626535948053	OK	 
USER	Users	START	1626535948065
REQUEST		MF Products 8	1626535947066	1626535948068	OK	 
REQUEST		MF Products 8	1626535946344	1626535948073	OK	 
USER	Users	END	1626535948078
REQUEST		MF Products 8	1626535945981	1626535948079	OK	 
REQUEST		MF Products 8	1626535947223	1626535948101	OK	 
USER	Users	START	1626535948101
REQUEST		MF Products 8	1626535946022	1626535948130	OK	 
REQUEST		MF Products 8	1626535947266	1626535948136	OK	 
USER	Users	START	1626535948145
REQUEST		MF Products 8	1626535946626	1626535948170	OK	 
USER	Users	START	1626535948183
REQUEST		MF Products 8	1626535946743	1626535948193	OK	 
USER	Users	END	1626535948206
USER	Users	END	1626535948206
USER	Users	END	1626535948207
USER	Users	START	1626535948221
REQUEST		MF Products 8	1626535947026	1626535948233	OK	 
REQUEST		MF Products 8	1626535946184	1626535948241	OK	 
USER	Users	START	1626535948265
REQUEST		MF Products 8	1626535947185	1626535948271	OK	 
REQUEST		MF Products 8	1626535947105	1626535948276	OK	 
USER	Users	START	1626535948306
USER	Users	END	1626535948345
USER	Users	START	1626535948345
USER	Users	END	1626535948363
REQUEST		MF Products 8	1626535946262	1626535948364	OK	 
REQUEST		MF Products 8	1626535946541	1626535948383	OK	 
USER	Users	START	1626535948384
REQUEST		MF Products 8	1626535947463	1626535948413	OK	 
USER	Users	START	1626535948421
REQUEST		MF Products 8	1626535947383	1626535948457	OK	 
USER	Users	START	1626535948464
USER	Users	END	1626535948473
REQUEST		MF Products 8	1626535946501	1626535948475	OK	 
USER	Users	START	1626535948505
REQUEST		MF Products 8	1626535947305	1626535948523	OK	 
REQUEST		MF Products 8	1626535947503	1626535948526	OK	 
USER	Users	START	1626535948546
USER	Users	START	1626535948583
REQUEST		MF Products 8	1626535947347	1626535948589	OK	 
REQUEST		MF Products 8	1626535947426	1626535948589	OK	 
REQUEST		MF Products 8	1626535946985	1626535948619	OK	 
REQUEST		MF Products 8	1626535946941	1626535948620	OK	 
USER	Users	START	1626535948624
USER	Users	START	1626535948664
REQUEST		MF Products 8	1626535947541	1626535948678	OK	 
USER	Users	START	1626535948702
USER	Users	END	1626535948744
USER	Users	START	1626535948744
USER	Users	START	1626535948783
USER	Users	END	1626535948793
USER	Users	START	1626535948821
USER	Users	END	1626535948833
USER	Users	END	1626535948856
USER	Users	START	1626535948864
USER	Users	END	1626535948894
REQUEST		MF Products 8	1626535947705	1626535948896	OK	 
USER	Users	START	1626535948905
USER	Users	END	1626535948917
USER	Users	END	1626535948919
USER	Users	END	1626535948925
USER	Users	START	1626535948942
USER	Users	END	1626535948959
REQUEST		MF Products 8	1626535948021	1626535948972	OK	 
USER	Users	START	1626535948986
USER	Users	START	1626535949023
REQUEST		MF Products 8	1626535947827	1626535949023	OK	 
USER	Users	END	1626535949024
USER	Users	END	1626535949036
USER	Users	END	1626535949055
REQUEST		MF Products 8	1626535948145	1626535949063	OK	 
USER	Users	START	1626535949064
USER	Users	END	1626535949069
USER	Users	END	1626535949078
USER	Users	END	1626535949083
REQUEST		MF Products 8	1626535947866	1626535949091	OK	 
USER	Users	END	1626535949103
USER	Users	START	1626535949103
USER	Users	END	1626535949133
USER	Users	END	1626535949141
USER	Users	START	1626535949140
REQUEST		MF Products 8	1626535948221	1626535949145	OK	 
REQUEST		MF Products 8	1626535948183	1626535949151	OK	 
REQUEST		MF Products 8	1626535948101	1626535949169	OK	 
USER	Users	END	1626535949174
USER	Users	START	1626535949182
USER	Users	END	1626535949194
USER	Users	START	1626535949222
REQUEST		MF Products 8	1626535948066	1626535949224	OK	 
REQUEST		MF Products 8	1626535947583	1626535949227	OK	 
USER	Users	END	1626535949236
USER	Users	END	1626535949245
USER	Users	START	1626535949264
USER	Users	END	1626535949274
USER	Users	END	1626535949278
REQUEST		MF Products 8	1626535948306	1626535949304	OK	 
USER	Users	START	1626535949304
USER	Users	START	1626535949343
REQUEST		MF Products 8	1626535947783	1626535949362	OK	 
REQUEST		MF Products 8	1626535947624	1626535949364	OK	 
USER	Users	END	1626535949367
USER	Users	START	1626535949384
USER	Users	END	1626535949385
REQUEST		MF Products 8	1626535948464	1626535949395	OK	 
USER	Users	END	1626535949415
USER	Users	START	1626535949421
REQUEST		MF Products 8	1626535947666	1626535949433	OK	 
REQUEST		MF Products 8	1626535948345	1626535949451	OK	 
USER	Users	END	1626535949460
USER	Users	START	1626535949464
REQUEST		MF Products 8	1626535947944	1626535949474	OK	 
USER	Users	END	1626535949477
USER	Users	START	1626535949501
REQUEST		MF Products 8	1626535947746	1626535949520	OK	 
REQUEST		MF Products 8	1626535948384	1626535949520	OK	 
USER	Users	END	1626535949529
USER	Users	END	1626535949529
USER	Users	START	1626535949544
USER	Users	START	1626535949582
USER	Users	END	1626535949591
USER	Users	END	1626535949591
REQUEST		MF Products 8	1626535948665	1626535949603	OK	 
USER	Users	END	1626535949621
USER	Users	END	1626535949621
USER	Users	START	1626535949621
USER	Users	START	1626535949664
USER	Users	END	1626535949684
REQUEST		MF Products 8	1626535948821	1626535949689	OK	 
USER	Users	START	1626535949705
REQUEST		MF Products 8	1626535948546	1626535949714	OK	 
REQUEST		MF Products 8	1626535948702	1626535949732	OK	 
USER	Users	START	1626535949742
REQUEST		MF Products 8	1626535948505	1626535949768	OK	 
USER	Users	START	1626535949783
REQUEST		MF Products 8	1626535948266	1626535949811	OK	 
REQUEST		MF Products 8	1626535947902	1626535949818	OK	 
USER	Users	START	1626535949823
USER	Users	START	1626535949864
USER	Users	END	1626535949901
USER	Users	START	1626535949905
REQUEST		MF Products 8	1626535948783	1626535949911	OK	 
USER	Users	START	1626535949946
USER	Users	END	1626535949976
USER	Users	START	1626535949985
REQUEST		MF Products 8	1626535948422	1626535949991	OK	 
REQUEST		MF Products 8	1626535948905	1626535949994	OK	 
REQUEST		MF Products 8	1626535948744	1626535950017	OK	 
REQUEST		MF Products 8	1626535949141	1626535950018	OK	 
USER	Users	START	1626535950021
USER	Users	END	1626535950028
USER	Users	START	1626535950064
USER	Users	END	1626535950065
REQUEST		MF Products 8	1626535948624	1626535950088	OK	 
USER	Users	END	1626535950093
USER	Users	START	1626535950105
USER	Users	START	1626535950141
REQUEST		MF Products 8	1626535948942	1626535950144	OK	 
USER	Users	END	1626535950150
USER	Users	END	1626535950155
USER	Users	END	1626535950173
USER	Users	START	1626535950184
REQUEST		MF Products 8	1626535948584	1626535950190	OK	 
REQUEST		MF Products 8	1626535949264	1626535950192	OK	 
USER	Users	START	1626535950222
REQUEST		MF Products 8	1626535947983	1626535950225	OK	 
USER	Users	END	1626535950227
USER	Users	END	1626535950228
REQUEST		MF Products 8	1626535948986	1626535950248	OK	 
USER	Users	START	1626535950264
REQUEST		MF Products 8	1626535949183	1626535950301	OK	 
USER	Users	START	1626535950301
USER	Users	END	1626535950306
USER	Users	START	1626535950344
USER	Users	END	1626535950365
USER	Users	END	1626535950366
USER	Users	START	1626535950384
USER	Users	END	1626535950401
USER	Users	START	1626535950425
USER	Users	END	1626535950436
REQUEST		MF Products 8	1626535949544	1626535950451	OK	 
REQUEST		MF Products 8	1626535948865	1626535950451	OK	 
REQUEST		MF Products 8	1626535949023	1626535950451	OK	 
REQUEST		MF Products 8	1626535949582	1626535950451	OK	 
USER	Users	END	1626535950452
USER	Users	START	1626535950463
USER	Users	END	1626535950475
USER	Users	START	1626535950501
REQUEST		MF Products 8	1626535949064	1626535950504	OK	 
USER	Users	END	1626535950521
USER	Users	END	1626535950521
USER	Users	START	1626535950543
USER	Users	START	1626535950581
USER	Users	END	1626535950604
USER	Users	START	1626535950621
REQUEST		MF Products 8	1626535949344	1626535950636	OK	 
REQUEST		MF Products 8	1626535949384	1626535950660	OK	 
USER	Users	START	1626535950660
REQUEST		MF Products 8	1626535949705	1626535950684	OK	 
USER	Users	END	1626535950691
USER	Users	START	1626535950702
USER	Users	END	1626535950716
USER	Users	END	1626535950733
USER	Users	START	1626535950741
REQUEST		MF Products 8	1626535949222	1626535950772	OK	 
USER	Users	END	1626535950772
USER	Users	START	1626535950783
USER	Users	END	1626535950813
USER	Users	END	1626535950819
USER	Users	START	1626535950821
REQUEST		MF Products 8	1626535949664	1626535950845	OK	 
USER	Users	START	1626535950863
REQUEST		MF Products 8	1626535949103	1626535950882	OK	 
USER	Users	START	1626535950901
USER	Users	END	1626535950913
USER	Users	START	1626535950941
REQUEST		MF Products 8	1626535950021	1626535950953	OK	 
USER	Users	START	1626535950984
USER	Users	END	1626535950994
USER	Users	END	1626535950995
USER	Users	END	1626535951019
USER	Users	END	1626535951019
USER	Users	START	1626535951020
REQUEST		MF Products 8	1626535949823	1626535951061	OK	 
USER	Users	START	1626535951063
USER	Users	END	1626535951089
USER	Users	START	1626535951105
REQUEST		MF Products 8	1626535949946	1626535951140	OK	 
USER	Users	START	1626535951144
USER	Users	END	1626535951144
REQUEST		MF Products 8	1626535950184	1626535951176	OK	 
REQUEST		MF Products 8	1626535949421	1626535951177	OK	 
REQUEST		MF Products 8	1626535949622	1626535951177	OK	 
USER	Users	START	1626535951183
USER	Users	END	1626535951193
USER	Users	END	1626535951194
USER	Users	START	1626535951222
REQUEST		MF Products 8	1626535950065	1626535951229	OK	 
USER	Users	END	1626535951229
REQUEST		MF Products 8	1626535950141	1626535951247	OK	 
USER	Users	END	1626535951249
REQUEST		MF Products 8	1626535950105	1626535951255	OK	 
REQUEST		MF Products 8	1626535950222	1626535951257	OK	 
USER	Users	START	1626535951263
REQUEST		MF Products 8	1626535950425	1626535951284	OK	 
USER	Users	START	1626535951300
USER	Users	END	1626535951302
REQUEST		MF Products 8	1626535950463	1626535951328	OK	 
USER	Users	START	1626535951341
REQUEST		MF Products 8	1626535949905	1626535951364	OK	 
USER	Users	START	1626535951385
REQUEST		MF Products 8	1626535950344	1626535951399	OK	 
USER	Users	START	1626535951420
REQUEST		MF Products 8	1626535949742	1626535951431	OK	 
USER	Users	END	1626535951456
USER	Users	END	1626535951456
USER	Users	END	1626535951456
USER	Users	END	1626535951456
USER	Users	START	1626535951464
REQUEST		MF Products 8	1626535949304	1626535951474	OK	 
REQUEST		MF Products 8	1626535950264	1626535951486	OK	 
USER	Users	START	1626535951501
USER	Users	END	1626535951504
REQUEST		MF Products 8	1626535950581	1626535951531	OK	 
USER	Users	START	1626535951541
USER	Users	START	1626535951581
REQUEST		MF Products 8	1626535950544	1626535951597	OK	 
USER	Users	START	1626535951624
REQUEST		MF Products 8	1626535949464	1626535951635	OK	 
REQUEST		MF Products 8	1626535950741	1626535951636	OK	 
USER	Users	END	1626535951641
USER	Users	END	1626535951662
USER	Users	START	1626535951662
USER	Users	END	1626535951688
USER	Users	START	1626535951702
REQUEST		MF Products 8	1626535950501	1626535951732	OK	 
REQUEST		MF Products 8	1626535950863	1626535951732	OK	 
REQUEST		MF Products 8	1626535950703	1626535951732	OK	 
USER	Users	START	1626535951744
REQUEST		MF Products 8	1626535950621	1626535951758	OK	 
REQUEST		MF Products 8	1626535949985	1626535951764	OK	 
USER	Users	END	1626535951774
USER	Users	START	1626535951783
REQUEST		MF Products 8	1626535949864	1626535951787	OK	 
USER	Users	START	1626535951822
USER	Users	END	1626535951847
USER	Users	START	1626535951862
USER	Users	END	1626535951883
USER	Users	START	1626535951901
REQUEST		MF Products 8	1626535949783	1626535951934	OK	 
USER	Users	START	1626535951945
USER	Users	END	1626535951955
REQUEST		MF Products 8	1626535950660	1626535951975	OK	 
USER	Users	START	1626535951984
REQUEST		MF Products 8	1626535951020	1626535952000	OK	 
USER	Users	START	1626535952020
REQUEST		MF Products 8	1626535950385	1626535952037	OK	 
USER	Users	START	1626535952062
USER	Users	END	1626535952064
REQUEST		MF Products 8	1626535949501	1626535952102	OK	 
USER	Users	START	1626535952105
REQUEST		MF Products 8	1626535951063	1626535952128	OK	 
USER	Users	START	1626535952141
USER	Users	END	1626535952143
REQUEST		MF Products 8	1626535950901	1626535952153	OK	 
USER	Users	END	1626535952179
USER	Users	END	1626535952179
USER	Users	END	1626535952179
USER	Users	START	1626535952181
REQUEST		MF Products 8	1626535951341	1626535952192	OK	 
REQUEST		MF Products 8	1626535951144	1626535952194	OK	 
REQUEST		MF Products 8	1626535950301	1626535952195	OK	 
USER	Users	START	1626535952223
USER	Users	END	1626535952234
REQUEST		MF Products 8	1626535950783	1626535952248	OK	 
USER	Users	END	1626535952252
USER	Users	END	1626535952258
USER	Users	END	1626535952262
USER	Users	START	1626535952261
USER	Users	END	1626535952284
USER	Users	START	1626535952300
REQUEST		MF Products 8	1626535951421	1626535952306	OK	 
USER	Users	END	1626535952333
USER	Users	START	1626535952340
REQUEST		MF Products 8	1626535950822	1626535952347	OK	 
USER	Users	END	1626535952366
REQUEST		MF Products 8	1626535950984	1626535952375	OK	 
USER	Users	START	1626535952383
USER	Users	END	1626535952402
REQUEST		MF Products 8	1626535951105	1626535952407	OK	 
USER	Users	START	1626535952420
REQUEST		MF Products 8	1626535951300	1626535952428	OK	 
USER	Users	END	1626535952432
USER	Users	START	1626535952461
USER	Users	END	1626535952476
USER	Users	END	1626535952491
USER	Users	START	1626535952501
USER	Users	END	1626535952535
USER	Users	START	1626535952541
USER	Users	START	1626535952583
REQUEST		MF Products 8	1626535951263	1626535952591	OK	 
USER	Users	END	1626535952601
REQUEST		MF Products 8	1626535951624	1626535952621	OK	 
USER	Users	START	1626535952621
USER	Users	END	1626535952641
USER	Users	END	1626535952641
USER	Users	START	1626535952661
REQUEST		MF Products 8	1626535951702	1626535952671	OK	 
USER	Users	START	1626535952703
REQUEST		MF Products 8	1626535951501	1626535952705	OK	 
REQUEST		MF Products 8	1626535951822	1626535952731	OK	 
USER	Users	END	1626535952734
USER	Users	END	1626535952734
USER	Users	END	1626535952734
REQUEST		MF Products 8	1626535951862	1626535952737	OK	 
USER	Users	START	1626535952744
USER	Users	END	1626535952759
USER	Users	END	1626535952766
USER	Users	START	1626535952784
USER	Users	END	1626535952791
REQUEST		MF Products 8	1626535951541	1626535952814	OK	 
USER	Users	START	1626535952822
REQUEST		MF Products 8	1626535951183	1626535952862	OK	 
USER	Users	START	1626535952861
USER	Users	START	1626535952900
USER	Users	END	1626535952936
REQUEST		MF Products 8	1626535951222	1626535952938	OK	 
USER	Users	START	1626535952946
USER	Users	END	1626535952979
USER	Users	START	1626535952984
USER	Users	END	1626535953001
USER	Users	START	1626535953020
USER	Users	END	1626535953042
REQUEST		MF Products 8	1626535951385	1626535953045	OK	 
USER	Users	START	1626535953061
REQUEST		MF Products 8	1626535951783	1626535953084	OK	 
REQUEST		MF Products 8	1626535951464	1626535953086	OK	 
REQUEST		MF Products 8	1626535950941	1626535953086	OK	 
REQUEST		MF Products 8	1626535952223	1626535953086	OK	 
USER	Users	END	1626535953105
USER	Users	START	1626535953105
USER	Users	END	1626535953134
USER	Users	START	1626535953141
REQUEST		MF Products 8	1626535951985	1626535953149	OK	 
USER	Users	END	1626535953156
REQUEST		MF Products 8	1626535952105	1626535953165	OK	 
USER	Users	START	1626535953184
USER	Users	END	1626535953193
USER	Users	END	1626535953198
USER	Users	END	1626535953199
REQUEST		MF Products 8	1626535951581	1626535953218	OK	 
REQUEST		MF Products 8	1626535951945	1626535953218	OK	 
USER	Users	START	1626535953221
USER	Users	END	1626535953248
USER	Users	START	1626535953265
REQUEST		MF Products 8	1626535952020	1626535953299	OK	 
USER	Users	START	1626535953301
USER	Users	END	1626535953311
USER	Users	START	1626535953341
REQUEST		MF Products 8	1626535952262	1626535953344	OK	 
USER	Users	END	1626535953353
USER	Users	END	1626535953378
USER	Users	START	1626535953384
USER	Users	END	1626535953409
USER	Users	START	1626535953421
USER	Users	END	1626535953434
REQUEST		MF Products 8	1626535952141	1626535953455	OK	 
USER	Users	START	1626535953461
REQUEST		MF Products 8	1626535952341	1626535953474	OK	 
REQUEST		MF Products 8	1626535952384	1626535953475	OK	 
REQUEST		MF Products 8	1626535951901	1626535953488	OK	 
USER	Users	START	1626535953501
REQUEST		MF Products 8	1626535952583	1626535953516	OK	 
REQUEST		MF Products 8	1626535952301	1626535953528	OK	 
REQUEST		MF Products 8	1626535952062	1626535953535	OK	 
USER	Users	START	1626535953545
REQUEST		MF Products 8	1626535952661	1626535953578	OK	 
USER	Users	START	1626535953583
USER	Users	END	1626535953597
REQUEST		MF Products 8	1626535951662	1626535953620	OK	 
USER	Users	START	1626535953621
USER	Users	END	1626535953625
USER	Users	START	1626535953665
USER	Users	END	1626535953674
REQUEST		MF Products 8	1626535951744	1626535953700	OK	 
USER	Users	START	1626535953702
USER	Users	END	1626535953709
REQUEST		MF Products 8	1626535952822	1626535953717	OK	 
USER	Users	END	1626535953733
USER	Users	END	1626535953738
REQUEST		MF Products 8	1626535952541	1626535953739	OK	 
USER	Users	START	1626535953744
USER	Users	START	1626535953783
REQUEST		MF Products 8	1626535952785	1626535953788	OK	 
USER	Users	END	1626535953817
USER	Users	START	1626535953821
REQUEST		MF Products 8	1626535952181	1626535953836	OK	 
REQUEST		MF Products 8	1626535952861	1626535953855	OK	 
USER	Users	START	1626535953861
USER	Users	END	1626535953862
USER	Users	START	1626535953903
REQUEST		MF Products 8	1626535952900	1626535953918	OK	 
USER	Users	END	1626535953939
REQUEST		MF Products 8	1626535952501	1626535953940	OK	 
USER	Users	START	1626535953945
REQUEST		MF Products 8	1626535952946	1626535953950	OK	 
REQUEST		MF Products 8	1626535952744	1626535953977	OK	 
USER	Users	START	1626535953983
REQUEST		MF Products 8	1626535953020	1626535954015	OK	 
USER	Users	START	1626535954021
REQUEST		MF Products 8	1626535952621	1626535954031	OK	 
REQUEST		MF Products 8	1626535953061	1626535954042	OK	 
USER	Users	END	1626535954046
REQUEST		MF Products 8	1626535952461	1626535954048	OK	 
USER	Users	START	1626535954061
USER	Users	END	1626535954088
USER	Users	END	1626535954088
USER	Users	END	1626535954090
USER	Users	END	1626535954090
REQUEST		MF Products 8	1626535953184	1626535954090	OK	 
REQUEST		MF Products 8	1626535952985	1626535954091	OK	 
USER	Users	START	1626535954103
USER	Users	START	1626535954143
USER	Users	END	1626535954153
USER	Users	END	1626535954166
USER	Users	START	1626535954184
REQUEST		MF Products 8	1626535952703	1626535954218	OK	 
REQUEST		MF Products 8	1626535953105	1626535954219	OK	 
USER	Users	END	1626535954222
USER	Users	END	1626535954222
USER	Users	START	1626535954223
REQUEST		MF Products 8	1626535953221	1626535954250	OK	 
USER	Users	START	1626535954265
USER	Users	END	1626535954302
USER	Users	START	1626535954304
REQUEST		MF Products 8	1626535953142	1626535954334	OK	 
USER	Users	START	1626535954344
USER	Users	END	1626535954347
USER	Users	START	1626535954383
REQUEST		MF Products 8	1626535953266	1626535954422	OK	 
USER	Users	START	1626535954423
USER	Users	END	1626535954457
USER	Users	START	1626535954465
USER	Users	END	1626535954478
USER	Users	END	1626535954478
REQUEST		MF Products 8	1626535953421	1626535954484	OK	 
REQUEST		MF Products 8	1626535953341	1626535954485	OK	 
USER	Users	END	1626535954493
REQUEST		MF Products 8	1626535953384	1626535954497	OK	 
USER	Users	START	1626535954505
USER	Users	END	1626535954518
USER	Users	END	1626535954530
USER	Users	END	1626535954541
USER	Users	START	1626535954541
REQUEST		MF Products 8	1626535953666	1626535954544	OK	 
REQUEST		MF Products 8	1626535953301	1626535954544	OK	 
REQUEST		MF Products 8	1626535953461	1626535954557	OK	 
USER	Users	END	1626535954578
USER	Users	START	1626535954583
REQUEST		MF Products 8	1626535952421	1626535954600	OK	 
REQUEST		MF Products 8	1626535953501	1626535954620	OK	 
USER	Users	END	1626535954623
USER	Users	START	1626535954623
USER	Users	START	1626535954664
USER	Users	END	1626535954702
USER	Users	START	1626535954702
USER	Users	END	1626535954722
USER	Users	END	1626535954741
USER	Users	START	1626535954741
USER	Users	START	1626535954784
USER	Users	END	1626535954789
USER	Users	START	1626535954824
USER	Users	END	1626535954840
USER	Users	END	1626535954857
USER	Users	START	1626535954866
USER	Users	START	1626535954901
REQUEST		MF Products 8	1626535953783	1626535954909	OK	 
USER	Users	END	1626535954919
USER	Users	END	1626535954943
USER	Users	START	1626535954943
USER	Users	END	1626535954955
USER	Users	END	1626535954977
REQUEST		MF Products 8	1626535953621	1626535954981	OK	 
USER	Users	START	1626535954983
USER	Users	END	1626535955020
USER	Users	START	1626535955023
USER	Users	END	1626535955035
USER	Users	END	1626535955043
USER	Users	END	1626535955052
REQUEST		MF Products 8	1626535953903	1626535955055	OK	 
USER	Users	START	1626535955063
REQUEST		MF Products 8	1626535953861	1626535955070	OK	 
USER	Users	END	1626535955091
USER	Users	END	1626535955094
USER	Users	START	1626535955101
REQUEST		MF Products 8	1626535953945	1626535955110	OK	 
USER	Users	START	1626535955141
REQUEST		MF Products 8	1626535954143	1626535955143	OK	 
REQUEST		MF Products 8	1626535954184	1626535955161	OK	 
REQUEST		MF Products 8	1626535953702	1626535955176	OK	 
USER	Users	START	1626535955181
REQUEST		MF Products 8	1626535954061	1626535955204	OK	 
REQUEST		MF Products 8	1626535954021	1626535955221	OK	 
USER	Users	END	1626535955221
USER	Users	END	1626535955221
USER	Users	START	1626535955221
REQUEST		MF Products 8	1626535954103	1626535955224	OK	 
REQUEST		MF Products 8	1626535954224	1626535955229	OK	 
REQUEST		MF Products 8	1626535953545	1626535955232	OK	 
USER	Users	END	1626535955253
USER	Users	START	1626535955266
USER	Users	START	1626535955305
USER	Users	END	1626535955334
REQUEST		MF Products 8	1626535954265	1626535955344	OK	 
USER	Users	START	1626535955344
USER	Users	START	1626535955383
USER	Users	END	1626535955426
USER	Users	START	1626535955426
REQUEST		MF Products 8	1626535953984	1626535955458	OK	 
REQUEST		MF Products 8	1626535954304	1626535955458	OK	 
REQUEST		MF Products 8	1626535953822	1626535955458	OK	 
REQUEST		MF Products 8	1626535954344	1626535955459	OK	 
REQUEST		MF Products 8	1626535953744	1626535955459	OK	 
REQUEST		MF Products 8	1626535953583	1626535955460	OK	 
USER	Users	START	1626535955461
USER	Users	END	1626535955485
USER	Users	END	1626535955485
USER	Users	END	1626535955502
USER	Users	START	1626535955506
USER	Users	START	1626535955545
USER	Users	END	1626535955550
USER	Users	END	1626535955550
USER	Users	END	1626535955560
REQUEST		MF Products 8	1626535954505	1626535955576	OK	 
USER	Users	START	1626535955582
REQUEST		