RUN	com.gatling.simulations.Capacidades	capacidades	1626479947579	 	3.5.1
USER	Admins	START	1626479950118
USER	Admins	START	1626479950173
USER	Admins	START	1626479950234
USER	Admins	START	1626479950294
USER	Admins	START	1626479950354
USER	Admins	START	1626479950413
USER	Admins	START	1626479950471
USER	Admins	START	1626479950530
USER	Admins	START	1626479950589
USER	Admins	START	1626479950649
USER	Admins	START	1626479950705
USER	Admins	START	1626479950766
USER	Admins	START	1626479950825
USER	Admins	START	1626479950885
USER	Admins	START	1626479950944
USER	Admins	START	1626479951003
USER	Admins	START	1626479951062
USER	Admins	START	1626479951120
USER	Admins	START	1626479951172
USER	Admins	START	1626479951229
USER	Admins	START	1626479951292
USER	Admins	START	1626479951351
USER	Admins	START	1626479951410
USER	Admins	START	1626479951471
USER	Admins	START	1626479951530
USER	Admins	START	1626479951590
USER	Admins	START	1626479951644
USER	Admins	START	1626479951707
USER	Admins	START	1626479951767
USER	Admins	START	1626479951825
USER	Admins	START	1626479951885
USER	Admins	START	1626479951944
USER	Admins	START	1626479952002
USER	Admins	START	1626479952062
USER	Admins	START	1626479952120
USER	Admins	START	1626479952176
USER	Admins	START	1626479952238
USER	Admins	START	1626479952301
USER	Admins	START	1626479952364
USER	Admins	START	1626479952425
USER	Admins	START	1626479952488
USER	Admins	START	1626479952550
USER	Admins	START	1626479952612
USER	Admins	START	1626479952676
USER	Admins	START	1626479952740
USER	Admins	START	1626479952801
USER	Admins	START	1626479952862
USER	Admins	START	1626479952924
USER	Admins	START	1626479952990
USER	Admins	START	1626479953049
USER	Admins	START	1626479953111
USER	Admins	START	1626479953172
USER	Admins	START	1626479953231
USER	Admins	START	1626479953289
USER	Admins	START	1626479953349
USER	Admins	START	1626479953405
USER	Admins	START	1626479953463
USER	Admins	START	1626479953521
USER	Admins	START	1626479953583
USER	Admins	START	1626479953639
USER	Admins	START	1626479953700
USER	Admins	START	1626479953761
USER	Admins	START	1626479953820
USER	Admins	START	1626479953874
USER	Admins	START	1626479953937
USER	Admins	START	1626479953997
USER	Admins	START	1626479954055
USER	Admins	START	1626479954115
USER	Admins	START	1626479954171
USER	Admins	START	1626479954231
USER	Admins	START	1626479954288
USER	Admins	START	1626479954349
USER	Admins	START	1626479954406
USER	Admins	START	1626479954466
USER	Admins	START	1626479954526
USER	Admins	START	1626479954585
USER	Admins	START	1626479954644
USER	Admins	START	1626479954702
USER	Admins	START	1626479954760
USER	Admins	START	1626479954820
USER	Admins	START	1626479954876
USER	Admins	START	1626479954938
USER	Admins	START	1626479954994
USER	Admins	START	1626479955056
USER	Admins	START	1626479955114
USER	Admins	START	1626479955175
USER	Admins	START	1626479955239
USER	Admins	START	1626479955300
USER	Admins	START	1626479955360
USER	Admins	START	1626479955426
USER	Admins	START	1626479955489
USER	Admins	START	1626479955548
USER	Admins	START	1626479955614
USER	Admins	START	1626479955675
USER	Admins	START	1626479955740
USER	Admins	START	1626479955801
USER	Admins	START	1626479955865
USER	Admins	START	1626479955927
USER	Admins	START	1626479955989
USER	Admins	START	1626479956050
USER	Admins	START	1626479956114
USER	Admins	START	1626479956172
USER	Admins	START	1626479956228
USER	Admins	START	1626479956288
USER	Admins	START	1626479956348
USER	Admins	START	1626479956408
USER	Admins	START	1626479956466
USER	Admins	START	1626479956525
USER	Admins	START	1626479956584
USER	Admins	START	1626479956644
USER	Admins	START	1626479956702
USER	Admins	START	1626479956759
USER	Admins	START	1626479956819
USER	Admins	START	1626479956880
USER	Admins	START	1626479956939
USER	Admins	START	1626479956997
USER	Admins	START	1626479957054
USER	Admins	START	1626479957116
USER	Admins	START	1626479957171
USER	Admins	START	1626479957229
USER	Admins	START	1626479957290
USER	Admins	START	1626479957349
USER	Admins	START	1626479957404
USER	Admins	START	1626479957462
USER	Admins	START	1626479957522
USER	Admins	START	1626479957583
USER	Admins	START	1626479957644
USER	Admins	START	1626479957703
USER	Admins	START	1626479957762
USER	Admins	START	1626479957820
USER	Admins	START	1626479957879
USER	Admins	START	1626479957937
USER	Admins	START	1626479957993
USER	Admins	START	1626479958055
USER	Admins	START	1626479958110
USER	Admins	START	1626479958176
USER	Admins	START	1626479958239
USER	Admins	START	1626479958300
USER	Admins	START	1626479958361
USER	Admins	START	1626479958425
USER	Admins	START	1626479958489
USER	Admins	START	1626479958551
USER	Admins	START	1626479958613
USER	Admins	START	1626479958673
USER	Admins	START	1626479958740
USER	Admins	START	1626479958802
USER	Admins	START	1626479958865
USER	Admins	START	1626479958926
USER	Admins	START	1626479958990
USER	Admins	START	1626479959052
USER	Admins	START	1626479959111
USER	Admins	START	1626479959172
USER	Admins	START	1626479959226
USER	Admins	START	1626479959290
USER	Admins	START	1626479959348
USER	Admins	START	1626479959408
USER	Admins	START	1626479959463
USER	Admins	START	1626479959525
USER	Admins	START	1626479959583
USER	Admins	START	1626479959642
USER	Admins	START	1626479959703
USER	Admins	START	1626479959761
USER	Admins	START	1626479959819
USER	Admins	START	1626479959876
USER	Admins	START	1626479959937
USER	Admins	START	1626479959994
USER	Admins	START	1626479960051
USER	Admins	START	1626479960115
USER	Admins	START	1626479960172
USER	Admins	START	1626479960231
USER	Admins	START	1626479960290
USER	Admins	START	1626479960350
USER	Admins	START	1626479960407
USER	Admins	START	1626479960466
USER	Admins	START	1626479960524
USER	Admins	START	1626479960584
USER	Admins	START	1626479960643
USER	Admins	START	1626479960703
USER	Admins	START	1626479960761
USER	Admins	START	1626479960819
USER	Admins	START	1626479960879
USER	Admins	START	1626479960937
USER	Admins	START	1626479960997
USER	Admins	START	1626479961056
USER	Admins	START	1626479961113
USER	Admins	START	1626479961175
USER	Admins	START	1626479961239
USER	Admins	START	1626479961301
USER	Admins	START	1626479961362
USER	Admins	START	1626479961426
USER	Admins	START	1626479961485
USER	Admins	START	1626479961551
USER	Admins	START	1626479961615
USER	Admins	START	1626479961677
USER	Admins	START	1626479961740
USER	Admins	START	1626479961801
USER	Admins	START	1626479961863
USER	Admins	START	1626479961927
USER	Admins	START	1626479961991
USER	Admins	START	1626479962052
USER	Admins	START	1626479962115
USER	Admins	START	1626479962171
USER	Admins	START	1626479962230
USER	Admins	START	1626479962289
USER	Admins	START	1626479962348
USER	Admins	START	1626479962407
USER	Admins	START	1626479962465
USER	Admins	START	1626479962524
USER	Admins	START	1626479962582
USER	Admins	START	1626479962642
USER	Admins	START	1626479962702
USER	Admins	START	1626479962759
USER	Admins	START	1626479962816
USER	Admins	START	1626479962879
USER	Admins	START	1626479962937
USER	Admins	START	1626479962996
USER	Admins	START	1626479963054
USER	Admins	START	1626479963110
USER	Admins	START	1626479963173
USER	Admins	START	1626479963228
USER	Admins	START	1626479963289
USER	Admins	START	1626479963349
USER	Admins	START	1626479963409
USER	Admins	START	1626479963465
USER	Admins	START	1626479963523
USER	Admins	START	1626479963582
USER	Admins	START	1626479963641
USER	Admins	START	1626479963701
USER	Admins	START	1626479963761
USER	Admins	START	1626479963820
USER	Admins	START	1626479963875
USER	Admins	START	1626479963937
USER	Admins	START	1626479963997
USER	Admins	START	1626479964053
USER	Admins	START	1626479964113
USER	Admins	START	1626479964172
USER	Admins	START	1626479964229
USER	Admins	START	1626479964290
USER	Admins	START	1626479964348
USER	Admins	START	1626479964408
USER	Admins	START	1626479964466
USER	Admins	START	1626479964524
USER	Admins	START	1626479964583
USER	Admins	START	1626479964643
USER	Admins	START	1626479964701
USER	Admins	START	1626479964761
USER	Admins	START	1626479964819
USER	Admins	START	1626479964878
USER	Admins	START	1626479964938
USER	Admins	START	1626479964995
USER	Admins	START	1626479965054
USER	Admins	START	1626479965115
USER	Admins	START	1626479965173
USER	Admins	START	1626479965239
USER	Admins	START	1626479965301
USER	Admins	START	1626479965361
USER	Admins	START	1626479965426
USER	Admins	START	1626479965490
USER	Admins	START	1626479965551
USER	Admins	START	1626479965615
USER	Admins	START	1626479965676
USER	Admins	START	1626479965737
USER	Admins	START	1626479965800
USER	Admins	START	1626479965862
USER	Admins	START	1626479965926
USER	Admins	START	1626479965987
USER	Admins	START	1626479966048
USER	Admins	START	1626479966110
USER	Admins	START	1626479966172
USER	Admins	START	1626479966231
USER	Admins	START	1626479966289
USER	Admins	START	1626479966348
USER	Admins	START	1626479966406
USER	Admins	START	1626479966463
USER	Admins	START	1626479966525
USER	Admins	START	1626479966583
USER	Admins	START	1626479966641
USER	Admins	START	1626479966702
USER	Admins	START	1626479966761
USER	Admins	START	1626479966817
USER	Admins	START	1626479966876
USER	Admins	START	1626479966938
USER	Admins	START	1626479966996
USER	Admins	START	1626479967051
USER	Admins	START	1626479967114
USER	Admins	START	1626479967174
USER	Admins	START	1626479967236
USER	Admins	START	1626479967299
USER	Admins	START	1626479967363
USER	Admins	START	1626479967422
USER	Admins	START	1626479967489
USER	Admins	START	1626479967550
USER	Admins	START	1626479967613
USER	Admins	START	1626479967674
USER	Admins	START	1626479967735
USER	Admins	START	1626479967801
USER	Admins	START	1626479967860
USER	Admins	START	1626479967924
USER	Admins	START	1626479967990
USER	Admins	START	1626479968051
USER	Admins	START	1626479968110
USER	Admins	START	1626479968172
USER	Admins	START	1626479968231
USER	Admins	START	1626479968288
USER	Admins	START	1626479968349
USER	Admins	START	1626479968409
USER	Admins	START	1626479968465
USER	Admins	START	1626479968526
USER	Admins	START	1626479968585
USER	Admins	START	1626479968643
USER	Admins	START	1626479968703
USER	Admins	START	1626479968761
USER	Admins	START	1626479968819
USER	Admins	START	1626479968879
USER	Admins	START	1626479968937
USER	Admins	START	1626479968998
USER	Admins	START	1626479969055
USER	Admins	START	1626479969115
USER	Admins	START	1626479969171
USER	Admins	START	1626479969230
USER	Admins	START	1626479969288
USER	Admins	START	1626479969347
USER	Admins	START	1626479969408
USER	Admins	START	1626479969465
USER	Admins	START	1626479969524
USER	Admins	START	1626479969584
USER	Admins	START	1626479969641
USER	Admins	START	1626479969702
USER	Admins	START	1626479969761
USER	Admins	START	1626479969817
USER	Admins	START	1626479969874
USER	Admins	START	1626479969937
USER	Admins	START	1626479969996
USER	Admins	START	1626479970054
USER	Admins	START	1626479970113
USER	Admins	START	1626479970174
USER	Admins	START	1626479970238
USER	Admins	START	1626479970301
USER	Admins	START	1626479970364
USER	Admins	START	1626479970425
USER	Admins	START	1626479970489
USER	Admins	START	1626479970551
USER	Admins	START	1626479970615
USER	Admins	START	1626479970676
USER	Admins	START	1626479970736
USER	Admins	START	1626479970801
USER	Admins	START	1626479970864
USER	Admins	START	1626479970927
USER	Admins	START	1626479970989
USER	Admins	START	1626479971049
USER	Admins	START	1626479971111
USER	Admins	START	1626479971172
USER	Admins	START	1626479971228
USER	Admins	START	1626479971290
USER	Admins	START	1626479971349
USER	Admins	START	1626479971406
USER	Admins	START	1626479971465
USER	Admins	START	1626479971524
USER	Admins	START	1626479971583
USER	Admins	START	1626479971643
USER	Admins	START	1626479971701
USER	Admins	START	1626479971761
USER	Admins	START	1626479971819
USER	Admins	START	1626479971877
USER	Admins	START	1626479971937
USER	Admins	START	1626479971996
USER	Admins	START	1626479972050
USER	Admins	START	1626479972114
USER	Admins	START	1626479972170
USER	Admins	START	1626479972228
USER	Admins	START	1626479972289
USER	Admins	START	1626479972348
USER	Admins	START	1626479972407
USER	Admins	START	1626479972466
USER	Admins	START	1626479972521
USER	Admins	START	1626479972583
USER	Admins	START	1626479972643
USER	Admins	START	1626479972700
USER	Admins	START	1626479972761
USER	Admins	START	1626479972820
USER	Admins	START	1626479972878
USER	Admins	START	1626479972938
USER	Admins	START	1626479972996
USER	Admins	START	1626479973051
USER	Admins	START	1626479973115
USER	Admins	START	1626479973175
USER	Admins	START	1626479973239
USER	Admins	START	1626479973299
USER	Admins	START	1626479973364
USER	Admins	START	1626479973425
USER	Admins	START	1626479973486
USER	Admins	START	1626479973552
USER	Admins	START	1626479973614
USER	Admins	START	1626479973673
USER	Admins	START	1626479973740
USER	Admins	START	1626479973802
USER	Admins	START	1626479973865
USER	Admins	START	1626479973927
USER	Admins	START	1626479973989
USER	Admins	START	1626479974049
USER	Admins	START	1626479974115
USER	Admins	START	1626479974172
USER	Admins	START	1626479974231
USER	Admins	START	1626479974288
USER	Admins	START	1626479974348
USER	Admins	START	1626479974406
USER	Admins	START	1626479974466
USER	Admins	START	1626479974524
USER	Admins	START	1626479974583
USER	Admins	START	1626479974642
USER	Admins	START	1626479974702
USER	Admins	START	1626479974758
USER	Admins	START	1626479974819
USER	Admins	START	1626479974874
USER	Admins	START	1626479974937
USER	Admins	START	1626479974996
USER	Admins	START	1626479975054
USER	Admins	START	1626479975114
USER	Admins	START	1626479975171
USER	Admins	START	1626479975229
USER	Admins	START	1626479975289
USER	Admins	START	1626479975347
USER	Admins	START	1626479975408
USER	Admins	START	1626479975465
USER	Admins	START	1626479975524
USER	Admins	START	1626479975582
USER	Admins	START	1626479975641
USER	Admins	START	1626479975702
USER	Admins	START	1626479975759
USER	Admins	START	1626479975815
USER	Admins	START	1626479975878
USER	Admins	START	1626479975936
USER	Admins	START	1626479975996
USER	Admins	START	1626479976055
USER	Admins	START	1626479976113
USER	Admins	START	1626479976172
USER	Admins	START	1626479976230
USER	Admins	START	1626479976287
USER	Admins	START	1626479976349
USER	Admins	START	1626479976409
USER	Admins	START	1626479976466
USER	Admins	START	1626479976525
USER	Admins	START	1626479976584
USER	Admins	START	1626479976643
USER	Admins	START	1626479976700
USER	Admins	START	1626479976761
USER	Admins	START	1626479976819
USER	Admins	START	1626479976878
USER	Admins	START	1626479976937
USER	Admins	START	1626479976997
USER	Admins	START	1626479977055
USER	Admins	START	1626479977111
USER	Admins	START	1626479977175
USER	Admins	START	1626479977239
USER	Admins	START	1626479977301
USER	Admins	START	1626479977361
USER	Admins	START	1626479977426
USER	Admins	START	1626479977487
USER	Admins	START	1626479977550
USER	Admins	START	1626479977614
USER	Admins	START	1626479977676
USER	Admins	START	1626479977736
USER	Admins	START	1626479977801
USER	Admins	START	1626479977862
USER	Admins	START	1626479977923
USER	Admins	START	1626479977989
USER	Admins	START	1626479978048
USER	Admins	START	1626479978114
USER	Admins	START	1626479978172
USER	Admins	START	1626479978231
USER	Admins	START	1626479978289
USER	Admins	START	1626479978348
USER	Admins	START	1626479978408
USER	Admins	START	1626479978466
USER	Admins	START	1626479978523
USER	Admins	START	1626479978581
USER	Admins	START	1626479978638
USER	Admins	START	1626479978702
USER	Admins	START	1626479978756
USER	Admins	START	1626479978819
USER	Admins	START	1626479978874
USER	Admins	START	1626479978938
USER	Admins	START	1626479978995
USER	Admins	START	1626479979051
USER	Admins	START	1626479979110
USER	Admins	START	1626479979174
USER	Admins	START	1626479979239
USER	Admins	START	1626479979300
USER	Admins	START	1626479979363
USER	Admins	START	1626479979425
USER	Admins	START	1626479979487
USER	Admins	START	1626479979549
USER	Admins	START	1626479979611
USER	Admins	START	1626479979676
USER	Admins	START	1626479979737
USER	Admins	START	1626479979801
USER	Admins	START	1626479979864
USER	Admins	START	1626479979927
USER	Admins	START	1626479979987
USER	Admins	START	1626479980050
REQUEST		Get Ubigeo	1626479950294	1626479991206	OK	 
USER	Admins	END	1626479991216
REQUEST		Get Ubigeo	1626479950531	1626479991238	OK	 
USER	Admins	END	1626479991239
REQUEST		Get Ubigeo	1626479950235	1626479991243	OK	 
USER	Admins	END	1626479991244
REQUEST		Get Ubigeo	1626479950136	1626479991249	OK	 
USER	Admins	END	1626479991249
REQUEST		Get Ubigeo	1626479950173	1626479991255	OK	 
USER	Admins	END	1626479991255
REQUEST		Get Ubigeo	1626479950354	1626479991261	OK	 
USER	Admins	END	1626479991261
REQUEST		Get Ubigeo	1626479950590	1626479991290	OK	 
USER	Admins	END	1626479991290
REQUEST		Get Ubigeo	1626479950413	1626479991295	OK	 
USER	Admins	END	1626479991295
REQUEST		Get Ubigeo	1626479950706	1626479991378	OK	 
USER	Admins	END	1626479991378
REQUEST		Get Ubigeo	1626479950767	1626479991388	OK	 
USER	Admins	END	1626479991389
REQUEST		Get Ubigeo	1626479950649	1626479991399	OK	 
USER	Admins	END	1626479991400
REQUEST		Get Ubigeo	1626479950471	1626479991482	OK	 
USER	Admins	END	1626479991482
REQUEST		Get Ubigeo	1626479950825	1626479991595	OK	 
USER	Admins	END	1626479991595
REQUEST		Get Ubigeo	1626479951003	1626479991600	OK	 
USER	Admins	END	1626479991601
REQUEST		Get Ubigeo	1626479951063	1626479991606	OK	 
USER	Admins	END	1626479991606
REQUEST		Get Ubigeo	1626479950885	1626479991611	OK	 
USER	Admins	END	1626479991611
REQUEST		Get Ubigeo	1626479950944	1626479991672	OK	 
USER	Admins	END	1626479991672
REQUEST		Get Ubigeo	1626479951172	1626479991698	OK	 
USER	Admins	END	1626479991699
REQUEST		Get Ubigeo	1626479951229	1626479991751	OK	 
USER	Admins	END	1626479991751
REQUEST		Get Ubigeo	1626479951351	1626479991768	OK	 
USER	Admins	END	1626479991768
REQUEST		Get Ubigeo	1626479951292	1626479991788	OK	 
USER	Admins	END	1626479991789
REQUEST		Get Ubigeo	1626479951121	1626479991798	OK	 
USER	Admins	END	1626479991799
REQUEST		Get Ubigeo	1626479951530	1626479991978	OK	 
USER	Admins	END	1626479991979
REQUEST		Get Ubigeo	1626479951410	1626479991996	OK	 
USER	Admins	END	1626479991997
REQUEST		Get Ubigeo	1626479951471	1626479992011	OK	 
USER	Admins	END	1626479992011
REQUEST		Get Ubigeo	1626479951590	1626479992281	OK	 
USER	Admins	END	1626479992282
REQUEST		Get Ubigeo	1626479951707	1626479992291	OK	 
USER	Admins	END	1626479992291
REQUEST		Get Ubigeo	1626479951645	1626479992317	OK	 
USER	Admins	END	1626479992317
REQUEST		Get Ubigeo	1626479951767	1626479992399	OK	 
USER	Admins	END	1626479992399
REQUEST		Get Ubigeo	1626479951825	1626479992442	OK	 
USER	Admins	END	1626479992443
REQUEST		Get Ubigeo	1626479951885	1626479992482	OK	 
USER	Admins	END	1626479992482
REQUEST		Get Ubigeo	1626479952003	1626479992489	OK	 
USER	Admins	END	1626479992489
REQUEST		Get Ubigeo	1626479951944	1626479992493	OK	 
USER	Admins	END	1626479992494
REQUEST		Get Ubigeo	1626479952120	1626479992573	OK	 
USER	Admins	END	1626479992573
REQUEST		Get Ubigeo	1626479952176	1626479992691	OK	 
USER	Admins	END	1626479992692
REQUEST		Get Ubigeo	1626479952062	1626479992696	OK	 
USER	Admins	END	1626479992697
REQUEST		Get Ubigeo	1626479952302	1626479992783	OK	 
USER	Admins	END	1626479992783
REQUEST		Get Ubigeo	1626479952239	1626479992799	OK	 
USER	Admins	END	1626479992800
REQUEST		Get Ubigeo	1626479952365	1626479992903	OK	 
USER	Admins	END	1626479992903
REQUEST		Get Ubigeo	1626479952425	1626479992996	OK	 
USER	Admins	END	1626479992997
REQUEST		Get Ubigeo	1626479952612	1626479993084	OK	 
USER	Admins	END	1626479993084
REQUEST		Get Ubigeo	1626479952551	1626479993117	OK	 
USER	Admins	END	1626479993118
REQUEST		Get Ubigeo	1626479952488	1626479993123	OK	 
USER	Admins	END	1626479993124
REQUEST		Get Ubigeo	1626479952676	1626479993211	OK	 
USER	Admins	END	1626479993211
REQUEST		Get Ubigeo	1626479952740	1626479993325	OK	 
USER	Admins	END	1626479993325
REQUEST		Get Ubigeo	1626479952802	1626479993429	OK	 
USER	Admins	END	1626479993429
REQUEST		Get Ubigeo	1626479952990	1626479993485	OK	 
USER	Admins	END	1626479993486
REQUEST		Get Ubigeo	1626479952924	1626479993599	OK	 
USER	Admins	END	1626479993600
REQUEST		Get Ubigeo	1626479953289	1626479993605	OK	 
USER	Admins	END	1626479993605
REQUEST		Get Ubigeo	1626479953112	1626479993620	OK	 
USER	Admins	END	1626479993620
REQUEST		Get Ubigeo	1626479953231	1626479993629	OK	 
USER	Admins	END	1626479993629
REQUEST		Get Ubigeo	1626479952863	1626479993643	OK	 
USER	Admins	END	1626479993643
REQUEST		Get Ubigeo	1626479953172	1626479993648	OK	 
USER	Admins	END	1626479993648
REQUEST		Get Ubigeo	1626479953050	1626479993653	OK	 
USER	Admins	END	1626479993653
REQUEST		Get Ubigeo	1626479953349	1626479993675	OK	 
USER	Admins	END	1626479993676
REQUEST		Get Ubigeo	1626479953406	1626479993869	OK	 
USER	Admins	END	1626479993870
REQUEST		Get Ubigeo	1626479953463	1626479993877	OK	 
USER	Admins	END	1626479993877
REQUEST		Get Ubigeo	1626479953521	1626479993888	OK	 
USER	Admins	END	1626479993888
REQUEST		Get Ubigeo	1626479953639	1626479993975	OK	 
USER	Admins	END	1626479993976
REQUEST		Get Ubigeo	1626479953700	1626479993980	OK	 
USER	Admins	END	1626479993980
REQUEST		Get Ubigeo	1626479953583	1626479993997	OK	 
USER	Admins	END	1626479993997
REQUEST		Get Ubigeo	1626479953761	1626479994087	OK	 
USER	Admins	END	1626479994087
REQUEST		Get Ubigeo	1626479953820	1626479994179	OK	 
USER	Admins	END	1626479994180
REQUEST		Get Ubigeo	1626479953874	1626479994197	OK	 
USER	Admins	END	1626479994197
REQUEST		Get Ubigeo	1626479953997	1626479994262	OK	 
USER	Admins	END	1626479994263
REQUEST		Get Ubigeo	1626479953938	1626479994283	OK	 
USER	Admins	END	1626479994283
REQUEST		Get Ubigeo	1626479954055	1626479994354	OK	 
USER	Admins	END	1626479994354
REQUEST		Get Ubigeo	1626479954115	1626479994520	OK	 
USER	Admins	END	1626479994520
REQUEST		Get Ubigeo	1626479954231	1626479994714	OK	 
USER	Admins	END	1626479994714
REQUEST		Get Ubigeo	1626479954172	1626479994792	OK	 
USER	Admins	END	1626479994792
REQUEST		Get Ubigeo	1626479954289	1626479994879	OK	 
USER	Admins	END	1626479994880
REQUEST		Get Ubigeo	1626479954349	1626479994889	OK	 
USER	Admins	END	1626479994889
REQUEST		Get Ubigeo	1626479954526	1626479994977	OK	 
USER	Admins	END	1626479994977
REQUEST		Get Ubigeo	1626479954466	1626479995026	OK	 
USER	Admins	END	1626479995026
REQUEST		Get Ubigeo	1626479954407	1626479995031	OK	 
USER	Admins	END	1626479995032
REQUEST		Get Ubigeo	1626479954585	1626479995473	OK	 
USER	Admins	END	1626479995473
REQUEST		Get Ubigeo	1626479954703	1626479995555	OK	 
USER	Admins	END	1626479995555
REQUEST		Get Ubigeo	1626479954877	1626479995625	OK	 
USER	Admins	END	1626479995626
REQUEST		Get Ubigeo	1626479954994	1626479995630	OK	 
USER	Admins	END	1626479995630
REQUEST		Get Ubigeo	1626479955056	1626479995673	OK	 
USER	Admins	END	1626479995673
REQUEST		Get Ubigeo	1626479954644	1626479995678	OK	 
USER	Admins	END	1626479995679
REQUEST		Get Ubigeo	1626479955115	1626479995686	OK	 
USER	Admins	END	1626479995686
REQUEST		Get Ubigeo	1626479954820	1626479995691	OK	 
USER	Admins	END	1626479995691
REQUEST		Get Ubigeo	1626479954938	1626479995701	OK	 
USER	Admins	END	1626479995701
REQUEST		Get Ubigeo	1626479955175	1626479995706	OK	 
USER	Admins	END	1626479995706
REQUEST		Get Ubigeo	1626479955239	1626479995716	OK	 
USER	Admins	END	1626479995717
REQUEST		Get Ubigeo	1626479954760	1626479995722	OK	 
USER	Admins	END	1626479995722
REQUEST		Get Ubigeo	1626479955301	1626479995775	OK	 
USER	Admins	END	1626479995776
REQUEST		Get Ubigeo	1626479955426	1626479995854	OK	 
USER	Admins	END	1626479995855
REQUEST		Get Ubigeo	1626479955489	1626479995859	OK	 
USER	Admins	END	1626479995859
REQUEST		Get Ubigeo	1626479955361	1626479995863	OK	 
USER	Admins	END	1626479995864
REQUEST		Get Ubigeo	1626479955549	1626479995908	OK	 
USER	Admins	END	1626479995909
REQUEST		Get Ubigeo	1626479955675	1626479995970	OK	 
USER	Admins	END	1626479995971
REQUEST		Get Ubigeo	1626479955614	1626479996077	OK	 
USER	Admins	END	1626479996077
REQUEST		Get Ubigeo	1626479955740	1626479996181	OK	 
USER	Admins	END	1626479996181
REQUEST		Get Ubigeo	1626479955865	1626479996201	OK	 
USER	Admins	END	1626479996202
REQUEST		Get Ubigeo	1626479955801	1626479996303	OK	 
USER	Admins	END	1626479996303
REQUEST		Get Ubigeo	1626479955927	1626479996308	OK	 
USER	Admins	END	1626479996308
REQUEST		Get Ubigeo	1626479955989	1626479996421	OK	 
USER	Admins	END	1626479996421
REQUEST		Get Ubigeo	1626479956114	1626479996494	OK	 
USER	Admins	END	1626479996494
REQUEST		Get Ubigeo	1626479956051	1626479996504	OK	 
USER	Admins	END	1626479996505
REQUEST		Get Ubigeo	1626479956172	1626479996616	OK	 
USER	Admins	END	1626479996616
REQUEST		Get Ubigeo	1626479956288	1626479996675	OK	 
USER	Admins	END	1626479996675
REQUEST		Get Ubigeo	1626479956408	1626479996774	OK	 
USER	Admins	END	1626479996775
REQUEST		Get Ubigeo	1626479956228	1626479996804	OK	 
USER	Admins	END	1626479996805
REQUEST		Get Ubigeo	1626479956349	1626479996829	OK	 
USER	Admins	END	1626479996829
REQUEST		Get Ubigeo	1626479956466	1626479996883	OK	 
USER	Admins	END	1626479996883
REQUEST		Get Ubigeo	1626479956526	1626479996902	OK	 
USER	Admins	END	1626479996902
REQUEST		Get Ubigeo	1626479956644	1626479997008	OK	 
USER	Admins	END	1626479997008
REQUEST		Get Ubigeo	1626479956584	1626479997013	OK	 
USER	Admins	END	1626479997013
REQUEST		Get Ubigeo	1626479956702	1626479997054	OK	 
USER	Admins	END	1626479997054
REQUEST		Get Ubigeo	1626479956819	1626479997386	OK	 
USER	Admins	END	1626479997386
REQUEST		Get Ubigeo	1626479956880	1626479997480	OK	 
USER	Admins	END	1626479997480
REQUEST		Get Ubigeo	1626479956997	1626479997494	OK	 
USER	Admins	END	1626479997494
REQUEST		Get Ubigeo	1626479956759	1626479997506	OK	 
USER	Admins	END	1626479997506
REQUEST		Get Ubigeo	1626479956939	1626479997533	OK	 
USER	Admins	END	1626479997533
REQUEST		Get Ubigeo	1626479957116	1626479997593	OK	 
USER	Admins	END	1626479997593
REQUEST		Get Ubigeo	1626479957229	1626479997601	OK	 
USER	Admins	END	1626479997601
REQUEST		Get Ubigeo	1626479957054	1626479997605	OK	 
USER	Admins	END	1626479997605
REQUEST		Get Ubigeo	1626479957291	1626479997633	OK	 
USER	Admins	END	1626479997633
REQUEST		Get Ubigeo	1626479957171	1626479997683	OK	 
USER	Admins	END	1626479997684
REQUEST		Get Ubigeo	1626479957349	1626479997765	OK	 
USER	Admins	END	1626479997766
REQUEST		Get Ubigeo	1626479957404	1626479997778	OK	 
USER	Admins	END	1626479997778
REQUEST		Get Ubigeo	1626479957523	1626479997879	OK	 
USER	Admins	END	1626479997879
REQUEST		Get Ubigeo	1626479957462	1626479997887	OK	 
USER	Admins	END	1626479997887
REQUEST		Get Ubigeo	1626479957583	1626479997968	OK	 
USER	Admins	END	1626479997969
REQUEST		Get Ubigeo	1626479957705	1626479998066	OK	 
USER	Admins	END	1626479998067
REQUEST		Get Ubigeo	1626479957645	1626479998071	OK	 
USER	Admins	END	1626479998072
REQUEST		Get Ubigeo	1626479957762	1626479998289	OK	 
USER	Admins	END	1626479998289
REQUEST		Get Ubigeo	1626479957820	1626479998337	OK	 
USER	Admins	END	1626479998337
REQUEST		Get Ubigeo	1626479957879	1626479998382	OK	 
USER	Admins	END	1626479998383
REQUEST		Get Ubigeo	1626479957937	1626479998388	OK	 
USER	Admins	END	1626479998389
REQUEST		Get Ubigeo	1626479957993	1626479998481	OK	 
USER	Admins	END	1626479998482
REQUEST		Get Ubigeo	1626479958056	1626479998506	OK	 
USER	Admins	END	1626479998506
REQUEST		Get Ubigeo	1626479958110	1626479998589	OK	 
USER	Admins	END	1626479998590
REQUEST		Get Ubigeo	1626479958176	1626479998601	OK	 
USER	Admins	END	1626479998601
REQUEST		Get Ubigeo	1626479958239	1626479998967	OK	 
USER	Admins	END	1626479998968
REQUEST		Get Ubigeo	1626479958361	1626479999088	OK	 
USER	Admins	END	1626479999088
REQUEST		Get Ubigeo	1626479958300	1626479999101	OK	 
USER	Admins	END	1626479999101
REQUEST		Get Ubigeo	1626479958740	1626479999197	OK	 
USER	Admins	END	1626479999198
REQUEST		Get Ubigeo	1626479958551	1626479999202	OK	 
USER	Admins	END	1626479999203
REQUEST		Get Ubigeo	1626479958674	1626479999221	OK	 
USER	Admins	END	1626479999222
REQUEST		Get Ubigeo	1626479958614	1626479999226	OK	 
USER	Admins	END	1626479999226
REQUEST		Get Ubigeo	1626479958489	1626479999231	OK	 
USER	Admins	END	1626479999231
REQUEST		Get Ubigeo	1626479958425	1626479999244	OK	 
USER	Admins	END	1626479999244
REQUEST		Get Ubigeo	1626479958991	1626479999301	OK	 
USER	Admins	END	1626479999301
REQUEST		Get Ubigeo	1626479958866	1626479999307	OK	 
USER	Admins	END	1626479999307
REQUEST		Get Ubigeo	1626479958927	1626479999343	OK	 
USER	Admins	END	1626479999343
REQUEST		Get Ubigeo	1626479958802	1626479999347	OK	 
USER	Admins	END	1626479999348
REQUEST		Get Ubigeo	1626479959111	1626479999404	OK	 
USER	Admins	END	1626479999405
REQUEST		Get Ubigeo	1626479959053	1626479999440	OK	 
USER	Admins	END	1626479999441
REQUEST		Get Ubigeo	1626479959172	1626479999557	OK	 
USER	Admins	END	1626479999557
REQUEST		Get Ubigeo	1626479959227	1626479999571	OK	 
USER	Admins	END	1626479999572
REQUEST		Get Ubigeo	1626479959348	1626479999625	OK	 
USER	Admins	END	1626479999625
REQUEST		Get Ubigeo	1626479959291	1626479999660	OK	 
USER	Admins	END	1626479999660
REQUEST		Get Ubigeo	1626479959408	1626479999676	OK	 
USER	Admins	END	1626479999676
REQUEST		Get Ubigeo	1626479959463	1626479999771	OK	 
USER	Admins	END	1626479999771
REQUEST		Get Ubigeo	1626479959584	1626479999901	OK	 
USER	Admins	END	1626479999901
REQUEST		Get Ubigeo	1626479959525	1626479999917	OK	 
USER	Admins	END	1626479999917
REQUEST		Get Ubigeo	1626479959642	1626479999976	OK	 
USER	Admins	END	1626479999977
REQUEST		Get Ubigeo	1626479959704	1626479999992	OK	 
USER	Admins	END	1626479999992
REQUEST		Get Ubigeo	1626479959761	1626480000165	OK	 
USER	Admins	END	1626480000165
REQUEST		Get Ubigeo	1626479959876	1626480000192	OK	 
USER	Admins	END	1626480000192
REQUEST		Get Ubigeo	1626479959819	1626480000208	OK	 
USER	Admins	END	1626480000209
REQUEST		Get Ubigeo	1626479959994	1626480000386	OK	 
USER	Admins	END	1626480000386
REQUEST		Get Ubigeo	1626479960052	1626480000422	OK	 
USER	Admins	END	1626480000422
REQUEST		Get Ubigeo	1626479959938	1626480000476	OK	 
USER	Admins	END	1626480000476
REQUEST		Get Ubigeo	1626479960115	1626480000481	OK	 
USER	Admins	END	1626480000482
REQUEST		Get Ubigeo	1626479960172	1626480000486	OK	 
USER	Admins	END	1626480000487
REQUEST		Get Ubigeo	1626479960231	1626480000607	OK	 
USER	Admins	END	1626480000608
REQUEST		Get Ubigeo	1626479960290	1626480000679	OK	 
USER	Admins	END	1626480000680
REQUEST		Get Ubigeo	1626479960408	1626480000778	OK	 
USER	Admins	END	1626480000779
REQUEST		Get Ubigeo	1626479960466	1626480000783	OK	 
USER	Admins	END	1626480000783
REQUEST		Get Ubigeo	1626479960350	1626480000800	OK	 
USER	Admins	END	1626480000800
REQUEST		Get Ubigeo	1626479960524	1626480000888	OK	 
USER	Admins	END	1626480000888
REQUEST		Get Ubigeo	1626479960584	1626480001012	OK	 
USER	Admins	END	1626480001013
REQUEST		Get Ubigeo	1626479960644	1626480001024	OK	 
USER	Admins	END	1626480001025
REQUEST		Get Ubigeo	1626479960819	1626480001206	OK	 
USER	Admins	END	1626480001206
REQUEST		Get Ubigeo	1626479960761	1626480001224	OK	 
USER	Admins	END	1626480001225
REQUEST		Get Ubigeo	1626479960703	1626480001231	OK	 
USER	Admins	END	1626480001232
REQUEST		Get Ubigeo	1626479960937	1626480001324	OK	 
USER	Admins	END	1626480001324
REQUEST		Get Ubigeo	1626479960880	1626480001331	OK	 
USER	Admins	END	1626480001331
REQUEST		Get Ubigeo	1626479960997	1626480001398	OK	 
USER	Admins	END	1626480001398
REQUEST		Get Ubigeo	1626479961113	1626480001518	OK	 
USER	Admins	END	1626480001518
REQUEST		Get Ubigeo	1626479961056	1626480001523	OK	 
USER	Admins	END	1626480001524
REQUEST		Get Ubigeo	1626479961239	1626480001659	OK	 
USER	Admins	END	1626480001659
REQUEST		Get Ubigeo	1626479961302	1626480001699	OK	 
USER	Admins	END	1626480001699
REQUEST		Get Ubigeo	1626479961175	1626480001705	OK	 
USER	Admins	END	1626480001705
REQUEST		Get Ubigeo	1626479961362	1626480001772	OK	 
USER	Admins	END	1626480001772
REQUEST		Get Ubigeo	1626479961485	1626480001776	OK	 
USER	Admins	END	1626480001776
REQUEST		Get Ubigeo	1626479961426	1626480001798	OK	 
USER	Admins	END	1626480001799
REQUEST		Get Ubigeo	1626479961551	1626480001851	OK	 
USER	Admins	END	1626480001852
REQUEST		Get Ubigeo	1626479961677	1626480001954	OK	 
USER	Admins	END	1626480001955
REQUEST		Get Ubigeo	1626479961616	1626480001974	OK	 
USER	Admins	END	1626480001974
REQUEST		Get Ubigeo	1626479961741	1626480002217	OK	 
USER	Admins	END	1626480002218
REQUEST		Get Ubigeo	1626479961863	1626480002222	OK	 
USER	Admins	END	1626480002223
REQUEST		Get Ubigeo	1626479961801	1626480002238	OK	 
USER	Admins	END	1626480002239
REQUEST		Get Ubigeo	1626479961927	1626480002311	OK	 
USER	Admins	END	1626480002312
REQUEST		Get Ubigeo	1626479962052	1626480002513	OK	 
USER	Admins	END	1626480002513
REQUEST		Get Ubigeo	1626479962171	1626480002518	OK	 
USER	Admins	END	1626480002518
REQUEST		Get Ubigeo	1626479962116	1626480002523	OK	 
USER	Admins	END	1626480002523
REQUEST		Get Ubigeo	1626479961991	1626480002527	OK	 
USER	Admins	END	1626480002528
REQUEST		Get Ubigeo	1626479962230	1626480002628	OK	 
USER	Admins	END	1626480002628
REQUEST		Get Ubigeo	1626479962349	1626480002806	OK	 
USER	Admins	END	1626480002807
REQUEST		Get Ubigeo	1626479962290	1626480002812	OK	 
USER	Admins	END	1626480002812
REQUEST		Get Ubigeo	1626479962407	1626480002817	OK	 
USER	Admins	END	1626480002818
REQUEST		Get Ubigeo	1626479962466	1626480002823	OK	 
USER	Admins	END	1626480002823
REQUEST		Get Ubigeo	1626479962524	1626480002880	OK	 
USER	Admins	END	1626480002881
REQUEST		Get Ubigeo	1626479962583	1626480003066	OK	 
USER	Admins	END	1626480003066
REQUEST		Get Ubigeo	1626479962643	1626480003072	OK	 
USER	Admins	END	1626480003072
REQUEST		Get Ubigeo	1626479962759	1626480003099	OK	 
USER	Admins	END	1626480003100
REQUEST		Get Ubigeo	1626479962702	1626480003154	OK	 
USER	Admins	END	1626480003154
REQUEST		Get Ubigeo	1626479962879	1626480003248	OK	 
USER	Admins	END	1626480003248
REQUEST		Get Ubigeo	1626479962816	1626480003252	OK	 
USER	Admins	END	1626480003253
REQUEST		Get Ubigeo	1626479962937	1626480003441	OK	 
USER	Admins	END	1626480003442
REQUEST		Get Ubigeo	1626479963055	1626480003446	OK	 
USER	Admins	END	1626480003446
REQUEST		Get Ubigeo	1626479962996	1626480003613	OK	 
USER	Admins	END	1626480003613
REQUEST		Get Ubigeo	1626479963173	1626480003619	OK	 
USER	Admins	END	1626480003619
REQUEST		Get Ubigeo	1626479963110	1626480003624	OK	 
USER	Admins	END	1626480003625
REQUEST		Get Ubigeo	1626479963290	1626480003630	OK	 
USER	Admins	END	1626480003630
REQUEST		Get Ubigeo	1626479963229	1626480003648	OK	 
USER	Admins	END	1626480003648
REQUEST		Get Ubigeo	1626479963349	1626480003794	OK	 
USER	Admins	END	1626480003794
REQUEST		Get Ubigeo	1626479963409	1626480003799	OK	 
USER	Admins	END	1626480003799
REQUEST		Get Ubigeo	1626479963465	1626480003814	OK	 
USER	Admins	END	1626480003814
REQUEST		Get Ubigeo	1626479963524	1626480003974	OK	 
USER	Admins	END	1626480003974
REQUEST		Get Ubigeo	1626479963582	1626480004128	OK	 
USER	Admins	END	1626480004129
REQUEST		Get Ubigeo	1626479963641	1626480004133	OK	 
USER	Admins	END	1626480004133
REQUEST		Get Ubigeo	1626479963761	1626480004139	OK	 
USER	Admins	END	1626480004139
REQUEST		Get Ubigeo	1626479963701	1626480004144	OK	 
USER	Admins	END	1626480004144
REQUEST		Get Ubigeo	1626479963876	1626480004309	OK	 
USER	Admins	END	1626480004310
REQUEST		Get Ubigeo	1626479963937	1626480004315	OK	 
USER	Admins	END	1626480004315
REQUEST		Get Ubigeo	1626479963820	1626480004492	OK	 
USER	Admins	END	1626480004493
REQUEST		Get Ubigeo	1626479963997	1626480004498	OK	 
USER	Admins	END	1626480004498
REQUEST		Get Ubigeo	1626479964053	1626480004503	OK	 
USER	Admins	END	1626480004504
REQUEST		Get Ubigeo	1626479964114	1626480004515	OK	 
USER	Admins	END	1626480004516
REQUEST		Get Ubigeo	1626479964172	1626480004671	OK	 
USER	Admins	END	1626480004672
REQUEST		Get Ubigeo	1626479964229	1626480004855	OK	 
USER	Admins	END	1626480004856
REQUEST		Get Ubigeo	1626479964408	1626480004893	OK	 
USER	Admins	END	1626480004894
REQUEST		Get Ubigeo	1626479964290	1626480005036	OK	 
USER	Admins	END	1626480005036
REQUEST		Get Ubigeo	1626479964644	1626480005194	OK	 
USER	Admins	END	1626480005194
REQUEST		Get Ubigeo	1626479964583	1626480005579	OK	 
USER	Admins	END	1626480005579
REQUEST		Get Ubigeo	1626479964466	1626480005589	OK	 
USER	Admins	END	1626480005589
REQUEST		Get Ubigeo	1626479964820	1626480005597	OK	 
USER	Admins	END	1626480005597
REQUEST		Get Ubigeo	1626479964524	1626480005655	OK	 
USER	Admins	END	1626480005655
REQUEST		Get Ubigeo	1626479965054	1626480005670	OK	 
USER	Admins	END	1626480005670
REQUEST		Get Ubigeo	1626479964701	1626480005690	OK	 
USER	Admins	END	1626480005690
REQUEST		Get Ubigeo	1626479964761	1626480005696	OK	 
USER	Admins	END	1626480005696
REQUEST		Get Ubigeo	1626479965239	1626480005754	OK	 
USER	Admins	END	1626480005754
REQUEST		Get Ubigeo	1626479964938	1626480005765	OK	 
USER	Admins	END	1626480005766
REQUEST		Get Ubigeo	1626479964996	1626480005770	OK	 
USER	Admins	END	1626480005771
REQUEST		Get Ubigeo	1626479964348	1626480005776	OK	 
USER	Admins	END	1626480005776
REQUEST		Get Ubigeo	1626479965173	1626480005808	OK	 
USER	Admins	END	1626480005808
REQUEST		Get Ubigeo	1626479964878	1626480005867	OK	 
USER	Admins	END	1626480005867
REQUEST		Get Ubigeo	1626479965301	1626480005890	OK	 
USER	Admins	END	1626480005891
REQUEST		Get Ubigeo	1626479965115	1626480005895	OK	 
USER	Admins	END	1626480005896
REQUEST		Get Ubigeo	1626479965362	1626480005956	OK	 
USER	Admins	END	1626480005956
REQUEST		Get Ubigeo	1626479965490	1626480005975	OK	 
USER	Admins	END	1626480005975
REQUEST		Get Ubigeo	1626479965426	1626480005991	OK	 
USER	Admins	END	1626480005992
REQUEST		Get Ubigeo	1626479965552	1626480006207	OK	 
USER	Admins	END	1626480006207
REQUEST		Get Ubigeo	1626479965615	1626480006220	OK	 
USER	Admins	END	1626480006220
REQUEST		Get Ubigeo	1626479965676	1626480006225	OK	 
USER	Admins	END	1626480006225
REQUEST		Get Ubigeo	1626479965862	1626480006298	OK	 
USER	Admins	END	1626480006298
REQUEST		Get Ubigeo	1626479965926	1626480006304	OK	 
USER	Admins	END	1626480006304
REQUEST		Get Ubigeo	1626479965738	1626480006309	OK	 
USER	Admins	END	1626480006309
REQUEST		Get Ubigeo	1626479965800	1626480006337	OK	 
USER	Admins	END	1626480006337
REQUEST		Get Ubigeo	1626479965988	1626480006416	OK	 
USER	Admins	END	1626480006416
REQUEST		Get Ubigeo	1626479966048	1626480006426	OK	 
USER	Admins	END	1626480006426
REQUEST		Get Ubigeo	1626479966110	1626480006535	OK	 
USER	Admins	END	1626480006536
REQUEST		Get Ubigeo	1626479966172	1626480006590	OK	 
USER	Admins	END	1626480006591
REQUEST		Get Ubigeo	1626479966231	1626480006655	OK	 
USER	Admins	END	1626480006655
REQUEST		Get Ubigeo	1626479966406	1626480006815	OK	 
USER	Admins	END	1626480006815
REQUEST		Get Ubigeo	1626479966348	1626480006820	OK	 
USER	Admins	END	1626480006820
REQUEST		Get Ubigeo	1626479966463	1626480006824	OK	 
USER	Admins	END	1626480006824
REQUEST		Get Ubigeo	1626479966290	1626480006828	OK	 
USER	Admins	END	1626480006829
REQUEST		Get Ubigeo	1626479966525	1626480006906	OK	 
USER	Admins	END	1626480006906
REQUEST		Get Ubigeo	1626479966584	1626480006999	OK	 
USER	Admins	END	1626480007000
REQUEST		Get Ubigeo	1626479966642	1626480007012	OK	 
USER	Admins	END	1626480007013
REQUEST		Get Ubigeo	1626479966818	1626480007405	OK	 
USER	Admins	END	1626480007405
REQUEST		Get Ubigeo	1626479966761	1626480007494	OK	 
USER	Admins	END	1626480007494
REQUEST		Get Ubigeo	1626479966938	1626480007509	OK	 
USER	Admins	END	1626480007510
REQUEST		Get Ubigeo	1626479966877	1626480007516	OK	 
USER	Admins	END	1626480007516
REQUEST		Get Ubigeo	1626479966702	1626480007533	OK	 
USER	Admins	END	1626480007534
REQUEST		Get Ubigeo	1626479966996	1626480007538	OK	 
USER	Admins	END	1626480007539
REQUEST		Get Ubigeo	1626479967051	1626480007544	OK	 
USER	Admins	END	1626480007544
REQUEST		Get Ubigeo	1626479967114	1626480007599	OK	 
USER	Admins	END	1626480007599
REQUEST		Get Ubigeo	1626479967237	1626480007608	OK	 
USER	Admins	END	1626480007609
REQUEST		Get Ubigeo	1626479967175	1626480007613	OK	 
USER	Admins	END	1626480007613
REQUEST		Get Ubigeo	1626479967300	1626480007680	OK	 
USER	Admins	END	1626480007680
REQUEST		Get Ubigeo	1626479967422	1626480007777	OK	 
USER	Admins	END	1626480007777
REQUEST		Get Ubigeo	1626479967490	1626480007783	OK	 
USER	Admins	END	1626480007783
REQUEST		Get Ubigeo	1626479967364	1626480007788	OK	 
USER	Admins	END	1626480007788
REQUEST		Get Ubigeo	1626479967550	1626480007873	OK	 
USER	Admins	END	1626480007874
REQUEST		Get Ubigeo	1626479967614	1626480007972	OK	 
USER	Admins	END	1626480007972
REQUEST		Get Ubigeo	1626479967674	1626480007977	OK	 
USER	Admins	END	1626480007978
REQUEST		Get Ubigeo	1626479967735	1626480008078	OK	 
USER	Admins	END	1626480008078
REQUEST		Get Ubigeo	1626479967860	1626480008174	OK	 
USER	Admins	END	1626480008174
REQUEST		Get Ubigeo	1626479967801	1626480008179	OK	 
USER	Admins	END	1626480008179
REQUEST		Get Ubigeo	1626479967925	1626480008277	OK	 
USER	Admins	END	1626480008277
REQUEST		Get Ubigeo	1626479968051	1626480008456	OK	 
USER	Admins	END	1626480008456
REQUEST		Get Ubigeo	1626479968111	1626480008485	OK	 
USER	Admins	END	1626480008485
REQUEST		Get Ubigeo	1626479967990	1626480008499	OK	 
USER	Admins	END	1626480008499
REQUEST		Get Ubigeo	1626479968231	1626480008550	OK	 
USER	Admins	END	1626480008550
REQUEST		Get Ubigeo	1626479968172	1626480008568	OK	 
USER	Admins	END	1626480008568
REQUEST		Get Ubigeo	1626479968288	1626480008684	OK	 
USER	Admins	END	1626480008684
REQUEST		Get Ubigeo	1626479968349	1626480008697	OK	 
USER	Admins	END	1626480008697
REQUEST		Get Ubigeo	1626479968409	1626480008783	OK	 
USER	Admins	END	1626480008784
REQUEST		Get Ubigeo	1626479968465	1626480008791	OK	 
USER	Admins	END	1626480008792
REQUEST		Get Ubigeo	1626479968585	1626480008893	OK	 
USER	Admins	END	1626480008894
REQUEST		Get Ubigeo	1626479968526	1626480008903	OK	 
USER	Admins	END	1626480008903
REQUEST		Get Ubigeo	1626479968644	1626480008978	OK	 
USER	Admins	END	1626480008978
REQUEST		Get Ubigeo	1626479968703	1626480009051	OK	 
USER	Admins	END	1626480009052
REQUEST		Get Ubigeo	1626479968879	1626480009159	OK	 
USER	Admins	END	1626480009160
REQUEST		Get Ubigeo	1626479968820	1626480009168	OK	 
USER	Admins	END	1626480009168
REQUEST		Get Ubigeo	1626479968761	1626480009230	OK	 
USER	Admins	END	1626480009231
REQUEST		Get Ubigeo	1626479968938	1626480009259	OK	 
USER	Admins	END	1626480009259
REQUEST		Get Ubigeo	1626479968998	1626480009269	OK	 
USER	Admins	END	1626480009269
REQUEST		Get Ubigeo	1626479969055	1626480009364	OK	 
USER	Admins	END	1626480009364
REQUEST		Get Ubigeo	1626479969115	1626480009673	OK	 
USER	Admins	END	1626480009673
REQUEST		Get Ubigeo	1626479969348	1626480009701	OK	 
USER	Admins	END	1626480009701
REQUEST		Get Ubigeo	1626479969289	1626480009716	OK	 
USER	Admins	END	1626480009717
REQUEST		Get Ubigeo	1626479969172	1626480009721	OK	 
USER	Admins	END	1626480009721
REQUEST		Get Ubigeo	1626479969230	1626480009738	OK	 
USER	Admins	END	1626480009738
REQUEST		Get Ubigeo	1626479969408	1626480009897	OK	 
USER	Admins	END	1626480009897
REQUEST		Get Ubigeo	1626479969465	1626480009943	OK	 
USER	Admins	END	1626480009943
REQUEST		Get Ubigeo	1626479969524	1626480010010	OK	 
USER	Admins	END	1626480010010
REQUEST		Get Ubigeo	1626479969702	1626480010312	OK	 
USER	Admins	END	1626480010312
REQUEST		Get Ubigeo	1626479969584	1626480010317	OK	 
USER	Admins	END	1626480010317
REQUEST		Get Ubigeo	1626479969817	1626480010383	OK	 
USER	Admins	END	1626480010383
REQUEST		Get Ubigeo	1626479969761	1626480010420	OK	 
USER	Admins	END	1626480010420
REQUEST		Get Ubigeo	1626479969641	1626480010425	OK	 
USER	Admins	END	1626480010425
REQUEST		Get Ubigeo	1626479970055	1626480010580	OK	 
USER	Admins	END	1626480010580
REQUEST		Get Ubigeo	1626479969997	1626480010586	OK	 
USER	Admins	END	1626480010586
REQUEST		Get Ubigeo	1626479969937	1626480010591	OK	 
USER	Admins	END	1626480010591
REQUEST		Get Ubigeo	1626479969874	1626480010598	OK	 
USER	Admins	END	1626480010598
REQUEST		Get Ubigeo	1626479970114	1626480010622	OK	 
USER	Admins	END	1626480010623
REQUEST		Get Ubigeo	1626479970175	1626480010677	OK	 
USER	Admins	END	1626480010677
REQUEST		Get Ubigeo	1626479970238	1626480010697	OK	 
USER	Admins	END	1626480010697
REQUEST		Get Ubigeo	1626479970425	1626480010890	OK	 
USER	Admins	END	1626480010890
REQUEST		Get Ubigeo	1626479970364	1626480010908	OK	 
USER	Admins	END	1626480010909
REQUEST		Get Ubigeo	1626479970489	1626480010914	OK	 
USER	Admins	END	1626480010915
REQUEST		Get Ubigeo	1626479970302	1626480010920	OK	 
USER	Admins	END	1626480010920
REQUEST		Get Ubigeo	1626479970676	1626480011025	OK	 
USER	Admins	END	1626480011026
REQUEST		Get Ubigeo	1626479970615	1626480011038	OK	 
USER	Admins	END	1626480011038
REQUEST		Get Ubigeo	1626479970551	1626480011046	OK	 
USER	Admins	END	1626480011046
REQUEST		Get Ubigeo	1626479970736	1626480011234	OK	 
USER	Admins	END	1626480011234
REQUEST		Get Ubigeo	1626479970864	1626480011240	OK	 
USER	Admins	END	1626480011240
REQUEST		Get Ubigeo	1626479970801	1626480011244	OK	 
USER	Admins	END	1626480011245
REQUEST		Get Ubigeo	1626479970927	1626480011318	OK	 
USER	Admins	END	1626480011318
REQUEST		Get Ubigeo	1626479971049	1626480011355	OK	 
USER	Admins	END	1626480011356
REQUEST		Get Ubigeo	1626479970989	1626480011361	OK	 
USER	Admins	END	1626480011361
REQUEST		Get Ubigeo	1626479971111	1626480011483	OK	 
USER	Admins	END	1626480011483
REQUEST		Get Ubigeo	1626479971172	1626480011489	OK	 
USER	Admins	END	1626480011490
REQUEST		Get Ubigeo	1626479971228	1626480011589	OK	 
USER	Admins	END	1626480011589
REQUEST		Get Ubigeo	1626479971291	1626480011753	OK	 
USER	Admins	END	1626480011754
REQUEST		Get Ubigeo	1626479971349	1626480011783	OK	 
USER	Admins	END	1626480011784
REQUEST		Get Ubigeo	1626479971466	1626480011788	OK	 
USER	Admins	END	1626480011789
REQUEST		Get Ubigeo	1626479971406	1626480011810	OK	 
USER	Admins	END	1626480011810
REQUEST		Get Ubigeo	1626479971525	1626480011849	OK	 
USER	Admins	END	1626480011849
REQUEST		Get Ubigeo	1626479971644	1626480011966	OK	 
USER	Admins	END	1626480011966
REQUEST		Get Ubigeo	1626479971583	1626480011997	OK	 
USER	Admins	END	1626480011998
REQUEST		Get Ubigeo	1626479971701	1626480012118	OK	 
USER	Admins	END	1626480012118
REQUEST		Get Ubigeo	1626479971820	1626480012334	OK	 
USER	Admins	END	1626480012335
REQUEST		Get Ubigeo	1626479971761	1626480012379	OK	 
USER	Admins	END	1626480012379
REQUEST		Get Ubigeo	1626479971877	1626480012384	OK	 
USER	Admins	END	1626480012385
REQUEST		Get Ubigeo	1626479971938	1626480012424	OK	 
USER	Admins	END	1626480012425
REQUEST		Get Ubigeo	1626479971996	1626480012485	OK	 
USER	Admins	END	1626480012486
REQUEST		Get Ubigeo	1626479972170	1626480012569	OK	 
USER	Admins	END	1626480012569
REQUEST		Get Ubigeo	1626479972051	1626480012574	OK	 
USER	Admins	END	1626480012574
REQUEST		Get Ubigeo	1626479972290	1626480012579	OK	 
USER	Admins	END	1626480012580
REQUEST		Get Ubigeo	1626479972114	1626480012588	OK	 
USER	Admins	END	1626480012588
REQUEST		Get Ubigeo	1626479972229	1626480012594	OK	 
USER	Admins	END	1626480012594
REQUEST		Get Ubigeo	1626479972348	1626480012625	OK	 
USER	Admins	END	1626480012625
REQUEST		Get Ubigeo	1626479972407	1626480012680	OK	 
USER	Admins	END	1626480012680
REQUEST		Get Ubigeo	1626479972466	1626480012770	OK	 
USER	Admins	END	1626480012771
REQUEST		Get Ubigeo	1626479972521	1626480012851	OK	 
USER	Admins	END	1626480012851
REQUEST		Get Ubigeo	1626479972583	1626480012902	OK	 
USER	Admins	END	1626480012902
REQUEST		Get Ubigeo	1626479972644	1626480012999	OK	 
USER	Admins	END	1626480012999
REQUEST		Get Ubigeo	1626479972700	1626480013012	OK	 
USER	Admins	END	1626480013013
REQUEST		Get Ubigeo	1626479972761	1626480013299	OK	 
USER	Admins	END	1626480013300
REQUEST		Get Ubigeo	1626479972938	1626480013426	OK	 
USER	Admins	END	1626480013426
REQUEST		Get Ubigeo	1626479972996	1626480013632	OK	 
USER	Admins	END	1626480013632
REQUEST		Get Ubigeo	1626479973052	1626480013638	OK	 
USER	Admins	END	1626480013639
REQUEST		Get Ubigeo	1626479972878	1626480013644	OK	 
USER	Admins	END	1626480013645
REQUEST		Get Ubigeo	1626479972820	1626480013677	OK	 
USER	Admins	END	1626480013678
REQUEST		Get Ubigeo	1626479973116	1626480013701	OK	 
USER	Admins	END	1626480013702
REQUEST		Get Ubigeo	1626479973239	1626480013800	OK	 
USER	Admins	END	1626480013801
REQUEST		Get Ubigeo	1626479973299	1626480013805	OK	 
USER	Admins	END	1626480013806
REQUEST		Get Ubigeo	1626479973552	1626480013902	OK	 
USER	Admins	END	1626480013903
REQUEST		Get Ubigeo	1626479973486	1626480013907	OK	 
USER	Admins	END	1626480013907
REQUEST		Get Ubigeo	1626479973614	1626480013912	OK	 
USER	Admins	END	1626480013913
REQUEST		Get Ubigeo	1626479973175	1626480013918	OK	 
USER	Admins	END	1626480013918
REQUEST		Get Ubigeo	1626479973365	1626480013925	OK	 
USER	Admins	END	1626480013925
REQUEST		Get Ubigeo	1626479973425	1626480013937	OK	 
USER	Admins	END	1626480013938
REQUEST		Get Ubigeo	1626479973674	1626480014004	OK	 
USER	Admins	END	1626480014004
REQUEST		Get Ubigeo	1626479973740	1626480014143	OK	 
USER	Admins	END	1626480014144
REQUEST		Get Ubigeo	1626479973927	1626480014283	OK	 
USER	Admins	END	1626480014284
REQUEST		Get Ubigeo	1626479973865	1626480014302	OK	 
USER	Admins	END	1626480014302
REQUEST		Get Ubigeo	1626479974050	1626480014382	OK	 
USER	Admins	END	1626480014383
REQUEST		Get Ubigeo	1626479973802	1626480014395	OK	 
USER	Admins	END	1626480014395
REQUEST		Get Ubigeo	1626479974115	1626480014403	OK	 
USER	Admins	END	1626480014403
REQUEST		Get Ubigeo	1626479973989	1626480014409	OK	 
USER	Admins	END	1626480014409
REQUEST		Get Ubigeo	1626479974172	1626480014498	OK	 
USER	Admins	END	1626480014499
REQUEST		Get Ubigeo	1626479974231	1626480014602	OK	 
USER	Admins	END	1626480014603
REQUEST		Get Ubigeo	1626479974288	1626480014625	OK	 
USER	Admins	END	1626480014625
REQUEST		Get Ubigeo	1626479974407	1626480014700	OK	 
USER	Admins	END	1626480014700
REQUEST		Get Ubigeo	1626479974348	1626480014707	OK	 
USER	Admins	END	1626480014707
REQUEST		Get Ubigeo	1626479974466	1626480014781	OK	 
USER	Admins	END	1626480014781
REQUEST		Get Ubigeo	1626479974524	1626480014874	OK	 
USER	Admins	END	1626480014875
REQUEST		Get Ubigeo	1626479974584	1626480014880	OK	 
USER	Admins	END	1626480014880
REQUEST		Get Ubigeo	1626479974642	1626480014995	OK	 
USER	Admins	END	1626480014995
REQUEST		Get Ubigeo	1626479974759	1626480015072	OK	 
USER	Admins	END	1626480015073
REQUEST		Get Ubigeo	1626479974702	1626480015088	OK	 
USER	Admins	END	1626480015088
REQUEST		Get Ubigeo	1626479974874	1626480015675	OK	 
USER	Admins	END	1626480015675
REQUEST		Get Ubigeo	1626479974937	1626480015681	OK	 
USER	Admins	END	1626480015681
REQUEST		Get Ubigeo	1626479975115	1626480015765	OK	 
USER	Admins	END	1626480015766
REQUEST		Get Ubigeo	1626479975054	1626480015770	OK	 
USER	Admins	END	1626480015771
REQUEST		Get Ubigeo	1626479974996	1626480015777	OK	 
USER	Admins	END	1626480015777
REQUEST		Get Ubigeo	1626479975172	1626480015785	OK	 
USER	Admins	END	1626480015786
REQUEST		Get Ubigeo	1626479974819	1626480015790	OK	 
USER	Admins	END	1626480015791
REQUEST		Get Ubigeo	1626479975289	1626480015879	OK	 
USER	Admins	END	1626480015879
REQUEST		Get Ubigeo	1626479975230	1626480015891	OK	 
USER	Admins	END	1626480015891
REQUEST		Get Ubigeo	1626479975408	1626480015979	OK	 
USER	Admins	END	1626480015979
REQUEST		Get Ubigeo	1626479975465	1626480015995	OK	 
USER	Admins	END	1626480015995
REQUEST		Get Ubigeo	1626479975347	1626480016177	OK	 
USER	Admins	END	1626480016177
REQUEST		Get Ubigeo	1626479975759	1626480016296	OK	 
USER	Admins	END	1626480016296
REQUEST		Get Ubigeo	1626479975702	1626480016301	OK	 
USER	Admins	END	1626480016301
REQUEST		Get Ubigeo	1626479975641	1626480016339	OK	 
USER	Admins	END	1626480016340
REQUEST		Get Ubigeo	1626479975583	1626480016344	OK	 
USER	Admins	END	1626480016345
REQUEST		Get Ubigeo	1626479975525	1626480016349	OK	 
USER	Admins	END	1626480016350
REQUEST		Get Ubigeo	1626479975996	1626480016416	OK	 
USER	Admins	END	1626480016416
REQUEST		Get Ubigeo	1626479975815	1626480016457	OK	 
USER	Admins	END	1626480016457
REQUEST		Get Ubigeo	1626479975878	1626480016462	OK	 
USER	Admins	END	1626480016462
REQUEST		Get Ubigeo	1626479976113	1626480016506	OK	 
USER	Admins	END	1626480016507
REQUEST		Get Ubigeo	1626479975937	1626480016521	OK	 
USER	Admins	END	1626480016521
REQUEST		Get Ubigeo	1626479976172	1626480016698	OK	 
USER	Admins	END	1626480016699
REQUEST		Get Ubigeo	1626479976055	1626480016744	OK	 
USER	Admins	END	1626480016744
REQUEST		Get Ubigeo	1626479976287	1626480016804	OK	 
USER	Admins	END	1626480016804
REQUEST		Get Ubigeo	1626479976349	1626480016816	OK	 
USER	Admins	END	1626480016816
REQUEST		Get Ubigeo	1626479976231	1626480016822	OK	 
USER	Admins	END	1626480016822
REQUEST		Get Ubigeo	1626479976409	1626480016827	OK	 
USER	Admins	END	1626480016828
REQUEST		Get Ubigeo	1626479976584	1626480016909	OK	 
USER	Admins	END	1626480016909
REQUEST		Get Ubigeo	1626479976466	1626480016930	OK	 
USER	Admins	END	1626480016930
REQUEST		Get Ubigeo	1626479976525	1626480016935	OK	 
USER	Admins	END	1626480016935
REQUEST		Get Ubigeo	1626479976643	1626480016981	OK	 
USER	Admins	END	1626480016981
REQUEST		Get Ubigeo	1626479976700	1626480017404	OK	 
USER	Admins	END	1626480017404
REQUEST		Get Ubigeo	1626479976997	1626480017513	OK	 
USER	Admins	END	1626480017514
REQUEST		Get Ubigeo	1626479977175	1626480017598	OK	 
USER	Admins	END	1626480017598
REQUEST		Get Ubigeo	1626479977239	1626480017603	OK	 
USER	Admins	END	1626480017603
REQUEST		Get Ubigeo	1626479977111	1626480017611	OK	 
USER	Admins	END	1626480017611
REQUEST		Get Ubigeo	1626479976937	1626480017617	OK	 
USER	Admins	END	1626480017617
REQUEST		Get Ubigeo	1626479976820	1626480017622	OK	 
USER	Admins	END	1626480017622
REQUEST		Get Ubigeo	1626479976761	1626480017627	OK	 
USER	Admins	END	1626480017627
REQUEST		Get Ubigeo	1626479976878	1626480017632	OK	 
USER	Admins	END	1626480017632
REQUEST		Get Ubigeo	1626479977055	1626480017646	OK	 
USER	Admins	END	1626480017646
REQUEST		Get Ubigeo	1626479977362	1626480017682	OK	 
USER	Admins	END	1626480017683
REQUEST		Get Ubigeo	1626479977301	1626480017713	OK	 
USER	Admins	END	1626480017713
REQUEST		Get Ubigeo	1626479977426	1626480017809	OK	 
USER	Admins	END	1626480017809
REQUEST		Get Ubigeo	1626479977550	1626480017896	OK	 
USER	Admins	END	1626480017896
REQUEST		Get Ubigeo	1626479977487	1626480017907	OK	 
USER	Admins	END	1626480017908
REQUEST		Get Ubigeo	1626479977676	1626480017975	OK	 
USER	Admins	END	1626480017975
REQUEST		Get Ubigeo	1626479977614	1626480017984	OK	 
USER	Admins	END	1626480017987
REQUEST		Get Ubigeo	1626479977736	1626480018072	OK	 
USER	Admins	END	1626480018073
REQUEST		Get Ubigeo	1626479977801	1626480018180	OK	 
USER	Admins	END	1626480018180
REQUEST		Get Ubigeo	1626479977862	1626480018214	OK	 
USER	Admins	END	1626480018214
REQUEST		Get Ubigeo	1626479977924	1626480018261	OK	 
USER	Admins	END	1626480018261
REQUEST		Get Ubigeo	1626479978048	1626480018366	OK	 
USER	Admins	END	1626480018367
REQUEST		Get Ubigeo	1626479977990	1626480018384	OK	 
USER	Admins	END	1626480018385
REQUEST		Get Ubigeo	1626479978115	1626480018471	OK	 
USER	Admins	END	1626480018471
REQUEST		Get Ubigeo	1626479978172	1626480018475	OK	 
USER	Admins	END	1626480018476
REQUEST		Get Ubigeo	1626479978231	1626480018554	OK	 
USER	Admins	END	1626480018554
REQUEST		Get Ubigeo	1626479978289	1626480018643	OK	 
USER	Admins	END	1626480018643
REQUEST		Get Ubigeo	1626479978348	1626480018676	OK	 
USER	Admins	END	1626480018677
REQUEST		Get Ubigeo	1626479978466	1626480018749	OK	 
USER	Admins	END	1626480018749
REQUEST		Get Ubigeo	1626479978408	1626480018784	OK	 
USER	Admins	END	1626480018785
REQUEST		Get Ubigeo	1626479978581	1626480018849	OK	 
USER	Admins	END	1626480018849
REQUEST		Get Ubigeo	1626479978524	1626480018857	OK	 
USER	Admins	END	1626480018857
REQUEST		Get Ubigeo	1626479978639	1626480018950	OK	 
USER	Admins	END	1626480018950
REQUEST		Get Ubigeo	1626479978757	1626480019059	OK	 
USER	Admins	END	1626480019059
REQUEST		Get Ubigeo	1626479978702	1626480019090	OK	 
USER	Admins	END	1626480019091
REQUEST		Get Ubigeo	1626479978819	1626480019208	OK	 
USER	Admins	END	1626480019208
REQUEST		Get Ubigeo	1626479978874	1626480019227	OK	 
USER	Admins	END	1626480019228
REQUEST		Get Ubigeo	1626479978938	1626480019270	OK	 
USER	Admins	END	1626480019270
REQUEST		Get Ubigeo	1626479979052	1626480019376	OK	 
USER	Admins	END	1626480019376
REQUEST		Get Ubigeo	1626479978995	1626480019394	OK	 
USER	Admins	END	1626480019394
REQUEST		Get Ubigeo	1626479979110	1626480019726	OK	 
USER	Admins	END	1626480019726
REQUEST		Get Ubigeo	1626479979300	1626480019791	OK	 
USER	Admins	END	1626480019791
REQUEST		Get Ubigeo	1626479979363	1626480019796	OK	 
USER	Admins	END	1626480019797
REQUEST		Get Ubigeo	1626479979174	1626480019859	OK	 
USER	Admins	END	1626480019860
REQUEST		Get Ubigeo	1626479979239	1626480019883	OK	 
USER	Admins	END	1626480019883
REQUEST		Get Ubigeo	1626479979425	1626480019890	OK	 
USER	Admins	END	1626480019890
REQUEST		Get Ubigeo	1626479979488	1626480019898	OK	 
USER	Admins	END	1626480019898
REQUEST		Get Ubigeo	1626479979549	1626480019904	OK	 
USER	Admins	END	1626480019904
REQUEST		Get Ubigeo	1626479979611	1626480020023	OK	 
USER	Admins	END	1626480020024
REQUEST		Get Ubigeo	1626479979737	1626480020109	OK	 
USER	Admins	END	1626480020109
REQUEST		Get Ubigeo	1626479979676	1626480020123	OK	 
USER	Admins	END	1626480020123
REQUEST		Get Ubigeo	1626479979801	1626480020226	OK	 
USER	Admins	END	1626480020226
REQUEST		Get Ubigeo	1626479979864	1626480020326	OK	 
USER	Admins	END	1626480020327
REQUEST		Get Ubigeo	1626479980050	1626480020409	OK	 
USER	Admins	END	1626480020409
REQUEST		Get Ubigeo	1626479979987	1626480020428	OK	 
USER	Admins	END	1626480020428
REQUEST		Get Ubigeo	1626479979927	1626480020508	OK	 
USER	Admins	END	1626480020509
