RUN	com.gatling.simulations.Products	products	1626149457302	 	3.5.1
USER	Admins	START	1626149459925
USER	Admins	START	1626149460021
USER	Admins	START	1626149460124
USER	Admins	START	1626149460219
USER	Admins	START	1626149460320
USER	Admins	START	1626149460423
USER	Admins	START	1626149460523
USER	Admins	START	1626149460623
USER	Admins	START	1626149460724
USER	Admins	START	1626149460824
USER	Admins	START	1626149460924
REQUEST		Search-filters	1626149460021	1626149460990	OK	 
USER	Admins	START	1626149461019
REQUEST		Search-filters	1626149459952	1626149461118	OK	 
USER	Admins	START	1626149461119
REQUEST		Search-filters	1626149460220	1626149461168	OK	 
REQUEST		Search-filters	1626149460125	1626149461214	OK	 
USER	Admins	START	1626149461218
REQUEST		Search-filters	1626149460320	1626149461308	OK	 
USER	Admins	START	1626149461319
REQUEST		Filtered-products	1626149461003	1626149461364	OK	 
USER	Admins	START	1626149461420
REQUEST		Search-filters	1626149460423	1626149461434	OK	 
REQUEST		burts-bees-en-promocion	1626149461365	1626149461485	KO	status.find.in(200,201,202,203,204,205,206,207,208,209,304), found 500
USER	Admins	START	1626149461517
REQUEST		Filtered-products	1626149461119	1626149461555	OK	 
REQUEST		Filtered-products	1626149461169	1626149461569	OK	 
REQUEST		Search-filters	1626149460624	1626149461599	OK	 
REQUEST		Search-filters	1626149460523	1626149461611	OK	 
USER	Admins	START	1626149461617
REQUEST		Filtered-products	1626149461214	1626149461639	OK	 
REQUEST		Search-filters	1626149460725	1626149461684	OK	 
REQUEST		burts-bees-en-promocion	1626149461555	1626149461693	KO	status.find.in(200,201,202,203,204,205,206,207,208,209,304), found 500
REQUEST		burts-bees-en-promocion	1626149461569	1626149461693	KO	status.find.in(200,201,202,203,204,205,206,207,208,209,304), found 500
REQUEST		Filtered-products	1626149461308	1626149461706	OK	 
USER	Admins	START	1626149461721
REQUEST		burts-bees-en-promocion	1626149461639	1626149461778	KO	status.find.in(200,201,202,203,204,205,206,207,208,209,304), found 500
REQUEST		Filtered-products	1626149461434	1626149461804	OK	 
USER	Admins	START	1626149461818
REQUEST		burts-bees-en-promocion	1626149461707	1626149461832	KO	status.find.in(200,201,202,203,204,205,206,207,208,209,304), found 500
REQUEST		Search-filters	1626149460824	1626149461862	OK	 
REQUEST		Search-filters	1626149460925	1626149461885	OK	 
USER	Admins	START	1626149461919
REQUEST		burts-bees-en-promocion	1626149461804	1626149461924	KO	status.find.in(200,201,202,203,204,205,206,207,208,209,304), found 500
REQUEST		Filtered-products	1626149461599	1626149461992	OK	 
USER	Admins	START	1626149462015
REQUEST		Filtered-products	1626149461684	1626149462063	OK	 
REQUEST		Filtered-products	1626149461612	1626149462081	OK	 
REQUEST		burts-bees-en-promocion	1626149461993	1626149462109	KO	status.find.in(200,201,202,203,204,205,206,207,208,209,304), found 500
USER	Admins	START	1626149462115
REQUEST		burts-bees-en-promocion	1626149462063	1626149462183	KO	status.find.in(200,201,202,203,204,205,206,207,208,209,304), found 500
USER	Admins	START	1626149462219
REQUEST		burts-bees-en-promocion	1626149462081	1626149462247	KO	status.find.in(200,201,202,203,204,205,206,207,208,209,304), found 500
REQUEST		Search-filters	1626149461119	1626149462249	OK	 
REQUEST		Filtered-products	1626149461863	1626149462253	OK	 
REQUEST		Filtered-products	1626149461885	1626149462253	OK	 
USER	Admins	START	1626149462319
REQUEST		Search-filters	1626149461319	1626149462331	OK	 
REQUEST		Search-filters	1626149461218	1626149462362	OK	 
REQUEST		burts-bees-en-promocion	1626149462254	1626149462374	KO	status.find.in(200,201,202,203,204,205,206,207,208,209,304), found 500
REQUEST		burts-bees-en-promocion	1626149462254	1626149462374	KO	status.find.in(200,201,202,203,204,205,206,207,208,209,304), found 500
USER	Admins	START	1626149462418
REQUEST		Search-filters	1626149461420	1626149462490	OK	 
USER	Admins	START	1626149462517
REQUEST		Search-filters	1626149461518	1626149462585	OK	 
USER	Admins	START	1626149462620
REQUEST		Filtered-products	1626149462250	1626149462674	OK	 
REQUEST		Search-filters	1626149461617	1626149462675	OK	 
REQUEST		Filtered-products	1626149462331	1626149462712	OK	 
USER	Admins	START	1626149462717
REQUEST		Search-filters	1626149461722	1626149462742	OK	 
REQUEST		Search-filters	1626149461818	1626149462766	OK	 
USER	Admins	START	1626149462819
REQUEST		burts-bees-en-promocion	1626149462675	1626149462832	KO	status.find.in(200,201,202,203,204,205,206,207,208,209,304), found 500
REQUEST		burts-bees-en-promocion	1626149462712	1626149462859	KO	status.find.in(200,201,202,203,204,205,206,207,208,209,304), found 500
REQUEST		Filtered-products	1626149462362	1626149462859	OK	 
REQUEST		Filtered-Products	1626149462489	1626149462859	OK	 
USER	Admins	START	1626149462919
REQUEST		Filtered-products	1626149462490	1626149462981	OK	 
REQUEST		burts-bees-en-promocion	1626149462860	1626149463008	KO	status.find.in(200,201,202,203,204,205,206,207,208,209,304), found 500
USER	Admins	START	1626149463016
REQUEST		Search-filters	1626149461919	1626149463023	OK	 
USER	Admins	START	1626149463116
REQUEST		burts-bees-en-promocion	1626149462982	1626149463118	KO	status.find.in(200,201,202,203,204,205,206,207,208,209,304), found 500
REQUEST		Filtered-products	1626149462586	1626149463119	OK	 
REQUEST		Filtered-products	1626149462675	1626149463147	OK	 
REQUEST		Search-filters	1626149462115	1626149463164	OK	 
USER	Admins	START	1626149463216
REQUEST		Search-filters	1626149462219	1626149463296	OK	 
REQUEST		burts-bees-en-promocion	1626149463147	1626149463296	KO	status.find.in(200,201,202,203,204,205,206,207,208,209,304), found 500
REQUEST		burts-bees-en-promocion	1626149463119	1626149463296	KO	status.find.in(200,201,202,203,204,205,206,207,208,209,304), found 500
REQUEST		Filtered-Products	1626149462783	1626149463299	OK	 
REQUEST		Filtered-Products	1626149462698	1626149463309	OK	 
USER	Admins	START	1626149463318
REQUEST		Filtered-products	1626149462742	1626149463416	OK	 
REQUEST		Search-filters	1626149462319	1626149463417	OK	 
USER	Admins	START	1626149463420
REQUEST		Search-filters	1626149462418	1626149463455	OK	 
REQUEST		Filtered-products	1626149462767	1626149463464	OK	 
REQUEST		Search-filters	1626149462518	1626149463511	OK	 
REQUEST		Filtered-Products	1626149463115	1626149463514	OK	 
USER	Admins	START	1626149463518
REQUEST		burts-bees-en-promocion	1626149463417	1626149463543	KO	status.find.in(200,201,202,203,204,205,206,207,208,209,304), found 500
REQUEST		Filtered-products	1626149463023	1626149463543	OK	 
REQUEST		burts-bees-en-promocion	1626149463465	1626149463581	KO	status.find.in(200,201,202,203,204,205,206,207,208,209,304), found 500
REQUEST		Filtered-Products	1626149462838	1626149463590	OK	 
USER	Admins	START	1626149463619
REQUEST		Filtered-Products	1626149462698	1626149463627	OK	 
REQUEST		Filtered-products	1626149463165	1626149463661	OK	 
REQUEST		burts-bees-en-promocion	1626149463543	1626149463676	KO	status.find.in(200,201,202,203,204,205,206,207,208,209,304), found 500
REQUEST		Search-filters	1626149462621	1626149463697	OK	 
USER	Admins	START	1626149463720
REQUEST		Filtered-Products	1626149462929	1626149463774	OK	 
REQUEST		Search-filters	1626149462718	1626149463774	OK	 
REQUEST		burts-bees-en-promocion	1626149463661	1626149463809	KO	status.find.in(200,201,202,203,204,205,206,207,208,209,304), found 500
USER	Admins	START	1626149463818
REQUEST		Filtered-Products	1626149463380	1626149463892	OK	 
REQUEST		Filtered-products	1626149463297	1626149463893	OK	 
USER	Admins	START	1626149463920
REQUEST		Filtered-Products	1626149463186	1626149463923	OK	 
REQUEST		Filtered-Products	1626149463251	1626149463930	OK	 
REQUEST		Filtered-Products	1626149463380	1626149463935	OK	 
REQUEST		Search-filters	1626149463016	1626149463975	OK	 
REQUEST		Search-filters	1626149462919	1626149463981	OK	 
REQUEST		Filtered-products	1626149463512	1626149463998	OK	 
USER	Admins	START	1626149464018
REQUEST		burts-bees-en-promocion	1626149463865	1626149464029	KO	status.find.in(200,201,202,203,204,205,206,207,208,209,304), found 500
REQUEST		burts-bees-en-promocion	1626149463894	1626149464049	KO	status.find.in(200,201,202,203,204,205,206,207,208,209,304), found 500
REQUEST		Search-filters	1626149463116	1626149464100	OK	 
REQUEST		Filtered-products	1626149463417	1626149464101	OK	 
USER	Admins	START	1626149464118
REQUEST		Filtered-products	1626149463456	1626149464140	OK	 
REQUEST		burts-bees-en-promocion	1626149463999	1626149464149	KO	status.find.in(200,201,202,203,204,205,206,207,208,209,304), found 500
REQUEST		Filtered-products	1626149463697	1626149464157	OK	 
REQUEST		Filtered-products	1626149463775	1626149464167	OK	 
USER	Admins	START	1626149464215
REQUEST		Search-filters	1626149463216	1626149464226	OK	 
REQUEST		Filtered-Products	1626149463863	1626149464231	OK	 
REQUEST		burts-bees-en-promocion	1626149464140	1626149464271	KO	status.find.in(200,201,202,203,204,205,206,207,208,209,304), found 500
REQUEST		burts-bees-en-promocion	1626149464168	1626149464287	KO	status.find.in(200,201,202,203,204,205,206,207,208,209,304), found 500
REQUEST		burts-bees-en-promocion	1626149464102	1626149464293	KO	status.find.in(200,201,202,203,204,205,206,207,208,209,304), found 500
REQUEST		burts-bees-en-promocion	1626149464157	1626149464312	KO	status.find.in(200,201,202,203,204,205,206,207,208,209,304), found 500
USER	Admins	START	1626149464319
REQUEST		Filtered-Products	1626149463833	1626149464401	OK	 
USER	Admins	START	1626149464418
REQUEST		burts-bees-en-promocion	1626149464305	1626149464460	KO	status.find.in(200,201,202,203,204,205,206,207,208,209,304), found 500
REQUEST		burts-bees-en-promocion	1626149464315	1626149464465	KO	status.find.in(200,201,202,203,204,205,206,207,208,209,304), found 500
REQUEST		Filtered-products	1626149463977	1626149464469	OK	 
REQUEST		Search-filters	1626149463318	1626149464470	OK	 
USER	Admins	START	1626149464519
REQUEST		Filtered-products	1626149464101	1626149464543	OK	 
REQUEST		Search-filters	1626149463420	1626149464545	OK	 
REQUEST		burts-bees-en-promocion	1626149464470	1626149464591	KO	status.find.in(200,201,202,203,204,205,206,207,208,209,304), found 500
REQUEST		Filtered-products	1626149463981	1626149464597	OK	 
REQUEST		Search-filters	1626149463519	1626149464601	OK	 
REQUEST		Filtered-Products	1626149464014	1626149464611	OK	 
USER	Admins	START	1626149464614
REQUEST		burts-bees-en-promocion	1626149464545	1626149464663	KO	status.find.in(200,201,202,203,204,205,206,207,208,209,304), found 500
REQUEST		Search-filters	1626149463619	1626149464672	OK	 
REQUEST		Filtered-Products	1626149464124	1626149464684	OK	 
REQUEST		Filtered-Products	1626149464299	1626149464691	OK	 
USER	Admins	START	1626149464715
REQUEST		burts-bees-en-promocion	1626149464595	1626149464725	KO	status.find.in(200,201,202,203,204,205,206,207,208,209,304), found 500
REQUEST		burts-bees-en-promocion	1626149464597	1626149464742	KO	status.find.in(200,201,202,203,204,205,206,207,208,209,304), found 500
REQUEST		Filtered-products	1626149464226	1626149464769	OK	 
REQUEST		Filtered-Products	1626149464299	1626149464777	OK	 
REQUEST		burts-bees-en-promocion	1626149464632	1626149464786	KO	status.find.in(200,201,202,203,204,205,206,207,208,209,304), found 500
USER	Admins	START	1626149464815
REQUEST		burts-bees-en-promocion	1626149464519	1626149464822	KO	status.find.in(200,201,202,203,204,205,206,207,208,209,304), found 500
REQUEST		burts-bees-en-promocion	1626149464769	1626149464907	KO	status.find.in(200,201,202,203,204,205,206,207,208,209,304), found 500
USER	Admins	START	1626149464920
REQUEST		burts-bees-en-promocion	1626149464776	1626149464924	KO	status.find.in(200,201,202,203,204,205,206,207,208,209,304), found 500
REQUEST		Filtered-products	1626149464470	1626149464933	OK	 
REQUEST		Search-filters	1626149463818	1626149464972	OK	 
REQUEST		Search-filters	1626149463920	1626149464981	OK	 
REQUEST		Filtered-products	1626149464547	1626149465012	OK	 
USER	Admins	START	1626149465018
REQUEST		burts-bees-en-promocion	1626149464894	1626149465027	KO	status.find.in(200,201,202,203,204,205,206,207,208,209,304), found 500
USER	Admins	END	1626149465035
REQUEST		burts-bees-en-promocion	1626149464927	1626149465050	KO	status.find.in(200,201,202,203,204,205,206,207,208,209,304), found 500
REQUEST		burts-bees-en-promocion	1626149464937	1626149465076	KO	status.find.in(200,201,202,203,204,205,206,207,208,209,304), found 500
REQUEST		Filtered-Products	1626149464586	1626149465077	OK	 
REQUEST		burts-bees-en-promocion	1626149464930	1626149465079	KO	status.find.in(200,201,202,203,204,205,206,207,208,209,304), found 500
REQUEST		burts-bees-en-promocion	1626149464934	1626149465079	KO	status.find.in(200,201,202,203,204,205,206,207,208,209,304), found 500
REQUEST		Filtered-Products	1626149464547	1626149465089	OK	 
REQUEST		Filtered-products	1626149464602	1626149465112	OK	 
USER	Admins	START	1626149465119
REQUEST		burts-bees-en-promocion	1626149465012	1626149465159	KO	status.find.in(200,201,202,203,204,205,206,207,208,209,304), found 500
REQUEST		Filtered-Products	1626149464814	1626149465180	OK	 
REQUEST		Filtered-Products	1626149464678	1626149465182	OK	 
REQUEST		Search-filters	1626149464018	1626149465192	OK	 
REQUEST		Search-filters	1626149464118	1626149465205	OK	 
USER	Admins	START	1626149465220
REQUEST		burts-bees-en-promocion	1626149465112	1626149465229	KO	status.find.in(200,201,202,203,204,205,206,207,208,209,304), found 500
REQUEST		Filtered-products	1626149464672	1626149465235	OK	 
REQUEST		Search-filters	1626149464215	1626149465259	OK	 
USER	Admins	START	1626149465321
REQUEST		burts-bees-en-promocion	1626149465235	1626149465358	KO	status.find.in(200,201,202,203,204,205,206,207,208,209,304), found 500
REQUEST		burts-bees-en-promocion	1626149465233	1626149465362	KO	status.find.in(200,201,202,203,204,205,206,207,208,209,304), found 500
REQUEST		Filtered-products	1626149464982	1626149465362	OK	 
REQUEST		Filtered-Products	1626149465054	1626149465374	OK	 
REQUEST		Search-filters	1626149464319	1626149465387	OK	 
USER	Admins	START	1626149465416
REQUEST		Filtered-products	1626149464973	1626149465435	OK	 
USER	Admins	END	1626149465466
USER	Admins	END	1626149465471
REQUEST		Filtered-Products	1626149465152	1626149465481	OK	 
REQUEST		burts-bees-en-promocion	1626149465363	1626149465487	KO	status.find.in(200,201,202,203,204,205,206,207,208,209,304), found 500
USER	Admins	START	1626149465516
REQUEST		Search-filters	1626149464418	1626149465517	OK	 
REQUEST		burts-bees-en-promocion	1626149465402	1626149465560	KO	status.find.in(200,201,202,203,204,205,206,207,208,209,304), found 500
REQUEST		burts-bees-en-promocion	1626149465436	1626149465598	KO	status.find.in(200,201,202,203,204,205,206,207,208,209,304), found 500
USER	Admins	START	1626149465616
REQUEST		Search-filters	1626149464520	1626149465680	OK	 
REQUEST		Filtered-products	1626149465259	1626149465690	OK	 
REQUEST		Filtered-products	1626149465193	1626149465695	OK	 
USER	Admins	START	1626149465718
USER	Admins	END	1626149465729
REQUEST		burts-bees-en-promocion	1626149465614	1626149465771	KO	status.find.in(200,201,202,203,204,205,206,207,208,209,304), found 500
REQUEST		Search-filters	1626149462820	1626149465775	OK	 
REQUEST		Search-filters	1626149461019	1626149465785	OK	 
USER	Admins	END	1626149465791
REQUEST		Search-filters	1626149462016	1626149465793	OK	 
REQUEST		burts-bees-en-promocion	1626149465691	1626149465817	KO	status.find.in(200,201,202,203,204,205,206,207,208,209,304), found 500
USER	Admins	START	1626149465820
USER	Admins	END	1626149465824
REQUEST		burts-bees-en-promocion	1626149465690	1626149465834	KO	status.find.in(200,201,202,203,204,205,206,207,208,209,304), found 500
REQUEST		burts-bees-en-promocion	1626149465696	1626149465834	KO	status.find.in(200,201,202,203,204,205,206,207,208,209,304), found 500
REQUEST		burts-bees-en-promocion	1626149465695	1626149465854	KO	status.find.in(200,201,202,203,204,205,206,207,208,209,304), found 500
REQUEST		Filtered-products	1626149465206	1626149465866	OK	 
REQUEST		Search-filters	1626149464815	1626149465897	OK	 
REQUEST		Search-filters	1626149464715	1626149465901	OK	 
REQUEST		burts-bees-en-promocion	1626149465780	1626149465907	KO	status.find.in(200,201,202,203,204,205,206,207,208,209,304), found 500
REQUEST		Search-filters	1626149464615	1626149465907	OK	 
USER	Admins	START	1626149465919
USER	Admins	END	1626149465928
USER	Admins	START	1626149466018
USER	Admins	END	1626149466028
REQUEST		burts-bees-en-promocion	1626149465867	1626149466042	KO	status.find.in(200,201,202,203,204,205,206,207,208,209,304), found 500
USER	Admins	END	1626149466055
USER	Admins	END	1626149466079
USER	Admins	END	1626149466080
USER	Admins	START	1626149466116
REQUEST		Search-filters	1626149465019	1626149466148	OK	 
REQUEST		Search-filters	1626149465119	1626149466167	OK	 
REQUEST		Search-filters	1626149464920	1626149466167	OK	 
REQUEST		burts-bees-en-promocion	1626149466079	1626149466197	KO	status.find.in(200,201,202,203,204,205,206,207,208,209,304), found 500
REQUEST		burts-bees-en-promocion	1626149466091	1626149466217	KO	status.find.in(200,201,202,203,204,205,206,207,208,209,304), found 500
REQUEST		Filtered-Products	1626149465291	1626149466217	OK	 
USER	Admins	START	1626149466219
REQUEST		Filtered-Products	1626149465298	1626149466221	OK	 
REQUEST		Search-filters	1626149463720	1626149466242	OK	 
REQUEST		Filtered-products	1626149465387	1626149466287	OK	 
USER	Admins	START	1626149466315
REQUEST		burts-bees-en-promocion	1626149466185	1626149466338	KO	status.find.in(200,201,202,203,204,205,206,207,208,209,304), found 500
REQUEST		burts-bees-en-promocion	1626149466185	1626149466338	KO	status.find.in(200,201,202,203,204,205,206,207,208,209,304), found 500
USER	Admins	END	1626149466363
REQUEST		burts-bees-en-promocion	1626149466287	1626149466416	KO	status.find.in(200,201,202,203,204,205,206,207,208,209,304), found 500
USER	Admins	START	1626149466419
REQUEST		Search-filters	1626149465220	1626149466436	OK	 
USER	Admins	START	1626149466518
REQUEST		Filtered-products	1626149465517	1626149466524	OK	 
REQUEST		burts-bees-en-promocion	1626149466378	1626149466524	KO	status.find.in(200,201,202,203,204,205,206,207,208,209,304), found 500
USER	Admins	END	1626149466564
USER	Admins	START	1626149466618
REQUEST		burts-bees-en-promocion	1626149466484	1626149466663	KO	status.find.in(200,201,202,203,204,205,206,207,208,209,304), found 500
REQUEST		burts-bees-en-promocion	1626149466524	1626149466717	KO	status.find.in(200,201,202,203,204,205,206,207,208,209,304), found 500
USER	Admins	START	1626149466718
USER	Admins	END	1626149466773
USER	Admins	START	1626149466815
USER	Admins	END	1626149466836
USER	Admins	END	1626149466836
REQUEST		Search-filters	1626149465416	1626149466895	OK	 
USER	Admins	END	1626149466911
USER	Admins	START	1626149466919
REQUEST		Filtered-Products	1626149465273	1626149466973	OK	 
REQUEST		Filtered-Products	1626149465316	1626149466994	OK	 
USER	Admins	START	1626149467015
REQUEST		Search-filters	1626149465616	1626149467016	OK	 
REQUEST		Search-filters	1626149465516	1626149467021	OK	 
REQUEST		Search-filters	1626149465820	1626149467044	OK	 
REQUEST		Filtered-products	1626149465681	1626149467081	OK	 
USER	Admins	START	1626149467117
REQUEST		Filtered-Products	1626149465593	1626149467140	OK	 
REQUEST		Filtered-products	1626149465907	1626149467166	OK	 
REQUEST		Search-filters	1626149465919	1626149467176	OK	 
REQUEST		Search-filters	1626149465321	1626149467177	OK	 
REQUEST		Search-filters	1626149465718	1626149467178	OK	 
REQUEST		Filtered-products	1626149465775	1626149467194	OK	 
USER	Admins	END	1626149467199
USER	Admins	START	1626149467215
USER	Admins	END	1626149467218
REQUEST		Filtered-products	1626149465897	1626149467278	OK	 
REQUEST		Search-filters	1626149466018	1626149467299	OK	 
USER	Admins	START	1626149467318
REQUEST		Filtered-products	1626149465786	1626149467321	OK	 
REQUEST		burts-bees-en-promocion	1626149467194	1626149467333	KO	status.find.in(200,201,202,203,204,205,206,207,208,209,304), found 500
REQUEST		burts-bees-en-promocion	1626149467167	1626149467336	KO	status.find.in(200,201,202,203,204,205,206,207,208,209,304), found 500
USER	Admins	END	1626149467340
USER	Admins	END	1626149467340
USER	Admins	START	1626149467418
REQUEST		burts-bees-en-promocion	1626149467218	1626149467455	KO	status.find.in(200,201,202,203,204,205,206,207,208,209,304), found 500
REQUEST		burts-bees-en-promocion	1626149467082	1626149467464	KO	status.find.in(200,201,202,203,204,205,206,207,208,209,304), found 500
REQUEST		Search-filters	1626149466116	1626149467466	OK	 
REQUEST		Filtered-Products	1626149465668	1626149467472	OK	 
REQUEST		burts-bees-en-promocion	1626149467321	1626149467473	KO	status.find.in(200,201,202,203,204,205,206,207,208,209,304), found 500
REQUEST		burts-bees-en-promocion	1626149467279	1626149467475	KO	status.find.in(200,201,202,203,204,205,206,207,208,209,304), found 500
USER	Admins	START	1626149467519
USER	Admins	END	1626149467526
REQUEST		burts-bees-en-promocion	1626149467225	1626149467541	KO	status.find.in(200,201,202,203,204,205,206,207,208,209,304), found 500
REQUEST		Filtered-products	1626149466149	1626149467571	OK	 
REQUEST		Filtered-products	1626149465793	1626149467588	OK	 
REQUEST		Filtered-products	1626149465901	1626149467595	OK	 
USER	Admins	START	1626149467620
USER	Admins	END	1626149467668
USER	Admins	START	1626149467718
REQUEST		Search-filters	1626149466315	1626149467735	OK	 
REQUEST		burts-bees-en-promocion	1626149467571	1626149467761	KO	status.find.in(200,201,202,203,204,205,206,207,208,209,304), found 500
REQUEST		burts-bees-en-promocion	1626149467589	1626149467808	KO	status.find.in(200,201,202,203,204,205,206,207,208,209,304), found 500
USER	Admins	START	1626149467817
REQUEST		burts-bees-en-promocion	1626149467596	1626149467843	KO	status.find.in(200,201,202,203,204,205,206,207,208,209,304), found 500
USER	Admins	START	1626149467919
REQUEST		Filtered-Products	1626149465743	1626149467948	OK	 
REQUEST		Filtered-products	1626149466243	1626149468011	OK	 
REQUEST		Filtered-products	1626149466167	1626149468013	OK	 
USER	Admins	START	1626149468017
REQUEST		Filtered-products	1626149466167	1626149468039	OK	 
REQUEST		burts-bees-en-promocion	1626149467977	1626149468095	KO	status.find.in(200,201,202,203,204,205,206,207,208,209,304), found 500
REQUEST		Filtered-products	1626149467021	1626149468116	OK	 
USER	Admins	START	1626149468119
REQUEST		burts-bees-en-promocion	1626149468013	1626149468138	KO	status.find.in(200,201,202,203,204,205,206,207,208,209,304), found 500
REQUEST		burts-bees-en-promocion	1626149467997	1626149468143	KO	status.find.in(200,201,202,203,204,205,206,207,208,209,304), found 500
REQUEST		Search-filters	1626149466219	1626149468149	OK	 
REQUEST		Search-filters	1626149466518	1626149468149	OK	 
REQUEST		Search-filters	1626149466919	1626149468149	OK	 
REQUEST		Search-filters	1626149466718	1626149468149	OK	 
REQUEST		Search-filters	1626149466815	1626149468149	OK	 
REQUEST		Search-filters	1626149466419	1626149468149	OK	 
REQUEST		Search-filters	1626149466618	1626149468150	OK	 
REQUEST		Filtered-products	1626149466436	1626149468150	OK	 
REQUEST		burts-bees-en-promocion	1626149468011	1626149468152	KO	status.find.in(200,201,202,203,204,205,206,207,208,209,304), found 500
REQUEST		burts-bees-en-promocion	1626149468039	1626149468203	KO	status.find.in(200,201,202,203,204,205,206,207,208,209,304), found 500
REQUEST		Search-filters	1626149467118	1626149468209	OK	 
USER	Admins	START	1626149468218
REQUEST		burts-bees-en-promocion	1626149468116	1626149468238	KO	status.find.in(200,201,202,203,204,205,206,207,208,209,304), found 500
REQUEST		Search-filters	1626149467015	1626149468261	OK	 
REQUEST		burts-bees-en-promocion	1626149468141	1626149468315	KO	status.find.in(200,201,202,203,204,205,206,207,208,209,304), found 500
REQUEST		burts-bees-en-promocion	1626149468150	1626149468315	KO	status.find.in(200,201,202,203,204,205,206,207,208,209,304), found 500
USER	Admins	START	1626149468318
REQUEST		Search-filters	1626149467215	1626149468341	OK	 
REQUEST		Filtered-products	1626149466895	1626149468387	OK	 
USER	Admins	START	1626149468417
REQUEST		Filtered-products	1626149467177	1626149468434	OK	 
REQUEST		Filtered-products	1626149467045	1626149468444	OK	 
USER	Admins	END	1626149468459
USER	Admins	START	1626149468516
USER	Admins	END	1626149468543
REQUEST		burts-bees-en-promocion	1626149468445	1626149468565	KO	status.find.in(200,201,202,203,204,205,206,207,208,209,304), found 500
REQUEST		burts-bees-en-promocion	1626149468434	1626149468580	KO	status.find.in(200,201,202,203,204,205,206,207,208,209,304), found 500
REQUEST		burts-bees-en-promocion	1626149468473	1626149468613	KO	status.find.in(200,201,202,203,204,205,206,207,208,209,304), found 500
USER	Admins	START	1626149468615
REQUEST		Filtered-Products	1626149465908	1626149468623	OK	 
REQUEST		Filtered-products	1626149467016	1626149468676	OK	 
REQUEST		Search-filters	1626149467419	1626149468696	OK	 
REQUEST		Search-filters	1626149467318	1626149468699	OK	 
USER	Admins	START	1626149468719
USER	Admins	START	1626149468817
REQUEST		Filtered-Products	1626149466080	1626149468828	OK	 
REQUEST		Search-filters	1626149467620	1626149468845	OK	 
REQUEST		burts-bees-en-promocion	1626149468676	1626149468870	KO	status.find.in(200,201,202,203,204,205,206,207,208,209,304), found 500
REQUEST		burts-bees-en-promocion	1626149468387	1626149468913	KO	status.find.in(200,201,202,203,204,205,206,207,208,209,304), found 500
USER	Admins	START	1626149468919
REQUEST		Search-filters	1626149467720	1626149468957	OK	 
USER	Admins	START	1626149469016
USER	Admins	END	1626149469097
REQUEST		burts-bees-en-promocion	1626149468950	1626149469102	KO	status.find.in(200,201,202,203,204,205,206,207,208,209,304), found 500
USER	Admins	START	1626149469119
USER	Admins	END	1626149469148
REQUEST		Search-filters	1626149467818	1626149469203	OK	 
USER	Admins	START	1626149469217
REQUEST		Filtered-products	1626149467177	1626149469249	OK	 
USER	Admins	END	1626149469321
USER	Admins	START	1626149469320
REQUEST		Search-filters	1626149467519	1626149469392	OK	 
REQUEST		burts-bees-en-promocion	1626149469251	1626149469398	KO	status.find.in(200,201,202,203,204,205,206,207,208,209,304), found 500
USER	Admins	START	1626149469419
USER	Admins	START	1626149469518
REQUEST		Search-filters	1626149468318	1626149469606	OK	 
REQUEST		Search-filters	1626149468516	1626149469607	OK	 
USER	Admins	END	1626149469618
USER	Admins	START	1626149469620
REQUEST		Search-filters	1626149468017	1626149469628	OK	 
REQUEST		Search-filters	1626149468119	1626149469650	OK	 
REQUEST		Search-filters	1626149467920	1626149469651	OK	 
REQUEST		Search-filters	1626149468218	1626149469652	OK	 
REQUEST		Search-filters	1626149468417	1626149469664	OK	 
REQUEST		Filtered-products	1626149467178	1626149469673	OK	 
USER	Admins	START	1626149469716
REQUEST		Filtered-products	1626149468150	1626149469734	OK	 
USER	Admins	START	1626149469820
REQUEST		burts-bees-en-promocion	1626149469673	1626149469973	KO	status.find.in(200,201,202,203,204,205,206,207,208,209,304), found 500
REQUEST		burts-bees-en-promocion	1626149469831	1626149469995	KO	status.find.in(200,201,202,203,204,205,206,207,208,209,304), found 500
REQUEST		burts-bees-en-promocion	1626149469624	1626149470092	KO	status.find.in(200,201,202,203,204,205,206,207,208,209,304), found 500
USER	Admins	END	1626149470103
REQUEST		Filtered-Products	1626149466818	1626149470145	OK	 
REQUEST		Search-filters	1626149469120	1626149470171	OK	 
REQUEST		Search-filters	1626149468615	1626149470175	OK	 
REQUEST		Search-filters	1626149469016	1626149470175	OK	 
REQUEST		burts-bees-en-promocion	1626149469734	1626149470189	KO	status.find.in(200,201,202,203,204,205,206,207,208,209,304), found 500
REQUEST		Search-filters	1626149468817	1626149470212	OK	 
REQUEST		Search-filters	1626149468919	1626149470215	OK	 
REQUEST		Search-filters	1626149468720	1626149470229	OK	 
REQUEST		Filtered-products	1626149467300	1626149470257	OK	 
REQUEST		Filtered-products	1626149468149	1626149470257	OK	 
REQUEST		Filtered-products	1626149468261	1626149470297	OK	 
REQUEST		Search-filters	1626149469217	1626149470306	OK	 
REQUEST		Filtered-products	1626149467466	1626149470335	OK	 
REQUEST		burts-bees-en-promocion	1626149470258	1626149470376	KO	status.find.in(200,201,202,203,204,205,206,207,208,209,304), found 500
REQUEST		Filtered-products	1626149468209	1626149470386	OK	 
REQUEST		Filtered-products	1626149468150	1626149470388	OK	 
REQUEST		burts-bees-en-promocion	1626149470258	1626149470394	KO	status.find.in(200,201,202,203,204,205,206,207,208,209,304), found 500
REQUEST		burts-bees-en-promocion	1626149470297	1626149470435	KO	status.find.in(200,201,202,203,204,205,206,207,208,209,304), found 500
REQUEST		burts-bees-en-promocion	1626149470336	1626149470660	KO	status.find.in(200,201,202,203,204,205,206,207,208,209,304), found 500
REQUEST		burts-bees-en-promocion	1626149470386	1626149470701	KO	status.find.in(200,201,202,203,204,205,206,207,208,209,304), found 500
REQUEST		Search-filters	1626149469321	1626149470721	OK	 
REQUEST		burts-bees-en-promocion	1626149470388	1626149470747	KO	status.find.in(200,201,202,203,204,205,206,207,208,209,304), found 500
REQUEST		Filtered-Products	1626149466602	1626149470839	OK	 
REQUEST		Filtered-products	1626149468149	1626149470909	OK	 
REQUEST		Filtered-products	1626149468149	1626149470949	OK	 
USER	Admins	END	1626149470998
REQUEST		Search-filters	1626149469420	1626149471003	OK	 
USER	Admins	END	1626149471093
REQUEST		burts-bees-en-promocion	1626149470909	1626149471167	KO	status.find.in(200,201,202,203,204,205,206,207,208,209,304), found 500
REQUEST		burts-bees-en-promocion	1626149470949	1626149471197	KO	status.find.in(200,201,202,203,204,205,206,207,208,209,304), found 500
REQUEST		Search-filters	1626149469519	1626149471447	OK	 
REQUEST		Search-filters	1626149469716	1626149471448	OK	 
REQUEST		burts-bees-en-promocion	1626149471148	1626149471448	KO	status.find.in(200,201,202,203,204,205,206,207,208,209,304), found 500
REQUEST		Search-filters	1626149469620	1626149471511	OK	 
REQUEST		Filtered-Products	1626149466360	1626149471625	OK	 
REQUEST		Filtered-Products	1626149466490	1626149471628	OK	 
REQUEST		Filtered-Products	1626149466233	1626149471639	OK	 
REQUEST		Filtered-Products	1626149466162	1626149471659	OK	 
REQUEST		Filtered-Products	1626149467047	1626149471666	OK	 
REQUEST		Filtered-Products	1626149466858	1626149471680	OK	 
REQUEST		Filtered-products	1626149468149	1626149471731	OK	 
REQUEST		Filtered-products	1626149468697	1626149471742	OK	 
REQUEST		Filtered-Products	1626149468475	1626149471750	OK	 
REQUEST		Filtered-products	1626149469204	1626149471751	OK	 
REQUEST		Filtered-products	1626149467735	1626149471751	OK	 
REQUEST		Filtered-products	1626149469392	1626149471758	OK	 
REQUEST		Filtered-Products	1626149468466	1626149471767	OK	 
REQUEST		Filtered-Products	1626149468340	1626149471792	OK	 
REQUEST		Filtered-products	1626149468342	1626149471816	OK	 
REQUEST		Search-filters	1626149469821	1626149471822	OK	 
REQUEST		Filtered-products	1626149469607	1626149471861	OK	 
REQUEST		Filtered-products	1626149468958	1626149471861	OK	 
REQUEST		Filtered-products	1626149470175	1626149471898	OK	 
REQUEST		Filtered-products	1626149469652	1626149471904	OK	 
REQUEST		Filtered-products	1626149469607	1626149471905	OK	 
REQUEST		Filtered-products	1626149470175	1626149471926	OK	 
REQUEST		Filtered-products	1626149468699	1626149471947	OK	 
REQUEST		Filtered-products	1626149468846	1626149471949	OK	 
REQUEST		Filtered-products	1626149469653	1626149471959	OK	 
REQUEST		burts-bees-en-promocion	1626149471752	1626149471971	KO	status.find.in(200,201,202,203,204,205,206,207,208,209,304), found 500
REQUEST		burts-bees-en-promocion	1626149471731	1626149471982	KO	status.find.in(200,201,202,203,204,205,206,207,208,209,304), found 500
REQUEST		burts-bees-en-promocion	1626149471742	1626149472001	KO	status.find.in(200,201,202,203,204,205,206,207,208,209,304), found 500
REQUEST		burts-bees-en-promocion	1626149471751	1626149472001	KO	status.find.in(200,201,202,203,204,205,206,207,208,209,304), found 500
REQUEST		burts-bees-en-promocion	1626149471758	1626149472001	KO	status.find.in(200,201,202,203,204,205,206,207,208,209,304), found 500
REQUEST		burts-bees-en-promocion	1626149471861	1626149472020	KO	status.find.in(200,201,202,203,204,205,206,207,208,209,304), found 500
REQUEST		burts-bees-en-promocion	1626149471844	1626149472022	KO	status.find.in(200,201,202,203,204,205,206,207,208,209,304), found 500
REQUEST		burts-bees-en-promocion	1626149471861	1626149472022	KO	status.find.in(200,201,202,203,204,205,206,207,208,209,304), found 500
REQUEST		Filtered-products	1626149468149	1626149472022	OK	 
REQUEST		burts-bees-en-promocion	1626149471905	1626149472029	KO	status.find.in(200,201,202,203,204,205,206,207,208,209,304), found 500
REQUEST		burts-bees-en-promocion	1626149471898	1626149472046	KO	status.find.in(200,201,202,203,204,205,206,207,208,209,304), found 500
REQUEST		burts-bees-en-promocion	1626149471817	1626149472046	KO	status.find.in(200,201,202,203,204,205,206,207,208,209,304), found 500
REQUEST		burts-bees-en-promocion	1626149471904	1626149472051	KO	status.find.in(200,201,202,203,204,205,206,207,208,209,304), found 500
REQUEST		burts-bees-en-promocion	1626149471926	1626149472071	KO	status.find.in(200,201,202,203,204,205,206,207,208,209,304), found 500
REQUEST		burts-bees-en-promocion	1626149471948	1626149472087	KO	status.find.in(200,201,202,203,204,205,206,207,208,209,304), found 500
REQUEST		Filtered-products	1626149469664	1626149472090	OK	 
REQUEST		burts-bees-en-promocion	1626149471950	1626149472102	KO	status.find.in(200,201,202,203,204,205,206,207,208,209,304), found 500
REQUEST		Filtered-products	1626149470171	1626149472115	OK	 
REQUEST		Filtered-products	1626149470213	1626149472138	OK	 
REQUEST		burts-bees-en-promocion	1626149471959	1626149472158	KO	status.find.in(200,201,202,203,204,205,206,207,208,209,304), found 500
REQUEST		burts-bees-en-promocion	1626149472023	1626149472192	KO	status.find.in(200,201,202,203,204,205,206,207,208,209,304), found 500
REQUEST		Filtered-products	1626149469651	1626149472238	OK	 
REQUEST		burts-bees-en-promocion	1626149472115	1626149472253	KO	status.find.in(200,201,202,203,204,205,206,207,208,209,304), found 500
REQUEST		Filtered-products	1626149470229	1626149472253	OK	 
REQUEST		burts-bees-en-promocion	1626149472090	1626149472277	KO	status.find.in(200,201,202,203,204,205,206,207,208,209,304), found 500
REQUEST		burts-bees-en-promocion	1626149472139	1626149472354	KO	status.find.in(200,201,202,203,204,205,206,207,208,209,304), found 500
USER	Admins	END	1626149472450
REQUEST		burts-bees-en-promocion	1626149472239	1626149472479	KO	status.find.in(200,201,202,203,204,205,206,207,208,209,304), found 500
REQUEST		burts-bees-en-promocion	1626149472254	1626149472497	KO	status.find.in(200,201,202,203,204,205,206,207,208,209,304), found 500
REQUEST		Filtered-Products	1626149467420	1626149472754	OK	 
REQUEST		Filtered-Products	1626149468338	1626149472803	OK	 
REQUEST		Filtered-Products	1626149467721	1626149472805	OK	 
REQUEST		Filtered-Products	1626149468769	1626149472821	OK	 
REQUEST		burts-bees-en-promocion	1626149472754	1626149472884	KO	status.find.in(200,201,202,203,204,205,206,207,208,209,304), found 500
REQUEST		Filtered-products	1626149470306	1626149472900	OK	 
REQUEST		Filtered-products	1626149469628	1626149472908	OK	 
REQUEST		burts-bees-en-promocion	1626149472633	1626149472910	KO	status.find.in(200,201,202,203,204,205,206,207,208,209,304), found 500
REQUEST		burts-bees-en-promocion	1626149472644	1626149472910	KO	status.find.in(200,201,202,203,204,205,206,207,208,209,304), found 500
REQUEST		burts-bees-en-promocion	1626149472628	1626149472910	KO	status.find.in(200,201,202,203,204,205,206,207,208,209,304), found 500
REQUEST		burts-bees-en-promocion	1626149472772	1626149472916	KO	status.find.in(200,201,202,203,204,205,206,207,208,209,304), found 500
REQUEST		burts-bees-en-promocion	1626149472660	1626149472932	KO	status.find.in(200,201,202,203,204,205,206,207,208,209,304), found 500
REQUEST		burts-bees-en-promocion	1626149472668	1626149472934	KO	status.find.in(200,201,202,203,204,205,206,207,208,209,304), found 500
REQUEST		burts-bees-en-promocion	1626149472795	1626149472958	KO	status.find.in(200,201,202,203,204,205,206,207,208,209,304), found 500
REQUEST		burts-bees-en-promocion	1626149472683	1626149472958	KO	status.find.in(200,201,202,203,204,205,206,207,208,209,304), found 500
REQUEST		Filtered-Products	1626149468810	1626149472962	OK	 
REQUEST		Filtered-Products	1626149468850	1626149472972	OK	 
REQUEST		Filtered-Products	1626149468480	1626149472985	OK	 
REQUEST		Filtered-products	1626149470216	1626149473000	OK	 
REQUEST		Filtered-products	1626149470721	1626149473002	OK	 
USER	Admins	END	1626149473028
REQUEST		burts-bees-en-promocion	1626149473002	1626149473170	KO	status.find.in(200,201,202,203,204,205,206,207,208,209,304), found 500
REQUEST		burts-bees-en-promocion	1626149472908	1626149473336	KO	status.find.in(200,201,202,203,204,205,206,207,208,209,304), found 500
REQUEST		burts-bees-en-promocion	1626149472901	1626149473353	KO	status.find.in(200,201,202,203,204,205,206,207,208,209,304), found 500
REQUEST		Filtered-products	1626149471448	1626149473456	OK	 
REQUEST		burts-bees-en-promocion	1626149473000	1626149473549	KO	status.find.in(200,201,202,203,204,205,206,207,208,209,304), found 500
REQUEST		burts-bees-en-promocion	1626149473456	1626149473716	KO	status.find.in(200,201,202,203,204,205,206,207,208,209,304), found 500
USER	Admins	END	1626149473888
USER	Admins	END	1626149473914
USER	Admins	END	1626149473914
USER	Admins	END	1626149473914
USER	Admins	END	1626149473919
REQUEST		Filtered-Products	1626149469240	1626149473933	OK	 
REQUEST		Filtered-Products	1626149469142	1626149473933	OK	 
REQUEST		Filtered-Products	1626149469876	1626149473933	OK	 
USER	Admins	END	1626149473937
USER	Admins	END	1626149473937
REQUEST		Filtered-Products	1626149469156	1626149473950	OK	 
REQUEST		burts-bees-en-promocion	1626149473807	1626149473950	KO	status.find.in(200,201,202,203,204,205,206,207,208,209,304), found 500
USER	Admins	END	1626149473960
USER	Admins	END	1626149473960
REQUEST		burts-bees-en-promocion	1626149473807	1626149473972	KO	status.find.in(200,201,202,203,204,205,206,207,208,209,304), found 500
REQUEST		Filtered-products	1626149471511	1626149473977	OK	 
REQUEST		burts-bees-en-promocion	1626149473823	1626149473991	KO	status.find.in(200,201,202,203,204,205,206,207,208,209,304), found 500
REQUEST		Filtered-products	1626149471448	1626149474054	OK	 
REQUEST		burts-bees-en-promocion	1626149473963	1626149474086	KO	status.find.in(200,201,202,203,204,205,206,207,208,209,304), found 500
REQUEST		burts-bees-en-promocion	1626149473977	1626149474097	KO	status.find.in(200,201,202,203,204,205,206,207,208,209,304), found 500
REQUEST		burts-bees-en-promocion	1626149473756	1626149474109	KO	status.find.in(200,201,202,203,204,205,206,207,208,209,304), found 500
REQUEST		burts-bees-en-promocion	1626149473975	1626149474133	KO	status.find.in(200,201,202,203,204,205,206,207,208,209,304), found 500
REQUEST		burts-bees-en-promocion	1626149473988	1626149474168	KO	status.find.in(200,201,202,203,204,205,206,207,208,209,304), found 500
REQUEST		Filtered-products	1626149471005	1626149474225	OK	 
REQUEST		burts-bees-en-promocion	1626149474054	1626149474259	KO	status.find.in(200,201,202,203,204,205,206,207,208,209,304), found 500
REQUEST		Filtered-products	1626149471822	1626149474285	OK	 
REQUEST		burts-bees-en-promocion	1626149474285	1626149474576	KO	status.find.in(200,201,202,203,204,205,206,207,208,209,304), found 500
REQUEST		burts-bees-en-promocion	1626149474225	1626149474576	KO	status.find.in(200,201,202,203,204,205,206,207,208,209,304), found 500
REQUEST		Filtered-Products	1626149469916	1626149474621	OK	 
REQUEST		Filtered-Products	1626149469206	1626149474680	OK	 
REQUEST		Filtered-Products	1626149469585	1626149474681	OK	 
REQUEST		Filtered-Products	1626149469321	1626149474690	OK	 
USER	Admins	END	1626149474955
USER	Admins	END	1626149474973
USER	Admins	END	1626149474997
USER	Admins	END	1626149475087
USER	Admins	END	1626149475111
USER	Admins	END	1626149475138
REQUEST		burts-bees-en-promocion	1626149474937	1626149475157	KO	status.find.in(200,201,202,203,204,205,206,207,208,209,304), found 500
REQUEST		burts-bees-en-promocion	1626149474937	1626149475157	KO	status.find.in(200,201,202,203,204,205,206,207,208,209,304), found 500
REQUEST		burts-bees-en-promocion	1626149474955	1626149475158	KO	status.find.in(200,201,202,203,204,205,206,207,208,209,304), found 500
USER	Admins	END	1626149475169
REQUEST		Filtered-Products	1626149472199	1626149475193	OK	 
REQUEST		burts-bees-en-promocion	1626149474937	1626149475257	KO	status.find.in(200,201,202,203,204,205,206,207,208,209,304), found 500
REQUEST		Filtered-Products	1626149469568	1626149475257	OK	 
REQUEST		Filtered-Products	1626149472171	1626149475592	OK	 
REQUEST		Filtered-Products	1626149471705	1626149475599	OK	 
REQUEST		Filtered-Products	1626149471751	1626149475770	OK	 
REQUEST		Filtered-Products	1626149471663	1626149475773	OK	 
REQUEST		Filtered-Products	1626149473158	1626149475773	OK	 
REQUEST		Filtered-Products	1626149473056	1626149475773	OK	 
REQUEST		Filtered-Products	1626149471399	1626149475773	OK	 
REQUEST		burts-bees-en-promocion	1626149475626	1626149475780	KO	status.find.in(200,201,202,203,204,205,206,207,208,209,304), found 500
REQUEST		Filtered-Products	1626149470402	1626149475926	OK	 
REQUEST		Filtered-Products	1626149472972	1626149475926	OK	 
REQUEST		Filtered-Products	1626149470975	1626149475962	OK	 
REQUEST		burts-bees-en-promocion	1626149475681	1626149476109	KO	status.find.in(200,201,202,203,204,205,206,207,208,209,304), found 500
REQUEST		burts-bees-en-promocion	1626149475681	1626149476109	KO	status.find.in(200,201,202,203,204,205,206,207,208,209,304), found 500
REQUEST		Filtered-Products	1626149473007	1626149476110	OK	 
REQUEST		Filtered-Products	1626149473050	1626149476110	OK	 
REQUEST		Filtered-Products	1626149473104	1626149476110	OK	 
REQUEST		burts-bees-en-promocion	1626149475691	1626149476110	KO	status.find.in(200,201,202,203,204,205,206,207,208,209,304), found 500
REQUEST		Filtered-Products	1626149473023	1626149476110	OK	 
REQUEST		Filtered-Products	1626149473007	1626149476110	OK	 
REQUEST		Filtered-Products	1626149473052	1626149476110	OK	 
REQUEST		Filtered-Products	1626149473033	1626149476134	OK	 
USER	Admins	END	1626149476159
USER	Admins	END	1626149476159
USER	Admins	END	1626149476159
USER	Admins	END	1626149476260
REQUEST		Filtered-Products	1626149473195	1626149476298	OK	 
REQUEST		burts-bees-en-promocion	1626149476259	1626149476444	KO	status.find.in(200,201,202,203,204,205,206,207,208,209,304), found 500
REQUEST		burts-bees-en-promocion	1626149476199	1626149476444	KO	status.find.in(200,201,202,203,204,205,206,207,208,209,304), found 500
REQUEST		Filtered-Products	1626149473258	1626149476444	OK	 
REQUEST		Filtered-Products	1626149473498	1626149476445	OK	 
REQUEST		Filtered-Products	1626149472983	1626149476445	OK	 
REQUEST		Filtered-Products	1626149473359	1626149476655	OK	 
REQUEST		Filtered-Products	1626149475582	1626149476662	OK	 
USER	Admins	END	1626149476783
REQUEST		Filtered-Products	1626149474356	1626149476802	OK	 
REQUEST		Filtered-Products	1626149474338	1626149476802	OK	 
REQUEST		Filtered-Products	1626149473279	1626149476824	OK	 
REQUEST		Filtered-Products	1626149473482	1626149476824	OK	 
REQUEST		Filtered-Products	1626149474175	1626149476824	OK	 
REQUEST		Filtered-Products	1626149475098	1626149476824	OK	 
REQUEST		burts-bees-en-promocion	1626149476604	1626149476844	KO	status.find.in(200,201,202,203,204,205,206,207,208,209,304), found 500
REQUEST		burts-bees-en-promocion	1626149476777	1626149476980	KO	status.find.in(200,201,202,203,204,205,206,207,208,209,304), found 500
REQUEST		burts-bees-en-promocion	1626149476777	1626149476981	KO	status.find.in(200,201,202,203,204,205,206,207,208,209,304), found 500
REQUEST		burts-bees-en-promocion	1626149476777	1626149476981	KO	status.find.in(200,201,202,203,204,205,206,207,208,209,304), found 500
REQUEST		burts-bees-en-promocion	1626149476777	1626149476981	KO	status.find.in(200,201,202,203,204,205,206,207,208,209,304), found 500
REQUEST		Filtered-Products	1626149475582	1626149476981	OK	 
REQUEST		burts-bees-en-promocion	1626149476776	1626149476981	KO	status.find.in(200,201,202,203,204,205,206,207,208,209,304), found 500
USER	Admins	END	1626149477114
USER	Admins	END	1626149477114
USER	Admins	END	1626149477114
REQUEST		burts-bees-en-promocion	1626149476930	1626149477161	KO	status.find.in(200,201,202,203,204,205,206,207,208,209,304), found 500
REQUEST		burts-bees-en-promocion	1626149476964	1626149477161	KO	status.find.in(200,201,202,203,204,205,206,207,208,209,304), found 500
REQUEST		burts-bees-en-promocion	1626149476594	1626149477162	KO	status.find.in(200,201,202,203,204,205,206,207,208,209,304), found 500
REQUEST		burts-bees-en-promocion	1626149476930	1626149477162	KO	status.find.in(200,201,202,203,204,205,206,207,208,209,304), found 500
REQUEST		burts-bees-en-promocion	1626149477114	1626149477342	KO	status.find.in(200,201,202,203,204,205,206,207,208,209,304), found 500
REQUEST		burts-bees-en-promocion	1626149477114	1626149477342	KO	status.find.in(200,201,202,203,204,205,206,207,208,209,304), found 500
REQUEST		burts-bees-en-promocion	1626149477114	1626149477342	KO	status.find.in(200,201,202,203,204,205,206,207,208,209,304), found 500
REQUEST		burts-bees-en-promocion	1626149477140	1626149477342	KO	status.find.in(200,201,202,203,204,205,206,207,208,209,304), found 500
REQUEST		burts-bees-en-promocion	1626149477114	1626149477342	KO	status.find.in(200,201,202,203,204,205,206,207,208,209,304), found 500
REQUEST		burts-bees-en-promocion	1626149477114	1626149477343	KO	status.find.in(200,201,202,203,204,205,206,207,208,209,304), found 500
REQUEST		burts-bees-en-promocion	1626149477114	1626149477343	KO	status.find.in(200,201,202,203,204,205,206,207,208,209,304), found 500
USER	Admins	END	1626149477449
USER	Admins	END	1626149477449
REQUEST		Filtered-Products	1626149471380	1626149477497	OK	 
REQUEST		burts-bees-en-promocion	1626149477302	1626149477498	KO	status.find.in(200,201,202,203,204,205,206,207,208,209,304), found 500
REQUEST		burts-bees-en-promocion	1626149477449	1626149477679	KO	status.find.in(200,201,202,203,204,205,206,207,208,209,304), found 500
REQUEST		burts-bees-en-promocion	1626149477449	1626149477679	KO	status.find.in(200,201,202,203,204,205,206,207,208,209,304), found 500
REQUEST		burts-bees-en-promocion	1626149477449	1626149477679	KO	status.find.in(200,201,202,203,204,205,206,207,208,209,304), found 500
REQUEST		Filtered-Products	1626149473028	1626149477777	OK	 
REQUEST		Filtered-Products	1626149473004	1626149477778	OK	 
REQUEST		burts-bees-en-promocion	1626149477657	1626149477795	KO	status.find.in(200,201,202,203,204,205,206,207,208,209,304), found 500
REQUEST		Filtered-Products	1626149473093	1626149477801	OK	 
REQUEST		burts-bees-en-promocion	1626149477667	1626149477801	KO	status.find.in(200,201,202,203,204,205,206,207,208,209,304), found 500
REQUEST		Filtered-Products	1626149471439	1626149477805	OK	 
REQUEST		Filtered-Products	1626149473076	1626149477805	OK	 
REQUEST		Filtered-Products	1626149471194	1626149477824	OK	 
REQUEST		Filtered-Products	1626149474550	1626149477824	OK	 
USER	Admins	END	1626149477846
REQUEST		Filtered-Products	1626149475262	1626149477879	OK	 
REQUEST		Filtered-Products	1626149474718	1626149477885	OK	 
REQUEST		burts-bees-en-promocion	1626149477804	1626149477942	KO	status.find.in(200,201,202,203,204,205,206,207,208,209,304), found 500
REQUEST		burts-bees-en-promocion	1626149477828	1626149477956	KO	status.find.in(200,201,202,203,204,205,206,207,208,209,304), found 500
REQUEST		burts-bees-en-promocion	1626149477825	1626149477960	KO	status.find.in(200,201,202,203,204,205,206,207,208,209,304), found 500
REQUEST		burts-bees-en-promocion	1626149477804	1626149477960	KO	status.find.in(200,201,202,203,204,205,206,207,208,209,304), found 500
REQUEST		burts-bees-en-promocion	1626149477828	1626149477977	KO	status.find.in(200,201,202,203,204,205,206,207,208,209,304), found 500
USER	Admins	END	1626149477981
USER	Admins	END	1626149477983
USER	Admins	END	1626149477983
USER	Admins	END	1626149477983
USER	Admins	END	1626149477983
REQUEST		