RUN	com.gatling.simulations.Mapi	mapi	1626217244234	 	3.5.1
USER	Admins	START	1626217246637
REQUEST		Get Token	1626217246655	1626217247488	OK	 
USER	Admins	START	1626217247633
REQUEST		Get Token	1626217247633	1626217248229	OK	 
USER	Admins	START	1626217248630
REQUEST		Get Token	1626217248630	1626217249163	OK	 
REQUEST		Get User	1626217249132	1626217249594	OK	 
USER	Admins	START	1626217249630
REQUEST		updateAnonymous	1626217249597	1626217249884	OK	 
REQUEST		Get User	1626217249402	1626217249902	OK	 
REQUEST		updateAnonymous	1626217249903	1626217250116	OK	 
REQUEST		Get Token	1626217249630	1626217250214	OK	 
USER	Admins	START	1626217250629
REQUEST		Get Token	1626217250629	1626217251194	OK	 
REQUEST		AddToCart	1626217250887	1626217251352	OK	 
REQUEST		AddToCart	1626217251121	1626217251521	OK	 
USER	Admins	START	1626217251629
REQUEST		Get User	1626217250997	1626217251643	OK	 
REQUEST		updateAnonymous	1626217251643	1626217251907	OK	 
REQUEST		Get Token	1626217251629	1626217252131	OK	 
REQUEST		Get User	1626217251754	1626217252212	OK	 
USER	Admins	END	1626217252361
REQUEST		updateAnonymous	1626217252212	1626217252481	OK	 
USER	Admins	END	1626217252527
USER	Admins	START	1626217252630
REQUEST		Get Token	1626217252631	1626217253252	OK	 
REQUEST		AddToCart	1626217252913	1626217253346	OK	 
USER	Admins	START	1626217253631
REQUEST		Get User	1626217253147	1626217253639	OK	 
REQUEST		AddToCart	1626217253486	1626217253829	OK	 
REQUEST		updateAnonymous	1626217253639	1626217253853	OK	 
REQUEST		Get Token	1626217253632	1626217254321	OK	 
USER	Admins	END	1626217254353
REQUEST		Get User	1626217254090	1626217254617	OK	 
USER	Admins	START	1626217254629
REQUEST		updateAnonymous	1626217254618	1626217254826	OK	 
USER	Admins	END	1626217254832
REQUEST		Get User	1626217254581	1626217255051	OK	 
REQUEST		AddToCart	1626217254856	1626217255197	OK	 
REQUEST		Get Token	1626217254629	1626217255238	OK	 
REQUEST		updateAnonymous	1626217255052	1626217255270	OK	 
USER	Admins	START	1626217255631
REQUEST		AddToCart	1626217255831	1626217256184	OK	 
REQUEST		Get Token	1626217255632	1626217256193	OK	 
USER	Admins	END	1626217256203
REQUEST		Get User	1626217255630	1626217256246	OK	 
REQUEST		updateAnonymous	1626217256247	1626217256518	OK	 
REQUEST		AddToCart	1626217256275	1626217256696	OK	 
REQUEST		Get User	1626217256314	1626217256779	OK	 
REQUEST		updateAnonymous	1626217256780	1626217256993	OK	 
USER	Admins	END	1626217257189
USER	Admins	END	1626217257702
REQUEST		AddToCart	1626217257522	1626217257917	OK	 
REQUEST		AddToCart	1626217257995	1626217258366	OK	 
REQUEST		Get User	1626217257910	1626217258540	OK	 
REQUEST		updateAnonymous	1626217258541	1626217258831	OK	 
USER	Admins	END	1626217258923
USER	Admins	END	1626217259371
REQUEST		AddToCart	1626217259834	1626217260634	OK	 
USER	Admins	END	1626217261637
