RUN	com.gatling.simulations.Products	products	1626536012705	 	3.5.1
ERROR	Products 1: Failed to build request: No baseUrl defined but provided url is relative : /products/420863,427640,144052,139064,425313,425311,426130,424202,406774,406195,406713,428666,261241 	1626536014890
USER	Users	START	1626536014886
ERROR	Products 1: Failed to build request: No baseUrl defined but provided url is relative : /products/420863,427640,144052,139064,425313,425311,426130,424202,406774,406195,406713,428666,261241 	1626536014926
USER	Users	START	1626536014926
ERROR	Products 1: Failed to build request: No baseUrl defined but provided url is relative : /products/420863,427640,144052,139064,425313,425311,426130,424202,406774,406195,406713,428666,261241 	1626536014967
USER	Users	START	1626536014967
ERROR	Products 1: Failed to build request: No baseUrl defined but provided url is relative : /products/420863,427640,144052,139064,425313,425311,426130,424202,406774,406195,406713,428666,261241 	1626536015006
USER	Users	START	1626536015006
ERROR	Products 1: Failed to build request: No baseUrl defined but provided url is relative : /products/420863,427640,144052,139064,425313,425311,426130,424202,406774,406195,406713,428666,261241 	1626536015046
USER	Users	START	1626536015046
ERROR	Products 1: Failed to build request: No baseUrl defined but provided url is relative : /products/420863,427640,144052,139064,425313,425311,426130,424202,406774,406195,406713,428666,261241 	1626536015085
USER	Users	START	1626536015085
ERROR	Products 1: Failed to build request: No baseUrl defined but provided url is relative : /products/420863,427640,144052,139064,425313,425311,426130,424202,406774,406195,406713,428666,261241 	1626536015127
USER	Users	START	1626536015127
ERROR	Products 1: Failed to build request: No baseUrl defined but provided url is relative : /products/420863,427640,144052,139064,425313,425311,426130,424202,406774,406195,406713,428666,261241 	1626536015167
USER	Users	START	1626536015167
ERROR	Products 1: Failed to build request: No baseUrl defined but provided url is relative : /products/420863,427640,144052,139064,425313,425311,426130,424202,406774,406195,406713,428666,261241 	1626536015207
USER	Users	START	1626536015207
ERROR	Products 1: Failed to build request: No baseUrl defined but provided url is relative : /products/420863,427640,144052,139064,425313,425311,426130,424202,406774,406195,406713,428666,261241 	1626536015250
USER	Users	START	1626536015250
ERROR	Products 1: Failed to build request: No baseUrl defined but provided url is relative : /products/420863,427640,144052,139064,425313,425311,426130,424202,406774,406195,406713,428666,261241 	1626536015291
USER	Users	START	1626536015291
ERROR	Products 1: Failed to build request: No baseUrl defined but provided url is relative : /products/420863,427640,144052,139064,425313,425311,426130,424202,406774,406195,406713,428666,261241 	1626536015328
USER	Users	START	1626536015328
ERROR	Products 1: Failed to build request: No baseUrl defined but provided url is relative : /products/420863,427640,144052,139064,425313,425311,426130,424202,406774,406195,406713,428666,261241 	1626536015368
USER	Users	START	1626536015368
ERROR	Products 1: Failed to build request: No baseUrl defined but provided url is relative : /products/420863,427640,144052,139064,425313,425311,426130,424202,406774,406195,406713,428666,261241 	1626536015410
USER	Users	START	1626536015410
ERROR	Products 1: Failed to build request: No baseUrl defined but provided url is relative : /products/420863,427640,144052,139064,425313,425311,426130,424202,406774,406195,406713,428666,261241 	1626536015450
USER	Users	START	1626536015450
ERROR	Products 1: Failed to build request: No baseUrl defined but provided url is relative : /products/420863,427640,144052,139064,425313,425311,426130,424202,406774,406195,406713,428666,261241 	1626536015491
USER	Users	START	1626536015491
ERROR	Products 1: Failed to build request: No baseUrl defined but provided url is relative : /products/420863,427640,144052,139064,425313,425311,426130,424202,406774,406195,406713,428666,261241 	1626536015527
USER	Users	START	1626536015527
ERROR	Products 1: Failed to build request: No baseUrl defined but provided url is relative : /products/420863,427640,144052,139064,425313,425311,426130,424202,406774,406195,406713,428666,261241 	1626536015569
USER	Users	START	1626536015569
ERROR	Products 1: Failed to build request: No baseUrl defined but provided url is relative : /products/420863,427640,144052,139064,425313,425311,426130,424202,406774,406195,406713,428666,261241 	1626536015608
USER	Users	START	1626536015608
ERROR	Products 1: Failed to build request: No baseUrl defined but provided url is relative : /products/420863,427640,144052,139064,425313,425311,426130,424202,406774,406195,406713,428666,261241 	1626536015650
USER	Users	START	1626536015650
ERROR	Products 1: Failed to build request: No baseUrl defined but provided url is relative : /products/420863,427640,144052,139064,425313,425311,426130,424202,406774,406195,406713,428666,261241 	1626536015691
USER	Users	START	1626536015691
ERROR	Products 1: Failed to build request: No baseUrl defined but provided url is relative : /products/420863,427640,144052,139064,425313,425311,426130,424202,406774,406195,406713,428666,261241 	1626536015729
USER	Users	START	1626536015729
ERROR	Products 1: Failed to build request: No baseUrl defined but provided url is relative : /products/420863,427640,144052,139064,425313,425311,426130,424202,406774,406195,406713,428666,261241 	1626536015768
USER	Users	START	1626536015768
ERROR	Products 1: Failed to build request: No baseUrl defined but provided url is relative : /products/420863,427640,144052,139064,425313,425311,426130,424202,406774,406195,406713,428666,261241 	1626536015813
USER	Users	START	1626536015813
ERROR	Products 1: Failed to build request: No baseUrl defined but provided url is relative : /products/420863,427640,144052,139064,425313,425311,426130,424202,406774,406195,406713,428666,261241 	1626536015851
USER	Users	START	1626536015851
ERROR	Products 1: Failed to build request: No baseUrl defined but provided url is relative : /products/420863,427640,144052,139064,425313,425311,426130,424202,406774,406195,406713,428666,261241 	1626536015891
USER	Users	START	1626536015891
ERROR	Products 2: Failed to build request: No baseUrl defined but provided url is relative : /products/261327,238072,425029,428509,425278,424773,427122,427123,429265,429264,423594,425691,922782 	1626536015895
ERROR	Products 1: Failed to build request: No baseUrl defined but provided url is relative : /products/420863,427640,144052,139064,425313,425311,426130,424202,406774,406195,406713,428666,261241 	1626536015925
USER	Users	START	1626536015925
ERROR	Products 2: Failed to build request: No baseUrl defined but provided url is relative : /products/261327,238072,425029,428509,425278,424773,427122,427123,429265,429264,423594,425691,922782 	1626536015931
ERROR	Products 1: Failed to build request: No baseUrl defined but provided url is relative : /products/420863,427640,144052,139064,425313,425311,426130,424202,406774,406195,406713,428666,261241 	1626536015965
USER	Users	START	1626536015965
ERROR	Products 2: Failed to build request: No baseUrl defined but provided url is relative : /products/261327,238072,425029,428509,425278,424773,427122,427123,429265,429264,423594,425691,922782 	1626536015969
ERROR	Products 1: Failed to build request: No baseUrl defined but provided url is relative : /products/420863,427640,144052,139064,425313,425311,426130,424202,406774,406195,406713,428666,261241 	1626536016005
USER	Users	START	1626536016005
ERROR	Products 2: Failed to build request: No baseUrl defined but provided url is relative : /products/261327,238072,425029,428509,425278,424773,427122,427123,429265,429264,423594,425691,922782 	1626536016009
ERROR	Products 1: Failed to build request: No baseUrl defined but provided url is relative : /products/420863,427640,144052,139064,425313,425311,426130,424202,406774,406195,406713,428666,261241 	1626536016044
USER	Users	START	1626536016044
ERROR	Products 2: Failed to build request: No baseUrl defined but provided url is relative : /products/261327,238072,425029,428509,425278,424773,427122,427123,429265,429264,423594,425691,922782 	1626536016051
ERROR	Products 2: Failed to build request: No baseUrl defined but provided url is relative : /products/261327,238072,425029,428509,425278,424773,427122,427123,429265,429264,423594,425691,922782 	1626536016088
ERROR	Products 1: Failed to build request: No baseUrl defined but provided url is relative : /products/420863,427640,144052,139064,425313,425311,426130,424202,406774,406195,406713,428666,261241 	1626536016088
USER	Users	START	1626536016088
ERROR	Products 2: Failed to build request: No baseUrl defined but provided url is relative : /products/261327,238072,425029,428509,425278,424773,427122,427123,429265,429264,423594,425691,922782 	1626536016128
ERROR	Products 1: Failed to build request: No baseUrl defined but provided url is relative : /products/420863,427640,144052,139064,425313,425311,426130,424202,406774,406195,406713,428666,261241 	1626536016129
USER	Users	START	1626536016129
ERROR	Products 2: Failed to build request: No baseUrl defined but provided url is relative : /products/261327,238072,425029,428509,425278,424773,427122,427123,429265,429264,423594,425691,922782 	1626536016168
ERROR	Products 1: Failed to build request: No baseUrl defined but provided url is relative : /products/420863,427640,144052,139064,425313,425311,426130,424202,406774,406195,406713,428666,261241 	1626536016168
USER	Users	START	1626536016168
ERROR	Products 1: Failed to build request: No baseUrl defined but provided url is relative : /products/420863,427640,144052,139064,425313,425311,426130,424202,406774,406195,406713,428666,261241 	1626536016205
USER	Users	START	1626536016205
ERROR	Products 2: Failed to build request: No baseUrl defined but provided url is relative : /products/261327,238072,425029,428509,425278,424773,427122,427123,429265,429264,423594,425691,922782 	1626536016210
ERROR	Products 1: Failed to build request: No baseUrl defined but provided url is relative : /products/420863,427640,144052,139064,425313,425311,426130,424202,406774,406195,406713,428666,261241 	1626536016250
USER	Users	START	1626536016250
ERROR	Products 2: Failed to build request: No baseUrl defined but provided url is relative : /products/261327,238072,425029,428509,425278,424773,427122,427123,429265,429264,423594,425691,922782 	1626536016251
ERROR	Products 1: Failed to build request: No baseUrl defined but provided url is relative : /products/420863,427640,144052,139064,425313,425311,426130,424202,406774,406195,406713,428666,261241 	1626536016285
USER	Users	START	1626536016285
ERROR	Products 2: Failed to build request: No baseUrl defined but provided url is relative : /products/261327,238072,425029,428509,425278,424773,427122,427123,429265,429264,423594,425691,922782 	1626536016294
ERROR	Products 1: Failed to build request: No baseUrl defined but provided url is relative : /products/420863,427640,144052,139064,425313,425311,426130,424202,406774,406195,406713,428666,261241 	1626536016328
USER	Users	START	1626536016328
ERROR	Products 2: Failed to build request: No baseUrl defined but provided url is relative : /products/261327,238072,425029,428509,425278,424773,427122,427123,429265,429264,423594,425691,922782 	1626536016330
ERROR	Products 1: Failed to build request: No baseUrl defined but provided url is relative : /products/420863,427640,144052,139064,425313,425311,426130,424202,406774,406195,406713,428666,261241 	1626536016366
USER	Users	START	1626536016366
ERROR	Products 2: Failed to build request: No baseUrl defined but provided url is relative : /products/261327,238072,425029,428509,425278,424773,427122,427123,429265,429264,423594,425691,922782 	1626536016371
ERROR	Products 1: Failed to build request: No baseUrl defined but provided url is relative : /products/420863,427640,144052,139064,425313,425311,426130,424202,406774,406195,406713,428666,261241 	1626536016404
USER	Users	START	1626536016404
ERROR	Products 2: Failed to build request: No baseUrl defined but provided url is relative : /products/261327,238072,425029,428509,425278,424773,427122,427123,429265,429264,423594,425691,922782 	1626536016415
ERROR	Products 1: Failed to build request: No baseUrl defined but provided url is relative : /products/420863,427640,144052,139064,425313,425311,426130,424202,406774,406195,406713,428666,261241 	1626536016449
USER	Users	START	1626536016449
ERROR	Products 2: Failed to build request: No baseUrl defined but provided url is relative : /products/261327,238072,425029,428509,425278,424773,427122,427123,429265,429264,423594,425691,922782 	1626536016453
ERROR	Products 1: Failed to build request: No baseUrl defined but provided url is relative : /products/420863,427640,144052,139064,425313,425311,426130,424202,406774,406195,406713,428666,261241 	1626536016488
USER	Users	START	1626536016488
ERROR	Products 2: Failed to build request: No baseUrl defined but provided url is relative : /products/261327,238072,425029,428509,425278,424773,427122,427123,429265,429264,423594,425691,922782 	1626536016492
ERROR	Products 1: Failed to build request: No baseUrl defined but provided url is relative : /products/420863,427640,144052,139064,425313,425311,426130,424202,406774,406195,406713,428666,261241 	1626536016529
USER	Users	START	1626536016529
ERROR	Products 2: Failed to build request: No baseUrl defined but provided url is relative : /products/261327,238072,425029,428509,425278,424773,427122,427123,429265,429264,423594,425691,922782 	1626536016533
ERROR	Products 1: Failed to build request: No baseUrl defined but provided url is relative : /products/420863,427640,144052,139064,425313,425311,426130,424202,406774,406195,406713,428666,261241 	1626536016567
USER	Users	START	1626536016567
ERROR	Products 2: Failed to build request: No baseUrl defined but provided url is relative : /products/261327,238072,425029,428509,425278,424773,427122,427123,429265,429264,423594,425691,922782 	1626536016569
ERROR	Products 1: Failed to build request: No baseUrl defined but provided url is relative : /products/420863,427640,144052,139064,425313,425311,426130,424202,406774,406195,406713,428666,261241 	1626536016605
USER	Users	START	1626536016604
ERROR	Products 2: Failed to build request: No baseUrl defined but provided url is relative : /products/261327,238072,425029,428509,425278,424773,427122,427123,429265,429264,423594,425691,922782 	1626536016610
ERROR	Products 1: Failed to build request: No baseUrl defined but provided url is relative : /products/420863,427640,144052,139064,425313,425311,426130,424202,406774,406195,406713,428666,261241 	1626536016647
USER	Users	START	1626536016647
ERROR	Products 2: Failed to build request: No baseUrl defined but provided url is relative : /products/261327,238072,425029,428509,425278,424773,427122,427123,429265,429264,423594,425691,922782 	1626536016651
ERROR	Products 1: Failed to build request: No baseUrl defined but provided url is relative : /products/420863,427640,144052,139064,425313,425311,426130,424202,406774,406195,406713,428666,261241 	1626536016688
USER	Users	START	1626536016688
ERROR	Products 2: Failed to build request: No baseUrl defined but provided url is relative : /products/261327,238072,425029,428509,425278,424773,427122,427123,429265,429264,423594,425691,922782 	1626536016694
ERROR	Products 1: Failed to build request: No baseUrl defined but provided url is relative : /products/420863,427640,144052,139064,425313,425311,426130,424202,406774,406195,406713,428666,261241 	1626536016728
USER	Users	START	1626536016728
ERROR	Products 2: Failed to build request: No baseUrl defined but provided url is relative : /products/261327,238072,425029,428509,425278,424773,427122,427123,429265,429264,423594,425691,922782 	1626536016733
ERROR	Products 1: Failed to build request: No baseUrl defined but provided url is relative : /products/420863,427640,144052,139064,425313,425311,426130,424202,406774,406195,406713,428666,261241 	1626536016765
USER	Users	START	1626536016765
ERROR	Products 2: Failed to build request: No baseUrl defined but provided url is relative : /products/261327,238072,425029,428509,425278,424773,427122,427123,429265,429264,423594,425691,922782 	1626536016773
ERROR	Products 1: Failed to build request: No baseUrl defined but provided url is relative : /products/420863,427640,144052,139064,425313,425311,426130,424202,406774,406195,406713,428666,261241 	1626536016805
USER	Users	START	1626536016805
ERROR	Products 2: Failed to build request: No baseUrl defined but provided url is relative : /products/261327,238072,425029,428509,425278,424773,427122,427123,429265,429264,423594,425691,922782 	1626536016818
ERROR	Products 1: Failed to build request: No baseUrl defined but provided url is relative : /products/420863,427640,144052,139064,425313,425311,426130,424202,406774,406195,406713,428666,261241 	1626536016846
USER	Users	START	1626536016846
ERROR	Products 2: Failed to build request: No baseUrl defined but provided url is relative : /products/261327,238072,425029,428509,425278,424773,427122,427123,429265,429264,423594,425691,922782 	1626536016857
ERROR	Products 1: Failed to build request: No baseUrl defined but provided url is relative : /products/420863,427640,144052,139064,425313,425311,426130,424202,406774,406195,406713,428666,261241 	1626536016888
USER	Users	START	1626536016888
ERROR	Products 2: Failed to build request: No baseUrl defined but provided url is relative : /products/261327,238072,425029,428509,425278,424773,427122,427123,429265,429264,423594,425691,922782 	1626536016892
ERROR	Products 3: Failed to build request: No baseUrl defined but provided url is relative : /products/922779,922775,922888,424157,424158,426227,425222,904163,189039,189003,189002,911915,429782 	1626536016895
ERROR	Products 2: Failed to build request: No baseUrl defined but provided url is relative : /products/261327,238072,425029,428509,425278,424773,427122,427123,429265,429264,423594,425691,922782 	1626536016926
ERROR	Products 1: Failed to build request: No baseUrl defined but provided url is relative : /products/420863,427640,144052,139064,425313,425311,426130,424202,406774,406195,406713,428666,261241 	1626536016926
USER	Users	START	1626536016926
ERROR	Products 3: Failed to build request: No baseUrl defined but provided url is relative : /products/922779,922775,922888,424157,424158,426227,425222,904163,189039,189003,189002,911915,429782 	1626536016932
ERROR	Products 1: Failed to build request: No baseUrl defined but provided url is relative : /products/420863,427640,144052,139064,425313,425311,426130,424202,406774,406195,406713,428666,261241 	1626536016963
USER	Users	START	1626536016963
ERROR	Products 2: Failed to build request: No baseUrl defined but provided url is relative : /products/261327,238072,425029,428509,425278,424773,427122,427123,429265,429264,423594,425691,922782 	1626536016967
ERROR	Products 3: Failed to build request: No baseUrl defined but provided url is relative : /products/922779,922775,922888,424157,424158,426227,425222,904163,189039,189003,189002,911915,429782 	1626536016974
ERROR	Products 1: Failed to build request: No baseUrl defined but provided url is relative : /products/420863,427640,144052,139064,425313,425311,426130,424202,406774,406195,406713,428666,261241 	1626536017002
USER	Users	START	1626536017002
ERROR	Products 2: Failed to build request: No baseUrl defined but provided url is relative : /products/261327,238072,425029,428509,425278,424773,427122,427123,429265,429264,423594,425691,922782 	1626536017010
ERROR	Products 3: Failed to build request: No baseUrl defined but provided url is relative : /products/922779,922775,922888,424157,424158,426227,425222,904163,189039,189003,189002,911915,429782 	1626536017012
ERROR	Products 1: Failed to build request: No baseUrl defined but provided url is relative : /products/420863,427640,144052,139064,425313,425311,426130,424202,406774,406195,406713,428666,261241 	1626536017042
USER	Users	START	1626536017042
ERROR	Products 2: Failed to build request: No baseUrl defined but provided url is relative : /products/261327,238072,425029,428509,425278,424773,427122,427123,429265,429264,423594,425691,922782 	1626536017044
ERROR	Products 3: Failed to build request: No baseUrl defined but provided url is relative : /products/922779,922775,922888,424157,424158,426227,425222,904163,189039,189003,189002,911915,429782 	1626536017055
ERROR	Products 1: Failed to build request: No baseUrl defined but provided url is relative : /products/420863,427640,144052,139064,425313,425311,426130,424202,406774,406195,406713,428666,261241 	1626536017082
USER	Users	START	1626536017082
ERROR	Products 2: Failed to build request: No baseUrl defined but provided url is relative : /products/261327,238072,425029,428509,425278,424773,427122,427123,429265,429264,423594,425691,922782 	1626536017091
ERROR	Products 3: Failed to build request: No baseUrl defined but provided url is relative : /products/922779,922775,922888,424157,424158,426227,425222,904163,189039,189003,189002,911915,429782 	1626536017091
ERROR	Products 1: Failed to build request: No baseUrl defined but provided url is relative : /products/420863,427640,144052,139064,425313,425311,426130,424202,406774,406195,406713,428666,261241 	1626536017124
USER	Users	START	1626536017124
ERROR	Products 3: Failed to build request: No baseUrl defined but provided url is relative : /products/922779,922775,922888,424157,424158,426227,425222,904163,189039,189003,189002,911915,429782 	1626536017131
ERROR	Products 2: Failed to build request: No baseUrl defined but provided url is relative : /products/261327,238072,425029,428509,425278,424773,427122,427123,429265,429264,423594,425691,922782 	1626536017131
ERROR	Products 1: Failed to build request: No baseUrl defined but provided url is relative : /products/420863,427640,144052,139064,425313,425311,426130,424202,406774,406195,406713,428666,261241 	1626536017167
USER	Users	START	1626536017167
ERROR	Products 3: Failed to build request: No baseUrl defined but provided url is relative : /products/922779,922775,922888,424157,424158,426227,425222,904163,189039,189003,189002,911915,429782 	1626536017171
ERROR	Products 2: Failed to build request: No baseUrl defined but provided url is relative : /products/261327,238072,425029,428509,425278,424773,427122,427123,429265,429264,423594,425691,922782 	1626536017171
ERROR	Products 1: Failed to build request: No baseUrl defined but provided url is relative : /products/420863,427640,144052,139064,425313,425311,426130,424202,406774,406195,406713,428666,261241 	1626536017203
USER	Users	START	1626536017203
ERROR	Products 2: Failed to build request: No baseUrl defined but provided url is relative : /products/261327,238072,425029,428509,425278,424773,427122,427123,429265,429264,423594,425691,922782 	1626536017211
ERROR	Products 3: Failed to build request: No baseUrl defined but provided url is relative : /products/922779,922775,922888,424157,424158,426227,425222,904163,189039,189003,189002,911915,429782 	1626536017212
ERROR	Products 1: Failed to build request: No baseUrl defined but provided url is relative : /products/420863,427640,144052,139064,425313,425311,426130,424202,406774,406195,406713,428666,261241 	1626536017245
USER	Users	START	1626536017244
ERROR	Products 2: Failed to build request: No baseUrl defined but provided url is relative : /products/261327,238072,425029,428509,425278,424773,427122,427123,429265,429264,423594,425691,922782 	1626536017251
ERROR	Products 3: Failed to build request: No baseUrl defined but provided url is relative : /products/922779,922775,922888,424157,424158,426227,425222,904163,189039,189003,189002,911915,429782 	1626536017256
ERROR	Products 1: Failed to build request: No baseUrl defined but provided url is relative : /products/420863,427640,144052,139064,425313,425311,426130,424202,406774,406195,406713,428666,261241 	1626536017283
USER	Users	START	1626536017283
ERROR	Products 2: Failed to build request: No baseUrl defined but provided url is relative : /products/261327,238072,425029,428509,425278,424773,427122,427123,429265,429264,423594,425691,922782 	1626536017291
ERROR	Products 3: Failed to build request: No baseUrl defined but provided url is relative : /products/922779,922775,922888,424157,424158,426227,425222,904163,189039,189003,189002,911915,429782 	1626536017296
ERROR	Products 1: Failed to build request: No baseUrl defined but provided url is relative : /products/420863,427640,144052,139064,425313,425311,426130,424202,406774,406195,406713,428666,261241 	1626536017324
USER	Users	START	1626536017324
ERROR	Products 3: Failed to build request: No baseUrl defined but provided url is relative : /products/922779,922775,922888,424157,424158,426227,425222,904163,189039,189003,189002,911915,429782 	1626536017330
ERROR	Products 2: Failed to build request: No baseUrl defined but provided url is relative : /products/261327,238072,425029,428509,425278,424773,427122,427123,429265,429264,423594,425691,922782 	1626536017330
ERROR	Products 1: Failed to build request: No baseUrl defined but provided url is relative : /products/420863,427640,144052,139064,425313,425311,426130,424202,406774,406195,406713,428666,261241 	1626536017367
USER	Users	START	1626536017367
ERROR	Products 2: Failed to build request: No baseUrl defined but provided url is relative : /products/261327,238072,425029,428509,425278,424773,427122,427123,429265,429264,423594,425691,922782 	1626536017372
ERROR	Products 3: Failed to build request: No baseUrl defined but provided url is relative : /products/922779,922775,922888,424157,424158,426227,425222,904163,189039,189003,189002,911915,429782 	1626536017374
ERROR	Products 2: Failed to build request: No baseUrl defined but provided url is relative : /products/261327,238072,425029,428509,425278,424773,427122,427123,429265,429264,423594,425691,922782 	1626536017406
ERROR	Products 1: Failed to build request: No baseUrl defined but provided url is relative : /products/420863,427640,144052,139064,425313,425311,426130,424202,406774,406195,406713,428666,261241 	1626536017406
USER	Users	START	1626536017406
ERROR	Products 3: Failed to build request: No baseUrl defined but provided url is relative : /products/922779,922775,922888,424157,424158,426227,425222,904163,189039,189003,189002,911915,429782 	1626536017418
ERROR	Products 1: Failed to build request: No baseUrl defined but provided url is relative : /products/420863,427640,144052,139064,425313,425311,426130,424202,406774,406195,406713,428666,261241 	1626536017448
USER	Users	START	1626536017447
ERROR	Products 2: Failed to build request: No baseUrl defined but provided url is relative : /products/261327,238072,425029,428509,425278,424773,427122,427123,429265,429264,423594,425691,922782 	1626536017454
ERROR	Products 3: Failed to build request: No baseUrl defined but provided url is relative : /products/922779,922775,922888,424157,424158,426227,425222,904163,189039,189003,189002,911915,429782 	1626536017458
ERROR	Products 1: Failed to build request: No baseUrl defined but provided url is relative : /products/420863,427640,144052,139064,425313,425311,426130,424202,406774,406195,406713,428666,261241 	1626536017488
USER	Users	START	1626536017488
ERROR	Products 2: Failed to build request: No baseUrl defined but provided url is relative : /products/261327,238072,425029,428509,425278,424773,427122,427123,429265,429264,423594,425691,922782 	1626536017493
ERROR	Products 3: Failed to build request: No baseUrl defined but provided url is relative : /products/922779,922775,922888,424157,424158,426227,425222,904163,189039,189003,189002,911915,429782 	1626536017495
ERROR	Products 1: Failed to build request: No baseUrl defined but provided url is relative : /products/420863,427640,144052,139064,425313,425311,426130,424202,406774,406195,406713,428666,261241 	1626536017524
USER	Users	START	1626536017524
ERROR	Products 2: Failed to build request: No baseUrl defined but provided url is relative : /products/261327,238072,425029,428509,425278,424773,427122,427123,429265,429264,423594,425691,922782 	1626536017533
ERROR	Products 3: Failed to build request: No baseUrl defined but provided url is relative : /products/922779,922775,922888,424157,424158,426227,425222,904163,189039,189003,189002,911915,429782 	1626536017539
ERROR	Products 1: Failed to build request: No baseUrl defined but provided url is relative : /products/420863,427640,144052,139064,425313,425311,426130,424202,406774,406195,406713,428666,261241 	1626536017567
USER	Users	START	1626536017567
ERROR	Products 2: Failed to build request: No baseUrl defined but provided url is relative : /products/261327,238072,425029,428509,425278,424773,427122,427123,429265,429264,423594,425691,922782 	1626536017568
ERROR	Products 3: Failed to build request: No baseUrl defined but provided url is relative : /products/922779,922775,922888,424157,424158,426227,425222,904163,189039,189003,189002,911915,429782 	1626536017574
ERROR	Products 2: Failed to build request: No baseUrl defined but provided url is relative : /products/261327,238072,425029,428509,425278,424773,427122,427123,429265,429264,423594,425691,922782 	1626536017607
ERROR	Products 1: Failed to build request: No baseUrl defined but provided url is relative : /products/420863,427640,144052,139064,425313,425311,426130,424202,406774,406195,406713,428666,261241 	1626536017607
USER	Users	START	1626536017607
ERROR	Products 3: Failed to build request: No baseUrl defined but provided url is relative : /products/922779,922775,922888,424157,424158,426227,425222,904163,189039,189003,189002,911915,429782 	1626536017612
ERROR	Products 1: Failed to build request: No baseUrl defined but provided url is relative : /products/420863,427640,144052,139064,425313,425311,426130,424202,406774,406195,406713,428666,261241 	1626536017646
USER	Users	START	1626536017646
ERROR	Products 2: Failed to build request: No baseUrl defined but provided url is relative : /products/261327,238072,425029,428509,425278,424773,427122,427123,429265,429264,423594,425691,922782 	1626536017652
ERROR	Products 3: Failed to build request: No baseUrl defined but provided url is relative : /products/922779,922775,922888,424157,424158,426227,425222,904163,189039,189003,189002,911915,429782 	1626536017654
ERROR	Products 1: Failed to build request: No baseUrl defined but provided url is relative : /products/420863,427640,144052,139064,425313,425311,426130,424202,406774,406195,406713,428666,261241 	1626536017688
USER	Users	START	1626536017688
ERROR	Products 2: Failed to build request: No baseUrl defined but provided url is relative : /products/261327,238072,425029,428509,425278,424773,427122,427123,429265,429264,423594,425691,922782 	1626536017692
ERROR	Products 3: Failed to build request: No baseUrl defined but provided url is relative : /products/922779,922775,922888,424157,424158,426227,425222,904163,189039,189003,189002,911915,429782 	1626536017695
ERROR	Products 1: Failed to build request: No baseUrl defined but provided url is relative : /products/420863,427640,144052,139064,425313,425311,426130,424202,406774,406195,406713,428666,261241 	1626536017726
USER	Users	START	1626536017726
ERROR	Products 2: Failed to build request: No baseUrl defined but provided url is relative : /products/261327,238072,425029,428509,425278,424773,427122,427123,429265,429264,423594,425691,922782 	1626536017733
ERROR	Products 3: Failed to build request: No baseUrl defined but provided url is relative : /products/922779,922775,922888,424157,424158,426227,425222,904163,189039,189003,189002,911915,429782 	1626536017738
ERROR	Products 1: Failed to build request: No baseUrl defined but provided url is relative : /products/420863,427640,144052,139064,425313,425311,426130,424202,406774,406195,406713,428666,261241 	1626536017764
USER	Users	START	1626536017764
ERROR	Products 2: Failed to build request: No baseUrl defined but provided url is relative : /products/261327,238072,425029,428509,425278,424773,427122,427123,429265,429264,423594,425691,922782 	1626536017766
ERROR	Products 3: Failed to build request: No baseUrl defined but provided url is relative : /products/922779,922775,922888,424157,424158,426227,425222,904163,189039,189003,189002,911915,429782 	1626536017774
ERROR	Products 1: Failed to build request: No baseUrl defined but provided url is relative : /products/420863,427640,144052,139064,425313,425311,426130,424202,406774,406195,406713,428666,261241 	1626536017805
USER	Users	START	1626536017805
ERROR	Products 2: Failed to build request: No baseUrl defined but provided url is relative : /products/261327,238072,425029,428509,425278,424773,427122,427123,429265,429264,423594,425691,922782 	1626536017805
ERROR	Products 3: Failed to build request: No baseUrl defined but provided url is relative : /products/922779,922775,922888,424157,424158,426227,425222,904163,189039,189003,189002,911915,429782 	1626536017823
ERROR	Products 1: Failed to build request: No baseUrl defined but provided url is relative : /products/420863,427640,144052,139064,425313,425311,426130,424202,406774,406195,406713,428666,261241 	1626536017843
USER	Users	START	1626536017843
ERROR	Products 2: Failed to build request: No baseUrl defined but provided url is relative : /products/261327,238072,425029,428509,425278,424773,427122,427123,429265,429264,423594,425691,922782 	1626536017851
ERROR	Products 3: Failed to build request: No baseUrl defined but provided url is relative : /products/922779,922775,922888,424157,424158,426227,425222,904163,189039,189003,189002,911915,429782 	1626536017862
ERROR	Products 1: Failed to build request: No baseUrl defined but provided url is relative : /products/420863,427640,144052,139064,425313,425311,426130,424202,406774,406195,406713,428666,261241 	1626536017888
USER	Users	START	1626536017888
ERROR	Products 2: Failed to build request: No baseUrl defined but provided url is relative : /products/261327,238072,425029,428509,425278,424773,427122,427123,429265,429264,423594,425691,922782 	1626536017891
ERROR	Products 4: Failed to build request: No baseUrl defined but provided url is relative : /products/908188,908473,428189,121030,428857,906201,429164,428856,170195,150086,150087,150030,150044,150055,150032 	1626536017898
ERROR	Products 3: Failed to build request: No baseUrl defined but provided url is relative : /products/922779,922775,922888,424157,424158,426227,425222,904163,189039,189003,189002,911915,429782 	1626536017898
ERROR	Products 1: Failed to build request: No baseUrl defined but provided url is relative : /products/420863,427640,144052,139064,425313,425311,426130,424202,406774,406195,406713,428666,261241 	1626536017927
USER	Users	START	1626536017927
ERROR	Products 2: Failed to build request: No baseUrl defined but provided url is relative : /products/261327,238072,425029,428509,425278,424773,427122,427123,429265,429264,423594,425691,922782 	1626536017930
ERROR	Products 3: Failed to build request: No baseUrl defined but provided url is relative : /products/922779,922775,922888,424157,424158,426227,425222,904163,189039,189003,189002,911915,429782 	1626536017931
ERROR	Products 4: Failed to build request: No baseUrl defined but provided url is relative : /products/908188,908473,428189,121030,428857,906201,429164,428856,170195,150086,150087,150030,150044,150055,150032 	1626536017933
ERROR	Products 2: Failed to build request: No baseUrl defined but provided url is relative : /products/261327,238072,425029,428509,425278,424773,427122,427123,429265,429264,423594,425691,922782 	1626536017966
ERROR	Products 1: Failed to build request: No baseUrl defined but provided url is relative : /products/420863,427640,144052,139064,425313,425311,426130,424202,406774,406195,406713,428666,261241 	1626536017967
USER	Users	START	1626536017967
ERROR	Products 3: Failed to build request: No baseUrl defined but provided url is relative : /products/922779,922775,922888,424157,424158,426227,425222,904163,189039,189003,189002,911915,429782 	1626536017971
ERROR	Products 4: Failed to build request: No baseUrl defined but provided url is relative : /products/908188,908473,428189,121030,428857,906201,429164,428856,170195,150086,150087,150030,150044,150055,150032 	1626536017975
ERROR	Products 1: Failed to build request: No baseUrl defined but provided url is relative : /products/420863,427640,144052,139064,425313,425311,426130,424202,406774,406195,406713,428666,261241 	1626536018003
ERROR	Products 2: Failed to build request: No baseUrl defined but provided url is relative : /products/261327,238072,425029,428509,425278,424773,427122,427123,429265,429264,423594,425691,922782 	1626536018003
USER	Users	START	1626536018003
ERROR	Products 3: Failed to build request: No baseUrl defined but provided url is relative : /products/922779,922775,922888,424157,424158,426227,425222,904163,189039,189003,189002,911915,429782 	1626536018011
ERROR	Products 4: Failed to build request: No baseUrl defined but provided url is relative : /products/908188,908473,428189,121030,428857,906201,429164,428856,170195,150086,150087,150030,150044,150055,150032 	1626536018013
ERROR	Products 2: Failed to build request: No baseUrl defined but provided url is relative : /products/261327,238072,425029,428509,425278,424773,427122,427123,429265,429264,423594,425691,922782 	1626536018044
ERROR	Products 1: Failed to build request: No baseUrl defined but provided url is relative : /products/420863,427640,144052,139064,425313,425311,426130,424202,406774,406195,406713,428666,261241 	1626536018045
USER	Users	START	1626536018045
ERROR	Products 3: Failed to build request: No baseUrl defined but provided url is relative : /products/922779,922775,922888,424157,424158,426227,425222,904163,189039,189003,189002,911915,429782 	1626536018046
ERROR	Products 4: Failed to build request: No baseUrl defined but provided url is relative : /products/908188,908473,428189,121030,428857,906201,429164,428856,170195,150086,150087,150030,150044,150055,150032 	1626536018056
ERROR	Products 2: Failed to build request: No baseUrl defined but provided url is relative : /products/261327,238072,425029,428509,425278,424773,427122,427123,429265,429264,423594,425691,922782 	1626536018088
ERROR	Products 1: Failed to build request: No baseUrl defined but provided url is relative : /products/420863,427640,144052,139064,425313,425311,426130,424202,406774,406195,406713,428666,261241 	1626536018088
USER	Users	START	1626536018088
ERROR	Products 4: Failed to build request: No baseUrl defined but provided url is relative : /products/908188,908473,428189,121030,428857,906201,429164,428856,170195,150086,150087,150030,150044,150055,150032 	1626536018094
ERROR	Products 3: Failed to build request: No baseUrl defined but provided url is relative : /products/922779,922775,922888,424157,424158,426227,425222,904163,189039,189003,189002,911915,429782 	1626536018094
ERROR	Products 1: Failed to build request: No baseUrl defined but provided url is relative : /products/420863,427640,144052,139064,425313,425311,426130,424202,406774,406195,406713,428666,261241 	1626536018124
USER	Users	START	1626536018124
ERROR	Products 2: Failed to build request: No baseUrl defined but provided url is relative : /products/261327,238072,425029,428509,425278,424773,427122,427123,429265,429264,423594,425691,922782 	1626536018130
ERROR	Products 4: Failed to build request: No baseUrl defined but provided url is relative : /products/908188,908473,428189,121030,428857,906201,429164,428856,170195,150086,150087,150030,150044,150055,150032 	1626536018135
ERROR	Products 3: Failed to build request: No baseUrl defined but provided url is relative : /products/922779,922775,922888,424157,424158,426227,425222,904163,189039,189003,189002,911915,429782 	1626536018135
ERROR	Products 1: Failed to build request: No baseUrl defined but provided url is relative : /products/420863,427640,144052,139064,425313,425311,426130,424202,406774,406195,406713,428666,261241 	1626536018167
USER	Users	START	1626536018167
ERROR	Products 2: Failed to build request: No baseUrl defined but provided url is relative : /products/261327,238072,425029,428509,425278,424773,427122,427123,429265,429264,423594,425691,922782 	1626536018172
ERROR	Products 3: Failed to build request: No baseUrl defined but provided url is relative : /products/922779,922775,922888,424157,424158,426227,425222,904163,189039,189003,189002,911915,429782 	1626536018173
ERROR	Products 4: Failed to build request: No baseUrl defined but provided url is relative : /products/908188,908473,428189,121030,428857,906201,429164,428856,170195,150086,150087,150030,150044,150055,150032 	1626536018173
ERROR	Products 2: Failed to build request: No baseUrl defined but provided url is relative : /products/261327,238072,425029,428509,425278,424773,427122,427123,429265,429264,423594,425691,922782 	1626536018204
ERROR	Products 1: Failed to build request: No baseUrl defined but provided url is relative : /products/420863,427640,144052,139064,425313,425311,426130,424202,406774,406195,406713,428666,261241 	1626536018205
USER	Users	START	1626536018205
ERROR	Products 3: Failed to build request: No baseUrl defined but provided url is relative : /products/922779,922775,922888,424157,424158,426227,425222,904163,189039,189003,189002,911915,429782 	1626536018212
ERROR	Products 4: Failed to build request: No baseUrl defined but provided url is relative : /products/908188,908473,428189,121030,428857,906201,429164,428856,170195,150086,150087,150030,150044,150055,150032 	1626536018213
ERROR	Products 1: Failed to build request: No baseUrl defined but provided url is relative : /products/420863,427640,144052,139064,425313,425311,426130,424202,406774,406195,406713,428666,261241 	1626536018244
USER	Users	START	1626536018244
ERROR	Products 2: Failed to build request: No baseUrl defined but provided url is relative : /products/261327,238072,425029,428509,425278,424773,427122,427123,429265,429264,423594,425691,922782 	1626536018245
ERROR	Products 3: Failed to build request: No baseUrl defined but provided url is relative : /products/922779,922775,922888,424157,424158,426227,425222,904163,189039,189003,189002,911915,429782 	1626536018255
ERROR	Products 4: Failed to build request: No baseUrl defined but provided url is relative : /products/908188,908473,428189,121030,428857,906201,429164,428856,170195,150086,150087,150030,150044,150055,150032 	1626536018257
ERROR	Products 2: Failed to build request: No baseUrl defined but provided url is relative : /products/261327,238072,425029,428509,425278,424773,427122,427123,429265,429264,423594,425691,922782 	1626536018284
ERROR	Products 1: Failed to build request: No baseUrl defined but provided url is relative : /products/420863,427640,144052,139064,425313,425311,426130,424202,406774,406195,406713,428666,261241 	1626536018285
USER	Users	START	1626536018285
ERROR	Products 3: Failed to build request: No baseUrl defined but provided url is relative : /products/922779,922775,922888,424157,424158,426227,425222,904163,189039,189003,189002,911915,429782 	1626536018292
ERROR	Products 4: Failed to build request: No baseUrl defined but provided url is relative : /products/908188,908473,428189,121030,428857,906201,429164,428856,170195,150086,150087,150030,150044,150055,150032 	1626536018297
ERROR	Products 2: Failed to build request: No baseUrl defined but provided url is relative : /products/261327,238072,425029,428509,425278,424773,427122,427123,429265,429264,423594,425691,922782 	1626536018327
ERROR	Products 1: Failed to build request: No baseUrl defined but provided url is relative : /products/420863,427640,144052,139064,425313,425311,426130,424202,406774,406195,406713,428666,261241 	1626536018328
USER	Users	START	1626536018327
ERROR	Products 4: Failed to build request: No baseUrl defined but provided url is relative : /products/908188,908473,428189,121030,428857,906201,429164,428856,170195,150086,150087,150030,150044,150055,150032 	1626536018333
ERROR	Products 3: Failed to build request: No baseUrl defined but provided url is relative : /products/922779,922775,922888,424157,424158,426227,425222,904163,189039,189003,189002,911915,429782 	1626536018336
ERROR	Products 1: Failed to build request: No baseUrl defined but provided url is relative : /products/420863,427640,144052,139064,425313,425311,426130,424202,406774,406195,406713,428666,261241 	1626536018364
USER	Users	START	1626536018364
ERROR	Products 2: Failed to build request: No baseUrl defined but provided url is relative : /products/261327,238072,425029,428509,425278,424773,427122,427123,429265,429264,423594,425691,922782 	1626536018367
ERROR	Products 3: Failed to build request: No baseUrl defined but provided url is relative : /products/922779,922775,922888,424157,424158,426227,425222,904163,189039,189003,189002,911915,429782 	1626536018375
ERROR	Products 4: Failed to build request: No baseUrl defined but provided url is relative : /products/908188,908473,428189,121030,428857,906201,429164,428856,170195,150086,150087,150030,150044,150055,150032 	1626536018375
ERROR	Products 3: Failed to build request: No baseUrl defined but provided url is relative : /products/922779,922775,922888,424157,424158,426227,425222,904163,189039,189003,189002,911915,429782 	1626536018407
ERROR	Products 1: Failed to build request: No baseUrl defined but provided url is relative : /products/420863,427640,144052,139064,425313,425311,426130,424202,406774,406195,406713,428666,261241 	1626536018408
USER	Users	START	1626536018408
ERROR	Products 2: Failed to build request: No baseUrl defined but provided url is relative : /products/261327,238072,425029,428509,425278,424773,427122,427123,429265,429264,423594,425691,922782 	1626536018408
ERROR	Products 4: Failed to build request: No baseUrl defined but provided url is relative : /products/908188,908473,428189,121030,428857,906201,429164,428856,170195,150086,150087,150030,150044,150055,150032 	1626536018423
ERROR	Products 1: Failed to build request: No baseUrl defined but provided url is relative : /products/420863,427640,144052,139064,425313,425311,426130,424202,406774,406195,406713,428666,261241 	1626536018444
USER	Users	START	1626536018444
ERROR	Products 2: Failed to build request: No baseUrl defined but provided url is relative : /products/261327,238072,425029,428509,425278,424773,427122,427123,429265,429264,423594,425691,922782 	1626536018452
ERROR	Products 3: Failed to build request: No baseUrl defined but provided url is relative : /products/922779,922775,922888,424157,424158,426227,425222,904163,189039,189003,189002,911915,429782 	1626536018456
ERROR	Products 4: Failed to build request: No baseUrl defined but provided url is relative : /products/908188,908473,428189,121030,428857,906201,429164,428856,170195,150086,150087,150030,150044,150055,150032 	1626536018462
ERROR	Products 1: Failed to build request: No baseUrl defined but provided url is relative : /products/420863,427640,144052,139064,425313,425311,426130,424202,406774,406195,406713,428666,261241 	1626536018485
USER	Users	START	1626536018485
ERROR	Products 2: Failed to build request: No baseUrl defined but provided url is relative : /products/261327,238072,425029,428509,425278,424773,427122,427123,429265,429264,423594,425691,922782 	1626536018492
ERROR	Products 3: Failed to build request: No baseUrl defined but provided url is relative : /products/922779,922775,922888,424157,424158,426227,425222,904163,189039,189003,189002,911915,429782 	1626536018495
ERROR	Products 4: Failed to build request: No baseUrl defined but provided url is relative : /products/908188,908473,428189,121030,428857,906201,429164,428856,170195,150086,150087,150030,150044,150055,150032 	1626536018500
ERROR	Products 1: Failed to build request: No baseUrl defined but provided url is relative : /products/420863,427640,144052,139064,425313,425311,426130,424202,406774,406195,406713,428666,261241 	1626536018525
ERROR	Products 2: Failed to build request: No baseUrl defined but provided url is relative : /products/261327,238072,425029,428509,425278,424773,427122,427123,429265,429264,423594,425691,922782 	1626536018525
USER	Users	START	1626536018525
ERROR	Products 3: Failed to build request: No baseUrl defined but provided url is relative : /products/922779,922775,922888,424157,424158,426227,425222,904163,189039,189003,189002,911915,429782 	1626536018538
ERROR	Products 4: Failed to build request: No baseUrl defined but provided url is relative : /products/908188,908473,428189,121030,428857,906201,429164,428856,170195,150086,150087,150030,150044,150055,150032 	1626536018541
ERROR	Products 1: Failed to build request: No baseUrl defined but provided url is relative : /products/420863,427640,144052,139064,425313,425311,426130,424202,406774,406195,406713,428666,261241 	1626536018567
USER	Users	START	1626536018567
ERROR	Products 2: Failed to build request: No baseUrl defined but provided url is relative : /products/261327,238072,425029,428509,425278,424773,427122,427123,429265,429264,423594,425691,922782 	1626536018573
ERROR	Products 3: Failed to build request: No baseUrl defined but provided url is relative : /products/922779,922775,922888,424157,424158,426227,425222,904163,189039,189003,189002,911915,429782 	1626536018573
ERROR	Products 4: Failed to build request: No baseUrl defined but provided url is relative : /products/908188,908473,428189,121030,428857,906201,429164,428856,170195,150086,150087,150030,150044,150055,150032 	1626536018578
ERROR	Products 1: Failed to build request: No baseUrl defined but provided url is relative : /products/420863,427640,144052,139064,425313,425311,426130,424202,406774,406195,406713,428666,261241 	1626536018605
USER	Users	START	1626536018605
ERROR	Products 3: Failed to build request: No baseUrl defined but provided url is relative : /products/922779,922775,922888,424157,424158,426227,425222,904163,189039,189003,189002,911915,429782 	1626536018613
ERROR	Products 2: Failed to build request: No baseUrl defined but provided url is relative : /products/261327,238072,425029,428509,425278,424773,427122,427123,429265,429264,423594,425691,922782 	1626536018613
ERROR	Products 4: Failed to build request: No baseUrl defined but provided url is relative : /products/908188,908473,428189,121030,428857,906201,429164,428856,170195,150086,150087,150030,150044,150055,150032 	1626536018617
ERROR	Products 2: Failed to build request: No baseUrl defined but provided url is relative : /products/261327,238072,425029,428509,425278,424773,427122,427123,429265,429264,423594,425691,922782 	1626536018647
ERROR	Products 1: Failed to build request: No baseUrl defined but provided url is relative : /products/420863,427640,144052,139064,425313,425311,426130,424202,406774,406195,406713,428666,261241 	1626536018647
USER	Users	START	1626536018647
ERROR	Products 3: Failed to build request: No baseUrl defined but provided url is relative : /products/922779,922775,922888,424157,424158,426227,425222,904163,189039,189003,189002,911915,429782 	1626536018654
ERROR	Products 4: Failed to build request: No baseUrl defined but provided url is relative : /products/908188,908473,428189,121030,428857,906201,429164,428856,170195,150086,150087,150030,150044,150055,150032 	1626536018655
ERROR	Products 1: Failed to build request: No baseUrl defined but provided url is relative : /products/420863,427640,144052,139064,425313,425311,426130,424202,406774,406195,406713,428666,261241 	1626536018687
USER	Users	START	1626536018687
ERROR	Products 2: Failed to build request: No baseUrl defined but provided url is relative : /products/261327,238072,425029,428509,425278,424773,427122,427123,429265,429264,423594,425691,922782 	1626536018691
ERROR	Products 3: Failed to build request: No baseUrl defined but provided url is relative : /products/922779,922775,922888,424157,424158,426227,425222,904163,189039,189003,189002,911915,429782 	1626536018693
ERROR	Products 4: Failed to build request: No baseUrl defined but provided url is relative : /products/908188,908473,428189,121030,428857,906201,429164,428856,170195,150086,150087,150030,150044,150055,150032 	1626536018697
ERROR	Products 2: Failed to build request: No baseUrl defined but provided url is relative : /products/261327,238072,425029,428509,425278,424773,427122,427123,429265,429264,423594,425691,922782 	1626536018727
ERROR	Products 1: Failed to build request: No baseUrl defined but provided url is relative : /products/420863,427640,144052,139064,425313,425311,426130,424202,406774,406195,406713,428666,261241 	1626536018727
USER	Users	START	1626536018727
ERROR	Products 3: Failed to build request: No baseUrl defined but provided url is relative : /products/922779,922775,922888,424157,424158,426227,425222,904163,189039,189003,189002,911915,429782 	1626536018734
ERROR	Products 4: Failed to build request: No baseUrl defined but provided url is relative : /products/908188,908473,428189,121030,428857,906201,429164,428856,170195,150086,150087,150030,150044,150055,150032 	1626536018741
ERROR	Products 2: Failed to build request: No baseUrl defined but provided url is relative : /products/261327,238072,425029,428509,425278,424773,427122,427123,429265,429264,423594,425691,922782 	1626536018766
ERROR	Products 1: Failed to build request: No baseUrl defined but provided url is relative : /products/420863,427640,144052,139064,425313,425311,426130,424202,406774,406195,406713,428666,261241 	1626536018766
USER	Users	START	1626536018766
ERROR	Products 3: Failed to build request: No baseUrl defined but provided url is relative : /products/922779,922775,922888,424157,424158,426227,425222,904163,189039,189003,189002,911915,429782 	1626536018767
ERROR	Products 4: Failed to build request: No baseUrl defined but provided url is relative : /products/908188,908473,428189,121030,428857,906201,429164,428856,170195,150086,150087,150030,150044,150055,150032 	1626536018777
ERROR	Products 1: Failed to build request: No baseUrl defined but provided url is relative : /products/420863,427640,144052,139064,425313,425311,426130,424202,406774,406195,406713,428666,261241 	1626536018805
USER	Users	START	1626536018805
ERROR	Products 2: Failed to build request: No baseUrl defined but provided url is relative : /products/261327,238072,425029,428509,425278,424773,427122,427123,429265,429264,423594,425691,922782 	1626536018805
ERROR	Products 3: Failed to build request: No baseUrl defined but provided url is relative : /products/922779,922775,922888,424157,424158,426227,425222,904163,189039,189003,189002,911915,429782 	1626536018806
ERROR	Products 4: Failed to build request: No baseUrl defined but provided url is relative : /products/908188,908473,428189,121030,428857,906201,429164,428856,170195,150086,150087,150030,150044,150055,150032 	1626536018828
ERROR	Products 2: Failed to build request: No baseUrl defined but provided url is relative : /products/261327,238072,425029,428509,425278,424773,427122,427123,429265,429264,423594,425691,922782 	1626536018844
ERROR	Products 1: Failed to build request: No baseUrl defined but provided url is relative : /products/420863,427640,144052,139064,425313,425311,426130,424202,406774,406195,406713,428666,261241 	1626536018845
USER	Users	START	1626536018845
ERROR	Products 3: Failed to build request: No baseUrl defined but provided url is relative : /products/922779,922775,922888,424157,424158,426227,425222,904163,189039,189003,189002,911915,429782 	1626536018853
ERROR	Products 4: Failed to build request: No baseUrl defined but provided url is relative : /products/908188,908473,428189,121030,428857,906201,429164,428856,170195,150086,150087,150030,150044,150055,150032 	1626536018868
ERROR	Products 1: Failed to build request: No baseUrl defined but provided url is relative : /products/420863,427640,144052,139064,425313,425311,426130,424202,406774,406195,406713,428666,261241 	1626536018888
USER	Users	START	1626536018887
ERROR	Products 2: Failed to build request: No baseUrl defined but provided url is relative : /products/261327,238072,425029,428509,425278,424773,427122,427123,429265,429264,423594,425691,922782 	1626536018891
ERROR	Products 3: Failed to build request: No baseUrl defined but provided url is relative : /products/922779,922775,922888,424157,424158,426227,425222,904163,189039,189003,189002,911915,429782 	1626536018892
ERROR	Products 4: Failed to build request: No baseUrl defined but provided url is relative : /products/908188,908473,428189,121030,428857,906201,429164,428856,170195,150086,150087,150030,150044,150055,150032 	1626536018902
ERROR	Products 1: Failed to build request: No baseUrl defined but provided url is relative : /products/420863,427640,144052,139064,425313,425311,426130,424202,406774,406195,406713,428666,261241 	1626536018925
USER	Users	START	1626536018924
ERROR	Products 2: Failed to build request: No baseUrl defined but provided url is relative : /products/261327,238072,425029,428509,425278,424773,427122,427123,429265,429264,423594,425691,922782 	1626536018931
ERROR	Products 3: Failed to build request: No baseUrl defined but provided url is relative : /products/922779,922775,922888,424157,424158,426227,425222,904163,189039,189003,189002,911915,429782 	1626536018934
ERROR	Products 4: Failed to build request: No baseUrl defined but provided url is relative : /products/908188,908473,428189,121030,428857,906201,429164,428856,170195,150086,150087,150030,150044,150055,150032 	1626536018934
ERROR	Products 1: Failed to build request: No baseUrl defined but provided url is relative : /products/420863,427640,144052,139064,425313,425311,426130,424202,406774,406195,406713,428666,261241 	1626536018966
USER	Users	START	1626536018966
ERROR	Products 3: Failed to build request: No baseUrl defined but provided url is relative : /products/922779,922775,922888,424157,424158,426227,425222,904163,189039,189003,189002,911915,429782 	1626536018969
ERROR	Products 2: Failed to build request: No baseUrl defined but provided url is relative : /products/261327,238072,425029,428509,425278,424773,427122,427123,429265,429264,423594,425691,922782 	1626536018971
ERROR	Products 4: Failed to build request: No baseUrl defined but provided url is relative : /products/908188,908473,428189,121030,428857,906201,429164,428856,170195,150086,150087,150030,150044,150055,150032 	1626536018973
ERROR	Products 1: Failed to build request: No baseUrl defined but provided url is relative : /products/420863,427640,144052,139064,425313,425311,426130,424202,406774,406195,406713,428666,261241 	1626536019007
USER	Users	START	1626536019007
ERROR	Products 3: Failed to build request: No baseUrl defined but provided url is relative : /products/922779,922775,922888,424157,424158,426227,425222,904163,189039,189003,189002,911915,429782 	1626536019007
ERROR	Products 2: Failed to build request: No baseUrl defined but provided url is relative : /products/261327,238072,425029,428509,425278,424773,427122,427123,429265,429264,423594,425691,922782 	1626536019007
ERROR	Products 4: Failed to build request: No baseUrl defined but provided url is relative : /products/908188,908473,428189,121030,428857,906201,429164,428856,170195,150086,150087,150030,150044,150055,150032 	1626536019012
ERROR	Products 1: Failed to build request: No baseUrl defined but provided url is relative : /products/420863,427640,144052,139064,425313,425311,426130,424202,406774,406195,406713,428666,261241 	1626536019043
USER	Users	START	1626536019043
ERROR	Products 2: Failed to build request: No baseUrl defined but provided url is relative : /products/261327,238072,425029,428509,425278,424773,427122,427123,429265,429264,423594,425691,922782 	1626536019047
ERROR	Products 3: Failed to build request: No baseUrl defined but provided url is relative : /products/922779,922775,922888,424157,424158,426227,425222,904163,189039,189003,189002,911915,429782 	1626536019047
ERROR	Products 4: Failed to build request: No baseUrl defined but provided url is relative : /products/908188,908473,428189,121030,428857,906201,429164,428856,170195,150086,150087,150030,150044,150055,150032 	1626536019047
ERROR	Products 1: Failed to build request: No baseUrl defined but provided url is relative : /products/420863,427640,144052,139064,425313,425311,426130,424202,406774,406195,406713,428666,261241 	1626536019083
USER	Users	START	1626536019083
ERROR	Products 2: Failed to build request: No baseUrl defined but provided url is relative : /products/261327,238072,425029,428509,425278,424773,427122,427123,429265,429264,423594,425691,922782 	1626536019091
ERROR	Products 3: Failed to build request: No baseUrl defined but provided url is relative : /products/922779,922775,922888,424157,424158,426227,425222,904163,189039,189003,189002,911915,429782 	1626536019091
ERROR	Products 4: Failed to build request: No baseUrl defined but provided url is relative : /products/908188,908473,428189,121030,428857,906201,429164,428856,170195,150086,150087,150030,150044,150055,150032 	1626536019095
ERROR	Products 2: Failed to build request: No baseUrl defined but provided url is relative : /products/261327,238072,425029,428509,425278,424773,427122,427123,429265,429264,423594,425691,922782 	1626536019124
ERROR	Products 1: Failed to build request: No baseUrl defined but provided url is relative : /products/420863,427640,144052,139064,425313,425311,426130,424202,406774,406195,406713,428666,261241 	1626536019125
USER	Users	START	1626536019125
ERROR	Products 3: Failed to build request: No baseUrl defined but provided url is relative : /products/922779,922775,922888,424157,424158,426227,425222,904163,189039,189003,189002,911915,429782 	1626536019132
ERROR	Products 4: Failed to build request: No baseUrl defined but provided url is relative : /products/908188,908473,428189,121030,428857,906201,429164,428856,170195,150086,150087,150030,150044,150055,150032 	1626536019136
ERROR	Products 1: Failed to build request: No baseUrl defined but provided url is relative : /products/420863,427640,144052,139064,425313,425311,426130,424202,406774,406195,406713,428666,261241 	1626536019167
USER	Users	START	1626536019167
ERROR	Products 2: Failed to build request: No baseUrl defined but provided url is relative : /products/261327,238072,425029,428509,425278,424773,427122,427123,429265,429264,423594,425691,922782 	1626536019171
ERROR	Products 3: Failed to build request: No baseUrl defined but provided url is relative : /products/922779,922775,922888,424157,424158,426227,425222,904163,189039,189003,189002,911915,429782 	1626536019173
ERROR	Products 4: Failed to build request: No baseUrl defined but provided url is relative : /products/908188,908473,428189,121030,428857,906201,429164,428856,170195,150086,150087,150030,150044,150055,150032 	1626536019174
ERROR	Products 2: Failed to build request: No baseUrl defined but provided url is relative : /products/261327,238072,425029,428509,425278,424773,427122,427123,429265,429264,423594,425691,922782 	1626536019207
ERROR	Products 3: Failed to build request: No baseUrl defined but provided url is relative : /products/922779,922775,922888,424157,424158,426227,425222,904163,189039,189003,189002,911915,429782 	1626536019207
ERROR	Products 1: Failed to build request: No baseUrl defined but provided url is relative : /products/420863,427640,144052,139064,425313,425311,426130,424202,406774,406195,406713,428666,261241 	1626536019207
USER	Users	START	1626536019207
ERROR	Products 4: Failed to build request: No baseUrl defined but provided url is relative : /products/908188,908473,428189,121030,428857,906201,429164,428856,170195,150086,150087,150030,150044,150055,150032 	1626536019215
ERROR	Products 2: Failed to build request: No baseUrl defined but provided url is relative : /products/261327,238072,425029,428509,425278,424773,427122,427123,429265,429264,423594,425691,922782 	1626536019245
ERROR	Products 1: Failed to build request: No baseUrl defined but provided url is relative : /products/420863,427640,144052,139064,425313,425311,426130,424202,406774,406195,406713,428666,261241 	1626536019245
USER	Users	START	1626536019245
ERROR	Products 3: Failed to build request: No baseUrl defined but provided url is relative : /products/922779,922775,922888,424157,424158,426227,425222,904163,189039,189003,189002,911915,429782 	1626536019250
ERROR	Products 4: Failed to build request: No baseUrl defined but provided url is relative : /products/908188,908473,428189,121030,428857,906201,429164,428856,170195,150086,150087,150030,150044,150055,150032 	1626536019260
ERROR	Products 1: Failed to build request: No baseUrl defined but provided url is relative : /products/420863,427640,144052,139064,425313,425311,426130,424202,406774,406195,406713,428666,261241 	1626536019288
USER	Users	START	1626536019288
ERROR	Products 3: Failed to build request: No baseUrl defined but provided url is relative : /products/922779,922775,922888,424157,424158,426227,425222,904163,189039,189003,189002,911915,429782 	1626536019288
ERROR	Products 2: Failed to build request: No baseUrl defined but provided url is relative : /products/261327,238072,425029,428509,425278,424773,427122,427123,429265,429264,423594,425691,922782 	1626536019288
ERROR	Products 4: Failed to build request: No baseUrl defined but provided url is relative : /products/908188,908473,428189,121030,428857,906201,429164,428856,170195,150086,150087,150030,150044,150055,150032 	1626536019294
ERROR	Products 1: Failed to build request: No baseUrl defined but provided url is relative : /products/420863,427640,144052,139064,425313,425311,426130,424202,406774,406195,406713,428666,261241 	1626536019328
USER	Users	START	1626536019328
ERROR	Products 3: Failed to build request: No baseUrl defined but provided url is relative : /products/922779,922775,922888,424157,424158,426227,425222,904163,189039,189003,189002,911915,429782 	1626536019333
ERROR	Products 2: Failed to build request: No baseUrl defined but provided url is relative : /products/261327,238072,425029,428509,425278,424773,427122,427123,429265,429264,423594,425691,922782 	1626536019333
ERROR	Products 4: Failed to build request: No baseUrl defined but provided url is relative : /products/908188,908473,428189,121030,428857,906201,429164,428856,170195,150086,150087,150030,150044,150055,150032 	1626536019336
ERROR	Products 1: Failed to build request: No baseUrl defined but provided url is relative : /products/420863,427640,144052,139064,425313,425311,426130,424202,406774,406195,406713,428666,261241 	1626536019367
USER	Users	START	1626536019367
ERROR	Products 2: Failed to build request: No baseUrl defined but provided url is relative : /products/261327,238072,425029,428509,425278,424773,427122,427123,429265,429264,423594,425691,922782 	1626536019368
ERROR	Products 3: Failed to build request: No baseUrl defined but provided url is relative : /products/922779,922775,922888,424157,424158,426227,425222,904163,189039,189003,189002,911915,429782 	1626536019372
ERROR	Products 4: Failed to build request: No baseUrl defined but provided url is relative : /products/908188,908473,428189,121030,428857,906201,429164,428856,170195,150086,150087,150030,150044,150055,150032 	1626536019379
ERROR	Products 1: Failed to build request: No baseUrl defined but provided url is relative : /products/420863,427640,144052,139064,425313,425311,426130,424202,406774,406195,406713,428666,261241 	1626536019406
USER	Users	START	1626536019406
ERROR	Products 3: Failed to build request: No baseUrl defined but provided url is relative : /products/922779,922775,922888,424157,424158,426227,425222,904163,189039,189003,189002,911915,429782 	1626536019411
ERROR	Products 2: Failed to build request: No baseUrl defined but provided url is relative : /products/261327,238072,425029,428509,425278,424773,427122,427123,429265,429264,423594,425691,922782 	1626536019411
ERROR	Products 4: Failed to build request: No baseUrl defined but provided url is relative : /products/908188,908473,428189,121030,428857,906201,429164,428856,170195,150086,150087,150030,150044,150055,150032 	1626536019411
ERROR	Products 2: Failed to build request: No baseUrl defined but provided url is relative : /products/261327,238072,425029,428509,425278,424773,427122,427123,429265,429264,423594,425691,922782 	1626536019446
ERROR	Products 1: Failed to build request: No baseUrl defined but provided url is relative : /products/420863,427640,144052,139064,425313,425311,426130,424202,406774,406195,406713,428666,261241 	1626536019446
USER	Users	START	1626536019446
ERROR	Products 3: Failed to build request: No baseUrl defined but provided url is relative : /products/922779,922775,922888,424157,424158,426227,425222,904163,189039,189003,189002,911915,429782 	1626536019454
ERROR	Products 4: Failed to build request: No baseUrl defined but provided url is relative : /products/908188,908473,428189,121030,428857,906201,429164,428856,170195,150086,150087,150030,150044,150055,150032 	1626536019457
ERROR	Products 1: Failed to build request: No baseUrl defined but provided url is relative : /products/420863,427640,144052,139064,425313,425311,426130,424202,406774,406195,406713,428666,261241 	1626536019487
USER	Users	START	1626536019487
ERROR	Products 2: Failed to build request: No baseUrl defined but provided url is relative : /products/261327,238072,425029,428509,425278,424773,427122,427123,429265,429264,423594,425691,922782 	1626536019489
ERROR	Products 3: Failed to build request: No baseUrl defined but provided url is relative : /products/922779,922775,922888,424157,424158,426227,425222,904163,189039,189003,189002,911915,429782 	1626536019495
ERROR	Products 4: Failed to build request: No baseUrl defined but provided url is relative : /products/908188,908473,428189,121030,428857,906201,429164,428856,170195,150086,150087,150030,150044,150055,150032 	1626536019496
ERROR	Products 3: Failed to build request: No baseUrl defined but provided url is relative : /products/922779,922775,922888,424157,424158,426227,425222,904163,189039,189003,189002,911915,429782 	1626536019527
ERROR	Products 2: Failed to build request: No baseUrl defined but provided url is relative : /products/261327,238072,425029,428509,425278,424773,427122,427123,429265,429264,423594,425691,922782 	1626536019527
ERROR	Products 1: Failed to build request: No baseUrl defined but provided url is relative : /products/420863,427640,144052,139064,425313,425311,426130,424202,406774,406195,406713,428666,261241 	1626536019528
USER	Users	START	1626536019528
ERROR	Products 4: Failed to build request: No baseUrl defined but provided url is relative : /products/908188,908473,428189,121030,428857,906201,429164,428856,170195,150086,150087,150030,150044,150055,150032 	1626536019541
ERROR	Products 1: Failed to build request: No baseUrl defined but provided url is relative : /products/420863,427640,144052,139064,425313,425311,426130,424202,406774,406195,406713,428666,261241 	1626536019568
USER	Users	START	1626536019568
ERROR	Products 2: Failed to build request: No baseUrl defined but provided url is relative : /products/261327,238072,425029,428509,425278,424773,427122,427123,429265,429264,423594,425691,922782 	1626536019573
ERROR	Products 4: Failed to build request: No baseUrl defined but provided url is relative : /products/908188,908473,428189,121030,428857,906201,429164,428856,170195,150086,150087,150030,150044,150055,150032 	1626536019578
ERROR	Products 3: Failed to build request: No baseUrl defined but provided url is relative : /products/922779,922775,922888,424157,424158,426227,425222,904163,189039,189003,189002,911915,429782 	1626536019578
ERROR	Products 1: Failed to build request: No baseUrl defined but provided url is relative : /products/420863,427640,144052,139064,425313,425311,426130,424202,406774,406195,406713,428666,261241 	1626536019605
USER	Users	START	1626536019605
ERROR	Products 2: Failed to build request: No baseUrl defined but provided url is relative : /products/261327,238072,425029,428509,425278,424773,427122,427123,429265,429264,423594,425691,922782 	1626536019611
ERROR	Products 4: Failed to build request: No baseUrl defined but provided url is relative : /products/908188,908473,428189,121030,428857,906201,429164,428856,170195,150086,150087,150030,150044,150055,150032 	1626536019616
ERROR	Products 3: Failed to build request: No baseUrl defined but provided url is relative : /products/922779,922775,922888,424157,424158,426227,425222,904163,189039,189003,189002,911915,429782 	1626536019616
ERROR	Products 1: Failed to build request: No baseUrl defined but provided url is relative : /products/420863,427640,144052,139064,425313,425311,426130,424202,406774,406195,406713,428666,261241 	1626536019648
USER	Users	START	1626536019648
ERROR	Products 3: Failed to build request: No baseUrl defined but provided url is relative : /products/922779,922775,922888,424157,424158,426227,425222,904163,189039,189003,189002,911915,429782 	1626536019648
ERROR	Products 2: Failed to build request: No baseUrl defined but provided url is relative : /products/261327,238072,425029,428509,425278,424773,427122,427123,429265,429264,423594,425691,922782 	1626536019650
ERROR	Products 4: Failed to build request: No baseUrl defined but provided url is relative : /products/908188,908473,428189,121030,428857,906201,429164,428856,170195,150086,150087,150030,150044,150055,150032 	1626536019655
ERROR	Products 1: Failed to build request: No baseUrl defined but provided url is relative : /products/420863,427640,144052,139064,425313,425311,426130,424202,406774,406195,406713,428666,261241 	1626536019688
USER	Users	START	1626536019688
ERROR	Products 2: Failed to build request: No baseUrl defined but provided url is relative : /products/261327,238072,425029,428509,425278,424773,427122,427123,429265,429264,423594,425691,922782 	1626536019691
ERROR	Products 4: Failed to build request: No baseUrl defined but provided url is relative : /products/908188,908473,428189,121030,428857,906201,429164,428856,170195,150086,150087,150030,150044,150055,150032 	1626536019694
ERROR	Products 3: Failed to build request: No baseUrl defined but provided url is relative : /products/922779,922775,922888,424157,424158,426227,425222,904163,189039,189003,189002,911915,429782 	1626536019694
REQUEST		MF Products 5	1626536018917	1626536019703	OK	 
ERROR	Products 1: Failed to build request: No baseUrl defined but provided url is relative : /products/420863,427640,144052,139064,425313,425311,426130,424202,406774,406195,406713,428666,261241 	1626536019727
USER	Users	START	1626536019727
ERROR	Products 3: Failed to build request: No baseUrl defined but provided url is relative : /products/922779,922775,922888,424157,424158,426227,425222,904163,189039,189003,189002,911915,429782 	1626536019728
ERROR	Products 2: Failed to build request: No baseUrl defined but provided url is relative : /products/261327,238072,425029,428509,425278,424773,427122,427123,429265,429264,423594,425691,922782 	1626536019728
ERROR	Products 4: Failed to build request: No baseUrl defined but provided url is relative : /products/908188,908473,428189,121030,428857,906201,429164,428856,170195,150086,150087,150030,150044,150055,150032 	1626536019735
REQUEST		MF Products 5	1626536019014	1626536019738	OK	 
ERROR	Products 1: Failed to build request: No baseUrl defined but provided url is relative : /products/420863,427640,144052,139064,425313,425311,426130,424202,406774,406195,406713,428666,261241 	1626536019767
USER	Users	START	1626536019767
ERROR	Products 2: Failed to build request: No baseUrl defined but provided url is relative : /products/261327,238072,425029,428509,425278,424773,427122,427123,429265,429264,423594,425691,922782 	1626536019767
ERROR	Products 3: Failed to build request: No baseUrl defined but provided url is relative : /products/922779,922775,922888,424157,424158,426227,425222,904163,189039,189003,189002,911915,429782 	1626536019767
ERROR	Products 4: Failed to build request: No baseUrl defined but provided url is relative : /products/908188,908473,428189,121030,428857,906201,429164,428856,170195,150086,150087,150030,150044,150055,150032 	1626536019773
ERROR	Products 1: Failed to build request: No baseUrl defined but provided url is relative : /products/420863,427640,144052,139064,425313,425311,426130,424202,406774,406195,406713,428666,261241 	1626536019805
USER	Users	START	1626536019805
ERROR	Products 2: Failed to build request: No baseUrl defined but provided url is relative : /products/261327,238072,425029,428509,425278,424773,427122,427123,429265,429264,423594,425691,922782 	1626536019809
ERROR	Products 4: Failed to build request: No baseUrl defined but provided url is relative : /products/908188,908473,428189,121030,428857,906201,429164,428856,170195,150086,150087,150030,150044,150055,150032 	1626536019811
ERROR	Products 3: Failed to build request: No baseUrl defined but provided url is relative : /products/922779,922775,922888,424157,424158,426227,425222,904163,189039,189003,189002,911915,429782 	1626536019811
REQUEST		MF Products 5	1626536019095	1626536019843	OK	 
ERROR	Products 1: Failed to build request: No baseUrl defined but provided url is relative : /products/420863,427640,144052,139064,425313,425311,426130,424202,406774,406195,406713,428666,261241 	1626536019847
USER	Users	START	1626536019847
ERROR	Products 3: Failed to build request: No baseUrl defined but provided url is relative : /products/922779,922775,922888,424157,424158,426227,425222,904163,189039,189003,189002,911915,429782 	1626536019850
ERROR	Products 2: Failed to build request: No baseUrl defined but provided url is relative : /products/261327,238072,425029,428509,425278,424773,427122,427123,429265,429264,423594,425691,922782 	1626536019850
ERROR	Products 4: Failed to build request: No baseUrl defined but provided url is relative : /products/908188,908473,428189,121030,428857,906201,429164,428856,170195,150086,150087,150030,150044,150055,150032 	1626536019858
REQUEST		MF Products 5	1626536018935	1626536019861	OK	 
ERROR	Products 1: Failed to build request: No baseUrl defined but provided url is relative : /products/420863,427640,144052,139064,425313,425311,426130,424202,406774,406195,406713,428666,261241 	1626536019887
USER	Users	START	1626536019886
ERROR	Products 2: Failed to build request: No baseUrl defined but provided url is relative : /products/261327,238072,425029,428509,425278,424773,427122,427123,429265,429264,423594,425691,922782 	1626536019891
ERROR	Products 4: Failed to build request: No baseUrl defined but provided url is relative : /products/908188,908473,428189,121030,428857,906201,429164,428856,170195,150086,150087,150030,150044,150055,150032 	1626536019895
ERROR	Products 3: Failed to build request: No baseUrl defined but provided url is relative : /products/922779,922775,922888,424157,424158,426227,425222,904163,189039,189003,189002,911915,429782 	1626536019895
ERROR	Products 1: Failed to build request: No baseUrl defined but provided url is relative : /products/420863,427640,144052,139064,425313,425311,426130,424202,406774,406195,406713,428666,261241 	1626536019923
USER	Users	START	1626536019923
ERROR	Products 2: Failed to build request: No baseUrl defined but provided url is relative : /products/261327,238072,425029,428509,425278,424773,427122,427123,429265,429264,423594,425691,922782 	1626536019928
REQUEST		MF Products 5	1626536019175	1626536019930	OK	 
ERROR	Products 3: Failed to build request: No baseUrl defined but provided url is relative : /products/922779,922775,922888,424157,424158,426227,425222,904163,189039,189003,189002,911915,429782 	1626536019936
ERROR	Products 4: Failed to build request: No baseUrl defined but provided url is relative : /products/908188,908473,428189,121030,428857,906201,429164,428856,170195,150086,150087,150030,150044,150055,150032 	1626536019938
ERROR	Products 1: Failed to build request: No baseUrl defined but provided url is relative : /products/420863,427640,144052,139064,425313,425311,426130,424202,406774,406195,406713,428666,261241 	1626536019964
USER	Users	START	1626536019964
ERROR	Products 2: Failed to build request: No baseUrl defined but provided url is relative : /products/261327,238072,425029,428509,425278,424773,427122,427123,429265,429264,423594,425691,922782 	1626536019966
REQUEST		MF Products 5	1626536019057	1626536019968	OK	 
ERROR	Products 4: Failed to build request: No baseUrl defined but provided url is relative : /products/908188,908473,428189,121030,428857,906201,429164,428856,170195,150086,150087,150030,150044,150055,150032 	1626536019973
ERROR	Products 3: Failed to build request: No baseUrl defined but provided url is relative : /products/922779,922775,922888,424157,424158,426227,425222,904163,189039,189003,189002,911915,429782 	1626536019975
REQUEST		MF Products 5	1626536018978	1626536020007	OK	 
REQUEST		MF Products 5	1626536019216	1626536020007	OK	 
ERROR	Products 1: Failed to build request: No baseUrl defined but provided url is relative : /products/420863,427640,144052,139064,425313,425311,426130,424202,406774,406195,406713,428666,261241 	1626536020008
ERROR	Products 4: Failed to build request: No baseUrl defined but provided url is relative : /products/908188,908473,428189,121030,428857,906201,429164,428856,170195,150086,150087,150030,150044,150055,150032 	1626536020008
USER	Users	START	1626536020008
ERROR	Products 3: Failed to build request: No baseUrl defined but provided url is relative : /products/922779,922775,922888,424157,424158,426227,425222,904163,189039,189003,189002,911915,429782 	1626536020009
ERROR	Products 2: Failed to build request: No baseUrl defined but provided url is relative : /products/261327,238072,425029,428509,425278,424773,427122,427123,429265,429264,423594,425691,922782 	1626536020009
ERROR	Products 2: Failed to build request: No baseUrl defined but provided url is relative : /products/261327,238072,425029,428509,425278,424773,427122,427123,429265,429264,423594,425691,922782 	1626536020043
ERROR	Products 1: Failed to build request: No baseUrl defined but provided url is relative : /products/420863,427640,144052,139064,425313,425311,426130,424202,406774,406195,406713,428666,261241 	1626536020044
USER	Users	START	1626536020044
ERROR	Products 4: Failed to build request: No baseUrl defined but provided url is relative : /products/908188,908473,428189,121030,428857,906201,429164,428856,170195,150086,150087,150030,150044,150055,150032 	1626536020050
ERROR	Products 3: Failed to build request: No baseUrl defined but provided url is relative : /products/922779,922775,922888,424157,424158,426227,425222,904163,189039,189003,189002,911915,429782 	1626536020050
REQUEST		MF Products 5	1626536019141	1626536020066	OK	 
ERROR	Products 1: Failed to build request: No baseUrl defined but provided url is relative : /products/420863,427640,144052,139064,425313,425311,426130,424202,406774,406195,406713,428666,261241 	1626536020083
USER	Users	START	1626536020083
ERROR	Products 2: Failed to build request: No baseUrl defined but provided url is relative : /products/261327,238072,425029,428509,425278,424773,427122,427123,429265,429264,423594,425691,922782 	1626536020088
ERROR	Products 3: Failed to build request: No baseUrl defined but provided url is relative : /products/922779,922775,922888,424157,424158,426227,425222,904163,189039,189003,189002,911915,429782 	1626536020093
ERROR	Products 4: Failed to build request: No baseUrl defined but provided url is relative : /products/908188,908473,428189,121030,428857,906201,429164,428856,170195,150086,150087,150030,150044,150055,150032 	1626536020093
REQUEST		MF Products 5	1626536019301	1626536020099	OK	 
ERROR	Products 3: Failed to build request: No baseUrl defined but provided url is relative : /products/922779,922775,922888,424157,424158,426227,425222,904163,189039,189003,189002,911915,429782 	1626536020126
ERROR	Products 2: Failed to build request: No baseUrl defined but provided url is relative : /products/261327,238072,425029,428509,425278,424773,427122,427123,429265,429264,423594,425691,922782 	1626536020126
ERROR	Products 1: Failed to build request: No baseUrl defined but provided url is relative : /products/420863,427640,144052,139064,425313,425311,426130,424202,406774,406195,406713,428666,261241 	1626536020126
USER	Users	START	1626536020126
ERROR	Products 4: Failed to build request: No baseUrl defined but provided url is relative : /products/908188,908473,428189,121030,428857,906201,429164,428856,170195,150086,150087,150030,150044,150055,150032 	1626536020133
REQUEST		MF Products 5	1626536019338	1626536020140	OK	 
ERROR	Products 1: Failed to build request: No baseUrl defined but provided url is relative : /products/420863,427640,144052,139064,425313,425311,426130,424202,406774,406195,406713,428666,261241 	1626536020167
USER	Users	START	1626536020167
ERROR	Products 2: Failed to build request: No baseUrl defined but provided url is relative : /products/261327,238072,425029,428509,425278,424773,427122,427123,429265,429264,423594,425691,922782 	1626536020172
ERROR	Products 4: Failed to build request: No baseUrl defined but provided url is relative : /products/908188,908473,428189,121030,428857,906201,429164,428856,170195,150086,150087,150030,150044,150055,150032 	1626536020175
ERROR	Products 3: Failed to build request: No baseUrl defined but provided url is relative : /products/922779,922775,922888,424157,424158,426227,425222,904163,189039,189003,189002,911915,429782 	1626536020176
ERROR	Products 1: Failed to build request: No baseUrl defined but provided url is relative : /products/420863,427640,144052,139064,425313,425311,426130,424202,406774,406195,406713,428666,261241 	1626536020207
USER	Users	START	1626536020207
ERROR	Products 4: Failed to build request: No baseUrl defined but provided url is relative : /products/908188,908473,428189,121030,428857,906201,429164,428856,170195,150086,150087,150030,150044,150055,150032 	1626536020210
ERROR	Products 3: Failed to build request: No baseUrl defined but provided url is relative : /products/922779,922775,922888,424157,424158,426227,425222,904163,189039,189003,189002,911915,429782 	1626536020209
ERROR	Products 2: Failed to build request: No baseUrl defined but provided url is relative : /products/261327,238072,425029,428509,425278,424773,427122,427123,429265,429264,423594,425691,922782 	1626536020210
ERROR	Products 1: Failed to build request: No baseUrl defined but provided url is relative : /products/420863,427640,144052,139064,425313,425311,426130,424202,406774,406195,406713,428666,261241 	1626536020244
USER	Users	START	1626536020244
REQUEST		MF Products 5	1626536019379	1626536020246	OK	 
ERROR	Products 3: Failed to build request: No baseUrl defined but provided url is relative : /products/922779,922775,922888,424157,424158,426227,425222,904163,189039,189003,189002,911915,429782 	1626536020250
ERROR	Products 2: Failed to build request: No baseUrl defined but provided url is relative : /products/261327,238072,425029,428509,425278,424773,427122,427123,429265,429264,423594,425691,922782 	1626536020250
ERROR	Products 4: Failed to build request: No baseUrl defined but provided url is relative : /products/908188,908473,428189,121030,428857,906201,429164,428856,170195,150086,150087,150030,150044,150055,150032 	1626536020252
REQUEST		MF Products 5	1626536019506	1626536020259	OK	 
REQUEST		MF Products 5	1626536019261	1626536020276	OK	 
REQUEST		MF Products 5	1626536019426	1626536020283	OK	 
ERROR	Products 1: Failed to build request: No baseUrl defined but provided url is relative : /products/420863,427640,144052,139064,425313,425311,426130,424202,406774,406195,406713,428666,261241 	1626536020284
USER	Users	START	1626536020284
ERROR	Products 2: Failed to build request: No baseUrl defined but provided url is relative : /products/261327,238072,425029,428509,425278,424773,427122,427123,429265,429264,423594,425691,922782 	1626536020291
ERROR	Products 4: Failed to build request: No baseUrl defined but provided url is relative : /products/908188,908473,428189,121030,428857,906201,429164,428856,170195,150086,150087,150030,150044,150055,150032 	1626536020291
ERROR	Products 3: Failed to build request: No baseUrl defined but provided url is relative : /products/922779,922775,922888,424157,424158,426227,425222,904163,189039,189003,189002,911915,429782 	1626536020291
REQUEST		MF Products 5	1626536019463	1626536020304	OK	 
ERROR	Products 2: Failed to build request: No baseUrl defined but provided url is relative : /products/261327,238072,425029,428509,425278,424773,427122,427123,429265,429264,423594,425691,922782 	1626536020328
ERROR	Products 1: Failed to build request: No baseUrl defined but provided url is relative : /products/420863,427640,144052,139064,425313,425311,426130,424202,406774,406195,406713,428666,261241 	1626536020329
USER	Users	START	1626536020328
ERROR	Products 3: Failed to build request: No baseUrl defined but provided url is relative : /products/922779,922775,922888,424157,424158,426227,425222,904163,189039,189003,189002,911915,429782 	1626536020337
ERROR	Products 4: Failed to build request: No baseUrl defined but provided url is relative : /products/908188,908473,428189,121030,428857,906201,429164,428856,170195,150086,150087,150030,150044,150055,150032 	1626536020339
REQUEST		MF Products 5	1626536019583	1626536020342	OK	 
ERROR	Products 1: Failed to build request: No baseUrl defined but provided url is relative : /products/420863,427640,144052,139064,425313,425311,426130,424202,406774,406195,406713,428666,261241 	1626536020365
USER	Users	START	1626536020365
ERROR	Products 2: Failed to build request: No baseUrl defined but provided url is relative : /products/261327,238072,425029,428509,425278,424773,427122,427123,429265,429264,423594,425691,922782 	1626536020368
ERROR	Products 3: Failed to build request: No baseUrl defined but provided url is relative : /products/922779,922775,922888,424157,424158,426227,425222,904163,189039,189003,189002,911915,429782 	1626536020372
ERROR	Products 4: Failed to build request: No baseUrl defined but provided url is relative : /products/908188,908473,428189,121030,428857,906201,429164,428856,170195,150086,150087,150030,150044,150055,150032 	1626536020372
ERROR	Products 1: Failed to build request: No baseUrl defined but provided url is relative : /products/420863,427640,144052,139064,425313,425311,426130,424202,406774,406195,406713,428666,261241 	1626536020406
USER	Users	START	1626536020406
ERROR	Products 2: Failed to build request: No baseUrl defined but provided url is relative : /products/261327,238072,425029,428509,425278,424773,427122,427123,429265,429264,423594,425691,922782 	1626536020407
ERROR	Products 3: Failed to build request: No baseUrl defined but provided url is relative : /products/922779,922775,922888,424157,424158,426227,425222,904163,189039,189003,189002,911915,429782 	1626536020415
ERROR	Products 4: Failed to build request: No baseUrl defined but provided url is relative : /products/908188,908473,428189,121030,428857,906201,429164,428856,170195,150086,150087,150030,150044,150055,150032 	1626536020416
ERROR	Products 1: Failed to build request: No baseUrl defined but provided url is relative : /products/420863,427640,144052,139064,425313,425311,426130,424202,406774,406195,406713,428666,261241 	1626536020444
USER	Users	START	1626536020444
ERROR	Products 3: Failed to build request: No baseUrl defined but provided url is relative : /products/922779,922775,922888,424157,424158,426227,425222,904163,189039,189003,189002,911915,429782 	1626536020448
ERROR	Products 2: Failed to build request: No baseUrl defined but provided url is relative : /products/261327,238072,425029,428509,425278,424773,427122,427123,429265,429264,423594,425691,922782 	1626536020450
ERROR	Products 4: Failed to build request: No baseUrl defined but provided url is relative : /products/908188,908473,428189,121030,428857,906201,429164,428856,170195,150086,150087,150030,150044,150055,150032 	1626536020455
ERROR	Products 1: Failed to build request: No baseUrl defined but provided url is relative : /products/420863,427640,144052,139064,425313,425311,426130,424202,406774,406195,406713,428666,261241 	1626536020484
USER	Users	START	1626536020484
ERROR	Products 3: Failed to build request: No baseUrl defined but provided url is relative : /products/922779,922775,922888,424157,424158,426227,425222,904163,189039,189003,189002,911915,429782 	1626536020489
ERROR	Products 2: Failed to build request: No baseUrl defined but provided url is relative : /products/261327,238072,425029,428509,425278,424773,427122,427123,429265,429264,423594,425691,922782 	1626536020491
REQUEST		MF Products 5	1626536019623	1626536020493	OK	 
ERROR	Products 4: Failed to build request: No baseUrl defined but provided url is relative : /products/908188,908473,428189,121030,428857,906201,429164,428856,170195,150086,150087,150030,150044,150055,150032 	1626536020498
REQUEST		MF Products 5	1626536019657	1626536020520	OK	 
ERROR	Products 1: Failed to build request: No baseUrl defined but provided url is relative : /products/420863,427640,144052,139064,425313,425311,426130,424202,406774,406195,406713,428666,261241 	1626536020524
USER	Users	START	1626536020524
ERROR	Products 3: Failed to build request: No baseUrl defined but provided url is relative : /products/922779,922775,922888,424157,424158,426227,425222,904163,189039,189003,189002,911915,429782 	1626536020529
ERROR	Products 2: Failed to build request: No baseUrl defined but provided url is relative : /products/261327,238072,425029,428509,425278,424773,427122,427123,429265,429264,423594,425691,922782 	1626536020529
ERROR	Products 4: Failed to build request: No baseUrl defined but provided url is relative : /products/908188,908473,428189,121030,428857,906201,429164,428856,170195,150086,150087,150030,150044,150055,150032 	1626536020529
REQUEST		MF Products 5	1626536019544	1626536020535	OK	 
REQUEST		MF Products 5	1626536019698	1626536020547	OK	 
ERROR	Products 1: Failed to build request: No baseUrl defined but provided url is relative : /products/420863,427640,144052,139064,425313,425311,426130,424202,406774,406195,406713,428666,261241 	1626536020566
USER	Users	START	1626536020566
ERROR	Products 2: Failed to build request: No baseUrl defined but provided url is relative : /products/261327,238072,425029,428509,425278,424773,427122,427123,429265,429264,423594,425691,922782 	1626536020572
ERROR	Products 3: Failed to build request: No baseUrl defined but provided url is relative : /products/922779,922775,922888,424157,424158,426227,425222,904163,189039,189003,189002,911915,429782 	1626536020574
ERROR	Products 4: Failed to build request: No baseUrl defined but provided url is relative : /products/908188,908473,428189,121030,428857,906201,429164,428856,170195,150086,150087,150030,150044,150055,150032 	1626536020582
ERROR	Products 1: Failed to build request: No baseUrl defined but provided url is relative : /products/420863,427640,144052,139064,425313,425311,426130,424202,406774,406195,406713,428666,261241 	1626536020605
USER	Users	START	1626536020605
ERROR	Products 2: Failed to build request: No baseUrl defined but provided url is relative : /products/261327,238072,425029,428509,425278,424773,427122,427123,429265,429264,423594,425691,922782 	1626536020606
ERROR	Products 3: Failed to build request: No baseUrl defined but provided url is relative : /products/922779,922775,922888,424157,424158,426227,425222,904163,189039,189003,189002,911915,429782 	1626536020616
ERROR	Products 4: Failed to build request: No baseUrl defined but provided url is relative : /products/908188,908473,428189,121030,428857,906201,429164,428856,170195,150086,150087,150030,150044,150055,150032 	1626536020622
REQUEST		MF Products 5	1626536019744	1626536020642	OK	 
ERROR	Products 1: Failed to build request: No baseUrl defined but provided url is relative : /products/420863,427640,144052,139064,425313,425311,426130,424202,406774,406195,406713,428666,261241 	1626536020647
USER	Users	START	1626536020647
ERROR	Products 4: Failed to build request: No baseUrl defined but provided url is relative : /products/908188,908473,428189,121030,428857,906201,429164,428856,170195,150086,150087,150030,150044,150055,150032 	1626536020651
ERROR	Products 3: Failed to build request: No baseUrl defined but provided url is relative : /products/922779,922775,922888,424157,424158,426227,425222,904163,189039,189003,189002,911915,429782 	1626536020651
ERROR	Products 2: Failed to build request: No baseUrl defined but provided url is relative : /products/261327,238072,425029,428509,425278,424773,427122,427123,429265,429264,423594,425691,922782 	1626536020651
REQUEST		MF Products 5	1626536019903	1626536020651	OK	 
ERROR	Products 1: Failed to build request: No baseUrl defined but provided url is relative : /products/420863,427640,144052,139064,425313,425311,426130,424202,406774,406195,406713,428666,261241 	1626536020689
USER	Users	START	1626536020689
ERROR	Products 2: Failed to build request: No baseUrl defined but provided url is relative : /products/261327,238072,425029,428509,425278,424773,427122,427123,429265,429264,423594,425691,922782 	1626536020691
ERROR	Products 3: Failed to build request: No baseUrl defined but provided url is relative : /products/922779,922775,922888,424157,424158,426227,425222,904163,189039,189003,189002,911915,429782 	1626536020695
ERROR	Products 4: Failed to build request: No baseUrl defined but provided url is relative : /products/908188,908473,428189,121030,428857,906201,429164,428856,170195,150086,150087,150030,150044,150055,150032 	1626536020696
REQUEST		MF Products 5	1626536019938	1626536020718	OK	 
REQUEST		MF Products 5	1626536019833	1626536020719	OK	 
ERROR	Products 1: Failed to build request: No baseUrl defined but provided url is relative : /products/420863,427640,144052,139064,425313,425311,426130,424202,406774,406195,406713,428666,261241 	1626536020725
USER	Users	START	1626536020725
REQUEST		MF Products 5	1626536019873	1626536020726	OK	 
ERROR	